11/27/2025 06:00 // INFO // [INITIALIZATION] // Beginning initialization...
11/27/2025 06:00 // INFO // [INITIALIZATION] // Johnson's Rule solver added!
11/27/2025 06:00 // INFO // [INITIALIZATION] // List Scheduling solver added!
11/27/2025 06:00 // INFO // [INITIALIZATION] // Solver menu successfully built!
11/27/2025 06:00 // INFO // [CONSTRAINT] // Saving and closing are disabled for as long as there are no files opened.
11/27/2025 06:00 // INFO // [INITIALIZATION] // Initialization complete!
11/27/2025 06:00 // WARNING // [S_GRAPH] // User tried to draw a graph with no BatchML file loaded!
11/27/2025 06:00 // INFO // [S_GRAPH] // Node J1_M1 at 100;50
11/27/2025 06:00 // INFO // [S_GRAPH] // Node J1_M2 at 400;50
11/27/2025 06:00 // INFO // [S_GRAPH] // Node P1 at 700;50
11/27/2025 06:00 // INFO // [S_GRAPH] // Node J2_M1 at 100;200
11/27/2025 06:00 // INFO // [S_GRAPH] // Node J2_M2 at 400;200
11/27/2025 06:00 // INFO // [S_GRAPH] // Node P2 at 700;200
11/27/2025 06:00 // INFO // [S_GRAPH] // Node J3_M1 at 100;350
11/27/2025 06:00 // INFO // [S_GRAPH] // Node J3_M2 at 400;350
11/27/2025 06:00 // INFO // [S_GRAPH] // Node P3 at 700;350
11/27/2025 06:00 // INFO // [S_GRAPH] // Curve value of edge (J1_M1 to J1_M2) set to 25,00
11/27/2025 06:00 // INFO // [S_GRAPH] // Edge drawn from (170,0;85,0) to (400,0;85,0)!
11/27/2025 06:00 // INFO // [S_GRAPH] // Weight 20 drawn at (285;97,5)!
11/27/2025 06:00 // INFO // [S_GRAPH] // Edge from J1_M1 to J1_M2 with cost 0 drawn.
11/27/2025 06:00 // INFO // [S_GRAPH] // Edge drawn from (470,0;85,0) to (700,0;85,0)!
11/27/2025 06:00 // INFO // [S_GRAPH] // Weight 26 drawn at (585;85)!
11/27/2025 06:00 // INFO // [S_GRAPH] // Edge from J1_M2 to P1 with cost 0 drawn.
11/27/2025 06:00 // INFO // [S_GRAPH] // Curve value of edge (J2_M1 to J2_M2) set to 25,00
11/27/2025 06:00 // INFO // [S_GRAPH] // Edge drawn from (170,0;235,0) to (400,0;235,0)!
11/27/2025 06:00 // INFO // [S_GRAPH] // Weight 36 drawn at (285;247,5)!
11/27/2025 06:00 // INFO // [S_GRAPH] // Edge from J2_M1 to J2_M2 with cost 0 drawn.
11/27/2025 06:00 // INFO // [S_GRAPH] // Edge drawn from (470,0;235,0) to (700,0;235,0)!
11/27/2025 06:00 // INFO // [S_GRAPH] // Weight 19 drawn at (585;235)!
11/27/2025 06:00 // INFO // [S_GRAPH] // Edge from J2_M2 to P2 with cost 0 drawn.
11/27/2025 06:00 // INFO // [S_GRAPH] // Curve value of edge (J3_M1 to J3_M2) set to 25,00
11/27/2025 06:00 // INFO // [S_GRAPH] // Edge drawn from (170,0;385,0) to (400,0;385,0)!
11/27/2025 06:00 // INFO // [S_GRAPH] // Weight 34 drawn at (285;397,5)!
11/27/2025 06:00 // INFO // [S_GRAPH] // Edge from J3_M1 to J3_M2 with cost 0 drawn.
11/27/2025 06:00 // INFO // [S_GRAPH] // Edge drawn from (470,0;385,0) to (700,0;385,0)!
11/27/2025 06:00 // INFO // [S_GRAPH] // Weight 8 drawn at (585;385)!
11/27/2025 06:00 // INFO // [S_GRAPH] // Edge from J3_M2 to P3 with cost 0 drawn.
11/27/2025 06:00 // INFO // [S_GRAPH] // Canvas resized to 820x470!
11/27/2025 06:00 // INFO // [CONSTRAINT] // Saving and closing are disabled for as long as there are no files opened.
11/27/2025 06:00 // INFO // [INITIALIZATION] // Johnson's Rule solver enabled!
11/27/2025 06:00 // INFO // [INITIALIZATION] // List Scheduling solver enabled!
11/27/2025 06:00 // INFO // [INITIALIZATION] //  solver enabled!
11/27/2025 06:00 // INFO // [CONSTRAINT] // Saving and closing are disabled for as long as there are no files opened.
11/27/2025 06:00 // INFO // [INTEG_SOLVER] // Johnson's Rule solver selected!
11/27/2025 06:00 // INFO // [INTEG_SOLVER] // Starting Johnson's Rule solver...
11/27/2025 06:00 // INFO // [Johnson's Rule Optimizer] // Job J1 assigned to S1 (TimeM1: 20, TimeM2: 26).
11/27/2025 06:00 // INFO // [Johnson's Rule Optimizer] // Job J2 assigned to S2 (TimeM1: 36, TimeM2: 19).
11/27/2025 06:00 // INFO // [Johnson's Rule Optimizer] // Job J3 assigned to S2 (TimeM1: 34, TimeM2: 8).
11/27/2025 06:00 // INFO // [Johnson's Rule Optimizer] // S1 sorted in ascending order of TimeM1 and S2 sorted in descending order of TimeM2.
11/27/2025 06:00 // INFO // [Johnson's Rule Optimizer] // Optimized job sequence: System.Collections.Generic.List`1[System.String]
11/27/2025 06:00 // INFO // [Johnson's Rule Optimizer] // Cleared all existing S-Graph edges for sequence rebuild.
11/27/2025 06:00 // INFO // [Johnson's Rule Optimizer] // Added technological edge from J1_M1 to J1_M2 with cost 20.
11/27/2025 06:00 // INFO // [Johnson's Rule Optimizer] // Added technological edge from J2_M1 to J2_M2 with cost 36.
11/27/2025 06:00 // INFO // [Johnson's Rule Optimizer] // Added technological edge from J3_M1 to J3_M2 with cost 34.
11/27/2025 06:00 // INFO // [Johnson's Rule Optimizer] // Added zero-cost sequential edge from J1_M1 to J2_M1.
11/27/2025 06:00 // INFO // [Johnson's Rule Optimizer] // Added zero-cost sequential edge from J1_M2 to J2_M2.
11/27/2025 06:00 // INFO // [Johnson's Rule Optimizer] // Added zero-cost sequential edge from J2_M1 to J3_M1.
11/27/2025 06:00 // INFO // [Johnson's Rule Optimizer] // Added zero-cost sequential edge from J2_M2 to J3_M2.
11/27/2025 06:00 // INFO // [Johnson's Rule Optimizer] // Added terminating edge from J1_M2 to P1.
11/27/2025 06:00 // INFO // [Johnson's Rule Optimizer] // Added terminating edge from J2_M2 to P2.
11/27/2025 06:00 // INFO // [Johnson's Rule Optimizer] // Added terminating edge from J3_M2 to P3.
11/27/2025 06:00 // INFO // [Johnson's Rule Optimizer] // Graph rebuilt with necessary technological constraints (cost = duration) and zero-cost sequential constraints.
11/27/2025 06:00 // INFO // [Johnson's Rule Optimizer] // Starting topological sort using Kahn's algorithm.
11/27/2025 06:00 // INFO // [Johnson's Rule Optimizer] // Node J1_M1 added to topological order.
11/27/2025 06:00 // INFO // [Johnson's Rule Optimizer] // Decreased in-degree of J1_M2 to 0.
11/27/2025 06:00 // INFO // [Johnson's Rule Optimizer] // Decreased in-degree of J2_M1 to 0.
11/27/2025 06:00 // INFO // [Johnson's Rule Optimizer] // Node J1_M2 added to topological order.
11/27/2025 06:00 // INFO // [Johnson's Rule Optimizer] // Decreased in-degree of J2_M2 to 1.
11/27/2025 06:00 // INFO // [Johnson's Rule Optimizer] // Decreased in-degree of P1 to 0.
11/27/2025 06:00 // INFO // [Johnson's Rule Optimizer] // Node J2_M1 added to topological order.
11/27/2025 06:00 // INFO // [Johnson's Rule Optimizer] // Decreased in-degree of J2_M2 to 0.
11/27/2025 06:00 // INFO // [Johnson's Rule Optimizer] // Decreased in-degree of J3_M1 to 0.
11/27/2025 06:00 // INFO // [Johnson's Rule Optimizer] // Node P1 added to topological order.
11/27/2025 06:00 // INFO // [Johnson's Rule Optimizer] // Node J2_M2 added to topological order.
11/27/2025 06:00 // INFO // [Johnson's Rule Optimizer] // Decreased in-degree of J3_M2 to 1.
11/27/2025 06:00 // INFO // [Johnson's Rule Optimizer] // Decreased in-degree of P2 to 0.
11/27/2025 06:00 // INFO // [Johnson's Rule Optimizer] // Node J3_M1 added to topological order.
11/27/2025 06:00 // INFO // [Johnson's Rule Optimizer] // Decreased in-degree of J3_M2 to 0.
11/27/2025 06:00 // INFO // [Johnson's Rule Optimizer] // Node P2 added to topological order.
11/27/2025 06:00 // INFO // [Johnson's Rule Optimizer] // Node J3_M2 added to topological order.
11/27/2025 06:00 // INFO // [Johnson's Rule Optimizer] // Decreased in-degree of P3 to 0.
11/27/2025 06:00 // INFO // [Johnson's Rule Optimizer] // Node P3 added to topological order.
11/27/2025 06:00 // INFO // [Johnson's Rule Optimizer] // Topological sort completed successfully.
11/27/2025 06:00 // INFO // [GANTT] // Node J1_M1 EST is 0 (no predecessors).
11/27/2025 06:00 // INFO // [GANTT] // Node J1_M2 EST is determined by J1_M1 (EST: 20,00).
11/27/2025 06:00 // INFO // [GANTT] // Node J2_M1 EST is determined by J1_M1 (EST: 20,00).
11/27/2025 06:00 // INFO // [GANTT] // Node J2_M2 EST is determined by J2_M1 (EST: 56,00).
11/27/2025 06:00 // INFO // [GANTT] // Node J3_M1 EST is determined by J2_M1 (EST: 56,00).
11/27/2025 06:00 // INFO // [GANTT] // Node J3_M2 EST is determined by J3_M1 (EST: 90,00).
11/27/2025 06:00 // INFO // [GANTT] // Gantt chart built with 6 items from path with 9 nodes.
11/27/2025 06:00 // INFO // [GANTT] // Gantt data built with 6 items from optimized path using Johnson's Rule!
11/27/2025 06:00 // INFO // [GANTT] // Canvases are ready to be used!
11/27/2025 06:00 // INFO // [GANTT] // Ruler drawn: 99 ticks and 50 labels.
11/27/2025 06:00 // INFO // [GANTT] // Gantt chart rendered with 6 items on canvas.
11/27/2025 06:00 // INFO // [GANTT] // Canvas resized to 1080x110 to fit all Gantt items.
11/27/2025 06:00 // INFO // [GANTT] // Johnson's Rule schedule rendered successfully!
11/27/2025 06:00 // INFO // [CONSTRAINT] // Saving and closing are disabled for as long as there are no files opened.
11/27/2025 06:00 // INFO // [S_GRAPH] // Node J1_M1 at 100;50
11/27/2025 06:00 // INFO // [S_GRAPH] // Node J1_M2 at 400;50
11/27/2025 06:00 // INFO // [S_GRAPH] // Node P1 at 700;50
11/27/2025 06:00 // INFO // [S_GRAPH] // Node J2_M1 at 100;200
11/27/2025 06:00 // INFO // [S_GRAPH] // Node J2_M2 at 400;200
11/27/2025 06:00 // INFO // [S_GRAPH] // Node P2 at 700;200
11/27/2025 06:00 // INFO // [S_GRAPH] // Node J3_M1 at 100;350
11/27/2025 06:00 // INFO // [S_GRAPH] // Node J3_M2 at 400;350
11/27/2025 06:00 // INFO // [S_GRAPH] // Node P3 at 700;350
11/27/2025 06:00 // INFO // [S_GRAPH] // Curve value of edge (J1_M1 to J1_M2) set to 25,00
11/27/2025 06:00 // INFO // [S_GRAPH] // Edge drawn from (170,0;85,0) to (400,0;85,0)!
11/27/2025 06:00 // INFO // [S_GRAPH] // Weight 20 drawn at (285;97,5)!
11/27/2025 06:00 // INFO // [S_GRAPH] // Edge from J1_M1 to J1_M2 with cost 0 drawn.
11/27/2025 06:00 // INFO // [S_GRAPH] // Curve value of edge (J2_M1 to J2_M2) set to 25,00
11/27/2025 06:00 // INFO // [S_GRAPH] // Edge drawn from (170,0;235,0) to (400,0;235,0)!
11/27/2025 06:00 // INFO // [S_GRAPH] // Weight 36 drawn at (285;247,5)!
11/27/2025 06:00 // INFO // [S_GRAPH] // Edge from J2_M1 to J2_M2 with cost 0 drawn.
11/27/2025 06:00 // INFO // [S_GRAPH] // Curve value of edge (J3_M1 to J3_M2) set to 25,00
11/27/2025 06:00 // INFO // [S_GRAPH] // Edge drawn from (170,0;385,0) to (400,0;385,0)!
11/27/2025 06:00 // INFO // [S_GRAPH] // Weight 34 drawn at (285;397,5)!
11/27/2025 06:00 // INFO // [S_GRAPH] // Edge from J3_M1 to J3_M2 with cost 0 drawn.
11/27/2025 06:00 // INFO // [S_GRAPH] // Curve value of edge (J1_M1 to J2_M1) set to -25,00
11/27/2025 06:00 // INFO // [S_GRAPH] // Edge drawn from (135,0;120,0) to (135,0;200,0)!
11/27/2025 06:00 // INFO // [S_GRAPH] // Weight 20 drawn at (147,5;160)!
11/27/2025 06:00 // INFO // [S_GRAPH] // Edge from J1_M1 to J2_M1 with cost 0 drawn.
11/27/2025 06:00 // INFO // [S_GRAPH] // Curve value of edge (J1_M2 to J2_M2) set to -25,00
11/27/2025 06:00 // INFO // [S_GRAPH] // Edge drawn from (435,0;120,0) to (435,0;200,0)!
11/27/2025 06:00 // INFO // [S_GRAPH] // Weight 26 drawn at (447,5;160)!
11/27/2025 06:00 // INFO // [S_GRAPH] // Edge from J1_M2 to J2_M2 with cost 0 drawn.
11/27/2025 06:00 // INFO // [S_GRAPH] // Curve value of edge (J2_M1 to J3_M1) set to -25,00
11/27/2025 06:00 // INFO // [S_GRAPH] // Edge drawn from (135,0;270,0) to (135,0;350,0)!
11/27/2025 06:00 // INFO // [S_GRAPH] // Weight 36 drawn at (147,5;310)!
11/27/2025 06:00 // INFO // [S_GRAPH] // Edge from J2_M1 to J3_M1 with cost 0 drawn.
11/27/2025 06:00 // INFO // [S_GRAPH] // Curve value of edge (J2_M2 to J3_M2) set to -25,00
11/27/2025 06:00 // INFO // [S_GRAPH] // Edge drawn from (435,0;270,0) to (435,0;350,0)!
11/27/2025 06:00 // INFO // [S_GRAPH] // Weight 19 drawn at (447,5;310)!
11/27/2025 06:00 // INFO // [S_GRAPH] // Edge from J2_M2 to J3_M2 with cost 0 drawn.
11/27/2025 06:00 // INFO // [S_GRAPH] // Edge drawn from (470,0;85,0) to (700,0;85,0)!
11/27/2025 06:00 // INFO // [S_GRAPH] // Weight 26 drawn at (585;85)!
11/27/2025 06:00 // INFO // [S_GRAPH] // Edge from J1_M2 to P1 with cost 0 drawn.
11/27/2025 06:00 // INFO // [S_GRAPH] // Edge drawn from (470,0;235,0) to (700,0;235,0)!
11/27/2025 06:00 // INFO // [S_GRAPH] // Weight 19 drawn at (585;235)!
11/27/2025 06:00 // INFO // [S_GRAPH] // Edge from J2_M2 to P2 with cost 0 drawn.
11/27/2025 06:00 // INFO // [S_GRAPH] // Edge drawn from (470,0;385,0) to (700,0;385,0)!
11/27/2025 06:00 // INFO // [S_GRAPH] // Weight 8 drawn at (585;385)!
11/27/2025 06:00 // INFO // [S_GRAPH] // Edge from J3_M2 to P3 with cost 0 drawn.
11/27/2025 06:00 // INFO // [S_GRAPH] // Canvas resized to 820x470!
11/27/2025 06:00 // INFO // [GANTT] // Gantt chart rendered with 6 items on canvas.
11/27/2025 06:00 // INFO // [GANTT] // Canvas resized to 1082,7512124935502x110 to fit all Gantt items.
11/27/2025 06:00 // INFO // [GANTT] // Canvases are ready to be used!
11/27/2025 06:00 // INFO // [GANTT] // Ruler drawn: 99 ticks and 50 labels.
11/27/2025 06:00 // INFO // [MODIFY] // Zoom level changed to 0,004044489383215369, scale set to 10,028073596872959!
11/27/2025 06:00 // INFO // [GANTT] // Gantt chart rendered with 6 items on canvas.
11/27/2025 06:00 // INFO // [GANTT] // Canvas resized to 1085,5101486301457x110 to fit all Gantt items.
11/27/2025 06:00 // INFO // [GANTT] // Canvases are ready to be used!
11/27/2025 06:00 // INFO // [GANTT] // Ruler drawn: 99 ticks and 50 labels.
11/27/2025 06:00 // INFO // [MODIFY] // Zoom level changed to 0,008088978766430738, scale set to 10,056226006430059!
11/27/2025 06:00 // INFO // [GANTT] // Gantt chart rendered with 6 items on canvas.
11/27/2025 06:00 // INFO // [GANTT] // Canvas resized to 1091,0512786255226x110 to fit all Gantt items.
11/27/2025 06:00 // INFO // [GANTT] // Canvases are ready to be used!
11/27/2025 06:00 // INFO // [GANTT] // Ruler drawn: 99 ticks and 50 labels.
11/27/2025 06:00 // INFO // [MODIFY] // Zoom level changed to 0,016177957532861477, scale set to 10,112768149240026!
11/27/2025 06:00 // INFO // [GANTT] // Gantt chart rendered with 6 items on canvas.
11/27/2025 06:00 // INFO // [GANTT] // Canvas resized to 1099,421444999468x110 to fit all Gantt items.
11/27/2025 06:00 // INFO // [GANTT] // Canvases are ready to be used!
11/27/2025 06:00 // INFO // [GANTT] // Ruler drawn: 99 ticks and 50 labels.
11/27/2025 06:00 // INFO // [MODIFY] // Zoom level changed to 0,028311425682507586, scale set to 10,198178010198653!
11/27/2025 06:00 // INFO // [GANTT] // Gantt chart rendered with 6 items on canvas.
11/27/2025 06:00 // INFO // [GANTT] // Canvas resized to 1102,2271804747786x110 to fit all Gantt items.
11/27/2025 06:00 // INFO // [GANTT] // Canvases are ready to be used!
11/27/2025 06:00 // INFO // [GANTT] // Ruler drawn: 99 ticks and 50 labels.
11/27/2025 06:00 // INFO // [MODIFY] // Zoom level changed to 0,032355915065722954, scale set to 10,226807964028353!
11/27/2025 06:00 // INFO // [GANTT] // Gantt chart rendered with 6 items on canvas.
11/27/2025 06:00 // INFO // [GANTT] // Canvas resized to 1107,8623036641538x110 to fit all Gantt items.
11/27/2025 06:00 // INFO // [GANTT] // Canvases are ready to be used!
11/27/2025 06:00 // INFO // [GANTT] // Ruler drawn: 99 ticks and 50 labels.
11/27/2025 06:00 // INFO // [MODIFY] // Zoom level changed to 0,04044489383215369, scale set to 10,284309221062795!
11/27/2025 06:00 // INFO // [GANTT] // Gantt chart rendered with 6 items on canvas.
11/27/2025 06:00 // INFO // [GANTT] // Canvas resized to 1110,691735665806x110 to fit all Gantt items.
11/27/2025 06:00 // INFO // [GANTT] // Canvases are ready to be used!
11/27/2025 06:00 // INFO // [GANTT] // Ruler drawn: 99 ticks and 50 labels.
11/27/2025 06:00 // INFO // [MODIFY] // Zoom level changed to 0,044489383215369056, scale set to 10,313180976181695!
11/27/2025 06:00 // INFO // [GANTT] // Gantt chart rendered with 6 items on canvas.
11/27/2025 06:00 // INFO // [GANTT] // Canvas resized to 1113,5291109007974x110 to fit all Gantt items.
11/27/2025 06:00 // INFO // [GANTT] // Canvases are ready to be used!
11/27/2025 06:00 // INFO // [GANTT] // Ruler drawn: 99 ticks and 50 labels.
11/27/2025 06:00 // INFO // [MODIFY] // Zoom level changed to 0,048533872598584424, scale set to 10,342133784702014!
11/27/2025 06:00 // INFO // [GANTT] // Gantt chart rendered with 6 items on canvas.
11/27/2025 06:00 // INFO // [GANTT] // Canvas resized to 1119,2277803314535x110 to fit all Gantt items.
11/27/2025 06:00 // INFO // [GANTT] // Canvases are ready to be used!
11/27/2025 06:00 // INFO // [GANTT] // Ruler drawn: 99 ticks and 50 labels.
11/27/2025 06:00 // INFO // [MODIFY] // Zoom level changed to 0,05662285136501516, scale set to 10,400283472769933!
11/27/2025 06:00 // INFO // [GANTT] // Gantt chart rendered with 6 items on canvas.
11/27/2025 06:00 // INFO // [GANTT] // Canvas resized to 1124,9584911045147x110 to fit all Gantt items.
11/27/2025 06:00 // INFO // [GANTT] // Canvases are ready to be used!
11/27/2025 06:00 // INFO // [GANTT] // Ruler drawn: 99 ticks and 50 labels.
11/27/2025 06:00 // INFO // [MODIFY] // Zoom level changed to 0,0647118301314459, scale set to 10,458760113311374!
11/27/2025 06:00 // INFO // [GANTT] // Gantt chart rendered with 6 items on canvas.
11/27/2025 06:00 // INFO // [GANTT] // Canvas resized to 1127,8359182535933x110 to fit all Gantt items.
11/27/2025 06:00 // INFO // [GANTT] // Canvases are ready to be used!
11/27/2025 06:00 // INFO // [GANTT] // Ruler drawn: 99 ticks and 50 labels.
11/27/2025 06:00 // INFO // [MODIFY] // Zoom level changed to 0,06875631951466127, scale set to 10,488121614832584!
11/27/2025 06:00 // INFO // [GANTT] // Gantt chart rendered with 6 items on canvas.
11/27/2025 06:00 // INFO // [GANTT] // Canvas resized to 1136,516758313485x110 to fit all Gantt items.
11/27/2025 06:00 // INFO // [GANTT] // Canvases are ready to be used!
11/27/2025 06:00 // INFO // [GANTT] // Ruler drawn: 99 ticks and 50 labels.
11/27/2025 06:00 // INFO // [MODIFY] // Zoom level changed to 0,08088978766430738, scale set to 10,576701615443726!
11/27/2025 06:00 // INFO // [GANTT] // Gantt chart rendered with 6 items on canvas.
11/27/2025 06:00 // INFO // [GANTT] // Canvas resized to 1139,4266336759813x110 to fit all Gantt items.
11/27/2025 06:00 // INFO // [GANTT] // Canvases are ready to be used!
11/27/2025 06:00 // INFO // [GANTT] // Ruler drawn: 99 ticks and 50 labels.
11/27/2025 06:00 // INFO // [MODIFY] // Zoom level changed to 0,08493427704752275, scale set to 10,606394221183482!
11/27/2025 06:00 // INFO // [GANTT] // Gantt chart rendered with 6 items on canvas.
11/27/2025 06:00 // INFO // [GANTT] // Canvas resized to 1148,2053659626133x110 to fit all Gantt items.
11/27/2025 06:00 // INFO // [GANTT] // Canvases are ready to be used!
11/27/2025 06:00 // INFO // [GANTT] // Ruler drawn: 99 ticks and 50 labels.
11/27/2025 06:00 // INFO // [MODIFY] // Zoom level changed to 0,09706774519716886, scale set to 10,695973122067484!
11/27/2025 06:00 // INFO // [GANTT] // Gantt chart rendered with 6 items on canvas.
11/27/2025 06:00 // INFO // [GANTT] // Canvas resized to 1151,148055451024x110 to fit all Gantt items.
11/27/2025 06:00 // INFO // [GANTT] // Canvases are ready to be used!
11/27/2025 06:00 // INFO // [GANTT] // Ruler drawn: 99 ticks and 50 labels.
11/27/2025 06:00 // INFO // [MODIFY] // Zoom level changed to 0,10111223458038424, scale set to 10,726000565826777!
11/27/2025 06:00 // INFO // [GANTT] // Gantt chart rendered with 6 items on canvas.
11/27/2025 06:00 // INFO // [GANTT] // Canvas resized to 1154,0990061272769x110 to fit all Gantt items.
11/27/2025 06:00 // INFO // [GANTT] // Canvases are ready to be used!
11/27/2025 06:00 // INFO // [GANTT] // Ruler drawn: 99 ticks and 50 labels.
11/27/2025 06:00 // INFO // [MODIFY] // Zoom level changed to 0,10515672396359961, scale set to 10,756112307421192!
11/27/2025 06:00 // INFO // [GANTT] // Gantt chart rendered with 6 items on canvas.
11/27/2025 06:00 // INFO // [GANTT] // Canvas resized to 1163,0016575300704x110 to fit all Gantt items.
11/27/2025 06:00 // INFO // [GANTT] // Canvases are ready to be used!
11/27/2025 06:00 // INFO // [GANTT] // Ruler drawn: 99 ticks and 50 labels.
11/27/2025 06:00 // INFO // [MODIFY] // Zoom level changed to 0,11729019211324572, scale set to 10,846955689082352!
11/27/2025 06:00 // INFO // [GANTT] // Gantt chart rendered with 6 items on canvas.
11/27/2025 06:00 // INFO // [GANTT] // Canvas resized to 1165,9858855309492x110 to fit all Gantt items.
11/27/2025 06:00 // INFO // [GANTT] // Canvases are ready to be used!
11/27/2025 06:00 // INFO // [GANTT] // Ruler drawn: 99 ticks and 50 labels.
11/27/2025 06:00 // INFO // [MODIFY] // Zoom level changed to 0,1213346814964611, scale set to 10,877406995213768!
11/27/2025 06:00 // INFO // [GANTT] // Gantt chart rendered with 6 items on canvas.
11/27/2025 06:00 // INFO // [GANTT] // Canvas resized to 1171,9794984563707x110 to fit all Gantt items.
11/27/2025 06:00 // INFO // [GANTT] // Canvases are ready to be used!
11/27/2025 06:00 // INFO // [GANTT] // Ruler drawn: 99 ticks and 50 labels.
11/27/2025 06:00 // INFO // [MODIFY] // Zoom level changed to 0,12942366026289184, scale set to 10,938566310779294!
11/27/2025 06:00 // INFO // [GANTT] // Gantt chart rendered with 6 items on canvas.
11/27/2025 06:00 // INFO // [GANTT] // Canvas resized to 1174,9889304859448x110 to fit all Gantt items.
11/27/2025 06:00 // INFO // [GANTT] // Canvases are ready to be used!
11/27/2025 06:00 // INFO // [GANTT] // Ruler drawn: 99 ticks and 50 labels.
11/27/2025 06:00 // INFO // [MODIFY] // Zoom level changed to 0,1334681496461072, scale set to 10,969274800876988!
11/27/2025 06:00 // INFO // [GANTT] // Gantt chart rendered with 6 items on canvas.
11/27/2025 06:00 // INFO // [GANTT] // Canvas resized to 1178,0068110736806x110 to fit all Gantt items.
11/27/2025 06:00 // INFO // [GANTT] // Canvases are ready to be used!
11/27/2025 06:00 // INFO // [GANTT] // Ruler drawn: 99 ticks and 50 labels.
11/27/2025 06:00 // INFO // [MODIFY] // Zoom level changed to 0,13751263902932256, scale set to 11,000069500751843!
11/27/2025 06:00 // INFO // [GANTT] // Gantt chart rendered with 6 items on canvas.
11/27/2025 06:00 // INFO // [GANTT] // Canvas resized to 1181,0331639377196x110 to fit all Gantt items.
11/27/2025 06:00 // INFO // [GANTT] // Canvases are ready to be used!
11/27/2025 06:00 // INFO // [GANTT] // Ruler drawn: 99 ticks and 50 labels.
11/27/2025 06:00 // INFO // [MODIFY] // Zoom level changed to 0,14155712841253792, scale set to 11,030950652425709!
11/27/2025 06:00 // INFO // [GANTT] // Gantt chart rendered with 6 items on canvas.
11/27/2025 06:00 // INFO // [GANTT] // Canvas resized to 1190,1632943689726x110 to fit all Gantt items.
11/27/2025 06:00 // INFO // [GANTT] // Canvases are ready to be used!
11/27/2025 06:00 // INFO // [GANTT] // Ruler drawn: 99 ticks and 50 labels.
11/27/2025 06:00 // INFO // [MODIFY] // Zoom level changed to 0,15369059656218403, scale set to 11,124115248662987!
11/27/2025 06:00 // INFO // [GANTT] // Gantt chart rendered with 6 items on canvas.
11/27/2025 06:00 // INFO // [GANTT] // Canvas resized to 1193,223774854154x110 to fit all Gantt items.
11/27/2025 06:00 // INFO // [GANTT] // Canvases are ready to be used!
11/27/2025 06:00 // INFO // [GANTT] // Ruler drawn: 99 ticks and 50 labels.
11/27/2025 06:00 // INFO // [MODIFY] // Zoom level changed to 0,1577350859453994, scale set to 11,155344641368918!
11/27/2025 06:00 // INFO // [GANTT] // Gantt chart rendered with 6 items on canvas.
11/27/2025 06:00 // INFO // [GANTT] // Canvas resized to 1196,2928472088731x110 to fit all Gantt items.
11/27/2025 06:00 // INFO // [GANTT] // Canvases are ready to be used!
11/27/2025 06:00 // INFO // [GANTT] // Ruler drawn: 99 ticks and 50 labels.
11/27/2025 06:00 // INFO // [MODIFY] // Zoom level changed to 0,16177957532861476, scale set to 11,186661706212991!
11/27/2025 06:00 // INFO // [GANTT] // Gantt chart rendered with 6 items on canvas.
11/27/2025 06:00 // INFO // [GANTT] // Canvas resized to 1202,4568640765126x110 to fit all Gantt items.
11/27/2025 06:00 // INFO // [GANTT] // Canvases are ready to be used!
11/27/2025 06:00 // INFO // [GANTT] // Ruler drawn: 99 ticks and 50 labels.
11/27/2025 06:00 // INFO // [MODIFY] // Zoom level changed to 0,1698685540950455, scale set to 11,249559837515434!
11/27/2025 06:00 // INFO // [GANTT] // Gantt chart rendered with 6 items on canvas.
11/27/2025 06:00 // INFO // [GANTT] // Canvas resized to 1208,6555387493554x110 to fit all Gantt items.
11/27/2025 06:00 // INFO // [GANTT] // Canvases are ready to be used!
11/27/2025 06:00 // INFO // [GANTT] // Ruler drawn: 99 ticks and 50 labels.
11/27/2025 06:00 // INFO // [MODIFY] // Zoom level changed to 0,17795753286147625, scale set to 11,31281161989138!
11/27/2025 06:00 // INFO // [GANTT] // Gantt chart rendered with 6 items on canvas.
11/27/2025 06:00 // INFO // [GANTT] // Canvas resized to 1211,7679336159379x110 to fit all Gantt items.
11/27/2025 06:00 // INFO // [GANTT] // Canvases are ready to be used!
11/27/2025 06:00 // INFO // [GANTT] // Ruler drawn: 99 ticks and 50 labels.
11/27/2025 06:00 // INFO // [MODIFY] // Zoom level changed to 0,1820020222446916, scale set to 11,344570751183038!
11/27/2025 06:00 // INFO // [GANTT] // Gantt chart rendered with 6 items on canvas.
11/27/2025 06:00 // INFO // [GANTT] // Canvas resized to 1218,01896071436x110 to fit all Gantt items.
11/27/2025 06:00 // INFO // [GANTT] // Canvases are ready to be used!
11/27/2025 06:00 // INFO // [GANTT] // Ruler drawn: 99 ticks and 50 labels.
11/27/2025 06:00 // INFO // [MODIFY] // Zoom level changed to 0,19009100101112236, scale set to 11,408356741983265!
11/27/2025 06:00 // INFO // [GANTT] // Gantt chart rendered with 6 items on canvas.
11/27/2025 06:00 // INFO // [GANTT] // Canvas resized to 1221,1576420743022x110 to fit all Gantt items.
11/27/2025 06:00 // INFO // [GANTT] // Canvases are ready to be used!
11/27/2025 06:00 // INFO // [GANTT] // Ruler drawn: 99 ticks and 50 labels.
11/27/2025 06:00 // INFO // [MODIFY] // Zoom level changed to 0,19413549039433772, scale set to 11,440384102799001!
11/27/2025 06:00 // INFO // [GANTT] // Gantt chart rendered with 6 items on canvas.
11/27/2025 06:00 // INFO // [GANTT] // Canvas resized to 1224,3051348417655x110 to fit all Gantt items.
11/27/2025 06:00 // INFO // [GANTT] // Canvases are ready to be used!
11/27/2025 06:00 // INFO // [GANTT] // Ruler drawn: 99 ticks and 50 labels.
11/27/2025 06:00 // INFO // [MODIFY] // Zoom level changed to 0,19817997977755308, scale set to 11,472501375936382!
11/27/2025 06:00 // INFO // [GANTT] // Gantt chart rendered with 6 items on canvas.
11/27/2025 06:00 // INFO // [GANTT] // Canvas resized to 1230,6266536158616x110 to fit all Gantt items.
11/27/2025 06:00 // INFO // [GANTT] // Canvases are ready to be used!
11/27/2025 06:00 // INFO // [GANTT] // Ruler drawn: 99 ticks and 50 labels.
11/27/2025 06:00 // INFO // [MODIFY] // Zoom level changed to 0,20626895854398383, scale set to 11,537006669549609!
11/27/2025 06:00 // INFO // [GANTT] // Gantt chart rendered with 6 items on canvas.
11/27/2025 06:00 // INFO // [GANTT] // Canvas resized to 1233,8007293046053x110 to fit all Gantt items.
11/27/2025 06:00 // INFO // [GANTT] // Canvases are ready to be used!
11/27/2025 06:00 // INFO // [GANTT] // Ruler drawn: 99 ticks and 50 labels.
11/27/2025 06:00 // INFO // [MODIFY] // Zoom level changed to 0,2103134479271992, scale set to 11,569395196985768!
11/27/2025 06:00 // INFO // [GANTT] // Gantt chart rendered with 6 items on canvas.
11/27/2025 06:00 // INFO // [GANTT] // Canvas resized to 1236,9837157654815x110 to fit all Gantt items.
11/27/2025 06:00 // INFO // [GANTT] // Canvases are ready to be used!
11/27/2025 06:00 // INFO // [GANTT] // Ruler drawn: 99 ticks and 50 labels.
11/27/2025 06:00 // INFO // [MODIFY] // Zoom level changed to 0,21435793731041455, scale set to 11,60187465066818!
11/27/2025 06:00 // INFO // [GANTT] // Gantt chart rendered with 6 items on canvas.
11/27/2025 06:00 // INFO // [GANTT] // Canvas resized to 1246,5863902896722x110 to fit all Gantt items.
11/27/2025 06:00 // INFO // [GANTT] // Canvases are ready to be used!
11/27/2025 06:00 // INFO // [GANTT] // Ruler drawn: 99 ticks and 50 labels.
11/27/2025 06:00 // INFO // [MODIFY] // Zoom level changed to 0,22649140546006066, scale set to 11,699861125404817!
11/27/2025 06:00 // INFO // [GANTT] // Gantt chart rendered with 6 items on canvas.
11/27/2025 06:00 // INFO // [GANTT] // Canvas resized to 1249,8052706997737x110 to fit all Gantt items.
11/27/2025 06:00 // INFO // [GANTT] // Canvases are ready to be used!
11/27/2025 06:00 // INFO // [GANTT] // Ruler drawn: 99 ticks and 50 labels.
11/27/2025 06:00 // INFO // [MODIFY] // Zoom level changed to 0,23053589484327602, scale set to 11,732706843875242!
11/27/2025 06:00 // INFO // [GANTT] // Gantt chart rendered with 6 items on canvas.
11/27/2025 06:00 // INFO // [GANTT] // Canvas resized to 1253,0331876649768x110 to fit all Gantt items.
11/27/2025 06:00 // INFO // [GANTT] // Canvases are ready to be used!
11/27/2025 06:00 // INFO // [GANTT] // Ruler drawn: 99 ticks and 50 labels.
11/27/2025 06:00 // INFO // [MODIFY] // Zoom level changed to 0,23458038422649138, scale set to 11,7656447720916!
11/27/2025 06:00 // INFO // [GANTT] // Gantt chart rendered with 6 items on canvas.
11/27/2025 06:00 // INFO // [GANTT] // Canvas resized to 1256,2701665541417x110 to fit all Gantt items.
11/27/2025 06:00 // INFO // [GANTT] // Canvases are ready to be used!
11/27/2025 06:00 // INFO // [GANTT] // Ruler drawn: 99 ticks and 50 labels.
11/27/2025 06:00 // INFO // [MODIFY] // Zoom level changed to 0,23862487360970674, scale set to 11,798675168919814!
11/27/2025 06:00 // INFO // [GANTT] // Gantt chart rendered with 6 items on canvas.
11/27/2025 06:00 // INFO // [GANTT] // Canvas resized to 1262,7714119360976x110 to fit all Gantt items.
11/27/2025 06:00 // INFO // [GANTT] // Canvases are ready to be used!
11/27/2025 06:00 // INFO // [GANTT] // Ruler drawn: 99 ticks and 50 labels.
11/27/2025 06:00 // INFO // [MODIFY] // Zoom level changed to 0,2467138523761375, scale set to 11,8650144075112!
11/27/2025 06:00 // INFO // [GANTT] // Gantt chart rendered with 6 items on canvas.
11/27/2025 06:00 // INFO // [GANTT] // Canvas resized to 1266,0357295235074x110 to fit all Gantt items.
11/27/2025 06:00 // INFO // [GANTT] // Canvases are ready to be used!
11/27/2025 06:00 // INFO // [GANTT] // Ruler drawn: 99 ticks and 50 labels.
11/27/2025 06:00 // INFO // [MODIFY] // Zoom level changed to 0,25075834175935285, scale set to 11,898323770648034!
11/27/2025 06:00 // INFO // [GANTT] // Gantt chart rendered with 6 items on canvas.
11/27/2025 06:00 // INFO // [GANTT] // Canvas resized to 1269,3092112245188x110 to fit all Gantt items.
11/27/2025 06:00 // INFO // [GANTT] // Canvases are ready to be used!
11/27/2025 06:00 // INFO // [GANTT] // Ruler drawn: 99 ticks and 50 labels.
11/27/2025 06:00 // INFO // [MODIFY] // Zoom level changed to 0,2548028311425687, scale set to 11,931726645148151!
11/27/2025 06:00 // INFO // [GANTT] // Gantt chart rendered with 6 items on canvas.
11/27/2025 06:00 // INFO // [GANTT] // Canvas resized to 1275,883769947422x110 to fit all Gantt items.
11/27/2025 06:00 // INFO // [GANTT] // Canvases are ready to be used!
11/27/2025 06:00 // INFO // [GANTT] // Ruler drawn: 99 ticks and 50 labels.
11/27/2025 06:00 // INFO // [MODIFY] // Zoom level changed to 0,26289180990899896, scale set to 11,998813979055328!
11/27/2025 06:00 // INFO // [GANTT] // Gantt chart rendered with 6 items on canvas.
11/27/2025 06:00 // INFO // [GANTT] // Canvas resized to 1279,1848986401183x110 to fit all Gantt items.
11/27/2025 06:00 // INFO // [GANTT] // Canvases are ready to be used!
11/27/2025 06:00 // INFO // [GANTT] // Ruler drawn: 99 ticks and 50 labels.
11/27/2025 06:00 // INFO // [MODIFY] // Zoom level changed to 0,26693629929221435, scale set to 12,032498965715492!
11/27/2025 06:00 // INFO // [GANTT] // Gantt chart rendered with 6 items on canvas.
11/27/2025 06:00 // INFO // [GANTT] // Canvas resized to 1282,4952947884287x110 to fit all Gantt items.
11/27/2025 06:00 // INFO // [GANTT] // Canvases are ready to be used!
11/27/2025 06:00 // INFO // [GANTT] // Ruler drawn: 99 ticks and 50 labels.
11/27/2025 06:00 // INFO // [MODIFY] // Zoom level changed to 0,27098078867542974, scale set to 12,066278518249273!
11/27/2025 06:00 // INFO // [GANTT] // Gantt chart rendered with 6 items on canvas.
11/27/2025 06:00 // INFO // [GANTT] // Canvas resized to 1285,814984409435x110 to fit all Gantt items.
11/27/2025 06:00 // INFO // [GANTT] // Canvases are ready to be used!
11/27/2025 06:00 // INFO // [GANTT] // Ruler drawn: 99 ticks and 50 labels.
11/27/2025 06:00 // INFO // [MODIFY] // Zoom level changed to 0,27502527805864513, scale set to 12,100152902137092!
11/27/2025 06:00 // INFO // [GANTT] // Gantt chart rendered with 6 items on canvas.
11/27/2025 06:00 // INFO // [GANTT] // Canvas resized to 1292,4823485032616x110 to fit all Gantt items.
11/27/2025 06:00 // INFO // [GANTT] // Canvases are ready to be used!
11/27/2025 06:00 // INFO // [GANTT] // Ruler drawn: 99 ticks and 50 labels.
11/27/2025 06:00 // INFO // [MODIFY] // Zoom level changed to 0,28311425682507585, scale set to 12,168187229625119!
11/27/2025 06:00 // INFO // [GANTT] // Gantt chart rendered with 6 items on canvas.
11/27/2025 06:00 // INFO // [GANTT] // Canvas resized to 1295,8300753762617x110 to fit all Gantt items.
11/27/2025 06:00 // INFO // [GANTT] // Canvases are ready to be used!
11/27/2025 06:00 // INFO // [GANTT] // Ruler drawn: 99 ticks and 50 labels.
11/27/2025 06:00 // INFO // [MODIFY] // Zoom level changed to 0,28715874620829124, scale set to 12,202347707921037!
11/27/2025 06:00 // INFO // [GANTT] // Gantt chart rendered with 6 items on canvas.
11/27/2025 06:00 // INFO // [GANTT] // Canvas resized to 1299,1872005227294x110 to fit all Gantt items.
11/27/2025 06:00 // INFO // [GANTT] // Canvases are ready to be used!
11/27/2025 06:00 // INFO // [GANTT] // Ruler drawn: 99 ticks and 50 labels.
11/27/2025 06:00 // INFO // [MODIFY] // Zoom level changed to 0,2912032355915066, scale set to 12,236604086966626!
11/27/2025 06:00 // INFO // [GANTT] // Gantt chart rendered with 6 items on canvas.
11/27/2025 06:00 // INFO // [GANTT] // Canvas resized to 1305,9297512474725x110 to fit all Gantt items.
11/27/2025 06:00 // INFO // [GANTT] // Canvases are ready to be used!
11/27/2025 06:00 // INFO // [GANTT] // Ruler drawn: 99 ticks and 50 labels.
11/27/2025 06:00 // INFO // [MODIFY] // Zoom level changed to 0,29929221435793735, scale set to 12,30540562497421!
11/27/2025 06:00 // INFO // [GANTT] // Gantt chart rendered with 6 items on canvas.
11/27/2025 06:00 // INFO // [GANTT] // Canvas resized to 1309,3152298168357x110 to fit all Gantt items.
11/27/2025 06:00 // INFO // [GANTT] // Canvases are ready to be used!
11/27/2025 06:00 // INFO // [GANTT] // Ruler drawn: 99 ticks and 50 labels.
11/27/2025 06:00 // INFO // [MODIFY] // Zoom level changed to 0,30333670374115274, scale set to 12,33995132466159!
11/27/2025 06:00 // INFO // [GANTT] // Gantt chart rendered with 6 items on canvas.
11/27/2025 06:00 // INFO // [GANTT] // Canvas resized to 1312,710212642257x110 to fit all Gantt items.
11/27/2025 06:00 // INFO // [GANTT] // Canvases are ready to be used!
11/27/2025 06:00 // INFO // [GANTT] // Ruler drawn: 99 ticks and 50 labels.
11/27/2025 06:00 // INFO // [MODIFY] // Zoom level changed to 0,3073811931243681, scale set to 12,374594006553641!
11/27/2025 06:00 // INFO // [GANTT] // Gantt chart rendered with 6 items on canvas.
11/27/2025 06:00 // INFO // [GANTT] // Canvas resized to 1316,1147264056008x110 to fit all Gantt items.
11/27/2025 06:00 // INFO // [GANTT] // Canvases are ready to be used!
11/27/2025 06:00 // INFO // [GANTT] // Ruler drawn: 99 ticks and 50 labels.
11/27/2025 06:00 // INFO // [MODIFY] // Zoom level changed to 0,3114256825075835, scale set to 12,409333942914294!
11/27/2025 06:00 // INFO // [GANTT] // Gantt chart rendered with 6 items on canvas.
11/27/2025 06:00 // INFO // [GANTT] // Canvas resized to 1322,9524538482578x110 to fit all Gantt items.
11/27/2025 06:00 // INFO // [GANTT] // Canvases are ready to be used!
11/27/2025 06:00 // INFO // [GANTT] // Ruler drawn: 99 ticks and 50 labels.
11/27/2025 06:00 // INFO // [MODIFY] // Zoom level changed to 0,31951466127401423, scale set to 12,479106671920999!
11/27/2025 06:00 // INFO // [GANTT] // Gantt chart rendered with 6 items on canvas.
11/27/2025 06:00 // INFO // [GANTT] // Canvas resized to 1326,3857212666712x110 to fit all Gantt items.
11/27/2025 06:00 // INFO // [GANTT] // Canvases are ready to be used!
11/27/2025 06:00 // INFO // [GANTT] // Ruler drawn: 99 ticks and 50 labels.
11/27/2025 06:00 // INFO // [MODIFY] // Zoom level changed to 0,3235591506572296, scale set to 12,514140012925218!
11/27/2025 06:00 // INFO // [GANTT] // Gantt chart rendered with 6 items on canvas.
11/27/2025 06:00 // INFO // [GANTT] // Canvas resized to 1329,8286271016307x110 to fit all Gantt items.
11/27/2025 06:00 // INFO // [GANTT] // Canvases are ready to be used!
11/27/2025 06:00 // INFO // [GANTT] // Ruler drawn: 99 ticks and 50 labels.
11/27/2025 06:00 // INFO // [MODIFY] // Zoom level changed to 0,327603640040445, scale set to 12,54927170511868!
11/27/2025 06:00 // INFO // [GANTT] // Gantt chart rendered with 6 items on canvas.
11/27/2025 06:00 // INFO // [GANTT] // Canvas resized to 1333,2811984116383x110 to fit all Gantt items.
11/27/2025 06:00 // INFO // [GANTT] // Canvases are ready to be used!
11/27/2025 06:00 // INFO // [GANTT] // Ruler drawn: 99 ticks and 50 labels.
11/27/2025 06:00 // INFO // [MODIFY] // Zoom level changed to 0,3316481294236604, scale set to 12,584502024608554!
11/27/2025 06:00 // INFO // [GANTT] // Gantt chart rendered with 6 items on canvas.
11/27/2025 06:00 // INFO // [GANTT] // Canvas resized to 1340,2154460708346x110 to fit all Gantt items.
11/27/2025 06:00 // INFO // [GANTT] // Canvases are ready to be used!
11/27/2025 06:00 // INFO // [GANTT] // Ruler drawn: 99 ticks and 50 labels.
11/27/2025 06:00 // INFO // [MODIFY] // Zoom level changed to 0,3397371081900907, scale set to 12,655259653784025!
11/27/2025 06:00 // INFO // [GANTT] // Gantt chart rendered with 6 items on canvas.
11/27/2025 06:00 // INFO // [GANTT] // Canvas resized to 1343,6971769176957x110 to fit all Gantt items.
11/27/2025 06:00 // INFO // [GANTT] // Canvases are ready to be used!
11/27/2025 06:00 // INFO // [GANTT] // Ruler drawn: 99 ticks and 50 labels.
11/27/2025 06:00 // INFO // [MODIFY] // Zoom level changed to 0,3437815975733065, scale set to 12,690787519568325!
11/27/2025 06:00 // INFO // [GANTT] // Gantt chart rendered with 6 items on canvas.
11/27/2025 06:00 // INFO // [GANTT] // Canvas resized to 1347,1886822353786x110 to fit all Gantt items.
11/27/2025 06:00 // INFO // [GANTT] // Canvases are ready to be used!
11/27/2025 06:00 // INFO // [GANTT] // Ruler drawn: 99 ticks and 50 labels.
11/27/2025 06:00 // INFO // [MODIFY] // Zoom level changed to 0,3478260869565219, scale set to 12,726415124850801!
11/27/2025 06:00 // INFO // [GANTT] // Gantt chart rendered with 6 items on canvas.
11/27/2025 06:00 // INFO // [GANTT] // Canvas resized to 1350,6899894643382x110 to fit all Gantt items.
11/27/2025 06:00 // INFO // [GANTT] // Canvases are ready to be used!
11/27/2025 06:00 // INFO // [GANTT] // Ruler drawn: 99 ticks and 50 labels.
11/27/2025 06:00 // INFO // [MODIFY] // Zoom level changed to 0,3518705763397373, scale set to 12,762142749636103!
11/27/2025 06:00 // INFO // [GANTT] // Gantt chart rendered with 6 items on canvas.
11/27/2025 06:00 // INFO // [GANTT] // Canvas resized to 1354,2011261220648x110 to fit all Gantt items.
11/27/2025 06:00 // INFO // [GANTT] // Canvases are ready to be used!
11/27/2025 06:00 // INFO // [GANTT] // Ruler drawn: 99 ticks and 50 labels.
11/27/2025 06:00 // INFO // [MODIFY] // Zoom level changed to 0,3559150657229527, scale set to 12,797970674714946!
11/27/2025 06:00 // INFO // [GANTT] // Gantt chart rendered with 6 items on canvas.
11/27/2025 06:00 // INFO // [GANTT] // Canvas resized to 1361,2529981802572x110 to fit all Gantt items.
11/27/2025 06:00 // INFO // [GANTT] // Canvases are ready to be used!
11/27/2025 06:00 // INFO // [GANTT] // Ruler drawn: 99 ticks and 50 labels.
11/27/2025 06:00 // INFO // [MODIFY] // Zoom level changed to 0,36400404448938295, scale set to 12,869928552859767!
11/27/2025 06:00 // INFO // [GANTT] // Gantt chart rendered with 6 items on canvas.
11/27/2025 06:00 // INFO // [GANTT] // Canvas resized to 1364,79378900283x110 to fit all Gantt items.
11/27/2025 06:00 // INFO // [GANTT] // Canvases are ready to be used!
11/27/2025 06:00 // INFO // [GANTT] // Ruler drawn: 99 ticks and 50 labels.
11/27/2025 06:00 // INFO // [MODIFY] // Zoom level changed to 0,3680485338725988, scale set to 12,906059071457449!
11/27/2025 06:00 // INFO // [GANTT] // Gantt chart rendered with 6 items on canvas.
11/27/2025 06:00 // INFO // [GANTT] // Canvas resized to 1368,3445200988185x110 to fit all Gantt items.
11/27/2025 06:00 // INFO // [GANTT] // Canvases are ready to be used!
11/27/2025 06:00 // INFO // [GANTT] // Ruler drawn: 99 ticks and 50 labels.
11/27/2025 06:00 // INFO // [MODIFY] // Zoom level changed to 0,37209302325581367, scale set to 12,942291021416516!
11/27/2025 06:00 // INFO // [GANTT] // Gantt chart rendered with 6 items on canvas.
11/27/2025 06:00 // INFO // [GANTT] // Canvas resized to 1375,475914813079x110 to fit all Gantt items.
11/27/2025 06:00 // INFO // [GANTT] // Canvases are ready to be used!
11/27/2025 06:00 // INFO // [GANTT] // Ruler drawn: 99 ticks and 50 labels.
11/27/2025 06:00 // INFO // [MODIFY] // Zoom level changed to 0,3801820020222444, scale set to 13,015060355235502!
11/27/2025 06:00 // INFO // [GANTT] // Gantt chart rendered with 6 items on canvas.
11/27/2025 06:00 // INFO // [GANTT] // Canvas resized to 1379,056634478443x110 to fit all Gantt items.
11/27/2025 06:00 // INFO // [GANTT] // Canvases are ready to be used!
11/27/2025 06:00 // INFO // [GANTT] // Ruler drawn: 99 ticks and 50 labels.
11/27/2025 06:00 // INFO // [MODIFY] // Zoom level changed to 0,3842264914054602, scale set to 13,051598311004518!
11/27/2025 06:00 // INFO // [GANTT] // Gantt chart rendered with 6 items on canvas.
11/27/2025 06:00 // INFO // [GANTT] // Canvas resized to 1382,6474065118462x110 to fit all Gantt items.
11/27/2025 06:00 // INFO // [GANTT] // Canvases are ready to be used!
11/27/2025 06:00 // INFO // [GANTT] // Ruler drawn: 99 ticks and 50 labels.
11/27/2025 06:00 // INFO // [MODIFY] // Zoom level changed to 0,3882709807886756, scale set to 13,088238841957613!
11/27/2025 06:00 // INFO // [GANTT] // Gantt chart rendered with 6 items on canvas.
11/27/2025 06:00 // INFO // [GANTT] // Canvas resized to 1386,2482591339021x110 to fit all Gantt items.
11/27/2025 06:00 // INFO // [GANTT] // Canvases are ready to be used!
11/27/2025 06:00 // INFO // [GANTT] // Ruler drawn: 99 ticks and 50 labels.
11/27/2025 06:00 // INFO // [MODIFY] // Zoom level changed to 0,392315470171891, scale set to 13,124982236060227!
11/27/2025 06:00 // INFO // [GANTT] // Gantt chart rendered with 6 items on canvas.
11/27/2025 06:00 // INFO // [GANTT] // Canvas resized to 1393,4803194227734x110 to fit all Gantt items.
11/27/2025 06:00 // INFO // [GANTT] // Canvases are ready to be used!
11/27/2025 06:00 // INFO // [GANTT] // Ruler drawn: 99 ticks and 50 labels.
11/27/2025 06:00 // INFO // [MODIFY] // Zoom level changed to 0,4004044489383213, scale set to 13,198778769620137!
11/27/2025 06:00 // INFO // [GANTT] // Gantt chart rendered with 6 items on canvas.
11/27/2025 06:00 // INFO // [GANTT] // Canvas resized to 1397,111583927832x110 to fit all Gantt items.
11/27/2025 06:00 // INFO // [GANTT] // Canvases are ready to be used!
11/27/2025 06:00 // INFO // [GANTT] // Ruler drawn: 99 ticks and 50 labels.
11/27/2025 06:00 // INFO // [MODIFY] // Zoom level changed to 0,4044489383215371, scale set to 13,235832489059511!
11/27/2025 06:00 // INFO // [GANTT] // Gantt chart rendered with 6 items on canvas.
11/27/2025 06:00 // INFO // [GANTT] // Canvas resized to 1400,7530426984752x110 to fit all Gantt items.
11/27/2025 06:00 // INFO // [GANTT] // Canvases are ready to be used!
11/27/2025 06:00 // INFO // [GANTT] // Ruler drawn: 99 ticks and 50 labels.
11/27/2025 06:00 // INFO // [MODIFY] // Zoom level changed to 0,408493427704752, scale set to 13,272990231617094!
11/27/2025 06:00 // INFO // [GANTT] // Gantt chart rendered with 6 items on canvas.
11/27/2025 06:00 // INFO // [GANTT] // Canvas resized to 1408,0666575927435x110 to fit all Gantt items.
11/27/2025 06:00 // INFO // [GANTT] // Canvases are ready to be used!
11/27/2025 06:00 // INFO // [GANTT] // Ruler drawn: 99 ticks and 50 labels.
11/27/2025 06:00 // INFO // [MODIFY] // Zoom level changed to 0,4165824064711827, scale set to 13,347618955027995!
11/27/2025 06:00 // INFO // [GANTT] // Gantt chart rendered with 6 items on canvas.
11/27/2025 06:00 // INFO // [GANTT] // Canvas resized to 1411,7388711955657x110 to fit all Gantt items.
11/27/2025 06:00 // INFO // [GANTT] // Canvases are ready to be used!
11/27/2025 06:00 // INFO // [GANTT] // Ruler drawn: 99 ticks and 50 labels.
11/27/2025 06:00 // INFO // [MODIFY] // Zoom level changed to 0,4206268958543981, scale set to 13,38509052240373!
11/27/2025 06:00 // INFO // [GANTT] // Gantt chart rendered with 6 items on canvas.
11/27/2025 06:00 // INFO // [GANTT] // Canvas resized to 1415,4213940228192x110 to fit all Gantt items.
11/27/2025 06:00 // INFO // [GANTT] // Canvases are ready to be used!
11/27/2025 06:00 // INFO // [GANTT] // Ruler drawn: 99 ticks and 50 labels.
11/27/2025 06:00 // INFO // [MODIFY] // Zoom level changed to 0,4246713852376135, scale set to 13,422667285947135!
11/27/2025 06:00 // INFO // [GANTT] // Gantt chart rendered with 6 items on canvas.
11/27/2025 06:00 // INFO // [GANTT] // Canvas resized to 1419,1142550162058x110 to fit all Gantt items.
11/27/2025 06:00 // INFO // [GANTT] // Canvases are ready to be used!
11/27/2025 06:00 // INFO // [GANTT] // Ruler drawn: 99 ticks and 50 labels.
11/27/2025 06:00 // INFO // [MODIFY] // Zoom level changed to 0,42871587462082933, scale set to 13,460349540981692!
11/27/2025 06:00 // INFO // [GANTT] // Gantt chart rendered with 6 items on canvas.
11/27/2025 06:00 // INFO // [GANTT] // Canvas resized to 1422,8174831986755x110 to fit all Gantt items.
11/27/2025 06:00 // INFO // [GANTT] // Canvases are ready to be used!
11/27/2025 06:00 // INFO // [GANTT] // Ruler drawn: 99 ticks and 50 labels.
11/27/2025 06:00 // INFO // [MODIFY] // Zoom level changed to 0,4327603640040442, scale set to 13,498137583659954!
11/27/2025 06:00 // INFO // [GANTT] // Gantt chart rendered with 6 items on canvas.
11/27/2025 06:00 // INFO // [GANTT] // Canvas resized to 1430,2551576302878x110 to fit all Gantt items.
11/27/2025 06:00 // INFO // [GANTT] // Canvases are ready to be used!
11/27/2025 06:00 // INFO // [GANTT] // Ruler drawn: 99 ticks and 50 labels.
11/27/2025 06:00 // INFO // [MODIFY] // Zoom level changed to 0,44084934277047494, scale set to 13,574032220717223!
11/27/2025 06:00 // INFO // [GANTT] // Gantt chart rendered with 6 items on canvas.
11/27/2025 06:00 // INFO // [GANTT] // Canvas resized to 1433,989662333637x110 to fit all Gantt items.
11/27/2025 06:00 // INFO // [GANTT] // Canvases are ready to be used!
11/27/2025 06:00 // INFO // [GANTT] // Ruler drawn: 99 ticks and 50 labels.
11/27/2025 06:00 // INFO // [MODIFY] // Zoom level changed to 0,4448938321536903, scale set to 13,612139411567723!
11/27/2025 06:00 // INFO // [GANTT] // Gantt chart rendered with 6 items on canvas.
11/27/2025 06:00 // INFO // [GANTT] // Canvas resized to 1437,734651134942x110 to fit all Gantt items.
11/27/2025 06:00 // INFO // [GANTT] // Canvases are ready to be used!
11/27/2025 06:00 // INFO // [GANTT] // Ruler drawn: 99 ticks and 50 labels.
11/27/2025 06:00 // INFO // [MODIFY] // Zoom level changed to 0,4489383215369057, scale set to 13,650353583009611!
11/27/2025 06:00 // INFO // [GANTT] // Gantt chart rendered with 6 items on canvas.
11/27/2025 06:00 // INFO // [GANTT] // Canvas resized to 1441,4901534668375x110 to fit all Gantt items.
11/27/2025 06:00 // INFO // [GANTT] // Canvases are ready to be used!
11/27/2025 06:00 // INFO // [GANTT] // Ruler drawn: 99 ticks and 50 labels.
11/27/2025 06:00 // INFO // [MODIFY] // Zoom level changed to 0,45298281092012155, scale set to 13,688675035375892!
11/27/2025 06:00 // INFO // [GANTT] // Gantt chart rendered with 6 items on canvas.
11/27/2025 06:00 // INFO // [GANTT] // Canvas resized to 1445,2561988445846x110 to fit all Gantt items.
11/27/2025 06:00 // INFO // [GANTT] // Canvases are ready to be used!
11/27/2025 06:00 // INFO // [GANTT] // Ruler drawn: 99 ticks and 50 labels.
11/27/2025 06:00 // INFO // [MODIFY] // Zoom level changed to 0,45702730030333644, scale set to 13,7271040698427!
11/27/2025 06:00 // INFO // [GANTT] // Gantt chart rendered with 6 items on canvas.
11/27/2025 06:00 // INFO // [GANTT] // Canvas resized to 1449,032816866306x110 to fit all Gantt items.
11/27/2025 06:00 // INFO // [GANTT] // Canvases are ready to be used!
11/27/2025 06:00 // INFO // [GANTT] // Ruler drawn: 99 ticks and 50 labels.
11/27/2025 06:00 // INFO // [MODIFY] // Zoom level changed to 0,4610717896865518, scale set to 13,765640988431693!
11/27/2025 06:00 // INFO // [GANTT] // Gantt chart rendered with 6 items on canvas.
11/27/2025 06:00 // INFO // [GANTT] // Canvas resized to 1456,6178896498548x110 to fit all Gantt items.
11/27/2025 06:00 // INFO // [GANTT] // Canvases are ready to be used!
11/27/2025 06:00 // INFO // [GANTT] // Ruler drawn: 99 ticks and 50 labels.
11/27/2025 06:00 // INFO // [MODIFY] // Zoom level changed to 0,46916076845298305, scale set to 13,843039690304641!
11/27/2025 06:00 // INFO // [GANTT] // Gantt chart rendered with 6 items on canvas.
11/27/2025 06:00 // INFO // [GANTT] // Canvas resized to 1460,426404024322x110 to fit all Gantt items.
11/27/2025 06:00 // INFO // [GANTT] // Canvases are ready to be used!
11/27/2025 06:00 // INFO // [GANTT] // Ruler drawn: 99 ticks and 50 labels.
11/27/2025 06:00 // INFO // [MODIFY] // Zoom level changed to 0,47320525783619793, scale set to 13,881902081880837!
11/27/2025 06:00 // INFO // [GANTT] // Gantt chart rendered with 6 items on canvas.
11/27/2025 06:00 // INFO // [GANTT] // Canvas resized to 1464,2456102685132x110 to fit all Gantt items.
11/27/2025 06:00 // INFO // [GANTT] // Canvases are ready to be used!
11/27/2025 06:00 // INFO // [GANTT] // Ruler drawn: 99 ticks and 50 labels.
11/27/2025 06:00 // INFO // [MODIFY] // Zoom level changed to 0,47724974721941377, scale set to 13,920873574168503!
11/27/2025 06:00 // INFO // [GANTT] // Gantt chart rendered with 6 items on canvas.
11/27/2025 06:00 // INFO // [GANTT] // Canvas resized to 1468,0755383983515x110 to fit all Gantt items.
11/27/2025 06:00 // INFO // [GANTT] // Canvases are ready to be used!
11/27/2025 06:00 // INFO // [GANTT] // Ruler drawn: 99 ticks and 50 labels.
11/27/2025 06:00 // INFO // [MODIFY] // Zoom level changed to 0,48129423660262866, scale set to 13,959954473452566!
11/27/2025 06:00 // INFO // [GANTT] // Gantt chart rendered with 6 items on canvas.
11/27/2025 06:00 // INFO // [GANTT] // Canvas resized to 1471,9162185140267x110 to fit all Gantt items.
11/27/2025 06:00 // INFO // [GANTT] // Canvases are ready to be used!
11/27/2025 06:00 // INFO // [GANTT] // Ruler drawn: 99 ticks and 50 labels.
11/27/2025 06:00 // INFO // [MODIFY] // Zoom level changed to 0,48533872598584404, scale set to 13,999145086877823!
11/27/2025 06:00 // INFO // [GANTT] // Gantt chart rendered with 6 items on canvas.
11/27/2025 06:00 // INFO // [GANTT] // Canvas resized to 1475,767680800231x110 to fit all Gantt items.
11/27/2025 06:00 // INFO // [GANTT] // Canvases are ready to be used!
11/27/2025 06:00 // INFO // [GANTT] // Ruler drawn: 99 ticks and 50 labels.
11/27/2025 06:00 // INFO // [MODIFY] // Zoom level changed to 0,4893832153690599, scale set to 14,038445722451335!
11/27/2025 06:00 // INFO // [GANTT] // Gantt chart rendered with 6 items on canvas.
11/27/2025 06:00 // INFO // [GANTT] // Canvas resized to 1479,6299555263938x110 to fit all Gantt items.
11/27/2025 06:00 // INFO // [GANTT] // Canvases are ready to be used!
11/27/2025 06:00 // INFO // [GANTT] // Ruler drawn: 99 ticks and 50 labels.
11/27/2025 06:00 // INFO // [MODIFY] // Zoom level changed to 0,49342770475227477, scale set to 14,077856689044834!
11/27/2025 06:00 // INFO // [GANTT] // Gantt chart rendered with 6 items on canvas.
11/27/2025 06:00 // INFO // [GANTT] // Canvas resized to 1483,5030730469246x110 to fit all Gantt items.
11/27/2025 06:00 // INFO // [GANTT] // Canvases are ready to be used!
11/27/2025 06:00 // INFO // [GANTT] // Ruler drawn: 99 ticks and 50 labels.
11/27/2025 06:00 // INFO // [MODIFY] // Zoom level changed to 0,49747219413549015, scale set to 14,11737829639719!
11/27/2025 06:00 // INFO // [GANTT] // Gantt chart rendered with 6 items on canvas.
11/27/2025 06:00 // INFO // [GANTT] // Canvas resized to 1487,387063801447x110 to fit all Gantt items.
11/27/2025 06:00 // INFO // [GANTT] // Canvases are ready to be used!
11/27/2025 06:00 // INFO // [GANTT] // Ruler drawn: 99 ticks and 50 labels.
11/27/2025 06:00 // INFO // [MODIFY] // Zoom level changed to 0,5015166835187059, scale set to 14,157010855116807!
11/27/2025 06:00 // INFO // [GANTT] // Gantt chart rendered with 6 items on canvas.
11/27/2025 06:00 // INFO // [GANTT] // Canvas resized to 1491,2819583150388x110 to fit all Gantt items.
11/27/2025 06:00 // INFO // [GANTT] // Canvases are ready to be used!
11/27/2025 06:00 // INFO // [GANTT] // Ruler drawn: 99 ticks and 50 labels.
11/27/2025 06:00 // INFO // [MODIFY] // Zoom level changed to 0,5055611729019208, scale set to 14,196754676684069!
11/27/2025 06:00 // INFO // [GANTT] // Gantt chart rendered with 6 items on canvas.
11/27/2025 06:00 // INFO // [GANTT] // Canvas resized to 1495,1877871984748x110 to fit all Gantt items.
11/27/2025 06:00 // INFO // [GANTT] // Canvases are ready to be used!
11/27/2025 06:00 // INFO // [GANTT] // Ruler drawn: 99 ticks and 50 labels.
11/27/2025 06:00 // INFO // [MODIFY] // Zoom level changed to 0,5096056622851362, scale set to 14,236610073453823!
11/27/2025 06:00 // INFO // [GANTT] // Gantt chart rendered with 6 items on canvas.
11/27/2025 06:00 // INFO // [GANTT] // Canvas resized to 1503,0323709478914x110 to fit all Gantt items.
11/27/2025 06:00 // INFO // [GANTT] // Canvases are ready to be used!
11/27/2025 06:00 // INFO // [GANTT] // Ruler drawn: 99 ticks and 50 labels.
11/27/2025 06:00 // INFO // [MODIFY] // Zoom level changed to 0,5176946410515674, scale set to 14,316656846407055!
11/27/2025 06:00 // INFO // [GANTT] // Gantt chart rendered with 6 items on canvas.
11/27/2025 06:00 // INFO // [GANTT] // Canvas resized to 1506,9711874660613x110 to fit all Gantt items.
11/27/2025 06:00 // INFO // [GANTT] // Canvases are ready to be used!
11/27/2025 06:00 // INFO // [GANTT] // Ruler drawn: 99 ticks and 50 labels.
11/27/2025 06:00 // INFO // [MODIFY] // Zoom level changed to 0,5217391304347823, scale set to 14,356848851694505!
11/27/2025 06:00 // INFO // [GANTT] // Gantt chart rendered with 6 items on canvas.
11/27/2025 06:00 // INFO // [GANTT] // Canvas resized to 1510,921061658941x110 to fit all Gantt items.
11/27/2025 06:00 // INFO // [GANTT] // Canvases are ready to be used!
11/27/2025 06:00 // INFO // [GANTT] // Ruler drawn: 99 ticks and 50 labels.
11/27/2025 06:00 // INFO // [MODIFY] // Zoom level changed to 0,525783619817998, scale set to 14,397153690397356!
11/27/2025 06:00 // INFO // [GANTT] // Gantt chart rendered with 6 items on canvas.
11/27/2025 06:00 // INFO // [GANTT] // Canvas resized to 1514,8820245693992x110 to fit all Gantt items.
11/27/2025 06:00 // INFO // [GANTT] // Canvases are ready to be used!
11/27/2025 06:00 // INFO // [GANTT] // Ruler drawn: 99 ticks and 50 labels.
11/27/2025 06:00 // INFO // [MODIFY] // Zoom level changed to 0,5298281092012134, scale set to 14,437571679279584!
11/27/2025 06:00 // INFO // [GANTT] // Gantt chart rendered with 6 items on canvas.
11/27/2025 06:00 // INFO // [GANTT] // Canvas resized to 1522,83734115052x110 to fit all Gantt items.
11/27/2025 06:00 // INFO // [GANTT] // Canvases are ready to be used!
11/27/2025 06:00 // INFO // [GANTT] // Ruler drawn: 99 ticks and 50 labels.
11/27/2025 06:00 // INFO // [MODIFY] // Zoom level changed to 0,5379170879676437, scale set to 14,518748379086938!
11/27/2025 06:00 // INFO // [GANTT] // Gantt chart rendered with 6 items on canvas.
11/27/2025 06:00 // INFO // [GANTT] // Canvas resized to 1526,8317573436461x110 to fit all Gantt items.
11/27/2025 06:00 // INFO // [GANTT] // Canvases are ready to be used!
11/27/2025 06:00 // INFO // [GANTT] // Ruler drawn: 99 ticks and 50 labels.
11/27/2025 06:00 // INFO // [MODIFY] // Zoom level changed to 0,5419615773508595, scale set to 14,559507727996388!
11/27/2025 06:00 // INFO // [GANTT] // Gantt chart rendered with 6 items on canvas.
11/27/2025 06:00 // INFO // [GANTT] // Canvas resized to 1530,8373872997663x110 to fit all Gantt items.
11/27/2025 06:00 // INFO // [GANTT] // Canvases are ready to be used!
11/27/2025 06:00 // INFO // [GANTT] // Ruler drawn: 99 ticks and 50 labels.
11/27/2025 06:00 // INFO // [MODIFY] // Zoom level changed to 0,5460060667340748, scale set to 14,60038150305884!
11/27/2025 06:00 // INFO // [GANTT] // Gantt chart rendered with 6 items on canvas.
11/27/2025 06:00 // INFO // [GANTT] // Canvas resized to 1534,8542624999475x110 to fit all Gantt items.
11/27/2025 06:00 // INFO // [GANTT] // Canvases are ready to be used!
11/27/2025 06:00 // INFO // [GANTT] // Ruler drawn: 99 ticks and 50 labels.
11/27/2025 06:00 // INFO // [MODIFY] // Zoom level changed to 0,5500505561172901, scale set to 14,641370025509667!
11/27/2025 06:00 // INFO // [GANTT] // Gantt chart rendered with 6 items on canvas.
11/27/2025 06:00 // INFO // [GANTT] // Canvas resized to 1538,8824145136346x110 to fit all Gantt items.
11/27/2025 06:00 // INFO // [GANTT] // Canvases are ready to be used!
11/27/2025 06:00 // INFO // [GANTT] // Ruler drawn: 99 ticks and 50 labels.
11/27/2025 06:00 // INFO // [MODIFY] // Zoom level changed to 0,5540950455005055, scale set to 14,682473617486067!
11/27/2025 06:00 // INFO // [GANTT] // Gantt chart rendered with 6 items on canvas.
11/27/2025 06:00 // INFO // [GANTT] // Canvas resized to 1542,9218749988993x110 to fit all Gantt items.
11/27/2025 06:00 // INFO // [GANTT] // Canvases are ready to be used!
11/27/2025 06:00 // INFO // [GANTT] // Ruler drawn: 99 ticks and 50 labels.
11/27/2025 06:00 // INFO // [MODIFY] // Zoom level changed to 0,5581395348837208, scale set to 14,723692602029585!
11/27/2025 06:00 // INFO // [GANTT] // Gantt chart rendered with 6 items on canvas.
11/27/2025 06:00 // INFO // [GANTT] // Canvas resized to 1546,9726757026888x110 to fit all Gantt items.
11/27/2025 06:00 // INFO // [GANTT] // Canvases are ready to be used!
11/27/2025 06:00 // INFO // [GANTT] // Ruler drawn: 99 ticks and 50 labels.
11/27/2025 06:00 // INFO // [MODIFY] // Zoom level changed to 0,5621840242669361, scale set to 14,76502730308866!
11/27/2025 06:00 // INFO // [GANTT] // Gantt chart rendered with 6 items on canvas.
11/27/2025 06:00 // INFO // [GANTT] // Canvas resized to 1538,8824145136346x110 to fit all Gantt items.
11/27/2025 06:00 // INFO // [GANTT] // Canvases are ready to be used!
11/27/2025 06:00 // INFO // [GANTT] // Ruler drawn: 99 ticks and 50 labels.
11/27/2025 06:00 // INFO // [MODIFY] // Zoom level changed to 0,5540950455005054, scale set to 14,682473617486067!
11/27/2025 06:00 // INFO // [GANTT] // Gantt chart rendered with 6 items on canvas.
11/27/2025 06:00 // INFO // [GANTT] // Canvas resized to 1534,8542624999475x110 to fit all Gantt items.
11/27/2025 06:00 // INFO // [GANTT] // Canvases are ready to be used!
11/27/2025 06:00 // INFO // [GANTT] // Ruler drawn: 99 ticks and 50 labels.
11/27/2025 06:00 // INFO // [MODIFY] // Zoom level changed to 0,55005055611729, scale set to 14,641370025509667!
11/27/2025 06:00 // INFO // [GANTT] // Gantt chart rendered with 6 items on canvas.
11/27/2025 06:00 // INFO // [GANTT] // Canvas resized to 1526,831757343646x110 to fit all Gantt items.
11/27/2025 06:00 // INFO // [GANTT] // Canvases are ready to be used!
11/27/2025 06:00 // INFO // [GANTT] // Ruler drawn: 99 ticks and 50 labels.
11/27/2025 06:00 // INFO // [MODIFY] // Zoom level changed to 0,5419615773508593, scale set to 14,559507727996387!
11/27/2025 06:00 // INFO // [GANTT] // Gantt chart rendered with 6 items on canvas.
11/27/2025 06:00 // INFO // [GANTT] // Canvas resized to 1522,8373411505202x110 to fit all Gantt items.
11/27/2025 06:00 // INFO // [GANTT] // Canvases are ready to be used!
11/27/2025 06:00 // INFO // [GANTT] // Ruler drawn: 99 ticks and 50 labels.
11/27/2025 06:00 // INFO // [MODIFY] // Zoom level changed to 0,5379170879676439, scale set to 14,51874837908694!
11/27/2025 06:00 // INFO // [GANTT] // Gantt chart rendered with 6 items on canvas.
11/27/2025 06:00 // INFO // [GANTT] // Canvas resized to 1514,882024569399x110 to fit all Gantt items.
11/27/2025 06:00 // INFO // [GANTT] // Canvases are ready to be used!
11/27/2025 06:00 // INFO // [GANTT] // Ruler drawn: 99 ticks and 50 labels.
11/27/2025 06:00 // INFO // [MODIFY] // Zoom level changed to 0,5298281092012131, scale set to 14,437571679279582!
11/27/2025 06:00 // INFO // [GANTT] // Gantt chart rendered with 6 items on canvas.
11/27/2025 06:00 // INFO // [GANTT] // Canvas resized to 1510,9210616589407x110 to fit all Gantt items.
11/27/2025 06:00 // INFO // [GANTT] // Canvases are ready to be used!
11/27/2025 06:00 // INFO // [GANTT] // Ruler drawn: 99 ticks and 50 labels.
11/27/2025 06:00 // INFO // [MODIFY] // Zoom level changed to 0,5257836198179978, scale set to 14,397153690397355!
11/27/2025 06:00 // INFO // [GANTT] // Gantt chart rendered with 6 items on canvas.
11/27/2025 06:00 // INFO // [GANTT] // Canvas resized to 1506,9711874660616x110 to fit all Gantt items.
11/27/2025 06:00 // INFO // [GANTT] // Canvases are ready to be used!
11/27/2025 06:00 // INFO // [GANTT] // Ruler drawn: 99 ticks and 50 labels.
11/27/2025 06:00 // INFO // [MODIFY] // Zoom level changed to 0,5217391304347825, scale set to 14,356848851694506!
11/27/2025 06:00 // INFO // [GANTT] // Gantt chart rendered with 6 items on canvas.
11/27/2025 06:00 // INFO // [GANTT] // Canvas resized to 1495,1877871984755x110 to fit all Gantt items.
11/27/2025 06:00 // INFO // [GANTT] // Canvases are ready to be used!
11/27/2025 06:00 // INFO // [GANTT] // Ruler drawn: 99 ticks and 50 labels.
11/27/2025 06:00 // INFO // [MODIFY] // Zoom level changed to 0,5096056622851368, scale set to 14,23661007345383!
11/27/2025 06:00 // INFO // [GANTT] // Gantt chart rendered with 6 items on canvas.
11/27/2025 06:00 // INFO // [GANTT] // Canvas resized to 1487,3870638014473x110 to fit all Gantt items.
11/27/2025 06:00 // INFO // [GANTT] // Canvases are ready to be used!
11/27/2025 06:00 // INFO // [GANTT] // Ruler drawn: 99 ticks and 50 labels.
11/27/2025 06:00 // INFO // [MODIFY] // Zoom level changed to 0,501516683518706, scale set to 14,157010855116809!
11/27/2025 06:00 // INFO // [GANTT] // Gantt chart rendered with 6 items on canvas.
11/27/2025 06:00 // INFO // [GANTT] // Canvas resized to 1479,629955526394x110 to fit all Gantt items.
11/27/2025 06:00 // INFO // [GANTT] // Canvases are ready to be used!
11/27/2025 06:00 // INFO // [GANTT] // Ruler drawn: 99 ticks and 50 labels.
11/27/2025 06:00 // INFO // [MODIFY] // Zoom level changed to 0,4934277047522748, scale set to 14,077856689044836!
11/27/2025 06:00 // INFO // [GANTT] // Gantt chart rendered with 6 items on canvas.
11/27/2025 06:00 // INFO // [GANTT] // Canvas resized to 1475,7676808002304x110 to fit all Gantt items.
11/27/2025 06:00 // INFO // [GANTT] // Canvases are ready to be used!
11/27/2025 06:00 // INFO // [GANTT] // Ruler drawn: 99 ticks and 50 labels.
11/27/2025 06:00 // INFO // [MODIFY] // Zoom level changed to 0,48938321536905943, scale set to 14,038445722451332!
11/27/2025 06:00 // INFO // [GANTT] // Gantt chart rendered with 6 items on canvas.
11/27/2025 06:00 // INFO // [GANTT] // Canvas resized to 1471,9162185140267x110 to fit all Gantt items.
11/27/2025 06:00 // INFO // [GANTT] // Canvases are ready to be used!
11/27/2025 06:00 // INFO // [GANTT] // Ruler drawn: 99 ticks and 50 labels.
11/27/2025 06:00 // INFO // [MODIFY] // Zoom level changed to 0,48533872598584404, scale set to 13,999145086877823!
11/27/2025 06:00 // INFO // [GANTT] // Gantt chart rendered with 6 items on canvas.
11/27/2025 06:00 // INFO // [GANTT] // Canvas resized to 1468,075538398352x110 to fit all Gantt items.
11/27/2025 06:00 // INFO // [GANTT] // Canvases are ready to be used!
11/27/2025 06:00 // INFO // [GANTT] // Ruler drawn: 99 ticks and 50 labels.
11/27/2025 06:00 // INFO // [MODIFY] // Zoom level changed to 0,48129423660262916, scale set to 13,95995447345257!
11/27/2025 06:00 // INFO // [GANTT] // Gantt chart rendered with 6 items on canvas.
11/27/2025 06:00 // INFO // [GANTT] // Canvas resized to 1460,426404024322x110 to fit all Gantt items.
11/27/2025 06:00 // INFO // [GANTT] // Canvases are ready to be used!
11/27/2025 06:00 // INFO // [GANTT] // Ruler drawn: 99 ticks and 50 labels.
11/27/2025 06:00 // INFO // [MODIFY] // Zoom level changed to 0,47320525783619793, scale set to 13,881902081880837!
11/27/2025 06:00 // INFO // [GANTT] // Gantt chart rendered with 6 items on canvas.
11/27/2025 06:00 // INFO // [GANTT] // Canvas resized to 1456,6178896498548x110 to fit all Gantt items.
11/27/2025 06:00 // INFO // [GANTT] // Canvases are ready to be used!
11/27/2025 06:00 // INFO // [GANTT] // Ruler drawn: 99 ticks and 50 labels.
11/27/2025 06:00 // INFO // [MODIFY] // Zoom level changed to 0,46916076845298305, scale set to 13,843039690304641!
11/27/2025 06:00 // INFO // [GANTT] // Gantt chart rendered with 6 items on canvas.
11/27/2025 06:00 // INFO // [GANTT] // Canvas resized to 1452,8200372132158x110 to fit all Gantt items.
11/27/2025 06:00 // INFO // [GANTT] // Canvases are ready to be used!
11/27/2025 06:00 // INFO // [GANTT] // Ruler drawn: 99 ticks and 50 labels.
11/27/2025 06:00 // INFO // [MODIFY] // Zoom level changed to 0,4651162790697672, scale set to 13,804286094012406!
11/27/2025 06:00 // INFO // [GANTT] // Gantt chart rendered with 6 items on canvas.
11/27/2025 06:00 // INFO // [GANTT] // Canvas resized to 1449,032816866306x110 to fit all Gantt items.
11/27/2025 06:00 // INFO // [GANTT] // Canvases are ready to be used!
11/27/2025 06:00 // INFO // [GANTT] // Ruler drawn: 99 ticks and 50 labels.
11/27/2025 06:00 // INFO // [MODIFY] // Zoom level changed to 0,4610717896865518, scale set to 13,765640988431693!
11/27/2025 06:00 // INFO // [GANTT] // Gantt chart rendered with 6 items on canvas.
11/27/2025 06:00 // INFO // [GANTT] // Canvas resized to 1445,2561988445848x110 to fit all Gantt items.
11/27/2025 06:00 // INFO // [GANTT] // Canvases are ready to be used!
11/27/2025 06:00 // INFO // [GANTT] // Ruler drawn: 99 ticks and 50 labels.
11/27/2025 06:00 // INFO // [MODIFY] // Zoom level changed to 0,45702730030333694, scale set to 13,727104069842703!
11/27/2025 06:00 // INFO // [GANTT] // Gantt chart rendered with 6 items on canvas.
11/27/2025 06:00 // INFO // [GANTT] // Canvas resized to 1437,734651134942x110 to fit all Gantt items.
11/27/2025 06:00 // INFO // [GANTT] // Canvases are ready to be used!
11/27/2025 06:00 // INFO // [GANTT] // Ruler drawn: 99 ticks and 50 labels.
11/27/2025 06:00 // INFO // [MODIFY] // Zoom level changed to 0,4489383215369057, scale set to 13,650353583009611!
11/27/2025 06:00 // INFO // [GANTT] // Gantt chart rendered with 6 items on canvas.
11/27/2025 06:00 // INFO // [GANTT] // Canvas resized to 1433,9896623336374x110 to fit all Gantt items.
11/27/2025 06:00 // INFO // [GANTT] // Canvases are ready to be used!
11/27/2025 06:00 // INFO // [GANTT] // Ruler drawn: 99 ticks and 50 labels.
11/27/2025 06:00 // INFO // [MODIFY] // Zoom level changed to 0,4448938321536908, scale set to 13,612139411567728!
11/27/2025 06:00 // INFO // [GANTT] // Gantt chart rendered with 6 items on canvas.
11/27/2025 06:00 // INFO // [GANTT] // Canvas resized to 1422,8174831986755x110 to fit all Gantt items.
11/27/2025 06:00 // INFO // [GANTT] // Canvases are ready to be used!
11/27/2025 06:00 // INFO // [GANTT] // Ruler drawn: 99 ticks and 50 labels.
11/27/2025 06:00 // INFO // [MODIFY] // Zoom level changed to 0,4327603640040443, scale set to 13,498137583659954!
11/27/2025 06:00 // INFO // [GANTT] // Gantt chart rendered with 6 items on canvas.
11/27/2025 06:00 // INFO // [GANTT] // Canvas resized to 1419,1142550162056x110 to fit all Gantt items.
11/27/2025 06:00 // INFO // [GANTT] // Canvases are ready to be used!
11/27/2025 06:00 // INFO // [GANTT] // Ruler drawn: 99 ticks and 50 labels.
11/27/2025 06:00 // INFO // [MODIFY] // Zoom level changed to 0,4287158746208289, scale set to 13,46034954098169!
11/27/2025 06:00 // INFO // [GANTT] // Gantt chart rendered with 6 items on canvas.
11/27/2025 06:00 // INFO // [GANTT] // Canvas resized to 1411,7388711955657x110 to fit all Gantt items.
11/27/2025 06:00 // INFO // [GANTT] // Canvases are ready to be used!
11/27/2025 06:00 // INFO // [GANTT] // Ruler drawn: 99 ticks and 50 labels.
11/27/2025 06:00 // INFO // [MODIFY] // Zoom level changed to 0,42062689585439816, scale set to 13,38509052240373!
11/27/2025 06:00 // INFO // [GANTT] // Gantt chart rendered with 6 items on canvas.
11/27/2025 06:00 // INFO // [GANTT] // Canvas resized to 1400,7530426984752x110 to fit all Gantt items.
11/27/2025 06:00 // INFO // [GANTT] // Canvases are ready to be used!
11/27/2025 06:00 // INFO // [GANTT] // Ruler drawn: 99 ticks and 50 labels.
11/27/2025 06:00 // INFO // [MODIFY] // Zoom level changed to 0,40849342770475205, scale set to 13,272990231617094!
11/27/2025 06:00 // INFO // [GANTT] // Gantt chart rendered with 6 items on canvas.
11/27/2025 06:00 // INFO // [GANTT] // Canvas resized to 1397,1115839278318x110 to fit all Gantt items.
11/27/2025 06:00 // INFO // [GANTT] // Canvases are ready to be used!
11/27/2025 06:00 // INFO // [GANTT] // Ruler drawn: 99 ticks and 50 labels.
11/27/2025 06:00 // INFO // [MODIFY] // Zoom level changed to 0,40444893832153667, scale set to 13,235832489059508!
11/27/2025 06:00 // INFO // [GANTT] // Gantt chart rendered with 6 items on canvas.
11/27/2025 06:00 // INFO // [GANTT] // Canvas resized to 1389,8592206444491x110 to fit all Gantt items.
11/27/2025 06:00 // INFO // [GANTT] // Canvases are ready to be used!
11/27/2025 06:00 // INFO // [GANTT] // Ruler drawn: 99 ticks and 50 labels.
11/27/2025 06:00 // INFO // [MODIFY] // Zoom level changed to 0,39635995955510595, scale set to 13,161828782086216!
11/27/2025 06:00 // INFO // [GANTT] // Gantt chart rendered with 6 items on canvas.
11/27/2025 06:00 // INFO // [GANTT] // Canvas resized to 1386,248259133902x110 to fit all Gantt items.
11/27/2025 06:00 // INFO // [GANTT] // Canvases are ready to be used!
11/27/2025 06:00 // INFO // [GANTT] // Ruler drawn: 99 ticks and 50 labels.
11/27/2025 06:00 // INFO // [MODIFY] // Zoom level changed to 0,39231547017189056, scale set to 13,124982236060223!
11/27/2025 06:00 // INFO // [GANTT] // Gantt chart rendered with 6 items on canvas.
11/27/2025 06:00 // INFO // [GANTT] // Canvas resized to 1379,0566344784424x110 to fit all Gantt items.
11/27/2025 06:00 // INFO // [GANTT] // Canvases are ready to be used!
11/27/2025 06:00 // INFO // [GANTT] // Ruler drawn: 99 ticks and 50 labels.
11/27/2025 06:00 // INFO // [MODIFY] // Zoom level changed to 0,38422649140545984, scale set to 13,051598311004515!
11/27/2025 06:00 // INFO // [GANTT] // Gantt chart rendered with 6 items on canvas.
11/27/2025 06:00 // INFO // [GANTT] // Canvas resized to 1375,475914813079x110 to fit all Gantt items.
11/27/2025 06:00 // INFO // [GANTT] // Canvases are ready to be used!
11/27/2025 06:00 // INFO // [GANTT] // Ruler drawn: 99 ticks and 50 labels.
11/27/2025 06:00 // INFO // [MODIFY] // Zoom level changed to 0,38018200202224445, scale set to 13,015060355235502!
11/27/2025 06:00 // INFO // [GANTT] // Gantt chart rendered with 6 items on canvas.
11/27/2025 06:00 // INFO // [GANTT] // Canvas resized to 1368,3445200988185x110 to fit all Gantt items.
11/27/2025 06:00 // INFO // [GANTT] // Canvases are ready to be used!
11/27/2025 06:00 // INFO // [GANTT] // Ruler drawn: 99 ticks and 50 labels.
11/27/2025 06:00 // INFO // [MODIFY] // Zoom level changed to 0,3720930232558137, scale set to 12,942291021416516!
11/27/2025 06:00 // INFO // [GANTT] // Gantt chart rendered with 6 items on canvas.
11/27/2025 06:00 // INFO // [GANTT] // Canvas resized to 1364,7937890028297x110 to fit all Gantt items.
11/27/2025 06:00 // INFO // [GANTT] // Canvases are ready to be used!
11/27/2025 06:00 // INFO // [GANTT] // Ruler drawn: 99 ticks and 50 labels.
11/27/2025 06:00 // INFO // [MODIFY] // Zoom level changed to 0,36804853387259834, scale set to 12,906059071457445!
11/27/2025 06:00 // INFO // [GANTT] // Gantt chart rendered with 6 items on canvas.
11/27/2025 06:00 // INFO // [GANTT] // Canvas resized to 1361,2529981802572x110 to fit all Gantt items.
11/27/2025 06:00 // INFO // [GANTT] // Canvases are ready to be used!
11/27/2025 06:00 // INFO // [GANTT] // Ruler drawn: 99 ticks and 50 labels.
11/27/2025 06:00 // INFO // [MODIFY] // Zoom level changed to 0,36400404448938295, scale set to 12,869928552859767!
11/27/2025 06:00 // INFO // [GANTT] // Gantt chart rendered with 6 items on canvas.
11/27/2025 06:00 // INFO // [GANTT] // Canvas resized to 1357,7221198033012x110 to fit all Gantt items.
11/27/2025 06:00 // INFO // [GANTT] // Canvases are ready to be used!
11/27/2025 06:00 // INFO // [GANTT] // Ruler drawn: 99 ticks and 50 labels.
11/27/2025 06:00 // INFO // [MODIFY] // Zoom level changed to 0,35995955510616806, scale set to 12,83389918166634!
11/27/2025 06:00 // INFO // [GANTT] // Gantt chart rendered with 6 items on canvas.
11/27/2025 06:00 // INFO // [GANTT] // Canvas resized to 1350,6899894643382x110 to fit all Gantt items.
11/27/2025 06:00 // INFO // [GANTT] // Canvases are ready to be used!
11/27/2025 06:00 // INFO // [GANTT] // Ruler drawn: 99 ticks and 50 labels.
11/27/2025 06:00 // INFO // [MODIFY] // Zoom level changed to 0,35187057633973734, scale set to 12,762142749636103!
11/27/2025 06:00 // INFO // [GANTT] // Gantt chart rendered with 6 items on canvas.
11/27/2025 06:00 // INFO // [GANTT] // Canvas resized to 1347,1886822353786x110 to fit all Gantt items.
11/27/2025 06:00 // INFO // [GANTT] // Canvases are ready to be used!
11/27/2025 06:00 // INFO // [GANTT] // Ruler drawn: 99 ticks and 50 labels.
11/27/2025 06:00 // INFO // [MODIFY] // Zoom level changed to 0,34782608695652195, scale set to 12,726415124850803!
11/27/2025 06:00 // INFO // [GANTT] // Gantt chart rendered with 6 items on canvas.
11/27/2025 06:00 // INFO // [GANTT] // Canvas resized to 1343,6971769176962x110 to fit all Gantt items.
11/27/2025 06:00 // INFO // [GANTT] // Canvases are ready to be used!
11/27/2025 06:00 // INFO // [GANTT] // Ruler drawn: 99 ticks and 50 labels.
11/27/2025 06:00 // INFO // [MODIFY] // Zoom level changed to 0,34378159757330656, scale set to 12,690787519568328!
11/27/2025 06:00 // INFO // [GANTT] // Gantt chart rendered with 6 items on canvas.
11/27/2025 06:00 // INFO // [GANTT] // Canvas resized to 1340,2154460708346x110 to fit all Gantt items.
11/27/2025 06:00 // INFO // [GANTT] // Canvases are ready to be used!
11/27/2025 06:00 // INFO // [GANTT] // Ruler drawn: 99 ticks and 50 labels.
11/27/2025 06:00 // INFO // [MODIFY] // Zoom level changed to 0,33973710819009073, scale set to 12,655259653784025!
11/27/2025 06:00 // INFO // [GANTT] // Gantt chart rendered with 6 items on canvas.
11/27/2025 06:00 // INFO // [GANTT] // Canvas resized to 1333,2811984116386x110 to fit all Gantt items.
11/27/2025 06:00 // INFO // [GANTT] // Canvases are ready to be used!
11/27/2025 06:00 // INFO // [GANTT] // Ruler drawn: 99 ticks and 50 labels.
11/27/2025 06:00 // INFO // [MODIFY] // Zoom level changed to 0,33164812942366045, scale set to 12,584502024608557!
11/27/2025 06:00 // INFO // [GANTT] // Gantt chart rendered with 6 items on canvas.
11/27/2025 06:00 // INFO // [GANTT] // Canvas resized to 1329,8286271016304x110 to fit all Gantt items.
11/27/2025 06:00 // INFO // [GANTT] // Canvases are ready to be used!
11/27/2025 06:00 // INFO // [GANTT] // Ruler drawn: 99 ticks and 50 labels.
11/27/2025 06:00 // INFO // [MODIFY] // Zoom level changed to 0,3276036400404446, scale set to 12,549271705118677!
11/27/2025 06:00 // INFO // [EXITUS] // Shutting down...
