11/27/2025 05:59 // INFO // [INITIALIZATION] // Beginning initialization...
11/27/2025 05:59 // INFO // [INITIALIZATION] // Johnson's Rule solver added!
11/27/2025 05:59 // INFO // [INITIALIZATION] // List Scheduling solver added!
11/27/2025 05:59 // INFO // [INITIALIZATION] // Solver menu successfully built!
11/27/2025 05:59 // INFO // [CONSTRAINT] // Saving and closing are disabled for as long as there are no files opened.
11/27/2025 05:59 // INFO // [INITIALIZATION] // Initialization complete!
11/27/2025 05:59 // WARNING // [S_GRAPH] // User tried to draw a graph with no BatchML file loaded!
11/27/2025 05:59 // INFO // [S_GRAPH] // Node J1_M1 at 100;50
11/27/2025 05:59 // INFO // [S_GRAPH] // Node J1_M2 at 400;50
11/27/2025 05:59 // INFO // [S_GRAPH] // Node P1 at 700;50
11/27/2025 05:59 // INFO // [S_GRAPH] // Node J2_M1 at 100;200
11/27/2025 05:59 // INFO // [S_GRAPH] // Node J2_M2 at 400;200
11/27/2025 05:59 // INFO // [S_GRAPH] // Node P2 at 700;200
11/27/2025 05:59 // INFO // [S_GRAPH] // Node J3_M1 at 100;350
11/27/2025 05:59 // INFO // [S_GRAPH] // Node J3_M2 at 400;350
11/27/2025 05:59 // INFO // [S_GRAPH] // Node P3 at 700;350
11/27/2025 05:59 // INFO // [S_GRAPH] // Curve value of edge (J1_M1 to J1_M2) set to 25,00
11/27/2025 05:59 // INFO // [S_GRAPH] // Edge drawn from (170,0;85,0) to (400,0;85,0)!
11/27/2025 05:59 // INFO // [S_GRAPH] // Weight 1 drawn at (285;97,5)!
11/27/2025 05:59 // INFO // [S_GRAPH] // Edge from J1_M1 to J1_M2 with cost 0 drawn.
11/27/2025 05:59 // INFO // [S_GRAPH] // Edge drawn from (470,0;85,0) to (700,0;85,0)!
11/27/2025 05:59 // INFO // [S_GRAPH] // Weight 38 drawn at (585;85)!
11/27/2025 05:59 // INFO // [S_GRAPH] // Edge from J1_M2 to P1 with cost 0 drawn.
11/27/2025 05:59 // INFO // [S_GRAPH] // Curve value of edge (J2_M1 to J2_M2) set to 25,00
11/27/2025 05:59 // INFO // [S_GRAPH] // Edge drawn from (170,0;235,0) to (400,0;235,0)!
11/27/2025 05:59 // INFO // [S_GRAPH] // Weight 37 drawn at (285;247,5)!
11/27/2025 05:59 // INFO // [S_GRAPH] // Edge from J2_M1 to J2_M2 with cost 0 drawn.
11/27/2025 05:59 // INFO // [S_GRAPH] // Edge drawn from (470,0;235,0) to (700,0;235,0)!
11/27/2025 05:59 // INFO // [S_GRAPH] // Weight 14 drawn at (585;235)!
11/27/2025 05:59 // INFO // [S_GRAPH] // Edge from J2_M2 to P2 with cost 0 drawn.
11/27/2025 05:59 // INFO // [S_GRAPH] // Curve value of edge (J3_M1 to J3_M2) set to 25,00
11/27/2025 05:59 // INFO // [S_GRAPH] // Edge drawn from (170,0;385,0) to (400,0;385,0)!
11/27/2025 05:59 // INFO // [S_GRAPH] // Weight 2 drawn at (285;397,5)!
11/27/2025 05:59 // INFO // [S_GRAPH] // Edge from J3_M1 to J3_M2 with cost 0 drawn.
11/27/2025 05:59 // INFO // [S_GRAPH] // Edge drawn from (470,0;385,0) to (700,0;385,0)!
11/27/2025 05:59 // INFO // [S_GRAPH] // Weight 22 drawn at (585;385)!
11/27/2025 05:59 // INFO // [S_GRAPH] // Edge from J3_M2 to P3 with cost 0 drawn.
11/27/2025 05:59 // INFO // [S_GRAPH] // Canvas resized to 820x470!
11/27/2025 05:59 // INFO // [CONSTRAINT] // Saving and closing are disabled for as long as there are no files opened.
11/27/2025 05:59 // INFO // [INITIALIZATION] // Johnson's Rule solver enabled!
11/27/2025 05:59 // INFO // [INITIALIZATION] // List Scheduling solver enabled!
11/27/2025 05:59 // INFO // [INITIALIZATION] //  solver enabled!
11/27/2025 05:59 // INFO // [CONSTRAINT] // Saving and closing are disabled for as long as there are no files opened.
11/27/2025 05:59 // INFO // [INTEG_SOLVER] // Johnson's Rule solver selected!
11/27/2025 05:59 // INFO // [INTEG_SOLVER] // Starting Johnson's Rule solver...
11/27/2025 05:59 // INFO // [Johnson's Rule Optimizer] // Job J1 assigned to S1 (TimeM1: 1, TimeM2: 38).
11/27/2025 05:59 // INFO // [Johnson's Rule Optimizer] // Job J2 assigned to S2 (TimeM1: 37, TimeM2: 14).
11/27/2025 05:59 // INFO // [Johnson's Rule Optimizer] // Job J3 assigned to S1 (TimeM1: 2, TimeM2: 22).
11/27/2025 05:59 // INFO // [Johnson's Rule Optimizer] // S1 sorted in ascending order of TimeM1 and S2 sorted in descending order of TimeM2.
11/27/2025 05:59 // INFO // [Johnson's Rule Optimizer] // Optimized job sequence: System.Collections.Generic.List`1[System.String]
11/27/2025 05:59 // INFO // [Johnson's Rule Optimizer] // Cleared all existing S-Graph edges for sequence rebuild.
11/27/2025 05:59 // INFO // [Johnson's Rule Optimizer] // Added technological edge from J1_M1 to J1_M2 with cost 1.
11/27/2025 05:59 // INFO // [Johnson's Rule Optimizer] // Added technological edge from J2_M1 to J2_M2 with cost 37.
11/27/2025 05:59 // INFO // [Johnson's Rule Optimizer] // Added technological edge from J3_M1 to J3_M2 with cost 2.
11/27/2025 05:59 // INFO // [Johnson's Rule Optimizer] // Added zero-cost sequential edge from J1_M1 to J3_M1.
11/27/2025 05:59 // INFO // [Johnson's Rule Optimizer] // Added zero-cost sequential edge from J1_M2 to J3_M2.
11/27/2025 05:59 // INFO // [Johnson's Rule Optimizer] // Added zero-cost sequential edge from J3_M1 to J2_M1.
11/27/2025 05:59 // INFO // [Johnson's Rule Optimizer] // Added zero-cost sequential edge from J3_M2 to J2_M2.
11/27/2025 05:59 // INFO // [Johnson's Rule Optimizer] // Added terminating edge from J1_M2 to P1.
11/27/2025 05:59 // INFO // [Johnson's Rule Optimizer] // Added terminating edge from J3_M2 to P3.
11/27/2025 05:59 // INFO // [Johnson's Rule Optimizer] // Added terminating edge from J2_M2 to P2.
11/27/2025 05:59 // INFO // [Johnson's Rule Optimizer] // Graph rebuilt with necessary technological constraints (cost = duration) and zero-cost sequential constraints.
11/27/2025 05:59 // INFO // [Johnson's Rule Optimizer] // Starting topological sort using Kahn's algorithm.
11/27/2025 05:59 // INFO // [Johnson's Rule Optimizer] // Node J1_M1 added to topological order.
11/27/2025 05:59 // INFO // [Johnson's Rule Optimizer] // Decreased in-degree of J1_M2 to 0.
11/27/2025 05:59 // INFO // [Johnson's Rule Optimizer] // Decreased in-degree of J3_M1 to 0.
11/27/2025 05:59 // INFO // [Johnson's Rule Optimizer] // Node J1_M2 added to topological order.
11/27/2025 05:59 // INFO // [Johnson's Rule Optimizer] // Decreased in-degree of J3_M2 to 1.
11/27/2025 05:59 // INFO // [Johnson's Rule Optimizer] // Decreased in-degree of P1 to 0.
11/27/2025 05:59 // INFO // [Johnson's Rule Optimizer] // Node J3_M1 added to topological order.
11/27/2025 05:59 // INFO // [Johnson's Rule Optimizer] // Decreased in-degree of J3_M2 to 0.
11/27/2025 05:59 // INFO // [Johnson's Rule Optimizer] // Decreased in-degree of J2_M1 to 0.
11/27/2025 05:59 // INFO // [Johnson's Rule Optimizer] // Node P1 added to topological order.
11/27/2025 05:59 // INFO // [Johnson's Rule Optimizer] // Node J3_M2 added to topological order.
11/27/2025 05:59 // INFO // [Johnson's Rule Optimizer] // Decreased in-degree of J2_M2 to 1.
11/27/2025 05:59 // INFO // [Johnson's Rule Optimizer] // Decreased in-degree of P3 to 0.
11/27/2025 05:59 // INFO // [Johnson's Rule Optimizer] // Node J2_M1 added to topological order.
11/27/2025 05:59 // INFO // [Johnson's Rule Optimizer] // Decreased in-degree of J2_M2 to 0.
11/27/2025 05:59 // INFO // [Johnson's Rule Optimizer] // Node P3 added to topological order.
11/27/2025 05:59 // INFO // [Johnson's Rule Optimizer] // Node J2_M2 added to topological order.
11/27/2025 05:59 // INFO // [Johnson's Rule Optimizer] // Decreased in-degree of P2 to 0.
11/27/2025 05:59 // INFO // [Johnson's Rule Optimizer] // Node P2 added to topological order.
11/27/2025 05:59 // INFO // [Johnson's Rule Optimizer] // Topological sort completed successfully.
11/27/2025 05:59 // INFO // [GANTT] // Node J1_M1 EST is 0 (no predecessors).
11/27/2025 05:59 // INFO // [GANTT] // Node J1_M2 EST is determined by J1_M1 (EST: 1,00).
11/27/2025 05:59 // INFO // [GANTT] // Node J3_M1 EST is determined by J1_M1 (EST: 1,00).
11/27/2025 05:59 // INFO // [GANTT] // Node J3_M2 EST is determined by J1_M2 (EST: 39,00).
11/27/2025 05:59 // INFO // [GANTT] // Node J2_M1 EST is determined by J3_M1 (EST: 3,00).
11/27/2025 05:59 // INFO // [GANTT] // Node J2_M2 EST is determined by J3_M2 (EST: 61,00).
11/27/2025 05:59 // INFO // [GANTT] // Gantt chart built with 6 items from path with 9 nodes.
11/27/2025 05:59 // INFO // [GANTT] // Gantt data built with 6 items from optimized path using Johnson's Rule!
11/27/2025 05:59 // INFO // [GANTT] // Canvases are ready to be used!
11/27/2025 05:59 // INFO // [GANTT] // Ruler drawn: 76 ticks and 38 labels.
11/27/2025 05:59 // INFO // [GANTT] // Gantt chart rendered with 6 items on canvas.
11/27/2025 05:59 // INFO // [GANTT] // Canvas resized to 850x110 to fit all Gantt items.
11/27/2025 05:59 // INFO // [GANTT] // Johnson's Rule schedule rendered successfully!
11/27/2025 05:59 // INFO // [CONSTRAINT] // Saving and closing are disabled for as long as there are no files opened.
11/27/2025 05:59 // INFO // [S_GRAPH] // Node J1_M1 at 100;50
11/27/2025 05:59 // INFO // [S_GRAPH] // Node J1_M2 at 400;50
11/27/2025 05:59 // INFO // [S_GRAPH] // Node P1 at 700;50
11/27/2025 05:59 // INFO // [S_GRAPH] // Node J2_M1 at 100;200
11/27/2025 05:59 // INFO // [S_GRAPH] // Node J2_M2 at 400;200
11/27/2025 05:59 // INFO // [S_GRAPH] // Node P2 at 700;200
11/27/2025 05:59 // INFO // [S_GRAPH] // Node J3_M1 at 100;350
11/27/2025 05:59 // INFO // [S_GRAPH] // Node J3_M2 at 400;350
11/27/2025 05:59 // INFO // [S_GRAPH] // Node P3 at 700;350
11/27/2025 05:59 // INFO // [S_GRAPH] // Curve value of edge (J1_M1 to J1_M2) set to 25,00
11/27/2025 05:59 // INFO // [S_GRAPH] // Edge drawn from (170,0;85,0) to (400,0;85,0)!
11/27/2025 05:59 // INFO // [S_GRAPH] // Weight 1 drawn at (285;97,5)!
11/27/2025 05:59 // INFO // [S_GRAPH] // Edge from J1_M1 to J1_M2 with cost 0 drawn.
11/27/2025 05:59 // INFO // [S_GRAPH] // Curve value of edge (J2_M1 to J2_M2) set to 25,00
11/27/2025 05:59 // INFO // [S_GRAPH] // Edge drawn from (170,0;235,0) to (400,0;235,0)!
11/27/2025 05:59 // INFO // [S_GRAPH] // Weight 37 drawn at (285;247,5)!
11/27/2025 05:59 // INFO // [S_GRAPH] // Edge from J2_M1 to J2_M2 with cost 0 drawn.
11/27/2025 05:59 // INFO // [S_GRAPH] // Curve value of edge (J3_M1 to J3_M2) set to 25,00
11/27/2025 05:59 // INFO // [S_GRAPH] // Edge drawn from (170,0;385,0) to (400,0;385,0)!
11/27/2025 05:59 // INFO // [S_GRAPH] // Weight 2 drawn at (285;397,5)!
11/27/2025 05:59 // INFO // [S_GRAPH] // Edge from J3_M1 to J3_M2 with cost 0 drawn.
11/27/2025 05:59 // INFO // [S_GRAPH] // Curve value of edge (J1_M1 to J3_M1) set to -25,00
11/27/2025 05:59 // INFO // [S_GRAPH] // Edge drawn from (135,0;120,0) to (135,0;350,0)!
11/27/2025 05:59 // INFO // [S_GRAPH] // Weight 1 drawn at (147,5;235)!
11/27/2025 05:59 // INFO // [S_GRAPH] // Edge from J1_M1 to J3_M1 with cost 0 drawn.
11/27/2025 05:59 // INFO // [S_GRAPH] // Curve value of edge (J1_M2 to J3_M2) set to -25,00
11/27/2025 05:59 // INFO // [S_GRAPH] // Edge drawn from (435,0;120,0) to (435,0;350,0)!
11/27/2025 05:59 // INFO // [S_GRAPH] // Weight 38 drawn at (447,5;235)!
11/27/2025 05:59 // INFO // [S_GRAPH] // Edge from J1_M2 to J3_M2 with cost 0 drawn.
11/27/2025 05:59 // INFO // [S_GRAPH] // Curve value of edge (J3_M1 to J2_M1) set to -25,00
11/27/2025 05:59 // INFO // [S_GRAPH] // Edge drawn from (135,0;350,0) to (135,0;270,0)!
11/27/2025 05:59 // INFO // [S_GRAPH] // Weight 2 drawn at (122,5;310)!
11/27/2025 05:59 // INFO // [S_GRAPH] // Edge from J3_M1 to J2_M1 with cost 0 drawn.
11/27/2025 05:59 // INFO // [S_GRAPH] // Curve value of edge (J3_M2 to J2_M2) set to -25,00
11/27/2025 05:59 // INFO // [S_GRAPH] // Edge drawn from (435,0;350,0) to (435,0;270,0)!
11/27/2025 05:59 // INFO // [S_GRAPH] // Weight 22 drawn at (422,5;310)!
11/27/2025 05:59 // INFO // [S_GRAPH] // Edge from J3_M2 to J2_M2 with cost 0 drawn.
11/27/2025 05:59 // INFO // [S_GRAPH] // Edge drawn from (470,0;85,0) to (700,0;85,0)!
11/27/2025 05:59 // INFO // [S_GRAPH] // Weight 38 drawn at (585;85)!
11/27/2025 05:59 // INFO // [S_GRAPH] // Edge from J1_M2 to P1 with cost 0 drawn.
11/27/2025 05:59 // INFO // [S_GRAPH] // Edge drawn from (470,0;385,0) to (700,0;385,0)!
11/27/2025 05:59 // INFO // [S_GRAPH] // Weight 22 drawn at (585;385)!
11/27/2025 05:59 // INFO // [S_GRAPH] // Edge from J3_M2 to P3 with cost 0 drawn.
11/27/2025 05:59 // INFO // [S_GRAPH] // Edge drawn from (470,0;235,0) to (700,0;235,0)!
11/27/2025 05:59 // INFO // [S_GRAPH] // Weight 14 drawn at (585;235)!
11/27/2025 05:59 // INFO // [S_GRAPH] // Edge from J2_M2 to P2 with cost 0 drawn.
11/27/2025 05:59 // INFO // [S_GRAPH] // Canvas resized to 820x470!
11/27/2025 06:00 // INFO // [EXITUS] // Shutting down...
