11/27/2025 05:55 // INFO // [INITIALIZATION] // Beginning initialization...
11/27/2025 05:55 // INFO // [INITIALIZATION] // Johnson's Rule solver added!
11/27/2025 05:55 // INFO // [INITIALIZATION] // List Scheduling solver added!
11/27/2025 05:55 // INFO // [INITIALIZATION] // Solver menu successfully built!
11/27/2025 05:55 // INFO // [CONSTRAINT] // Saving and closing are disabled for as long as there are no files opened.
11/27/2025 05:55 // INFO // [INITIALIZATION] // Initialization complete!
11/27/2025 05:55 // WARNING // [S_GRAPH] // User tried to draw a graph with no BatchML file loaded!
11/27/2025 05:55 // INFO // [S_GRAPH] // Node J1_M1 at 100;50
11/27/2025 05:55 // INFO // [S_GRAPH] // Node J1_M2 at 400;50
11/27/2025 05:55 // INFO // [S_GRAPH] // Node P1 at 700;50
11/27/2025 05:55 // INFO // [S_GRAPH] // Node J2_M1 at 100;200
11/27/2025 05:55 // INFO // [S_GRAPH] // Node J2_M2 at 400;200
11/27/2025 05:55 // INFO // [S_GRAPH] // Node P2 at 700;200
11/27/2025 05:55 // INFO // [S_GRAPH] // Node J3_M1 at 100;350
11/27/2025 05:55 // INFO // [S_GRAPH] // Node J3_M2 at 400;350
11/27/2025 05:55 // INFO // [S_GRAPH] // Node P3 at 700;350
11/27/2025 05:55 // INFO // [S_GRAPH] // Curve value of edge (J1_M1 to J1_M2) set to 25,00
11/27/2025 05:55 // INFO // [S_GRAPH] // Edge drawn from (170,0;85,0) to (400,0;85,0)!
11/27/2025 05:55 // INFO // [S_GRAPH] // Weight 17 drawn at (285;97,5)!
11/27/2025 05:55 // INFO // [S_GRAPH] // Edge from J1_M1 to J1_M2 with cost 0 drawn.
11/27/2025 05:55 // INFO // [S_GRAPH] // Edge drawn from (470,0;85,0) to (700,0;85,0)!
11/27/2025 05:55 // INFO // [S_GRAPH] // Weight 47 drawn at (585;85)!
11/27/2025 05:55 // INFO // [S_GRAPH] // Edge from J1_M2 to P1 with cost 0 drawn.
11/27/2025 05:55 // INFO // [S_GRAPH] // Curve value of edge (J2_M1 to J2_M2) set to 25,00
11/27/2025 05:55 // INFO // [S_GRAPH] // Edge drawn from (170,0;235,0) to (400,0;235,0)!
11/27/2025 05:55 // INFO // [S_GRAPH] // Weight 48 drawn at (285;247,5)!
11/27/2025 05:55 // INFO // [S_GRAPH] // Edge from J2_M1 to J2_M2 with cost 0 drawn.
11/27/2025 05:55 // INFO // [S_GRAPH] // Edge drawn from (470,0;235,0) to (700,0;235,0)!
11/27/2025 05:55 // INFO // [S_GRAPH] // Weight 21 drawn at (585;235)!
11/27/2025 05:55 // INFO // [S_GRAPH] // Edge from J2_M2 to P2 with cost 0 drawn.
11/27/2025 05:55 // INFO // [S_GRAPH] // Curve value of edge (J3_M1 to J3_M2) set to 25,00
11/27/2025 05:55 // INFO // [S_GRAPH] // Edge drawn from (170,0;385,0) to (400,0;385,0)!
11/27/2025 05:55 // INFO // [S_GRAPH] // Weight 11 drawn at (285;397,5)!
11/27/2025 05:55 // INFO // [S_GRAPH] // Edge from J3_M1 to J3_M2 with cost 0 drawn.
11/27/2025 05:55 // INFO // [S_GRAPH] // Edge drawn from (470,0;385,0) to (700,0;385,0)!
11/27/2025 05:55 // INFO // [S_GRAPH] // Weight 5 drawn at (585;385)!
11/27/2025 05:55 // INFO // [S_GRAPH] // Edge from J3_M2 to P3 with cost 0 drawn.
11/27/2025 05:55 // INFO // [S_GRAPH] // Canvas resized to 820x470!
11/27/2025 05:55 // INFO // [CONSTRAINT] // Saving and closing are disabled for as long as there are no files opened.
11/27/2025 05:55 // INFO // [INITIALIZATION] // Johnson's Rule solver enabled!
11/27/2025 05:55 // INFO // [INITIALIZATION] // List Scheduling solver enabled!
11/27/2025 05:55 // INFO // [INITIALIZATION] //  solver enabled!
11/27/2025 05:55 // INFO // [CONSTRAINT] // Saving and closing are disabled for as long as there are no files opened.
11/27/2025 05:55 // INFO // [INTEG_SOLVER] // Johnson's Rule solver selected!
11/27/2025 05:55 // INFO // [INTEG_SOLVER] // Starting Johnson's Rule solver...
11/27/2025 05:55 // INFO // [Johnson's Rule Optimizer] // Job J1 assigned to S1 (TimeM1: 17, TimeM2: 47).
11/27/2025 05:55 // INFO // [Johnson's Rule Optimizer] // Job J2 assigned to S2 (TimeM1: 48, TimeM2: 21).
11/27/2025 05:55 // INFO // [Johnson's Rule Optimizer] // Job J3 assigned to S2 (TimeM1: 11, TimeM2: 5).
11/27/2025 05:55 // INFO // [Johnson's Rule Optimizer] // S1 sorted in ascending order of TimeM1 and S2 sorted in descending order of TimeM2.
11/27/2025 05:55 // INFO // [Johnson's Rule Optimizer] // Optimized job sequence: System.Collections.Generic.List`1[System.String]
11/27/2025 05:55 // INFO // [Johnson's Rule Optimizer] // Cleared all existing S-Graph edges for sequence rebuild.
11/27/2025 05:55 // INFO // [Johnson's Rule Optimizer] // Added technological edge from J1_M1 to J1_M2 with cost 17.
11/27/2025 05:55 // INFO // [Johnson's Rule Optimizer] // Added technological edge from J2_M1 to J2_M2 with cost 48.
11/27/2025 05:55 // INFO // [Johnson's Rule Optimizer] // Added technological edge from J3_M1 to J3_M2 with cost 11.
11/27/2025 05:55 // INFO // [Johnson's Rule Optimizer] // Added zero-cost sequential edge from J1_M1 to J2_M1.
11/27/2025 05:55 // INFO // [Johnson's Rule Optimizer] // Added zero-cost sequential edge from J1_M2 to J2_M2.
11/27/2025 05:55 // INFO // [Johnson's Rule Optimizer] // Added zero-cost sequential edge from J2_M1 to J3_M1.
11/27/2025 05:55 // INFO // [Johnson's Rule Optimizer] // Added zero-cost sequential edge from J2_M2 to J3_M2.
11/27/2025 05:55 // INFO // [Johnson's Rule Optimizer] // Added terminating edge from J1_M2 to P1.
11/27/2025 05:55 // INFO // [Johnson's Rule Optimizer] // Added terminating edge from J2_M2 to P2.
11/27/2025 05:55 // INFO // [Johnson's Rule Optimizer] // Added terminating edge from J3_M2 to P3.
11/27/2025 05:55 // INFO // [Johnson's Rule Optimizer] // Graph rebuilt with necessary technological constraints (cost = duration) and zero-cost sequential constraints.
11/27/2025 05:55 // INFO // [Johnson's Rule Optimizer] // Starting topological sort using Kahn's algorithm.
11/27/2025 05:55 // INFO // [Johnson's Rule Optimizer] // Node J1_M1 added to topological order.
11/27/2025 05:55 // INFO // [Johnson's Rule Optimizer] // Decreased in-degree of J1_M2 to 0.
11/27/2025 05:55 // INFO // [Johnson's Rule Optimizer] // Decreased in-degree of J2_M1 to 0.
11/27/2025 05:55 // INFO // [Johnson's Rule Optimizer] // Node J1_M2 added to topological order.
11/27/2025 05:55 // INFO // [Johnson's Rule Optimizer] // Decreased in-degree of J2_M2 to 1.
11/27/2025 05:55 // INFO // [Johnson's Rule Optimizer] // Decreased in-degree of P1 to 0.
11/27/2025 05:55 // INFO // [Johnson's Rule Optimizer] // Node J2_M1 added to topological order.
11/27/2025 05:55 // INFO // [Johnson's Rule Optimizer] // Decreased in-degree of J2_M2 to 0.
11/27/2025 05:55 // INFO // [Johnson's Rule Optimizer] // Decreased in-degree of J3_M1 to 0.
11/27/2025 05:55 // INFO // [Johnson's Rule Optimizer] // Node P1 added to topological order.
11/27/2025 05:55 // INFO // [Johnson's Rule Optimizer] // Node J2_M2 added to topological order.
11/27/2025 05:55 // INFO // [Johnson's Rule Optimizer] // Decreased in-degree of J3_M2 to 1.
11/27/2025 05:55 // INFO // [Johnson's Rule Optimizer] // Decreased in-degree of P2 to 0.
11/27/2025 05:55 // INFO // [Johnson's Rule Optimizer] // Node J3_M1 added to topological order.
11/27/2025 05:55 // INFO // [Johnson's Rule Optimizer] // Decreased in-degree of J3_M2 to 0.
11/27/2025 05:55 // INFO // [Johnson's Rule Optimizer] // Node P2 added to topological order.
11/27/2025 05:55 // INFO // [Johnson's Rule Optimizer] // Node J3_M2 added to topological order.
11/27/2025 05:55 // INFO // [Johnson's Rule Optimizer] // Decreased in-degree of P3 to 0.
11/27/2025 05:55 // INFO // [Johnson's Rule Optimizer] // Node P3 added to topological order.
11/27/2025 05:55 // INFO // [Johnson's Rule Optimizer] // Topological sort completed successfully.
11/27/2025 05:55 // INFO // [GANTT] // Node J1_M1 EST is 0 (no predecessors).
11/27/2025 05:55 // INFO // [GANTT] // Node J1_M2 EST is determined by J1_M1 (EST: 17,00).
11/27/2025 05:55 // INFO // [GANTT] // Node J2_M1 EST is determined by J1_M1 (EST: 17,00).
11/27/2025 05:55 // INFO // [GANTT] // Node J2_M2 EST is determined by J2_M1 (EST: 65,00).
11/27/2025 05:55 // INFO // [GANTT] // Node J3_M1 EST is determined by J2_M1 (EST: 65,00).
11/27/2025 05:55 // INFO // [GANTT] // Node J3_M2 EST is determined by J2_M2 (EST: 86,00).
11/27/2025 05:55 // INFO // [GANTT] // Gantt chart built with 6 items from path with 9 nodes.
11/27/2025 05:55 // INFO // [GANTT] // Gantt data built with 6 items from optimized path using Johnson's Rule!
11/27/2025 05:55 // INFO // [GANTT] // Canvases are ready to be used!
11/27/2025 05:55 // INFO // [GANTT] // Ruler drawn: 92 ticks and 46 labels.
11/27/2025 05:55 // INFO // [GANTT] // Gantt chart rendered with 6 items on canvas.
11/27/2025 05:55 // INFO // [GANTT] // Canvas resized to 1010x110 to fit all Gantt items.
11/27/2025 05:55 // INFO // [GANTT] // Johnson's Rule schedule rendered successfully!
11/27/2025 05:55 // INFO // [CONSTRAINT] // Saving and closing are disabled for as long as there are no files opened.
11/27/2025 05:55 // INFO // [S_GRAPH] // Node J1_M1 at 100;50
11/27/2025 05:55 // INFO // [S_GRAPH] // Node J1_M2 at 400;50
11/27/2025 05:55 // INFO // [S_GRAPH] // Node P1 at 700;50
11/27/2025 05:55 // INFO // [S_GRAPH] // Node J2_M1 at 100;200
11/27/2025 05:55 // INFO // [S_GRAPH] // Node J2_M2 at 400;200
11/27/2025 05:55 // INFO // [S_GRAPH] // Node P2 at 700;200
11/27/2025 05:55 // INFO // [S_GRAPH] // Node J3_M1 at 100;350
11/27/2025 05:55 // INFO // [S_GRAPH] // Node J3_M2 at 400;350
11/27/2025 05:55 // INFO // [S_GRAPH] // Node P3 at 700;350
11/27/2025 05:55 // INFO // [S_GRAPH] // Curve value of edge (J1_M1 to J1_M2) set to 25,00
11/27/2025 05:55 // INFO // [S_GRAPH] // Edge drawn from (170,0;85,0) to (400,0;85,0)!
11/27/2025 05:55 // INFO // [S_GRAPH] // Weight 17 drawn at (285;97,5)!
11/27/2025 05:55 // INFO // [S_GRAPH] // Edge from J1_M1 to J1_M2 with cost 0 drawn.
11/27/2025 05:55 // INFO // [S_GRAPH] // Curve value of edge (J2_M1 to J2_M2) set to 25,00
11/27/2025 05:55 // INFO // [S_GRAPH] // Edge drawn from (170,0;235,0) to (400,0;235,0)!
11/27/2025 05:55 // INFO // [S_GRAPH] // Weight 48 drawn at (285;247,5)!
11/27/2025 05:55 // INFO // [S_GRAPH] // Edge from J2_M1 to J2_M2 with cost 0 drawn.
11/27/2025 05:55 // INFO // [S_GRAPH] // Curve value of edge (J3_M1 to J3_M2) set to 25,00
11/27/2025 05:55 // INFO // [S_GRAPH] // Edge drawn from (170,0;385,0) to (400,0;385,0)!
11/27/2025 05:55 // INFO // [S_GRAPH] // Weight 11 drawn at (285;397,5)!
11/27/2025 05:55 // INFO // [S_GRAPH] // Edge from J3_M1 to J3_M2 with cost 0 drawn.
11/27/2025 05:55 // INFO // [S_GRAPH] // Curve value of edge (J1_M1 to J2_M1) set to -25,00
11/27/2025 05:55 // INFO // [S_GRAPH] // Edge drawn from (135,0;120,0) to (135,0;200,0)!
11/27/2025 05:55 // INFO // [S_GRAPH] // Weight 17 drawn at (147,5;160)!
11/27/2025 05:55 // INFO // [S_GRAPH] // Edge from J1_M1 to J2_M1 with cost 0 drawn.
11/27/2025 05:55 // INFO // [S_GRAPH] // Curve value of edge (J1_M2 to J2_M2) set to -25,00
11/27/2025 05:55 // INFO // [S_GRAPH] // Edge drawn from (435,0;120,0) to (435,0;200,0)!
11/27/2025 05:55 // INFO // [S_GRAPH] // Weight 47 drawn at (447,5;160)!
11/27/2025 05:55 // INFO // [S_GRAPH] // Edge from J1_M2 to J2_M2 with cost 0 drawn.
11/27/2025 05:55 // INFO // [S_GRAPH] // Curve value of edge (J2_M1 to J3_M1) set to -25,00
11/27/2025 05:55 // INFO // [S_GRAPH] // Edge drawn from (135,0;270,0) to (135,0;350,0)!
11/27/2025 05:55 // INFO // [S_GRAPH] // Weight 48 drawn at (147,5;310)!
11/27/2025 05:55 // INFO // [S_GRAPH] // Edge from J2_M1 to J3_M1 with cost 0 drawn.
11/27/2025 05:55 // INFO // [S_GRAPH] // Curve value of edge (J2_M2 to J3_M2) set to -25,00
11/27/2025 05:55 // INFO // [S_GRAPH] // Edge drawn from (435,0;270,0) to (435,0;350,0)!
11/27/2025 05:55 // INFO // [S_GRAPH] // Weight 21 drawn at (447,5;310)!
11/27/2025 05:55 // INFO // [S_GRAPH] // Edge from J2_M2 to J3_M2 with cost 0 drawn.
11/27/2025 05:55 // INFO // [S_GRAPH] // Edge drawn from (470,0;85,0) to (700,0;85,0)!
11/27/2025 05:55 // INFO // [S_GRAPH] // Weight 47 drawn at (585;85)!
11/27/2025 05:55 // INFO // [S_GRAPH] // Edge from J1_M2 to P1 with cost 0 drawn.
11/27/2025 05:55 // INFO // [S_GRAPH] // Edge drawn from (470,0;235,0) to (700,0;235,0)!
11/27/2025 05:55 // INFO // [S_GRAPH] // Weight 21 drawn at (585;235)!
11/27/2025 05:55 // INFO // [S_GRAPH] // Edge from J2_M2 to P2 with cost 0 drawn.
11/27/2025 05:55 // INFO // [S_GRAPH] // Edge drawn from (470,0;385,0) to (700,0;385,0)!
11/27/2025 05:55 // INFO // [S_GRAPH] // Weight 5 drawn at (585;385)!
11/27/2025 05:55 // INFO // [S_GRAPH] // Edge from J3_M2 to P3 with cost 0 drawn.
11/27/2025 05:55 // INFO // [S_GRAPH] // Canvas resized to 820x470!
11/27/2025 05:55 // INFO // [GANTT] // Gantt chart rendered with 6 items on canvas.
11/27/2025 05:55 // INFO // [GANTT] // Canvas resized to 1012,5546973154393x110 to fit all Gantt items.
11/27/2025 05:55 // INFO // [GANTT] // Canvases are ready to be used!
11/27/2025 05:55 // INFO // [GANTT] // Ruler drawn: 92 ticks and 46 labels.
11/27/2025 05:55 // INFO // [MODIFY] // Zoom level changed to 0,004044489383215369, scale set to 10,028073596872959!
11/27/2025 05:55 // INFO // [GANTT] // Gantt chart rendered with 6 items on canvas.
11/27/2025 05:55 // INFO // [GANTT] // Canvas resized to 1020,2619015808423x110 to fit all Gantt items.
11/27/2025 05:55 // INFO // [GANTT] // Canvases are ready to be used!
11/27/2025 05:55 // INFO // [GANTT] // Ruler drawn: 92 ticks and 46 labels.
11/27/2025 05:55 // INFO // [MODIFY] // Zoom level changed to 0,016177957532861477, scale set to 10,112768149240026!
11/27/2025 05:55 // INFO // [GANTT] // Gantt chart rendered with 6 items on canvas.
11/27/2025 05:55 // INFO // [GANTT] // Canvas resized to 1022,8454077450947x110 to fit all Gantt items.
11/27/2025 05:55 // INFO // [GANTT] // Canvases are ready to be used!
11/27/2025 05:55 // INFO // [GANTT] // Ruler drawn: 92 ticks and 46 labels.
11/27/2025 05:55 // INFO // [MODIFY] // Zoom level changed to 0,020222446916076844, scale set to 10,141158326869173!
11/27/2025 05:55 // INFO // [GANTT] // Gantt chart rendered with 6 items on canvas.
11/27/2025 05:55 // INFO // [GANTT] // Canvas resized to 1030,63952472658x110 to fit all Gantt items.
11/27/2025 05:55 // INFO // [GANTT] // Canvases are ready to be used!
11/27/2025 05:55 // INFO // [GANTT] // Ruler drawn: 92 ticks and 46 labels.
11/27/2025 05:55 // INFO // [MODIFY] // Zoom level changed to 0,032355915065722954, scale set to 10,226807964028353!
11/27/2025 05:55 // INFO // [GANTT] // Gantt chart rendered with 6 items on canvas.
11/27/2025 05:55 // INFO // [GANTT] // Canvas resized to 1033,2521646117018x110 to fit all Gantt items.
11/27/2025 05:55 // INFO // [GANTT] // Canvases are ready to be used!
11/27/2025 05:55 // INFO // [GANTT] // Ruler drawn: 92 ticks and 46 labels.
11/27/2025 05:55 // INFO // [MODIFY] // Zoom level changed to 0,03640040444893832, scale set to 10,255518292436284!
11/27/2025 05:55 // INFO // [GANTT] // Gantt chart rendered with 6 items on canvas.
11/27/2025 05:55 // INFO // [GANTT] // Canvas resized to 1035,8721391167144x110 to fit all Gantt items.
11/27/2025 05:55 // INFO // [GANTT] // Canvases are ready to be used!
11/27/2025 05:55 // INFO // [GANTT] // Ruler drawn: 92 ticks and 46 labels.
11/27/2025 05:55 // INFO // [MODIFY] // Zoom level changed to 0,04044489383215369, scale set to 10,284309221062795!
11/27/2025 05:55 // INFO // [GANTT] // Gantt chart rendered with 6 items on canvas.
11/27/2025 05:55 // INFO // [GANTT] // Canvas resized to 1043,7762765494526x110 to fit all Gantt items.
11/27/2025 05:55 // INFO // [GANTT] // Canvases are ready to be used!
11/27/2025 05:55 // INFO // [GANTT] // Ruler drawn: 92 ticks and 46 labels.
11/27/2025 05:55 // INFO // [MODIFY] // Zoom level changed to 0,0525783619817998, scale set to 10,371167874169808!
11/27/2025 05:55 // INFO // [GANTT] // Gantt chart rendered with 6 items on canvas.
11/27/2025 05:55 // INFO // [GANTT] // Canvas resized to 1046,4257960220639x110 to fit all Gantt items.
11/27/2025 05:55 // INFO // [GANTT] // Canvases are ready to be used!
11/27/2025 05:55 // INFO // [GANTT] // Ruler drawn: 92 ticks and 46 labels.
11/27/2025 05:55 // INFO // [MODIFY] // Zoom level changed to 0,056622851365015166, scale set to 10,400283472769933!
11/27/2025 05:55 // INFO // [GANTT] // Gantt chart rendered with 6 items on canvas.
11/27/2025 05:55 // INFO // [GANTT] // Canvas resized to 1051,7471703113351x110 to fit all Gantt items.
11/27/2025 05:55 // INFO // [GANTT] // Canvases are ready to be used!
11/27/2025 05:55 // INFO // [GANTT] // Ruler drawn: 92 ticks and 46 labels.
11/27/2025 05:55 // INFO // [MODIFY] // Zoom level changed to 0,06471183013144591, scale set to 10,458760113311374!
11/27/2025 05:55 // INFO // [GANTT] // Gantt chart rendered with 6 items on canvas.
11/27/2025 05:55 // INFO // [GANTT] // Canvas resized to 1057,0984645631065x110 to fit all Gantt items.
11/27/2025 05:55 // INFO // [GANTT] // Canvases are ready to be used!
11/27/2025 05:55 // INFO // [GANTT] // Ruler drawn: 92 ticks and 46 labels.
11/27/2025 05:55 // INFO // [MODIFY] // Zoom level changed to 0,07280080889787664, scale set to 10,517565544649523!
11/27/2025 05:55 // INFO // [GANTT] // Gantt chart rendered with 6 items on canvas.
11/27/2025 05:55 // INFO // [GANTT] // Canvas resized to 1059,785384209294x110 to fit all Gantt items.
11/27/2025 05:55 // INFO // [GANTT] // Canvases are ready to be used!
11/27/2025 05:55 // INFO // [GANTT] // Ruler drawn: 92 ticks and 46 labels.
11/27/2025 05:55 // INFO // [MODIFY] // Zoom level changed to 0,07684529828109202, scale set to 10,547092134168066!
11/27/2025 05:55 // INFO // [GANTT] // Gantt chart rendered with 6 items on canvas.
11/27/2025 05:55 // INFO // [GANTT] // Canvas resized to 1062,479847005379x110 to fit all Gantt items.
11/27/2025 05:55 // INFO // [GANTT] // Canvases are ready to be used!
11/27/2025 05:55 // INFO // [GANTT] // Ruler drawn: 92 ticks and 46 labels.
11/27/2025 05:55 // INFO // [MODIFY] // Zoom level changed to 0,08088978766430739, scale set to 10,576701615443726!
11/27/2025 05:55 // INFO // [GANTT] // Gantt chart rendered with 6 items on canvas.
11/27/2025 05:55 // INFO // [GANTT] // Canvas resized to 1065,181874127697x110 to fit all Gantt items.
11/27/2025 05:55 // INFO // [GANTT] // Canvases are ready to be used!
11/27/2025 05:55 // INFO // [GANTT] // Ruler drawn: 92 ticks and 46 labels.
11/27/2025 05:55 // INFO // [MODIFY] // Zoom level changed to 0,08493427704752277, scale set to 10,606394221183482!
11/27/2025 05:55 // INFO // [GANTT] // Gantt chart rendered with 6 items on canvas.
11/27/2025 05:55 // INFO // [GANTT] // Canvas resized to 1070,6087063537848x110 to fit all Gantt items.
11/27/2025 05:55 // INFO // [GANTT] // Canvases are ready to be used!
11/27/2025 05:55 // INFO // [GANTT] // Ruler drawn: 92 ticks and 46 labels.
11/27/2025 05:55 // INFO // [MODIFY] // Zoom level changed to 0,0930232558139535, scale set to 10,666029740151481!
11/27/2025 05:55 // INFO // [GANTT] // Gantt chart rendered with 6 items on canvas.
11/27/2025 05:55 // INFO // [GANTT] // Canvas resized to 1073,333554108141x110 to fit all Gantt items.
11/27/2025 05:55 // INFO // [GANTT] // Canvases are ready to be used!
11/27/2025 05:55 // INFO // [GANTT] // Ruler drawn: 92 ticks and 46 labels.
11/27/2025 05:55 // INFO // [MODIFY] // Zoom level changed to 0,09706774519716888, scale set to 10,695973122067484!
11/27/2025 05:55 // INFO // [GANTT] // Gantt chart rendered with 6 items on canvas.
11/27/2025 05:55 // INFO // [GANTT] // Canvas resized to 1076,0660514902365x110 to fit all Gantt items.
11/27/2025 05:55 // INFO // [GANTT] // Canvases are ready to be used!
11/27/2025 05:55 // INFO // [GANTT] // Ruler drawn: 92 ticks and 46 labels.
11/27/2025 05:55 // INFO // [MODIFY] // Zoom level changed to 0,10111223458038425, scale set to 10,726000565826777!
11/27/2025 05:55 // INFO // [GANTT] // Gantt chart rendered with 6 items on canvas.
11/27/2025 05:55 // INFO // [GANTT] // Canvas resized to 1084,3096564571401x110 to fit all Gantt items.
11/27/2025 05:55 // INFO // [GANTT] // Canvases are ready to be used!
11/27/2025 05:55 // INFO // [GANTT] // Ruler drawn: 92 ticks and 46 labels.
11/27/2025 05:55 // INFO // [MODIFY] // Zoom level changed to 0,11324570273003036, scale set to 10,816589631397145!
11/27/2025 05:55 // INFO // [GANTT] // Gantt chart rendered with 6 items on canvas.
11/27/2025 05:55 // INFO // [GANTT] // Canvas resized to 1087,072967706494x110 to fit all Gantt items.
11/27/2025 05:55 // INFO // [GANTT] // Canvases are ready to be used!
11/27/2025 05:55 // INFO // [GANTT] // Ruler drawn: 92 ticks and 46 labels.
11/27/2025 05:55 // INFO // [MODIFY] // Zoom level changed to 0,11729019211324573, scale set to 10,846955689082352!
11/27/2025 05:55 // INFO // [GANTT] // Gantt chart rendered with 6 items on canvas.
11/27/2025 05:55 // INFO // [GANTT] // Canvas resized to 1089,8440365644528x110 to fit all Gantt items.
11/27/2025 05:55 // INFO // [GANTT] // Canvases are ready to be used!
11/27/2025 05:55 // INFO // [GANTT] // Ruler drawn: 92 ticks and 46 labels.
11/27/2025 05:55 // INFO // [MODIFY] // Zoom level changed to 0,12133468149646111, scale set to 10,877406995213768!
11/27/2025 05:55 // INFO // [GANTT] // Gantt chart rendered with 6 items on canvas.
11/27/2025 05:55 // INFO // [GANTT] // Canvas resized to 1095,4095342809158x110 to fit all Gantt items.
11/27/2025 05:55 // INFO // [GANTT] // Canvases are ready to be used!
11/27/2025 05:55 // INFO // [GANTT] // Ruler drawn: 92 ticks and 46 labels.
11/27/2025 05:55 // INFO // [MODIFY] // Zoom level changed to 0,12942366026289184, scale set to 10,938566310779294!
11/27/2025 05:55 // INFO // [GANTT] // Gantt chart rendered with 6 items on canvas.
11/27/2025 05:55 // INFO // [GANTT] // Canvas resized to 1098,204006879806x110 to fit all Gantt items.
11/27/2025 05:55 // INFO // [GANTT] // Canvases are ready to be used!
11/27/2025 05:55 // INFO // [GANTT] // Ruler drawn: 92 ticks and 46 labels.
11/27/2025 05:55 // INFO // [MODIFY] // Zoom level changed to 0,1334681496461072, scale set to 10,969274800876988!
11/27/2025 05:55 // INFO // [GANTT] // Gantt chart rendered with 6 items on canvas.
11/27/2025 05:55 // INFO // [GANTT] // Canvas resized to 1101,0063245684178x110 to fit all Gantt items.
11/27/2025 05:55 // INFO // [GANTT] // Canvases are ready to be used!
11/27/2025 05:55 // INFO // [GANTT] // Ruler drawn: 92 ticks and 46 labels.
11/27/2025 05:55 // INFO // [MODIFY] // Zoom level changed to 0,13751263902932256, scale set to 11,000069500751843!
11/27/2025 05:55 // INFO // [GANTT] // Gantt chart rendered with 6 items on canvas.
11/27/2025 05:55 // INFO // [GANTT] // Canvas resized to 1103,8165093707394x110 to fit all Gantt items.
11/27/2025 05:55 // INFO // [GANTT] // Canvases are ready to be used!
11/27/2025 05:55 // INFO // [GANTT] // Ruler drawn: 92 ticks and 46 labels.
11/27/2025 05:55 // INFO // [MODIFY] // Zoom level changed to 0,14155712841253792, scale set to 11,030950652425709!
11/27/2025 05:55 // INFO // [GANTT] // Gantt chart rendered with 6 items on canvas.
11/27/2025 05:55 // INFO // [GANTT] // Canvas resized to 1109,4605687217872x110 to fit all Gantt items.
11/27/2025 05:55 // INFO // [GANTT] // Canvases are ready to be used!
11/27/2025 05:55 // INFO // [GANTT] // Ruler drawn: 92 ticks and 46 labels.
11/27/2025 05:55 // INFO // [MODIFY] // Zoom level changed to 0,14964610717896867, scale set to 11,092973282657004!
11/27/2025 05:55 // INFO // [GANTT] // Gantt chart rendered with 6 items on canvas.
11/27/2025 05:55 // INFO // [GANTT] // Canvas resized to 1112,2944876283318x110 to fit all Gantt items.
11/27/2025 05:55 // INFO // [GANTT] // Canvases are ready to be used!
11/27/2025 05:55 // INFO // [GANTT] // Ruler drawn: 92 ticks and 46 labels.
11/27/2025 05:55 // INFO // [MODIFY] // Zoom level changed to 0,15369059656218403, scale set to 11,124115248662987!
11/27/2025 05:55 // INFO // [GANTT] // Gantt chart rendered with 6 items on canvas.
11/27/2025 05:55 // INFO // [GANTT] // Canvas resized to 1115,1363623645716x110 to fit all Gantt items.
11/27/2025 05:55 // INFO // [GANTT] // Canvases are ready to be used!
11/27/2025 05:55 // INFO // [GANTT] // Ruler drawn: 92 ticks and 46 labels.
11/27/2025 05:55 // INFO // [MODIFY] // Zoom level changed to 0,1577350859453994, scale set to 11,155344641368918!
11/27/2025 05:55 // INFO // [GANTT] // Gantt chart rendered with 6 items on canvas.
11/27/2025 05:55 // INFO // [GANTT] // Canvas resized to 1117,9862152653823x110 to fit all Gantt items.
11/27/2025 05:55 // INFO // [GANTT] // Canvases are ready to be used!
11/27/2025 05:55 // INFO // [GANTT] // Ruler drawn: 92 ticks and 46 labels.
11/27/2025 05:55 // INFO // [MODIFY] // Zoom level changed to 0,16177957532861476, scale set to 11,186661706212991!
11/27/2025 05:55 // INFO // [GANTT] // Gantt chart rendered with 6 items on canvas.
11/27/2025 05:55 // INFO // [GANTT] // Canvas resized to 1123,7099452139046x110 to fit all Gantt items.
11/27/2025 05:55 // INFO // [GANTT] // Canvases are ready to be used!
11/27/2025 05:55 // INFO // [GANTT] // Ruler drawn: 92 ticks and 46 labels.
11/27/2025 05:55 // INFO // [MODIFY] // Zoom level changed to 0,1698685540950455, scale set to 11,249559837515434!
11/27/2025 05:55 // INFO // [GANTT] // Gantt chart rendered with 6 items on canvas.
11/27/2025 05:55 // INFO // [GANTT] // Canvas resized to 1126,583867245582x110 to fit all Gantt items.
11/27/2025 05:55 // INFO // [GANTT] // Canvases are ready to be used!
11/27/2025 05:55 // INFO // [GANTT] // Ruler drawn: 92 ticks and 46 labels.
11/27/2025 05:55 // INFO // [MODIFY] // Zoom level changed to 0,17391304347826086, scale set to 11,281141398303099!
11/27/2025 05:55 // INFO // [GANTT] // Gantt chart rendered with 6 items on canvas.
11/27/2025 05:55 // INFO // [GANTT] // Canvas resized to 1129,4658574101156x110 to fit all Gantt items.
11/27/2025 05:55 // INFO // [GANTT] // Canvases are ready to be used!
11/27/2025 05:55 // INFO // [GANTT] // Ruler drawn: 92 ticks and 46 labels.
11/27/2025 05:55 // INFO // [MODIFY] // Zoom level changed to 0,17795753286147623, scale set to 11,31281161989138!
11/27/2025 05:55 // INFO // [GANTT] // Gantt chart rendered with 6 items on canvas.
11/27/2025 05:55 // INFO // [GANTT] // Canvas resized to 1132,3559383576564x110 to fit all Gantt items.
11/27/2025 05:55 // INFO // [GANTT] // Canvases are ready to be used!
11/27/2025 05:55 // INFO // [GANTT] // Ruler drawn: 92 ticks and 46 labels.
11/27/2025 05:55 // INFO // [MODIFY] // Zoom level changed to 0,18200202224469159, scale set to 11,344570751183038!
11/27/2025 05:55 // INFO // [GANTT] // Gantt chart rendered with 6 items on canvas.
11/27/2025 05:55 // INFO // [GANTT] // Canvas resized to 1138,1604635204772x110 to fit all Gantt items.
11/27/2025 05:55 // INFO // [GANTT] // Canvases are ready to be used!
11/27/2025 05:55 // INFO // [GANTT] // Ruler drawn: 92 ticks and 46 labels.
11/27/2025 05:55 // INFO // [MODIFY] // Zoom level changed to 0,19009100101112233, scale set to 11,408356741983265!
11/27/2025 05:55 // INFO // [GANTT] // Gantt chart rendered with 6 items on canvas.
11/27/2025 05:55 // INFO // [GANTT] // Canvas resized to 1141,0749533547091x110 to fit all Gantt items.
11/27/2025 05:55 // INFO // [GANTT] // Canvases are ready to be used!
11/27/2025 05:55 // INFO // [GANTT] // Ruler drawn: 92 ticks and 46 labels.
11/27/2025 05:55 // INFO // [MODIFY] // Zoom level changed to 0,1941354903943377, scale set to 11,440384102799001!
11/27/2025 05:55 // INFO // [GANTT] // Gantt chart rendered with 6 items on canvas.
11/27/2025 05:55 // INFO // [GANTT] // Canvas resized to 1143,9976252102108x110 to fit all Gantt items.
11/27/2025 05:55 // INFO // [GANTT] // Canvases are ready to be used!
11/27/2025 05:55 // INFO // [GANTT] // Ruler drawn: 92 ticks and 46 labels.
11/27/2025 05:55 // INFO // [MODIFY] // Zoom level changed to 0,19817997977755306, scale set to 11,472501375936382!
11/27/2025 05:55 // INFO // [GANTT] // Gantt chart rendered with 6 items on canvas.
11/27/2025 05:55 // INFO // [GANTT] // Canvas resized to 1146,9285020568586x110 to fit all Gantt items.
11/27/2025 05:55 // INFO // [GANTT] // Canvases are ready to be used!
11/27/2025 05:55 // INFO // [GANTT] // Ruler drawn: 92 ticks and 46 labels.
11/27/2025 05:55 // INFO // [MODIFY] // Zoom level changed to 0,20222446916076842, scale set to 11,504708813811632!
11/27/2025 05:55 // INFO // [GANTT] // Gantt chart rendered with 6 items on canvas.
11/27/2025 05:55 // INFO // [GANTT] // Canvas resized to 1152,814962925705x110 to fit all Gantt items.
11/27/2025 05:55 // INFO // [GANTT] // Canvases are ready to be used!
11/27/2025 05:55 // INFO // [GANTT] // Ruler drawn: 92 ticks and 46 labels.
11/27/2025 05:55 // INFO // [MODIFY] // Zoom level changed to 0,2103134479271996, scale set to 11,56939519698577!
11/27/2025 05:55 // INFO // [GANTT] // Gantt chart rendered with 6 items on canvas.
11/27/2025 05:55 // INFO // [GANTT] // Canvas resized to 1155,7705932108042x110 to fit all Gantt items.
11/27/2025 05:55 // INFO // [GANTT] // Canvases are ready to be used!
11/27/2025 05:55 // INFO // [GANTT] // Ruler drawn: 92 ticks and 46 labels.
11/27/2025 05:55 // INFO // [MODIFY] // Zoom level changed to 0,21435793731041453, scale set to 11,60187465066818!
11/27/2025 05:55 // INFO // [GANTT] // Gantt chart rendered with 6 items on canvas.
11/27/2025 05:55 // INFO // [GANTT] // Canvas resized to 1158,734521013217x110 to fit all Gantt items.
11/27/2025 05:55 // INFO // [GANTT] // Canvases are ready to be used!
11/27/2025 05:55 // INFO // [GANTT] // Ruler drawn: 92 ticks and 46 labels.
11/27/2025 05:55 // INFO // [MODIFY] // Zoom level changed to 0,2184024266936299, scale set to 11,634445285859528!
11/27/2025 05:55 // INFO // [GANTT] // Gantt chart rendered with 6 items on canvas.
11/27/2025 05:55 // INFO // [GANTT] // Canvas resized to 1161,7067696270583x110 to fit all Gantt items.
11/27/2025 05:55 // INFO // [GANTT] // Canvases are ready to be used!
11/27/2025 05:55 // INFO // [GANTT] // Ruler drawn: 92 ticks and 46 labels.
11/27/2025 05:55 // INFO // [MODIFY] // Zoom level changed to 0,22244691607684525, scale set to 11,667107358539102!
11/27/2025 05:55 // INFO // [GANTT] // Gantt chart rendered with 6 items on canvas.
11/27/2025 05:55 // INFO // [GANTT] // Canvas resized to 1167,676322792647x110 to fit all Gantt items.
11/27/2025 05:55 // INFO // [GANTT] // Canvases are ready to be used!
11/27/2025 05:55 // INFO // [GANTT] // Ruler drawn: 92 ticks and 46 labels.
11/27/2025 05:55 // INFO // [MODIFY] // Zoom level changed to 0,230535894843276, scale set to 11,732706843875242!
11/27/2025 05:55 // INFO // [GANTT] // Gantt chart rendered with 6 items on canvas.
11/27/2025 05:55 // INFO // [GANTT] // Canvas resized to 1170,6736742603355x110 to fit all Gantt items.
11/27/2025 05:55 // INFO // [GANTT] // Canvases are ready to be used!
11/27/2025 05:55 // INFO // [GANTT] // Ruler drawn: 92 ticks and 46 labels.
11/27/2025 05:55 // INFO // [MODIFY] // Zoom level changed to 0,23458038422649136, scale set to 11,7656447720916!
11/27/2025 05:55 // INFO // [GANTT] // Gantt chart rendered with 6 items on canvas.
11/27/2025 05:55 // INFO // [GANTT] // Canvas resized to 1173,679440371703x110 to fit all Gantt items.
11/27/2025 05:55 // INFO // [GANTT] // Canvases are ready to be used!
11/27/2025 05:55 // INFO // [GANTT] // Ruler drawn: 92 ticks and 46 labels.
11/27/2025 05:55 // INFO // [MODIFY] // Zoom level changed to 0,23862487360970672, scale set to 11,798675168919814!
11/27/2025 05:55 // INFO // [GANTT] // Gantt chart rendered with 6 items on canvas.
11/27/2025 05:55 // INFO // [GANTT] // Canvas resized to 1176,6936447496817x110 to fit all Gantt items.
11/27/2025 05:55 // INFO // [GANTT] // Canvases are ready to be used!
11/27/2025 05:55 // INFO // [GANTT] // Ruler drawn: 92 ticks and 46 labels.
11/27/2025 05:55 // INFO // [MODIFY] // Zoom level changed to 0,24266936299292255, scale set to 11,831798293952545!
11/27/2025 05:55 // INFO // [GANTT] // Gantt chart rendered with 6 items on canvas.
11/27/2025 05:55 // INFO // [GANTT] // Canvas resized to 1182,747463128971x110 to fit all Gantt items.
11/27/2025 05:55 // INFO // [GANTT] // Canvases are ready to be used!
11/27/2025 05:55 // INFO // [GANTT] // Ruler drawn: 92 ticks and 46 labels.
11/27/2025 05:55 // INFO // [MODIFY] // Zoom level changed to 0,25075834175935285, scale set to 11,898323770648034!
11/27/2025 05:55 // INFO // [GANTT] // Gantt chart rendered with 6 items on canvas.
11/27/2025 05:55 // INFO // [GANTT] // Canvas resized to 1185,7871247084818x110 to fit all Gantt items.
11/27/2025 05:55 // INFO // [GANTT] // Canvases are ready to be used!
11/27/2025 05:55 // INFO // [GANTT] // Ruler drawn: 92 ticks and 46 labels.
11/27/2025 05:55 // INFO // [MODIFY] // Zoom level changed to 0,2548028311425687, scale set to 11,931726645148151!
11/27/2025 05:55 // INFO // [GANTT] // Gantt chart rendered with 6 items on canvas.
11/27/2025 05:55 // INFO // [GANTT] // Canvas resized to 1188,8353197113731x110 to fit all Gantt items.
11/27/2025 05:55 // INFO // [GANTT] // Canvases are ready to be used!
11/27/2025 05:55 // INFO // [GANTT] // Ruler drawn: 92 ticks and 46 labels.
11/27/2025 05:55 // INFO // [MODIFY] // Zoom level changed to 0,2588473205257836, scale set to 11,965223293531572!
11/27/2025 05:55 // INFO // [GANTT] // Gantt chart rendered with 6 items on canvas.
11/27/2025 05:55 // INFO // [GANTT] // Canvas resized to 1191,8920720940348x110 to fit all Gantt items.
11/27/2025 05:55 // INFO // [GANTT] // Canvases are ready to be used!
11/27/2025 05:55 // INFO // [GANTT] // Ruler drawn: 92 ticks and 46 labels.
11/27/2025 05:55 // INFO // [MODIFY] // Zoom level changed to 0,26289180990899896, scale set to 11,998813979055328!
11/27/2025 05:55 // INFO // [GANTT] // Gantt chart rendered with 6 items on canvas.
11/27/2025 05:55 // INFO // [GANTT] // Canvas resized to 1194,9574058801097x110 to fit all Gantt items.
11/27/2025 05:55 // INFO // [GANTT] // Canvases are ready to be used!
11/27/2025 05:55 // INFO // [GANTT] // Ruler drawn: 92 ticks and 46 labels.
11/27/2025 05:55 // INFO // [MODIFY] // Zoom level changed to 0,26693629929221435, scale set to 12,032498965715492!
11/27/2025 05:55 // INFO // [GANTT] // Gantt chart rendered with 6 items on canvas.
11/27/2025 05:55 // INFO // [GANTT] // Canvas resized to 1201,1139140944754x110 to fit all Gantt items.
11/27/2025 05:55 // INFO // [GANTT] // Canvases are ready to be used!
11/27/2025 05:55 // INFO // [GANTT] // Ruler drawn: 92 ticks and 46 labels.
11/27/2025 05:55 // INFO // [MODIFY] // Zoom level changed to 0,2750252780586451, scale set to 12,100152902137092!
11/27/2025 05:55 // INFO // [GANTT] // Gantt chart rendered with 6 items on canvas.
11/27/2025 05:55 // INFO // [GANTT] // Canvas resized to 1204,2051369080252x110 to fit all Gantt items.
11/27/2025 05:55 // INFO // [GANTT] // Canvases are ready to be used!
11/27/2025 05:55 // INFO // [GANTT] // Ruler drawn: 92 ticks and 46 labels.
11/27/2025 05:55 // INFO // [MODIFY] // Zoom level changed to 0,2790697674418609, scale set to 12,134122383604673!
11/27/2025 05:55 // INFO // [GANTT] // Gantt chart rendered with 6 items on canvas.
11/27/2025 05:55 // INFO // [GANTT] // Canvas resized to 1207,3050378958858x110 to fit all Gantt items.
11/27/2025 05:55 // INFO // [GANTT] // Canvases are ready to be used!
11/27/2025 05:55 // INFO // [GANTT] // Ruler drawn: 92 ticks and 46 labels.
11/27/2025 05:55 // INFO // [MODIFY] // Zoom level changed to 0,2831142568250758, scale set to 12,168187229625119!
11/27/2025 05:55 // INFO // [GANTT] // Gantt chart rendered with 6 items on canvas.
11/27/2025 05:55 // INFO // [GANTT] // Canvas resized to 1213,5309719139627x110 to fit all Gantt items.
11/27/2025 05:55 // INFO // [GANTT] // Canvases are ready to be used!
11/27/2025 05:55 // INFO // [GANTT] // Ruler drawn: 92 ticks and 46 labels.
11/27/2025 05:55 // INFO // [MODIFY] // Zoom level changed to 0,2912032355915065, scale set to 12,236604086966622!
11/27/2025 05:55 // INFO // [GANTT] // Gantt chart rendered with 6 items on canvas.
11/27/2025 05:55 // INFO // [GANTT] // Canvas resized to 1216,6570538750696x110 to fit all Gantt items.
11/27/2025 05:55 // INFO // [GANTT] // Canvases are ready to be used!
11/27/2025 05:55 // INFO // [GANTT] // Ruler drawn: 92 ticks and 46 labels.
11/27/2025 05:55 // INFO // [MODIFY] // Zoom level changed to 0,2952477249747219, scale set to 12,270956635989776!
11/27/2025 05:55 // INFO // [GANTT] // Gantt chart rendered with 6 items on canvas.
11/27/2025 05:55 // INFO // [GANTT] // Canvas resized to 1219,7919118726531x110 to fit all Gantt items.
11/27/2025 05:55 // INFO // [GANTT] // Canvases are ready to be used!
11/27/2025 05:55 // INFO // [GANTT] // Ruler drawn: 92 ticks and 46 labels.
11/27/2025 05:55 // INFO // [MODIFY] // Zoom level changed to 0,2992922143579373, scale set to 12,30540562497421!
11/27/2025 05:55 // INFO // [GANTT] // Gantt chart rendered with 6 items on canvas.
11/27/2025 05:55 // INFO // [GANTT] // Canvas resized to 1222,935570544205x110 to fit all Gantt items.
11/27/2025 05:55 // INFO // [GANTT] // Canvases are ready to be used!
11/27/2025 05:55 // INFO // [GANTT] // Ruler drawn: 92 ticks and 46 labels.
11/27/2025 05:55 // INFO // [MODIFY] // Zoom level changed to 0,3033367037411531, scale set to 12,339951324661593!
11/27/2025 05:55 // INFO // [GANTT] // Gantt chart rendered with 6 items on canvas.
11/27/2025 05:55 // INFO // [GANTT] // Canvas resized to 1229,2493888052009x110 to fit all Gantt items.
11/27/2025 05:55 // INFO // [GANTT] // Canvases are ready to be used!
11/27/2025 05:55 // INFO // [GANTT] // Ruler drawn: 92 ticks and 46 labels.
11/27/2025 05:55 // INFO // [MODIFY] // Zoom level changed to 0,3114256825075834, scale set to 12,409333942914294!
11/27/2025 05:55 // INFO // [GANTT] // Gantt chart rendered with 6 items on canvas.
11/27/2025 05:55 // INFO // [GANTT] // Canvas resized to 1232,419598016236x110 to fit all Gantt items.
11/27/2025 05:55 // INFO // [GANTT] // Canvases are ready to be used!
11/27/2025 05:55 // INFO // [GANTT] // Ruler drawn: 92 ticks and 46 labels.
11/27/2025 05:55 // INFO // [MODIFY] // Zoom level changed to 0,3154701718907988, scale set to 12,444171406771824!
11/27/2025 05:55 // INFO // [GANTT] // Gantt chart rendered with 6 items on canvas.
11/27/2025 05:55 // INFO // [GANTT] // Canvas resized to 1235,598707144811x110 to fit all Gantt items.
11/27/2025 05:55 // INFO // [GANTT] // Canvases are ready to be used!
11/27/2025 05:55 // INFO // [GANTT] // Ruler drawn: 92 ticks and 46 labels.
11/27/2025 05:55 // INFO // [MODIFY] // Zoom level changed to 0,3195146612740142, scale set to 12,479106671920999!
11/27/2025 05:55 // INFO // [GANTT] // Gantt chart rendered with 6 items on canvas.
11/27/2025 05:55 // INFO // [GANTT] // Canvas resized to 1241,9837251658x110 to fit all Gantt items.
11/27/2025 05:55 // INFO // [GANTT] // Canvases are ready to be used!
11/27/2025 05:55 // INFO // [GANTT] // Ruler drawn: 92 ticks and 46 labels.
11/27/2025 05:55 // INFO // [MODIFY] // Zoom level changed to 0,3276036400404449, scale set to 12,54927170511868!
11/27/2025 05:55 // INFO // [GANTT] // Gantt chart rendered with 6 items on canvas.
11/27/2025 05:55 // INFO // [GANTT] // Canvas resized to 1245,1896842393785x110 to fit all Gantt items.
11/27/2025 05:55 // INFO // [GANTT] // Canvases are ready to be used!
11/27/2025 05:55 // INFO // [GANTT] // Ruler drawn: 92 ticks and 46 labels.
11/27/2025 05:55 // INFO // [MODIFY] // Zoom level changed to 0,3316481294236603, scale set to 12,584502024608554!
11/27/2025 05:55 // INFO // [GANTT] // Gantt chart rendered with 6 items on canvas.
11/27/2025 05:55 // INFO // [GANTT] // Canvas resized to 1248,4046435932194x110 to fit all Gantt items.
11/27/2025 05:55 // INFO // [GANTT] // Canvases are ready to be used!
11/27/2025 05:55 // INFO // [GANTT] // Ruler drawn: 92 ticks and 46 labels.
11/27/2025 05:55 // INFO // [MODIFY] // Zoom level changed to 0,3356926188068757, scale set to 12,619831248277135!
11/27/2025 05:55 // INFO // [GANTT] // Gantt chart rendered with 6 items on canvas.
11/27/2025 05:55 // INFO // [GANTT] // Canvas resized to 1251,6286284943467x110 to fit all Gantt items.
11/27/2025 05:55 // INFO // [GANTT] // Canvases are ready to be used!
11/27/2025 05:55 // INFO // [GANTT] // Ruler drawn: 92 ticks and 46 labels.
11/27/2025 05:55 // INFO // [MODIFY] // Zoom level changed to 0,33973710819009106, scale set to 12,655259653784029!
11/27/2025 05:55 // INFO // [GANTT] // Gantt chart rendered with 6 items on canvas.
11/27/2025 05:55 // INFO // [GANTT] // Canvas resized to 1258,103776361423x110 to fit all Gantt items.
11/27/2025 05:55 // INFO // [GANTT] // Canvases are ready to be used!
11/27/2025 05:55 // INFO // [GANTT] // Ruler drawn: 92 ticks and 46 labels.
11/27/2025 05:55 // INFO // [MODIFY] // Zoom level changed to 0,3478260869565218, scale set to 12,726415124850801!
11/27/2025 05:55 // INFO // [GANTT] // Gantt chart rendered with 6 items on canvas.
11/27/2025 05:55 // INFO // [GANTT] // Canvas resized to 1261,3549902168852x110 to fit all Gantt items.
11/27/2025 05:55 // INFO // [GANTT] // Canvases are ready to be used!
11/27/2025 05:55 // INFO // [GANTT] // Ruler drawn: 92 ticks and 46 labels.
11/27/2025 05:55 // INFO // [MODIFY] // Zoom level changed to 0,3518705763397372, scale set to 12,762142749636102!
11/27/2025 05:55 // INFO // [GANTT] // Gantt chart rendered with 6 items on canvas.
11/27/2025 05:55 // INFO // [GANTT] // Canvas resized to 1264,61533139906x110 to fit all Gantt items.
11/27/2025 05:55 // INFO // [GANTT] // Canvases are ready to be used!
11/27/2025 05:55 // INFO // [GANTT] // Ruler drawn: 92 ticks and 46 labels.
11/27/2025 05:55 // INFO // [MODIFY] // Zoom level changed to 0,35591506572295256, scale set to 12,797970674714946!
11/27/2025 05:55 // INFO // [GANTT] // Gantt chart rendered with 6 items on canvas.
11/27/2025 05:55 // INFO // [GANTT] // Canvas resized to 1267,8848255316368x110 to fit all Gantt items.
11/27/2025 05:55 // INFO // [GANTT] // Canvases are ready to be used!
11/27/2025 05:55 // INFO // [GANTT] // Ruler drawn: 92 ticks and 46 labels.
11/27/2025 05:55 // INFO // [MODIFY] // Zoom level changed to 0,35995955510616795, scale set to 12,83389918166634!
11/27/2025 05:55 // INFO // [GANTT] // Gantt chart rendered with 6 items on canvas.
11/27/2025 05:55 // INFO // [GANTT] // Canvas resized to 1274,4513755026276x110 to fit all Gantt items.
11/27/2025 05:55 // INFO // [GANTT] // Canvases are ready to be used!
11/27/2025 05:55 // INFO // [GANTT] // Ruler drawn: 92 ticks and 46 labels.
11/27/2025 05:55 // INFO // [MODIFY] // Zoom level changed to 0,36804853387259867, scale set to 12,906059071457447!
11/27/2025 05:55 // INFO // [GANTT] // Gantt chart rendered with 6 items on canvas.
11/27/2025 05:55 // INFO // [GANTT] // Canvas resized to 1277,7484829489033x110 to fit all Gantt items.
11/27/2025 05:55 // INFO // [GANTT] // Canvases are ready to be used!
11/27/2025 05:55 // INFO // [GANTT] // Ruler drawn: 92 ticks and 46 labels.
11/27/2025 05:55 // INFO // [MODIFY] // Zoom level changed to 0,37209302325581406, scale set to 12,94229102141652!
11/27/2025 05:55 // INFO // [GANTT] // Gantt chart rendered with 6 items on canvas.
11/27/2025 05:55 // INFO // [GANTT] // Canvas resized to 1281,054846561708x110 to fit all Gantt items.
11/27/2025 05:55 // INFO // [GANTT] // Canvases are ready to be used!
11/27/2025 05:55 // INFO // [GANTT] // Ruler drawn: 92 ticks and 46 labels.
11/27/2025 05:55 // INFO // [MODIFY] // Zoom level changed to 0,37613751263902945, scale set to 12,978624687491298!
11/27/2025 05:55 // INFO // [GANTT] // Gantt chart rendered with 6 items on canvas.
11/27/2025 05:55 // INFO // [GANTT] // Canvas resized to 1284,3704923264308x110 to fit all Gantt items.
11/27/2025 05:55 // INFO // [GANTT] // Canvases are ready to be used!
11/27/2025 05:55 // INFO // [GANTT] // Ruler drawn: 92 ticks and 46 labels.
11/27/2025 05:55 // INFO // [MODIFY] // Zoom level changed to 0,38018200202224484, scale set to 13,015060355235505!
11/27/2025 05:55 // INFO // [GANTT] // Gantt chart rendered with 6 items on canvas.
11/27/2025 05:55 // INFO // [GANTT] // Canvas resized to 1291,0297346181424x110 to fit all Gantt items.
11/27/2025 05:55 // INFO // [GANTT] // Canvases are ready to be used!
11/27/2025 05:55 // INFO // [GANTT] // Ruler drawn: 92 ticks and 46 labels.
11/27/2025 05:55 // INFO // [MODIFY] // Zoom level changed to 0,3882709807886751, scale set to 13,088238841957608!
11/27/2025 05:55 // INFO // [GANTT] // Gantt chart rendered with 6 items on canvas.
11/27/2025 05:55 // INFO // [GANTT] // Canvas resized to 1294,3733834814807x110 to fit all Gantt items.
11/27/2025 05:55 // INFO // [GANTT] // Canvases are ready to be used!
11/27/2025 05:55 // INFO // [GANTT] // Ruler drawn: 92 ticks and 46 labels.
11/27/2025 05:55 // INFO // [MODIFY] // Zoom level changed to 0,39231547017189095, scale set to 13,124982236060227!
11/27/2025 05:55 // INFO // [GANTT] // Gantt chart rendered with 6 items on canvas.
11/27/2025 05:55 // INFO // [GANTT] // Canvas resized to 1297,726419169846x110 to fit all Gantt items.
11/27/2025 05:55 // INFO // [GANTT] // Canvases are ready to be used!
11/27/2025 05:55 // INFO // [GANTT] // Ruler drawn: 92 ticks and 46 labels.
11/27/2025 05:55 // INFO // [MODIFY] // Zoom level changed to 0,39635995955510633, scale set to 13,16182878208622!
11/27/2025 05:55 // INFO // [GANTT] // Gantt chart rendered with 6 items on canvas.
11/27/2025 05:55 // INFO // [GANTT] // Canvas resized to 1304,4607565044155x110 to fit all Gantt items.
11/27/2025 05:55 // INFO // [GANTT] // Canvases are ready to be used!
11/27/2025 05:55 // INFO // [GANTT] // Ruler drawn: 92 ticks and 46 labels.
11/27/2025 05:55 // INFO // [MODIFY] // Zoom level changed to 0,40444893832153705, scale set to 13,235832489059511!
11/27/2025 05:55 // INFO // [GANTT] // Gantt chart rendered with 6 items on canvas.
11/27/2025 05:55 // INFO // [GANTT] // Canvas resized to 1307,8421110771556x110 to fit all Gantt items.
11/27/2025 05:55 // INFO // [GANTT] // Canvases are ready to be used!
11/27/2025 05:55 // INFO // [GANTT] // Ruler drawn: 92 ticks and 46 labels.
11/27/2025 05:55 // INFO // [MODIFY] // Zoom level changed to 0,40849342770475194, scale set to 13,272990231617094!
11/27/2025 05:55 // INFO // [GANTT] // Gantt chart rendered with 6 items on canvas.
11/27/2025 05:55 // INFO // [GANTT] // Canvas resized to 1311,232958328412x110 to fit all Gantt items.
11/27/2025 05:55 // INFO // [GANTT] // Canvases are ready to be used!
11/27/2025 05:55 // INFO // [GANTT] // Ruler drawn: 92 ticks and 46 labels.
11/27/2025 05:55 // INFO // [MODIFY] // Zoom level changed to 0,41253791708796733, scale set to 13,31025228932321!
11/27/2025 05:55 // INFO // [GANTT] // Gantt chart rendered with 6 items on canvas.
11/27/2025 05:55 // INFO // [GANTT] // Canvas resized to 1314,633324907548x110 to fit all Gantt items.
11/27/2025 05:55 // INFO // [GANTT] // Canvases are ready to be used!
11/27/2025 05:55 // INFO // [GANTT] // Ruler drawn: 92 ticks and 46 labels.
11/27/2025 05:55 // INFO // [MODIFY] // Zoom level changed to 0,41658240647118316, scale set to 13,347618955028!
11/27/2025 05:55 // INFO // [GANTT] // Gantt chart rendered with 6 items on canvas.
11/27/2025 05:55 // INFO // [GANTT] // Canvas resized to 1321,4627230211895x110 to fit all Gantt items.
11/27/2025 05:55 // INFO // [GANTT] // Canvases are ready to be used!
11/27/2025 05:55 // INFO // [GANTT] // Ruler drawn: 92 ticks and 46 labels.
11/27/2025 05:55 // INFO // [MODIFY] // Zoom level changed to 0,4246713852376139, scale set to 13,422667285947139!
11/27/2025 05:55 // INFO // [GANTT] // Gantt chart rendered with 6 items on canvas.
11/27/2025 05:55 // INFO // [GANTT] // Canvas resized to 1324,891808229334x110 to fit all Gantt items.
11/27/2025 05:55 // INFO // [GANTT] // Canvases are ready to be used!
11/27/2025 05:55 // INFO // [GANTT] // Ruler drawn: 92 ticks and 46 labels.
11/27/2025 05:55 // INFO // [MODIFY] // Zoom level changed to 0,4287158746208293, scale set to 13,460349540981692!
11/27/2025 05:55 // INFO // [GANTT] // Gantt chart rendered with 6 items on canvas.
11/27/2025 05:55 // INFO // [GANTT] // Canvas resized to 1328,3305201130559x110 to fit all Gantt items.
11/27/2025 05:55 // INFO // [GANTT] // Canvases are ready to be used!
11/27/2025 05:55 // INFO // [GANTT] // Ruler drawn: 92 ticks and 46 labels.
11/27/2025 05:55 // INFO // [MODIFY] // Zoom level changed to 0,43276036400404416, scale set to 13,498137583659954!
11/27/2025 05:55 // INFO // [GANTT] // Gantt chart rendered with 6 items on canvas.
11/27/2025 05:55 // INFO // [GANTT] // Canvas resized to 1331,7788856978966x110 to fit all Gantt items.
11/27/2025 05:55 // INFO // [GANTT] // Canvases are ready to be used!
11/27/2025 05:55 // INFO // [GANTT] // Ruler drawn: 92 ticks and 46 labels.
11/27/2025 05:55 // INFO // [MODIFY] // Zoom level changed to 0,43680485338725955, scale set to 13,536031710965897!
11/27/2025 05:55 // INFO // [GANTT] // Gantt chart rendered with 6 items on canvas.
11/27/2025 05:55 // INFO // [GANTT] // Canvas resized to 1328,3305201130563x110 to fit all Gantt items.
11/27/2025 05:55 // INFO // [GANTT] // Canvases are ready to be used!
11/27/2025 05:55 // INFO // [GANTT] // Ruler drawn: 92 ticks and 46 labels.
11/27/2025 05:55 // INFO // [MODIFY] // Zoom level changed to 0,43276036400404466, scale set to 13,49813758365996!
11/27/2025 05:55 // INFO // [GANTT] // Gantt chart rendered with 6 items on canvas.
11/27/2025 05:55 // INFO // [GANTT] // Canvas resized to 1324,891808229334x110 to fit all Gantt items.
11/27/2025 05:55 // INFO // [GANTT] // Canvases are ready to be used!
11/27/2025 05:55 // INFO // [GANTT] // Ruler drawn: 92 ticks and 46 labels.
11/27/2025 05:55 // INFO // [MODIFY] // Zoom level changed to 0,4287158746208293, scale set to 13,460349540981692!
11/27/2025 05:55 // INFO // [GANTT] // Gantt chart rendered with 6 items on canvas.
11/27/2025 05:55 // INFO // [GANTT] // Canvas resized to 1318,0432375387393x110 to fit all Gantt items.
11/27/2025 05:55 // INFO // [GANTT] // Canvases are ready to be used!
11/27/2025 05:55 // INFO // [GANTT] // Ruler drawn: 92 ticks and 46 labels.
11/27/2025 05:55 // INFO // [MODIFY] // Zoom level changed to 0,42062689585439805, scale set to 13,385090522403729!
11/27/2025 05:55 // INFO // [GANTT] // Gantt chart rendered with 6 items on canvas.
11/27/2025 05:55 // INFO // [GANTT] // Canvas resized to 1314,6333249075476x110 to fit all Gantt items.
11/27/2025 05:55 // INFO // [GANTT] // Canvases are ready to be used!
11/27/2025 05:55 // INFO // [GANTT] // Ruler drawn: 92 ticks and 46 labels.
11/27/2025 05:55 // INFO // [MODIFY] // Zoom level changed to 0,41658240647118266, scale set to 13,347618955027995!
11/27/2025 05:55 // INFO // [GANTT] // Gantt chart rendered with 6 items on canvas.
11/27/2025 05:55 // INFO // [GANTT] // Canvas resized to 1311,2329583284125x110 to fit all Gantt items.
11/27/2025 05:55 // INFO // [GANTT] // Canvases are ready to be used!
11/27/2025 05:55 // INFO // [GANTT] // Ruler drawn: 92 ticks and 46 labels.
11/27/2025 05:55 // INFO // [MODIFY] // Zoom level changed to 0,4125379170879678, scale set to 13,310252289323214!
11/27/2025 05:55 // INFO // [GANTT] // Gantt chart rendered with 6 items on canvas.
11/27/2025 05:55 // INFO // [GANTT] // Canvas resized to 1301,0888680354328x110 to fit all Gantt items.
11/27/2025 05:55 // INFO // [GANTT] // Canvases are ready to be used!
11/27/2025 05:55 // INFO // [GANTT] // Ruler drawn: 92 ticks and 46 labels.
11/27/2025 05:55 // INFO // [MODIFY] // Zoom level changed to 0,40040444893832167, scale set to 13,19877876962014!
11/27/2025 05:55 // INFO // [GANTT] // Gantt chart rendered with 6 items on canvas.
11/27/2025 05:55 // INFO // [GANTT] // Canvas resized to 1297,726419169846x110 to fit all Gantt items.
11/27/2025 05:55 // INFO // [GANTT] // Canvases are ready to be used!
11/27/2025 05:55 // INFO // [GANTT] // Ruler drawn: 92 ticks and 46 labels.
11/27/2025 05:55 // INFO // [MODIFY] // Zoom level changed to 0,3963599595551063, scale set to 13,161828782086218!
11/27/2025 05:55 // INFO // [GANTT] // Gantt chart rendered with 6 items on canvas.
11/27/2025 05:55 // INFO // [GANTT] // Canvas resized to 1294,3733834814807x110 to fit all Gantt items.
11/27/2025 05:55 // INFO // [GANTT] // Canvases are ready to be used!
11/27/2025 05:55 // INFO // [GANTT] // Ruler drawn: 92 ticks and 46 labels.
11/27/2025 05:55 // INFO // [MODIFY] // Zoom level changed to 0,3923154701718909, scale set to 13,124982236060227!
11/27/2025 05:55 // INFO // [GANTT] // Gantt chart rendered with 6 items on canvas.
11/27/2025 05:55 // INFO // [GANTT] // Canvas resized to 1287,6954463014113x110 to fit all Gantt items.
11/27/2025 05:55 // INFO // [GANTT] // Canvases are ready to be used!
11/27/2025 05:55 // INFO // [GANTT] // Ruler drawn: 92 ticks and 46 labels.
11/27/2025 05:55 // INFO // [MODIFY] // Zoom level changed to 0,38422649140546017, scale set to 13,051598311004518!
11/27/2025 05:55 // INFO // [GANTT] // Gantt chart rendered with 6 items on canvas.
11/27/2025 05:55 // INFO // [GANTT] // Canvas resized to 1284,3704923264308x110 to fit all Gantt items.
11/27/2025 05:55 // INFO // [GANTT] // Canvases are ready to be used!
11/27/2025 05:55 // INFO // [GANTT] // Ruler drawn: 92 ticks and 46 labels.
11/27/2025 05:55 // INFO // [MODIFY] // Zoom level changed to 0,3801820020222448, scale set to 13,015060355235505!
11/27/2025 05:55 // INFO // [GANTT] // Gantt chart rendered with 6 items on canvas.
11/27/2025 05:55 // INFO // [GANTT] // Canvas resized to 1281,054846561708x110 to fit all Gantt items.
11/27/2025 05:55 // INFO // [GANTT] // Canvases are ready to be used!
11/27/2025 05:55 // INFO // [GANTT] // Ruler drawn: 92 ticks and 46 labels.
11/27/2025 05:55 // INFO // [MODIFY] // Zoom level changed to 0,3761375126390294, scale set to 12,978624687491296!
11/27/2025 05:55 // INFO // [GANTT] // Gantt chart rendered with 6 items on canvas.
11/27/2025 05:55 // INFO // [GANTT] // Canvas resized to 1277,7484829489033x110 to fit all Gantt items.
11/27/2025 05:55 // INFO // [GANTT] // Canvases are ready to be used!
11/27/2025 05:55 // INFO // [GANTT] // Ruler drawn: 92 ticks and 46 labels.
11/27/2025 05:55 // INFO // [MODIFY] // Zoom level changed to 0,372093023255814, scale set to 12,94229102141652!
11/27/2025 05:55 // INFO // [GANTT] // Gantt chart rendered with 6 items on canvas.
11/27/2025 05:55 // INFO // [GANTT] // Canvas resized to 1281,054846561708x110 to fit all Gantt items.
11/27/2025 05:55 // INFO // [GANTT] // Canvases are ready to be used!
11/27/2025 05:55 // INFO // [GANTT] // Ruler drawn: 92 ticks and 46 labels.
11/27/2025 05:55 // INFO // [MODIFY] // Zoom level changed to 0,3761375126390294, scale set to 12,978624687491296!
11/27/2025 05:55 // INFO // [GANTT] // Gantt chart rendered with 6 items on canvas.
11/27/2025 05:55 // INFO // [GANTT] // Canvas resized to 1284,3704923264308x110 to fit all Gantt items.
11/27/2025 05:55 // INFO // [GANTT] // Canvases are ready to be used!
11/27/2025 05:55 // INFO // [GANTT] // Ruler drawn: 92 ticks and 46 labels.
11/27/2025 05:55 // INFO // [MODIFY] // Zoom level changed to 0,3801820020222448, scale set to 13,015060355235505!
11/27/2025 05:55 // INFO // [GANTT] // Gantt chart rendered with 6 items on canvas.
11/27/2025 05:55 // INFO // [GANTT] // Canvas resized to 1287,6954463014113x110 to fit all Gantt items.
11/27/2025 05:55 // INFO // [GANTT] // Canvases are ready to be used!
11/27/2025 05:55 // INFO // [GANTT] // Ruler drawn: 92 ticks and 46 labels.
11/27/2025 05:55 // INFO // [MODIFY] // Zoom level changed to 0,38422649140546017, scale set to 13,051598311004518!
11/27/2025 05:55 // INFO // [GANTT] // Gantt chart rendered with 6 items on canvas.
11/27/2025 05:55 // INFO // [GANTT] // Canvas resized to 1291,0297346181428x110 to fit all Gantt items.
11/27/2025 05:55 // INFO // [GANTT] // Canvases are ready to be used!
11/27/2025 05:55 // INFO // [GANTT] // Ruler drawn: 92 ticks and 46 labels.
11/27/2025 05:55 // INFO // [MODIFY] // Zoom level changed to 0,38827098078867556, scale set to 13,088238841957613!
11/27/2025 05:55 // INFO // [GANTT] // Gantt chart rendered with 6 items on canvas.
11/27/2025 05:55 // INFO // [GANTT] // Canvas resized to 1294,3733834814807x110 to fit all Gantt items.
11/27/2025 05:55 // INFO // [GANTT] // Canvases are ready to be used!
11/27/2025 05:55 // INFO // [GANTT] // Ruler drawn: 92 ticks and 46 labels.
11/27/2025 05:55 // INFO // [MODIFY] // Zoom level changed to 0,39231547017189095, scale set to 13,124982236060227!
11/27/2025 05:55 // INFO // [GANTT] // Gantt chart rendered with 6 items on canvas.
11/27/2025 05:55 // INFO // [GANTT] // Canvas resized to 1297,726419169846x110 to fit all Gantt items.
11/27/2025 05:55 // INFO // [GANTT] // Canvases are ready to be used!
11/27/2025 05:55 // INFO // [GANTT] // Ruler drawn: 92 ticks and 46 labels.
11/27/2025 05:55 // INFO // [MODIFY] // Zoom level changed to 0,39635995955510633, scale set to 13,16182878208622!
11/27/2025 05:55 // INFO // [GANTT] // Gantt chart rendered with 6 items on canvas.
11/27/2025 05:55 // INFO // [GANTT] // Canvas resized to 1304,4607565044155x110 to fit all Gantt items.
11/27/2025 05:55 // INFO // [GANTT] // Canvases are ready to be used!
11/27/2025 05:55 // INFO // [GANTT] // Ruler drawn: 92 ticks and 46 labels.
11/27/2025 05:55 // INFO // [MODIFY] // Zoom level changed to 0,40444893832153705, scale set to 13,235832489059511!
11/27/2025 05:55 // INFO // [GANTT] // Gantt chart rendered with 6 items on canvas.
11/27/2025 05:55 // INFO // [GANTT] // Canvas resized to 1307,8421110771556x110 to fit all Gantt items.
11/27/2025 05:55 // INFO // [GANTT] // Canvases are ready to be used!
11/27/2025 05:55 // INFO // [GANTT] // Ruler drawn: 92 ticks and 46 labels.
11/27/2025 05:55 // INFO // [MODIFY] // Zoom level changed to 0,40849342770475194, scale set to 13,272990231617094!
11/27/2025 05:55 // INFO // [GANTT] // Gantt chart rendered with 6 items on canvas.
11/27/2025 05:55 // INFO // [GANTT] // Canvas resized to 1311,232958328412x110 to fit all Gantt items.
11/27/2025 05:55 // INFO // [GANTT] // Canvases are ready to be used!
11/27/2025 05:55 // INFO // [GANTT] // Ruler drawn: 92 ticks and 46 labels.
11/27/2025 05:55 // INFO // [MODIFY] // Zoom level changed to 0,41253791708796733, scale set to 13,31025228932321!
11/27/2025 05:55 // INFO // [GANTT] // Gantt chart rendered with 6 items on canvas.
11/27/2025 05:55 // INFO // [GANTT] // Canvas resized to 1314,633324907548x110 to fit all Gantt items.
11/27/2025 05:55 // INFO // [GANTT] // Canvases are ready to be used!
11/27/2025 05:55 // INFO // [GANTT] // Ruler drawn: 92 ticks and 46 labels.
11/27/2025 05:55 // INFO // [MODIFY] // Zoom level changed to 0,41658240647118316, scale set to 13,347618955028!
11/27/2025 05:55 // INFO // [GANTT] // Gantt chart rendered with 6 items on canvas.
11/27/2025 05:55 // INFO // [GANTT] // Canvas resized to 1321,4627230211895x110 to fit all Gantt items.
11/27/2025 05:55 // INFO // [GANTT] // Canvases are ready to be used!
11/27/2025 05:55 // INFO // [GANTT] // Ruler drawn: 92 ticks and 46 labels.
11/27/2025 05:55 // INFO // [MODIFY] // Zoom level changed to 0,4246713852376139, scale set to 13,422667285947139!
11/27/2025 05:55 // INFO // [GANTT] // Gantt chart rendered with 6 items on canvas.
11/27/2025 05:55 // INFO // [GANTT] // Canvas resized to 1324,891808229334x110 to fit all Gantt items.
11/27/2025 05:55 // INFO // [GANTT] // Canvases are ready to be used!
11/27/2025 05:55 // INFO // [GANTT] // Ruler drawn: 92 ticks and 46 labels.
11/27/2025 05:55 // INFO // [MODIFY] // Zoom level changed to 0,4287158746208293, scale set to 13,460349540981692!
11/27/2025 05:55 // INFO // [GANTT] // Gantt chart rendered with 6 items on canvas.
11/27/2025 05:55 // INFO // [GANTT] // Canvas resized to 1328,3305201130559x110 to fit all Gantt items.
11/27/2025 05:55 // INFO // [GANTT] // Canvases are ready to be used!
11/27/2025 05:55 // INFO // [GANTT] // Ruler drawn: 92 ticks and 46 labels.
11/27/2025 05:55 // INFO // [MODIFY] // Zoom level changed to 0,43276036400404416, scale set to 13,498137583659954!
11/27/2025 05:55 // INFO // [GANTT] // Gantt chart rendered with 6 items on canvas.
11/27/2025 05:55 // INFO // [GANTT] // Canvas resized to 1331,7788856978966x110 to fit all Gantt items.
11/27/2025 05:55 // INFO // [GANTT] // Canvases are ready to be used!
11/27/2025 05:55 // INFO // [GANTT] // Ruler drawn: 92 ticks and 46 labels.
11/27/2025 05:55 // INFO // [MODIFY] // Zoom level changed to 0,43680485338725955, scale set to 13,536031710965897!
11/27/2025 05:55 // INFO // [GANTT] // Gantt chart rendered with 6 items on canvas.
11/27/2025 05:55 // INFO // [GANTT] // Canvas resized to 1338,7046864526633x110 to fit all Gantt items.
11/27/2025 05:55 // INFO // [GANTT] // Canvases are ready to be used!
11/27/2025 05:55 // INFO // [GANTT] // Ruler drawn: 92 ticks and 46 labels.
11/27/2025 05:55 // INFO // [MODIFY] // Zoom level changed to 0,44489383215369077, scale set to 13,612139411567728!
11/27/2025 05:55 // INFO // [GANTT] // Gantt chart rendered with 6 items on canvas.
11/27/2025 05:55 // INFO // [GANTT] // Canvas resized to 1342,1821760538746x110 to fit all Gantt items.
11/27/2025 05:55 // INFO // [GANTT] // Canvases are ready to be used!
11/27/2025 05:55 // INFO // [GANTT] // Ruler drawn: 92 ticks and 46 labels.
11/27/2025 05:55 // INFO // [MODIFY] // Zoom level changed to 0,44893832153690566, scale set to 13,650353583009611!
11/27/2025 05:55 // INFO // [GANTT] // Gantt chart rendered with 6 items on canvas.
11/27/2025 05:55 // INFO // [GANTT] // Canvas resized to 1345,669428219206x110 to fit all Gantt items.
11/27/2025 05:55 // INFO // [GANTT] // Canvases are ready to be used!
11/27/2025 05:55 // INFO // [GANTT] // Ruler drawn: 92 ticks and 46 labels.
11/27/2025 05:55 // INFO // [MODIFY] // Zoom level changed to 0,4529828109201215, scale set to 13,688675035375892!
11/27/2025 05:55 // INFO // [GANTT] // Gantt chart rendered with 6 items on canvas.
11/27/2025 05:55 // INFO // [GANTT] // Canvas resized to 1349,1664703556855x110 to fit all Gantt items.
11/27/2025 05:55 // INFO // [GANTT] // Canvases are ready to be used!
11/27/2025 05:55 // INFO // [GANTT] // Ruler drawn: 92 ticks and 46 labels.
11/27/2025 05:55 // INFO // [MODIFY] // Zoom level changed to 0,4570273003033364, scale set to 13,727104069842698!
11/27/2025 05:55 // INFO // [GANTT] // Gantt chart rendered with 6 items on canvas.
11/27/2025 05:55 // INFO // [GANTT] // Canvas resized to 1356,1900345551287x110 to fit all Gantt items.
11/27/2025 05:55 // INFO // [GANTT] // Canvases are ready to be used!
11/27/2025 05:55 // INFO // [GANTT] // Ruler drawn: 92 ticks and 46 labels.
11/27/2025 05:55 // INFO // [MODIFY] // Zoom level changed to 0,4651162790697671, scale set to 13,804286094012404!
11/27/2025 05:55 // INFO // [GANTT] // Gantt chart rendered with 6 items on canvas.
11/27/2025 05:55 // INFO // [GANTT] // Canvas resized to 1359,7166118177222x110 to fit all Gantt items.
11/27/2025 05:55 // INFO // [GANTT] // Canvases are ready to be used!
11/27/2025 05:55 // INFO // [GANTT] // Ruler drawn: 92 ticks and 46 labels.
11/27/2025 05:55 // INFO // [MODIFY] // Zoom level changed to 0,46916076845298293, scale set to 13,84303969030464!
11/27/2025 05:55 // INFO // [GANTT] // Gantt chart rendered with 6 items on canvas.
11/27/2025 05:55 // INFO // [GANTT] // Canvas resized to 1363,253089451156x110 to fit all Gantt items.
11/27/2025 05:55 // INFO // [GANTT] // Canvases are ready to be used!
11/27/2025 05:55 // INFO // [GANTT] // Ruler drawn: 92 ticks and 46 labels.
11/27/2025 05:55 // INFO // [MODIFY] // Zoom level changed to 0,4732052578361978, scale set to 13,881902081880835!
11/27/2025 05:55 // INFO // [GANTT] // Gantt chart rendered with 6 items on canvas.
11/27/2025 05:55 // INFO // [GANTT] // Canvas resized to 1366,7994952493336x110 to fit all Gantt items.
11/27/2025 05:55 // INFO // [GANTT] // Canvases are ready to be used!
11/27/2025 05:55 // INFO // [GANTT] // Ruler drawn: 92 ticks and 46 labels.
11/27/2025 05:55 // INFO // [MODIFY] // Zoom level changed to 0,47724974721941366, scale set to 13,920873574168501!
11/27/2025 05:55 // INFO // [GANTT] // Gantt chart rendered with 6 items on canvas.
11/27/2025 05:55 // INFO // [GANTT] // Canvas resized to 1373,9222029058822x110 to fit all Gantt items.
11/27/2025 05:55 // INFO // [GANTT] // Canvases are ready to be used!
11/27/2025 05:55 // INFO // [GANTT] // Ruler drawn: 92 ticks and 46 labels.
11/27/2025 05:55 // INFO // [MODIFY] // Zoom level changed to 0,4853387259858444, scale set to 13,999145086877826!
11/27/2025 05:55 // INFO // [GANTT] // Gantt chart rendered with 6 items on canvas.
11/27/2025 05:55 // INFO // [GANTT] // Canvas resized to 1377,4985607430715x110 to fit all Gantt items.
11/27/2025 05:55 // INFO // [GANTT] // Canvases are ready to be used!
11/27/2025 05:55 // INFO // [GANTT] // Ruler drawn: 92 ticks and 46 labels.
11/27/2025 05:55 // INFO // [MODIFY] // Zoom level changed to 0,48938321536905977, scale set to 14,038445722451335!
11/27/2025 05:55 // INFO // [GANTT] // Gantt chart rendered with 6 items on canvas.
11/27/2025 05:55 // INFO // [GANTT] // Canvas resized to 1381,0849587030805x110 to fit all Gantt items.
11/27/2025 05:55 // INFO // [GANTT] // Canvases are ready to be used!
11/27/2025 05:55 // INFO // [GANTT] // Ruler drawn: 92 ticks and 46 labels.
11/27/2025 05:55 // INFO // [MODIFY] // Zoom level changed to 0,49342770475227515, scale set to 14,07785668904484!
11/27/2025 05:55 // INFO // [GANTT] // Gantt chart rendered with 6 items on canvas.
11/27/2025 05:55 // INFO // [GANTT] // Canvas resized to 1384,6814249721442x110 to fit all Gantt items.
11/27/2025 05:55 // INFO // [GANTT] // Canvases are ready to be used!
11/27/2025 05:55 // INFO // [GANTT] // Ruler drawn: 92 ticks and 46 labels.
11/27/2025 05:55 // INFO // [MODIFY] // Zoom level changed to 0,49747219413549004, scale set to 14,11737829639719!
11/27/2025 05:55 // INFO // [GANTT] // Gantt chart rendered with 6 items on canvas.
11/27/2025 05:55 // INFO // [GANTT] // Canvas resized to 1388,2879878156295x110 to fit all Gantt items.
11/27/2025 05:55 // INFO // [GANTT] // Canvases are ready to be used!
11/27/2025 05:55 // INFO // [GANTT] // Ruler drawn: 92 ticks and 46 labels.
11/27/2025 05:55 // INFO // [MODIFY] // Zoom level changed to 0,5015166835187058, scale set to 14,157010855116807!
11/27/2025 05:55 // INFO // [GANTT] // Gantt chart rendered with 6 items on canvas.
11/27/2025 05:55 // INFO // [GANTT] // Canvas resized to 1395,5315166842984x110 to fit all Gantt items.
11/27/2025 05:55 // INFO // [GANTT] // Canvases are ready to be used!
11/27/2025 05:55 // INFO // [GANTT] // Ruler drawn: 92 ticks and 46 labels.
11/27/2025 05:55 // INFO // [MODIFY] // Zoom level changed to 0,5096056622851366, scale set to 14,236610073453829!
11/27/2025 05:55 // INFO // [GANTT] // Gantt chart rendered with 6 items on canvas.
11/27/2025 05:55 // INFO // [GANTT] // Canvas resized to 1399,168539637859x110 to fit all Gantt items.
11/27/2025 05:55 // INFO // [GANTT] // Canvases are ready to be used!
11/27/2025 05:55 // INFO // [GANTT] // Ruler drawn: 92 ticks and 46 labels.
11/27/2025 05:55 // INFO // [MODIFY] // Zoom level changed to 0,5136501516683519, scale set to 14,276577358657793!
11/27/2025 05:55 // INFO // [GANTT] // Gantt chart rendered with 6 items on canvas.
11/27/2025 05:55 // INFO // [GANTT] // Canvas resized to 1402,8157730230419x110 to fit all Gantt items.
11/27/2025 05:55 // INFO // [GANTT] // Canvases are ready to be used!
11/27/2025 05:55 // INFO // [GANTT] // Ruler drawn: 92 ticks and 46 labels.
11/27/2025 05:55 // INFO // [MODIFY] // Zoom level changed to 0,5176946410515673, scale set to 14,316656846407053!
11/27/2025 05:55 // INFO // [GANTT] // Gantt chart rendered with 6 items on canvas.
11/27/2025 05:55 // INFO // [GANTT] // Canvas resized to 1410,1409858261595x110 to fit all Gantt items.
11/27/2025 05:55 // INFO // [GANTT] // Canvases are ready to be used!
11/27/2025 05:55 // INFO // [GANTT] // Ruler drawn: 92 ticks and 46 labels.
11/27/2025 05:55 // INFO // [MODIFY] // Zoom level changed to 0,525783619817998, scale set to 14,397153690397356!
11/27/2025 05:55 // INFO // [GANTT] // Gantt chart rendered with 6 items on canvas.
11/27/2025 05:55 // INFO // [GANTT] // Canvas resized to 1413,8190228144422x110 to fit all Gantt items.
11/27/2025 05:55 // INFO // [GANTT] // Canvases are ready to be used!
11/27/2025 05:55 // INFO // [GANTT] // Ruler drawn: 92 ticks and 46 labels.
11/27/2025 05:55 // INFO // [MODIFY] // Zoom level changed to 0,5298281092012134, scale set to 14,437571679279584!
11/27/2025 05:55 // INFO // [GANTT] // Gantt chart rendered with 6 items on canvas.
11/27/2025 05:55 // INFO // [GANTT] // Canvas resized to 1417,5073853754934x110 to fit all Gantt items.
11/27/2025 05:55 // INFO // [GANTT] // Canvases are ready to be used!
11/27/2025 05:55 // INFO // [GANTT] // Ruler drawn: 92 ticks and 46 labels.
11/27/2025 05:55 // INFO // [MODIFY] // Zoom level changed to 0,5338725985844283, scale set to 14,478103135994434!
11/27/2025 05:55 // INFO // [GANTT] // Gantt chart rendered with 6 items on canvas.
11/27/2025 05:55 // INFO // [GANTT] // Canvas resized to 1421,2061024969119x110 to fit all Gantt items.
11/27/2025 05:55 // INFO // [GANTT] // Canvases are ready to be used!
11/27/2025 05:55 // INFO // [GANTT] // Ruler drawn: 92 ticks and 46 labels.
11/27/2025 05:55 // INFO // [MODIFY] // Zoom level changed to 0,537917087967644, scale set to 14,518748379086944!
11/27/2025 05:55 // INFO // [GANTT] // Gantt chart rendered with 6 items on canvas.
11/27/2025 05:55 // INFO // [GANTT] // Canvas resized to 1424,9152032476711x110 to fit all Gantt items.
11/27/2025 05:55 // INFO // [GANTT] // Canvases are ready to be used!
11/27/2025 05:55 // INFO // [GANTT] // Ruler drawn: 92 ticks and 46 labels.
11/27/2025 05:55 // INFO // [MODIFY] // Zoom level changed to 0,5419615773508594, scale set to 14,559507727996387!
11/27/2025 05:55 // INFO // [GANTT] // Gantt chart rendered with 6 items on canvas.
11/27/2025 05:55 // INFO // [GANTT] // Canvas resized to 1432,3646723213797x110 to fit all Gantt items.
11/27/2025 05:55 // INFO // [GANTT] // Canvases are ready to be used!
11/27/2025 05:55 // INFO // [GANTT] // Ruler drawn: 92 ticks and 46 labels.
11/27/2025 05:55 // INFO // [MODIFY] // Zoom level changed to 0,5500505561172901, scale set to 14,641370025509667!
11/27/2025 05:55 // INFO // [GANTT] // Gantt chart rendered with 6 items on canvas.
11/27/2025 05:55 // INFO // [GANTT] // Canvas resized to 1436,105099191232x110 to fit all Gantt items.
11/27/2025 05:55 // INFO // [GANTT] // Canvases are ready to be used!
11/27/2025 05:55 // INFO // [GANTT] // Ruler drawn: 92 ticks and 46 labels.
11/27/2025 05:55 // INFO // [MODIFY] // Zoom level changed to 0,5540950455005055, scale set to 14,682473617486067!
11/27/2025 05:55 // INFO // [GANTT] // Gantt chart rendered with 6 items on canvas.
11/27/2025 05:55 // INFO // [GANTT] // Canvas resized to 1439,8560267846922x110 to fit all Gantt items.
11/27/2025 05:55 // INFO // [GANTT] // Canvases are ready to be used!
11/27/2025 05:55 // INFO // [GANTT] // Ruler drawn: 92 ticks and 46 labels.
11/27/2025 05:55 // INFO // [MODIFY] // Zoom level changed to 0,5581395348837208, scale set to 14,723692602029585!
11/27/2025 05:55 // INFO // [GANTT] // Gantt chart rendered with 6 items on canvas.
11/27/2025 05:55 // INFO // [GANTT] // Canvas resized to 1447,3895021424273x110 to fit all Gantt items.
11/27/2025 05:55 // INFO // [GANTT] // Canvases are ready to be used!
11/27/2025 05:55 // INFO // [GANTT] // Ruler drawn: 92 ticks and 46 labels.
11/27/2025 05:55 // INFO // [MODIFY] // Zoom level changed to 0,5662285136501516, scale set to 14,806478045521178!
11/27/2025 05:55 // INFO // [GANTT] // Gantt chart rendered with 6 items on canvas.
11/27/2025 05:55 // INFO // [GANTT] // Canvas resized to 1451,1721091138277x110 to fit all Gantt items.
11/27/2025 05:55 // INFO // [GANTT] // Canvases are ready to be used!
11/27/2025 05:55 // INFO // [GANTT] // Ruler drawn: 92 ticks and 46 labels.
11/27/2025 05:55 // INFO // [MODIFY] // Zoom level changed to 0,5702730030333669, scale set to 14,848045155097008!
11/27/2025 05:55 // INFO // [GANTT] // Gantt chart rendered with 6 items on canvas.
11/27/2025 05:55 // INFO // [GANTT] // Canvas resized to 1454,9653352235532x110 to fit all Gantt items.
11/27/2025 05:55 // INFO // [GANTT] // Canvases are ready to be used!
11/27/2025 05:55 // INFO // [GANTT] // Ruler drawn: 92 ticks and 46 labels.
11/27/2025 05:55 // INFO // [MODIFY] // Zoom level changed to 0,5743174924165827, scale set to 14,889728958500584!
11/27/2025 05:55 // INFO // [GANTT] // Gantt chart rendered with 6 items on canvas.
11/27/2025 05:55 // INFO // [GANTT] // Canvas resized to 1458,7692102833425x110 to fit all Gantt items.
11/27/2025 05:55 // INFO // [GANTT] // Canvases are ready to be used!
11/27/2025 05:55 // INFO // [GANTT] // Ruler drawn: 92 ticks and 46 labels.
11/27/2025 05:55 // INFO // [MODIFY] // Zoom level changed to 0,5783619817997976, scale set to 14,931529783333435!
11/27/2025 05:55 // INFO // [GANTT] // Gantt chart rendered with 6 items on canvas.
11/27/2025 05:55 // INFO // [GANTT] // Canvas resized to 1466,4090269187784x110 to fit all Gantt items.
11/27/2025 05:55 // INFO // [GANTT] // Canvases are ready to be used!
11/27/2025 05:55 // INFO // [GANTT] // Ruler drawn: 92 ticks and 92 labels.
11/27/2025 05:55 // INFO // [MODIFY] // Zoom level changed to 0,5864509605662284, scale set to 15,015483812294267!
11/27/2025 05:55 // INFO // [GANTT] // Gantt chart rendered with 6 items on canvas.
11/27/2025 05:55 // INFO // [GANTT] // Canvas resized to 1470,2450285373075x110 to fit all Gantt items.
11/27/2025 05:55 // INFO // [GANTT] // Canvases are ready to be used!
11/27/2025 05:55 // INFO // [GANTT] // Ruler drawn: 92 ticks and 92 labels.
11/27/2025 05:55 // INFO // [MODIFY] // Zoom level changed to 0,5904954499494437, scale set to 15,057637676234148!
11/27/2025 05:55 // INFO // [GANTT] // Gantt chart rendered with 6 items on canvas.
11/27/2025 05:55 // INFO // [GANTT] // Canvas resized to 1474,0917991921408x110 to fit all Gantt items.
11/27/2025 05:55 // INFO // [GANTT] // Canvases are ready to be used!
11/27/2025 05:55 // INFO // [GANTT] // Ruler drawn: 92 ticks and 92 labels.
11/27/2025 05:55 // INFO // [MODIFY] // Zoom level changed to 0,594539939332659, scale set to 15,099909881232318!
11/27/2025 05:55 // INFO // [GANTT] // Gantt chart rendered with 6 items on canvas.
11/27/2025 05:55 // INFO // [GANTT] // Canvas resized to 1477,9493691158375x110 to fit all Gantt items.
11/27/2025 05:55 // INFO // [GANTT] // Canvases are ready to be used!
11/27/2025 05:55 // INFO // [GANTT] // Ruler drawn: 92 ticks and 92 labels.
11/27/2025 05:55 // INFO // [MODIFY] // Zoom level changed to 0,5985844287158748, scale set to 15,142300759514697!
11/27/2025 05:55 // INFO // [EXITUS] // Shutting down...
