11/27/2025 06:16 // INFO // [INITIALIZATION] // Beginning initialization...
11/27/2025 06:16 // INFO // [INITIALIZATION] // Johnson's Rule solver added!
11/27/2025 06:16 // INFO // [INITIALIZATION] // List Scheduling solver added!
11/27/2025 06:16 // INFO // [INITIALIZATION] // Solver menu successfully built!
11/27/2025 06:16 // INFO // [CONSTRAINT] // Saving and closing are disabled for as long as there are no files opened.
11/27/2025 06:16 // INFO // [INITIALIZATION] // Initialization complete!
11/27/2025 06:16 // INFO // [LOAD] // Open file dialog initiated...
11/27/2025 06:16 // INFO // [LOAD] // XML document loaded from C:\Users\Phant0m\Desktop\LIPX05_THESIS_DOC\test.xml!
11/27/2025 06:16 // INFO // [LOAD] // XML element established!
11/27/2025 06:16 // INFO // [DATATABLE] // Master Recipe Table datatable displayed in new tab!
11/27/2025 06:16 // INFO // [DATATABLE] // Recipe Elements Table datatable displayed in new tab!
11/27/2025 06:16 // INFO // [DATATABLE] // Steps Table datatable displayed in new tab!
11/27/2025 06:16 // INFO // [LOAD] // BatchML file loaded and data tables populated!
11/27/2025 06:16 // INFO // [CONSTRAINT] // Saving and closing are disabled for as long as there are no files opened.
11/27/2025 06:16 // INFO // [LOAD] // BatchML file loaded from C:\Users\Phant0m\Desktop\LIPX05_THESIS_DOC\test.xml!
11/27/2025 06:16 // INFO // [DATATABLE] // InternalKey column successfully hidden in 'Recipe Elements Table.'
11/27/2025 06:16 // INFO // [DATATABLE] // InternalKey column successfully hidden in 'Recipe Elements Table.'
11/27/2025 06:16 // INFO // [DATATABLE] // InternalKey column successfully hidden in 'Recipe Elements Table.'
11/27/2025 06:16 // INFO // [S_GRAPH] // Node J1_M1 at 100;50
11/27/2025 06:16 // INFO // [S_GRAPH] // Node J1_M2 at 300;50
11/27/2025 06:16 // INFO // [S_GRAPH] // Node P1 at 450;50
11/27/2025 06:16 // INFO // [S_GRAPH] // Node J2_M1 at 100;200
11/27/2025 06:16 // INFO // [S_GRAPH] // Node J2_M2 at 300;200
11/27/2025 06:16 // INFO // [S_GRAPH] // Node P2 at 450;200
11/27/2025 06:16 // INFO // [S_GRAPH] // Node J3_M1 at 100;350
11/27/2025 06:16 // INFO // [S_GRAPH] // Node J3_M2 at 300;350
11/27/2025 06:16 // INFO // [S_GRAPH] // Node P3 at 450;350
11/27/2025 06:16 // INFO // [S_GRAPH] // Node J4_M1 at 100;500
11/27/2025 06:16 // INFO // [S_GRAPH] // Node J4_M2 at 300;500
11/27/2025 06:16 // INFO // [S_GRAPH] // Node P4 at 450;500
11/27/2025 06:16 // INFO // [S_GRAPH] // Curve value of edge (J1_M1 to J1_M2) set to 25,00
11/27/2025 06:16 // INFO // [S_GRAPH] // Edge drawn from (170,0;85,0) to (300,0;85,0)!
11/27/2025 06:16 // INFO // [S_GRAPH] // Weight 15 drawn at (235;97,5)!
11/27/2025 06:16 // INFO // [S_GRAPH] // Edge from J1_M1 to J1_M2 with cost 0 drawn.
11/27/2025 06:16 // INFO // [S_GRAPH] // Edge drawn from (370,0;85,0) to (450,0;85,0)!
11/27/2025 06:16 // INFO // [S_GRAPH] // Weight 25 drawn at (410;85)!
11/27/2025 06:16 // INFO // [S_GRAPH] // Edge from J1_M2 to P1 with cost 25 drawn.
11/27/2025 06:16 // INFO // [S_GRAPH] // Curve value of edge (J2_M1 to J2_M2) set to 25,00
11/27/2025 06:16 // INFO // [S_GRAPH] // Edge drawn from (170,0;235,0) to (300,0;235,0)!
11/27/2025 06:16 // INFO // [S_GRAPH] // Weight 16 drawn at (235;247,5)!
11/27/2025 06:16 // INFO // [S_GRAPH] // Edge from J2_M1 to J2_M2 with cost 0 drawn.
11/27/2025 06:16 // INFO // [S_GRAPH] // Edge drawn from (370,0;235,0) to (450,0;235,0)!
11/27/2025 06:16 // INFO // [S_GRAPH] // Weight 26 drawn at (410;235)!
11/27/2025 06:16 // INFO // [S_GRAPH] // Edge from J2_M2 to P2 with cost 26 drawn.
11/27/2025 06:16 // INFO // [S_GRAPH] // Curve value of edge (J3_M1 to J3_M2) set to 25,00
11/27/2025 06:16 // INFO // [S_GRAPH] // Edge drawn from (170,0;385,0) to (300,0;385,0)!
11/27/2025 06:16 // INFO // [S_GRAPH] // Weight 17 drawn at (235;397,5)!
11/27/2025 06:16 // INFO // [S_GRAPH] // Edge from J3_M1 to J3_M2 with cost 0 drawn.
11/27/2025 06:16 // INFO // [S_GRAPH] // Edge drawn from (370,0;385,0) to (450,0;385,0)!
11/27/2025 06:16 // INFO // [S_GRAPH] // Weight 27 drawn at (410;385)!
11/27/2025 06:16 // INFO // [S_GRAPH] // Edge from J3_M2 to P3 with cost 27 drawn.
11/27/2025 06:16 // INFO // [S_GRAPH] // Curve value of edge (J4_M1 to J4_M2) set to 25,00
11/27/2025 06:16 // INFO // [S_GRAPH] // Edge drawn from (170,0;535,0) to (300,0;535,0)!
11/27/2025 06:16 // INFO // [S_GRAPH] // Weight 28 drawn at (235;547,5)!
11/27/2025 06:16 // INFO // [S_GRAPH] // Edge from J4_M1 to J4_M2 with cost 0 drawn.
11/27/2025 06:16 // INFO // [S_GRAPH] // Edge drawn from (370,0;535,0) to (450,0;535,0)!
11/27/2025 06:16 // INFO // [S_GRAPH] // Weight 18 drawn at (410;535)!
11/27/2025 06:16 // INFO // [S_GRAPH] // Edge from J4_M2 to P4 with cost 18 drawn.
11/27/2025 06:16 // INFO // [S_GRAPH] // Canvas resized to 570x620!
11/27/2025 06:16 // INFO // [S_GRAPH] // Flow Shop S-Graph built from BatchML file!
11/27/2025 06:16 // INFO // [CONSTRAINT] // Saving and closing are disabled for as long as there are no files opened.
11/27/2025 06:16 // INFO // [INITIALIZATION] // Johnson's Rule solver enabled!
11/27/2025 06:16 // INFO // [INITIALIZATION] // List Scheduling solver enabled!
11/27/2025 06:16 // INFO // [INITIALIZATION] //  solver enabled!
11/27/2025 06:16 // INFO // [CONSTRAINT] // Saving and closing are disabled for as long as there are no files opened.
11/27/2025 06:16 // INFO // [INTEG_SOLVER] // List Scheduling solver selected!
11/27/2025 06:16 // INFO // [INTEG_SOLVER] // Starting List Scheduling solver...
11/27/2025 06:16 // INFO // [List Scheduling] // Starting list scheduler...
11/27/2025 06:16 // INFO // [Johnson's Rule Optimizer] // Starting topological sort using Kahn's algorithm.
11/27/2025 06:16 // INFO // [Johnson's Rule Optimizer] // Node J1_M1 added to topological order.
11/27/2025 06:16 // INFO // [Johnson's Rule Optimizer] // Decreased in-degree of J1_M2 to 0.
11/27/2025 06:16 // INFO // [Johnson's Rule Optimizer] // Node J2_M1 added to topological order.
11/27/2025 06:16 // INFO // [Johnson's Rule Optimizer] // Decreased in-degree of J2_M2 to 0.
11/27/2025 06:16 // INFO // [Johnson's Rule Optimizer] // Node J3_M1 added to topological order.
11/27/2025 06:16 // INFO // [Johnson's Rule Optimizer] // Decreased in-degree of J3_M2 to 0.
11/27/2025 06:16 // INFO // [Johnson's Rule Optimizer] // Node J4_M1 added to topological order.
11/27/2025 06:16 // INFO // [Johnson's Rule Optimizer] // Decreased in-degree of J4_M2 to 0.
11/27/2025 06:16 // INFO // [Johnson's Rule Optimizer] // Node J1_M2 added to topological order.
11/27/2025 06:16 // INFO // [Johnson's Rule Optimizer] // Decreased in-degree of P1 to 0.
11/27/2025 06:16 // INFO // [Johnson's Rule Optimizer] // Node J2_M2 added to topological order.
11/27/2025 06:16 // INFO // [Johnson's Rule Optimizer] // Decreased in-degree of P2 to 0.
11/27/2025 06:16 // INFO // [Johnson's Rule Optimizer] // Node J3_M2 added to topological order.
11/27/2025 06:16 // INFO // [Johnson's Rule Optimizer] // Decreased in-degree of P3 to 0.
11/27/2025 06:16 // INFO // [Johnson's Rule Optimizer] // Node J4_M2 added to topological order.
11/27/2025 06:16 // INFO // [Johnson's Rule Optimizer] // Decreased in-degree of P4 to 0.
11/27/2025 06:16 // INFO // [Johnson's Rule Optimizer] // Node P1 added to topological order.
11/27/2025 06:16 // INFO // [Johnson's Rule Optimizer] // Node P2 added to topological order.
11/27/2025 06:16 // INFO // [Johnson's Rule Optimizer] // Node P3 added to topological order.
11/27/2025 06:16 // INFO // [Johnson's Rule Optimizer] // Node P4 added to topological order.
11/27/2025 06:16 // INFO // [Johnson's Rule Optimizer] // Topological sort completed successfully.
11/27/2025 06:16 // INFO // [List Scheduling] // Technological edge added: J1_M1 -> J1_M2
11/27/2025 06:16 // INFO // [List Scheduling] // Technological edge added: J2_M1 -> J2_M2
11/27/2025 06:16 // INFO // [List Scheduling] // Technological edge added: J3_M1 -> J3_M2
11/27/2025 06:16 // INFO // [List Scheduling] // Technological edge added: J4_M1 -> J4_M2
11/27/2025 06:16 // INFO // [List Scheduling] // Sequential edge added: J1_M1 -> J2_M1
11/27/2025 06:16 // INFO // [List Scheduling] // Sequential edge added: J1_M2 -> J2_M2
11/27/2025 06:16 // INFO // [List Scheduling] // Sequential edge added: J2_M1 -> J3_M1
11/27/2025 06:16 // INFO // [List Scheduling] // Sequential edge added: J2_M2 -> J3_M2
11/27/2025 06:16 // INFO // [List Scheduling] // Sequential edge added: J3_M1 -> J4_M1
11/27/2025 06:16 // INFO // [List Scheduling] // Sequential edge added: J3_M2 -> J4_M2
11/27/2025 06:16 // INFO // [List Scheduling] // Terminating edge added: J1_M2 -> P1
11/27/2025 06:16 // INFO // [List Scheduling] // Terminating edge added: J2_M2 -> P2
11/27/2025 06:16 // INFO // [List Scheduling] // Terminating edge added: J3_M2 -> P3
11/27/2025 06:16 // INFO // [List Scheduling] // Terminating edge added: J4_M2 -> P4
11/27/2025 06:16 // INFO // [List Scheduling] // Vital edges added to the graph!
11/27/2025 06:16 // INFO // [Johnson's Rule Optimizer] // Starting topological sort using Kahn's algorithm.
11/27/2025 06:16 // INFO // [Johnson's Rule Optimizer] // Node J1_M1 added to topological order.
11/27/2025 06:16 // INFO // [Johnson's Rule Optimizer] // Decreased in-degree of J1_M2 to 0.
11/27/2025 06:16 // INFO // [Johnson's Rule Optimizer] // Decreased in-degree of J2_M1 to 0.
11/27/2025 06:16 // INFO // [Johnson's Rule Optimizer] // Node J1_M2 added to topological order.
11/27/2025 06:16 // INFO // [Johnson's Rule Optimizer] // Decreased in-degree of J2_M2 to 1.
11/27/2025 06:16 // INFO // [Johnson's Rule Optimizer] // Decreased in-degree of P1 to 0.
11/27/2025 06:16 // INFO // [Johnson's Rule Optimizer] // Node J2_M1 added to topological order.
11/27/2025 06:16 // INFO // [Johnson's Rule Optimizer] // Decreased in-degree of J2_M2 to 0.
11/27/2025 06:16 // INFO // [Johnson's Rule Optimizer] // Decreased in-degree of J3_M1 to 0.
11/27/2025 06:16 // INFO // [Johnson's Rule Optimizer] // Node P1 added to topological order.
11/27/2025 06:16 // INFO // [Johnson's Rule Optimizer] // Node J2_M2 added to topological order.
11/27/2025 06:16 // INFO // [Johnson's Rule Optimizer] // Decreased in-degree of J3_M2 to 1.
11/27/2025 06:16 // INFO // [Johnson's Rule Optimizer] // Decreased in-degree of P2 to 0.
11/27/2025 06:16 // INFO // [Johnson's Rule Optimizer] // Node J3_M1 added to topological order.
11/27/2025 06:16 // INFO // [Johnson's Rule Optimizer] // Decreased in-degree of J3_M2 to 0.
11/27/2025 06:16 // INFO // [Johnson's Rule Optimizer] // Decreased in-degree of J4_M1 to 0.
11/27/2025 06:16 // INFO // [Johnson's Rule Optimizer] // Node P2 added to topological order.
11/27/2025 06:16 // INFO // [Johnson's Rule Optimizer] // Node J3_M2 added to topological order.
11/27/2025 06:16 // INFO // [Johnson's Rule Optimizer] // Decreased in-degree of J4_M2 to 1.
11/27/2025 06:16 // INFO // [Johnson's Rule Optimizer] // Decreased in-degree of P3 to 0.
11/27/2025 06:16 // INFO // [Johnson's Rule Optimizer] // Node J4_M1 added to topological order.
11/27/2025 06:16 // INFO // [Johnson's Rule Optimizer] // Decreased in-degree of J4_M2 to 0.
11/27/2025 06:16 // INFO // [Johnson's Rule Optimizer] // Node P3 added to topological order.
11/27/2025 06:16 // INFO // [Johnson's Rule Optimizer] // Node J4_M2 added to topological order.
11/27/2025 06:16 // INFO // [Johnson's Rule Optimizer] // Decreased in-degree of P4 to 0.
11/27/2025 06:16 // INFO // [Johnson's Rule Optimizer] // Node P4 added to topological order.
11/27/2025 06:16 // INFO // [Johnson's Rule Optimizer] // Topological sort completed successfully.
11/27/2025 06:16 // INFO // [List Scheduling] // EFT for J1_M1 updated(15)!
11/27/2025 06:16 // INFO // [List Scheduling] // Node J1_M1 added to the Gantt path!
11/27/2025 06:16 // INFO // [List Scheduling] // Estimated start time updated (15)!
11/27/2025 06:16 // INFO // [List Scheduling] // EFT for J1_M2 updated(40)!
11/27/2025 06:16 // INFO // [List Scheduling] // Node J1_M2 added to the Gantt path!
11/27/2025 06:16 // INFO // [List Scheduling] // Estimated start time updated (15)!
11/27/2025 06:16 // INFO // [List Scheduling] // EFT for J2_M1 updated(31)!
11/27/2025 06:16 // INFO // [List Scheduling] // Node J2_M1 added to the Gantt path!
11/27/2025 06:16 // INFO // [List Scheduling] // Product node detected, skipping...
11/27/2025 06:16 // INFO // [List Scheduling] // Estimated start time updated (31)!
11/27/2025 06:16 // INFO // [List Scheduling] // Estimated start time updated (40)!
11/27/2025 06:16 // INFO // [List Scheduling] // EFT for J2_M2 updated(66)!
11/27/2025 06:16 // INFO // [List Scheduling] // Node J2_M2 added to the Gantt path!
11/27/2025 06:16 // INFO // [List Scheduling] // Estimated start time updated (31)!
11/27/2025 06:16 // INFO // [List Scheduling] // EFT for J3_M1 updated(48)!
11/27/2025 06:16 // INFO // [List Scheduling] // Node J3_M1 added to the Gantt path!
11/27/2025 06:16 // INFO // [List Scheduling] // Product node detected, skipping...
11/27/2025 06:16 // INFO // [List Scheduling] // Estimated start time updated (48)!
11/27/2025 06:16 // INFO // [List Scheduling] // Estimated start time updated (66)!
11/27/2025 06:16 // INFO // [List Scheduling] // EFT for J3_M2 updated(93)!
11/27/2025 06:16 // INFO // [List Scheduling] // Node J3_M2 added to the Gantt path!
11/27/2025 06:16 // INFO // [List Scheduling] // Estimated start time updated (48)!
11/27/2025 06:16 // INFO // [List Scheduling] // EFT for J4_M1 updated(76)!
11/27/2025 06:16 // INFO // [List Scheduling] // Node J4_M1 added to the Gantt path!
11/27/2025 06:16 // INFO // [List Scheduling] // Product node detected, skipping...
11/27/2025 06:16 // INFO // [List Scheduling] // Estimated start time updated (76)!
11/27/2025 06:16 // INFO // [List Scheduling] // Estimated start time updated (93)!
11/27/2025 06:16 // INFO // [List Scheduling] // EFT for J4_M2 updated(111)!
11/27/2025 06:16 // INFO // [List Scheduling] // Node J4_M2 added to the Gantt path!
11/27/2025 06:16 // INFO // [List Scheduling] // Product node detected, skipping...
11/27/2025 06:16 // INFO // [List Scheduling] // Optimization complete! Makespan: 0,00.
11/27/2025 06:16 // INFO // [GANTT] // Node J1_M1 EST is 0 (no predecessors).
11/27/2025 06:16 // INFO // [GANTT] // Node J1_M2 EST is determined by J1_M1 (EST: 15,00).
11/27/2025 06:16 // INFO // [GANTT] // Node J2_M1 EST is determined by J1_M1 (EST: 15,00).
11/27/2025 06:16 // INFO // [GANTT] // Node J2_M2 EST is determined by J1_M2 (EST: 40,00).
11/27/2025 06:16 // INFO // [GANTT] // Node J3_M1 EST is determined by J2_M1 (EST: 31,00).
11/27/2025 06:16 // INFO // [GANTT] // Node J3_M2 EST is determined by J2_M2 (EST: 66,00).
11/27/2025 06:16 // INFO // [GANTT] // Node J4_M1 EST is determined by J3_M1 (EST: 48,00).
11/27/2025 06:16 // INFO // [GANTT] // Node J4_M2 EST is determined by J3_M2 (EST: 93,00).
11/27/2025 06:16 // INFO // [GANTT] // Gantt chart built with 8 items from path with 8 nodes.
11/27/2025 06:16 // INFO // [GANTT] // Gantt data built with 8 items from optimized path using List Scheduling!
11/27/2025 06:16 // INFO // [GANTT] // Canvases are ready to be used!
11/27/2025 06:16 // INFO // [GANTT] // Ruler drawn: 112 ticks and 56 labels.
11/27/2025 06:16 // INFO // [GANTT] // Gantt chart rendered with 8 items on canvas.
11/27/2025 06:16 // INFO // [GANTT] // Canvas resized to 1210x110 to fit all Gantt items.
11/27/2025 06:16 // INFO // [GANTT] // List Scheduling schedule rendered successfully!
11/27/2025 06:16 // INFO // [CONSTRAINT] // Saving and closing are disabled for as long as there are no files opened.
11/27/2025 06:16 // INFO // [S_GRAPH] // Node J1_M1 at 100;50
11/27/2025 06:16 // INFO // [S_GRAPH] // Node J1_M2 at 300;50
11/27/2025 06:16 // INFO // [S_GRAPH] // Node P1 at 450;50
11/27/2025 06:16 // INFO // [S_GRAPH] // Node J2_M1 at 100;200
11/27/2025 06:16 // INFO // [S_GRAPH] // Node J2_M2 at 300;200
11/27/2025 06:16 // INFO // [S_GRAPH] // Node P2 at 450;200
11/27/2025 06:16 // INFO // [S_GRAPH] // Node J3_M1 at 100;350
11/27/2025 06:16 // INFO // [S_GRAPH] // Node J3_M2 at 300;350
11/27/2025 06:16 // INFO // [S_GRAPH] // Node P3 at 450;350
11/27/2025 06:16 // INFO // [S_GRAPH] // Node J4_M1 at 100;500
11/27/2025 06:16 // INFO // [S_GRAPH] // Node J4_M2 at 300;500
11/27/2025 06:16 // INFO // [S_GRAPH] // Node P4 at 450;500
11/27/2025 06:16 // INFO // [S_GRAPH] // Curve value of edge (J1_M1 to J1_M2) set to 25,00
11/27/2025 06:16 // INFO // [S_GRAPH] // Edge drawn from (170,0;85,0) to (300,0;85,0)!
11/27/2025 06:16 // INFO // [S_GRAPH] // Weight 15 drawn at (235;97,5)!
11/27/2025 06:16 // INFO // [S_GRAPH] // Edge from J1_M1 to J1_M2 with cost 0 drawn.
11/27/2025 06:16 // INFO // [S_GRAPH] // Curve value of edge (J2_M1 to J2_M2) set to 25,00
11/27/2025 06:16 // INFO // [S_GRAPH] // Edge drawn from (170,0;235,0) to (300,0;235,0)!
11/27/2025 06:16 // INFO // [S_GRAPH] // Weight 16 drawn at (235;247,5)!
11/27/2025 06:16 // INFO // [S_GRAPH] // Edge from J2_M1 to J2_M2 with cost 0 drawn.
11/27/2025 06:16 // INFO // [S_GRAPH] // Curve value of edge (J3_M1 to J3_M2) set to 25,00
11/27/2025 06:16 // INFO // [S_GRAPH] // Edge drawn from (170,0;385,0) to (300,0;385,0)!
11/27/2025 06:16 // INFO // [S_GRAPH] // Weight 17 drawn at (235;397,5)!
11/27/2025 06:16 // INFO // [S_GRAPH] // Edge from J3_M1 to J3_M2 with cost 0 drawn.
11/27/2025 06:16 // INFO // [S_GRAPH] // Curve value of edge (J4_M1 to J4_M2) set to 25,00
11/27/2025 06:16 // INFO // [S_GRAPH] // Edge drawn from (170,0;535,0) to (300,0;535,0)!
11/27/2025 06:16 // INFO // [S_GRAPH] // Weight 28 drawn at (235;547,5)!
11/27/2025 06:16 // INFO // [S_GRAPH] // Edge from J4_M1 to J4_M2 with cost 0 drawn.
11/27/2025 06:16 // INFO // [S_GRAPH] // Curve value of edge (J1_M1 to J2_M1) set to -25,00
11/27/2025 06:16 // INFO // [S_GRAPH] // Edge drawn from (135,0;120,0) to (135,0;200,0)!
11/27/2025 06:16 // INFO // [S_GRAPH] // Weight 15 drawn at (147,5;160)!
11/27/2025 06:16 // INFO // [S_GRAPH] // Edge from J1_M1 to J2_M1 with cost 0 drawn.
11/27/2025 06:16 // INFO // [S_GRAPH] // Curve value of edge (J1_M2 to J2_M2) set to -25,00
11/27/2025 06:16 // INFO // [S_GRAPH] // Edge drawn from (335,0;120,0) to (335,0;200,0)!
11/27/2025 06:16 // INFO // [S_GRAPH] // Weight 25 drawn at (347,5;160)!
11/27/2025 06:16 // INFO // [S_GRAPH] // Edge from J1_M2 to J2_M2 with cost 0 drawn.
11/27/2025 06:16 // INFO // [S_GRAPH] // Curve value of edge (J2_M1 to J3_M1) set to -25,00
11/27/2025 06:16 // INFO // [S_GRAPH] // Edge drawn from (135,0;270,0) to (135,0;350,0)!
11/27/2025 06:16 // INFO // [S_GRAPH] // Weight 16 drawn at (147,5;310)!
11/27/2025 06:16 // INFO // [S_GRAPH] // Edge from J2_M1 to J3_M1 with cost 0 drawn.
11/27/2025 06:16 // INFO // [S_GRAPH] // Curve value of edge (J2_M2 to J3_M2) set to -25,00
11/27/2025 06:16 // INFO // [S_GRAPH] // Edge drawn from (335,0;270,0) to (335,0;350,0)!
11/27/2025 06:16 // INFO // [S_GRAPH] // Weight 26 drawn at (347,5;310)!
11/27/2025 06:16 // INFO // [S_GRAPH] // Edge from J2_M2 to J3_M2 with cost 0 drawn.
11/27/2025 06:16 // INFO // [S_GRAPH] // Curve value of edge (J3_M1 to J4_M1) set to -25,00
11/27/2025 06:16 // INFO // [S_GRAPH] // Edge drawn from (135,0;420,0) to (135,0;500,0)!
11/27/2025 06:16 // INFO // [S_GRAPH] // Weight 17 drawn at (147,5;460)!
11/27/2025 06:16 // INFO // [S_GRAPH] // Edge from J3_M1 to J4_M1 with cost 0 drawn.
11/27/2025 06:16 // INFO // [S_GRAPH] // Curve value of edge (J3_M2 to J4_M2) set to -25,00
11/27/2025 06:16 // INFO // [S_GRAPH] // Edge drawn from (335,0;420,0) to (335,0;500,0)!
11/27/2025 06:16 // INFO // [S_GRAPH] // Weight 27 drawn at (347,5;460)!
11/27/2025 06:16 // INFO // [S_GRAPH] // Edge from J3_M2 to J4_M2 with cost 0 drawn.
11/27/2025 06:16 // INFO // [S_GRAPH] // Edge drawn from (370,0;85,0) to (450,0;85,0)!
11/27/2025 06:16 // INFO // [S_GRAPH] // Weight 25 drawn at (410;85)!
11/27/2025 06:16 // INFO // [S_GRAPH] // Edge from J1_M2 to P1 with cost 0 drawn.
11/27/2025 06:16 // INFO // [S_GRAPH] // Edge drawn from (370,0;235,0) to (450,0;235,0)!
11/27/2025 06:16 // INFO // [S_GRAPH] // Weight 26 drawn at (410;235)!
11/27/2025 06:16 // INFO // [S_GRAPH] // Edge from J2_M2 to P2 with cost 0 drawn.
11/27/2025 06:16 // INFO // [S_GRAPH] // Edge drawn from (370,0;385,0) to (450,0;385,0)!
11/27/2025 06:16 // INFO // [S_GRAPH] // Weight 27 drawn at (410;385)!
11/27/2025 06:16 // INFO // [S_GRAPH] // Edge from J3_M2 to P3 with cost 0 drawn.
11/27/2025 06:16 // INFO // [S_GRAPH] // Edge drawn from (370,0;535,0) to (450,0;535,0)!
11/27/2025 06:16 // INFO // [S_GRAPH] // Weight 18 drawn at (410;535)!
11/27/2025 06:16 // INFO // [S_GRAPH] // Edge from J4_M2 to P4 with cost 0 drawn.
11/27/2025 06:16 // INFO // [S_GRAPH] // Canvas resized to 570x620!
11/27/2025 06:16 // INFO // [GANTT] // Gantt chart rendered with 8 items on canvas.
11/27/2025 06:16 // INFO // [GANTT] // Canvas resized to 1213,1161692528985x110 to fit all Gantt items.
11/27/2025 06:16 // INFO // [GANTT] // Canvases are ready to be used!
11/27/2025 06:16 // INFO // [GANTT] // Ruler drawn: 112 ticks and 56 labels.
11/27/2025 06:16 // INFO // [MODIFY] // Zoom level changed to 0,004044489383215369, scale set to 10,028073596872959!
11/27/2025 06:16 // INFO // [GANTT] // Gantt chart rendered with 8 items on canvas.
11/27/2025 06:16 // INFO // [GANTT] // Canvas resized to 1216,2410867137364x110 to fit all Gantt items.
11/27/2025 06:16 // INFO // [GANTT] // Canvases are ready to be used!
11/27/2025 06:16 // INFO // [GANTT] // Ruler drawn: 112 ticks and 56 labels.
11/27/2025 06:16 // INFO // [MODIFY] // Zoom level changed to 0,008088978766430738, scale set to 10,056226006430059!
11/27/2025 06:16 // INFO // [GANTT] // Gantt chart rendered with 8 items on canvas.
11/27/2025 06:16 // INFO // [GANTT] // Canvas resized to 1219,37477694188x110 to fit all Gantt items.
11/27/2025 06:16 // INFO // [GANTT] // Canvases are ready to be used!
11/27/2025 06:16 // INFO // [GANTT] // Ruler drawn: 112 ticks and 56 labels.
11/27/2025 06:16 // INFO // [MODIFY] // Zoom level changed to 0,012133468149646108, scale set to 10,084457449926848!
11/27/2025 06:16 // INFO // [GANTT] // Gantt chart rendered with 8 items on canvas.
11/27/2025 06:16 // INFO // [GANTT] // Canvas resized to 1228,8287308591748x110 to fit all Gantt items.
11/27/2025 06:16 // INFO // [GANTT] // Canvases are ready to be used!
11/27/2025 06:16 // INFO // [GANTT] // Ruler drawn: 112 ticks and 56 labels.
11/27/2025 06:16 // INFO // [MODIFY] // Zoom level changed to 0,024266936299292215, scale set to 10,169628205938512!
11/27/2025 06:16 // INFO // [GANTT] // Gantt chart rendered with 8 items on canvas.
11/27/2025 06:16 // INFO // [GANTT] // Canvas resized to 1238,3625304604275x110 to fit all Gantt items.
11/27/2025 06:16 // INFO // [GANTT] // Canvases are ready to be used!
11/27/2025 06:16 // INFO // [GANTT] // Ruler drawn: 112 ticks and 56 labels.
11/27/2025 06:16 // INFO // [MODIFY] // Zoom level changed to 0,03640040444893832, scale set to 10,255518292436284!
11/27/2025 06:16 // INFO // [GANTT] // Gantt chart rendered with 8 items on canvas.
11/27/2025 06:16 // INFO // [GANTT] // Canvas resized to 1241,5583235379702x110 to fit all Gantt items.
11/27/2025 06:16 // INFO // [GANTT] // Canvases are ready to be used!
11/27/2025 06:16 // INFO // [GANTT] // Ruler drawn: 112 ticks and 56 labels.
11/27/2025 06:16 // INFO // [MODIFY] // Zoom level changed to 0,04044489383215369, scale set to 10,284309221062795!
11/27/2025 06:16 // INFO // [GANTT] // Gantt chart rendered with 8 items on canvas.
11/27/2025 06:16 // INFO // [GANTT] // Canvas resized to 1244,763088356168x110 to fit all Gantt items.
11/27/2025 06:16 // INFO // [GANTT] // Canvases are ready to be used!
11/27/2025 06:16 // INFO // [GANTT] // Ruler drawn: 112 ticks and 56 labels.
11/27/2025 06:16 // INFO // [MODIFY] // Zoom level changed to 0,044489383215369056, scale set to 10,313180976181695!
11/27/2025 06:16 // INFO // [GANTT] // Gantt chart rendered with 8 items on canvas.
11/27/2025 06:16 // INFO // [GANTT] // Canvas resized to 1247,9768501019234x110 to fit all Gantt items.
11/27/2025 06:16 // INFO // [GANTT] // Canvases are ready to be used!
11/27/2025 06:16 // INFO // [GANTT] // Ruler drawn: 112 ticks and 56 labels.
11/27/2025 06:16 // INFO // [MODIFY] // Zoom level changed to 0,048533872598584424, scale set to 10,342133784702014!
11/27/2025 06:16 // INFO // [GANTT] // Gantt chart rendered with 8 items on canvas.
11/27/2025 06:16 // INFO // [GANTT] // Canvas resized to 1254,4314654774626x110 to fit all Gantt items.
11/27/2025 06:16 // INFO // [GANTT] // Canvases are ready to be used!
11/27/2025 06:16 // INFO // [GANTT] // Ruler drawn: 112 ticks and 56 labels.
11/27/2025 06:16 // INFO // [MODIFY] // Zoom level changed to 0,05662285136501516, scale set to 10,400283472769933!
11/27/2025 06:16 // INFO // [GANTT] // Gantt chart rendered with 8 items on canvas.
11/27/2025 06:16 // INFO // [GANTT] // Canvas resized to 1257,67236983539x110 to fit all Gantt items.
11/27/2025 06:16 // INFO // [GANTT] // Canvases are ready to be used!
11/27/2025 06:16 // INFO // [GANTT] // Ruler drawn: 112 ticks and 56 labels.
11/27/2025 06:16 // INFO // [MODIFY] // Zoom level changed to 0,060667340748230526, scale set to 10,429480809327838!
11/27/2025 06:16 // INFO // [GANTT] // Gantt chart rendered with 8 items on canvas.
11/27/2025 06:16 // INFO // [GANTT] // Canvas resized to 1260,9223725775626x110 to fit all Gantt items.
11/27/2025 06:16 // INFO // [GANTT] // Canvases are ready to be used!
11/27/2025 06:16 // INFO // [GANTT] // Ruler drawn: 112 ticks and 56 labels.
11/27/2025 06:16 // INFO // [MODIFY] // Zoom level changed to 0,0647118301314459, scale set to 10,458760113311374!
11/27/2025 06:16 // INFO // [GANTT] // Gantt chart rendered with 8 items on canvas.
11/27/2025 06:16 // INFO // [GANTT] // Canvas resized to 1267,449775456097x110 to fit all Gantt items.
11/27/2025 06:16 // INFO // [GANTT] // Canvases are ready to be used!
11/27/2025 06:16 // INFO // [GANTT] // Ruler drawn: 112 ticks and 56 labels.
11/27/2025 06:16 // INFO // [MODIFY] // Zoom level changed to 0,07280080889787663, scale set to 10,517565544649523!
11/27/2025 06:16 // INFO // [GANTT] // Gantt chart rendered with 8 items on canvas.
11/27/2025 06:16 // INFO // [GANTT] // Canvas resized to 1277,3097585513665x110 to fit all Gantt items.
11/27/2025 06:16 // INFO // [GANTT] // Canvases are ready to be used!
11/27/2025 06:16 // INFO // [GANTT] // Ruler drawn: 112 ticks and 56 labels.
11/27/2025 06:16 // INFO // [MODIFY] // Zoom level changed to 0,08493427704752274, scale set to 10,606394221183482!
11/27/2025 06:16 // INFO // [GANTT] // Gantt chart rendered with 8 items on canvas.
11/27/2025 06:16 // INFO // [GANTT] // Canvas resized to 1283,9293011568145x110 to fit all Gantt items.
11/27/2025 06:16 // INFO // [GANTT] // Canvases are ready to be used!
11/27/2025 06:16 // INFO // [GANTT] // Ruler drawn: 112 ticks and 56 labels.
11/27/2025 06:16 // INFO // [MODIFY] // Zoom level changed to 0,09302325581395347, scale set to 10,666029740151481!
11/27/2025 06:16 // INFO // [GANTT] // Gantt chart rendered with 8 items on canvas.
11/27/2025 06:16 // INFO // [GANTT] // Canvas resized to 1287,2530165494907x110 to fit all Gantt items.
11/27/2025 06:16 // INFO // [GANTT] // Canvases are ready to be used!
11/27/2025 06:16 // INFO // [GANTT] // Ruler drawn: 112 ticks and 56 labels.
11/27/2025 06:16 // INFO // [MODIFY] // Zoom level changed to 0,09706774519716885, scale set to 10,695973122067484!
11/27/2025 06:16 // INFO // [GANTT] // Gantt chart rendered with 8 items on canvas.
11/27/2025 06:16 // INFO // [GANTT] // Canvas resized to 1290,5860628067721x110 to fit all Gantt items.
11/27/2025 06:16 // INFO // [GANTT] // Canvases are ready to be used!
11/27/2025 06:16 // INFO // [GANTT] // Ruler drawn: 112 ticks and 56 labels.
11/27/2025 06:16 // INFO // [MODIFY] // Zoom level changed to 0,10111223458038422, scale set to 10,726000565826777!
11/27/2025 06:16 // INFO // [GANTT] // Gantt chart rendered with 8 items on canvas.
11/27/2025 06:16 // INFO // [GANTT] // Canvas resized to 1304,0120814881411x110 to fit all Gantt items.
11/27/2025 06:16 // INFO // [GANTT] // Canvases are ready to be used!
11/27/2025 06:16 // INFO // [GANTT] // Ruler drawn: 112 ticks and 56 labels.
11/27/2025 06:16 // INFO // [MODIFY] // Zoom level changed to 0,1172901921132457, scale set to 10,846955689082352!
11/27/2025 06:16 // INFO // [GANTT] // Gantt chart rendered with 8 items on canvas.
11/27/2025 06:16 // INFO // [GANTT] // Canvas resized to 1307,3921764687282x110 to fit all Gantt items.
11/27/2025 06:16 // INFO // [GANTT] // Canvases are ready to be used!
11/27/2025 06:16 // INFO // [GANTT] // Ruler drawn: 112 ticks and 56 labels.
11/27/2025 06:16 // INFO // [MODIFY] // Zoom level changed to 0,12133468149646108, scale set to 10,877406995213768!
11/27/2025 06:16 // INFO // [GANTT] // Gantt chart rendered with 8 items on canvas.
11/27/2025 06:16 // INFO // [GANTT] // Canvas resized to 1317,5895028973457x110 to fit all Gantt items.
11/27/2025 06:16 // INFO // [GANTT] // Canvases are ready to be used!
11/27/2025 06:16 // INFO // [GANTT] // Ruler drawn: 112 ticks and 56 labels.
11/27/2025 06:16 // INFO // [MODIFY] // Zoom level changed to 0,13346814964610718, scale set to 10,969274800876988!
11/27/2025 06:16 // INFO // [GANTT] // Gantt chart rendered with 8 items on canvas.
11/27/2025 06:16 // INFO // [GANTT] // Canvas resized to 1324,4355224192536x110 to fit all Gantt items.
11/27/2025 06:16 // INFO // [GANTT] // Canvases are ready to be used!
11/27/2025 06:16 // INFO // [GANTT] // Ruler drawn: 112 ticks and 56 labels.
11/27/2025 06:16 // INFO // [MODIFY] // Zoom level changed to 0,14155712841253792, scale set to 11,030950652425709!
11/27/2025 06:16 // INFO // [GANTT] // Gantt chart rendered with 8 items on canvas.
11/27/2025 06:16 // INFO // [GANTT] // Canvas resized to 1334,7767926015915x110 to fit all Gantt items.
11/27/2025 06:16 // INFO // [GANTT] // Canvases are ready to be used!
11/27/2025 06:16 // INFO // [GANTT] // Ruler drawn: 112 ticks and 56 labels.
11/27/2025 06:16 // INFO // [MODIFY] // Zoom level changed to 0,15369059656218403, scale set to 11,124115248662987!
11/27/2025 06:16 // INFO // [GANTT] // Gantt chart rendered with 8 items on canvas.
11/27/2025 06:16 // INFO // [GANTT] // Canvas resized to 1338,2432551919499x110 to fit all Gantt items.
11/27/2025 06:16 // INFO // [GANTT] // Canvases are ready to be used!
11/27/2025 06:16 // INFO // [GANTT] // Ruler drawn: 112 ticks and 56 labels.
11/27/2025 06:16 // INFO // [MODIFY] // Zoom level changed to 0,1577350859453994, scale set to 11,155344641368918!
11/27/2025 06:16 // INFO // [GANTT] // Gantt chart rendered with 8 items on canvas.
11/27/2025 06:16 // INFO // [GANTT] // Canvas resized to 1352,206695211644x110 to fit all Gantt items.
11/27/2025 06:16 // INFO // [GANTT] // Canvases are ready to be used!
11/27/2025 06:16 // INFO // [GANTT] // Ruler drawn: 112 ticks and 56 labels.
11/27/2025 06:16 // INFO // [MODIFY] // Zoom level changed to 0,17391304347826086, scale set to 11,281141398303099!
11/27/2025 06:16 // INFO // [GANTT] // Gantt chart rendered with 8 items on canvas.
11/27/2025 06:16 // INFO // [GANTT] // Canvas resized to 1362,782513637534x110 to fit all Gantt items.
11/27/2025 06:16 // INFO // [GANTT] // Canvases are ready to be used!
11/27/2025 06:16 // INFO // [GANTT] // Ruler drawn: 112 ticks and 56 labels.
11/27/2025 06:16 // INFO // [MODIFY] // Zoom level changed to 0,18604651162790697, scale set to 11,376419041779586!
11/27/2025 06:16 // INFO // [GANTT] // Gantt chart rendered with 8 items on canvas.
11/27/2025 06:16 // INFO // [GANTT] // Canvas resized to 1369,882635410689x110 to fit all Gantt items.
11/27/2025 06:16 // INFO // [GANTT] // Canvases are ready to be used!
11/27/2025 06:16 // INFO // [GANTT] // Ruler drawn: 112 ticks and 56 labels.
11/27/2025 06:16 // INFO // [MODIFY] // Zoom level changed to 0,19413549039433772, scale set to 11,440384102799001!
11/27/2025 06:16 // INFO // [GANTT] // Gantt chart rendered with 8 items on canvas.
11/27/2025 06:16 // INFO // [GANTT] // Canvas resized to 1380,6077403200065x110 to fit all Gantt items.
11/27/2025 06:16 // INFO // [GANTT] // Canvases are ready to be used!
11/27/2025 06:16 // INFO // [GANTT] // Ruler drawn: 112 ticks and 56 labels.
11/27/2025 06:16 // INFO // [MODIFY] // Zoom level changed to 0,20626895854398383, scale set to 11,537006669549609!
11/27/2025 06:16 // INFO // [GANTT] // Gantt chart rendered with 8 items on canvas.
11/27/2025 06:16 // INFO // [GANTT] // Canvas resized to 1387,808086224168x110 to fit all Gantt items.
11/27/2025 06:16 // INFO // [GANTT] // Canvases are ready to be used!
11/27/2025 06:16 // INFO // [GANTT] // Ruler drawn: 112 ticks and 56 labels.
11/27/2025 06:16 // INFO // [MODIFY] // Zoom level changed to 0,21435793731041458, scale set to 11,60187465066818!
11/27/2025 06:16 // INFO // [GANTT] // Gantt chart rendered with 8 items on canvas.
11/27/2025 06:16 // INFO // [GANTT] // Canvas resized to 1398,6845849199347x110 to fit all Gantt items.
11/27/2025 06:16 // INFO // [GANTT] // Canvases are ready to be used!
11/27/2025 06:16 // INFO // [GANTT] // Ruler drawn: 112 ticks and 56 labels.
11/27/2025 06:16 // INFO // [MODIFY] // Zoom level changed to 0,2264914054600607, scale set to 11,699861125404817!
11/27/2025 06:16 // INFO // [GANTT] // Gantt chart rendered with 8 items on canvas.
11/27/2025 06:16 // INFO // [GANTT] // Canvas resized to 1405,9865697021676x110 to fit all Gantt items.
11/27/2025 06:16 // INFO // [GANTT] // Canvases are ready to be used!
11/27/2025 06:16 // INFO // [GANTT] // Ruler drawn: 112 ticks and 56 labels.
11/27/2025 06:16 // INFO // [MODIFY] // Zoom level changed to 0,23458038422649144, scale set to 11,7656447720916!
11/27/2025 06:16 // INFO // [GANTT] // Gantt chart rendered with 8 items on canvas.
11/27/2025 06:16 // INFO // [GANTT] // Canvas resized to 1417,0165992337431x110 to fit all Gantt items.
11/27/2025 06:16 // INFO // [GANTT] // Canvases are ready to be used!
11/27/2025 06:16 // INFO // [GANTT] // Ruler drawn: 112 ticks and 56 labels.
11/27/2025 06:16 // INFO // [MODIFY] // Zoom level changed to 0,24671385237613755, scale set to 11,8650144075112!
11/27/2025 06:16 // INFO // [GANTT] // Gantt chart rendered with 8 items on canvas.
11/27/2025 06:16 // INFO // [GANTT] // Canvas resized to 1428,1397855820046x110 to fit all Gantt items.
11/27/2025 06:16 // INFO // [GANTT] // Canvases are ready to be used!
11/27/2025 06:16 // INFO // [GANTT] // Ruler drawn: 112 ticks and 56 labels.
11/27/2025 06:16 // INFO // [MODIFY] // Zoom level changed to 0,25884732052578363, scale set to 11,965223293531572!
11/27/2025 06:16 // INFO // [GANTT] // Gantt chart rendered with 8 items on canvas.
11/27/2025 06:16 // INFO // [GANTT] // Canvas resized to 1431,8683516751416x110 to fit all Gantt items.
11/27/2025 06:16 // INFO // [GANTT] // Canvases are ready to be used!
11/27/2025 06:16 // INFO // [GANTT] // Ruler drawn: 112 ticks and 56 labels.
11/27/2025 06:16 // INFO // [MODIFY] // Zoom level changed to 0,262891809908999, scale set to 11,99881397905533!
11/27/2025 06:16 // INFO // [GANTT] // Gantt chart rendered with 8 items on canvas.
11/27/2025 06:16 // INFO // [GANTT] // Canvas resized to 1446,8875845801185x110 to fit all Gantt items.
11/27/2025 06:16 // INFO // [GANTT] // Canvases are ready to be used!
11/27/2025 06:16 // INFO // [GANTT] // Ruler drawn: 112 ticks and 56 labels.
11/27/2025 06:16 // INFO // [MODIFY] // Zoom level changed to 0,2790697674418605, scale set to 12,134122383604671!
11/27/2025 06:16 // INFO // [GANTT] // Gantt chart rendered with 8 items on canvas.
11/27/2025 06:16 // INFO // [GANTT] // Canvas resized to 1450,6687824883882x110 to fit all Gantt items.
11/27/2025 06:16 // INFO // [GANTT] // Canvases are ready to be used!
11/27/2025 06:16 // INFO // [GANTT] // Ruler drawn: 112 ticks and 56 labels.
11/27/2025 06:16 // INFO // [MODIFY] // Zoom level changed to 0,2831142568250759, scale set to 12,168187229625119!
11/27/2025 06:16 // INFO // [GANTT] // Gantt chart rendered with 8 items on canvas.
11/27/2025 06:16 // INFO // [GANTT] // Canvas resized to 1462,0761865948652x110 to fit all Gantt items.
11/27/2025 06:16 // INFO // [GANTT] // Canvases are ready to be used!
11/27/2025 06:16 // INFO // [GANTT] // Ruler drawn: 112 ticks and 56 labels.
11/27/2025 06:16 // INFO // [MODIFY] // Zoom level changed to 0,295247724974722, scale set to 12,270956635989776!
11/27/2025 06:16 // INFO // [GANTT] // Gantt chart rendered with 8 items on canvas.
11/27/2025 06:16 // INFO // [GANTT] // Canvas resized to 1469,7345970374365x110 to fit all Gantt items.
11/27/2025 06:16 // INFO // [GANTT] // Canvases are ready to be used!
11/27/2025 06:16 // INFO // [GANTT] // Ruler drawn: 112 ticks and 56 labels.
11/27/2025 06:16 // INFO // [MODIFY] // Zoom level changed to 0,30333670374115274, scale set to 12,33995132466159!
11/27/2025 06:16 // INFO // [GANTT] // Gantt chart rendered with 8 items on canvas.
11/27/2025 06:16 // INFO // [GANTT] // Canvas resized to 1481,3030261516724x110 to fit all Gantt items.
11/27/2025 06:16 // INFO // [GANTT] // Canvases are ready to be used!
11/27/2025 06:16 // INFO // [GANTT] // Ruler drawn: 112 ticks and 56 labels.
11/27/2025 06:16 // INFO // [MODIFY] // Zoom level changed to 0,31547017189079885, scale set to 12,444171406771824!
11/27/2025 06:16 // INFO // [GANTT] // Gantt chart rendered with 8 items on canvas.
11/27/2025 06:16 // INFO // [GANTT] // Canvas resized to 1489,0695414346992x110 to fit all Gantt items.
11/27/2025 06:16 // INFO // [GANTT] // Canvases are ready to be used!
11/27/2025 06:16 // INFO // [GANTT] // Ruler drawn: 112 ticks and 56 labels.
11/27/2025 06:16 // INFO // [MODIFY] // Zoom level changed to 0,32355915065722957, scale set to 12,514140012925218!
11/27/2025 06:16 // INFO // [GANTT] // Gantt chart rendered with 8 items on canvas.
11/27/2025 06:16 // INFO // [GANTT] // Canvas resized to 1500,801268558762x110 to fit all Gantt items.
11/27/2025 06:16 // INFO // [GANTT] // Canvases are ready to be used!
11/27/2025 06:16 // INFO // [GANTT] // Ruler drawn: 112 ticks and 56 labels.
11/27/2025 06:16 // INFO // [MODIFY] // Zoom level changed to 0,3356926188068757, scale set to 12,619831248277135!
11/27/2025 06:16 // INFO // [GANTT] // Gantt chart rendered with 8 items on canvas.
11/27/2025 06:16 // INFO // [GANTT] // Canvas resized to 1504,7338215700272x110 to fit all Gantt items.
11/27/2025 06:16 // INFO // [GANTT] // Canvases are ready to be used!
11/27/2025 06:16 // INFO // [GANTT] // Ruler drawn: 112 ticks and 56 labels.
11/27/2025 06:16 // INFO // [MODIFY] // Zoom level changed to 0,33973710819009106, scale set to 12,655259653784029!
11/27/2025 06:16 // INFO // [GANTT] // Gantt chart rendered with 8 items on canvas.
11/27/2025 06:16 // INFO // [GANTT] // Canvas resized to 1516,5978452096072x110 to fit all Gantt items.
11/27/2025 06:16 // INFO // [GANTT] // Canvases are ready to be used!
11/27/2025 06:16 // INFO // [GANTT] // Ruler drawn: 112 ticks and 56 labels.
11/27/2025 06:16 // INFO // [MODIFY] // Zoom level changed to 0,3518705763397372, scale set to 12,762142749636102!
11/27/2025 06:16 // INFO // [GANTT] // Gantt chart rendered with 8 items on canvas.
11/27/2025 06:16 // INFO // [GANTT] // Canvas resized to 1524,5628091649635x110 to fit all Gantt items.
11/27/2025 06:16 // INFO // [GANTT] // Canvases are ready to be used!
11/27/2025 06:16 // INFO // [GANTT] // Ruler drawn: 112 ticks and 56 labels.
11/27/2025 06:16 // INFO // [MODIFY] // Zoom level changed to 0,3599595551061679, scale set to 12,833899181666338!
11/27/2025 06:16 // INFO // [GANTT] // Gantt chart rendered with 8 items on canvas.
11/27/2025 06:16 // INFO // [GANTT] // Canvas resized to 1536,5943033772337x110 to fit all Gantt items.
11/27/2025 06:16 // INFO // [GANTT] // Canvases are ready to be used!
11/27/2025 06:16 // INFO // [GANTT] // Ruler drawn: 112 ticks and 56 labels.
11/27/2025 06:16 // INFO // [MODIFY] // Zoom level changed to 0,372093023255814, scale set to 12,94229102141652!
11/27/2025 06:16 // INFO // [GANTT] // Gantt chart rendered with 8 items on canvas.
11/27/2025 06:16 // INFO // [GANTT] // Canvas resized to 1540,6273403115338x110 to fit all Gantt items.
11/27/2025 06:16 // INFO // [GANTT] // Canvases are ready to be used!
11/27/2025 06:16 // INFO // [GANTT] // Ruler drawn: 112 ticks and 56 labels.
11/27/2025 06:16 // INFO // [MODIFY] // Zoom level changed to 0,3761375126390294, scale set to 12,978624687491296!
11/27/2025 06:16 // INFO // [GANTT] // Gantt chart rendered with 8 items on canvas.
11/27/2025 06:16 // INFO // [GANTT] // Canvas resized to 1552,7945114572951x110 to fit all Gantt items.
11/27/2025 06:16 // INFO // [GANTT] // Canvases are ready to be used!
11/27/2025 06:16 // INFO // [GANTT] // Ruler drawn: 112 ticks and 56 labels.
11/27/2025 06:16 // INFO // [MODIFY] // Zoom level changed to 0,3882709807886755, scale set to 13,088238841957613!
11/27/2025 06:16 // INFO // [GANTT] // Gantt chart rendered with 8 items on canvas.
11/27/2025 06:16 // INFO // [GANTT] // Canvas resized to 1565,0644434278354x110 to fit all Gantt items.
11/27/2025 06:16 // INFO // [GANTT] // Canvases are ready to be used!
11/27/2025 06:16 // INFO // [GANTT] // Ruler drawn: 112 ticks and 56 labels.
11/27/2025 06:16 // INFO // [MODIFY] // Zoom level changed to 0,4004044489383216, scale set to 13,198778769620139!
11/27/2025 06:16 // INFO // [GANTT] // Gantt chart rendered with 8 items on canvas.
11/27/2025 06:16 // INFO // [GANTT] // Canvas resized to 1573,301915709498x110 to fit all Gantt items.
11/27/2025 06:16 // INFO // [GANTT] // Canvases are ready to be used!
11/27/2025 06:16 // INFO // [GANTT] // Ruler drawn: 112 ticks and 56 labels.
11/27/2025 06:16 // INFO // [MODIFY] // Zoom level changed to 0,40849342770475233, scale set to 13,272990231617099!
11/27/2025 06:16 // INFO // [GANTT] // Gantt chart rendered with 8 items on canvas.
11/27/2025 06:16 // INFO // [GANTT] // Canvas resized to 1577,4380041148768x110 to fit all Gantt items.
11/27/2025 06:16 // INFO // [GANTT] // Canvases are ready to be used!
11/27/2025 06:16 // INFO // [GANTT] // Ruler drawn: 112 ticks and 56 labels.
11/27/2025 06:16 // INFO // [MODIFY] // Zoom level changed to 0,4125379170879677, scale set to 13,310252289323214!
11/27/2025 06:16 // INFO // [GANTT] // Gantt chart rendered with 8 items on canvas.
11/27/2025 06:16 // INFO // [GANTT] // Canvas resized to 1589,9160687401325x110 to fit all Gantt items.
11/27/2025 06:16 // INFO // [GANTT] // Canvases are ready to be used!
11/27/2025 06:16 // INFO // [GANTT] // Ruler drawn: 112 ticks and 56 labels.
11/27/2025 06:16 // INFO // [MODIFY] // Zoom level changed to 0,42467138523761383, scale set to 13,422667285947139!
11/27/2025 06:16 // INFO // [GANTT] // Gantt chart rendered with 8 items on canvas.
11/27/2025 06:16 // INFO // [GANTT] // Canvas resized to 1594,0987990489677x110 to fit all Gantt items.
11/27/2025 06:16 // INFO // [GANTT] // Canvases are ready to be used!
11/27/2025 06:16 // INFO // [GANTT] // Ruler drawn: 112 ticks and 56 labels.
11/27/2025 06:16 // INFO // [MODIFY] // Zoom level changed to 0,4287158746208292, scale set to 13,460349540981692!
11/27/2025 06:16 // INFO // [GANTT] // Gantt chart rendered with 8 items on canvas.
11/27/2025 06:16 // INFO // [GANTT] // Canvas resized to 1598,2932717862554x110 to fit all Gantt items.
11/27/2025 06:16 // INFO // [GANTT] // Canvases are ready to be used!
11/27/2025 06:16 // INFO // [GANTT] // Ruler drawn: 112 ticks and 56 labels.
11/27/2025 06:16 // INFO // [MODIFY] // Zoom level changed to 0,4327603640040446, scale set to 13,49813758365996!
11/27/2025 06:16 // INFO // [GANTT] // Gantt chart rendered with 8 items on canvas.
11/27/2025 06:16 // INFO // [GANTT] // Canvas resized to 1602,499519917215x110 to fit all Gantt items.
11/27/2025 06:16 // INFO // [GANTT] // Canvases are ready to be used!
11/27/2025 06:16 // INFO // [GANTT] // Ruler drawn: 112 ticks and 56 labels.
11/27/2025 06:16 // INFO // [MODIFY] // Zoom level changed to 0,43680485338726, scale set to 13,5360317109659!
11/27/2025 06:16 // INFO // [GANTT] // Gantt chart rendered with 8 items on canvas.
11/27/2025 06:16 // INFO // [GANTT] // Canvas resized to 1615,1892477140673x110 to fit all Gantt items.
11/27/2025 06:16 // INFO // [GANTT] // Canvases are ready to be used!
11/27/2025 06:16 // INFO // [GANTT] // Ruler drawn: 112 ticks and 56 labels.
11/27/2025 06:16 // INFO // [MODIFY] // Zoom level changed to 0,4489383215369061, scale set to 13,650353583009615!
11/27/2025 06:16 // INFO // [GANTT] // Gantt chart rendered with 8 items on canvas.
11/27/2025 06:16 // INFO // [GANTT] // Canvas resized to 1623,7085517525397x110 to fit all Gantt items.
11/27/2025 06:16 // INFO // [GANTT] // Canvases are ready to be used!
11/27/2025 06:16 // INFO // [GANTT] // Ruler drawn: 112 ticks and 56 labels.
11/27/2025 06:16 // INFO // [MODIFY] // Zoom level changed to 0,4570273003033368, scale set to 13,727104069842701!
11/27/2025 06:16 // INFO // [GANTT] // Gantt chart rendered with 8 items on canvas.
11/27/2025 06:16 // INFO // [GANTT] // Canvas resized to 1632,275756435377x110 to fit all Gantt items.
11/27/2025 06:16 // INFO // [GANTT] // Canvases are ready to be used!
11/27/2025 06:16 // INFO // [GANTT] // Ruler drawn: 112 ticks and 56 labels.
11/27/2025 06:16 // INFO // [MODIFY] // Zoom level changed to 0,4651162790697671, scale set to 13,804286094012404!
11/27/2025 06:16 // INFO // [GANTT] // Gantt chart rendered with 8 items on canvas.
11/27/2025 06:16 // INFO // [GANTT] // Canvas resized to 1636,577405623815x110 to fit all Gantt items.
11/27/2025 06:16 // INFO // [GANTT] // Canvases are ready to be used!
11/27/2025 06:16 // INFO // [GANTT] // Ruler drawn: 112 ticks and 56 labels.
11/27/2025 06:16 // INFO // [MODIFY] // Zoom level changed to 0,46916076845298293, scale set to 13,84303969030464!
11/27/2025 06:16 // INFO // [GANTT] // Gantt chart rendered with 8 items on canvas.
11/27/2025 06:16 // INFO // [GANTT] // Canvas resized to 1640,8911310887727x110 to fit all Gantt items.
11/27/2025 06:16 // INFO // [GANTT] // Canvases are ready to be used!
11/27/2025 06:16 // INFO // [GANTT] // Ruler drawn: 112 ticks and 56 labels.
11/27/2025 06:16 // INFO // [MODIFY] // Zoom level changed to 0,4732052578361978, scale set to 13,881902081880835!
11/27/2025 06:16 // INFO // [GANTT] // Gantt chart rendered with 8 items on canvas.
11/27/2025 06:16 // INFO // [GANTT] // Canvas resized to 1653,9051046434388x110 to fit all Gantt items.
11/27/2025 06:16 // INFO // [GANTT] // Canvases are ready to be used!
11/27/2025 06:16 // INFO // [GANTT] // Ruler drawn: 112 ticks and 56 labels.
11/27/2025 06:16 // INFO // [MODIFY] // Zoom level changed to 0,4853387259858444, scale set to 13,999145086877826!
11/27/2025 06:16 // INFO // [GANTT] // Gantt chart rendered with 8 items on canvas.
11/27/2025 06:16 // INFO // [GANTT] // Canvas resized to 1658,2674751920983x110 to fit all Gantt items.
11/27/2025 06:16 // INFO // [GANTT] // Canvases are ready to be used!
11/27/2025 06:16 // INFO // [GANTT] // Ruler drawn: 112 ticks and 56 labels.
11/27/2025 06:16 // INFO // [MODIFY] // Zoom level changed to 0,48938321536905977, scale set to 14,038445722451335!
11/27/2025 06:16 // INFO // [GANTT] // Gantt chart rendered with 8 items on canvas.
11/27/2025 06:16 // INFO // [GANTT] // Canvas resized to 1662,6420924839772x110 to fit all Gantt items.
11/27/2025 06:16 // INFO // [GANTT] // Canvases are ready to be used!
11/27/2025 06:16 // INFO // [GANTT] // Ruler drawn: 112 ticks and 56 labels.
11/27/2025 06:16 // INFO // [MODIFY] // Zoom level changed to 0,49342770475227515, scale set to 14,07785668904484!
11/27/2025 06:16 // INFO // [GANTT] // Gantt chart rendered with 8 items on canvas.
11/27/2025 06:16 // INFO // [GANTT] // Canvas resized to 1671,428204917965x110 to fit all Gantt items.
11/27/2025 06:16 // INFO // [GANTT] // Canvases are ready to be used!
11/27/2025 06:16 // INFO // [GANTT] // Ruler drawn: 112 ticks and 56 labels.
11/27/2025 06:16 // INFO // [MODIFY] // Zoom level changed to 0,5015166835187055, scale set to 14,157010855116802!
11/27/2025 06:16 // INFO // [GANTT] // Gantt chart rendered with 8 items on canvas.
11/27/2025 06:16 // INFO // [GANTT] // Canvas resized to 1675,8397691119321x110 to fit all Gantt items.
11/27/2025 06:16 // INFO // [GANTT] // Canvases are ready to be used!
11/27/2025 06:16 // INFO // [GANTT] // Ruler drawn: 112 ticks and 56 labels.
11/27/2025 06:16 // INFO // [MODIFY] // Zoom level changed to 0,5055611729019213, scale set to 14,196754676684073!
11/27/2025 06:16 // INFO // [GANTT] // Gantt chart rendered with 8 items on canvas.
11/27/2025 06:16 // INFO // [GANTT] // Canvas resized to 1680,2637181533744x110 to fit all Gantt items.
11/27/2025 06:16 // INFO // [GANTT] // Canvases are ready to be used!
11/27/2025 06:16 // INFO // [GANTT] // Ruler drawn: 112 ticks and 56 labels.
11/27/2025 06:16 // INFO // [MODIFY] // Zoom level changed to 0,5096056622851362, scale set to 14,236610073453823!
11/27/2025 06:16 // INFO // [GANTT] // Gantt chart rendered with 8 items on canvas.
11/27/2025 06:16 // INFO // [GANTT] // Canvas resized to 1684,700086811015x110 to fit all Gantt items.
11/27/2025 06:16 // INFO // [GANTT] // Canvases are ready to be used!
11/27/2025 06:16 // INFO // [GANTT] // Ruler drawn: 112 ticks and 56 labels.
11/27/2025 06:16 // INFO // [MODIFY] // Zoom level changed to 0,5136501516683519, scale set to 14,276577358657793!
11/27/2025 06:16 // INFO // [GANTT] // Gantt chart rendered with 8 items on canvas.
11/27/2025 06:16 // INFO // [GANTT] // Canvas resized to 1693,6102225380905x110 to fit all Gantt items.
11/27/2025 06:16 // INFO // [GANTT] // Canvases are ready to be used!
11/27/2025 06:16 // INFO // [GANTT] // Ruler drawn: 112 ticks and 56 labels.
11/27/2025 06:16 // INFO // [MODIFY] // Zoom level changed to 0,5217391304347827, scale set to 14,356848851694508!
11/27/2025 06:16 // INFO // [GANTT] // Gantt chart rendered with 8 items on canvas.
11/27/2025 06:16 // INFO // [GANTT] // Canvas resized to 1702,570456400034x110 to fit all Gantt items.
11/27/2025 06:16 // INFO // [GANTT] // Canvases are ready to be used!
11/27/2025 06:16 // INFO // [GANTT] // Ruler drawn: 112 ticks and 56 labels.
11/27/2025 06:16 // INFO // [MODIFY] // Zoom level changed to 0,5298281092012135, scale set to 14,437571679279584!
11/27/2025 06:16 // INFO // [GANTT] // Gantt chart rendered with 8 items on canvas.
11/27/2025 06:16 // INFO // [GANTT] // Canvas resized to 1707,0694480953823x110 to fit all Gantt items.
11/27/2025 06:16 // INFO // [GANTT] // Canvases are ready to be used!
11/27/2025 06:16 // INFO // [GANTT] // Ruler drawn: 112 ticks and 56 labels.
11/27/2025 06:16 // INFO // [MODIFY] // Zoom level changed to 0,5338725985844284, scale set to 14,478103135994436!
11/27/2025 06:16 // INFO // [GANTT] // Gantt chart rendered with 8 items on canvas.
11/27/2025 06:16 // INFO // [GANTT] // Canvas resized to 1711,5810700786508x110 to fit all Gantt items.
11/27/2025 06:16 // INFO // [GANTT] // Canvases are ready to be used!
11/27/2025 06:16 // INFO // [GANTT] // Ruler drawn: 112 ticks and 56 labels.
11/27/2025 06:16 // INFO // [MODIFY] // Zoom level changed to 0,5379170879676441, scale set to 14,518748379086944!
11/27/2025 06:16 // INFO // [GANTT] // Gantt chart rendered with 8 items on canvas.
11/27/2025 06:16 // INFO // [GANTT] // Canvas resized to 1720,6423468395312x110 to fit all Gantt items.
11/27/2025 06:16 // INFO // [GANTT] // Canvases are ready to be used!
11/27/2025 06:16 // INFO // [GANTT] // Ruler drawn: 112 ticks and 56 labels.
11/27/2025 06:16 // INFO // [MODIFY] // Zoom level changed to 0,5460060667340749, scale set to 14,60038150305884!
11/27/2025 06:16 // INFO // [GANTT] // Gantt chart rendered with 8 items on canvas.
11/27/2025 06:16 // INFO // [GANTT] // Canvas resized to 1725,1920728315733x110 to fit all Gantt items.
11/27/2025 06:16 // INFO // [GANTT] // Canvases are ready to be used!
11/27/2025 06:16 // INFO // [GANTT] // Ruler drawn: 112 ticks and 56 labels.
11/27/2025 06:16 // INFO // [MODIFY] // Zoom level changed to 0,5500505561172903, scale set to 14,64137002550967!
11/27/2025 06:16 // INFO // [GANTT] // Gantt chart rendered with 8 items on canvas.
11/27/2025 06:16 // INFO // [GANTT] // Canvas resized to 1729,7545715409537x110 to fit all Gantt items.
11/27/2025 06:16 // INFO // [GANTT] // Canvases are ready to be used!
11/27/2025 06:16 // INFO // [GANTT] // Ruler drawn: 112 ticks and 56 labels.
11/27/2025 06:16 // INFO // [MODIFY] // Zoom level changed to 0,5540950455005056, scale set to 14,68247361748607!
11/27/2025 06:16 // INFO // [GANTT] // Gantt chart rendered with 8 items on canvas.
11/27/2025 06:16 // INFO // [GANTT] // Canvas resized to 1734,3298788252835x110 to fit all Gantt items.
11/27/2025 06:16 // INFO // [GANTT] // Canvases are ready to be used!
11/27/2025 06:16 // INFO // [GANTT] // Ruler drawn: 112 ticks and 56 labels.
11/27/2025 06:16 // INFO // [MODIFY] // Zoom level changed to 0,5581395348837205, scale set to 14,723692602029582!
11/27/2025 06:16 // INFO // [GANTT] // Gantt chart rendered with 8 items on canvas.
11/27/2025 06:16 // INFO // [GANTT] // Canvas resized to 1743,5190630528507x110 to fit all Gantt items.
11/27/2025 06:16 // INFO // [GANTT] // Canvases are ready to be used!
11/27/2025 06:16 // INFO // [GANTT] // Ruler drawn: 112 ticks and 56 labels.
11/27/2025 06:16 // INFO // [MODIFY] // Zoom level changed to 0,5662285136501517, scale set to 14,806478045521178!
11/27/2025 06:16 // INFO // [GANTT] // Gantt chart rendered with 8 items on canvas.
11/27/2025 06:16 // INFO // [GANTT] // Canvas resized to 1748,133012215768x110 to fit all Gantt items.
11/27/2025 06:16 // INFO // [GANTT] // Canvases are ready to be used!
11/27/2025 06:16 // INFO // [GANTT] // Ruler drawn: 112 ticks and 56 labels.
11/27/2025 06:16 // INFO // [MODIFY] // Zoom level changed to 0,570273003033367, scale set to 14,84804515509701!
11/27/2025 06:16 // INFO // [GANTT] // Gantt chart rendered with 8 items on canvas.
11/27/2025 06:16 // INFO // [GANTT] // Canvas resized to 1752,7599143935643x110 to fit all Gantt items.
11/27/2025 06:16 // INFO // [GANTT] // Canvases are ready to be used!
11/27/2025 06:16 // INFO // [GANTT] // Ruler drawn: 112 ticks and 56 labels.
11/27/2025 06:16 // INFO // [MODIFY] // Zoom level changed to 0,5743174924165824, scale set to 14,889728958500578!
11/27/2025 06:16 // INFO // [GANTT] // Gantt chart rendered with 8 items on canvas.
11/27/2025 06:16 // INFO // [GANTT] // Canvas resized to 1757,3998059500116x110 to fit all Gantt items.
11/27/2025 06:16 // INFO // [GANTT] // Canvases are ready to be used!
11/27/2025 06:16 // INFO // [GANTT] // Ruler drawn: 112 ticks and 56 labels.
11/27/2025 06:16 // INFO // [MODIFY] // Zoom level changed to 0,5783619817997977, scale set to 14,931529783333437!
11/27/2025 06:16 // INFO // [GANTT] // Gantt chart rendered with 8 items on canvas.
11/27/2025 06:16 // INFO // [GANTT] // Canvas resized to 1766,718703164664x110 to fit all Gantt items.
11/27/2025 06:16 // INFO // [GANTT] // Canvases are ready to be used!
11/27/2025 06:16 // INFO // [GANTT] // Ruler drawn: 112 ticks and 112 labels.
11/27/2025 06:16 // INFO // [MODIFY] // Zoom level changed to 0,5864509605662285, scale set to 15,01548381229427!
11/27/2025 06:16 // INFO // [GANTT] // Gantt chart rendered with 8 items on canvas.
11/27/2025 06:16 // INFO // [GANTT] // Canvas resized to 1776,0899968167876x110 to fit all Gantt items.
11/27/2025 06:16 // INFO // [GANTT] // Canvases are ready to be used!
11/27/2025 06:16 // INFO // [GANTT] // Ruler drawn: 112 ticks and 112 labels.
11/27/2025 06:16 // INFO // [MODIFY] // Zoom level changed to 0,5945399393326593, scale set to 15,099909881232321!
11/27/2025 06:16 // INFO // [GANTT] // Gantt chart rendered with 8 items on canvas.
11/27/2025 06:16 // INFO // [GANTT] // Canvas resized to 1780,7953843061312x110 to fit all Gantt items.
11/27/2025 06:16 // INFO // [GANTT] // Canvases are ready to be used!
11/27/2025 06:16 // INFO // [GANTT] // Ruler drawn: 112 ticks and 112 labels.
11/27/2025 06:16 // INFO // [MODIFY] // Zoom level changed to 0,5985844287158746, scale set to 15,142300759514695!
11/27/2025 06:16 // INFO // [GANTT] // Gantt chart rendered with 8 items on canvas.
11/27/2025 06:16 // INFO // [GANTT] // Canvas resized to 1790,2458255146921x110 to fit all Gantt items.
11/27/2025 06:16 // INFO // [GANTT] // Canvases are ready to be used!
11/27/2025 06:16 // INFO // [GANTT] // Ruler drawn: 112 ticks and 112 labels.
11/27/2025 06:16 // INFO // [MODIFY] // Zoom level changed to 0,6066734074823054, scale set to 15,227439869501731!
11/27/2025 06:16 // INFO // [GANTT] // Gantt chart rendered with 8 items on canvas.
11/27/2025 06:16 // INFO // [GANTT] // Canvas resized to 1794,9909535068625x110 to fit all Gantt items.
11/27/2025 06:16 // INFO // [GANTT] // Canvases are ready to be used!
11/27/2025 06:16 // INFO // [GANTT] // Ruler drawn: 112 ticks and 112 labels.
11/27/2025 06:16 // INFO // [MODIFY] // Zoom level changed to 0,6107178968655207, scale set to 15,270188770332094!
11/27/2025 06:16 // INFO // [GANTT] // Gantt chart rendered with 8 items on canvas.
11/27/2025 06:16 // INFO // [GANTT] // Canvas resized to 1799,749402780069x110 to fit all Gantt items.
11/27/2025 06:16 // INFO // [GANTT] // Canvases are ready to be used!
11/27/2025 06:16 // INFO // [GANTT] // Ruler drawn: 112 ticks and 112 labels.
11/27/2025 06:16 // INFO // [MODIFY] // Zoom level changed to 0,614762386248736, scale set to 15,313057682703324!
11/27/2025 06:16 // INFO // [GANTT] // Gantt chart rendered with 8 items on canvas.
11/27/2025 06:16 // INFO // [GANTT] // Canvas resized to 1804,5212107319392x110 to fit all Gantt items.
11/27/2025 06:16 // INFO // [GANTT] // Canvases are ready to be used!
11/27/2025 06:16 // INFO // [GANTT] // Ruler drawn: 112 ticks and 112 labels.
11/27/2025 06:16 // INFO // [MODIFY] // Zoom level changed to 0,6188068756319514, scale set to 15,356046943530984!
11/27/2025 06:16 // INFO // [GANTT] // Gantt chart rendered with 8 items on canvas.
11/27/2025 06:16 // INFO // [GANTT] // Canvas resized to 1814,1050527874183x110 to fit all Gantt items.
11/27/2025 06:16 // INFO // [GANTT] // Canvases are ready to be used!
11/27/2025 06:16 // INFO // [GANTT] // Ruler drawn: 112 ticks and 112 labels.
11/27/2025 06:16 // INFO // [MODIFY] // Zoom level changed to 0,6268958543983826, scale set to 15,442387862949715!
11/27/2025 06:17 // INFO // [DATATABLE] // Solution (List Scheduling) datatable displayed in new tab!
11/27/2025 06:17 // INFO // [DATATABLE] // Solution table for "List Scheduling" displayed in new tab!
11/27/2025 06:19 // WARNING // [CLOSE] // Attempting to close file with unsaved changes; prompting user!
11/27/2025 06:19 // INFO // [CLOSE] // Closing file without saving (file modified: False)
11/27/2025 06:19 // INFO // [CLEAR] // PrecedenceGraphCanvas has been cleared!
11/27/2025 06:19 // INFO // [CLEAR] // GanttCanvas has been cleared!
11/27/2025 06:19 // INFO // [CLEAR] // RulerCanvas has been cleared!
11/27/2025 06:19 // INFO // [CLEAR] // FixedLabelCanvas has been cleared!
11/27/2025 06:19 // INFO // [CLEAR] // Precedence graph's node container cleared!
11/27/2025 06:19 // INFO // [CLEAR] // Precedence graph's edge container cleared!
11/27/2025 06:19 // INFO // [CLEAR] // Gantt chart data cleared!
11/27/2025 06:19 // INFO // [CLEAR] // Master Recipe Table datatable purged!
11/27/2025 06:19 // INFO // [CLEAR] // Recipe Elements Table datatable purged!
11/27/2025 06:19 // INFO // [CLEAR] // Steps Table datatable purged!
11/27/2025 06:19 // INFO // [CLEAR] // Solution (List Scheduling) datatable purged!
11/27/2025 06:19 // INFO // [CLEAR] // Master Recipe Table tab removed!
11/27/2025 06:19 // INFO // [CLEAR] // Recipe Elements Table tab removed!
11/27/2025 06:19 // INFO // [CLEAR] // Steps Table tab removed!
11/27/2025 06:19 // INFO // [CLEAR] // Solution (List Scheduling) tab removed!
11/27/2025 06:19 // INFO // [CONSTRAINT] // Saving and closing are disabled for as long as there are no files opened.
11/27/2025 06:19 // INFO // [CLOSE] // BatchML file closed and all data cleared!
11/27/2025 06:19 // INFO // [EXITUS] // Shutting down...
