11/26/2025 01:26 // INFO // [INITIALIZATION] // Beginning initialization...
11/26/2025 01:26 // INFO // [LOAD] // Custom solver "Simulated Annealing" (metaheuristic) loaded from JSON file.
11/26/2025 01:26 // INFO // [LOAD] // Custom solvers loaded from JSON file!
11/26/2025 01:26 // INFO // [INITIALIZATION] // Johnson's Rule solver added!
11/26/2025 01:26 // INFO // [INITIALIZATION] // List Scheduling solver added!
11/26/2025 01:26 // INFO // [INITIALIZATION] // {cs.Name} ({cs.TypeID} type) solver added!
11/26/2025 01:26 // INFO // [INITIALIZATION] // Solver menu successfully built!
11/26/2025 01:26 // INFO // [CONSTRAINT] // Saving and closing are disabled for as long as there are no files opened.
11/26/2025 01:26 // INFO // [INITIALIZATION] // Initialization complete!
11/26/2025 01:26 // INFO // [LOAD] // Open file dialog initiated...
11/26/2025 01:26 // INFO // [LOAD] // XML document loaded from C:\Users\Phant0m\Desktop\THESIS_LIPX05\ultimate.xml!
11/26/2025 01:26 // INFO // [LOAD] // XML element established!
11/26/2025 01:26 // INFO // [DATATABLE] // Master Recipe Table datatable displayed in new tab!
11/26/2025 01:26 // INFO // [DATATABLE] // Recipe Elements Table datatable displayed in new tab!
11/26/2025 01:26 // INFO // [DATATABLE] // Steps Table datatable displayed in new tab!
11/26/2025 01:26 // INFO // [LOAD] // BatchML file loaded and data tables populated!
11/26/2025 01:26 // INFO // [CONSTRAINT] // Saving and closing are disabled for as long as there are no files opened.
11/26/2025 01:26 // INFO // [LOAD] // BatchML file loaded from C:\Users\Phant0m\Desktop\THESIS_LIPX05\ultimate.xml!
11/26/2025 01:26 // WARNING // [DATATABLE] // InternalKey column could not be found in DataGrid for Recipe Elements Table after loading!
11/26/2025 01:26 // INFO // [EXTERN_SOLVER] // Custom deterministic solver "BnB" added with path: C:\Users\Phant0m\Desktop\THESIS_LIPX05\Y0KAI_BnB\bin\Release\net9.0\Y0KAI_BnB.exe
11/26/2025 01:26 // INFO // [INITIALIZATION] // Johnson's Rule solver added!
11/26/2025 01:26 // INFO // [INITIALIZATION] // List Scheduling solver added!
11/26/2025 01:26 // INFO // [INITIALIZATION] // {cs.Name} ({cs.TypeID} type) solver added!
11/26/2025 01:26 // INFO // [INITIALIZATION] // {cs.Name} ({cs.TypeID} type) solver added!
11/26/2025 01:26 // INFO // [INITIALIZATION] // Solver menu successfully built!
11/26/2025 01:26 // INFO // [EXTERN_SOLVER] // Custom deterministic solver "CDS" added with path: C:\Users\Phant0m\Desktop\THESIS_LIPX05\Y0KAI_CDS\bin\Release\net9.0\Y0KAI_CDS.exe
11/26/2025 01:26 // INFO // [INITIALIZATION] // Johnson's Rule solver added!
11/26/2025 01:26 // INFO // [INITIALIZATION] // List Scheduling solver added!
11/26/2025 01:26 // INFO // [INITIALIZATION] // {cs.Name} ({cs.TypeID} type) solver added!
11/26/2025 01:26 // INFO // [INITIALIZATION] // {cs.Name} ({cs.TypeID} type) solver added!
11/26/2025 01:26 // INFO // [INITIALIZATION] // {cs.Name} ({cs.TypeID} type) solver added!
11/26/2025 01:26 // INFO // [INITIALIZATION] // Solver menu successfully built!
11/26/2025 01:28 // INFO // [S_GRAPH] // Node J1_M1 at 100;50
11/26/2025 01:28 // INFO // [S_GRAPH] // Node J1_M2 at 300;50
11/26/2025 01:28 // INFO // [S_GRAPH] // Node P1 at 400;50
11/26/2025 01:28 // INFO // [S_GRAPH] // Node J2_M1 at 100;150
11/26/2025 01:28 // INFO // [S_GRAPH] // Node J2_M2 at 300;150
11/26/2025 01:28 // INFO // [S_GRAPH] // Node P2 at 400;150
11/26/2025 01:28 // INFO // [S_GRAPH] // Node J3_M1 at 100;250
11/26/2025 01:28 // INFO // [S_GRAPH] // Node J3_M2 at 300;250
11/26/2025 01:28 // INFO // [S_GRAPH] // Node P3 at 400;250
11/26/2025 01:28 // INFO // [S_GRAPH] // Node J4_M1 at 100;350
11/26/2025 01:28 // INFO // [S_GRAPH] // Node J4_M2 at 300;350
11/26/2025 01:28 // INFO // [S_GRAPH] // Node P4 at 400;350
11/26/2025 01:28 // INFO // [S_GRAPH] // Node J5_M1 at 100;450
11/26/2025 01:28 // INFO // [S_GRAPH] // Node J5_M2 at 300;450
11/26/2025 01:28 // INFO // [S_GRAPH] // Node P5 at 400;450
11/26/2025 01:28 // INFO // [S_GRAPH] // Node J6_M1 at 100;550
11/26/2025 01:28 // INFO // [S_GRAPH] // Node J6_M2 at 300;550
11/26/2025 01:28 // INFO // [S_GRAPH] // Node P6 at 400;550
11/26/2025 01:28 // INFO // [S_GRAPH] // Node J7_M1 at 100;650
11/26/2025 01:28 // INFO // [S_GRAPH] // Node J7_M2 at 300;650
11/26/2025 01:28 // INFO // [S_GRAPH] // Node P7 at 400;650
11/26/2025 01:28 // INFO // [S_GRAPH] // Node J8_M1 at 100;750
11/26/2025 01:28 // INFO // [S_GRAPH] // Node J8_M2 at 300;750
11/26/2025 01:28 // INFO // [S_GRAPH] // Node P8 at 400;750
11/26/2025 01:28 // INFO // [S_GRAPH] // Node J9_M1 at 100;850
11/26/2025 01:28 // INFO // [S_GRAPH] // Node J9_M2 at 300;850
11/26/2025 01:28 // INFO // [S_GRAPH] // Node P9 at 400;850
11/26/2025 01:28 // INFO // [S_GRAPH] // Node J10_M1 at 100;950
11/26/2025 01:28 // INFO // [S_GRAPH] // Node J10_M2 at 300;950
11/26/2025 01:28 // INFO // [S_GRAPH] // Node P10 at 400;950
11/26/2025 01:28 // INFO // [S_GRAPH] // Curve value of edge (J1_M1 to J1_M2) set to 25,00
11/26/2025 01:28 // INFO // [S_GRAPH] // Edge drawn from (170,0;85,0) to (300,0;85,0)!
11/26/2025 01:28 // INFO // [S_GRAPH] // Weight 15 drawn at (235;97,5)!
11/26/2025 01:28 // INFO // [S_GRAPH] // Edge from J1_M1 to J1_M2 with cost 0 drawn.
11/26/2025 01:28 // INFO // [S_GRAPH] // Edge drawn from (370,0;85,0) to (400,0;85,0)!
11/26/2025 01:28 // INFO // [S_GRAPH] // Weight 25 drawn at (385;85)!
11/26/2025 01:28 // INFO // [S_GRAPH] // Edge from J1_M2 to P1 with cost 25 drawn.
11/26/2025 01:28 // INFO // [S_GRAPH] // Curve value of edge (J2_M1 to J2_M2) set to 25,00
11/26/2025 01:28 // INFO // [S_GRAPH] // Edge drawn from (170,0;185,0) to (300,0;185,0)!
11/26/2025 01:28 // INFO // [S_GRAPH] // Weight 16 drawn at (235;197,5)!
11/26/2025 01:28 // INFO // [S_GRAPH] // Edge from J2_M1 to J2_M2 with cost 0 drawn.
11/26/2025 01:28 // INFO // [S_GRAPH] // Edge drawn from (370,0;185,0) to (400,0;185,0)!
11/26/2025 01:28 // INFO // [S_GRAPH] // Weight 26 drawn at (385;185)!
11/26/2025 01:28 // INFO // [S_GRAPH] // Edge from J2_M2 to P2 with cost 26 drawn.
11/26/2025 01:28 // INFO // [S_GRAPH] // Curve value of edge (J3_M1 to J3_M2) set to 25,00
11/26/2025 01:28 // INFO // [S_GRAPH] // Edge drawn from (170,0;285,0) to (300,0;285,0)!
11/26/2025 01:28 // INFO // [S_GRAPH] // Weight 17 drawn at (235;297,5)!
11/26/2025 01:28 // INFO // [S_GRAPH] // Edge from J3_M1 to J3_M2 with cost 0 drawn.
11/26/2025 01:28 // INFO // [S_GRAPH] // Edge drawn from (370,0;285,0) to (400,0;285,0)!
11/26/2025 01:28 // INFO // [S_GRAPH] // Weight 27 drawn at (385;285)!
11/26/2025 01:28 // INFO // [S_GRAPH] // Edge from J3_M2 to P3 with cost 27 drawn.
11/26/2025 01:28 // INFO // [S_GRAPH] // Curve value of edge (J4_M1 to J4_M2) set to 25,00
11/26/2025 01:28 // INFO // [S_GRAPH] // Edge drawn from (170,0;385,0) to (300,0;385,0)!
11/26/2025 01:28 // INFO // [S_GRAPH] // Weight 28 drawn at (235;397,5)!
11/26/2025 01:28 // INFO // [S_GRAPH] // Edge from J4_M1 to J4_M2 with cost 0 drawn.
11/26/2025 01:28 // INFO // [S_GRAPH] // Edge drawn from (370,0;385,0) to (400,0;385,0)!
11/26/2025 01:28 // INFO // [S_GRAPH] // Weight 18 drawn at (385;385)!
11/26/2025 01:28 // INFO // [S_GRAPH] // Edge from J4_M2 to P4 with cost 18 drawn.
11/26/2025 01:28 // INFO // [S_GRAPH] // Curve value of edge (J5_M1 to J5_M2) set to 25,00
11/26/2025 01:28 // INFO // [S_GRAPH] // Edge drawn from (170,0;485,0) to (300,0;485,0)!
11/26/2025 01:28 // INFO // [S_GRAPH] // Weight 19 drawn at (235;497,5)!
11/26/2025 01:28 // INFO // [S_GRAPH] // Edge from J5_M1 to J5_M2 with cost 0 drawn.
11/26/2025 01:28 // INFO // [S_GRAPH] // Edge drawn from (370,0;485,0) to (400,0;485,0)!
11/26/2025 01:28 // INFO // [S_GRAPH] // Weight 29 drawn at (385;485)!
11/26/2025 01:28 // INFO // [S_GRAPH] // Edge from J5_M2 to P5 with cost 29 drawn.
11/26/2025 01:28 // INFO // [S_GRAPH] // Curve value of edge (J6_M1 to J6_M2) set to 25,00
11/26/2025 01:28 // INFO // [S_GRAPH] // Edge drawn from (170,0;585,0) to (300,0;585,0)!
11/26/2025 01:28 // INFO // [S_GRAPH] // Weight 20 drawn at (235;597,5)!
11/26/2025 01:28 // INFO // [S_GRAPH] // Edge from J6_M1 to J6_M2 with cost 0 drawn.
11/26/2025 01:28 // INFO // [S_GRAPH] // Edge drawn from (370,0;585,0) to (400,0;585,0)!
11/26/2025 01:28 // INFO // [S_GRAPH] // Weight 30 drawn at (385;585)!
11/26/2025 01:28 // INFO // [S_GRAPH] // Edge from J6_M2 to P6 with cost 30 drawn.
11/26/2025 01:28 // INFO // [S_GRAPH] // Curve value of edge (J7_M1 to J7_M2) set to 25,00
11/26/2025 01:28 // INFO // [S_GRAPH] // Edge drawn from (170,0;685,0) to (300,0;685,0)!
11/26/2025 01:28 // INFO // [S_GRAPH] // Weight 21 drawn at (235;697,5)!
11/26/2025 01:28 // INFO // [S_GRAPH] // Edge from J7_M1 to J7_M2 with cost 0 drawn.
11/26/2025 01:28 // INFO // [S_GRAPH] // Edge drawn from (370,0;685,0) to (400,0;685,0)!
11/26/2025 01:28 // INFO // [S_GRAPH] // Weight 31 drawn at (385;685)!
11/26/2025 01:28 // INFO // [S_GRAPH] // Edge from J7_M2 to P7 with cost 31 drawn.
11/26/2025 01:28 // INFO // [S_GRAPH] // Curve value of edge (J8_M1 to J8_M2) set to 25,00
11/26/2025 01:28 // INFO // [S_GRAPH] // Edge drawn from (170,0;785,0) to (300,0;785,0)!
11/26/2025 01:28 // INFO // [S_GRAPH] // Weight 32 drawn at (235;797,5)!
11/26/2025 01:28 // INFO // [S_GRAPH] // Edge from J8_M1 to J8_M2 with cost 0 drawn.
11/26/2025 01:28 // INFO // [S_GRAPH] // Edge drawn from (370,0;785,0) to (400,0;785,0)!
11/26/2025 01:28 // INFO // [S_GRAPH] // Weight 22 drawn at (385;785)!
11/26/2025 01:28 // INFO // [S_GRAPH] // Edge from J8_M2 to P8 with cost 22 drawn.
11/26/2025 01:28 // INFO // [S_GRAPH] // Curve value of edge (J9_M1 to J9_M2) set to 25,00
11/26/2025 01:28 // INFO // [S_GRAPH] // Edge drawn from (170,0;885,0) to (300,0;885,0)!
11/26/2025 01:28 // INFO // [S_GRAPH] // Weight 33 drawn at (235;897,5)!
11/26/2025 01:28 // INFO // [S_GRAPH] // Edge from J9_M1 to J9_M2 with cost 0 drawn.
11/26/2025 01:28 // INFO // [S_GRAPH] // Edge drawn from (370,0;885,0) to (400,0;885,0)!
11/26/2025 01:28 // INFO // [S_GRAPH] // Weight 23 drawn at (385;885)!
11/26/2025 01:28 // INFO // [S_GRAPH] // Edge from J9_M2 to P9 with cost 23 drawn.
11/26/2025 01:28 // INFO // [S_GRAPH] // Curve value of edge (J10_M1 to J10_M2) set to 25,00
11/26/2025 01:28 // INFO // [S_GRAPH] // Edge drawn from (170,0;985,0) to (300,0;985,0)!
11/26/2025 01:28 // INFO // [S_GRAPH] // Weight 24 drawn at (235;997,5)!
11/26/2025 01:28 // INFO // [S_GRAPH] // Edge from J10_M1 to J10_M2 with cost 0 drawn.
11/26/2025 01:28 // INFO // [S_GRAPH] // Edge drawn from (370,0;985,0) to (400,0;985,0)!
11/26/2025 01:28 // INFO // [S_GRAPH] // Weight 34 drawn at (385;985)!
11/26/2025 01:28 // INFO // [S_GRAPH] // Edge from J10_M2 to P10 with cost 34 drawn.
11/26/2025 01:28 // INFO // [S_GRAPH] // Canvas resized to 520x1070!
11/26/2025 01:28 // INFO // [S_GRAPH] // Flow Shop S-Graph built from BatchML file!
11/26/2025 01:28 // INFO // [CONSTRAINT] // Saving and closing are disabled for as long as there are no files opened.
11/26/2025 01:28 // INFO // [INITIALIZATION] // Johnson's Rule solver enabled!
11/26/2025 01:28 // INFO // [INITIALIZATION] // List Scheduling solver enabled!
11/26/2025 01:28 // INFO // [INITIALIZATION] // Simulated Annealing solver enabled!
11/26/2025 01:28 // INFO // [INITIALIZATION] // BnB solver enabled!
11/26/2025 01:28 // INFO // [INITIALIZATION] // CDS solver enabled!
11/26/2025 01:28 // INFO // [INITIALIZATION] //  solver enabled!
11/26/2025 01:28 // INFO // [CONSTRAINT] // Saving and closing are disabled for as long as there are no files opened.
11/26/2025 01:28 // INFO // [SAVE] // Custom solvers saved to JSON file!
11/26/2025 01:28 // INFO // [EXITUS] // Custom solvers saved during exit!
11/26/2025 01:28 // INFO // [EXITUS] // Shutting down...
