11/24/2025 01:37 // INFO // [INITIALIZATION] // Beginning initialization...
11/24/2025 01:37 // INFO // [INITIALIZATION] // Johnson's Rule solver added!
11/24/2025 01:37 // INFO // [INITIALIZATION] // List Scheduling solver added!
11/24/2025 01:37 // INFO // [INITIALIZATION] // Solver menu successfully built!
11/24/2025 01:37 // INFO // [CONSTRAINT] // Saving and closing are disabled for as long as there are no files opened.
11/24/2025 01:37 // INFO // [INITIALIZATION] // Initialization complete!
11/24/2025 01:37 // WARNING // [S_GRAPH] // No BatchML file loaded, drawing example S-Graph!
11/24/2025 01:37 // INFO // [S_GRAPH] // Node J1_M1 at 100;50
11/24/2025 01:37 // INFO // [S_GRAPH] // Node J1_M2 at 400;50
11/24/2025 01:37 // INFO // [S_GRAPH] // Node P1 at 700;50
11/24/2025 01:37 // INFO // [S_GRAPH] // Node J2_M1 at 100;200
11/24/2025 01:37 // INFO // [S_GRAPH] // Node J2_M2 at 400;200
11/24/2025 01:37 // INFO // [S_GRAPH] // Node P2 at 700;200
11/24/2025 01:37 // INFO // [S_GRAPH] // Node J3_M1 at 100;350
11/24/2025 01:37 // INFO // [S_GRAPH] // Node J3_M2 at 400;350
11/24/2025 01:37 // INFO // [S_GRAPH] // Node P3 at 700;350
11/24/2025 01:37 // INFO // [S_GRAPH] // Curve value of edge (J1_M1 to J1_M2) set to 25,00
11/24/2025 01:37 // INFO // [S_GRAPH] // Edge drawn from (170,0;85,0) to (400,0;85,0)!
11/24/2025 01:37 // INFO // [S_GRAPH] // Weight 19 drawn at (285;97,5)!
11/24/2025 01:37 // INFO // [S_GRAPH] // Edge from J1_M1 to J1_M2 with cost 0 drawn.
11/24/2025 01:37 // INFO // [S_GRAPH] // Edge drawn from (470,0;85,0) to (700,0;85,0)!
11/24/2025 01:37 // INFO // [S_GRAPH] // Weight 38 drawn at (585;85)!
11/24/2025 01:37 // INFO // [S_GRAPH] // Edge from J1_M2 to P1 with cost 0 drawn.
11/24/2025 01:37 // INFO // [S_GRAPH] // Curve value of edge (J2_M1 to J2_M2) set to 25,00
11/24/2025 01:37 // INFO // [S_GRAPH] // Edge drawn from (170,0;235,0) to (400,0;235,0)!
11/24/2025 01:37 // INFO // [S_GRAPH] // Weight 24 drawn at (285;247,5)!
11/24/2025 01:37 // INFO // [S_GRAPH] // Edge from J2_M1 to J2_M2 with cost 0 drawn.
11/24/2025 01:37 // INFO // [S_GRAPH] // Edge drawn from (470,0;235,0) to (700,0;235,0)!
11/24/2025 01:37 // INFO // [S_GRAPH] // Weight 33 drawn at (585;235)!
11/24/2025 01:37 // INFO // [S_GRAPH] // Edge from J2_M2 to P2 with cost 0 drawn.
11/24/2025 01:37 // INFO // [S_GRAPH] // Curve value of edge (J3_M1 to J3_M2) set to 25,00
11/24/2025 01:37 // INFO // [S_GRAPH] // Edge drawn from (170,0;385,0) to (400,0;385,0)!
11/24/2025 01:37 // INFO // [S_GRAPH] // Weight 36 drawn at (285;397,5)!
11/24/2025 01:37 // INFO // [S_GRAPH] // Edge from J3_M1 to J3_M2 with cost 0 drawn.
11/24/2025 01:37 // INFO // [S_GRAPH] // Edge drawn from (470,0;385,0) to (700,0;385,0)!
11/24/2025 01:37 // INFO // [S_GRAPH] // Weight 2 drawn at (585;385)!
11/24/2025 01:37 // INFO // [S_GRAPH] // Edge from J3_M2 to P3 with cost 0 drawn.
11/24/2025 01:37 // INFO // [S_GRAPH] // Canvas resized to 820x470!
11/24/2025 01:37 // INFO // [INITIALIZATION] // Johnson's Rule solver enabled!
11/24/2025 01:37 // INFO // [INITIALIZATION] // List Scheduling solver enabled!
11/24/2025 01:37 // INFO // [INITIALIZATION] //  solver enabled!
11/24/2025 01:37 // INFO // [CONSTRAINT] // Saving and closing are disabled for as long as there are no files opened.
11/24/2025 01:37 // INFO // [INTEG_SOLVER] // Johnson's Rule solver selected!
11/24/2025 01:37 // INFO // [INTEG_SOLVER] // Starting Johnson's Rule solver...
11/24/2025 01:37 // INFO // [Johnson's Rule Optimizer] // Optimized job sequence: J1 -> J2 -> J3
11/24/2025 01:37 // INFO // [Johnson's Rule Optimizer] // Cleared all existing S-Graph edges for sequence rebuild.
11/24/2025 01:37 // INFO // [Johnson's Rule Optimizer] // Graph rebuilt with necessary technological constraints (cost = duration) and zero-cost sequential constraints.
11/24/2025 01:37 // INFO // [Johnson's Rule Optimizer] // Node J1_M1 added to topological order.
11/24/2025 01:37 // INFO // [Johnson's Rule Optimizer] // Decreased in-degree of J1_M2 to 0.
11/24/2025 01:37 // INFO // [Johnson's Rule Optimizer] // Decreased in-degree of J2_M1 to 0.
11/24/2025 01:37 // INFO // [Johnson's Rule Optimizer] // Node J1_M2 added to topological order.
11/24/2025 01:37 // INFO // [Johnson's Rule Optimizer] // Decreased in-degree of J2_M2 to 1.
11/24/2025 01:37 // INFO // [Johnson's Rule Optimizer] // Decreased in-degree of P1 to 0.
11/24/2025 01:37 // INFO // [Johnson's Rule Optimizer] // Node J2_M1 added to topological order.
11/24/2025 01:37 // INFO // [Johnson's Rule Optimizer] // Decreased in-degree of J2_M2 to 0.
11/24/2025 01:37 // INFO // [Johnson's Rule Optimizer] // Decreased in-degree of J3_M1 to 0.
11/24/2025 01:37 // INFO // [Johnson's Rule Optimizer] // Node P1 added to topological order.
11/24/2025 01:37 // INFO // [Johnson's Rule Optimizer] // Node J2_M2 added to topological order.
11/24/2025 01:37 // INFO // [Johnson's Rule Optimizer] // Decreased in-degree of J3_M2 to 1.
11/24/2025 01:37 // INFO // [Johnson's Rule Optimizer] // Decreased in-degree of P2 to 0.
11/24/2025 01:37 // INFO // [Johnson's Rule Optimizer] // Node J3_M1 added to topological order.
11/24/2025 01:37 // INFO // [Johnson's Rule Optimizer] // Decreased in-degree of J3_M2 to 0.
11/24/2025 01:37 // INFO // [Johnson's Rule Optimizer] // Node P2 added to topological order.
11/24/2025 01:37 // INFO // [Johnson's Rule Optimizer] // Node J3_M2 added to topological order.
11/24/2025 01:37 // INFO // [Johnson's Rule Optimizer] // Decreased in-degree of P3 to 0.
11/24/2025 01:37 // INFO // [Johnson's Rule Optimizer] // Node P3 added to topological order.
11/24/2025 01:37 // INFO // [Johnson's Rule Optimizer] // Topological sort completed successfully.
11/24/2025 01:37 // INFO // [GANTT] // Node J1_M1 EST is 0 (no predecessors).
11/24/2025 01:37 // INFO // [GANTT] // Node J1_M2 EST is determined by J1_M1 (EST: 19,00).
11/24/2025 01:37 // INFO // [GANTT] // Node J2_M1 EST is determined by J1_M1 (EST: 19,00).
11/24/2025 01:37 // INFO // [GANTT] // Node J2_M2 EST is determined by J1_M2 (EST: 57,00).
11/24/2025 01:37 // INFO // [GANTT] // Node J3_M1 EST is determined by J2_M1 (EST: 43,00).
11/24/2025 01:37 // INFO // [GANTT] // Node J3_M2 EST is determined by J2_M2 (EST: 90,00).
11/24/2025 01:37 // INFO // [GANTT] // Gantt chart built with 6 items from path with 9 nodes.
11/24/2025 01:37 // INFO // [GANTT] // Gantt data built with 6 items from optimized path using Johnson's Rule!
11/24/2025 01:37 // INFO // [GANTT] // Canvases are ready to be used!
11/24/2025 01:37 // INFO // [GANTT] // Ruler drawn: 93 ticks and 47 labels.
11/24/2025 01:37 // INFO // [GANTT] // Gantt chart rendered with 6 items on canvas.
11/24/2025 01:37 // INFO // [GANTT] // Canvas resized to 1020x110 to fit all Gantt items.
11/24/2025 01:37 // INFO // [GANTT] // Johnson's Rule schedule rendered successfully!
11/24/2025 01:37 // INFO // [S_GRAPH] // Node J1_M1 at 100;50
11/24/2025 01:37 // INFO // [S_GRAPH] // Node J1_M2 at 400;50
11/24/2025 01:37 // INFO // [S_GRAPH] // Node P1 at 700;50
11/24/2025 01:37 // INFO // [S_GRAPH] // Node J2_M1 at 100;200
11/24/2025 01:37 // INFO // [S_GRAPH] // Node J2_M2 at 400;200
11/24/2025 01:37 // INFO // [S_GRAPH] // Node P2 at 700;200
11/24/2025 01:37 // INFO // [S_GRAPH] // Node J3_M1 at 100;350
11/24/2025 01:37 // INFO // [S_GRAPH] // Node J3_M2 at 400;350
11/24/2025 01:37 // INFO // [S_GRAPH] // Node P3 at 700;350
11/24/2025 01:37 // INFO // [S_GRAPH] // Curve value of edge (J1_M1 to J1_M2) set to 25,00
11/24/2025 01:37 // INFO // [S_GRAPH] // Edge drawn from (170,0;85,0) to (400,0;85,0)!
11/24/2025 01:37 // INFO // [S_GRAPH] // Weight 19 drawn at (285;97,5)!
11/24/2025 01:37 // INFO // [S_GRAPH] // Edge from J1_M1 to J1_M2 with cost 0 drawn.
11/24/2025 01:37 // INFO // [S_GRAPH] // Curve value of edge (J2_M1 to J2_M2) set to 25,00
11/24/2025 01:37 // INFO // [S_GRAPH] // Edge drawn from (170,0;235,0) to (400,0;235,0)!
11/24/2025 01:37 // INFO // [S_GRAPH] // Weight 24 drawn at (285;247,5)!
11/24/2025 01:37 // INFO // [S_GRAPH] // Edge from J2_M1 to J2_M2 with cost 0 drawn.
11/24/2025 01:37 // INFO // [S_GRAPH] // Curve value of edge (J3_M1 to J3_M2) set to 25,00
11/24/2025 01:37 // INFO // [S_GRAPH] // Edge drawn from (170,0;385,0) to (400,0;385,0)!
11/24/2025 01:37 // INFO // [S_GRAPH] // Weight 36 drawn at (285;397,5)!
11/24/2025 01:37 // INFO // [S_GRAPH] // Edge from J3_M1 to J3_M2 with cost 0 drawn.
11/24/2025 01:37 // INFO // [S_GRAPH] // Curve value of edge (J1_M1 to J2_M1) set to -25,00
11/24/2025 01:37 // INFO // [S_GRAPH] // Edge drawn from (135,0;120,0) to (135,0;200,0)!
11/24/2025 01:37 // INFO // [S_GRAPH] // Weight 19 drawn at (147,5;160)!
11/24/2025 01:37 // INFO // [S_GRAPH] // Edge from J1_M1 to J2_M1 with cost 0 drawn.
11/24/2025 01:37 // INFO // [S_GRAPH] // Curve value of edge (J1_M2 to J2_M2) set to -25,00
11/24/2025 01:37 // INFO // [S_GRAPH] // Edge drawn from (435,0;120,0) to (435,0;200,0)!
11/24/2025 01:37 // INFO // [S_GRAPH] // Weight 38 drawn at (447,5;160)!
11/24/2025 01:37 // INFO // [S_GRAPH] // Edge from J1_M2 to J2_M2 with cost 0 drawn.
11/24/2025 01:37 // INFO // [S_GRAPH] // Curve value of edge (J2_M1 to J3_M1) set to -25,00
11/24/2025 01:37 // INFO // [S_GRAPH] // Edge drawn from (135,0;270,0) to (135,0;350,0)!
11/24/2025 01:37 // INFO // [S_GRAPH] // Weight 24 drawn at (147,5;310)!
11/24/2025 01:37 // INFO // [S_GRAPH] // Edge from J2_M1 to J3_M1 with cost 0 drawn.
11/24/2025 01:37 // INFO // [S_GRAPH] // Curve value of edge (J2_M2 to J3_M2) set to -25,00
11/24/2025 01:37 // INFO // [S_GRAPH] // Edge drawn from (435,0;270,0) to (435,0;350,0)!
11/24/2025 01:37 // INFO // [S_GRAPH] // Weight 33 drawn at (447,5;310)!
11/24/2025 01:37 // INFO // [S_GRAPH] // Edge from J2_M2 to J3_M2 with cost 0 drawn.
11/24/2025 01:37 // INFO // [S_GRAPH] // Edge drawn from (470,0;85,0) to (700,0;85,0)!
11/24/2025 01:37 // INFO // [S_GRAPH] // Weight 38 drawn at (585;85)!
11/24/2025 01:37 // INFO // [S_GRAPH] // Edge from J1_M2 to P1 with cost 0 drawn.
11/24/2025 01:37 // INFO // [S_GRAPH] // Edge drawn from (470,0;235,0) to (700,0;235,0)!
11/24/2025 01:37 // INFO // [S_GRAPH] // Weight 33 drawn at (585;235)!
11/24/2025 01:37 // INFO // [S_GRAPH] // Edge from J2_M2 to P2 with cost 0 drawn.
11/24/2025 01:37 // INFO // [S_GRAPH] // Edge drawn from (470,0;385,0) to (700,0;385,0)!
11/24/2025 01:37 // INFO // [S_GRAPH] // Weight 2 drawn at (585;385)!
11/24/2025 01:37 // INFO // [S_GRAPH] // Edge from J3_M2 to P3 with cost 0 drawn.
11/24/2025 01:37 // INFO // [S_GRAPH] // Canvas resized to 820x470!
11/24/2025 01:41 // INFO // [GANTT] // Gantt chart rendered with 6 items on canvas.
11/24/2025 01:41 // INFO // [GANTT] // Canvas resized to 1022,5827709123122x110 to fit all Gantt items.
11/24/2025 01:41 // INFO // [GANTT] // Canvases are ready to be used!
11/24/2025 01:41 // INFO // [GANTT] // Ruler drawn: 93 ticks and 47 labels.
11/24/2025 01:41 // INFO // [MODIFY] // Zoom level changed to 0,004044489383215369, scale set to 10,028073596872959!
11/24/2025 01:41 // INFO // [GANTT] // Gantt chart rendered with 6 items on canvas.
11/24/2025 01:41 // INFO // [GANTT] // Canvas resized to 1027,7700853932702x110 to fit all Gantt items.
11/24/2025 01:41 // INFO // [GANTT] // Canvases are ready to be used!
11/24/2025 01:41 // INFO // [GANTT] // Ruler drawn: 93 ticks and 47 labels.
11/24/2025 01:41 // INFO // [MODIFY] // Zoom level changed to 0,012133468149646108, scale set to 10,084457449926848!
11/24/2025 01:41 // INFO // [GANTT] // Gantt chart rendered with 6 items on canvas.
11/24/2025 01:41 // INFO // [GANTT] // Canvas resized to 1030,3746697300824x110 to fit all Gantt items.
11/24/2025 01:41 // INFO // [GANTT] // Canvases are ready to be used!
11/24/2025 01:41 // INFO // [GANTT] // Ruler drawn: 93 ticks and 47 labels.
11/24/2025 01:41 // INFO // [MODIFY] // Zoom level changed to 0,016177957532861477, scale set to 10,112768149240026!
11/24/2025 01:41 // INFO // [GANTT] // Gantt chart rendered with 6 items on canvas.
11/24/2025 01:41 // INFO // [GANTT] // Canvas resized to 1032,9865660719638x110 to fit all Gantt items.
11/24/2025 01:41 // INFO // [GANTT] // Canvases are ready to be used!
11/24/2025 01:41 // INFO // [GANTT] // Ruler drawn: 93 ticks and 47 labels.
11/24/2025 01:41 // INFO // [MODIFY] // Zoom level changed to 0,020222446916076844, scale set to 10,141158326869173!
11/24/2025 01:41 // INFO // [GANTT] // Gantt chart rendered with 6 items on canvas.
11/24/2025 01:41 // INFO // [GANTT] // Canvas resized to 1035,605794946343x110 to fit all Gantt items.
11/24/2025 01:41 // INFO // [GANTT] // Canvases are ready to be used!
11/24/2025 01:41 // INFO // [GANTT] // Ruler drawn: 93 ticks and 47 labels.
11/24/2025 01:41 // INFO // [MODIFY] // Zoom level changed to 0,024266936299292212, scale set to 10,169628205938512!
11/24/2025 01:41 // INFO // [GANTT] // Gantt chart rendered with 6 items on canvas.
11/24/2025 01:41 // INFO // [GANTT] // Canvas resized to 1040,8663326906085x110 to fit all Gantt items.
11/24/2025 01:41 // INFO // [GANTT] // Canvases are ready to be used!
11/24/2025 01:41 // INFO // [GANTT] // Ruler drawn: 93 ticks and 47 labels.
11/24/2025 01:41 // INFO // [MODIFY] // Zoom level changed to 0,032355915065722954, scale set to 10,226807964028353!
11/24/2025 01:41 // INFO // [GANTT] // Gantt chart rendered with 6 items on canvas.
11/24/2025 01:41 // INFO // [GANTT] // Canvas resized to 1043,5076829041382x110 to fit all Gantt items.
11/24/2025 01:41 // INFO // [GANTT] // Canvases are ready to be used!
11/24/2025 01:41 // INFO // [GANTT] // Ruler drawn: 93 ticks and 47 labels.
11/24/2025 01:41 // INFO // [MODIFY] // Zoom level changed to 0,03640040444893832, scale set to 10,255518292436284!
11/24/2025 01:41 // INFO // [GANTT] // Gantt chart rendered with 6 items on canvas.
11/24/2025 01:41 // INFO // [GANTT] // Canvas resized to 1046,1564483377772x110 to fit all Gantt items.
11/24/2025 01:41 // INFO // [GANTT] // Canvases are ready to be used!
11/24/2025 01:41 // INFO // [GANTT] // Ruler drawn: 93 ticks and 47 labels.
11/24/2025 01:41 // INFO // [MODIFY] // Zoom level changed to 0,04044489383215369, scale set to 10,284309221062795!
11/24/2025 01:41 // INFO // [GANTT] // Gantt chart rendered with 6 items on canvas.
11/24/2025 01:41 // INFO // [GANTT] // Canvas resized to 1048,8126498087158x110 to fit all Gantt items.
11/24/2025 01:41 // INFO // [GANTT] // Canvases are ready to be used!
11/24/2025 01:41 // INFO // [GANTT] // Ruler drawn: 93 ticks and 47 labels.
11/24/2025 01:41 // INFO // [MODIFY] // Zoom level changed to 0,044489383215369056, scale set to 10,313180976181695!
11/24/2025 01:41 // INFO // [GANTT] // Gantt chart rendered with 6 items on canvas.
11/24/2025 01:41 // INFO // [GANTT] // Canvas resized to 1054,1474444236223x110 to fit all Gantt items.
11/24/2025 01:41 // INFO // [GANTT] // Canvases are ready to be used!
11/24/2025 01:41 // INFO // [GANTT] // Ruler drawn: 93 ticks and 47 labels.
11/24/2025 01:41 // INFO // [MODIFY] // Zoom level changed to 0,0525783619817998, scale set to 10,371167874169808!
11/24/2025 01:41 // INFO // [GANTT] // Gantt chart rendered with 6 items on canvas.
11/24/2025 01:41 // INFO // [GANTT] // Canvas resized to 1056,8260794948337x110 to fit all Gantt items.
11/24/2025 01:41 // INFO // [GANTT] // Canvases are ready to be used!
11/24/2025 01:41 // INFO // [GANTT] // Ruler drawn: 93 ticks and 47 labels.
11/24/2025 01:41 // INFO // [MODIFY] // Zoom level changed to 0,056622851365015166, scale set to 10,400283472769933!
11/24/2025 01:41 // INFO // [GANTT] // Gantt chart rendered with 6 items on canvas.
11/24/2025 01:41 // INFO // [GANTT] // Canvas resized to 1059,5122344581614x110 to fit all Gantt items.
11/24/2025 01:41 // INFO // [GANTT] // Canvases are ready to be used!
11/24/2025 01:41 // INFO // [GANTT] // Ruler drawn: 93 ticks and 47 labels.
11/24/2025 01:41 // INFO // [MODIFY] // Zoom level changed to 0,06066734074823053, scale set to 10,42948080932784!
11/24/2025 01:41 // INFO // [GANTT] // Gantt chart rendered with 6 items on canvas.
11/24/2025 01:41 // INFO // [GANTT] // Canvas resized to 1062,2059304246463x110 to fit all Gantt items.
11/24/2025 01:41 // INFO // [GANTT] // Canvases are ready to be used!
11/24/2025 01:41 // INFO // [GANTT] // Ruler drawn: 93 ticks and 47 labels.
11/24/2025 01:41 // INFO // [MODIFY] // Zoom level changed to 0,06471183013144591, scale set to 10,458760113311374!
11/24/2025 01:41 // INFO // [GANTT] // Gantt chart rendered with 6 items on canvas.
11/24/2025 01:41 // INFO // [GANTT] // Canvas resized to 1067,6160301077562x110 to fit all Gantt items.
11/24/2025 01:41 // INFO // [GANTT] // Canvases are ready to be used!
11/24/2025 01:41 // INFO // [GANTT] // Ruler drawn: 93 ticks and 47 labels.
11/24/2025 01:41 // INFO // [MODIFY] // Zoom level changed to 0,07280080889787664, scale set to 10,517565544649523!
11/24/2025 01:41 // INFO // [GANTT] // Gantt chart rendered with 6 items on canvas.
11/24/2025 01:41 // INFO // [GANTT] // Canvas resized to 1070,332476343462x110 to fit all Gantt items.
11/24/2025 01:41 // INFO // [GANTT] // Canvases are ready to be used!
11/24/2025 01:41 // INFO // [GANTT] // Ruler drawn: 93 ticks and 47 labels.
11/24/2025 01:41 // INFO // [MODIFY] // Zoom level changed to 0,07684529828109202, scale set to 10,547092134168066!
11/24/2025 01:41 // INFO // [GANTT] // Gantt chart rendered with 6 items on canvas.
11/24/2025 01:41 // INFO // [GANTT] // Canvas resized to 1073,056548620823x110 to fit all Gantt items.
11/24/2025 01:41 // INFO // [GANTT] // Canvases are ready to be used!
11/24/2025 01:41 // INFO // [GANTT] // Ruler drawn: 93 ticks and 47 labels.
11/24/2025 01:41 // INFO // [MODIFY] // Zoom level changed to 0,08088978766430739, scale set to 10,576701615443726!
11/24/2025 01:41 // INFO // [GANTT] // Gantt chart rendered with 6 items on canvas.
11/24/2025 01:41 // INFO // [GANTT] // Canvas resized to 1078,5276569967793x110 to fit all Gantt items.
11/24/2025 01:41 // INFO // [GANTT] // Canvases are ready to be used!
11/24/2025 01:41 // INFO // [GANTT] // Ruler drawn: 93 ticks and 47 labels.
11/24/2025 01:41 // INFO // [MODIFY] // Zoom level changed to 0,08897876643073813, scale set to 10,636170184747602!
11/24/2025 01:41 // INFO // [GANTT] // Gantt chart rendered with 6 items on canvas.
11/24/2025 01:41 // INFO // [GANTT] // Canvas resized to 1081,2747360939363x110 to fit all Gantt items.
11/24/2025 01:41 // INFO // [GANTT] // Canvases are ready to be used!
11/24/2025 01:41 // INFO // [GANTT] // Ruler drawn: 93 ticks and 47 labels.
11/24/2025 01:41 // INFO // [MODIFY] // Zoom level changed to 0,0930232558139535, scale set to 10,666029740151481!
11/24/2025 01:41 // INFO // [GANTT] // Gantt chart rendered with 6 items on canvas.
11/24/2025 01:41 // INFO // [GANTT] // Canvas resized to 1084,0295272302085x110 to fit all Gantt items.
11/24/2025 01:41 // INFO // [GANTT] // Canvases are ready to be used!
11/24/2025 01:41 // INFO // [GANTT] // Ruler drawn: 93 ticks and 47 labels.
11/24/2025 01:41 // INFO // [MODIFY] // Zoom level changed to 0,09706774519716888, scale set to 10,695973122067484!
11/24/2025 01:41 // INFO // [GANTT] // Gantt chart rendered with 6 items on canvas.
11/24/2025 01:41 // INFO // [GANTT] // Canvas resized to 1086,7920520560633x110 to fit all Gantt items.
11/24/2025 01:41 // INFO // [GANTT] // Canvases are ready to be used!
11/24/2025 01:41 // INFO // [GANTT] // Ruler drawn: 93 ticks and 47 labels.
11/24/2025 01:41 // INFO // [MODIFY] // Zoom level changed to 0,10111223458038425, scale set to 10,726000565826777!
11/24/2025 01:41 // INFO // [GANTT] // Gantt chart rendered with 6 items on canvas.
11/24/2025 01:41 // INFO // [GANTT] // Canvas resized to 1089,5623322827496x110 to fit all Gantt items.
11/24/2025 01:41 // INFO // [GANTT] // Canvases are ready to be used!
11/24/2025 01:41 // INFO // [GANTT] // Ruler drawn: 93 ticks and 47 labels.
11/24/2025 01:41 // INFO // [MODIFY] // Zoom level changed to 0,10515672396359962, scale set to 10,756112307421192!
11/24/2025 01:41 // INFO // [GANTT] // Gantt chart rendered with 6 items on canvas.
11/24/2025 01:41 // INFO // [GANTT] // Canvas resized to 1092,340389682467x110 to fit all Gantt items.
11/24/2025 01:41 // INFO // [GANTT] // Canvases are ready to be used!
11/24/2025 01:41 // INFO // [GANTT] // Ruler drawn: 93 ticks and 47 labels.
11/24/2025 01:41 // INFO // [MODIFY] // Zoom level changed to 0,109201213346815, scale set to 10,786308583505075!
11/24/2025 01:41 // INFO // [GANTT] // Gantt chart rendered with 6 items on canvas.
11/24/2025 01:41 // INFO // [GANTT] // Canvas resized to 1095,1262460885373x110 to fit all Gantt items.
11/24/2025 01:41 // INFO // [GANTT] // Canvases are ready to be used!
11/24/2025 01:41 // INFO // [GANTT] // Ruler drawn: 93 ticks and 47 labels.
11/24/2025 01:41 // INFO // [MODIFY] // Zoom level changed to 0,11324570273003037, scale set to 10,816589631397145!
11/24/2025 01:41 // INFO // [GANTT] // Gantt chart rendered with 6 items on canvas.
11/24/2025 01:41 // INFO // [GANTT] // Canvas resized to 1097,9199233955765x110 to fit all Gantt items.
11/24/2025 01:41 // INFO // [GANTT] // Canvases are ready to be used!
11/24/2025 01:41 // INFO // [GANTT] // Ruler drawn: 93 ticks and 47 labels.
11/24/2025 01:41 // INFO // [MODIFY] // Zoom level changed to 0,11729019211324575, scale set to 10,846955689082352!
11/24/2025 01:41 // INFO // [GANTT] // Gantt chart rendered with 6 items on canvas.
11/24/2025 01:41 // INFO // [GANTT] // Canvas resized to 1100,7214435596666x110 to fit all Gantt items.
11/24/2025 01:41 // INFO // [GANTT] // Canvases are ready to be used!
11/24/2025 01:41 // INFO // [GANTT] // Ruler drawn: 93 ticks and 47 labels.
11/24/2025 01:41 // INFO // [MODIFY] // Zoom level changed to 0,12133468149646112, scale set to 10,877406995213768!
11/24/2025 01:41 // INFO // [GANTT] // Gantt chart rendered with 6 items on canvas.
11/24/2025 01:41 // INFO // [GANTT] // Canvas resized to 1103,5308285985288x110 to fit all Gantt items.
11/24/2025 01:41 // INFO // [GANTT] // Canvases are ready to be used!
11/24/2025 01:41 // INFO // [GANTT] // Ruler drawn: 93 ticks and 47 labels.
11/24/2025 01:41 // INFO // [MODIFY] // Zoom level changed to 0,12537917087967648, scale set to 10,907943789114443!
11/24/2025 01:41 // INFO // [GANTT] // Gantt chart rendered with 6 items on canvas.
11/24/2025 01:41 // INFO // [GANTT] // Canvas resized to 1106,3481005916951x110 to fit all Gantt items.
11/24/2025 01:41 // INFO // [GANTT] // Canvases are ready to be used!
11/24/2025 01:41 // INFO // [GANTT] // Ruler drawn: 93 ticks and 47 labels.
11/24/2025 01:41 // INFO // [MODIFY] // Zoom level changed to 0,12942366026289184, scale set to 10,938566310779294!
11/24/2025 01:41 // INFO // [GANTT] // Gantt chart rendered with 6 items on canvas.
11/24/2025 01:41 // INFO // [GANTT] // Canvas resized to 1112,0063940691696x110 to fit all Gantt items.
11/24/2025 01:41 // INFO // [GANTT] // Canvases are ready to be used!
11/24/2025 01:41 // INFO // [GANTT] // Ruler drawn: 93 ticks and 47 labels.
11/24/2025 01:41 // INFO // [MODIFY] // Zoom level changed to 0,1375126390293226, scale set to 11,000069500751843!
11/24/2025 01:41 // INFO // [GANTT] // Gantt chart rendered with 6 items on canvas.
11/24/2025 01:41 // INFO // [GANTT] // Canvas resized to 1114,8474600231652x110 to fit all Gantt items.
11/24/2025 01:41 // INFO // [GANTT] // Canvases are ready to be used!
11/24/2025 01:41 // INFO // [GANTT] // Ruler drawn: 93 ticks and 47 labels.
11/24/2025 01:41 // INFO // [MODIFY] // Zoom level changed to 0,14155712841253795, scale set to 11,030950652425709!
11/24/2025 01:41 // INFO // [GANTT] // Gantt chart rendered with 6 items on canvas.
11/24/2025 01:41 // INFO // [GANTT] // Canvas resized to 1117,696501871189x110 to fit all Gantt items.
11/24/2025 01:41 // INFO // [GANTT] // Canvases are ready to be used!
11/24/2025 01:41 // INFO // [GANTT] // Ruler drawn: 93 ticks and 47 labels.
11/24/2025 01:41 // INFO // [MODIFY] // Zoom level changed to 0,1456016177957533, scale set to 11,06191849859988!
11/24/2025 01:41 // INFO // [GANTT] // Gantt chart rendered with 6 items on canvas.
11/24/2025 01:41 // INFO // [GANTT] // Canvas resized to 1123,4186028769948x110 to fit all Gantt items.
11/24/2025 01:41 // INFO // [GANTT] // Canvases are ready to be used!
11/24/2025 01:41 // INFO // [GANTT] // Ruler drawn: 93 ticks and 47 labels.
11/24/2025 01:41 // INFO // [MODIFY] // Zoom level changed to 0,15369059656218406, scale set to 11,124115248662987!
11/24/2025 01:41 // INFO // [GANTT] // Gantt chart rendered with 6 items on canvas.
11/24/2025 01:41 // INFO // [GANTT] // Canvas resized to 1126,2917070059405x110 to fit all Gantt items.
11/24/2025 01:41 // INFO // [GANTT] // Canvases are ready to be used!
11/24/2025 01:41 // INFO // [GANTT] // Ruler drawn: 93 ticks and 47 labels.
11/24/2025 01:41 // INFO // [MODIFY] // Zoom level changed to 0,15773508594539942, scale set to 11,155344641368918!
11/24/2025 01:41 // INFO // [GANTT] // Gantt chart rendered with 6 items on canvas.
11/24/2025 01:41 // INFO // [GANTT] // Canvas resized to 1129,1728769715953x110 to fit all Gantt items.
11/24/2025 01:41 // INFO // [GANTT] // Canvases are ready to be used!
11/24/2025 01:41 // INFO // [GANTT] // Ruler drawn: 93 ticks and 47 labels.
11/24/2025 01:41 // INFO // [MODIFY] // Zoom level changed to 0,16177957532861478, scale set to 11,186661706212993!
11/24/2025 01:41 // INFO // [GANTT] // Gantt chart rendered with 6 items on canvas.
11/24/2025 01:41 // INFO // [GANTT] // Canvas resized to 1132,0621354176637x110 to fit all Gantt items.
11/24/2025 01:41 // INFO // [GANTT] // Canvases are ready to be used!
11/24/2025 01:41 // INFO // [GANTT] // Ruler drawn: 93 ticks and 47 labels.
11/24/2025 01:41 // INFO // [MODIFY] // Zoom level changed to 0,16582406471183014, scale set to 11,218066689322432!
11/24/2025 01:41 // INFO // [GANTT] // Gantt chart rendered with 6 items on canvas.
11/24/2025 01:41 // INFO // [GANTT] // Canvas resized to 1137,8650086438852x110 to fit all Gantt items.
11/24/2025 01:41 // INFO // [GANTT] // Canvases are ready to be used!
11/24/2025 01:41 // INFO // [GANTT] // Ruler drawn: 93 ticks and 47 labels.
11/24/2025 01:41 // INFO // [MODIFY] // Zoom level changed to 0,1739130434782609, scale set to 11,281141398303099!
11/24/2025 01:41 // INFO // [GANTT] // Gantt chart rendered with 6 items on canvas.
11/24/2025 01:41 // INFO // [GANTT] // Canvas resized to 1140,778669030007x110 to fit all Gantt items.
11/24/2025 01:41 // INFO // [GANTT] // Canvases are ready to be used!
11/24/2025 01:41 // INFO // [GANTT] // Ruler drawn: 93 ticks and 47 labels.
11/24/2025 01:41 // INFO // [MODIFY] // Zoom level changed to 0,17795753286147625, scale set to 11,31281161989138!
11/24/2025 01:41 // INFO // [GANTT] // Gantt chart rendered with 6 items on canvas.
11/24/2025 01:41 // INFO // [GANTT] // Canvas resized to 1143,7005091088395x110 to fit all Gantt items.
11/24/2025 01:41 // INFO // [GANTT] // Canvases are ready to be used!
11/24/2025 01:41 // INFO // [GANTT] // Ruler drawn: 93 ticks and 47 labels.
11/24/2025 01:41 // INFO // [MODIFY] // Zoom level changed to 0,1820020222446916, scale set to 11,344570751183038!
11/24/2025 01:41 // INFO // [GANTT] // Gantt chart rendered with 6 items on canvas.
11/24/2025 01:41 // INFO // [GANTT] // Canvas resized to 1149,5688202624603x110 to fit all Gantt items.
11/24/2025 01:41 // INFO // [GANTT] // Canvases are ready to be used!
11/24/2025 01:41 // INFO // [GANTT] // Ruler drawn: 93 ticks and 47 labels.
11/24/2025 01:41 // INFO // [MODIFY] // Zoom level changed to 0,19009100101112236, scale set to 11,408356741983265!
11/24/2025 01:41 // INFO // [GANTT] // Gantt chart rendered with 6 items on canvas.
11/24/2025 01:41 // INFO // [GANTT] // Canvas resized to 1152,5153374575082x110 to fit all Gantt items.
11/24/2025 01:41 // INFO // [GANTT] // Canvases are ready to be used!
11/24/2025 01:41 // INFO // [GANTT] // Ruler drawn: 93 ticks and 47 labels.
11/24/2025 01:41 // INFO // [MODIFY] // Zoom level changed to 0,19413549039433772, scale set to 11,440384102799001!
11/24/2025 01:41 // INFO // [GANTT] // Gantt chart rendered with 6 items on canvas.
11/24/2025 01:41 // INFO // [GANTT] // Canvas resized to 1155,4701265861472x110 to fit all Gantt items.
11/24/2025 01:41 // INFO // [GANTT] // Canvases are ready to be used!
11/24/2025 01:41 // INFO // [GANTT] // Ruler drawn: 93 ticks and 47 labels.
11/24/2025 01:41 // INFO // [MODIFY] // Zoom level changed to 0,19817997977755308, scale set to 11,472501375936382!
11/24/2025 01:41 // INFO // [GANTT] // Gantt chart rendered with 6 items on canvas.
11/24/2025 01:41 // INFO // [GANTT] // Canvas resized to 1164,3843581226906x110 to fit all Gantt items.
11/24/2025 01:41 // INFO // [GANTT] // Canvases are ready to be used!
11/24/2025 01:41 // INFO // [GANTT] // Ruler drawn: 93 ticks and 47 labels.
11/24/2025 01:41 // INFO // [MODIFY] // Zoom level changed to 0,2103134479271992, scale set to 11,569395196985768!
11/24/2025 01:41 // INFO // [GANTT] // Gantt chart rendered with 6 items on canvas.
11/24/2025 01:41 // INFO // [GANTT] // Canvas resized to 1167,3724678614726x110 to fit all Gantt items.
11/24/2025 01:41 // INFO // [GANTT] // Canvases are ready to be used!
11/24/2025 01:41 // INFO // [GANTT] // Ruler drawn: 93 ticks and 47 labels.
11/24/2025 01:41 // INFO // [MODIFY] // Zoom level changed to 0,21435793731041455, scale set to 11,60187465066818!
11/24/2025 01:41 // INFO // [GANTT] // Gantt chart rendered with 6 items on canvas.
11/24/2025 01:41 // INFO // [GANTT] // Canvas resized to 1173,3738769855975x110 to fit all Gantt items.
11/24/2025 01:41 // INFO // [GANTT] // Canvases are ready to be used!
11/24/2025 01:41 // INFO // [GANTT] // Ruler drawn: 93 ticks and 47 labels.
11/24/2025 01:41 // INFO // [MODIFY] // Zoom level changed to 0,2224469160768453, scale set to 11,667107358539102!
11/24/2025 01:41 // INFO // [GANTT] // Gantt chart rendered with 6 items on canvas.
11/24/2025 01:41 // INFO // [GANTT] // Canvas resized to 1179,4090296365223x110 to fit all Gantt items.
11/24/2025 01:41 // INFO // [GANTT] // Canvases are ready to be used!
11/24/2025 01:41 // INFO // [GANTT] // Ruler drawn: 93 ticks and 47 labels.
11/24/2025 01:41 // INFO // [MODIFY] // Zoom level changed to 0,23053589484327605, scale set to 11,732706843875242!
11/24/2025 01:41 // INFO // [GANTT] // Gantt chart rendered with 6 items on canvas.
11/24/2025 01:41 // INFO // [GANTT] // Canvas resized to 1182,4393190324272x110 to fit all Gantt items.
11/24/2025 01:41 // INFO // [GANTT] // Canvases are ready to be used!
11/24/2025 01:41 // INFO // [GANTT] // Ruler drawn: 93 ticks and 47 labels.
11/24/2025 01:41 // INFO // [MODIFY] // Zoom level changed to 0,2345803842264914, scale set to 11,7656447720916!
11/24/2025 01:41 // INFO // [GANTT] // Gantt chart rendered with 6 items on canvas.
11/24/2025 01:41 // INFO // [GANTT] // Canvas resized to 1185,4781155406229x110 to fit all Gantt items.
11/24/2025 01:41 // INFO // [GANTT] // Canvases are ready to be used!
11/24/2025 01:41 // INFO // [GANTT] // Ruler drawn: 93 ticks and 47 labels.
11/24/2025 01:41 // INFO // [MODIFY] // Zoom level changed to 0,23862487360970677, scale set to 11,798675168919814!
11/24/2025 01:41 // INFO // [GANTT] // Gantt chart rendered with 6 items on canvas.
11/24/2025 01:41 // INFO // [GANTT] // Canvas resized to 1188,5254430436337x110 to fit all Gantt items.
11/24/2025 01:41 // INFO // [GANTT] // Canvases are ready to be used!
11/24/2025 01:41 // INFO // [GANTT] // Ruler drawn: 93 ticks and 47 labels.
11/24/2025 01:41 // INFO // [MODIFY] // Zoom level changed to 0,24266936299292213, scale set to 11,83179829395254!
11/24/2025 01:41 // INFO // [GANTT] // Gantt chart rendered with 6 items on canvas.
11/24/2025 01:41 // INFO // [GANTT] // Canvas resized to 1194,645786899619x110 to fit all Gantt items.
11/24/2025 01:41 // INFO // [GANTT] // Canvases are ready to be used!
11/24/2025 01:41 // INFO // [GANTT] // Ruler drawn: 93 ticks and 47 labels.
11/24/2025 01:41 // INFO // [MODIFY] // Zoom level changed to 0,25075834175935285, scale set to 11,898323770648034!
11/24/2025 01:41 // INFO // [GANTT] // Gantt chart rendered with 6 items on canvas.
11/24/2025 01:41 // INFO // [GANTT] // Canvas resized to 1200,8005430049052x110 to fit all Gantt items.
11/24/2025 01:41 // INFO // [GANTT] // Canvases are ready to be used!
11/24/2025 01:41 // INFO // [GANTT] // Ruler drawn: 93 ticks and 47 labels.
11/24/2025 01:41 // INFO // [MODIFY] // Zoom level changed to 0,2588473205257841, scale set to 11,965223293531578!
11/24/2025 01:41 // INFO // [GANTT] // Gantt chart rendered with 6 items on canvas.
11/24/2025 01:41 // INFO // [GANTT] // Canvas resized to 1210,0976236789331x110 to fit all Gantt items.
11/24/2025 01:41 // INFO // [GANTT] // Canvases are ready to be used!
11/24/2025 01:41 // INFO // [GANTT] // Ruler drawn: 93 ticks and 47 labels.
11/24/2025 01:41 // INFO // [MODIFY] // Zoom level changed to 0,27098078867542974, scale set to 12,066278518249273!
11/24/2025 01:41 // INFO // [GANTT] // Gantt chart rendered with 6 items on canvas.
11/24/2025 01:41 // INFO // [GANTT] // Canvas resized to 1216,3392592916296x110 to fit all Gantt items.
11/24/2025 01:41 // INFO // [GANTT] // Canvases are ready to be used!
11/24/2025 01:41 // INFO // [GANTT] // Ruler drawn: 93 ticks and 47 labels.
11/24/2025 01:41 // INFO // [MODIFY] // Zoom level changed to 0,27906976744186046, scale set to 12,13412238360467!
11/24/2025 01:41 // INFO // [GANTT] // Gantt chart rendered with 6 items on canvas.
11/24/2025 01:41 // INFO // [GANTT] // Canvas resized to 1219,473225125511x110 to fit all Gantt items.
11/24/2025 01:41 // INFO // [GANTT] // Canvases are ready to be used!
11/24/2025 01:41 // INFO // [GANTT] // Ruler drawn: 93 ticks and 47 labels.
11/24/2025 01:41 // INFO // [MODIFY] // Zoom level changed to 0,28311425682507585, scale set to 12,168187229625119!
11/24/2025 01:41 // INFO // [GANTT] // Gantt chart rendered with 6 items on canvas.
11/24/2025 01:41 // INFO // [GANTT] // Canvas resized to 1222,6159891287355x110 to fit all Gantt items.
11/24/2025 01:41 // INFO // [GANTT] // Canvases are ready to be used!
11/24/2025 01:41 // INFO // [GANTT] // Ruler drawn: 93 ticks and 47 labels.
11/24/2025 01:41 // INFO // [MODIFY] // Zoom level changed to 0,28715874620829124, scale set to 12,202347707921037!
11/24/2025 01:41 // INFO // [GANTT] // Gantt chart rendered with 6 items on canvas.
11/24/2025 01:41 // INFO // [GANTT] // Canvas resized to 1225,7675760009295x110 to fit all Gantt items.
11/24/2025 01:41 // INFO // [GANTT] // Canvases are ready to be used!
11/24/2025 01:41 // INFO // [GANTT] // Ruler drawn: 93 ticks and 47 labels.
11/24/2025 01:41 // INFO // [MODIFY] // Zoom level changed to 0,2912032355915066, scale set to 12,236604086966626!
11/24/2025 01:41 // INFO // [GANTT] // Gantt chart rendered with 6 items on canvas.
11/24/2025 01:41 // INFO // [GANTT] // Canvas resized to 1228,9280105110595x110 to fit all Gantt items.
11/24/2025 01:41 // INFO // [GANTT] // Canvases are ready to be used!
11/24/2025 01:41 // INFO // [GANTT] // Ruler drawn: 93 ticks and 47 labels.
11/24/2025 01:41 // INFO // [MODIFY] // Zoom level changed to 0,295247724974722, scale set to 12,270956635989776!
11/24/2025 01:41 // INFO // [GANTT] // Gantt chart rendered with 6 items on canvas.
11/24/2025 01:41 // INFO // [GANTT] // Canvas resized to 1232,0973174976273x110 to fit all Gantt items.
11/24/2025 01:41 // INFO // [GANTT] // Canvases are ready to be used!
11/24/2025 01:41 // INFO // [GANTT] // Ruler drawn: 93 ticks and 47 labels.
11/24/2025 01:41 // INFO // [MODIFY] // Zoom level changed to 0,2992922143579374, scale set to 12,30540562497421!
11/24/2025 01:41 // INFO // [GANTT] // Gantt chart rendered with 6 items on canvas.
11/24/2025 01:41 // INFO // [GANTT] // Canvas resized to 1235,2755218688665x110 to fit all Gantt items.
11/24/2025 01:41 // INFO // [GANTT] // Canvases are ready to be used!
11/24/2025 01:41 // INFO // [GANTT] // Ruler drawn: 93 ticks and 47 labels.
11/24/2025 01:41 // INFO // [MODIFY] // Zoom level changed to 0,3033367037411528, scale set to 12,339951324661591!
11/24/2025 01:41 // INFO // [GANTT] // Gantt chart rendered with 6 items on canvas.
11/24/2025 01:41 // INFO // [GANTT] // Canvas resized to 1238,462648602935x110 to fit all Gantt items.
11/24/2025 01:41 // INFO // [GANTT] // Canvases are ready to be used!
11/24/2025 01:41 // INFO // [GANTT] // Ruler drawn: 93 ticks and 47 labels.
11/24/2025 01:41 // INFO // [MODIFY] // Zoom level changed to 0,3073811931243682, scale set to 12,374594006553641!
11/24/2025 01:41 // INFO // [GANTT] // Gantt chart rendered with 6 items on canvas.
11/24/2025 01:41 // INFO // [GANTT] // Canvas resized to 1241,6587227481145x110 to fit all Gantt items.
11/24/2025 01:41 // INFO // [GANTT] // Canvases are ready to be used!
11/24/2025 01:41 // INFO // [GANTT] // Ruler drawn: 93 ticks and 47 labels.
11/24/2025 01:41 // INFO // [MODIFY] // Zoom level changed to 0,31142568250758307, scale set to 12,409333942914289!
11/24/2025 01:41 // INFO // [GANTT] // Gantt chart rendered with 6 items on canvas.
11/24/2025 01:41 // INFO // [GANTT] // Canvas resized to 1244,8637694230079x110 to fit all Gantt items.
11/24/2025 01:41 // INFO // [GANTT] // Canvases are ready to be used!
11/24/2025 01:41 // INFO // [GANTT] // Ruler drawn: 93 ticks and 47 labels.
11/24/2025 01:41 // INFO // [MODIFY] // Zoom level changed to 0,3154701718907989, scale set to 12,444171406771824!
11/24/2025 01:41 // INFO // [GANTT] // Gantt chart rendered with 6 items on canvas.
11/24/2025 01:41 // INFO // [GANTT] // Canvas resized to 1248,0778138167318x110 to fit all Gantt items.
11/24/2025 01:41 // INFO // [GANTT] // Canvases are ready to be used!
11/24/2025 01:41 // INFO // [GANTT] // Ruler drawn: 93 ticks and 47 labels.
11/24/2025 01:41 // INFO // [MODIFY] // Zoom level changed to 0,3195146612740143, scale set to 12,479106671920999!
11/24/2025 01:41 // INFO // [GANTT] // Gantt chart rendered with 6 items on canvas.
11/24/2025 01:41 // INFO // [GANTT] // Canvas resized to 1251,30088118912x110 to fit all Gantt items.
11/24/2025 01:41 // INFO // [GANTT] // Canvases are ready to be used!
11/24/2025 01:41 // INFO // [GANTT] // Ruler drawn: 93 ticks and 47 labels.
11/24/2025 01:41 // INFO // [MODIFY] // Zoom level changed to 0,3235591506572297, scale set to 12,514140012925218!
11/24/2025 01:41 // INFO // [GANTT] // Gantt chart rendered with 6 items on canvas.
11/24/2025 01:41 // INFO // [GANTT] // Canvas resized to 1254,5329968709186x110 to fit all Gantt items.
11/24/2025 01:41 // INFO // [GANTT] // Canvases are ready to be used!
11/24/2025 01:41 // INFO // [GANTT] // Ruler drawn: 93 ticks and 47 labels.
11/24/2025 01:41 // INFO // [MODIFY] // Zoom level changed to 0,32760364004044507, scale set to 12,54927170511868!
11/24/2025 01:41 // INFO // [GANTT] // Gantt chart rendered with 6 items on canvas.
11/24/2025 01:41 // INFO // [GANTT] // Canvas resized to 1257,7741862639873x110 to fit all Gantt items.
11/24/2025 01:41 // INFO // [GANTT] // Canvases are ready to be used!
11/24/2025 01:41 // INFO // [GANTT] // Ruler drawn: 93 ticks and 47 labels.
11/24/2025 01:41 // INFO // [MODIFY] // Zoom level changed to 0,33164812942366045, scale set to 12,584502024608557!
11/24/2025 01:41 // INFO // [GANTT] // Gantt chart rendered with 6 items on canvas.
11/24/2025 01:41 // INFO // [GANTT] // Canvas resized to 1261,0244748414964x110 to fit all Gantt items.
11/24/2025 01:41 // INFO // [GANTT] // Canvases are ready to be used!
11/24/2025 01:41 // INFO // [GANTT] // Ruler drawn: 93 ticks and 47 labels.
11/24/2025 01:41 // INFO // [MODIFY] // Zoom level changed to 0,33569261880687534, scale set to 12,619831248277134!
11/24/2025 01:41 // INFO // [GANTT] // Gantt chart rendered with 6 items on canvas.
11/24/2025 01:41 // INFO // [GANTT] // Canvas resized to 1264,2838881481307x110 to fit all Gantt items.
11/24/2025 01:41 // INFO // [GANTT] // Canvases are ready to be used!
11/24/2025 01:41 // INFO // [GANTT] // Ruler drawn: 93 ticks and 47 labels.
11/24/2025 01:41 // INFO // [MODIFY] // Zoom level changed to 0,3397371081900912, scale set to 12,65525965378403!
11/24/2025 01:41 // INFO // [GANTT] // Gantt chart rendered with 6 items on canvas.
11/24/2025 01:41 // INFO // [GANTT] // Canvas resized to 1267,5524518002862x110 to fit all Gantt items.
11/24/2025 01:41 // INFO // [GANTT] // Canvases are ready to be used!
11/24/2025 01:41 // INFO // [GANTT] // Ruler drawn: 93 ticks and 47 labels.
11/24/2025 01:41 // INFO // [MODIFY] // Zoom level changed to 0,34378159757330656, scale set to 12,690787519568328!
11/24/2025 01:41 // INFO // [GANTT] // Gantt chart rendered with 6 items on canvas.
11/24/2025 01:41 // INFO // [GANTT] // Canvas resized to 1270,8301914862736x110 to fit all Gantt items.
11/24/2025 01:41 // INFO // [GANTT] // Canvases are ready to be used!
11/24/2025 01:41 // INFO // [GANTT] // Ruler drawn: 93 ticks and 47 labels.
11/24/2025 01:41 // INFO // [MODIFY] // Zoom level changed to 0,34782608695652145, scale set to 12,7264151248508!
11/24/2025 01:41 // INFO // [GANTT] // Gantt chart rendered with 6 items on canvas.
11/24/2025 01:41 // INFO // [GANTT] // Canvas resized to 1277,413302073775x110 to fit all Gantt items.
11/24/2025 01:41 // INFO // [GANTT] // Canvases are ready to be used!
11/24/2025 01:41 // INFO // [GANTT] // Ruler drawn: 93 ticks and 47 labels.
11/24/2025 01:41 // INFO // [MODIFY] // Zoom level changed to 0,3559150657229527, scale set to 12,797970674714946!
11/24/2025 01:41 // INFO // [GANTT] // Gantt chart rendered with 6 items on canvas.
11/24/2025 01:41 // INFO // [GANTT] // Canvas resized to 1280,718724713303x110 to fit all Gantt items.
11/24/2025 01:41 // INFO // [GANTT] // Canvases are ready to be used!
11/24/2025 01:41 // INFO // [GANTT] // Ruler drawn: 93 ticks and 47 labels.
11/24/2025 01:41 // INFO // [MODIFY] // Zoom level changed to 0,35995955510616756, scale set to 12,833899181666336!
11/24/2025 01:41 // INFO // [GANTT] // Gantt chart rendered with 6 items on canvas.
11/24/2025 01:41 // INFO // [GANTT] // Canvas resized to 1284,0334268630986x110 to fit all Gantt items.
11/24/2025 01:41 // INFO // [GANTT] // Canvases are ready to be used!
11/24/2025 01:41 // INFO // [GANTT] // Ruler drawn: 93 ticks and 47 labels.
11/24/2025 01:41 // INFO // [MODIFY] // Zoom level changed to 0,36400404448938295, scale set to 12,869928552859767!
11/24/2025 01:41 // INFO // [GANTT] // Gantt chart rendered with 6 items on canvas.
11/24/2025 01:41 // INFO // [GANTT] // Canvas resized to 1287,3574345740853x110 to fit all Gantt items.
11/24/2025 01:41 // INFO // [GANTT] // Canvases are ready to be used!
11/24/2025 01:41 // INFO // [GANTT] // Ruler drawn: 93 ticks and 47 labels.
11/24/2025 01:41 // INFO // [MODIFY] // Zoom level changed to 0,3680485338725988, scale set to 12,906059071457449!
11/24/2025 01:41 // INFO // [GANTT] // Gantt chart rendered with 6 items on canvas.
11/24/2025 01:41 // INFO // [GANTT] // Canvas resized to 1294,033471249199x110 to fit all Gantt items.
11/24/2025 01:41 // INFO // [GANTT] // Canvases are ready to be used!
11/24/2025 01:41 // INFO // [GANTT] // Ruler drawn: 93 ticks and 47 labels.
11/24/2025 01:41 // INFO // [MODIFY] // Zoom level changed to 0,37613751263902906, scale set to 12,978624687491294!
11/24/2025 01:41 // INFO // [GANTT] // Gantt chart rendered with 6 items on canvas.
11/24/2025 01:41 // INFO // [GANTT] // Canvas resized to 1290,69077397032x110 to fit all Gantt items.
11/24/2025 01:41 // INFO // [GANTT] // Canvases are ready to be used!
11/24/2025 01:41 // INFO // [GANTT] // Ruler drawn: 93 ticks and 47 labels.
11/24/2025 01:41 // INFO // [MODIFY] // Zoom level changed to 0,37209302325581417, scale set to 12,942291021416521!
11/24/2025 01:41 // INFO // [GANTT] // Gantt chart rendered with 6 items on canvas.
11/24/2025 01:41 // INFO // [GANTT] // Canvas resized to 1287,3574345740853x110 to fit all Gantt items.
11/24/2025 01:41 // INFO // [GANTT] // Canvases are ready to be used!
11/24/2025 01:41 // INFO // [GANTT] // Ruler drawn: 93 ticks and 47 labels.
11/24/2025 01:41 // INFO // [MODIFY] // Zoom level changed to 0,3680485338725988, scale set to 12,906059071457449!
11/24/2025 01:41 // INFO // [GANTT] // Gantt chart rendered with 6 items on canvas.
11/24/2025 01:41 // INFO // [GANTT] // Canvas resized to 1284,0334268630986x110 to fit all Gantt items.
11/24/2025 01:41 // INFO // [GANTT] // Canvases are ready to be used!
11/24/2025 01:41 // INFO // [GANTT] // Ruler drawn: 93 ticks and 47 labels.
11/24/2025 01:41 // INFO // [MODIFY] // Zoom level changed to 0,36400404448938295, scale set to 12,869928552859767!
11/24/2025 01:41 // INFO // [GANTT] // Gantt chart rendered with 6 items on canvas.
11/24/2025 01:41 // INFO // [GANTT] // Canvas resized to 1277,413302073775x110 to fit all Gantt items.
11/24/2025 01:41 // INFO // [GANTT] // Canvases are ready to be used!
11/24/2025 01:41 // INFO // [GANTT] // Ruler drawn: 93 ticks and 47 labels.
11/24/2025 01:41 // INFO // [MODIFY] // Zoom level changed to 0,3559150657229527, scale set to 12,797970674714946!
11/24/2025 01:45 // INFO // [EXITUS] // Shutting down...
