11/24/2025 01:01 // INFO // [INITIALIZATION] // Beginning initialization...
11/24/2025 01:01 // INFO // [INITIALIZATION] // Johnson's Rule solver added!
11/24/2025 01:01 // INFO // [INITIALIZATION] // List Scheduling solver added!
11/24/2025 01:01 // INFO // [INITIALIZATION] // Solver menu successfully built!
11/24/2025 01:01 // INFO // [CONSTRAINT] // Saving and closing are disabled for as long as there are no files opened.
11/24/2025 01:01 // INFO // [INITIALIZATION] // Initialization complete!
11/24/2025 01:01 // INFO // [LOAD] // Open file dialog initiated...
11/24/2025 01:02 // INFO // [LOAD] // XML document loaded from C:\Users\Phant0m\Desktop\THESIS_LIPX05\test.xml!
11/24/2025 01:02 // INFO // [LOAD] // XML element established!
11/24/2025 01:02 // INFO // [DATATABLE] // Master Recipe Table datatable displayed in new tab!
11/24/2025 01:02 // INFO // [DATATABLE] // Recipe Elements Table datatable displayed in new tab!
11/24/2025 01:02 // INFO // [DATATABLE] // Steps Table datatable displayed in new tab!
11/24/2025 01:02 // INFO // [LOAD] // BatchML file loaded and data tables populated!
11/24/2025 01:02 // INFO // [CONSTRAINT] // Saving and closing are disabled for as long as there are no files opened.
11/24/2025 01:02 // INFO // [LOAD] // BatchML file loaded from C:\Users\Phant0m\Desktop\THESIS_LIPX05\test.xml!
11/24/2025 01:02 // WARNING // [DATATABLE] // InternalKey column could not be found in DataGrid for Recipe Elements Table after loading!
11/24/2025 01:02 // INFO // [CLEAR] // SGraphCanvas has been cleared!
11/24/2025 01:02 // INFO // [CLEAR] // GanttCanvas has been cleared!
11/24/2025 01:02 // INFO // [CLEAR] // RulerCanvas has been cleared!
11/24/2025 01:02 // INFO // [CLEAR] // FixedLabelCanvas has been cleared!
11/24/2025 01:02 // INFO // [CLEAR] // S-Graph nodes cleared!
11/24/2025 01:02 // INFO // [CLEAR] // S-Graph edges cleared!
11/24/2025 01:02 // INFO // [CLEAR] // Master Recipe Table datatable purged!
11/24/2025 01:02 // INFO // [CLEAR] // Recipe Elements Table datatable purged!
11/24/2025 01:02 // INFO // [CLEAR] // Steps Table datatable purged!
11/24/2025 01:02 // INFO // [CLEAR] // Master Recipe Table tab removed!
11/24/2025 01:02 // INFO // [CLEAR] // Recipe Elements Table tab removed!
11/24/2025 01:02 // INFO // [CLEAR] // Steps Table tab removed!
11/24/2025 01:02 // INFO // [CONSTRAINT] // Saving and closing are disabled for as long as there are no files opened.
11/24/2025 01:02 // INFO // [CLOSE] // BatchML file closed and all data cleared!
11/24/2025 01:02 // INFO // [LOAD] // Open file dialog initiated...
11/24/2025 01:02 // INFO // [LOAD] // XML document loaded from C:\Users\Phant0m\Desktop\THESIS_LIPX05\test.xml!
11/24/2025 01:02 // INFO // [LOAD] // XML element established!
11/24/2025 01:02 // INFO // [DATATABLE] // Master Recipe Table datatable displayed in new tab!
11/24/2025 01:02 // INFO // [DATATABLE] // Recipe Elements Table datatable displayed in new tab!
11/24/2025 01:02 // INFO // [DATATABLE] // Steps Table datatable displayed in new tab!
11/24/2025 01:02 // INFO // [LOAD] // BatchML file loaded and data tables populated!
11/24/2025 01:02 // INFO // [CONSTRAINT] // Saving and closing are disabled for as long as there are no files opened.
11/24/2025 01:02 // INFO // [LOAD] // BatchML file loaded from C:\Users\Phant0m\Desktop\THESIS_LIPX05\test.xml!
11/24/2025 01:02 // WARNING // [DATATABLE] // InternalKey column could not be found in DataGrid for Recipe Elements Table after loading!
11/24/2025 01:02 // INFO // [MODIFY] // Master REcipe Header synced to XML.
11/24/2025 01:02 // ERROR // [SYNC] // No mapping found for table "MasterRecipe" or master recipe is null!
11/24/2025 01:02 // INFO // [SYNC] // Found ecipeElement by BatchML ID: J1_Module
11/24/2025 01:02 // INFO // [SYNC] // Synchronized DataRow to XML for table "RecipeElements".
11/24/2025 01:02 // INFO // [SYNC] // Found ecipeElement by BatchML ID: J2_Module
11/24/2025 01:02 // INFO // [SYNC] // Synchronized DataRow to XML for table "RecipeElements".
11/24/2025 01:02 // INFO // [SYNC] // Found ecipeElement by BatchML ID: J3_Module
11/24/2025 01:02 // INFO // [SYNC] // Synchronized DataRow to XML for table "RecipeElements".
11/24/2025 01:02 // INFO // [SYNC] // Found ecipeElement by BatchML ID: J4_Module
11/24/2025 01:02 // INFO // [SYNC] // Synchronized DataRow to XML for table "RecipeElements".
11/24/2025 01:02 // INFO // [SYNC] // Found existing XML element for table "Steps" matching the DataRow keys.
11/24/2025 01:02 // INFO // [SYNC] // Synchronized DataRow to XML for table "Steps".
11/24/2025 01:02 // INFO // [SYNC] // Found existing XML element for table "Steps" matching the DataRow keys.
11/24/2025 01:02 // INFO // [SYNC] // Synchronized DataRow to XML for table "Steps".
11/24/2025 01:02 // INFO // [SYNC] // Found existing XML element for table "Steps" matching the DataRow keys.
11/24/2025 01:02 // INFO // [SYNC] // Synchronized DataRow to XML for table "Steps".
11/24/2025 01:02 // INFO // [SYNC] // Found existing XML element for table "Steps" matching the DataRow keys.
11/24/2025 01:02 // INFO // [SYNC] // Synchronized DataRow to XML for table "Steps".
11/24/2025 01:02 // INFO // [SAVE] // BatchML file successfully saved as C:\Users\Phant0m\Desktop\THESIS_LIPX05\test2.xml
11/24/2025 01:02 // INFO // [CLEAR] // SGraphCanvas has been cleared!
11/24/2025 01:02 // INFO // [CLEAR] // GanttCanvas has been cleared!
11/24/2025 01:02 // INFO // [CLEAR] // RulerCanvas has been cleared!
11/24/2025 01:02 // INFO // [CLEAR] // FixedLabelCanvas has been cleared!
11/24/2025 01:02 // INFO // [CLEAR] // S-Graph nodes cleared!
11/24/2025 01:02 // INFO // [CLEAR] // S-Graph edges cleared!
11/24/2025 01:02 // INFO // [CLEAR] // Master Recipe Table datatable purged!
11/24/2025 01:02 // INFO // [CLEAR] // Recipe Elements Table datatable purged!
11/24/2025 01:02 // INFO // [CLEAR] // Steps Table datatable purged!
11/24/2025 01:02 // INFO // [CLEAR] // Master Recipe Table tab removed!
11/24/2025 01:02 // INFO // [CLEAR] // Recipe Elements Table tab removed!
11/24/2025 01:02 // INFO // [CLEAR] // Steps Table tab removed!
11/24/2025 01:02 // INFO // [CONSTRAINT] // Saving and closing are disabled for as long as there are no files opened.
11/24/2025 01:02 // INFO // [CLOSE] // BatchML file closed and all data cleared!
11/24/2025 01:03 // INFO // [LOAD] // Open file dialog initiated...
11/24/2025 01:04 // INFO // [LOAD] // XML document loaded from C:\Users\Phant0m\Desktop\THESIS_LIPX05\savingTest.xml!
11/24/2025 01:04 // INFO // [LOAD] // XML element established!
11/24/2025 01:04 // INFO // [DATATABLE] // Master Recipe Table datatable displayed in new tab!
11/24/2025 01:04 // INFO // [DATATABLE] // Recipe Elements Table datatable displayed in new tab!
11/24/2025 01:04 // INFO // [DATATABLE] // Steps Table datatable displayed in new tab!
11/24/2025 01:04 // INFO // [LOAD] // BatchML file loaded and data tables populated!
11/24/2025 01:04 // INFO // [CONSTRAINT] // Saving and closing are disabled for as long as there are no files opened.
11/24/2025 01:04 // INFO // [LOAD] // BatchML file loaded from C:\Users\Phant0m\Desktop\THESIS_LIPX05\savingTest.xml!
11/24/2025 01:04 // INFO // [DATATABLE] // InternalKey column successfully hidden in 'Recipe Elements Table.'
11/24/2025 01:04 // INFO // [DATATABLE] // InternalKey column successfully hidden in 'Recipe Elements Table.'
11/24/2025 01:11 // INFO // [S_GRAPH] // Node J1_M1 at 100;70
11/24/2025 01:11 // INFO // [S_GRAPH] // Node J1_M2 at 300;70
11/24/2025 01:11 // INFO // [S_GRAPH] // Node P1 at 450;70
11/24/2025 01:11 // INFO // [S_GRAPH] // Node J2_M1 at 100;220
11/24/2025 01:11 // INFO // [S_GRAPH] // Node J2_M2 at 300;220
11/24/2025 01:11 // INFO // [S_GRAPH] // Node P2 at 450;220
11/24/2025 01:11 // INFO // [S_GRAPH] // Node J3_M1 at 100;370
11/24/2025 01:11 // INFO // [S_GRAPH] // Node J3_M2 at 300;370
11/24/2025 01:11 // INFO // [S_GRAPH] // Node P3 at 450;370
11/24/2025 01:11 // INFO // [S_GRAPH] // Node J4_M1 at 100;520
11/24/2025 01:11 // INFO // [S_GRAPH] // Node J4_M2 at 300;520
11/24/2025 01:11 // INFO // [S_GRAPH] // Node P4 at 450;520
11/24/2025 01:11 // INFO // [S_GRAPH] // Node J5_M1 at 100;670
11/24/2025 01:11 // INFO // [S_GRAPH] // Node J5_M2 at 300;670
11/24/2025 01:11 // INFO // [S_GRAPH] // Node P5 at 450;670
11/24/2025 01:11 // INFO // [S_GRAPH] // Curve value of edge (J1_M1 to J1_M2) set to 25,00
11/24/2025 01:11 // INFO // [S_GRAPH] // Edge drawn from (170,0;105,0) to (300,0;105,0)!
11/24/2025 01:11 // INFO // [S_GRAPH] // Weight 15 drawn at (235;117,5)!
11/24/2025 01:11 // INFO // [S_GRAPH] // Edge from J1_M1 to J1_M2 with cost 0 drawn.
11/24/2025 01:11 // INFO // [S_GRAPH] // Edge drawn from (370,0;105,0) to (450,0;105,0)!
11/24/2025 01:11 // INFO // [S_GRAPH] // Weight 25 drawn at (410;105)!
11/24/2025 01:11 // INFO // [S_GRAPH] // Edge from J1_M2 to P1 with cost 25 drawn.
11/24/2025 01:11 // INFO // [S_GRAPH] // Curve value of edge (J2_M1 to J2_M2) set to 25,00
11/24/2025 01:11 // INFO // [S_GRAPH] // Edge drawn from (170,0;255,0) to (300,0;255,0)!
11/24/2025 01:11 // INFO // [S_GRAPH] // Weight 16 drawn at (235;267,5)!
11/24/2025 01:11 // INFO // [S_GRAPH] // Edge from J2_M1 to J2_M2 with cost 0 drawn.
11/24/2025 01:11 // INFO // [S_GRAPH] // Edge drawn from (370,0;255,0) to (450,0;255,0)!
11/24/2025 01:11 // INFO // [S_GRAPH] // Weight 26 drawn at (410;255)!
11/24/2025 01:11 // INFO // [S_GRAPH] // Edge from J2_M2 to P2 with cost 26 drawn.
11/24/2025 01:11 // INFO // [S_GRAPH] // Curve value of edge (J3_M1 to J3_M2) set to 25,00
11/24/2025 01:11 // INFO // [S_GRAPH] // Edge drawn from (170,0;405,0) to (300,0;405,0)!
11/24/2025 01:11 // INFO // [S_GRAPH] // Weight 17 drawn at (235;417,5)!
11/24/2025 01:11 // INFO // [S_GRAPH] // Edge from J3_M1 to J3_M2 with cost 0 drawn.
11/24/2025 01:11 // INFO // [S_GRAPH] // Edge drawn from (370,0;405,0) to (450,0;405,0)!
11/24/2025 01:11 // INFO // [S_GRAPH] // Weight 27 drawn at (410;405)!
11/24/2025 01:11 // INFO // [S_GRAPH] // Edge from J3_M2 to P3 with cost 27 drawn.
11/24/2025 01:11 // INFO // [S_GRAPH] // Curve value of edge (J4_M1 to J4_M2) set to 25,00
11/24/2025 01:11 // INFO // [S_GRAPH] // Edge drawn from (170,0;555,0) to (300,0;555,0)!
11/24/2025 01:11 // INFO // [S_GRAPH] // Weight 28 drawn at (235;567,5)!
11/24/2025 01:11 // INFO // [S_GRAPH] // Edge from J4_M1 to J4_M2 with cost 0 drawn.
11/24/2025 01:11 // INFO // [S_GRAPH] // Edge drawn from (370,0;555,0) to (450,0;555,0)!
11/24/2025 01:11 // INFO // [S_GRAPH] // Weight 18 drawn at (410;555)!
11/24/2025 01:11 // INFO // [S_GRAPH] // Edge from J4_M2 to P4 with cost 18 drawn.
11/24/2025 01:11 // INFO // [S_GRAPH] // Curve value of edge (J5_M1 to J5_M2) set to 25,00
11/24/2025 01:11 // INFO // [S_GRAPH] // Edge drawn from (170,0;705,0) to (300,0;705,0)!
11/24/2025 01:11 // INFO // [S_GRAPH] // Weight 30 drawn at (235;717,5)!
11/24/2025 01:11 // INFO // [S_GRAPH] // Edge from J5_M1 to J5_M2 with cost 0 drawn.
11/24/2025 01:11 // INFO // [S_GRAPH] // Edge drawn from (370,0;705,0) to (450,0;705,0)!
11/24/2025 01:11 // INFO // [S_GRAPH] // Weight 29 drawn at (410;705)!
11/24/2025 01:11 // INFO // [S_GRAPH] // Edge from J5_M2 to P5 with cost 29 drawn.
11/24/2025 01:11 // INFO // [S_GRAPH] // Canvas resized to 570x790!
11/24/2025 01:11 // INFO // [S_GRAPH] // Flow Shop S-Graph built from BatchML file!
11/24/2025 01:11 // INFO // [INITIALIZATION] // Johnson's Rule solver enabled!
11/24/2025 01:11 // INFO // [INITIALIZATION] // List Scheduling solver enabled!
11/24/2025 01:11 // INFO // [INITIALIZATION] //  solver enabled!
11/24/2025 01:11 // INFO // [CONSTRAINT] // Saving and closing are disabled for as long as there are no files opened.
11/24/2025 01:17 // INFO // [INTEG_SOLVER] // List Scheduling solver selected!
11/24/2025 01:17 // INFO // [INTEG_SOLVER] // Starting List Scheduling solver...
11/24/2025 01:17 // INFO // [List Scheduling] // Starting list scheuler...
11/24/2025 01:17 // INFO // [Johnson's Rule Optimizer] // Node J1_M1 added to topological order.
11/24/2025 01:17 // INFO // [Johnson's Rule Optimizer] // Decreased in-degree of J1_M2 to 0.
11/24/2025 01:17 // INFO // [Johnson's Rule Optimizer] // Node J2_M1 added to topological order.
11/24/2025 01:17 // INFO // [Johnson's Rule Optimizer] // Decreased in-degree of J2_M2 to 0.
11/24/2025 01:17 // INFO // [Johnson's Rule Optimizer] // Node J3_M1 added to topological order.
11/24/2025 01:17 // INFO // [Johnson's Rule Optimizer] // Decreased in-degree of J3_M2 to 0.
11/24/2025 01:17 // INFO // [Johnson's Rule Optimizer] // Node J4_M1 added to topological order.
11/24/2025 01:17 // INFO // [Johnson's Rule Optimizer] // Decreased in-degree of J4_M2 to 0.
11/24/2025 01:17 // INFO // [Johnson's Rule Optimizer] // Node J5_M1 added to topological order.
11/24/2025 01:17 // INFO // [Johnson's Rule Optimizer] // Decreased in-degree of J5_M2 to 0.
11/24/2025 01:17 // INFO // [Johnson's Rule Optimizer] // Node J1_M2 added to topological order.
11/24/2025 01:17 // INFO // [Johnson's Rule Optimizer] // Decreased in-degree of P1 to 0.
11/24/2025 01:17 // INFO // [Johnson's Rule Optimizer] // Node J2_M2 added to topological order.
11/24/2025 01:17 // INFO // [Johnson's Rule Optimizer] // Decreased in-degree of P2 to 0.
11/24/2025 01:17 // INFO // [Johnson's Rule Optimizer] // Node J3_M2 added to topological order.
11/24/2025 01:17 // INFO // [Johnson's Rule Optimizer] // Decreased in-degree of P3 to 0.
11/24/2025 01:17 // INFO // [Johnson's Rule Optimizer] // Node J4_M2 added to topological order.
11/24/2025 01:17 // INFO // [Johnson's Rule Optimizer] // Decreased in-degree of P4 to 0.
11/24/2025 01:17 // INFO // [Johnson's Rule Optimizer] // Node J5_M2 added to topological order.
11/24/2025 01:17 // INFO // [Johnson's Rule Optimizer] // Decreased in-degree of P5 to 0.
11/24/2025 01:17 // INFO // [Johnson's Rule Optimizer] // Node P1 added to topological order.
11/24/2025 01:17 // INFO // [Johnson's Rule Optimizer] // Node P2 added to topological order.
11/24/2025 01:17 // INFO // [Johnson's Rule Optimizer] // Node P3 added to topological order.
11/24/2025 01:17 // INFO // [Johnson's Rule Optimizer] // Node P4 added to topological order.
11/24/2025 01:17 // INFO // [Johnson's Rule Optimizer] // Node P5 added to topological order.
11/24/2025 01:17 // INFO // [Johnson's Rule Optimizer] // Topological sort completed successfully.
11/24/2025 01:17 // INFO // [List Scheduling] // Vital edges added to the graph!
11/24/2025 01:17 // INFO // [Johnson's Rule Optimizer] // Node J1_M1 added to topological order.
11/24/2025 01:17 // INFO // [Johnson's Rule Optimizer] // Decreased in-degree of J1_M2 to 0.
11/24/2025 01:17 // INFO // [Johnson's Rule Optimizer] // Decreased in-degree of J2_M1 to 0.
11/24/2025 01:17 // INFO // [Johnson's Rule Optimizer] // Node J1_M2 added to topological order.
11/24/2025 01:17 // INFO // [Johnson's Rule Optimizer] // Decreased in-degree of J2_M2 to 1.
11/24/2025 01:17 // INFO // [Johnson's Rule Optimizer] // Decreased in-degree of P1 to 0.
11/24/2025 01:17 // INFO // [Johnson's Rule Optimizer] // Node J2_M1 added to topological order.
11/24/2025 01:17 // INFO // [Johnson's Rule Optimizer] // Decreased in-degree of J2_M2 to 0.
11/24/2025 01:17 // INFO // [Johnson's Rule Optimizer] // Decreased in-degree of J3_M1 to 0.
11/24/2025 01:17 // INFO // [Johnson's Rule Optimizer] // Node P1 added to topological order.
11/24/2025 01:17 // INFO // [Johnson's Rule Optimizer] // Node J2_M2 added to topological order.
11/24/2025 01:17 // INFO // [Johnson's Rule Optimizer] // Decreased in-degree of J3_M2 to 1.
11/24/2025 01:17 // INFO // [Johnson's Rule Optimizer] // Decreased in-degree of P2 to 0.
11/24/2025 01:17 // INFO // [Johnson's Rule Optimizer] // Node J3_M1 added to topological order.
11/24/2025 01:17 // INFO // [Johnson's Rule Optimizer] // Decreased in-degree of J3_M2 to 0.
11/24/2025 01:17 // INFO // [Johnson's Rule Optimizer] // Decreased in-degree of J4_M1 to 0.
11/24/2025 01:17 // INFO // [Johnson's Rule Optimizer] // Node P2 added to topological order.
11/24/2025 01:17 // INFO // [Johnson's Rule Optimizer] // Node J3_M2 added to topological order.
11/24/2025 01:17 // INFO // [Johnson's Rule Optimizer] // Decreased in-degree of J4_M2 to 1.
11/24/2025 01:17 // INFO // [Johnson's Rule Optimizer] // Decreased in-degree of P3 to 0.
11/24/2025 01:17 // INFO // [Johnson's Rule Optimizer] // Node J4_M1 added to topological order.
11/24/2025 01:17 // INFO // [Johnson's Rule Optimizer] // Decreased in-degree of J4_M2 to 0.
11/24/2025 01:17 // INFO // [Johnson's Rule Optimizer] // Decreased in-degree of J5_M1 to 0.
11/24/2025 01:17 // INFO // [Johnson's Rule Optimizer] // Node P3 added to topological order.
11/24/2025 01:17 // INFO // [Johnson's Rule Optimizer] // Node J4_M2 added to topological order.
11/24/2025 01:17 // INFO // [Johnson's Rule Optimizer] // Decreased in-degree of J5_M2 to 1.
11/24/2025 01:17 // INFO // [Johnson's Rule Optimizer] // Decreased in-degree of P4 to 0.
11/24/2025 01:17 // INFO // [Johnson's Rule Optimizer] // Node J5_M1 added to topological order.
11/24/2025 01:17 // INFO // [Johnson's Rule Optimizer] // Decreased in-degree of J5_M2 to 0.
11/24/2025 01:17 // INFO // [Johnson's Rule Optimizer] // Node P4 added to topological order.
11/24/2025 01:17 // INFO // [Johnson's Rule Optimizer] // Node J5_M2 added to topological order.
11/24/2025 01:17 // INFO // [Johnson's Rule Optimizer] // Decreased in-degree of P5 to 0.
11/24/2025 01:17 // INFO // [Johnson's Rule Optimizer] // Node P5 added to topological order.
11/24/2025 01:17 // INFO // [Johnson's Rule Optimizer] // Topological sort completed successfully.
11/24/2025 01:17 // INFO // [List Scheduling] // EFT for J1_M1 updated(15)!
11/24/2025 01:17 // INFO // [List Scheduling] // Node J1_M1 added to the Gantt path!
11/24/2025 01:17 // INFO // [List Scheduling] // Estimated start time updated (15)!
11/24/2025 01:17 // INFO // [List Scheduling] // EFT for J1_M2 updated(40)!
11/24/2025 01:17 // INFO // [List Scheduling] // Node J1_M2 added to the Gantt path!
11/24/2025 01:17 // INFO // [List Scheduling] // Estimated start time updated (15)!
11/24/2025 01:17 // INFO // [List Scheduling] // EFT for J2_M1 updated(31)!
11/24/2025 01:17 // INFO // [List Scheduling] // Node J2_M1 added to the Gantt path!
11/24/2025 01:17 // INFO // [List Scheduling] // Product node detected, skipping...
11/24/2025 01:17 // INFO // [List Scheduling] // Estimated start time updated (31)!
11/24/2025 01:17 // INFO // [List Scheduling] // Estimated start time updated (40)!
11/24/2025 01:17 // INFO // [List Scheduling] // EFT for J2_M2 updated(66)!
11/24/2025 01:17 // INFO // [List Scheduling] // Node J2_M2 added to the Gantt path!
11/24/2025 01:17 // INFO // [List Scheduling] // Estimated start time updated (31)!
11/24/2025 01:17 // INFO // [List Scheduling] // EFT for J3_M1 updated(48)!
11/24/2025 01:17 // INFO // [List Scheduling] // Node J3_M1 added to the Gantt path!
11/24/2025 01:17 // INFO // [List Scheduling] // Product node detected, skipping...
11/24/2025 01:17 // INFO // [List Scheduling] // Estimated start time updated (48)!
11/24/2025 01:17 // INFO // [List Scheduling] // Estimated start time updated (66)!
11/24/2025 01:17 // INFO // [List Scheduling] // EFT for J3_M2 updated(93)!
11/24/2025 01:17 // INFO // [List Scheduling] // Node J3_M2 added to the Gantt path!
11/24/2025 01:17 // INFO // [List Scheduling] // Estimated start time updated (48)!
11/24/2025 01:17 // INFO // [List Scheduling] // EFT for J4_M1 updated(76)!
11/24/2025 01:17 // INFO // [List Scheduling] // Node J4_M1 added to the Gantt path!
11/24/2025 01:17 // INFO // [List Scheduling] // Product node detected, skipping...
11/24/2025 01:17 // INFO // [List Scheduling] // Estimated start time updated (76)!
11/24/2025 01:17 // INFO // [List Scheduling] // Estimated start time updated (93)!
11/24/2025 01:17 // INFO // [List Scheduling] // EFT for J4_M2 updated(111)!
11/24/2025 01:17 // INFO // [List Scheduling] // Node J4_M2 added to the Gantt path!
11/24/2025 01:17 // INFO // [List Scheduling] // Estimated start time updated (76)!
11/24/2025 01:17 // INFO // [List Scheduling] // EFT for J5_M1 updated(106)!
11/24/2025 01:17 // INFO // [List Scheduling] // Node J5_M1 added to the Gantt path!
11/24/2025 01:17 // INFO // [List Scheduling] // Product node detected, skipping...
11/24/2025 01:17 // INFO // [List Scheduling] // Estimated start time updated (106)!
11/24/2025 01:17 // INFO // [List Scheduling] // Estimated start time updated (111)!
11/24/2025 01:17 // INFO // [List Scheduling] // EFT for J5_M2 updated(140)!
11/24/2025 01:17 // INFO // [List Scheduling] // Node J5_M2 added to the Gantt path!
11/24/2025 01:17 // INFO // [List Scheduling] // Product node detected, skipping...
11/24/2025 01:17 // INFO // [List Scheduling] // Optimization complete! Makespan: 0,00.
11/24/2025 01:17 // INFO // [GANTT] // Node J1_M1 EST is 0 (no predecessors).
11/24/2025 01:17 // INFO // [GANTT] // Node J1_M2 EST is determined by J1_M1 (EST: 15,00).
11/24/2025 01:17 // INFO // [GANTT] // Node J2_M1 EST is determined by J1_M1 (EST: 15,00).
11/24/2025 01:17 // INFO // [GANTT] // Node J2_M2 EST is determined by J1_M2 (EST: 40,00).
11/24/2025 01:17 // INFO // [GANTT] // Node J3_M1 EST is determined by J2_M1 (EST: 31,00).
11/24/2025 01:17 // INFO // [GANTT] // Node J3_M2 EST is determined by J2_M2 (EST: 66,00).
11/24/2025 01:17 // INFO // [GANTT] // Node J4_M1 EST is determined by J3_M1 (EST: 48,00).
11/24/2025 01:17 // INFO // [GANTT] // Node J4_M2 EST is determined by J3_M2 (EST: 93,00).
11/24/2025 01:17 // INFO // [GANTT] // Node J5_M1 EST is determined by J4_M1 (EST: 76,00).
11/24/2025 01:17 // INFO // [GANTT] // Node J5_M2 EST is determined by J4_M2 (EST: 111,00).
11/24/2025 01:17 // INFO // [GANTT] // Gantt chart built with 10 items from path with 10 nodes.
11/24/2025 01:17 // INFO // [GANTT] // Gantt data built with 10 items from optimized path using List Scheduling!
11/24/2025 01:17 // INFO // [GANTT] // Canvases are ready to be used!
11/24/2025 01:17 // INFO // [GANTT] // Ruler drawn: 141 ticks and 71 labels.
11/24/2025 01:17 // INFO // [GANTT] // Gantt chart rendered with 10 items on canvas.
11/24/2025 01:17 // INFO // [GANTT] // Canvas resized to 1500x110 to fit all Gantt items.
11/24/2025 01:17 // INFO // [GANTT] // List Scheduling schedule rendered successfully!
11/24/2025 01:17 // INFO // [S_GRAPH] // Node J1_M1 at 100;70
11/24/2025 01:17 // INFO // [S_GRAPH] // Node J1_M2 at 300;70
11/24/2025 01:17 // INFO // [S_GRAPH] // Node P1 at 450;70
11/24/2025 01:17 // INFO // [S_GRAPH] // Node J2_M1 at 100;220
11/24/2025 01:17 // INFO // [S_GRAPH] // Node J2_M2 at 300;220
11/24/2025 01:17 // INFO // [S_GRAPH] // Node P2 at 450;220
11/24/2025 01:17 // INFO // [S_GRAPH] // Node J3_M1 at 100;370
11/24/2025 01:17 // INFO // [S_GRAPH] // Node J3_M2 at 300;370
11/24/2025 01:17 // INFO // [S_GRAPH] // Node P3 at 450;370
11/24/2025 01:17 // INFO // [S_GRAPH] // Node J4_M1 at 100;520
11/24/2025 01:17 // INFO // [S_GRAPH] // Node J4_M2 at 300;520
11/24/2025 01:17 // INFO // [S_GRAPH] // Node P4 at 450;520
11/24/2025 01:17 // INFO // [S_GRAPH] // Node J5_M1 at 100;670
11/24/2025 01:17 // INFO // [S_GRAPH] // Node J5_M2 at 300;670
11/24/2025 01:17 // INFO // [S_GRAPH] // Node P5 at 450;670
11/24/2025 01:17 // INFO // [S_GRAPH] // Curve value of edge (J1_M1 to J1_M2) set to 25,00
11/24/2025 01:17 // INFO // [S_GRAPH] // Edge drawn from (170,0;105,0) to (300,0;105,0)!
11/24/2025 01:17 // INFO // [S_GRAPH] // Weight 15 drawn at (235;117,5)!
11/24/2025 01:17 // INFO // [S_GRAPH] // Edge from J1_M1 to J1_M2 with cost 0 drawn.
11/24/2025 01:17 // INFO // [S_GRAPH] // Curve value of edge (J2_M1 to J2_M2) set to 25,00
11/24/2025 01:17 // INFO // [S_GRAPH] // Edge drawn from (170,0;255,0) to (300,0;255,0)!
11/24/2025 01:17 // INFO // [S_GRAPH] // Weight 16 drawn at (235;267,5)!
11/24/2025 01:17 // INFO // [S_GRAPH] // Edge from J2_M1 to J2_M2 with cost 0 drawn.
11/24/2025 01:17 // INFO // [S_GRAPH] // Curve value of edge (J3_M1 to J3_M2) set to 25,00
11/24/2025 01:17 // INFO // [S_GRAPH] // Edge drawn from (170,0;405,0) to (300,0;405,0)!
11/24/2025 01:17 // INFO // [S_GRAPH] // Weight 17 drawn at (235;417,5)!
11/24/2025 01:17 // INFO // [S_GRAPH] // Edge from J3_M1 to J3_M2 with cost 0 drawn.
11/24/2025 01:17 // INFO // [S_GRAPH] // Curve value of edge (J4_M1 to J4_M2) set to 25,00
11/24/2025 01:17 // INFO // [S_GRAPH] // Edge drawn from (170,0;555,0) to (300,0;555,0)!
11/24/2025 01:17 // INFO // [S_GRAPH] // Weight 28 drawn at (235;567,5)!
11/24/2025 01:17 // INFO // [S_GRAPH] // Edge from J4_M1 to J4_M2 with cost 0 drawn.
11/24/2025 01:17 // INFO // [S_GRAPH] // Curve value of edge (J5_M1 to J5_M2) set to 25,00
11/24/2025 01:17 // INFO // [S_GRAPH] // Edge drawn from (170,0;705,0) to (300,0;705,0)!
11/24/2025 01:17 // INFO // [S_GRAPH] // Weight 30 drawn at (235;717,5)!
11/24/2025 01:17 // INFO // [S_GRAPH] // Edge from J5_M1 to J5_M2 with cost 0 drawn.
11/24/2025 01:17 // INFO // [S_GRAPH] // Curve value of edge (J1_M1 to J2_M1) set to -25,00
11/24/2025 01:17 // INFO // [S_GRAPH] // Edge drawn from (135,0;140,0) to (135,0;220,0)!
11/24/2025 01:17 // INFO // [S_GRAPH] // Weight 15 drawn at (147,5;180)!
11/24/2025 01:17 // INFO // [S_GRAPH] // Edge from J1_M1 to J2_M1 with cost 0 drawn.
11/24/2025 01:17 // INFO // [S_GRAPH] // Curve value of edge (J1_M2 to J2_M2) set to -25,00
11/24/2025 01:17 // INFO // [S_GRAPH] // Edge drawn from (335,0;140,0) to (335,0;220,0)!
11/24/2025 01:17 // INFO // [S_GRAPH] // Weight 25 drawn at (347,5;180)!
11/24/2025 01:17 // INFO // [S_GRAPH] // Edge from J1_M2 to J2_M2 with cost 0 drawn.
11/24/2025 01:17 // INFO // [S_GRAPH] // Curve value of edge (J2_M1 to J3_M1) set to -25,00
11/24/2025 01:17 // INFO // [S_GRAPH] // Edge drawn from (135,0;290,0) to (135,0;370,0)!
11/24/2025 01:17 // INFO // [S_GRAPH] // Weight 16 drawn at (147,5;330)!
11/24/2025 01:17 // INFO // [S_GRAPH] // Edge from J2_M1 to J3_M1 with cost 0 drawn.
11/24/2025 01:17 // INFO // [S_GRAPH] // Curve value of edge (J2_M2 to J3_M2) set to -25,00
11/24/2025 01:17 // INFO // [S_GRAPH] // Edge drawn from (335,0;290,0) to (335,0;370,0)!
11/24/2025 01:17 // INFO // [S_GRAPH] // Weight 26 drawn at (347,5;330)!
11/24/2025 01:17 // INFO // [S_GRAPH] // Edge from J2_M2 to J3_M2 with cost 0 drawn.
11/24/2025 01:17 // INFO // [S_GRAPH] // Curve value of edge (J3_M1 to J4_M1) set to -25,00
11/24/2025 01:17 // INFO // [S_GRAPH] // Edge drawn from (135,0;440,0) to (135,0;520,0)!
11/24/2025 01:17 // INFO // [S_GRAPH] // Weight 17 drawn at (147,5;480)!
11/24/2025 01:17 // INFO // [S_GRAPH] // Edge from J3_M1 to J4_M1 with cost 0 drawn.
11/24/2025 01:17 // INFO // [S_GRAPH] // Curve value of edge (J3_M2 to J4_M2) set to -25,00
11/24/2025 01:17 // INFO // [S_GRAPH] // Edge drawn from (335,0;440,0) to (335,0;520,0)!
11/24/2025 01:17 // INFO // [S_GRAPH] // Weight 27 drawn at (347,5;480)!
11/24/2025 01:17 // INFO // [S_GRAPH] // Edge from J3_M2 to J4_M2 with cost 0 drawn.
11/24/2025 01:17 // INFO // [S_GRAPH] // Curve value of edge (J4_M1 to J5_M1) set to -25,00
11/24/2025 01:17 // INFO // [S_GRAPH] // Edge drawn from (135,0;590,0) to (135,0;670,0)!
11/24/2025 01:17 // INFO // [S_GRAPH] // Weight 28 drawn at (147,5;630)!
11/24/2025 01:17 // INFO // [S_GRAPH] // Edge from J4_M1 to J5_M1 with cost 0 drawn.
11/24/2025 01:17 // INFO // [S_GRAPH] // Curve value of edge (J4_M2 to J5_M2) set to -25,00
11/24/2025 01:17 // INFO // [S_GRAPH] // Edge drawn from (335,0;590,0) to (335,0;670,0)!
11/24/2025 01:17 // INFO // [S_GRAPH] // Weight 18 drawn at (347,5;630)!
11/24/2025 01:17 // INFO // [S_GRAPH] // Edge from J4_M2 to J5_M2 with cost 0 drawn.
11/24/2025 01:17 // INFO // [S_GRAPH] // Edge drawn from (370,0;105,0) to (450,0;105,0)!
11/24/2025 01:17 // INFO // [S_GRAPH] // Weight 25 drawn at (410;105)!
11/24/2025 01:17 // INFO // [S_GRAPH] // Edge from J1_M2 to P1 with cost 0 drawn.
11/24/2025 01:17 // INFO // [S_GRAPH] // Edge drawn from (370,0;255,0) to (450,0;255,0)!
11/24/2025 01:17 // INFO // [S_GRAPH] // Weight 26 drawn at (410;255)!
11/24/2025 01:17 // INFO // [S_GRAPH] // Edge from J2_M2 to P2 with cost 0 drawn.
11/24/2025 01:17 // INFO // [S_GRAPH] // Edge drawn from (370,0;405,0) to (450,0;405,0)!
11/24/2025 01:17 // INFO // [S_GRAPH] // Weight 27 drawn at (410;405)!
11/24/2025 01:17 // INFO // [S_GRAPH] // Edge from J3_M2 to P3 with cost 0 drawn.
11/24/2025 01:17 // INFO // [S_GRAPH] // Edge drawn from (370,0;555,0) to (450,0;555,0)!
11/24/2025 01:17 // INFO // [S_GRAPH] // Weight 18 drawn at (410;555)!
11/24/2025 01:17 // INFO // [S_GRAPH] // Edge from J4_M2 to P4 with cost 0 drawn.
11/24/2025 01:17 // INFO // [S_GRAPH] // Edge drawn from (370,0;705,0) to (450,0;705,0)!
11/24/2025 01:17 // INFO // [S_GRAPH] // Weight 29 drawn at (410;705)!
11/24/2025 01:17 // INFO // [S_GRAPH] // Edge from J5_M2 to P5 with cost 0 drawn.
11/24/2025 01:17 // INFO // [S_GRAPH] // Canvas resized to 570x790!
11/24/2025 01:19 // INFO // [GANTT] // Gantt chart rendered with 10 items on canvas.
11/24/2025 01:19 // INFO // [GANTT] // Canvas resized to 1496,0806993245042x110 to fit all Gantt items.
11/24/2025 01:19 // INFO // [GANTT] // Canvases are ready to be used!
11/24/2025 01:19 // INFO // [GANTT] // Ruler drawn: 141 ticks and 71 labels.
11/24/2025 01:19 // INFO // [MODIFY] // Zoom level changed to -0,004044489383215369, scale set to 9,97200499517503!
11/24/2025 01:19 // INFO // [GANTT] // Gantt chart rendered with 10 items on canvas.
11/24/2025 01:19 // INFO // [GANTT] // Canvas resized to 1484,3885070233812x110 to fit all Gantt items.
11/24/2025 01:19 // INFO // [GANTT] // Canvases are ready to be used!
11/24/2025 01:19 // INFO // [GANTT] // Ruler drawn: 141 ticks and 71 labels.
11/24/2025 01:19 // INFO // [MODIFY] // Zoom level changed to -0,016177957532861477, scale set to 9,888489335881294!
11/24/2025 01:19 // INFO // [GANTT] // Gantt chart rendered with 10 items on canvas.
11/24/2025 01:19 // INFO // [GANTT] // Canvas resized to 1476,6481641703242x110 to fit all Gantt items.
11/24/2025 01:19 // INFO // [GANTT] // Canvases are ready to be used!
11/24/2025 01:19 // INFO // [GANTT] // Ruler drawn: 141 ticks and 71 labels.
11/24/2025 01:19 // INFO // [MODIFY] // Zoom level changed to -0,024266936299292215, scale set to 9,833201172645174!
11/24/2025 01:19 // INFO // [GANTT] // Gantt chart rendered with 10 items on canvas.
11/24/2025 01:19 // INFO // [GANTT] // Canvas resized to 1465,1187195800112x110 to fit all Gantt items.
11/24/2025 01:19 // INFO // [GANTT] // Canvases are ready to be used!
11/24/2025 01:19 // INFO // [GANTT] // Ruler drawn: 141 ticks and 71 labels.
11/24/2025 01:19 // INFO // [MODIFY] // Zoom level changed to -0,03640040444893832, scale set to 9,75084799700008!
11/24/2025 01:19 // INFO // [GANTT] // Gantt chart rendered with 10 items on canvas.
11/24/2025 01:19 // INFO // [GANTT] // Canvas resized to 1461,2970690658813x110 to fit all Gantt items.
11/24/2025 01:19 // INFO // [GANTT] // Canvases are ready to be used!
11/24/2025 01:19 // INFO // [GANTT] // Ruler drawn: 141 ticks and 71 labels.
11/24/2025 01:19 // INFO // [MODIFY] // Zoom level changed to -0,04044489383215369, scale set to 9,723550493327723!
11/24/2025 01:19 // INFO // [GANTT] // Gantt chart rendered with 10 items on canvas.
11/24/2025 01:19 // INFO // [GANTT] // Canvas resized to 1449,8961900778863x110 to fit all Gantt items.
11/24/2025 01:19 // INFO // [GANTT] // Canvases are ready to be used!
11/24/2025 01:19 // INFO // [GANTT] // Ruler drawn: 141 ticks and 71 labels.
11/24/2025 01:19 // INFO // [MODIFY] // Zoom level changed to -0,0525783619817998, scale set to 9,642115643413474!
11/24/2025 01:19 // INFO // [GANTT] // Gantt chart rendered with 10 items on canvas.
11/24/2025 01:19 // INFO // [GANTT] // Canvas resized to 1446,1171550424428x110 to fit all Gantt items.
11/24/2025 01:19 // INFO // [GANTT] // Canvases are ready to be used!
11/24/2025 01:19 // INFO // [GANTT] // Ruler drawn: 141 ticks and 71 labels.
11/24/2025 01:19 // INFO // [MODIFY] // Zoom level changed to -0,056622851365015166, scale set to 9,615122536017449!
11/24/2025 01:19 // INFO // [GANTT] // Gantt chart rendered with 10 items on canvas.
11/24/2025 01:19 // INFO // [GANTT] // Canvas resized to 1442,348699417404x110 to fit all Gantt items.
11/24/2025 01:19 // INFO // [GANTT] // Canvases are ready to be used!
11/24/2025 01:19 // INFO // [GANTT] // Ruler drawn: 141 ticks and 71 labels.
11/24/2025 01:19 // INFO // [MODIFY] // Zoom level changed to -0,06066734074823053, scale set to 9,5882049958386!
11/24/2025 01:19 // INFO // [GANTT] // Gantt chart rendered with 10 items on canvas.
11/24/2025 01:19 // INFO // [GANTT] // Canvas resized to 1438,590793585706x110 to fit all Gantt items.
11/24/2025 01:19 // INFO // [GANTT] // Canvases are ready to be used!
11/24/2025 01:19 // INFO // [GANTT] // Ruler drawn: 141 ticks and 71 labels.
11/24/2025 01:19 // INFO // [MODIFY] // Zoom level changed to -0,06471183013144591, scale set to 9,561362811326472!
11/24/2025 01:19 // INFO // [GANTT] // Gantt chart rendered with 10 items on canvas.
11/24/2025 01:19 // INFO // [GANTT] // Canvas resized to 1431,1065132484064x110 to fit all Gantt items.
11/24/2025 01:19 // INFO // [GANTT] // Canvases are ready to be used!
11/24/2025 01:19 // INFO // [GANTT] // Ruler drawn: 141 ticks and 71 labels.
11/24/2025 01:19 // INFO // [MODIFY] // Zoom level changed to -0,07280080889787664, scale set to 9,507903666060045!
11/24/2025 01:19 // INFO // [GANTT] // Gantt chart rendered with 10 items on canvas.
11/24/2025 01:19 // INFO // [GANTT] // Canvas resized to 1427,3800799223125x110 to fit all Gantt items.
11/24/2025 01:19 // INFO // [GANTT] // Canvases are ready to be used!
11/24/2025 01:19 // INFO // [GANTT] // Ruler drawn: 141 ticks and 71 labels.
11/24/2025 01:19 // INFO // [MODIFY] // Zoom level changed to -0,07684529828109202, scale set to 9,481286285159374!
11/24/2025 01:19 // INFO // [GANTT] // Gantt chart rendered with 10 items on canvas.
11/24/2025 01:19 // INFO // [GANTT] // Canvas resized to 1423,6640787481133x110 to fit all Gantt items.
11/24/2025 01:19 // INFO // [GANTT] // Canvases are ready to be used!
11/24/2025 01:19 // INFO // [GANTT] // Ruler drawn: 141 ticks and 71 labels.
11/24/2025 01:19 // INFO // [MODIFY] // Zoom level changed to -0,08088978766430739, scale set to 9,45474341962938!
11/24/2025 01:19 // INFO // [GANTT] // Gantt chart rendered with 10 items on canvas.
11/24/2025 01:19 // INFO // [GANTT] // Canvas resized to 1419,9584805209938x110 to fit all Gantt items.
11/24/2025 01:19 // INFO // [GANTT] // Canvases are ready to be used!
11/24/2025 01:19 // INFO // [GANTT] // Ruler drawn: 141 ticks and 71 labels.
11/24/2025 01:19 // INFO // [MODIFY] // Zoom level changed to -0,08493427704752277, scale set to 9,428274860864242!
11/24/2025 01:19 // INFO // [GANTT] // Gantt chart rendered with 10 items on canvas.
11/24/2025 01:19 // INFO // [GANTT] // Canvas resized to 1412,5783764973048x110 to fit all Gantt items.
11/24/2025 01:19 // INFO // [GANTT] // Canvases are ready to be used!
11/24/2025 01:19 // INFO // [GANTT] // Ruler drawn: 141 ticks and 71 labels.
11/24/2025 01:19 // INFO // [MODIFY] // Zoom level changed to -0,0930232558139535, scale set to 9,375559832123606!
11/24/2025 01:19 // INFO // [GANTT] // Gantt chart rendered with 10 items on canvas.
11/24/2025 01:19 // INFO // [GANTT] // Canvas resized to 1408,9038126989853x110 to fit all Gantt items.
11/24/2025 01:19 // INFO // [GANTT] // Canvases are ready to be used!
11/24/2025 01:19 // INFO // [GANTT] // Ruler drawn: 141 ticks and 71 labels.
11/24/2025 01:19 // INFO // [MODIFY] // Zoom level changed to -0,09706774519716888, scale set to 9,349312947849896!
11/24/2025 01:19 // INFO // [GANTT] // Gantt chart rendered with 10 items on canvas.
11/24/2025 01:19 // INFO // [GANTT] // Canvas resized to 1405,2395358437927x110 to fit all Gantt items.
11/24/2025 01:19 // INFO // [GANTT] // Canvases are ready to be used!
11/24/2025 01:19 // INFO // [GANTT] // Ruler drawn: 141 ticks and 71 labels.
11/24/2025 01:19 // INFO // [MODIFY] // Zoom level changed to -0,10111223458038425, scale set to 9,323139541741376!
11/24/2025 01:19 // INFO // [GANTT] // Gantt chart rendered with 10 items on canvas.
11/24/2025 01:19 // INFO // [GANTT] // Canvas resized to 1394,3081393568284x110 to fit all Gantt items.
11/24/2025 01:19 // INFO // [GANTT] // Canvases are ready to be used!
11/24/2025 01:19 // INFO // [GANTT] // Ruler drawn: 141 ticks and 71 labels.
11/24/2025 01:19 // INFO // [MODIFY] // Zoom level changed to -0,11324570273003036, scale set to 9,24505813826306!
11/24/2025 01:19 // INFO // [GANTT] // Gantt chart rendered with 10 items on canvas.
11/24/2025 01:19 // INFO // [GANTT] // Canvas resized to 1390,6847230961994x110 to fit all Gantt items.
11/24/2025 01:19 // INFO // [GANTT] // Canvases are ready to be used!
11/24/2025 01:19 // INFO // [GANTT] // Ruler drawn: 141 ticks and 71 labels.
11/24/2025 01:19 // INFO // [MODIFY] // Zoom level changed to -0,11729019211324573, scale set to 9,219176593544281!
11/24/2025 01:19 // INFO // [GANTT] // Gantt chart rendered with 10 items on canvas.
11/24/2025 01:19 // INFO // [GANTT] // Canvas resized to 1387,07145059114x110 to fit all Gantt items.
11/24/2025 01:19 // INFO // [GANTT] // Canvases are ready to be used!
11/24/2025 01:19 // INFO // [GANTT] // Ruler drawn: 141 ticks and 71 labels.
11/24/2025 01:19 // INFO // [MODIFY] // Zoom level changed to -0,12133468149646111, scale set to 9,19336750422243!
11/24/2025 01:19 // INFO // [GANTT] // Gantt chart rendered with 10 items on canvas.
11/24/2025 01:19 // INFO // [GANTT] // Canvas resized to 1383,4682934442023x110 to fit all Gantt items.
11/24/2025 01:19 // INFO // [GANTT] // Canvases are ready to be used!
11/24/2025 01:19 // INFO // [GANTT] // Ruler drawn: 141 ticks and 71 labels.
11/24/2025 01:19 // INFO // [MODIFY] // Zoom level changed to -0,12537917087967648, scale set to 9,167630667458589!
11/24/2025 01:19 // INFO // [GANTT] // Gantt chart rendered with 10 items on canvas.
11/24/2025 01:19 // INFO // [GANTT] // Canvas resized to 1376,2922120321666x110 to fit all Gantt items.
11/24/2025 01:19 // INFO // [GANTT] // Canvases are ready to be used!
11/24/2025 01:19 // INFO // [GANTT] // Ruler drawn: 141 ticks and 71 labels.
11/24/2025 01:19 // INFO // [MODIFY] // Zoom level changed to -0,13346814964610723, scale set to 9,116372943086905!
11/24/2025 01:19 // INFO // [GANTT] // Gantt chart rendered with 10 items on canvas.
11/24/2025 01:19 // INFO // [GANTT] // Canvas resized to 1372,7192313687758x110 to fit all Gantt items.
11/24/2025 01:19 // INFO // [GANTT] // Canvases are ready to be used!
11/24/2025 01:19 // INFO // [GANTT] // Ruler drawn: 141 ticks and 71 labels.
11/24/2025 01:19 // INFO // [MODIFY] // Zoom level changed to -0,1375126390293226, scale set to 9,090851652634113!
11/24/2025 01:19 // INFO // [GANTT] // Gantt chart rendered with 10 items on canvas.
11/24/2025 01:19 // INFO // [GANTT] // Canvas resized to 1369,156253266476x110 to fit all Gantt items.
11/24/2025 01:19 // INFO // [GANTT] // Canvases are ready to be used!
11/24/2025 01:19 // INFO // [GANTT] // Ruler drawn: 141 ticks and 71 labels.
11/24/2025 01:19 // INFO // [MODIFY] // Zoom level changed to -0,14155712841253795, scale set to 9,065401809046257!
11/24/2025 01:19 // INFO // [GANTT] // Gantt chart rendered with 10 items on canvas.
11/24/2025 01:19 // INFO // [GANTT] // Canvas resized to 1362,060192814843x110 to fit all Gantt items.
11/24/2025 01:19 // INFO // [GANTT] // Canvases are ready to be used!
11/24/2025 01:19 // INFO // [GANTT] // Ruler drawn: 141 ticks and 71 labels.
11/24/2025 01:19 // INFO // [MODIFY] // Zoom level changed to -0,1496461071789687, scale set to 9,014715662963164!
11/24/2025 01:19 // INFO // [GANTT] // Gantt chart rendered with 10 items on canvas.
11/24/2025 01:19 // INFO // [GANTT] // Canvas resized to 1358,5270546961176x110 to fit all Gantt items.
11/24/2025 01:19 // INFO // [GANTT] // Canvases are ready to be used!
11/24/2025 01:19 // INFO // [GANTT] // Ruler drawn: 141 ticks and 71 labels.
11/24/2025 01:19 // INFO // [MODIFY] // Zoom level changed to -0,15369059656218406, scale set to 8,989478962115125!
11/24/2025 01:19 // INFO // [GANTT] // Gantt chart rendered with 10 items on canvas.
11/24/2025 01:19 // INFO // [GANTT] // Canvas resized to 1351,4904238343508x110 to fit all Gantt items.
11/24/2025 01:19 // INFO // [GANTT] // Canvases are ready to be used!
11/24/2025 01:19 // INFO // [GANTT] // Ruler drawn: 141 ticks and 71 labels.
11/24/2025 01:19 // INFO // [MODIFY] // Zoom level changed to -0,1617795753286148, scale set to 8,939217313102507!
11/24/2025 01:19 // INFO // [GANTT] // Gantt chart rendered with 10 items on canvas.
11/24/2025 01:19 // INFO // [GANTT] // Canvas resized to 1344,4931359280654x110 to fit all Gantt items.
11/24/2025 01:19 // INFO // [GANTT] // Canvases are ready to be used!
11/24/2025 01:19 // INFO // [GANTT] // Ruler drawn: 141 ticks and 71 labels.
11/24/2025 01:19 // INFO // [MODIFY] // Zoom level changed to -0,16986855409504556, scale set to 8,889236685200467!
11/24/2025 01:19 // INFO // [GANTT] // Gantt chart rendered with 10 items on canvas.
11/24/2025 01:19 // INFO // [GANTT] // Canvas resized to 1341,0091767935708x110 to fit all Gantt items.
11/24/2025 01:19 // INFO // [GANTT] // Canvases are ready to be used!
11/24/2025 01:19 // INFO // [GANTT] // Ruler drawn: 141 ticks and 71 labels.
11/24/2025 01:19 // INFO // [MODIFY] // Zoom level changed to -0,17391304347826092, scale set to 8,864351262811219!
11/24/2025 01:19 // INFO // [GANTT] // Gantt chart rendered with 10 items on canvas.
11/24/2025 01:19 // INFO // [GANTT] // Canvas resized to 1337,5349710043538x110 to fit all Gantt items.
11/24/2025 01:19 // INFO // [GANTT] // Canvases are ready to be used!
11/24/2025 01:19 // INFO // [GANTT] // Ruler drawn: 141 ticks and 71 labels.
11/24/2025 01:19 // INFO // [MODIFY] // Zoom level changed to -0,17795753286147628, scale set to 8,839535507173956!
11/24/2025 01:19 // INFO // [GANTT] // Gantt chart rendered with 10 items on canvas.
11/24/2025 01:19 // INFO // [GANTT] // Canvas resized to 1334,0704912559206x110 to fit all Gantt items.
11/24/2025 01:19 // INFO // [GANTT] // Canvases are ready to be used!
11/24/2025 01:19 // INFO // [GANTT] // Ruler drawn: 141 ticks and 71 labels.
11/24/2025 01:19 // INFO // [MODIFY] // Zoom level changed to -0,18200202224469164, scale set to 8,814789223256575!
11/24/2025 01:19 // INFO // [GANTT] // Gantt chart rendered with 10 items on canvas.
11/24/2025 01:19 // INFO // [GANTT] // Canvas resized to 1330,6157103202142x110 to fit all Gantt items.
11/24/2025 01:19 // INFO // [GANTT] // Canvases are ready to be used!
11/24/2025 01:19 // INFO // [GANTT] // Ruler drawn: 141 ticks and 71 labels.
11/24/2025 01:19 // INFO // [MODIFY] // Zoom level changed to -0,186046511627907, scale set to 8,79011221657296!
11/24/2025 01:19 // INFO // [GANTT] // Gantt chart rendered with 10 items on canvas.
11/24/2025 01:19 // INFO // [GANTT] // Canvas resized to 1337,5349710043538x110 to fit all Gantt items.
11/24/2025 01:19 // INFO // [GANTT] // Canvases are ready to be used!
11/24/2025 01:19 // INFO // [GANTT] // Ruler drawn: 141 ticks and 71 labels.
11/24/2025 01:19 // INFO // [MODIFY] // Zoom level changed to -0,17795753286147625, scale set to 8,839535507173956!
11/24/2025 01:19 // INFO // [GANTT] // Gantt chart rendered with 10 items on canvas.
11/24/2025 01:19 // INFO // [GANTT] // Canvas resized to 1341,0091767935708x110 to fit all Gantt items.
11/24/2025 01:19 // INFO // [GANTT] // Canvases are ready to be used!
11/24/2025 01:19 // INFO // [GANTT] // Ruler drawn: 141 ticks and 71 labels.
11/24/2025 01:19 // INFO // [MODIFY] // Zoom level changed to -0,1739130434782609, scale set to 8,864351262811219!
11/24/2025 01:19 // INFO // [GANTT] // Gantt chart rendered with 10 items on canvas.
11/24/2025 01:19 // INFO // [GANTT] // Canvas resized to 1344,4931359280654x110 to fit all Gantt items.
11/24/2025 01:19 // INFO // [GANTT] // Canvases are ready to be used!
11/24/2025 01:19 // INFO // [GANTT] // Ruler drawn: 141 ticks and 71 labels.
11/24/2025 01:19 // INFO // [MODIFY] // Zoom level changed to -0,16986855409504553, scale set to 8,889236685200467!
11/24/2025 01:19 // INFO // [GANTT] // Gantt chart rendered with 10 items on canvas.
11/24/2025 01:19 // INFO // [GANTT] // Canvas resized to 1347,9868757889865x110 to fit all Gantt items.
11/24/2025 01:19 // INFO // [GANTT] // Canvases are ready to be used!
11/24/2025 01:19 // INFO // [GANTT] // Ruler drawn: 141 ticks and 71 labels.
11/24/2025 01:19 // INFO // [MODIFY] // Zoom level changed to -0,16582406471183017, scale set to 8,914191969921331!
11/24/2025 01:19 // INFO // [GANTT] // Gantt chart rendered with 10 items on canvas.
11/24/2025 01:19 // INFO // [GANTT] // Canvas resized to 1351,4904238343508x110 to fit all Gantt items.
11/24/2025 01:19 // INFO // [GANTT] // Canvases are ready to be used!
11/24/2025 01:19 // INFO // [GANTT] // Ruler drawn: 141 ticks and 71 labels.
11/24/2025 01:19 // INFO // [MODIFY] // Zoom level changed to -0,1617795753286148, scale set to 8,939217313102507!
11/24/2025 01:19 // INFO // [GANTT] // Gantt chart rendered with 10 items on canvas.
11/24/2025 01:19 // INFO // [GANTT] // Canvas resized to 1355,0038075992604x110 to fit all Gantt items.
11/24/2025 01:19 // INFO // [GANTT] // Canvases are ready to be used!
11/24/2025 01:19 // INFO // [GANTT] // Ruler drawn: 141 ticks and 71 labels.
11/24/2025 01:19 // INFO // [MODIFY] // Zoom level changed to -0,15773508594539945, scale set to 8,964312911423288!
11/24/2025 01:19 // INFO // [GANTT] // Gantt chart rendered with 10 items on canvas.
11/24/2025 01:19 // INFO // [GANTT] // Canvas resized to 1362,060192814843x110 to fit all Gantt items.
11/24/2025 01:19 // INFO // [GANTT] // Canvases are ready to be used!
11/24/2025 01:19 // INFO // [GANTT] // Ruler drawn: 141 ticks and 71 labels.
11/24/2025 01:19 // INFO // [MODIFY] // Zoom level changed to -0,1496461071789687, scale set to 9,014715662963164!
11/24/2025 01:19 // INFO // [GANTT] // Gantt chart rendered with 10 items on canvas.
11/24/2025 01:19 // INFO // [GANTT] // Canvas resized to 1379,8752233374357x110 to fit all Gantt items.
11/24/2025 01:19 // INFO // [GANTT] // Canvases are ready to be used!
11/24/2025 01:19 // INFO // [GANTT] // Ruler drawn: 141 ticks and 71 labels.
11/24/2025 01:19 // INFO // [MODIFY] // Zoom level changed to -0,12942366026289187, scale set to 9,141965880981683!
11/24/2025 01:19 // INFO // [GANTT] // Gantt chart rendered with 10 items on canvas.
11/24/2025 01:19 // INFO // [GANTT] // Canvas resized to 1397,9417278501978x110 to fit all Gantt items.
11/24/2025 01:19 // INFO // [GANTT] // Canvases are ready to be used!
11/24/2025 01:19 // INFO // [GANTT] // Ruler drawn: 141 ticks and 71 labels.
11/24/2025 01:19 // INFO // [MODIFY] // Zoom level changed to -0,10920121334681503, scale set to 9,271012341787127!
11/24/2025 01:19 // INFO // [GANTT] // Gantt chart rendered with 10 items on canvas.
11/24/2025 01:19 // INFO // [GANTT] // Canvas resized to 1412,5783764973046x110 to fit all Gantt items.
11/24/2025 01:19 // INFO // [GANTT] // Canvases are ready to be used!
11/24/2025 01:19 // INFO // [GANTT] // Ruler drawn: 141 ticks and 71 labels.
11/24/2025 01:19 // INFO // [MODIFY] // Zoom level changed to -0,09302325581395354, scale set to 9,375559832123605!
11/24/2025 01:19 // INFO // [GANTT] // Gantt chart rendered with 10 items on canvas.
11/24/2025 01:19 // INFO // [GANTT] // Canvas resized to 1427,3800799223125x110 to fit all Gantt items.
11/24/2025 01:19 // INFO // [GANTT] // Canvases are ready to be used!
11/24/2025 01:19 // INFO // [GANTT] // Ruler drawn: 141 ticks and 71 labels.
11/24/2025 01:19 // INFO // [MODIFY] // Zoom level changed to -0,07684529828109207, scale set to 9,481286285159374!
11/24/2025 01:19 // INFO // [GANTT] // Gantt chart rendered with 10 items on canvas.
11/24/2025 01:19 // INFO // [GANTT] // Canvas resized to 1438,590793585706x110 to fit all Gantt items.
11/24/2025 01:19 // INFO // [GANTT] // Canvases are ready to be used!
11/24/2025 01:19 // INFO // [GANTT] // Ruler drawn: 141 ticks and 71 labels.
11/24/2025 01:19 // INFO // [MODIFY] // Zoom level changed to -0,06471183013144596, scale set to 9,561362811326472!
11/24/2025 01:19 // INFO // [GANTT] // Gantt chart rendered with 10 items on canvas.
11/24/2025 01:19 // INFO // [GANTT] // Canvas resized to 1449,8961900778863x110 to fit all Gantt items.
11/24/2025 01:19 // INFO // [GANTT] // Canvases are ready to be used!
11/24/2025 01:19 // INFO // [GANTT] // Ruler drawn: 141 ticks and 71 labels.
11/24/2025 01:19 // INFO // [MODIFY] // Zoom level changed to -0,052578361981799854, scale set to 9,642115643413474!
11/24/2025 01:19 // INFO // [GANTT] // Gantt chart rendered with 10 items on canvas.
11/24/2025 01:19 // INFO // [GANTT] // Canvas resized to 1465,1187195800112x110 to fit all Gantt items.
11/24/2025 01:19 // INFO // [GANTT] // Canvases are ready to be used!
11/24/2025 01:19 // INFO // [GANTT] // Ruler drawn: 141 ticks and 71 labels.
11/24/2025 01:19 // INFO // [MODIFY] // Zoom level changed to -0,03640040444893838, scale set to 9,75084799700008!
11/24/2025 01:19 // INFO // [GANTT] // Gantt chart rendered with 10 items on canvas.
11/24/2025 01:19 // INFO // [GANTT] // Canvas resized to 1484,3885070233812x110 to fit all Gantt items.
11/24/2025 01:19 // INFO // [GANTT] // Canvases are ready to be used!
11/24/2025 01:19 // INFO // [GANTT] // Ruler drawn: 141 ticks and 71 labels.
11/24/2025 01:19 // INFO // [MODIFY] // Zoom level changed to -0,016177957532861532, scale set to 9,888489335881294!
11/24/2025 01:19 // INFO // [GANTT] // Gantt chart rendered with 10 items on canvas.
11/24/2025 01:19 // INFO // [GANTT] // Canvas resized to 1503,9303035622142x110 to fit all Gantt items.
11/24/2025 01:19 // INFO // [GANTT] // Canvases are ready to be used!
11/24/2025 01:19 // INFO // [GANTT] // Ruler drawn: 141 ticks and 71 labels.
11/24/2025 01:19 // INFO // [MODIFY] // Zoom level changed to 0,004044489383215312, scale set to 10,028073596872959!
11/24/2025 01:19 // INFO // [GANTT] // Gantt chart rendered with 10 items on canvas.
11/24/2025 01:19 // INFO // [GANTT] // Canvas resized to 1519,7621657616842x110 to fit all Gantt items.
11/24/2025 01:19 // INFO // [GANTT] // Canvases are ready to be used!
11/24/2025 01:19 // INFO // [GANTT] // Ruler drawn: 141 ticks and 71 labels.
11/24/2025 01:19 // INFO // [MODIFY] // Zoom level changed to 0,02022244691607679, scale set to 10,141158326869173!
11/24/2025 01:19 // INFO // [GANTT] // Gantt chart rendered with 10 items on canvas.
11/24/2025 01:19 // INFO // [GANTT] // Canvas resized to 1547,898729858282x110 to fit all Gantt items.
11/24/2025 01:19 // INFO // [GANTT] // Canvases are ready to be used!
11/24/2025 01:19 // INFO // [GANTT] // Ruler drawn: 141 ticks and 71 labels.
11/24/2025 01:19 // INFO // [MODIFY] // Zoom level changed to 0,048533872598584375, scale set to 10,342133784702014!
11/24/2025 01:19 // INFO // [GANTT] // Gantt chart rendered with 10 items on canvas.
11/24/2025 01:19 // INFO // [GANTT] // Canvas resized to 1568,3370260765619x110 to fit all Gantt items.
11/24/2025 01:19 // INFO // [GANTT] // Canvases are ready to be used!
11/24/2025 01:19 // INFO // [GANTT] // Ruler drawn: 141 ticks and 71 labels.
11/24/2025 01:19 // INFO // [MODIFY] // Zoom level changed to 0,06875631951466121, scale set to 10,488121614832584!
11/24/2025 01:19 // INFO // [GANTT] // Gantt chart rendered with 10 items on canvas.
11/24/2025 01:19 // INFO // [GANTT] // Canvas resized to 1589,063825864664x110 to fit all Gantt items.
11/24/2025 01:19 // INFO // [GANTT] // Canvases are ready to be used!
11/24/2025 01:19 // INFO // [GANTT] // Ruler drawn: 141 ticks and 71 labels.
11/24/2025 01:19 // INFO // [MODIFY] // Zoom level changed to 0,08897876643073806, scale set to 10,6361701847476!
11/24/2025 01:19 // INFO // [GANTT] // Gantt chart rendered with 10 items on canvas.
11/24/2025 01:19 // INFO // [GANTT] // Canvas resized to 1627,112130476022x110 to fit all Gantt items.
11/24/2025 01:19 // INFO // [GANTT] // Canvases are ready to be used!
11/24/2025 01:19 // INFO // [GANTT] // Ruler drawn: 141 ticks and 71 labels.
11/24/2025 01:19 // INFO // [MODIFY] // Zoom level changed to 0,12537917087967637, scale set to 10,907943789114443!
11/24/2025 01:19 // INFO // [GANTT] // Gantt chart rendered with 10 items on canvas.
11/24/2025 01:19 // INFO // [GANTT] // Canvas resized to 1657,3761348128182x110 to fit all Gantt items.
11/24/2025 01:19 // INFO // [GANTT] // Canvases are ready to be used!
11/24/2025 01:19 // INFO // [GANTT] // Ruler drawn: 141 ticks and 71 labels.
11/24/2025 01:19 // INFO // [MODIFY] // Zoom level changed to 0,15369059656218395, scale set to 11,124115248662987!
11/24/2025 01:19 // INFO // [GANTT] // Gantt chart rendered with 10 items on canvas.
11/24/2025 01:19 // INFO // [GANTT] // Canvas resized to 1683,7936267847938x110 to fit all Gantt items.
11/24/2025 01:19 // INFO // [GANTT] // Canvases are ready to be used!
11/24/2025 01:19 // INFO // [GANTT] // Ruler drawn: 141 ticks and 71 labels.
11/24/2025 01:19 // INFO // [MODIFY] // Zoom level changed to 0,17795753286147664, scale set to 11,312811619891384!
11/24/2025 01:19 // INFO // [GANTT] // Gantt chart rendered with 10 items on canvas.
11/24/2025 01:19 // INFO // [GANTT] // Canvas resized to 1719,7153275780074x110 to fit all Gantt items.
11/24/2025 01:19 // INFO // [GANTT] // Canvases are ready to be used!
11/24/2025 01:19 // INFO // [GANTT] // Ruler drawn: 141 ticks and 71 labels.
11/24/2025 01:19 // INFO // [MODIFY] // Zoom level changed to 0,21031344792719914, scale set to 11,569395196985766!
11/24/2025 01:19 // INFO // [GANTT] // Gantt chart rendered with 10 items on canvas.
11/24/2025 01:19 // INFO // [GANTT] // Canvas resized to 1747,190268092824x110 to fit all Gantt items.
11/24/2025 01:19 // INFO // [GANTT] // Canvases are ready to be used!
11/24/2025 01:19 // INFO // [GANTT] // Ruler drawn: 141 ticks and 71 labels.
11/24/2025 01:19 // INFO // [MODIFY] // Zoom level changed to 0,23458038422649136, scale set to 11,7656447720916!
11/24/2025 01:19 // INFO // [GANTT] // Gantt chart rendered with 10 items on canvas.
11/24/2025 01:19 // INFO // [GANTT] // Canvas resized to 1770,4417303207404x110 to fit all Gantt items.
11/24/2025 01:19 // INFO // [GANTT] // Canvases are ready to be used!
11/24/2025 01:19 // INFO // [GANTT] // Ruler drawn: 141 ticks and 71 labels.
11/24/2025 01:19 // INFO // [MODIFY] // Zoom level changed to 0,2548028311425682, scale set to 11,931726645148146!
11/24/2025 01:19 // INFO // [GANTT] // Gantt chart rendered with 10 items on canvas.
11/24/2025 01:19 // INFO // [GANTT] // Canvas resized to 1822,7567874963893x110 to fit all Gantt items.
11/24/2025 01:19 // INFO // [GANTT] // Canvases are ready to be used!
11/24/2025 01:19 // INFO // [GANTT] // Ruler drawn: 141 ticks and 71 labels.
11/24/2025 01:19 // INFO // [MODIFY] // Zoom level changed to 0,29929221435793724, scale set to 12,30540562497421!
11/24/2025 01:19 // INFO // [GANTT] // Gantt chart rendered with 10 items on canvas.
11/24/2025 01:19 // INFO // [GANTT] // Canvas resized to 1911,920742998313x110 to fit all Gantt items.
11/24/2025 01:19 // INFO // [GANTT] // Canvases are ready to be used!
11/24/2025 01:19 // INFO // [GANTT] // Ruler drawn: 141 ticks and 71 labels.
11/24/2025 01:19 // INFO // [MODIFY] // Zoom level changed to 0,37209302325581434, scale set to 12,942291021416521!
11/24/2025 01:19 // INFO // [GANTT] // Gantt chart rendered with 10 items on canvas.
11/24/2025 01:19 // INFO // [GANTT] // Canvas resized to 2011,0495016213465x110 to fit all Gantt items.
11/24/2025 01:19 // INFO // [GANTT] // Canvases are ready to be used!
11/24/2025 01:19 // INFO // [GANTT] // Ruler drawn: 141 ticks and 71 labels.
11/24/2025 01:19 // INFO // [MODIFY] // Zoom level changed to 0,4489383215369064, scale set to 13,650353583009618!
11/24/2025 01:19 // INFO // [GANTT] // Gantt chart rendered with 10 items on canvas.
11/24/2025 01:19 // INFO // [GANTT] // Canvas resized to 2121,2600350991415x110 to fit all Gantt items.
11/24/2025 01:19 // INFO // [GANTT] // Canvases are ready to be used!
11/24/2025 01:19 // INFO // [GANTT] // Ruler drawn: 141 ticks and 71 labels.
11/24/2025 01:19 // INFO // [MODIFY] // Zoom level changed to 0,5298281092012133, scale set to 14,437571679279582!
11/24/2025 01:19 // INFO // [GANTT] // Gantt chart rendered with 10 items on canvas.
11/24/2025 01:19 // INFO // [GANTT] // Canvas resized to 2237,826427846493x110 to fit all Gantt items.
11/24/2025 01:19 // INFO // [GANTT] // Canvases are ready to be used!
11/24/2025 01:19 // INFO // [GANTT] // Ruler drawn: 141 ticks and 141 labels.
11/24/2025 01:19 // INFO // [MODIFY] // Zoom level changed to 0,6107178968655207, scale set to 15,270188770332094!
11/24/2025 01:19 // INFO // [GANTT] // Gantt chart rendered with 10 items on canvas.
11/24/2025 01:19 // INFO // [GANTT] // Canvas resized to 2243,8280755784654x110 to fit all Gantt items.
11/24/2025 01:19 // INFO // [GANTT] // Canvases are ready to be used!
11/24/2025 01:19 // INFO // [GANTT] // Ruler drawn: 141 ticks and 141 labels.
11/24/2025 01:19 // INFO // [MODIFY] // Zoom level changed to 0,614762386248736, scale set to 15,313057682703324!
11/24/2025 01:19 // INFO // [GANTT] // Gantt chart rendered with 10 items on canvas.
11/24/2025 01:19 // INFO // [GANTT] // Canvas resized to 2237,826427846493x110 to fit all Gantt items.
11/24/2025 01:19 // INFO // [GANTT] // Canvases are ready to be used!
11/24/2025 01:19 // INFO // [GANTT] // Ruler drawn: 141 ticks and 141 labels.
11/24/2025 01:19 // INFO // [MODIFY] // Zoom level changed to 0,6107178968655207, scale set to 15,270188770332094!
11/24/2025 01:19 // INFO // [GANTT] // Gantt chart rendered with 10 items on canvas.
11/24/2025 01:19 // INFO // [GANTT] // Canvas resized to 2190,414169666681x110 to fit all Gantt items.
11/24/2025 01:19 // INFO // [GANTT] // Canvases are ready to be used!
11/24/2025 01:19 // INFO // [GANTT] // Ruler drawn: 141 ticks and 71 labels.
11/24/2025 01:19 // INFO // [MODIFY] // Zoom level changed to 0,5783619817997977, scale set to 14,931529783333437!
11/24/2025 01:19 // INFO // [GANTT] // Gantt chart rendered with 10 items on canvas.
11/24/2025 01:19 // INFO // [GANTT] // Canvas resized to 2155,5463064480496x110 to fit all Gantt items.
11/24/2025 01:19 // INFO // [GANTT] // Canvases are ready to be used!
11/24/2025 01:19 // INFO // [GANTT] // Ruler drawn: 141 ticks and 71 labels.
11/24/2025 01:19 // INFO // [MODIFY] // Zoom level changed to 0,5540950455005055, scale set to 14,682473617486067!
11/24/2025 01:19 // INFO // [GANTT] // Gantt chart rendered with 10 items on canvas.
11/24/2025 01:19 // INFO // [GANTT] // Canvas resized to 2093,1254102835355x110 to fit all Gantt items.
11/24/2025 01:19 // INFO // [GANTT] // Canvases are ready to be used!
11/24/2025 01:19 // INFO // [GANTT] // Ruler drawn: 141 ticks and 71 labels.
11/24/2025 01:19 // INFO // [MODIFY] // Zoom level changed to 0,5096056622851364, scale set to 14,236610073453825!
11/24/2025 01:19 // INFO // [GANTT] // Gantt chart rendered with 10 items on canvas.
11/24/2025 01:19 // INFO // [GANTT] // Canvas resized to 2043,466291463317x110 to fit all Gantt items.
11/24/2025 01:19 // INFO // [GANTT] // Canvases are ready to be used!
11/24/2025 01:19 // INFO // [GANTT] // Ruler drawn: 141 ticks and 71 labels.
11/24/2025 01:19 // INFO // [MODIFY] // Zoom level changed to 0,47320525783619805, scale set to 13,881902081880837!
11/24/2025 01:19 // INFO // [GANTT] // Gantt chart rendered with 10 items on canvas.
11/24/2025 01:19 // INFO // [GANTT] // Canvas resized to 2000,364510900412x110 to fit all Gantt items.
11/24/2025 01:19 // INFO // [GANTT] // Canvases are ready to be used!
11/24/2025 01:19 // INFO // [GANTT] // Ruler drawn: 141 ticks and 71 labels.
11/24/2025 01:19 // INFO // [MODIFY] // Zoom level changed to 0,44084934277047555, scale set to 13,574032220717228!
11/24/2025 01:19 // INFO // [GANTT] // Gantt chart rendered with 10 items on canvas.
11/24/2025 01:19 // INFO // [GANTT] // Canvas resized to 1932,3534378740655x110 to fit all Gantt items.
11/24/2025 01:19 // INFO // [GANTT] // Canvases are ready to be used!
11/24/2025 01:19 // INFO // [GANTT] // Ruler drawn: 141 ticks and 71 labels.
11/24/2025 01:19 // INFO // [MODIFY] // Zoom level changed to 0,3882709807886753, scale set to 13,088238841957612!
11/24/2025 01:19 // INFO // [GANTT] // Gantt chart rendered with 10 items on canvas.
11/24/2025 01:19 // INFO // [GANTT] // Canvas resized to 1876,7102527395652x110 to fit all Gantt items.
11/24/2025 01:19 // INFO // [GANTT] // Canvases are ready to be used!
11/24/2025 01:19 // INFO // [GANTT] // Ruler drawn: 141 ticks and 71 labels.
11/24/2025 01:19 // INFO // [MODIFY] // Zoom level changed to 0,34378159757330623, scale set to 12,690787519568323!
11/24/2025 01:19 // INFO // [GANTT] // Gantt chart rendered with 10 items on canvas.
11/24/2025 01:19 // INFO // [GANTT] // Canvas resized to 1827,5931854526223x110 to fit all Gantt items.
11/24/2025 01:19 // INFO // [GANTT] // Canvases are ready to be used!
11/24/2025 01:19 // INFO // [GANTT] // Ruler drawn: 141 ticks and 71 labels.
11/24/2025 01:19 // INFO // [MODIFY] // Zoom level changed to 0,3033367037411525, scale set to 12,339951324661588!
11/24/2025 01:19 // INFO // [GANTT] // Gantt chart rendered with 10 items on canvas.
11/24/2025 01:19 // INFO // [GANTT] // Canvas resized to 1784,549855200169x110 to fit all Gantt items.
11/24/2025 01:19 // INFO // [GANTT] // Canvases are ready to be used!
11/24/2025 01:19 // INFO // [GANTT] // Ruler drawn: 141 ticks and 71 labels.
11/24/2025 01:19 // INFO // [MODIFY] // Zoom level changed to 0,26693629929221463, scale set to 12,032498965715494!
11/24/2025 01:19 // INFO // [GANTT] // Gantt chart rendered with 10 items on canvas.
11/24/2025 01:19 // INFO // [GANTT] // Canvas resized to 1697,1699438776575x110 to fit all Gantt items.
11/24/2025 01:19 // INFO // [GANTT] // Canvases are ready to be used!
11/24/2025 01:19 // INFO // [GANTT] // Ruler drawn: 141 ticks and 71 labels.
11/24/2025 01:19 // INFO // [MODIFY] // Zoom level changed to 0,1900910010111226, scale set to 11,408356741983267!
11/24/2025 01:19 // INFO // [GANTT] // Gantt chart rendered with 10 items on canvas.
11/24/2025 01:19 // INFO // [GANTT] // Canvas resized to 1644,3330913395994x110 to fit all Gantt items.
11/24/2025 01:19 // INFO // [GANTT] // Canvases are ready to be used!
11/24/2025 01:19 // INFO // [GANTT] // Ruler drawn: 141 ticks and 71 labels.
11/24/2025 01:19 // INFO // [MODIFY] // Zoom level changed to 0,14155712841253817, scale set to 11,03095065242571!
11/24/2025 01:19 // INFO // [GANTT] // Gantt chart rendered with 10 items on canvas.
11/24/2025 01:19 // INFO // [GANTT] // Canvas resized to 1589,0638258646643x110 to fit all Gantt items.
11/24/2025 01:19 // INFO // [GANTT] // Canvases are ready to be used!
11/24/2025 01:19 // INFO // [GANTT] // Ruler drawn: 141 ticks and 71 labels.
11/24/2025 01:19 // INFO // [MODIFY] // Zoom level changed to 0,08897876643073838, scale set to 10,636170184747602!
11/24/2025 01:19 // INFO // [GANTT] // Gantt chart rendered with 10 items on canvas.
11/24/2025 01:19 // INFO // [GANTT] // Canvas resized to 1535,7725609410797x110 to fit all Gantt items.
11/24/2025 01:19 // INFO // [GANTT] // Canvases are ready to be used!
11/24/2025 01:19 // INFO // [GANTT] // Ruler drawn: 141 ticks and 71 labels.
11/24/2025 01:19 // INFO // [MODIFY] // Zoom level changed to 0,03640040444893811, scale set to 10,255518292436284!
11/24/2025 01:19 // INFO // [GANTT] // Gantt chart rendered with 10 items on canvas.
11/24/2025 01:19 // INFO // [GANTT] // Canvas resized to 1523,7479488313913x110 to fit all Gantt items.
11/24/2025 01:19 // INFO // [GANTT] // Canvases are ready to be used!
11/24/2025 01:19 // INFO // [GANTT] // Ruler drawn: 141 ticks and 71 labels.
11/24/2025 01:19 // INFO // [MODIFY] // Zoom level changed to 0,024266936299292004, scale set to 10,16962820593851!
11/24/2025 01:19 // INFO // [GANTT] // Gantt chart rendered with 10 items on canvas.
11/24/2025 01:19 // INFO // [GANTT] // Canvas resized to 1515,7875408936034x110 to fit all Gantt items.
11/24/2025 01:19 // INFO // [GANTT] // Canvases are ready to be used!
11/24/2025 01:19 // INFO // [GANTT] // Ruler drawn: 141 ticks and 71 labels.
11/24/2025 01:19 // INFO // [MODIFY] // Zoom level changed to 0,016177957532861265, scale set to 10,112768149240024!
11/24/2025 01:19 // INFO // [GANTT] // Gantt chart rendered with 10 items on canvas.
11/24/2025 01:19 // INFO // [GANTT] // Canvas resized to 1511,8240429897585x110 to fit all Gantt items.
11/24/2025 01:19 // INFO // [GANTT] // Canvases are ready to be used!
11/24/2025 01:19 // INFO // [GANTT] // Ruler drawn: 141 ticks and 71 labels.
11/24/2025 01:19 // INFO // [MODIFY] // Zoom level changed to 0,012133468149645896, scale set to 10,084457449926846!
11/24/2025 01:19 // INFO // [GANTT] // Gantt chart rendered with 10 items on canvas.
11/24/2025 01:19 // INFO // [GANTT] // Canvas resized to 1503,9303035622142x110 to fit all Gantt items.
11/24/2025 01:19 // INFO // [GANTT] // Canvases are ready to be used!
11/24/2025 01:19 // INFO // [GANTT] // Ruler drawn: 141 ticks and 71 labels.
11/24/2025 01:19 // INFO // [MODIFY] // Zoom level changed to 0,004044489383215158, scale set to 10,028073596872959!
11/24/2025 01:19 // INFO // [GANTT] // Gantt chart rendered with 10 items on canvas.
11/24/2025 01:19 // INFO // [GANTT] // Canvas resized to 1496,0806993245042x110 to fit all Gantt items.
11/24/2025 01:19 // INFO // [GANTT] // Canvases are ready to be used!
11/24/2025 01:19 // INFO // [GANTT] // Ruler drawn: 141 ticks and 71 labels.
11/24/2025 01:19 // INFO // [MODIFY] // Zoom level changed to -0,004044489383215581, scale set to 9,97200499517503!
11/24/2025 01:19 // INFO // [GANTT] // Gantt chart rendered with 10 items on canvas.
11/24/2025 01:19 // INFO // [GANTT] // Canvas resized to 1484,388507023381x110 to fit all Gantt items.
11/24/2025 01:19 // INFO // [GANTT] // Canvases are ready to be used!
11/24/2025 01:19 // INFO // [GANTT] // Ruler drawn: 141 ticks and 71 labels.
11/24/2025 01:19 // INFO // [MODIFY] // Zoom level changed to -0,01617795753286169, scale set to 9,888489335881292!
11/24/2025 01:19 // INFO // [GANTT] // Gantt chart rendered with 10 items on canvas.
11/24/2025 01:19 // INFO // [GANTT] // Canvas resized to 1476,648164170324x110 to fit all Gantt items.
11/24/2025 01:19 // INFO // [GANTT] // Canvases are ready to be used!
11/24/2025 01:19 // INFO // [GANTT] // Ruler drawn: 141 ticks and 71 labels.
11/24/2025 01:19 // INFO // [MODIFY] // Zoom level changed to -0,024266936299292427, scale set to 9,833201172645172!
11/24/2025 01:19 // INFO // [GANTT] // Gantt chart rendered with 10 items on canvas.
11/24/2025 01:19 // INFO // [GANTT] // Canvas resized to 1461,297069065881x110 to fit all Gantt items.
11/24/2025 01:19 // INFO // [GANTT] // Canvases are ready to be used!
11/24/2025 01:19 // INFO // [GANTT] // Ruler drawn: 141 ticks and 71 labels.
11/24/2025 01:19 // INFO // [MODIFY] // Zoom level changed to -0,040444893832153904, scale set to 9,723550493327721!
11/24/2025 01:19 // INFO // [GANTT] // Gantt chart rendered with 10 items on canvas.
11/24/2025 01:19 // INFO // [GANTT] // Canvas resized to 1453,6858342239454x110 to fit all Gantt items.
11/24/2025 01:19 // INFO // [GANTT] // Canvases are ready to be used!
11/24/2025 01:19 // INFO // [GANTT] // Ruler drawn: 141 ticks and 71 labels.
11/24/2025 01:19 // INFO // [MODIFY] // Zoom level changed to -0,048533872598584646, scale set to 9,669184530171039!
11/24/2025 01:19 // INFO // [GANTT] // Gantt chart rendered with 10 items on canvas.
11/24/2025 01:19 // INFO // [GANTT] // Canvas resized to 1446,1171550424426x110 to fit all Gantt items.
11/24/2025 01:19 // INFO // [GANTT] // Canvases are ready to be used!
11/24/2025 01:19 // INFO // [GANTT] // Ruler drawn: 141 ticks and 71 labels.
11/24/2025 01:19 // INFO // [MODIFY] // Zoom level changed to -0,05662285136501538, scale set to 9,615122536017447!
11/24/2025 01:19 // INFO // [GANTT] // Gantt chart rendered with 10 items on canvas.
11/24/2025 01:19 // INFO // [GANTT] // Canvas resized to 1434,8434080131967x110 to fit all Gantt items.
11/24/2025 01:19 // INFO // [GANTT] // Canvases are ready to be used!
11/24/2025 01:19 // INFO // [GANTT] // Ruler drawn: 141 ticks and 71 labels.
11/24/2025 01:19 // INFO // [MODIFY] // Zoom level changed to -0,06875631951466149, scale set to 9,534595771522834!
11/24/2025 01:19 // INFO // [GANTT] // Gantt chart rendered with 10 items on canvas.
11/24/2025 01:19 // INFO // [GANTT] // Canvas resized to 1423,664078748113x110 to fit all Gantt items.
11/24/2025 01:19 // INFO // [GANTT] // Canvases are ready to be used!
11/24/2025 01:19 // INFO // [GANTT] // Ruler drawn: 141 ticks and 71 labels.
11/24/2025 01:19 // INFO // [MODIFY] // Zoom level changed to -0,0808897876643076, scale set to 9,454743419629379!
11/24/2025 01:19 // INFO // [GANTT] // Gantt chart rendered with 10 items on canvas.
11/24/2025 01:19 // INFO // [GANTT] // Canvas resized to 1390,6847230961991x110 to fit all Gantt items.
11/24/2025 01:19 // INFO // [GANTT] // Canvases are ready to be used!
11/24/2025 01:19 // INFO // [GANTT] // Ruler drawn: 141 ticks and 71 labels.
11/24/2025 01:19 // INFO // [MODIFY] // Zoom level changed to -0,11729019211324593, scale set to 9,21917659354428!
11/24/2025 01:19 // INFO // [GANTT] // Gantt chart rendered with 10 items on canvas.
11/24/2025 01:19 // INFO // [GANTT] // Canvas resized to 1369,1562532664755x110 to fit all Gantt items.
11/24/2025 01:19 // INFO // [GANTT] // Canvases are ready to be used!
11/24/2025 01:19 // INFO // [GANTT] // Ruler drawn: 141 ticks and 71 labels.
11/24/2025 01:19 // INFO // [MODIFY] // Zoom level changed to -0,14155712841253815, scale set to 9,065401809046254!
11/24/2025 01:19 // INFO // [GANTT] // Gantt chart rendered with 10 items on canvas.
11/24/2025 01:19 // INFO // [GANTT] // Canvas resized to 1358,5270546961176x110 to fit all Gantt items.
11/24/2025 01:19 // INFO // [GANTT] // Canvases are ready to be used!
11/24/2025 01:19 // INFO // [GANTT] // Ruler drawn: 141 ticks and 71 labels.
11/24/2025 01:19 // INFO // [MODIFY] // Zoom level changed to -0,15369059656218426, scale set to 8,989478962115125!
11/24/2025 01:19 // INFO // [GANTT] // Gantt chart rendered with 10 items on canvas.
11/24/2025 01:19 // INFO // [GANTT] // Canvas resized to 1347,9868757889863x110 to fit all Gantt items.
11/24/2025 01:19 // INFO // [GANTT] // Canvases are ready to be used!
11/24/2025 01:19 // INFO // [GANTT] // Ruler drawn: 141 ticks and 71 labels.
11/24/2025 01:19 // INFO // [MODIFY] // Zoom level changed to -0,16582406471183037, scale set to 8,91419196992133!
11/24/2025 01:19 // INFO // [GANTT] // Gantt chart rendered with 10 items on canvas.
11/24/2025 01:19 // INFO // [GANTT] // Canvas resized to 1344,4931359280652x110 to fit all Gantt items.
11/24/2025 01:19 // INFO // [GANTT] // Canvases are ready to be used!
11/24/2025 01:19 // INFO // [GANTT] // Ruler drawn: 141 ticks and 71 labels.
11/24/2025 01:19 // INFO // [MODIFY] // Zoom level changed to -0,16986855409504573, scale set to 8,889236685200466!
11/24/2025 01:19 // INFO // [GANTT] // Gantt chart rendered with 10 items on canvas.
11/24/2025 01:19 // INFO // [GANTT] // Canvas resized to 1341,0091767935705x110 to fit all Gantt items.
11/24/2025 01:19 // INFO // [GANTT] // Canvases are ready to be used!
11/24/2025 01:19 // INFO // [GANTT] // Ruler drawn: 141 ticks and 71 labels.
11/24/2025 01:19 // INFO // [MODIFY] // Zoom level changed to -0,1739130434782611, scale set to 8,864351262811217!
11/24/2025 01:19 // INFO // [GANTT] // Gantt chart rendered with 10 items on canvas.
11/24/2025 01:19 // INFO // [GANTT] // Canvas resized to 1337,5349710043538x110 to fit all Gantt items.
11/24/2025 01:19 // INFO // [GANTT] // Canvases are ready to be used!
11/24/2025 01:19 // INFO // [GANTT] // Ruler drawn: 141 ticks and 71 labels.
11/24/2025 01:19 // INFO // [MODIFY] // Zoom level changed to -0,17795753286147645, scale set to 8,839535507173956!
11/24/2025 01:19 // INFO // [GANTT] // Gantt chart rendered with 10 items on canvas.
11/24/2025 01:19 // INFO // [GANTT] // Canvas resized to 1330,615710320214x110 to fit all Gantt items.
11/24/2025 01:19 // INFO // [GANTT] // Canvases are ready to be used!
11/24/2025 01:19 // INFO // [GANTT] // Ruler drawn: 141 ticks and 71 labels.
11/24/2025 01:19 // INFO // [MODIFY] // Zoom level changed to -0,1860465116279072, scale set to 8,790112216572957!
11/24/2025 01:19 // INFO // [GANTT] // Gantt chart rendered with 10 items on canvas.
11/24/2025 01:19 // INFO // [GANTT] // Canvas resized to 1327,1706010454045x110 to fit all Gantt items.
11/24/2025 01:19 // INFO // [GANTT] // Canvases are ready to be used!
11/24/2025 01:19 // INFO // [GANTT] // Ruler drawn: 141 ticks and 71 labels.
11/24/2025 01:19 // INFO // [MODIFY] // Zoom level changed to -0,19009100101112256, scale set to 8,765504293181461!
11/24/2025 01:19 // INFO // [GANTT] // Gantt chart rendered with 10 items on canvas.
11/24/2025 01:19 // INFO // [GANTT] // Canvas resized to 1323,735136355672x110 to fit all Gantt items.
11/24/2025 01:19 // INFO // [GANTT] // Canvases are ready to be used!
11/24/2025 01:19 // INFO // [GANTT] // Ruler drawn: 141 ticks and 71 labels.
11/24/2025 01:19 // INFO // [MODIFY] // Zoom level changed to -0,19413549039433792, scale set to 8,740965259683371!
11/24/2025 01:19 // INFO // [GANTT] // Gantt chart rendered with 10 items on canvas.
11/24/2025 01:19 // INFO // [GANTT] // Canvas resized to 1316,8930328069423x110 to fit all Gantt items.
11/24/2025 01:19 // INFO // [GANTT] // Canvases are ready to be used!
11/24/2025 01:19 // INFO // [GANTT] // Ruler drawn: 141 ticks and 71 labels.
11/24/2025 01:19 // INFO // [MODIFY] // Zoom level changed to -0,20222446916076867, scale set to 8,69209309147816!
11/24/2025 01:19 // INFO // [GANTT] // Gantt chart rendered with 10 items on canvas.
11/24/2025 01:19 // INFO // [GANTT] // Canvas resized to 1310,0891845796305x110 to fit all Gantt items.
11/24/2025 01:19 // INFO // [GANTT] // Canvases are ready to be used!
11/24/2025 01:19 // INFO // [GANTT] // Ruler drawn: 141 ticks and 71 labels.
11/24/2025 01:19 // INFO // [MODIFY] // Zoom level changed to -0,21031344792719942, scale set to 8,643494175568788!
11/24/2025 01:19 // INFO // [GANTT] // Gantt chart rendered with 10 items on canvas.
11/24/2025 01:19 // INFO // [GANTT] // Canvas resized to 1306,7015393235354x110 to fit all Gantt items.
11/24/2025 01:19 // INFO // [GANTT] // Canvases are ready to be used!
11/24/2025 01:19 // INFO // [GANTT] // Ruler drawn: 141 ticks and 71 labels.
11/24/2025 01:19 // INFO // [MODIFY] // Zoom level changed to -0,21435793731041478, scale set to 8,619296709453824!
11/24/2025 01:19 // INFO // [GANTT] // Gantt chart rendered with 10 items on canvas.
11/24/2025 01:19 // INFO // [GANTT] // Canvas resized to 1296,5953997180966x110 to fit all Gantt items.
11/24/2025 01:19 // INFO // [GANTT] // Canvases are ready to be used!
11/24/2025 01:19 // INFO // [GANTT] // Ruler drawn: 141 ticks and 71 labels.
11/24/2025 01:19 // INFO // [MODIFY] // Zoom level changed to -0,22649140546006089, scale set to 8,547109997986404!
11/24/2025 01:19 // INFO // [GANTT] // Gantt chart rendered with 10 items on canvas.
11/24/2025 01:19 // INFO // [GANTT] // Canvas resized to 1283,2520849477012x110 to fit all Gantt items.
11/24/2025 01:19 // INFO // [GANTT] // Canvases are ready to be used!
11/24/2025 01:19 // INFO // [GANTT] // Ruler drawn: 141 ticks and 71 labels.
11/24/2025 01:19 // INFO // [MODIFY] // Zoom level changed to -0,24266936299292236, scale set to 8,451800606769295!
11/24/2025 01:19 // INFO // [GANTT] // Gantt chart rendered with 10 items on canvas.
11/24/2025 01:19 // INFO // [GANTT] // Canvas resized to 1250,5411394324276x110 to fit all Gantt items.
11/24/2025 01:19 // INFO // [GANTT] // Canvases are ready to be used!
11/24/2025 01:19 // INFO // [GANTT] // Ruler drawn: 141 ticks and 71 labels.
11/24/2025 01:19 // INFO // [MODIFY] // Zoom level changed to -0,28311425682507607, scale set to 8,218150995945912!
11/24/2025 01:19 // INFO // [GANTT] // Gantt chart rendered with 10 items on canvas.
11/24/2025 01:19 // INFO // [GANTT] // Canvas resized to 1231,3502481443466x110 to fit all Gantt items.
11/24/2025 01:19 // INFO // [GANTT] // Canvases are ready to be used!
11/24/2025 01:19 // INFO // [GANTT] // Ruler drawn: 141 ticks and 71 labels.
11/24/2025 01:19 // INFO // [MODIFY] // Zoom level changed to -0,30738119312436785, scale set to 8,081073201031046!
11/24/2025 01:19 // INFO // [GANTT] // Gantt chart rendered with 10 items on canvas.
11/24/2025 01:19 // INFO // [GANTT] // Canvas resized to 1225,0246836347442x110 to fit all Gantt items.
11/24/2025 01:19 // INFO // [GANTT] // Canvases are ready to be used!
11/24/2025 01:19 // INFO // [GANTT] // Ruler drawn: 141 ticks and 71 labels.
11/24/2025 01:19 // INFO // [MODIFY] // Zoom level changed to -0,31547017189079857, scale set to 8,03589059739103!
11/24/2025 01:19 // INFO // [GANTT] // Gantt chart rendered with 10 items on canvas.
11/24/2025 01:19 // INFO // [GANTT] // Canvas resized to 1221,8751764900878x110 to fit all Gantt items.
11/24/2025 01:19 // INFO // [GANTT] // Canvases are ready to be used!
11/24/2025 01:19 // INFO // [GANTT] // Ruler drawn: 141 ticks and 71 labels.
11/24/2025 01:19 // INFO // [MODIFY] // Zoom level changed to -0,31951466127401396, scale set to 8,013394117786342!
11/24/2025 01:19 // INFO // [GANTT] // Gantt chart rendered with 10 items on canvas.
11/24/2025 01:19 // INFO // [GANTT] // Canvas resized to 1218,7344863922024x110 to fit all Gantt items.
11/24/2025 01:19 // INFO // [GANTT] // Canvases are ready to be used!
11/24/2025 01:19 // INFO // [GANTT] // Ruler drawn: 141 ticks and 71 labels.
11/24/2025 01:19 // INFO // [MODIFY] // Zoom level changed to -0,32355915065722934, scale set to 7,99096061708716!
11/24/2025 01:19 // INFO // [GANTT] // Gantt chart rendered with 10 items on canvas.
11/24/2025 01:19 // INFO // [GANTT] // Canvas resized to 1215,6025886577615x110 to fit all Gantt items.
11/24/2025 01:19 // INFO // [GANTT] // Canvases are ready to be used!
11/24/2025 01:19 // INFO // [GANTT] // Ruler drawn: 141 ticks and 71 labels.
11/24/2025 01:19 // INFO // [MODIFY] // Zoom level changed to -0,32760364004044473, scale set to 7,968589918984011!
11/24/2025 01:19 // INFO // [GANTT] // Gantt chart rendered with 10 items on canvas.
11/24/2025 01:19 // INFO // [GANTT] // Canvas resized to 1212,4794586725395x110 to fit all Gantt items.
11/24/2025 01:19 // INFO // [GANTT] // Canvases are ready to be used!
11/24/2025 01:19 // INFO // [GANTT] // Ruler drawn: 141 ticks and 71 labels.
11/24/2025 01:19 // INFO // [MODIFY] // Zoom level changed to -0,3316481294236601, scale set to 7,946281847660996!
11/24/2025 01:19 // INFO // [GANTT] // Gantt chart rendered with 10 items on canvas.
11/24/2025 01:19 // INFO // [GANTT] // Canvas resized to 1209,365071891218x110 to fit all Gantt items.
11/24/2025 01:19 // INFO // [GANTT] // Canvases are ready to be used!
11/24/2025 01:19 // INFO // [GANTT] // Ruler drawn: 141 ticks and 71 labels.
11/24/2025 01:19 // INFO // [MODIFY] // Zoom level changed to -0,3356926188068755, scale set to 7,924036227794414!
11/24/2025 01:19 // INFO // [GANTT] // Gantt chart rendered with 10 items on canvas.
11/24/2025 01:19 // INFO // [GANTT] // Canvas resized to 1203,1624301023842x110 to fit all Gantt items.
11/24/2025 01:19 // INFO // [GANTT] // Canvases are ready to be used!
11/24/2025 01:19 // INFO // [GANTT] // Ruler drawn: 141 ticks and 71 labels.
11/24/2025 01:19 // INFO // [MODIFY] // Zoom level changed to -0,34378159757330623, scale set to 7,879731643588458!
11/24/2025 01:19 // INFO // [GANTT] // Gantt chart rendered with 10 items on canvas.
11/24/2025 01:19 // INFO // [GANTT] // Canvas resized to 1196,9944682995492x110 to fit all Gantt items.
11/24/2025 01:19 // INFO // [GANTT] // Canvases are ready to be used!
11/24/2025 01:19 // INFO // [GANTT] // Ruler drawn: 141 ticks and 71 labels.
11/24/2025 01:19 // INFO // [MODIFY] // Zoom level changed to -0,35187057633973695, scale set to 7,835674773568209!
11/24/2025 01:19 // INFO // [GANTT] // Gantt chart rendered with 10 items on canvas.
11/24/2025 01:19 // INFO // [GANTT] // Canvas resized to 1190,860992581232x110 to fit all Gantt items.
11/24/2025 01:19 // INFO // [GANTT] // Canvases are ready to be used!
11/24/2025 01:19 // INFO // [GANTT] // Ruler drawn: 141 ticks and 71 labels.
11/24/2025 01:19 // INFO // [MODIFY] // Zoom level changed to -0,3599595551061677, scale set to 7,791864232723086!
11/24/2025 01:25 // INFO // [CLEAR] // SGraphCanvas has been cleared!
11/24/2025 01:25 // INFO // [CLEAR] // GanttCanvas has been cleared!
11/24/2025 01:25 // INFO // [CLEAR] // RulerCanvas has been cleared!
11/24/2025 01:25 // INFO // [CLEAR] // FixedLabelCanvas has been cleared!
11/24/2025 01:25 // INFO // [CLEAR] // S-Graph nodes cleared!
11/24/2025 01:25 // INFO // [CLEAR] // S-Graph edges cleared!
11/24/2025 01:25 // INFO // [CLEAR] // Master Recipe Table datatable purged!
11/24/2025 01:25 // INFO // [CLEAR] // Recipe Elements Table datatable purged!
11/24/2025 01:25 // INFO // [CLEAR] // Steps Table datatable purged!
11/24/2025 01:25 // INFO // [CLEAR] // Master Recipe Table tab removed!
11/24/2025 01:25 // INFO // [CLEAR] // Recipe Elements Table tab removed!
11/24/2025 01:25 // INFO // [CLEAR] // Steps Table tab removed!
11/24/2025 01:25 // INFO // [CONSTRAINT] // Saving and closing are disabled for as long as there are no files opened.
11/24/2025 01:25 // INFO // [CLOSE] // BatchML file closed and all data cleared!
11/24/2025 01:36 // INFO // [EXITUS] // Shutting down...
