11/27/2025 06:30 // INFO // [INITIALIZATION] // Beginning initialization...
11/27/2025 06:30 // INFO // [INITIALIZATION] // Johnson's Rule solver added!
11/27/2025 06:30 // INFO // [INITIALIZATION] // List Scheduling solver added!
11/27/2025 06:30 // INFO // [INITIALIZATION] // Solver menu successfully built!
11/27/2025 06:30 // INFO // [CONSTRAINT] // Saving and closing are disabled for as long as there are no files opened.
11/27/2025 06:30 // INFO // [INITIALIZATION] // Initialization complete!
11/27/2025 06:31 // INFO // [INITIALIZATION] // "About" window opened!
11/27/2025 06:31 // INFO // [MODIFY] // YOKAI colors inverted.
11/27/2025 06:31 // INFO // [MODIFY] // YOKAI colors inverted.
11/27/2025 06:31 // INFO // [CLOSE] // About window closed.
11/27/2025 06:31 // INFO // [INITIALIZATION] // New "User Guide" window opened!
11/27/2025 06:39 // INFO // [EXTERN_SOLVER] // Custom deterministic solver "Campbell-Dudek-Smith" added with path: C:\Users\Phant0m\Desktop\LIPX05_THESIS_SOLVERS\CDS\net9.0\Y0KAI_CDS.exe
11/27/2025 06:39 // INFO // [INITIALIZATION] // Johnson's Rule solver added!
11/27/2025 06:39 // INFO // [INITIALIZATION] // List Scheduling solver added!
11/27/2025 06:39 // INFO // [INITIALIZATION] // {cs.Name} ({cs.TypeID} type) solver added!
11/27/2025 06:39 // INFO // [INITIALIZATION] // Solver menu successfully built!
11/27/2025 06:40 // INFO // [EXTERN_SOLVER] // Custom deterministic solver "Branch and Bound" added with path: C:\Users\Phant0m\Desktop\LIPX05_THESIS_SOLVERS\BnB\net9.0\Y0KAI_BnB.exe
11/27/2025 06:40 // INFO // [INITIALIZATION] // Johnson's Rule solver added!
11/27/2025 06:40 // INFO // [INITIALIZATION] // List Scheduling solver added!
11/27/2025 06:40 // INFO // [INITIALIZATION] // {cs.Name} ({cs.TypeID} type) solver added!
11/27/2025 06:40 // INFO // [INITIALIZATION] // {cs.Name} ({cs.TypeID} type) solver added!
11/27/2025 06:40 // INFO // [INITIALIZATION] // Solver menu successfully built!
11/27/2025 06:40 // WARNING // [S_GRAPH] // User tried to draw a graph with no BatchML file loaded!
11/27/2025 06:40 // INFO // [S_GRAPH] // Node J1_M1 at 100;50
11/27/2025 06:40 // INFO // [S_GRAPH] // Node J1_M2 at 400;50
11/27/2025 06:40 // INFO // [S_GRAPH] // Node P1 at 700;50
11/27/2025 06:40 // INFO // [S_GRAPH] // Node J2_M1 at 100;200
11/27/2025 06:40 // INFO // [S_GRAPH] // Node J2_M2 at 400;200
11/27/2025 06:40 // INFO // [S_GRAPH] // Node P2 at 700;200
11/27/2025 06:40 // INFO // [S_GRAPH] // Node J3_M1 at 100;350
11/27/2025 06:40 // INFO // [S_GRAPH] // Node J3_M2 at 400;350
11/27/2025 06:40 // INFO // [S_GRAPH] // Node P3 at 700;350
11/27/2025 06:40 // INFO // [S_GRAPH] // Curve value of edge (J1_M1 to J1_M2) set to 25,00
11/27/2025 06:40 // INFO // [S_GRAPH] // Edge drawn from (170,0;85,0) to (400,0;85,0)!
11/27/2025 06:40 // INFO // [S_GRAPH] // Weight 33 drawn at (285;97,5)!
11/27/2025 06:40 // INFO // [S_GRAPH] // Edge from J1_M1 to J1_M2 with cost 0 drawn.
11/27/2025 06:40 // INFO // [S_GRAPH] // Edge drawn from (470,0;85,0) to (700,0;85,0)!
11/27/2025 06:40 // INFO // [S_GRAPH] // Weight 1 drawn at (585;85)!
11/27/2025 06:40 // INFO // [S_GRAPH] // Edge from J1_M2 to P1 with cost 0 drawn.
11/27/2025 06:40 // INFO // [S_GRAPH] // Curve value of edge (J2_M1 to J2_M2) set to 25,00
11/27/2025 06:40 // INFO // [S_GRAPH] // Edge drawn from (170,0;235,0) to (400,0;235,0)!
11/27/2025 06:40 // INFO // [S_GRAPH] // Weight 21 drawn at (285;247,5)!
11/27/2025 06:40 // INFO // [S_GRAPH] // Edge from J2_M1 to J2_M2 with cost 0 drawn.
11/27/2025 06:40 // INFO // [S_GRAPH] // Edge drawn from (470,0;235,0) to (700,0;235,0)!
11/27/2025 06:40 // INFO // [S_GRAPH] // Weight 49 drawn at (585;235)!
11/27/2025 06:40 // INFO // [S_GRAPH] // Edge from J2_M2 to P2 with cost 0 drawn.
11/27/2025 06:40 // INFO // [S_GRAPH] // Curve value of edge (J3_M1 to J3_M2) set to 25,00
11/27/2025 06:40 // INFO // [S_GRAPH] // Edge drawn from (170,0;385,0) to (400,0;385,0)!
11/27/2025 06:40 // INFO // [S_GRAPH] // Weight 9 drawn at (285;397,5)!
11/27/2025 06:40 // INFO // [S_GRAPH] // Edge from J3_M1 to J3_M2 with cost 0 drawn.
11/27/2025 06:40 // INFO // [S_GRAPH] // Edge drawn from (470,0;385,0) to (700,0;385,0)!
11/27/2025 06:40 // INFO // [S_GRAPH] // Weight 36 drawn at (585;385)!
11/27/2025 06:40 // INFO // [S_GRAPH] // Edge from J3_M2 to P3 with cost 0 drawn.
11/27/2025 06:40 // INFO // [S_GRAPH] // Canvas resized to 820x470!
11/27/2025 06:40 // INFO // [CONSTRAINT] // Saving and closing are disabled for as long as there are no files opened.
11/27/2025 06:40 // INFO // [INITIALIZATION] // Johnson's Rule solver enabled!
11/27/2025 06:40 // INFO // [INITIALIZATION] // List Scheduling solver enabled!
11/27/2025 06:40 // INFO // [INITIALIZATION] // Campbell-Dudek-Smith solver enabled!
11/27/2025 06:40 // INFO // [INITIALIZATION] // Branch and Bound solver enabled!
11/27/2025 06:40 // INFO // [INITIALIZATION] //  solver enabled!
11/27/2025 06:40 // INFO // [CONSTRAINT] // Saving and closing are disabled for as long as there are no files opened.
11/27/2025 06:40 // INFO // [EXTERN_SOLVER] // Campbell-Dudek-Smith custom solver selected!
11/27/2025 06:40 // INFO // [S_GRAPH] // C:\Users\Phant0m\Desktop\THESIS_LIPX05\Thesis_LIPX05\bin\x64\Release\net9.0-windows\SolverTemp successfully discovered!
11/27/2025 06:40 // INFO // [S_GRAPH] // SGraph saved to C:\Users\Phant0m\Desktop\THESIS_LIPX05\Thesis_LIPX05\bin\x64\Release\net9.0-windows\SolverTemp\SGraph_b79aeac5-983d-4c46-a3db-aeafff936362.xml!
11/27/2025 06:40 // INFO // [Campbell-Dudek-Smith] // Deterministic solver selected; skipping numeric parameter gathering...
11/27/2025 06:40 // INFO // [LOAD] // Loading solution from C:\Users\Phant0m\Desktop\THESIS_LIPX05\Thesis_LIPX05\bin\x64\Release\net9.0-windows\SolverTemp\CampbellDudekSmith_Solution.txt...
11/27/2025 06:40 // INFO // [LOAD] // Node J2_M1 added to solution path from file.
11/27/2025 06:40 // INFO // [LOAD] // Node J2_M2 added to solution path from file.
11/27/2025 06:40 // INFO // [LOAD] // Node J3_M1 added to solution path from file.
11/27/2025 06:40 // INFO // [LOAD] // Node J3_M2 added to solution path from file.
11/27/2025 06:40 // INFO // [LOAD] // Node J1_M1 added to solution path from file.
11/27/2025 06:40 // INFO // [LOAD] // Node J1_M2 added to solution path from file.
11/27/2025 06:40 // INFO // [LOAD] // Total of 6 nodes loaded from solution file.
11/27/2025 06:40 // INFO // [S_GRAPH] // Node J1_M1 at 100;50
11/27/2025 06:40 // INFO // [S_GRAPH] // Node J1_M2 at 400;50
11/27/2025 06:40 // INFO // [S_GRAPH] // Node P1 at 700;50
11/27/2025 06:40 // INFO // [S_GRAPH] // Node J2_M1 at 100;200
11/27/2025 06:40 // INFO // [S_GRAPH] // Node J2_M2 at 400;200
11/27/2025 06:40 // INFO // [S_GRAPH] // Node P2 at 700;200
11/27/2025 06:40 // INFO // [S_GRAPH] // Node J3_M1 at 100;350
11/27/2025 06:40 // INFO // [S_GRAPH] // Node J3_M2 at 400;350
11/27/2025 06:40 // INFO // [S_GRAPH] // Node P3 at 700;350
11/27/2025 06:40 // INFO // [S_GRAPH] // Curve value of edge (J1_M1 to J1_M2) set to 25,00
11/27/2025 06:40 // INFO // [S_GRAPH] // Edge drawn from (170,0;85,0) to (400,0;85,0)!
11/27/2025 06:40 // INFO // [S_GRAPH] // Weight 33 drawn at (285;97,5)!
11/27/2025 06:40 // INFO // [S_GRAPH] // Edge from J1_M1 to J1_M2 with cost 0 drawn.
11/27/2025 06:40 // INFO // [S_GRAPH] // Curve value of edge (J2_M1 to J2_M2) set to 25,00
11/27/2025 06:40 // INFO // [S_GRAPH] // Edge drawn from (170,0;235,0) to (400,0;235,0)!
11/27/2025 06:40 // INFO // [S_GRAPH] // Weight 21 drawn at (285;247,5)!
11/27/2025 06:40 // INFO // [S_GRAPH] // Edge from J2_M1 to J2_M2 with cost 0 drawn.
11/27/2025 06:40 // INFO // [S_GRAPH] // Curve value of edge (J3_M1 to J3_M2) set to 25,00
11/27/2025 06:40 // INFO // [S_GRAPH] // Edge drawn from (170,0;385,0) to (400,0;385,0)!
11/27/2025 06:40 // INFO // [S_GRAPH] // Weight 9 drawn at (285;397,5)!
11/27/2025 06:40 // INFO // [S_GRAPH] // Edge from J3_M1 to J3_M2 with cost 0 drawn.
11/27/2025 06:40 // INFO // [S_GRAPH] // Curve value of edge (J2_M1 to J3_M1) set to -25,00
11/27/2025 06:40 // INFO // [S_GRAPH] // Edge drawn from (135,0;270,0) to (135,0;350,0)!
11/27/2025 06:40 // INFO // [S_GRAPH] // Weight 21 drawn at (147,5;310)!
11/27/2025 06:40 // INFO // [S_GRAPH] // Edge from J2_M1 to J3_M1 with cost 0 drawn.
11/27/2025 06:40 // INFO // [S_GRAPH] // Curve value of edge (J2_M2 to J3_M2) set to -25,00
11/27/2025 06:40 // INFO // [S_GRAPH] // Edge drawn from (435,0;270,0) to (435,0;350,0)!
11/27/2025 06:40 // INFO // [S_GRAPH] // Weight 49 drawn at (447,5;310)!
11/27/2025 06:40 // INFO // [S_GRAPH] // Edge from J2_M2 to J3_M2 with cost 0 drawn.
11/27/2025 06:40 // INFO // [S_GRAPH] // Curve value of edge (J3_M1 to J1_M1) set to -25,00
11/27/2025 06:40 // INFO // [S_GRAPH] // Edge drawn from (135,0;350,0) to (135,0;120,0)!
11/27/2025 06:40 // INFO // [S_GRAPH] // Weight 9 drawn at (122,5;235)!
11/27/2025 06:40 // INFO // [S_GRAPH] // Edge from J3_M1 to J1_M1 with cost 0 drawn.
11/27/2025 06:40 // INFO // [S_GRAPH] // Curve value of edge (J3_M2 to J1_M2) set to -25,00
11/27/2025 06:40 // INFO // [S_GRAPH] // Edge drawn from (435,0;350,0) to (435,0;120,0)!
11/27/2025 06:40 // INFO // [S_GRAPH] // Weight 36 drawn at (422,5;235)!
11/27/2025 06:40 // INFO // [S_GRAPH] // Edge from J3_M2 to J1_M2 with cost 0 drawn.
11/27/2025 06:40 // INFO // [S_GRAPH] // Edge drawn from (470,0;235,0) to (700,0;235,0)!
11/27/2025 06:40 // INFO // [S_GRAPH] // Weight 49 drawn at (585;235)!
11/27/2025 06:40 // INFO // [S_GRAPH] // Edge from J2_M2 to P2 with cost 0 drawn.
11/27/2025 06:40 // INFO // [S_GRAPH] // Edge drawn from (470,0;385,0) to (700,0;385,0)!
11/27/2025 06:40 // INFO // [S_GRAPH] // Weight 36 drawn at (585;385)!
11/27/2025 06:40 // INFO // [S_GRAPH] // Edge from J3_M2 to P3 with cost 0 drawn.
11/27/2025 06:40 // INFO // [S_GRAPH] // Edge drawn from (470,0;85,0) to (700,0;85,0)!
11/27/2025 06:40 // INFO // [S_GRAPH] // Weight 1 drawn at (585;85)!
11/27/2025 06:40 // INFO // [S_GRAPH] // Edge from J1_M2 to P1 with cost 0 drawn.
11/27/2025 06:40 // INFO // [S_GRAPH] // Canvas resized to 820x470!
11/27/2025 06:40 // INFO // [GANTT] // Node J2_M1 EST is 0 (no predecessors).
11/27/2025 06:40 // INFO // [GANTT] // Node J2_M2 EST is determined by J2_M1 (EST: 21,00).
11/27/2025 06:40 // INFO // [GANTT] // Node J3_M1 EST is determined by J2_M1 (EST: 21,00).
11/27/2025 06:40 // INFO // [GANTT] // Node J3_M2 EST is determined by J2_M2 (EST: 70,00).
11/27/2025 06:40 // INFO // [GANTT] // Node J1_M1 EST is determined by J3_M1 (EST: 30,00).
11/27/2025 06:40 // INFO // [GANTT] // Node J1_M2 EST is determined by J3_M2 (EST: 106,00).
11/27/2025 06:40 // INFO // [GANTT] // Gantt chart built with 6 items from path with 6 nodes.
11/27/2025 06:40 // INFO // [GANTT] // Gantt data built with 6 items from optimized path using Campbell-Dudek-Smith!
11/27/2025 06:40 // INFO // [GANTT] // Canvases are ready to be used!
11/27/2025 06:40 // INFO // [GANTT] // Ruler drawn: 108 ticks and 54 labels.
11/27/2025 06:40 // INFO // [GANTT] // Gantt chart rendered with 6 items on canvas.
11/27/2025 06:40 // INFO // [GANTT] // Canvas resized to 1170x110 to fit all Gantt items.
11/27/2025 06:40 // INFO // [GANTT] // Campbell-Dudek-Smith schedule rendered successfully!
11/27/2025 06:40 // INFO // [CONSTRAINT] // Saving and closing are disabled for as long as there are no files opened.
11/27/2025 06:40 // INFO // [S_GRAPH] // Node J1_M1 at 100;50
11/27/2025 06:40 // INFO // [S_GRAPH] // Node J1_M2 at 400;50
11/27/2025 06:40 // INFO // [S_GRAPH] // Node P1 at 700;50
11/27/2025 06:40 // INFO // [S_GRAPH] // Node J2_M1 at 100;200
11/27/2025 06:40 // INFO // [S_GRAPH] // Node J2_M2 at 400;200
11/27/2025 06:40 // INFO // [S_GRAPH] // Node P2 at 700;200
11/27/2025 06:40 // INFO // [S_GRAPH] // Node J3_M1 at 100;350
11/27/2025 06:40 // INFO // [S_GRAPH] // Node J3_M2 at 400;350
11/27/2025 06:40 // INFO // [S_GRAPH] // Node P3 at 700;350
11/27/2025 06:40 // INFO // [S_GRAPH] // Curve value of edge (J1_M1 to J1_M2) set to 25,00
11/27/2025 06:40 // INFO // [S_GRAPH] // Edge drawn from (170,0;85,0) to (400,0;85,0)!
11/27/2025 06:40 // INFO // [S_GRAPH] // Weight 33 drawn at (285;97,5)!
11/27/2025 06:40 // INFO // [S_GRAPH] // Edge from J1_M1 to J1_M2 with cost 0 drawn.
11/27/2025 06:40 // INFO // [S_GRAPH] // Curve value of edge (J2_M1 to J2_M2) set to 25,00
11/27/2025 06:40 // INFO // [S_GRAPH] // Edge drawn from (170,0;235,0) to (400,0;235,0)!
11/27/2025 06:40 // INFO // [S_GRAPH] // Weight 21 drawn at (285;247,5)!
11/27/2025 06:40 // INFO // [S_GRAPH] // Edge from J2_M1 to J2_M2 with cost 0 drawn.
11/27/2025 06:40 // INFO // [S_GRAPH] // Curve value of edge (J3_M1 to J3_M2) set to 25,00
11/27/2025 06:40 // INFO // [S_GRAPH] // Edge drawn from (170,0;385,0) to (400,0;385,0)!
11/27/2025 06:40 // INFO // [S_GRAPH] // Weight 9 drawn at (285;397,5)!
11/27/2025 06:40 // INFO // [S_GRAPH] // Edge from J3_M1 to J3_M2 with cost 0 drawn.
11/27/2025 06:40 // INFO // [S_GRAPH] // Curve value of edge (J2_M1 to J3_M1) set to -25,00
11/27/2025 06:40 // INFO // [S_GRAPH] // Edge drawn from (135,0;270,0) to (135,0;350,0)!
11/27/2025 06:40 // INFO // [S_GRAPH] // Weight 21 drawn at (147,5;310)!
11/27/2025 06:40 // INFO // [S_GRAPH] // Edge from J2_M1 to J3_M1 with cost 0 drawn.
11/27/2025 06:40 // INFO // [S_GRAPH] // Curve value of edge (J2_M2 to J3_M2) set to -25,00
11/27/2025 06:40 // INFO // [S_GRAPH] // Edge drawn from (435,0;270,0) to (435,0;350,0)!
11/27/2025 06:40 // INFO // [S_GRAPH] // Weight 49 drawn at (447,5;310)!
11/27/2025 06:40 // INFO // [S_GRAPH] // Edge from J2_M2 to J3_M2 with cost 0 drawn.
11/27/2025 06:40 // INFO // [S_GRAPH] // Curve value of edge (J3_M1 to J1_M1) set to -25,00
11/27/2025 06:40 // INFO // [S_GRAPH] // Edge drawn from (135,0;350,0) to (135,0;120,0)!
11/27/2025 06:40 // INFO // [S_GRAPH] // Weight 9 drawn at (122,5;235)!
11/27/2025 06:40 // INFO // [S_GRAPH] // Edge from J3_M1 to J1_M1 with cost 0 drawn.
11/27/2025 06:40 // INFO // [S_GRAPH] // Curve value of edge (J3_M2 to J1_M2) set to -25,00
11/27/2025 06:40 // INFO // [S_GRAPH] // Edge drawn from (435,0;350,0) to (435,0;120,0)!
11/27/2025 06:40 // INFO // [S_GRAPH] // Weight 36 drawn at (422,5;235)!
11/27/2025 06:40 // INFO // [S_GRAPH] // Edge from J3_M2 to J1_M2 with cost 0 drawn.
11/27/2025 06:40 // INFO // [S_GRAPH] // Edge drawn from (470,0;235,0) to (700,0;235,0)!
11/27/2025 06:40 // INFO // [S_GRAPH] // Weight 49 drawn at (585;235)!
11/27/2025 06:40 // INFO // [S_GRAPH] // Edge from J2_M2 to P2 with cost 0 drawn.
11/27/2025 06:40 // INFO // [S_GRAPH] // Edge drawn from (470,0;385,0) to (700,0;385,0)!
11/27/2025 06:40 // INFO // [S_GRAPH] // Weight 36 drawn at (585;385)!
11/27/2025 06:40 // INFO // [S_GRAPH] // Edge from J3_M2 to P3 with cost 0 drawn.
11/27/2025 06:40 // INFO // [S_GRAPH] // Edge drawn from (470,0;85,0) to (700,0;85,0)!
11/27/2025 06:40 // INFO // [S_GRAPH] // Weight 1 drawn at (585;85)!
11/27/2025 06:40 // INFO // [S_GRAPH] // Edge from J1_M2 to P1 with cost 0 drawn.
11/27/2025 06:40 // INFO // [S_GRAPH] // Canvas resized to 820x470!
11/27/2025 06:40 // WARNING // [EXITUS] // Custom solvers not saved during exit!
11/27/2025 06:40 // INFO // [EXITUS] // Shutting down...
