11/25/2025 15:29 // INFO // [INITIALIZATION] // Beginning initialization...
11/25/2025 15:29 // INFO // [LOAD] // Custom solver "Simulated Annealing" (metaheuristic) loaded from JSON file.
11/25/2025 15:29 // INFO // [LOAD] // Custom solvers loaded from JSON file!
11/25/2025 15:29 // INFO // [INITIALIZATION] // Johnson's Rule solver added!
11/25/2025 15:29 // INFO // [INITIALIZATION] // List Scheduling solver added!
11/25/2025 15:29 // INFO // [INITIALIZATION] // {cs.Name} ({cs.TypeID} type) solver added!
11/25/2025 15:29 // INFO // [INITIALIZATION] // Solver menu successfully built!
11/25/2025 15:29 // INFO // [CONSTRAINT] // Saving and closing are disabled for as long as there are no files opened.
11/25/2025 15:29 // INFO // [INITIALIZATION] // Initialization complete!
11/25/2025 15:29 // WARNING // [S_GRAPH] // User tried to draw a graph with no BatchML file loaded!
11/25/2025 15:29 // INFO // [S_GRAPH] // Node J1_M1 at 100;50
11/25/2025 15:29 // INFO // [S_GRAPH] // Node J1_M2 at 400;50
11/25/2025 15:29 // INFO // [S_GRAPH] // Node P1 at 700;50
11/25/2025 15:29 // INFO // [S_GRAPH] // Node J2_M1 at 100;200
11/25/2025 15:29 // INFO // [S_GRAPH] // Node J2_M2 at 400;200
11/25/2025 15:29 // INFO // [S_GRAPH] // Node P2 at 700;200
11/25/2025 15:29 // INFO // [S_GRAPH] // Node J3_M1 at 100;350
11/25/2025 15:29 // INFO // [S_GRAPH] // Node J3_M2 at 400;350
11/25/2025 15:29 // INFO // [S_GRAPH] // Node P3 at 700;350
11/25/2025 15:29 // INFO // [S_GRAPH] // Curve value of edge (J1_M1 to J1_M2) set to 25,00
11/25/2025 15:29 // INFO // [S_GRAPH] // Edge drawn from (170,0;85,0) to (400,0;85,0)!
11/25/2025 15:29 // INFO // [S_GRAPH] // Weight 17 drawn at (285;97,5)!
11/25/2025 15:29 // INFO // [S_GRAPH] // Edge from J1_M1 to J1_M2 with cost 0 drawn.
11/25/2025 15:29 // INFO // [S_GRAPH] // Edge drawn from (470,0;85,0) to (700,0;85,0)!
11/25/2025 15:29 // INFO // [S_GRAPH] // Weight 47 drawn at (585;85)!
11/25/2025 15:29 // INFO // [S_GRAPH] // Edge from J1_M2 to P1 with cost 0 drawn.
11/25/2025 15:29 // INFO // [S_GRAPH] // Curve value of edge (J2_M1 to J2_M2) set to 25,00
11/25/2025 15:29 // INFO // [S_GRAPH] // Edge drawn from (170,0;235,0) to (400,0;235,0)!
11/25/2025 15:29 // INFO // [S_GRAPH] // Weight 48 drawn at (285;247,5)!
11/25/2025 15:29 // INFO // [S_GRAPH] // Edge from J2_M1 to J2_M2 with cost 0 drawn.
11/25/2025 15:29 // INFO // [S_GRAPH] // Edge drawn from (470,0;235,0) to (700,0;235,0)!
11/25/2025 15:29 // INFO // [S_GRAPH] // Weight 21 drawn at (585;235)!
11/25/2025 15:29 // INFO // [S_GRAPH] // Edge from J2_M2 to P2 with cost 0 drawn.
11/25/2025 15:29 // INFO // [S_GRAPH] // Curve value of edge (J3_M1 to J3_M2) set to 25,00
11/25/2025 15:29 // INFO // [S_GRAPH] // Edge drawn from (170,0;385,0) to (400,0;385,0)!
11/25/2025 15:29 // INFO // [S_GRAPH] // Weight 11 drawn at (285;397,5)!
11/25/2025 15:29 // INFO // [S_GRAPH] // Edge from J3_M1 to J3_M2 with cost 0 drawn.
11/25/2025 15:29 // INFO // [S_GRAPH] // Edge drawn from (470,0;385,0) to (700,0;385,0)!
11/25/2025 15:29 // INFO // [S_GRAPH] // Weight 5 drawn at (585;385)!
11/25/2025 15:29 // INFO // [S_GRAPH] // Edge from J3_M2 to P3 with cost 0 drawn.
11/25/2025 15:29 // INFO // [S_GRAPH] // Canvas resized to 820x470!
11/25/2025 15:29 // INFO // [CONSTRAINT] // Saving and closing are disabled for as long as there are no files opened.
11/25/2025 15:29 // INFO // [INITIALIZATION] // Johnson's Rule solver enabled!
11/25/2025 15:29 // INFO // [INITIALIZATION] // List Scheduling solver enabled!
11/25/2025 15:29 // INFO // [INITIALIZATION] // Simulated Annealing solver enabled!
11/25/2025 15:29 // INFO // [INITIALIZATION] //  solver enabled!
11/25/2025 15:29 // INFO // [CONSTRAINT] // Saving and closing are disabled for as long as there are no files opened.
11/25/2025 15:29 // INFO // [EXTERN_SOLVER] // Simulated Annealing custom solver selected!
11/25/2025 15:29 // INFO // [S_GRAPH] // C:\Users\Phant0m\Desktop\THESIS_LIPX05\Thesis_LIPX05\bin\x64\Release\net9.0-windows\SolverTemp successfully discovered!
11/25/2025 15:29 // INFO // [S_GRAPH] // SGraph saved to C:\Users\Phant0m\Desktop\THESIS_LIPX05\Thesis_LIPX05\bin\x64\Release\net9.0-windows\SolverTemp\SGraph_0fbc247c-03a4-4860-8fd0-37910b2fb304.xml!
11/25/2025 15:29 // INFO // [Simulated Annealing] // Gathering parameters for Simulated Annealing
11/25/2025 15:29 // INFO // [Simulated Annealing] // Parameters gathered: 1000, 0.995, 5000
11/25/2025 15:29 // INFO // [LOAD] // Loading solution from C:\Users\Phant0m\Desktop\THESIS_LIPX05\Thesis_LIPX05\bin\x64\Release\net9.0-windows\SolverTemp\SimulatedAnnealing_Solution.txt...
11/25/2025 15:29 // INFO // [LOAD] // Node J1_M1 added to solution path from file.
11/25/2025 15:29 // INFO // [LOAD] // Node J1_M2 added to solution path from file.
11/25/2025 15:29 // INFO // [LOAD] // Node J2_M1 added to solution path from file.
11/25/2025 15:29 // INFO // [LOAD] // Node J2_M2 added to solution path from file.
11/25/2025 15:29 // INFO // [LOAD] // Node J3_M1 added to solution path from file.
11/25/2025 15:29 // INFO // [LOAD] // Node J3_M2 added to solution path from file.
11/25/2025 15:29 // INFO // [LOAD] // Total of 6 nodes loaded from solution file.
11/25/2025 15:29 // INFO // [S_GRAPH] // Node J1_M1 at 100;50
11/25/2025 15:29 // INFO // [S_GRAPH] // Node J1_M2 at 400;50
11/25/2025 15:29 // INFO // [S_GRAPH] // Node P1 at 700;50
11/25/2025 15:29 // INFO // [S_GRAPH] // Node J2_M1 at 100;200
11/25/2025 15:29 // INFO // [S_GRAPH] // Node J2_M2 at 400;200
11/25/2025 15:29 // INFO // [S_GRAPH] // Node P2 at 700;200
11/25/2025 15:29 // INFO // [S_GRAPH] // Node J3_M1 at 100;350
11/25/2025 15:29 // INFO // [S_GRAPH] // Node J3_M2 at 400;350
11/25/2025 15:29 // INFO // [S_GRAPH] // Node P3 at 700;350
11/25/2025 15:29 // INFO // [S_GRAPH] // Curve value of edge (J1_M1 to J1_M2) set to 25,00
11/25/2025 15:29 // INFO // [S_GRAPH] // Edge drawn from (170,0;85,0) to (400,0;85,0)!
11/25/2025 15:29 // INFO // [S_GRAPH] // Weight 17 drawn at (285;97,5)!
11/25/2025 15:29 // INFO // [S_GRAPH] // Edge from J1_M1 to J1_M2 with cost 0 drawn.
11/25/2025 15:29 // INFO // [S_GRAPH] // Curve value of edge (J2_M1 to J2_M2) set to 25,00
11/25/2025 15:29 // INFO // [S_GRAPH] // Edge drawn from (170,0;235,0) to (400,0;235,0)!
11/25/2025 15:29 // INFO // [S_GRAPH] // Weight 48 drawn at (285;247,5)!
11/25/2025 15:29 // INFO // [S_GRAPH] // Edge from J2_M1 to J2_M2 with cost 0 drawn.
11/25/2025 15:29 // INFO // [S_GRAPH] // Curve value of edge (J3_M1 to J3_M2) set to 25,00
11/25/2025 15:29 // INFO // [S_GRAPH] // Edge drawn from (170,0;385,0) to (400,0;385,0)!
11/25/2025 15:29 // INFO // [S_GRAPH] // Weight 11 drawn at (285;397,5)!
11/25/2025 15:29 // INFO // [S_GRAPH] // Edge from J3_M1 to J3_M2 with cost 0 drawn.
11/25/2025 15:29 // INFO // [S_GRAPH] // Curve value of edge (J1_M1 to J2_M1) set to -25,00
11/25/2025 15:29 // INFO // [S_GRAPH] // Edge drawn from (135,0;120,0) to (135,0;200,0)!
11/25/2025 15:29 // INFO // [S_GRAPH] // Weight 17 drawn at (147,5;160)!
11/25/2025 15:29 // INFO // [S_GRAPH] // Edge from J1_M1 to J2_M1 with cost 0 drawn.
11/25/2025 15:29 // INFO // [S_GRAPH] // Curve value of edge (J1_M2 to J2_M2) set to -25,00
11/25/2025 15:29 // INFO // [S_GRAPH] // Edge drawn from (435,0;120,0) to (435,0;200,0)!
11/25/2025 15:29 // INFO // [S_GRAPH] // Weight 47 drawn at (447,5;160)!
11/25/2025 15:29 // INFO // [S_GRAPH] // Edge from J1_M2 to J2_M2 with cost 0 drawn.
11/25/2025 15:29 // INFO // [S_GRAPH] // Curve value of edge (J2_M1 to J3_M1) set to -25,00
11/25/2025 15:29 // INFO // [S_GRAPH] // Edge drawn from (135,0;270,0) to (135,0;350,0)!
11/25/2025 15:29 // INFO // [S_GRAPH] // Weight 48 drawn at (147,5;310)!
11/25/2025 15:29 // INFO // [S_GRAPH] // Edge from J2_M1 to J3_M1 with cost 0 drawn.
11/25/2025 15:29 // INFO // [S_GRAPH] // Curve value of edge (J2_M2 to J3_M2) set to -25,00
11/25/2025 15:29 // INFO // [S_GRAPH] // Edge drawn from (435,0;270,0) to (435,0;350,0)!
11/25/2025 15:29 // INFO // [S_GRAPH] // Weight 21 drawn at (447,5;310)!
11/25/2025 15:29 // INFO // [S_GRAPH] // Edge from J2_M2 to J3_M2 with cost 0 drawn.
11/25/2025 15:29 // INFO // [S_GRAPH] // Edge drawn from (470,0;85,0) to (700,0;85,0)!
11/25/2025 15:29 // INFO // [S_GRAPH] // Weight 47 drawn at (585;85)!
11/25/2025 15:29 // INFO // [S_GRAPH] // Edge from J1_M2 to P1 with cost 0 drawn.
11/25/2025 15:29 // INFO // [S_GRAPH] // Edge drawn from (470,0;235,0) to (700,0;235,0)!
11/25/2025 15:29 // INFO // [S_GRAPH] // Weight 21 drawn at (585;235)!
11/25/2025 15:29 // INFO // [S_GRAPH] // Edge from J2_M2 to P2 with cost 0 drawn.
11/25/2025 15:29 // INFO // [S_GRAPH] // Edge drawn from (470,0;385,0) to (700,0;385,0)!
11/25/2025 15:29 // INFO // [S_GRAPH] // Weight 5 drawn at (585;385)!
11/25/2025 15:29 // INFO // [S_GRAPH] // Edge from J3_M2 to P3 with cost 0 drawn.
11/25/2025 15:29 // INFO // [S_GRAPH] // Canvas resized to 820x470!
11/25/2025 15:29 // INFO // [GANTT] // Node J1_M1 EST is 0 (no predecessors).
11/25/2025 15:29 // INFO // [GANTT] // Node J1_M2 EST is determined by J1_M1 (EST: 17,00).
11/25/2025 15:29 // INFO // [GANTT] // Node J2_M1 EST is determined by J1_M1 (EST: 17,00).
11/25/2025 15:29 // INFO // [GANTT] // Node J2_M2 EST is determined by J2_M1 (EST: 65,00).
11/25/2025 15:29 // INFO // [GANTT] // Node J3_M1 EST is determined by J2_M1 (EST: 65,00).
11/25/2025 15:29 // INFO // [GANTT] // Node J3_M2 EST is determined by J2_M2 (EST: 86,00).
11/25/2025 15:29 // INFO // [GANTT] // Gantt chart built with 6 items from path with 6 nodes.
11/25/2025 15:29 // INFO // [GANTT] // Gantt data built with 6 items from optimized path using Simulated Annealing!
11/25/2025 15:29 // INFO // [GANTT] // Canvases are ready to be used!
11/25/2025 15:29 // INFO // [GANTT] // Ruler drawn: 92 ticks and 46 labels.
11/25/2025 15:29 // INFO // [GANTT] // Gantt chart rendered with 6 items on canvas.
11/25/2025 15:29 // INFO // [GANTT] // Canvas resized to 1010x110 to fit all Gantt items.
11/25/2025 15:29 // INFO // [GANTT] // Simulated Annealing schedule rendered successfully!
11/25/2025 15:29 // INFO // [CONSTRAINT] // Saving and closing are disabled for as long as there are no files opened.
11/25/2025 15:29 // INFO // [S_GRAPH] // Node J1_M1 at 100;50
11/25/2025 15:29 // INFO // [S_GRAPH] // Node J1_M2 at 400;50
11/25/2025 15:29 // INFO // [S_GRAPH] // Node P1 at 700;50
11/25/2025 15:29 // INFO // [S_GRAPH] // Node J2_M1 at 100;200
11/25/2025 15:29 // INFO // [S_GRAPH] // Node J2_M2 at 400;200
11/25/2025 15:29 // INFO // [S_GRAPH] // Node P2 at 700;200
11/25/2025 15:29 // INFO // [S_GRAPH] // Node J3_M1 at 100;350
11/25/2025 15:29 // INFO // [S_GRAPH] // Node J3_M2 at 400;350
11/25/2025 15:29 // INFO // [S_GRAPH] // Node P3 at 700;350
11/25/2025 15:29 // INFO // [S_GRAPH] // Curve value of edge (J1_M1 to J1_M2) set to 25,00
11/25/2025 15:29 // INFO // [S_GRAPH] // Edge drawn from (170,0;85,0) to (400,0;85,0)!
11/25/2025 15:29 // INFO // [S_GRAPH] // Weight 17 drawn at (285;97,5)!
11/25/2025 15:29 // INFO // [S_GRAPH] // Edge from J1_M1 to J1_M2 with cost 0 drawn.
11/25/2025 15:29 // INFO // [S_GRAPH] // Curve value of edge (J2_M1 to J2_M2) set to 25,00
11/25/2025 15:29 // INFO // [S_GRAPH] // Edge drawn from (170,0;235,0) to (400,0;235,0)!
11/25/2025 15:29 // INFO // [S_GRAPH] // Weight 48 drawn at (285;247,5)!
11/25/2025 15:29 // INFO // [S_GRAPH] // Edge from J2_M1 to J2_M2 with cost 0 drawn.
11/25/2025 15:29 // INFO // [S_GRAPH] // Curve value of edge (J3_M1 to J3_M2) set to 25,00
11/25/2025 15:29 // INFO // [S_GRAPH] // Edge drawn from (170,0;385,0) to (400,0;385,0)!
11/25/2025 15:29 // INFO // [S_GRAPH] // Weight 11 drawn at (285;397,5)!
11/25/2025 15:29 // INFO // [S_GRAPH] // Edge from J3_M1 to J3_M2 with cost 0 drawn.
11/25/2025 15:29 // INFO // [S_GRAPH] // Curve value of edge (J1_M1 to J2_M1) set to -25,00
11/25/2025 15:29 // INFO // [S_GRAPH] // Edge drawn from (135,0;120,0) to (135,0;200,0)!
11/25/2025 15:29 // INFO // [S_GRAPH] // Weight 17 drawn at (147,5;160)!
11/25/2025 15:29 // INFO // [S_GRAPH] // Edge from J1_M1 to J2_M1 with cost 0 drawn.
11/25/2025 15:29 // INFO // [S_GRAPH] // Curve value of edge (J1_M2 to J2_M2) set to -25,00
11/25/2025 15:29 // INFO // [S_GRAPH] // Edge drawn from (435,0;120,0) to (435,0;200,0)!
11/25/2025 15:29 // INFO // [S_GRAPH] // Weight 47 drawn at (447,5;160)!
11/25/2025 15:29 // INFO // [S_GRAPH] // Edge from J1_M2 to J2_M2 with cost 0 drawn.
11/25/2025 15:29 // INFO // [S_GRAPH] // Curve value of edge (J2_M1 to J3_M1) set to -25,00
11/25/2025 15:29 // INFO // [S_GRAPH] // Edge drawn from (135,0;270,0) to (135,0;350,0)!
11/25/2025 15:29 // INFO // [S_GRAPH] // Weight 48 drawn at (147,5;310)!
11/25/2025 15:29 // INFO // [S_GRAPH] // Edge from J2_M1 to J3_M1 with cost 0 drawn.
11/25/2025 15:29 // INFO // [S_GRAPH] // Curve value of edge (J2_M2 to J3_M2) set to -25,00
11/25/2025 15:29 // INFO // [S_GRAPH] // Edge drawn from (435,0;270,0) to (435,0;350,0)!
11/25/2025 15:29 // INFO // [S_GRAPH] // Weight 21 drawn at (447,5;310)!
11/25/2025 15:29 // INFO // [S_GRAPH] // Edge from J2_M2 to J3_M2 with cost 0 drawn.
11/25/2025 15:29 // INFO // [S_GRAPH] // Edge drawn from (470,0;85,0) to (700,0;85,0)!
11/25/2025 15:29 // INFO // [S_GRAPH] // Weight 47 drawn at (585;85)!
11/25/2025 15:29 // INFO // [S_GRAPH] // Edge from J1_M2 to P1 with cost 0 drawn.
11/25/2025 15:29 // INFO // [S_GRAPH] // Edge drawn from (470,0;235,0) to (700,0;235,0)!
11/25/2025 15:29 // INFO // [S_GRAPH] // Weight 21 drawn at (585;235)!
11/25/2025 15:29 // INFO // [S_GRAPH] // Edge from J2_M2 to P2 with cost 0 drawn.
11/25/2025 15:29 // INFO // [S_GRAPH] // Edge drawn from (470,0;385,0) to (700,0;385,0)!
11/25/2025 15:29 // INFO // [S_GRAPH] // Weight 5 drawn at (585;385)!
11/25/2025 15:29 // INFO // [S_GRAPH] // Edge from J3_M2 to P3 with cost 0 drawn.
11/25/2025 15:29 // INFO // [S_GRAPH] // Canvas resized to 820x470!
11/25/2025 15:29 // INFO // [EXPORT] // Child element of type Ellipse cloned and added to canvas.
11/25/2025 15:29 // INFO // [EXPORT] // Child element of type TextBlock cloned and added to canvas.
11/25/2025 15:29 // INFO // [EXPORT] // Child element of type Ellipse cloned and added to canvas.
11/25/2025 15:29 // INFO // [EXPORT] // Child element of type TextBlock cloned and added to canvas.
11/25/2025 15:29 // INFO // [EXPORT] // Child element of type Ellipse cloned and added to canvas.
11/25/2025 15:29 // INFO // [EXPORT] // Child element of type TextBlock cloned and added to canvas.
11/25/2025 15:29 // INFO // [EXPORT] // Child element of type Ellipse cloned and added to canvas.
11/25/2025 15:29 // INFO // [EXPORT] // Child element of type TextBlock cloned and added to canvas.
11/25/2025 15:29 // INFO // [EXPORT] // Child element of type Ellipse cloned and added to canvas.
11/25/2025 15:29 // INFO // [EXPORT] // Child element of type TextBlock cloned and added to canvas.
11/25/2025 15:29 // INFO // [EXPORT] // Child element of type Ellipse cloned and added to canvas.
11/25/2025 15:29 // INFO // [EXPORT] // Child element of type TextBlock cloned and added to canvas.
11/25/2025 15:29 // INFO // [EXPORT] // Child element of type Ellipse cloned and added to canvas.
11/25/2025 15:29 // INFO // [EXPORT] // Child element of type TextBlock cloned and added to canvas.
11/25/2025 15:29 // INFO // [EXPORT] // Child element of type Ellipse cloned and added to canvas.
11/25/2025 15:29 // INFO // [EXPORT] // Child element of type TextBlock cloned and added to canvas.
11/25/2025 15:29 // INFO // [EXPORT] // Child element of type Ellipse cloned and added to canvas.
11/25/2025 15:29 // INFO // [EXPORT] // Child element of type TextBlock cloned and added to canvas.
11/25/2025 15:29 // INFO // [EXPORT] // Child element of type Path cloned and added to canvas.
11/25/2025 15:29 // INFO // [EXPORT] // Child element of type Polygon cloned and added to canvas.
11/25/2025 15:29 // INFO // [EXPORT] // Child element of type TextBlock cloned and added to canvas.
11/25/2025 15:29 // INFO // [EXPORT] // Child element of type Path cloned and added to canvas.
11/25/2025 15:29 // INFO // [EXPORT] // Child element of type Polygon cloned and added to canvas.
11/25/2025 15:29 // INFO // [EXPORT] // Child element of type TextBlock cloned and added to canvas.
11/25/2025 15:29 // INFO // [EXPORT] // Child element of type Path cloned and added to canvas.
11/25/2025 15:29 // INFO // [EXPORT] // Child element of type Polygon cloned and added to canvas.
11/25/2025 15:29 // INFO // [EXPORT] // Child element of type TextBlock cloned and added to canvas.
11/25/2025 15:29 // INFO // [EXPORT] // Child element of type Path cloned and added to canvas.
11/25/2025 15:29 // INFO // [EXPORT] // Child element of type Polygon cloned and added to canvas.
11/25/2025 15:29 // INFO // [EXPORT] // Child element of type TextBlock cloned and added to canvas.
11/25/2025 15:29 // INFO // [EXPORT] // Child element of type Path cloned and added to canvas.
11/25/2025 15:29 // INFO // [EXPORT] // Child element of type Polygon cloned and added to canvas.
11/25/2025 15:29 // INFO // [EXPORT] // Child element of type TextBlock cloned and added to canvas.
11/25/2025 15:29 // INFO // [EXPORT] // Child element of type Path cloned and added to canvas.
11/25/2025 15:29 // INFO // [EXPORT] // Child element of type Polygon cloned and added to canvas.
11/25/2025 15:29 // INFO // [EXPORT] // Child element of type TextBlock cloned and added to canvas.
11/25/2025 15:29 // INFO // [EXPORT] // Child element of type Path cloned and added to canvas.
11/25/2025 15:29 // INFO // [EXPORT] // Child element of type Polygon cloned and added to canvas.
11/25/2025 15:29 // INFO // [EXPORT] // Child element of type TextBlock cloned and added to canvas.
11/25/2025 15:29 // INFO // [EXPORT] // Child element of type Path cloned and added to canvas.
11/25/2025 15:29 // INFO // [EXPORT] // Child element of type Polygon cloned and added to canvas.
11/25/2025 15:29 // INFO // [EXPORT] // Child element of type TextBlock cloned and added to canvas.
11/25/2025 15:29 // INFO // [EXPORT] // Child element of type Path cloned and added to canvas.
11/25/2025 15:29 // INFO // [EXPORT] // Child element of type Polygon cloned and added to canvas.
11/25/2025 15:29 // INFO // [EXPORT] // Child element of type TextBlock cloned and added to canvas.
11/25/2025 15:29 // INFO // [EXPORT] // Child element of type Path cloned and added to canvas.
11/25/2025 15:29 // INFO // [EXPORT] // Child element of type Polygon cloned and added to canvas.
11/25/2025 15:29 // INFO // [EXPORT] // Child element of type TextBlock cloned and added to canvas.
11/25/2025 15:29 // INFO // [EXPORT] // Canvas cloned with 48 children.
11/25/2025 15:29 // INFO // [EXPORT] // Precedence graph RenderTargetBitmap created with size 820x470 at 384 DPI.
11/25/2025 15:29 // INFO // [EXPORT] // Precedence graph JpegBitmapEncoder created and frame added.
11/25/2025 15:29 // INFO // [EXPORT] // Precedence graph export cancelled by user.
11/25/2025 15:29 // INFO // [EXPORT] // Precedence graph exported as JPEG file!
11/25/2025 15:29 // INFO // [EXPORT] // Child element of type Ellipse cloned and added to canvas.
11/25/2025 15:29 // INFO // [EXPORT] // Child element of type TextBlock cloned and added to canvas.
11/25/2025 15:29 // INFO // [EXPORT] // Child element of type Ellipse cloned and added to canvas.
11/25/2025 15:29 // INFO // [EXPORT] // Child element of type TextBlock cloned and added to canvas.
11/25/2025 15:29 // INFO // [EXPORT] // Child element of type Ellipse cloned and added to canvas.
11/25/2025 15:29 // INFO // [EXPORT] // Child element of type TextBlock cloned and added to canvas.
11/25/2025 15:29 // INFO // [EXPORT] // Child element of type Ellipse cloned and added to canvas.
11/25/2025 15:29 // INFO // [EXPORT] // Child element of type TextBlock cloned and added to canvas.
11/25/2025 15:29 // INFO // [EXPORT] // Child element of type Ellipse cloned and added to canvas.
11/25/2025 15:29 // INFO // [EXPORT] // Child element of type TextBlock cloned and added to canvas.
11/25/2025 15:29 // INFO // [EXPORT] // Child element of type Ellipse cloned and added to canvas.
11/25/2025 15:29 // INFO // [EXPORT] // Child element of type TextBlock cloned and added to canvas.
11/25/2025 15:29 // INFO // [EXPORT] // Child element of type Ellipse cloned and added to canvas.
11/25/2025 15:29 // INFO // [EXPORT] // Child element of type TextBlock cloned and added to canvas.
11/25/2025 15:29 // INFO // [EXPORT] // Child element of type Ellipse cloned and added to canvas.
11/25/2025 15:29 // INFO // [EXPORT] // Child element of type TextBlock cloned and added to canvas.
11/25/2025 15:29 // INFO // [EXPORT] // Child element of type Ellipse cloned and added to canvas.
11/25/2025 15:29 // INFO // [EXPORT] // Child element of type TextBlock cloned and added to canvas.
11/25/2025 15:29 // INFO // [EXPORT] // Child element of type Path cloned and added to canvas.
11/25/2025 15:29 // INFO // [EXPORT] // Child element of type Polygon cloned and added to canvas.
11/25/2025 15:29 // INFO // [EXPORT] // Child element of type TextBlock cloned and added to canvas.
11/25/2025 15:29 // INFO // [EXPORT] // Child element of type Path cloned and added to canvas.
11/25/2025 15:29 // INFO // [EXPORT] // Child element of type Polygon cloned and added to canvas.
11/25/2025 15:29 // INFO // [EXPORT] // Child element of type TextBlock cloned and added to canvas.
11/25/2025 15:29 // INFO // [EXPORT] // Child element of type Path cloned and added to canvas.
11/25/2025 15:29 // INFO // [EXPORT] // Child element of type Polygon cloned and added to canvas.
11/25/2025 15:29 // INFO // [EXPORT] // Child element of type TextBlock cloned and added to canvas.
11/25/2025 15:29 // INFO // [EXPORT] // Child element of type Path cloned and added to canvas.
11/25/2025 15:29 // INFO // [EXPORT] // Child element of type Polygon cloned and added to canvas.
11/25/2025 15:29 // INFO // [EXPORT] // Child element of type TextBlock cloned and added to canvas.
11/25/2025 15:29 // INFO // [EXPORT] // Child element of type Path cloned and added to canvas.
11/25/2025 15:29 // INFO // [EXPORT] // Child element of type Polygon cloned and added to canvas.
11/25/2025 15:29 // INFO // [EXPORT] // Child element of type TextBlock cloned and added to canvas.
11/25/2025 15:29 // INFO // [EXPORT] // Child element of type Path cloned and added to canvas.
11/25/2025 15:29 // INFO // [EXPORT] // Child element of type Polygon cloned and added to canvas.
11/25/2025 15:29 // INFO // [EXPORT] // Child element of type TextBlock cloned and added to canvas.
11/25/2025 15:29 // INFO // [EXPORT] // Child element of type Path cloned and added to canvas.
11/25/2025 15:29 // INFO // [EXPORT] // Child element of type Polygon cloned and added to canvas.
11/25/2025 15:29 // INFO // [EXPORT] // Child element of type TextBlock cloned and added to canvas.
11/25/2025 15:29 // INFO // [EXPORT] // Child element of type Path cloned and added to canvas.
11/25/2025 15:29 // INFO // [EXPORT] // Child element of type Polygon cloned and added to canvas.
11/25/2025 15:29 // INFO // [EXPORT] // Child element of type TextBlock cloned and added to canvas.
11/25/2025 15:29 // INFO // [EXPORT] // Child element of type Path cloned and added to canvas.
11/25/2025 15:29 // INFO // [EXPORT] // Child element of type Polygon cloned and added to canvas.
11/25/2025 15:29 // INFO // [EXPORT] // Child element of type TextBlock cloned and added to canvas.
11/25/2025 15:29 // INFO // [EXPORT] // Child element of type Path cloned and added to canvas.
11/25/2025 15:29 // INFO // [EXPORT] // Child element of type Polygon cloned and added to canvas.
11/25/2025 15:29 // INFO // [EXPORT] // Child element of type TextBlock cloned and added to canvas.
11/25/2025 15:29 // INFO // [EXPORT] // Canvas cloned with 48 children.
11/25/2025 15:29 // INFO // [EXPORT] // Precedence graph RenderTargetBitmap created with size 820x470 at 384 DPI.
11/25/2025 15:29 // INFO // [EXPORT] // Precedence graph JpegBitmapEncoder created and frame added.
11/25/2025 15:30 // INFO // [EXPORT] // Precedence graph export cancelled by user.
11/25/2025 15:30 // INFO // [EXPORT] // Precedence graph exported as JPEG file!
11/25/2025 15:30 // INFO // [EXPORT] // Child element of type Ellipse cloned and added to canvas.
11/25/2025 15:30 // INFO // [EXPORT] // Child element of type TextBlock cloned and added to canvas.
11/25/2025 15:30 // INFO // [EXPORT] // Child element of type Ellipse cloned and added to canvas.
11/25/2025 15:30 // INFO // [EXPORT] // Child element of type TextBlock cloned and added to canvas.
11/25/2025 15:30 // INFO // [EXPORT] // Child element of type Ellipse cloned and added to canvas.
11/25/2025 15:30 // INFO // [EXPORT] // Child element of type TextBlock cloned and added to canvas.
11/25/2025 15:30 // INFO // [EXPORT] // Child element of type Ellipse cloned and added to canvas.
11/25/2025 15:30 // INFO // [EXPORT] // Child element of type TextBlock cloned and added to canvas.
11/25/2025 15:30 // INFO // [EXPORT] // Child element of type Ellipse cloned and added to canvas.
11/25/2025 15:30 // INFO // [EXPORT] // Child element of type TextBlock cloned and added to canvas.
11/25/2025 15:30 // INFO // [EXPORT] // Child element of type Ellipse cloned and added to canvas.
11/25/2025 15:30 // INFO // [EXPORT] // Child element of type TextBlock cloned and added to canvas.
11/25/2025 15:30 // INFO // [EXPORT] // Child element of type Ellipse cloned and added to canvas.
11/25/2025 15:30 // INFO // [EXPORT] // Child element of type TextBlock cloned and added to canvas.
11/25/2025 15:30 // INFO // [EXPORT] // Child element of type Ellipse cloned and added to canvas.
11/25/2025 15:30 // INFO // [EXPORT] // Child element of type TextBlock cloned and added to canvas.
11/25/2025 15:30 // INFO // [EXPORT] // Child element of type Ellipse cloned and added to canvas.
11/25/2025 15:30 // INFO // [EXPORT] // Child element of type TextBlock cloned and added to canvas.
11/25/2025 15:30 // INFO // [EXPORT] // Child element of type Path cloned and added to canvas.
11/25/2025 15:30 // INFO // [EXPORT] // Child element of type Polygon cloned and added to canvas.
11/25/2025 15:30 // INFO // [EXPORT] // Child element of type TextBlock cloned and added to canvas.
11/25/2025 15:30 // INFO // [EXPORT] // Child element of type Path cloned and added to canvas.
11/25/2025 15:30 // INFO // [EXPORT] // Child element of type Polygon cloned and added to canvas.
11/25/2025 15:30 // INFO // [EXPORT] // Child element of type TextBlock cloned and added to canvas.
11/25/2025 15:30 // INFO // [EXPORT] // Child element of type Path cloned and added to canvas.
11/25/2025 15:30 // INFO // [EXPORT] // Child element of type Polygon cloned and added to canvas.
11/25/2025 15:30 // INFO // [EXPORT] // Child element of type TextBlock cloned and added to canvas.
11/25/2025 15:30 // INFO // [EXPORT] // Child element of type Path cloned and added to canvas.
11/25/2025 15:30 // INFO // [EXPORT] // Child element of type Polygon cloned and added to canvas.
11/25/2025 15:30 // INFO // [EXPORT] // Child element of type TextBlock cloned and added to canvas.
11/25/2025 15:30 // INFO // [EXPORT] // Child element of type Path cloned and added to canvas.
11/25/2025 15:30 // INFO // [EXPORT] // Child element of type Polygon cloned and added to canvas.
11/25/2025 15:30 // INFO // [EXPORT] // Child element of type TextBlock cloned and added to canvas.
11/25/2025 15:30 // INFO // [EXPORT] // Child element of type Path cloned and added to canvas.
11/25/2025 15:30 // INFO // [EXPORT] // Child element of type Polygon cloned and added to canvas.
11/25/2025 15:30 // INFO // [EXPORT] // Child element of type TextBlock cloned and added to canvas.
11/25/2025 15:30 // INFO // [EXPORT] // Child element of type Path cloned and added to canvas.
11/25/2025 15:30 // INFO // [EXPORT] // Child element of type Polygon cloned and added to canvas.
11/25/2025 15:30 // INFO // [EXPORT] // Child element of type TextBlock cloned and added to canvas.
11/25/2025 15:30 // INFO // [EXPORT] // Child element of type Path cloned and added to canvas.
11/25/2025 15:30 // INFO // [EXPORT] // Child element of type Polygon cloned and added to canvas.
11/25/2025 15:30 // INFO // [EXPORT] // Child element of type TextBlock cloned and added to canvas.
11/25/2025 15:30 // INFO // [EXPORT] // Child element of type Path cloned and added to canvas.
11/25/2025 15:30 // INFO // [EXPORT] // Child element of type Polygon cloned and added to canvas.
11/25/2025 15:30 // INFO // [EXPORT] // Child element of type TextBlock cloned and added to canvas.
11/25/2025 15:30 // INFO // [EXPORT] // Child element of type Path cloned and added to canvas.
11/25/2025 15:30 // INFO // [EXPORT] // Child element of type Polygon cloned and added to canvas.
11/25/2025 15:30 // INFO // [EXPORT] // Child element of type TextBlock cloned and added to canvas.
11/25/2025 15:30 // INFO // [EXPORT] // Canvas cloned with 48 children.
11/25/2025 15:30 // INFO // [EXPORT] // Precedence graph RenderTargetBitmap created with size 820x470 at 384 DPI.
11/25/2025 15:30 // INFO // [EXPORT] // Precedence graph JpegBitmapEncoder created and frame added.
11/25/2025 15:30 // INFO // [EXPORT] // Precedence graph exported successfully as C:\Users\Phant0m\Desktop\precedence_graph_20251125_153022.jpg.
11/25/2025 15:57 // INFO // [EXPORT] // Precedence graph exported as JPEG file!
11/25/2025 15:57 // INFO // [EXITUS] // Shutting down...
