11/24/2025 00:47 // INFO // [INITIALIZATION] // Beginning initialization...
11/24/2025 00:47 // INFO // [INITIALIZATION] // Johnson's Rule solver added!
11/24/2025 00:47 // INFO // [INITIALIZATION] // List Scheduling solver added!
11/24/2025 00:47 // INFO // [INITIALIZATION] // Solver menu successfully built!
11/24/2025 00:47 // INFO // [CONSTRAINT] // Saving and closing are disabled for as long as there are no files opened.
11/24/2025 00:47 // INFO // [INITIALIZATION] // Initialization complete!
11/24/2025 00:47 // INFO // [LOAD] // Open file dialog initiated...
11/24/2025 00:47 // INFO // [LOAD] // XML document loaded from C:\Users\Phant0m\Desktop\THESIS_LIPX05\test.xml!
11/24/2025 00:47 // INFO // [LOAD] // XML element established!
11/24/2025 00:47 // INFO // [DATATABLE] // Master Recipe Table datatable displayed in new tab!
11/24/2025 00:47 // INFO // [DATATABLE] // Recipe Elements Table datatable displayed in new tab!
11/24/2025 00:47 // INFO // [DATATABLE] // Steps Table datatable displayed in new tab!
11/24/2025 00:47 // INFO // [LOAD] // BatchML file loaded and data tables populated!
11/24/2025 00:47 // INFO // [CONSTRAINT] // Saving and closing are disabled for as long as there are no files opened.
11/24/2025 00:47 // INFO // [LOAD] // BatchML file loaded from C:\Users\Phant0m\Desktop\THESIS_LIPX05\test.xml!
11/24/2025 00:47 // WARNING // [DATATABLE] // InternalKey column could not be found in DataGrid for Recipe Elements Table after loading!
11/24/2025 00:47 // INFO // [DATATABLE] // InternalKey column successfully hidden in 'Recipe Elements Table.'
11/24/2025 00:47 // INFO // [MODIFY] // Master REcipe Header synced to XML.
11/24/2025 00:47 // ERROR // [SYNC] // No mapping found for table "MasterRecipe" or master recipe is null!
11/24/2025 00:47 // INFO // [SYNC] // Found ecipeElement by BatchML ID: J1_Module
11/24/2025 00:47 // INFO // [SYNC] // Synchronized DataRow to XML for table "RecipeElements".
11/24/2025 00:47 // INFO // [SYNC] // Found ecipeElement by BatchML ID: J2_Module
11/24/2025 00:47 // INFO // [SYNC] // Synchronized DataRow to XML for table "RecipeElements".
11/24/2025 00:47 // INFO // [SYNC] // Found ecipeElement by BatchML ID: J3_Module
11/24/2025 00:47 // INFO // [SYNC] // Synchronized DataRow to XML for table "RecipeElements".
11/24/2025 00:47 // INFO // [SYNC] // Found ecipeElement by BatchML ID: J4_Module
11/24/2025 00:47 // INFO // [SYNC] // Synchronized DataRow to XML for table "RecipeElements".
11/24/2025 00:47 // INFO // [SYNC] // No existing XML element found for table "RecipeElements" matching the DataRow keys.
11/24/2025 00:47 // INFO // [SYNC] // Synchronized DataRow to XML for table "RecipeElements".
11/24/2025 00:47 // INFO // [SYNC] // Found existing XML element for table "Steps" matching the DataRow keys.
11/24/2025 00:47 // INFO // [SYNC] // Synchronized DataRow to XML for table "Steps".
11/24/2025 00:47 // INFO // [SYNC] // Found existing XML element for table "Steps" matching the DataRow keys.
11/24/2025 00:47 // INFO // [SYNC] // Synchronized DataRow to XML for table "Steps".
11/24/2025 00:47 // INFO // [SYNC] // Found existing XML element for table "Steps" matching the DataRow keys.
11/24/2025 00:47 // INFO // [SYNC] // Synchronized DataRow to XML for table "Steps".
11/24/2025 00:47 // INFO // [SYNC] // Found existing XML element for table "Steps" matching the DataRow keys.
11/24/2025 00:47 // INFO // [SYNC] // Synchronized DataRow to XML for table "Steps".
11/24/2025 00:47 // INFO // [SYNC] // No existing XML element found for table "Steps" matching the DataRow keys.
11/24/2025 00:47 // INFO // [SYNC] // Synchronized DataRow to XML for table "Steps".
11/24/2025 00:47 // INFO // [SAVE] // BatchML file successfully saved as C:\Users\Phant0m\Desktop\THESIS_LIPX05\savingTest.xml
11/24/2025 00:49 // INFO // [DATATABLE] // InternalKey column successfully hidden in 'Recipe Elements Table.'
11/24/2025 00:49 // INFO // [MODIFY] // Master REcipe Header synced to XML.
11/24/2025 00:49 // ERROR // [SYNC] // No mapping found for table "MasterRecipe" or master recipe is null!
11/24/2025 00:49 // INFO // [SAVE] // BatchML file successfully saved as C:\Users\Phant0m\Desktop\THESIS_LIPX05\savingTest.xml
11/24/2025 00:52 // INFO // [CLEAR] // SGraphCanvas has been cleared!
11/24/2025 00:52 // INFO // [CLEAR] // GanttCanvas has been cleared!
11/24/2025 00:52 // INFO // [CLEAR] // RulerCanvas has been cleared!
11/24/2025 00:52 // INFO // [CLEAR] // FixedLabelCanvas has been cleared!
11/24/2025 00:52 // INFO // [CLEAR] // S-Graph nodes cleared!
11/24/2025 00:52 // INFO // [CLEAR] // S-Graph edges cleared!
11/24/2025 00:52 // INFO // [CLEAR] // Master Recipe Table datatable purged!
11/24/2025 00:52 // ERROR // [CLOSE] // Error closing BatchML: Cannot remove this column, because it's part of the primary key.
11/24/2025 00:52 // INFO // [DATATABLE] // InternalKey column successfully hidden in 'Recipe Elements Table.'
11/24/2025 00:52 // INFO // [CLEAR] // SGraphCanvas has been cleared!
11/24/2025 00:52 // INFO // [CLEAR] // GanttCanvas has been cleared!
11/24/2025 00:52 // INFO // [CLEAR] // RulerCanvas has been cleared!
11/24/2025 00:52 // INFO // [CLEAR] // FixedLabelCanvas has been cleared!
11/24/2025 00:52 // INFO // [CLEAR] // S-Graph nodes cleared!
11/24/2025 00:52 // INFO // [CLEAR] // S-Graph edges cleared!
11/24/2025 00:52 // INFO // [CLEAR] // Master Recipe Table datatable purged!
11/24/2025 00:53 // ERROR // [CLOSE] // Error closing BatchML: Cannot remove this column, because it's part of the primary key.
11/24/2025 00:53 // INFO // [EXITUS] // No changes were made, shutting down...
