11/25/2025 22:10 // INFO // [INITIALIZATION] // Beginning initialization...
11/25/2025 22:10 // INFO // [LOAD] // Custom solver "Simulated Annealing" (metaheuristic) loaded from JSON file.
11/25/2025 22:10 // INFO // [LOAD] // Custom solvers loaded from JSON file!
11/25/2025 22:10 // INFO // [INITIALIZATION] // Johnson's Rule solver added!
11/25/2025 22:10 // INFO // [INITIALIZATION] // List Scheduling solver added!
11/25/2025 22:10 // INFO // [INITIALIZATION] // {cs.Name} ({cs.TypeID} type) solver added!
11/25/2025 22:10 // INFO // [INITIALIZATION] // Solver menu successfully built!
11/25/2025 22:10 // INFO // [CONSTRAINT] // Saving and closing are disabled for as long as there are no files opened.
11/25/2025 22:10 // INFO // [INITIALIZATION] // Initialization complete!
11/25/2025 22:10 // INFO // [LOAD] // Open file dialog initiated...
11/25/2025 22:10 // INFO // [LOAD] // XML document loaded from C:\Users\Phant0m\Desktop\THESIS_LIPX05\test.xml!
11/25/2025 22:10 // INFO // [LOAD] // XML element established!
11/25/2025 22:10 // INFO // [DATATABLE] // Master Recipe Table datatable displayed in new tab!
11/25/2025 22:10 // INFO // [DATATABLE] // Recipe Elements Table datatable displayed in new tab!
11/25/2025 22:10 // INFO // [DATATABLE] // Steps Table datatable displayed in new tab!
11/25/2025 22:10 // INFO // [LOAD] // BatchML file loaded and data tables populated!
11/25/2025 22:10 // INFO // [CONSTRAINT] // Saving and closing are disabled for as long as there are no files opened.
11/25/2025 22:10 // INFO // [LOAD] // BatchML file loaded from C:\Users\Phant0m\Desktop\THESIS_LIPX05\test.xml!
11/25/2025 22:10 // WARNING // [DATATABLE] // InternalKey column could not be found in DataGrid for Recipe Elements Table after loading!
11/25/2025 22:10 // INFO // [DATATABLE] // InternalKey column successfully hidden in 'Recipe Elements Table.'
11/25/2025 22:10 // INFO // [DATATABLE] // InternalKey column successfully hidden in 'Recipe Elements Table.'
11/25/2025 22:13 // INFO // [DATATABLE] // InternalKey column successfully hidden in 'Recipe Elements Table.'
11/25/2025 22:17 // INFO // [DATATABLE] // InternalKey column successfully hidden in 'Recipe Elements Table.'
11/25/2025 22:17 // INFO // [DATATABLE] // InternalKey column successfully hidden in 'Recipe Elements Table.'
11/25/2025 22:28 // INFO // [MODIFY] // Master REcipe Header synced to XML.
11/25/2025 22:28 // INFO // [MODIFY] // Master REcipe Header synced to XML.
11/25/2025 22:28 // INFO // [SYNC] // Found ecipeElement by BatchML ID: J1_Module
11/25/2025 22:28 // INFO // [SYNC] // Synchronized DataRow to XML for table "RecipeElements".
11/25/2025 22:28 // INFO // [SYNC] // Found ecipeElement by BatchML ID: J2_Module
11/25/2025 22:28 // INFO // [SYNC] // Synchronized DataRow to XML for table "RecipeElements".
11/25/2025 22:28 // INFO // [SYNC] // Found ecipeElement by BatchML ID: J3_Module
11/25/2025 22:28 // INFO // [SYNC] // Synchronized DataRow to XML for table "RecipeElements".
11/25/2025 22:28 // INFO // [SYNC] // Found ecipeElement by BatchML ID: J4_Module
11/25/2025 22:28 // INFO // [SYNC] // Synchronized DataRow to XML for table "RecipeElements".
11/25/2025 22:28 // INFO // [SYNC] // No existing XML element found for table "RecipeElements" matching the DataRow keys.
11/25/2025 22:28 // INFO // [SYNC] // Synchronized DataRow to XML for table "RecipeElements".
11/25/2025 22:28 // INFO // [SYNC] // No existing XML element found for table "RecipeElements" matching the DataRow keys.
11/25/2025 22:28 // INFO // [SYNC] // Synchronized DataRow to XML for table "RecipeElements".
11/25/2025 22:28 // INFO // [SYNC] // No existing XML element found for table "RecipeElements" matching the DataRow keys.
11/25/2025 22:28 // INFO // [SYNC] // Synchronized DataRow to XML for table "RecipeElements".
11/25/2025 22:28 // INFO // [SYNC] // No existing XML element found for table "RecipeElements" matching the DataRow keys.
11/25/2025 22:28 // INFO // [SYNC] // Synchronized DataRow to XML for table "RecipeElements".
11/25/2025 22:28 // INFO // [SYNC] // No existing XML element found for table "RecipeElements" matching the DataRow keys.
11/25/2025 22:28 // INFO // [SYNC] // Synchronized DataRow to XML for table "RecipeElements".
11/25/2025 22:28 // INFO // [SYNC] // No existing XML element found for table "RecipeElements" matching the DataRow keys.
11/25/2025 22:28 // INFO // [SYNC] // Synchronized DataRow to XML for table "RecipeElements".
11/25/2025 22:28 // INFO // [SYNC] // Found existing XML element for table "Steps" matching the DataRow keys.
11/25/2025 22:28 // INFO // [SYNC] // Synchronized DataRow to XML for table "Steps".
11/25/2025 22:28 // INFO // [SYNC] // Found existing XML element for table "Steps" matching the DataRow keys.
11/25/2025 22:28 // INFO // [SYNC] // Synchronized DataRow to XML for table "Steps".
11/25/2025 22:28 // INFO // [SYNC] // Found existing XML element for table "Steps" matching the DataRow keys.
11/25/2025 22:28 // INFO // [SYNC] // Synchronized DataRow to XML for table "Steps".
11/25/2025 22:28 // INFO // [SYNC] // Found existing XML element for table "Steps" matching the DataRow keys.
11/25/2025 22:28 // INFO // [SYNC] // Synchronized DataRow to XML for table "Steps".
11/25/2025 22:28 // INFO // [SYNC] // No existing XML element found for table "Steps" matching the DataRow keys.
11/25/2025 22:28 // INFO // [SYNC] // Synchronized DataRow to XML for table "Steps".
11/25/2025 22:28 // INFO // [SYNC] // No existing XML element found for table "Steps" matching the DataRow keys.
11/25/2025 22:28 // INFO // [SYNC] // Synchronized DataRow to XML for table "Steps".
11/25/2025 22:28 // INFO // [SYNC] // No existing XML element found for table "Steps" matching the DataRow keys.
11/25/2025 22:28 // INFO // [SYNC] // Synchronized DataRow to XML for table "Steps".
11/25/2025 22:28 // INFO // [SYNC] // No existing XML element found for table "Steps" matching the DataRow keys.
11/25/2025 22:28 // INFO // [SYNC] // Synchronized DataRow to XML for table "Steps".
11/25/2025 22:28 // INFO // [SYNC] // No existing XML element found for table "Steps" matching the DataRow keys.
11/25/2025 22:28 // INFO // [SYNC] // Synchronized DataRow to XML for table "Steps".
11/25/2025 22:28 // INFO // [SYNC] // No existing XML element found for table "Steps" matching the DataRow keys.
11/25/2025 22:28 // INFO // [SYNC] // Synchronized DataRow to XML for table "Steps".
11/25/2025 22:47 // INFO // [SAVE] // BatchML file successfully saved as C:\Users\Phant0m\Desktop\THESIS_LIPX05\ultimate.xml
11/25/2025 22:48 // INFO // [CLEAR] // PrecedenceGraphCanvas has been cleared!
11/25/2025 22:48 // INFO // [CLEAR] // GanttCanvas has been cleared!
11/25/2025 22:48 // INFO // [CLEAR] // RulerCanvas has been cleared!
11/25/2025 22:48 // INFO // [CLEAR] // FixedLabelCanvas has been cleared!
11/25/2025 22:48 // INFO // [CLEAR] // Precedence graph's node container cleared!
11/25/2025 22:48 // INFO // [CLEAR] // Precedence graph's edge container cleared!
11/25/2025 22:48 // INFO // [CLEAR] // Gantt chart data cleared!
11/25/2025 22:48 // INFO // [CLEAR] // Master Recipe Table datatable purged!
11/25/2025 22:48 // INFO // [CLEAR] // Recipe Elements Table datatable purged!
11/25/2025 22:48 // INFO // [CLEAR] // Steps Table datatable purged!
11/25/2025 22:48 // INFO // [CLEAR] // Master Recipe Table tab removed!
11/25/2025 22:48 // INFO // [CLEAR] // Recipe Elements Table tab removed!
11/25/2025 22:48 // INFO // [CLEAR] // Steps Table tab removed!
11/25/2025 22:48 // INFO // [CONSTRAINT] // Saving and closing are disabled for as long as there are no files opened.
11/25/2025 22:48 // INFO // [CLOSE] // BatchML file closed and all data cleared!
11/25/2025 22:53 // INFO // [LOAD] // Open file dialog initiated...
11/25/2025 22:53 // INFO // [LOAD] // XML document loaded from C:\Users\Phant0m\Desktop\THESIS_LIPX05\test.xml!
11/25/2025 22:53 // INFO // [LOAD] // XML element established!
11/25/2025 22:53 // INFO // [DATATABLE] // Master Recipe Table datatable displayed in new tab!
11/25/2025 22:53 // INFO // [DATATABLE] // Recipe Elements Table datatable displayed in new tab!
11/25/2025 22:53 // INFO // [DATATABLE] // Steps Table datatable displayed in new tab!
11/25/2025 22:53 // INFO // [LOAD] // BatchML file loaded and data tables populated!
11/25/2025 22:53 // INFO // [CONSTRAINT] // Saving and closing are disabled for as long as there are no files opened.
11/25/2025 22:53 // INFO // [LOAD] // BatchML file loaded from C:\Users\Phant0m\Desktop\THESIS_LIPX05\test.xml!
11/25/2025 22:53 // INFO // [DATATABLE] // InternalKey column successfully hidden in 'Recipe Elements Table.'
11/25/2025 22:59 // WARNING // [CLOSE] // Attempting to close file with unsaved changes; prompting user!
11/25/2025 22:59 // INFO // [CLOSE] // Closing file cancelled by user.
11/25/2025 22:59 // INFO // [DATATABLE] // InternalKey column successfully hidden in 'Recipe Elements Table.'
11/25/2025 22:59 // WARNING // [CLOSE] // Attempting to close file with unsaved changes; prompting user!
11/25/2025 22:59 // INFO // [CLOSE] // Closing file without saving (file modified: False)
11/25/2025 22:59 // INFO // [CLEAR] // PrecedenceGraphCanvas has been cleared!
11/25/2025 22:59 // INFO // [CLEAR] // GanttCanvas has been cleared!
11/25/2025 22:59 // INFO // [CLEAR] // RulerCanvas has been cleared!
11/25/2025 22:59 // INFO // [CLEAR] // FixedLabelCanvas has been cleared!
11/25/2025 22:59 // INFO // [CLEAR] // Precedence graph's node container cleared!
11/25/2025 22:59 // INFO // [CLEAR] // Precedence graph's edge container cleared!
11/25/2025 22:59 // INFO // [CLEAR] // Gantt chart data cleared!
11/25/2025 22:59 // INFO // [CLEAR] // Master Recipe Table datatable purged!
11/25/2025 22:59 // INFO // [CLEAR] // Recipe Elements Table datatable purged!
11/25/2025 22:59 // INFO // [CLEAR] // Steps Table datatable purged!
11/25/2025 22:59 // INFO // [CLEAR] // Master Recipe Table tab removed!
11/25/2025 22:59 // INFO // [CLEAR] // Recipe Elements Table tab removed!
11/25/2025 22:59 // INFO // [CLEAR] // Steps Table tab removed!
11/25/2025 22:59 // INFO // [CONSTRAINT] // Saving and closing are disabled for as long as there are no files opened.
11/25/2025 22:59 // INFO // [CLOSE] // BatchML file closed and all data cleared!
11/25/2025 23:46 // INFO // [EXTERN_SOLVER] // Custom deterministic solver "CDS" added with path: C:\Users\Phant0m\Desktop\THESIS_LIPX05\Y0KAI_CDS\bin\Release\net9.0\Y0KAI_CDS.exe
11/25/2025 23:46 // INFO // [INITIALIZATION] // Johnson's Rule solver added!
11/25/2025 23:46 // INFO // [INITIALIZATION] // List Scheduling solver added!
11/25/2025 23:46 // INFO // [INITIALIZATION] // {cs.Name} ({cs.TypeID} type) solver added!
11/25/2025 23:46 // INFO // [INITIALIZATION] // {cs.Name} ({cs.TypeID} type) solver added!
11/25/2025 23:46 // INFO // [INITIALIZATION] // Solver menu successfully built!
11/25/2025 23:50 // WARNING // [EXITUS] // Custom solvers not saved during exit!
11/25/2025 23:50 // INFO // [EXITUS] // Shutting down...
