11/27/2025 06:00 // INFO // [INITIALIZATION] // Beginning initialization...
11/27/2025 06:00 // INFO // [INITIALIZATION] // Johnson's Rule solver added!
11/27/2025 06:00 // INFO // [INITIALIZATION] // List Scheduling solver added!
11/27/2025 06:00 // INFO // [INITIALIZATION] // Solver menu successfully built!
11/27/2025 06:00 // INFO // [CONSTRAINT] // Saving and closing are disabled for as long as there are no files opened.
11/27/2025 06:00 // INFO // [INITIALIZATION] // Initialization complete!
11/27/2025 06:01 // WARNING // [S_GRAPH] // User tried to draw a graph with no BatchML file loaded!
11/27/2025 06:01 // INFO // [S_GRAPH] // Node J1_M1 at 100;50
11/27/2025 06:01 // INFO // [S_GRAPH] // Node J1_M2 at 400;50
11/27/2025 06:01 // INFO // [S_GRAPH] // Node P1 at 700;50
11/27/2025 06:01 // INFO // [S_GRAPH] // Node J2_M1 at 100;200
11/27/2025 06:01 // INFO // [S_GRAPH] // Node J2_M2 at 400;200
11/27/2025 06:01 // INFO // [S_GRAPH] // Node P2 at 700;200
11/27/2025 06:01 // INFO // [S_GRAPH] // Node J3_M1 at 100;350
11/27/2025 06:01 // INFO // [S_GRAPH] // Node J3_M2 at 400;350
11/27/2025 06:01 // INFO // [S_GRAPH] // Node P3 at 700;350
11/27/2025 06:01 // INFO // [S_GRAPH] // Curve value of edge (J1_M1 to J1_M2) set to 25,00
11/27/2025 06:01 // INFO // [S_GRAPH] // Edge drawn from (170,0;85,0) to (400,0;85,0)!
11/27/2025 06:01 // INFO // [S_GRAPH] // Weight 36 drawn at (285;97,5)!
11/27/2025 06:01 // INFO // [S_GRAPH] // Edge from J1_M1 to J1_M2 with cost 0 drawn.
11/27/2025 06:01 // INFO // [S_GRAPH] // Edge drawn from (470,0;85,0) to (700,0;85,0)!
11/27/2025 06:01 // INFO // [S_GRAPH] // Weight 2 drawn at (585;85)!
11/27/2025 06:01 // INFO // [S_GRAPH] // Edge from J1_M2 to P1 with cost 0 drawn.
11/27/2025 06:01 // INFO // [S_GRAPH] // Curve value of edge (J2_M1 to J2_M2) set to 25,00
11/27/2025 06:01 // INFO // [S_GRAPH] // Edge drawn from (170,0;235,0) to (400,0;235,0)!
11/27/2025 06:01 // INFO // [S_GRAPH] // Weight 41 drawn at (285;247,5)!
11/27/2025 06:01 // INFO // [S_GRAPH] // Edge from J2_M1 to J2_M2 with cost 0 drawn.
11/27/2025 06:01 // INFO // [S_GRAPH] // Edge drawn from (470,0;235,0) to (700,0;235,0)!
11/27/2025 06:01 // INFO // [S_GRAPH] // Weight 27 drawn at (585;235)!
11/27/2025 06:01 // INFO // [S_GRAPH] // Edge from J2_M2 to P2 with cost 0 drawn.
11/27/2025 06:01 // INFO // [S_GRAPH] // Curve value of edge (J3_M1 to J3_M2) set to 25,00
11/27/2025 06:01 // INFO // [S_GRAPH] // Edge drawn from (170,0;385,0) to (400,0;385,0)!
11/27/2025 06:01 // INFO // [S_GRAPH] // Weight 7 drawn at (285;397,5)!
11/27/2025 06:01 // INFO // [S_GRAPH] // Edge from J3_M1 to J3_M2 with cost 0 drawn.
11/27/2025 06:01 // INFO // [S_GRAPH] // Edge drawn from (470,0;385,0) to (700,0;385,0)!
11/27/2025 06:01 // INFO // [S_GRAPH] // Weight 8 drawn at (585;385)!
11/27/2025 06:01 // INFO // [S_GRAPH] // Edge from J3_M2 to P3 with cost 0 drawn.
11/27/2025 06:01 // INFO // [S_GRAPH] // Canvas resized to 820x470!
11/27/2025 06:01 // INFO // [CONSTRAINT] // Saving and closing are disabled for as long as there are no files opened.
11/27/2025 06:01 // INFO // [INITIALIZATION] // Johnson's Rule solver enabled!
11/27/2025 06:01 // INFO // [INITIALIZATION] // List Scheduling solver enabled!
11/27/2025 06:01 // INFO // [INITIALIZATION] //  solver enabled!
11/27/2025 06:01 // INFO // [CONSTRAINT] // Saving and closing are disabled for as long as there are no files opened.
11/27/2025 06:01 // INFO // [INTEG_SOLVER] // Johnson's Rule solver selected!
11/27/2025 06:01 // INFO // [INTEG_SOLVER] // Starting Johnson's Rule solver...
11/27/2025 06:01 // INFO // [Johnson's Rule Optimizer] // Job J1 assigned to S2 (TimeM1: 36, TimeM2: 2).
11/27/2025 06:01 // INFO // [Johnson's Rule Optimizer] // Job J2 assigned to S2 (TimeM1: 41, TimeM2: 27).
11/27/2025 06:01 // INFO // [Johnson's Rule Optimizer] // Job J3 assigned to S1 (TimeM1: 7, TimeM2: 8).
11/27/2025 06:01 // INFO // [Johnson's Rule Optimizer] // S1 sorted in ascending order of TimeM1 and S2 sorted in descending order of TimeM2.
11/27/2025 06:01 // INFO // [Johnson's Rule Optimizer] // Optimized job sequence: System.Collections.Generic.List`1[System.String]
11/27/2025 06:01 // INFO // [Johnson's Rule Optimizer] // Cleared all existing S-Graph edges for sequence rebuild.
11/27/2025 06:01 // INFO // [Johnson's Rule Optimizer] // Added technological edge from J1_M1 to J1_M2 with cost 36.
11/27/2025 06:01 // INFO // [Johnson's Rule Optimizer] // Added technological edge from J2_M1 to J2_M2 with cost 41.
11/27/2025 06:01 // INFO // [Johnson's Rule Optimizer] // Added technological edge from J3_M1 to J3_M2 with cost 7.
11/27/2025 06:01 // INFO // [Johnson's Rule Optimizer] // Added zero-cost sequential edge from J3_M1 to J2_M1.
11/27/2025 06:01 // INFO // [Johnson's Rule Optimizer] // Added zero-cost sequential edge from J3_M2 to J2_M2.
11/27/2025 06:01 // INFO // [Johnson's Rule Optimizer] // Added zero-cost sequential edge from J2_M1 to J1_M1.
11/27/2025 06:01 // INFO // [Johnson's Rule Optimizer] // Added zero-cost sequential edge from J2_M2 to J1_M2.
11/27/2025 06:01 // INFO // [Johnson's Rule Optimizer] // Added terminating edge from J3_M2 to P3.
11/27/2025 06:01 // INFO // [Johnson's Rule Optimizer] // Added terminating edge from J2_M2 to P2.
11/27/2025 06:01 // INFO // [Johnson's Rule Optimizer] // Added terminating edge from J1_M2 to P1.
11/27/2025 06:01 // INFO // [Johnson's Rule Optimizer] // Graph rebuilt with necessary technological constraints (cost = duration) and zero-cost sequential constraints.
11/27/2025 06:01 // INFO // [Johnson's Rule Optimizer] // Starting topological sort using Kahn's algorithm.
11/27/2025 06:01 // INFO // [Johnson's Rule Optimizer] // Node J3_M1 added to topological order.
11/27/2025 06:01 // INFO // [Johnson's Rule Optimizer] // Decreased in-degree of J3_M2 to 0.
11/27/2025 06:01 // INFO // [Johnson's Rule Optimizer] // Decreased in-degree of J2_M1 to 0.
11/27/2025 06:01 // INFO // [Johnson's Rule Optimizer] // Node J3_M2 added to topological order.
11/27/2025 06:01 // INFO // [Johnson's Rule Optimizer] // Decreased in-degree of J2_M2 to 1.
11/27/2025 06:01 // INFO // [Johnson's Rule Optimizer] // Decreased in-degree of P3 to 0.
11/27/2025 06:01 // INFO // [Johnson's Rule Optimizer] // Node J2_M1 added to topological order.
11/27/2025 06:01 // INFO // [Johnson's Rule Optimizer] // Decreased in-degree of J2_M2 to 0.
11/27/2025 06:01 // INFO // [Johnson's Rule Optimizer] // Decreased in-degree of J1_M1 to 0.
11/27/2025 06:01 // INFO // [Johnson's Rule Optimizer] // Node P3 added to topological order.
11/27/2025 06:01 // INFO // [Johnson's Rule Optimizer] // Node J2_M2 added to topological order.
11/27/2025 06:01 // INFO // [Johnson's Rule Optimizer] // Decreased in-degree of J1_M2 to 1.
11/27/2025 06:01 // INFO // [Johnson's Rule Optimizer] // Decreased in-degree of P2 to 0.
11/27/2025 06:01 // INFO // [Johnson's Rule Optimizer] // Node J1_M1 added to topological order.
11/27/2025 06:01 // INFO // [Johnson's Rule Optimizer] // Decreased in-degree of J1_M2 to 0.
11/27/2025 06:01 // INFO // [Johnson's Rule Optimizer] // Node P2 added to topological order.
11/27/2025 06:01 // INFO // [Johnson's Rule Optimizer] // Node J1_M2 added to topological order.
11/27/2025 06:01 // INFO // [Johnson's Rule Optimizer] // Decreased in-degree of P1 to 0.
11/27/2025 06:01 // INFO // [Johnson's Rule Optimizer] // Node P1 added to topological order.
11/27/2025 06:01 // INFO // [Johnson's Rule Optimizer] // Topological sort completed successfully.
11/27/2025 06:01 // INFO // [GANTT] // Node J3_M1 EST is 0 (no predecessors).
11/27/2025 06:01 // INFO // [GANTT] // Node J3_M2 EST is determined by J3_M1 (EST: 7,00).
11/27/2025 06:01 // INFO // [GANTT] // Node J2_M1 EST is determined by J3_M1 (EST: 7,00).
11/27/2025 06:01 // INFO // [GANTT] // Node J2_M2 EST is determined by J2_M1 (EST: 48,00).
11/27/2025 06:01 // INFO // [GANTT] // Node J1_M1 EST is determined by J2_M1 (EST: 48,00).
11/27/2025 06:01 // INFO // [GANTT] // Node J1_M2 EST is determined by J1_M1 (EST: 84,00).
11/27/2025 06:01 // INFO // [GANTT] // Gantt chart built with 6 items from path with 9 nodes.
11/27/2025 06:01 // INFO // [GANTT] // Gantt data built with 6 items from optimized path using Johnson's Rule!
11/27/2025 06:01 // INFO // [GANTT] // Canvases are ready to be used!
11/27/2025 06:01 // INFO // [GANTT] // Ruler drawn: 87 ticks and 44 labels.
11/27/2025 06:01 // INFO // [GANTT] // Gantt chart rendered with 6 items on canvas.
11/27/2025 06:01 // INFO // [GANTT] // Canvas resized to 960x110 to fit all Gantt items.
11/27/2025 06:01 // INFO // [GANTT] // Johnson's Rule schedule rendered successfully!
11/27/2025 06:01 // INFO // [CONSTRAINT] // Saving and closing are disabled for as long as there are no files opened.
11/27/2025 06:01 // INFO // [S_GRAPH] // Node J1_M1 at 100;50
11/27/2025 06:01 // INFO // [S_GRAPH] // Node J1_M2 at 400;50
11/27/2025 06:01 // INFO // [S_GRAPH] // Node P1 at 700;50
11/27/2025 06:01 // INFO // [S_GRAPH] // Node J2_M1 at 100;200
11/27/2025 06:01 // INFO // [S_GRAPH] // Node J2_M2 at 400;200
11/27/2025 06:01 // INFO // [S_GRAPH] // Node P2 at 700;200
11/27/2025 06:01 // INFO // [S_GRAPH] // Node J3_M1 at 100;350
11/27/2025 06:01 // INFO // [S_GRAPH] // Node J3_M2 at 400;350
11/27/2025 06:01 // INFO // [S_GRAPH] // Node P3 at 700;350
11/27/2025 06:01 // INFO // [S_GRAPH] // Curve value of edge (J1_M1 to J1_M2) set to 25,00
11/27/2025 06:01 // INFO // [S_GRAPH] // Edge drawn from (170,0;85,0) to (400,0;85,0)!
11/27/2025 06:01 // INFO // [S_GRAPH] // Weight 36 drawn at (285;97,5)!
11/27/2025 06:01 // INFO // [S_GRAPH] // Edge from J1_M1 to J1_M2 with cost 0 drawn.
11/27/2025 06:01 // INFO // [S_GRAPH] // Curve value of edge (J2_M1 to J2_M2) set to 25,00
11/27/2025 06:01 // INFO // [S_GRAPH] // Edge drawn from (170,0;235,0) to (400,0;235,0)!
11/27/2025 06:01 // INFO // [S_GRAPH] // Weight 41 drawn at (285;247,5)!
11/27/2025 06:01 // INFO // [S_GRAPH] // Edge from J2_M1 to J2_M2 with cost 0 drawn.
11/27/2025 06:01 // INFO // [S_GRAPH] // Curve value of edge (J3_M1 to J3_M2) set to 25,00
11/27/2025 06:01 // INFO // [S_GRAPH] // Edge drawn from (170,0;385,0) to (400,0;385,0)!
11/27/2025 06:01 // INFO // [S_GRAPH] // Weight 7 drawn at (285;397,5)!
11/27/2025 06:01 // INFO // [S_GRAPH] // Edge from J3_M1 to J3_M2 with cost 0 drawn.
11/27/2025 06:01 // INFO // [S_GRAPH] // Curve value of edge (J3_M1 to J2_M1) set to -25,00
11/27/2025 06:01 // INFO // [S_GRAPH] // Edge drawn from (135,0;350,0) to (135,0;270,0)!
11/27/2025 06:01 // INFO // [S_GRAPH] // Weight 7 drawn at (122,5;310)!
11/27/2025 06:01 // INFO // [S_GRAPH] // Edge from J3_M1 to J2_M1 with cost 0 drawn.
11/27/2025 06:01 // INFO // [S_GRAPH] // Curve value of edge (J3_M2 to J2_M2) set to -25,00
11/27/2025 06:01 // INFO // [S_GRAPH] // Edge drawn from (435,0;350,0) to (435,0;270,0)!
11/27/2025 06:01 // INFO // [S_GRAPH] // Weight 8 drawn at (422,5;310)!
11/27/2025 06:01 // INFO // [S_GRAPH] // Edge from J3_M2 to J2_M2 with cost 0 drawn.
11/27/2025 06:01 // INFO // [S_GRAPH] // Curve value of edge (J2_M1 to J1_M1) set to -25,00
11/27/2025 06:01 // INFO // [S_GRAPH] // Edge drawn from (135,0;200,0) to (135,0;120,0)!
11/27/2025 06:01 // INFO // [S_GRAPH] // Weight 41 drawn at (122,5;160)!
11/27/2025 06:01 // INFO // [S_GRAPH] // Edge from J2_M1 to J1_M1 with cost 0 drawn.
11/27/2025 06:01 // INFO // [S_GRAPH] // Curve value of edge (J2_M2 to J1_M2) set to -25,00
11/27/2025 06:01 // INFO // [S_GRAPH] // Edge drawn from (435,0;200,0) to (435,0;120,0)!
11/27/2025 06:01 // INFO // [S_GRAPH] // Weight 27 drawn at (422,5;160)!
11/27/2025 06:01 // INFO // [S_GRAPH] // Edge from J2_M2 to J1_M2 with cost 0 drawn.
11/27/2025 06:01 // INFO // [S_GRAPH] // Edge drawn from (470,0;385,0) to (700,0;385,0)!
11/27/2025 06:01 // INFO // [S_GRAPH] // Weight 8 drawn at (585;385)!
11/27/2025 06:01 // INFO // [S_GRAPH] // Edge from J3_M2 to P3 with cost 0 drawn.
11/27/2025 06:01 // INFO // [S_GRAPH] // Edge drawn from (470,0;235,0) to (700,0;235,0)!
11/27/2025 06:01 // INFO // [S_GRAPH] // Weight 27 drawn at (585;235)!
11/27/2025 06:01 // INFO // [S_GRAPH] // Edge from J2_M2 to P2 with cost 0 drawn.
11/27/2025 06:01 // INFO // [S_GRAPH] // Edge drawn from (470,0;85,0) to (700,0;85,0)!
11/27/2025 06:01 // INFO // [S_GRAPH] // Weight 2 drawn at (585;85)!
11/27/2025 06:01 // INFO // [S_GRAPH] // Edge from J1_M2 to P1 with cost 0 drawn.
11/27/2025 06:01 // INFO // [S_GRAPH] // Canvas resized to 820x470!
11/27/2025 06:01 // INFO // [GANTT] // Gantt chart rendered with 6 items on canvas.
11/27/2025 06:01 // INFO // [GANTT] // Canvas resized to 957,5924295850526x110 to fit all Gantt items.
11/27/2025 06:01 // INFO // [GANTT] // Canvases are ready to be used!
11/27/2025 06:01 // INFO // [GANTT] // Ruler drawn: 87 ticks and 44 labels.
11/27/2025 06:01 // INFO // [MODIFY] // Zoom level changed to -0,004044489383215369, scale set to 9,97200499517503!
11/27/2025 06:01 // INFO // [GANTT] // Gantt chart rendered with 6 items on canvas.
11/27/2025 06:01 // INFO // [GANTT] // Canvas resized to 960x110 to fit all Gantt items.
11/27/2025 06:01 // INFO // [GANTT] // Canvases are ready to be used!
11/27/2025 06:01 // INFO // [GANTT] // Ruler drawn: 87 ticks and 44 labels.
11/27/2025 06:01 // INFO // [MODIFY] // Zoom level changed to 0, scale set to 10!
11/27/2025 06:01 // INFO // [GANTT] // Gantt chart rendered with 6 items on canvas.
11/27/2025 06:01 // INFO // [GANTT] // Canvas resized to 964,835436552985x110 to fit all Gantt items.
11/27/2025 06:01 // INFO // [GANTT] // Canvases are ready to be used!
11/27/2025 06:01 // INFO // [GANTT] // Ruler drawn: 87 ticks and 44 labels.
11/27/2025 06:01 // INFO // [MODIFY] // Zoom level changed to 0,008088978766430738, scale set to 10,056226006430059!
11/27/2025 06:01 // INFO // [GANTT] // Gantt chart rendered with 6 items on canvas.
11/27/2025 06:01 // INFO // [GANTT] // Canvas resized to 977,0433088770842x110 to fit all Gantt items.
11/27/2025 06:01 // INFO // [GANTT] // Canvases are ready to be used!
11/27/2025 06:01 // INFO // [GANTT] // Ruler drawn: 87 ticks and 44 labels.
11/27/2025 06:01 // INFO // [MODIFY] // Zoom level changed to 0,028311425682507583, scale set to 10,198178010198653!
11/27/2025 06:01 // INFO // [GANTT] // Gantt chart rendered with 6 items on canvas.
11/27/2025 06:01 // INFO // [GANTT] // Canvas resized to 984,4505930114004x110 to fit all Gantt items.
11/27/2025 06:01 // INFO // [GANTT] // Canvases are ready to be used!
11/27/2025 06:01 // INFO // [GANTT] // Ruler drawn: 87 ticks and 44 labels.
11/27/2025 06:01 // INFO // [MODIFY] // Zoom level changed to 0,04044489383215369, scale set to 10,284309221062795!
11/27/2025 06:01 // INFO // [GANTT] // Gantt chart rendered with 6 items on canvas.
11/27/2025 06:01 // INFO // [GANTT] // Canvas resized to 989,4235054843732x110 to fit all Gantt items.
11/27/2025 06:01 // INFO // [GANTT] // Canvases are ready to be used!
11/27/2025 06:01 // INFO // [GANTT] // Ruler drawn: 87 ticks and 44 labels.
11/27/2025 06:01 // INFO // [MODIFY] // Zoom level changed to 0,048533872598584424, scale set to 10,342133784702014!
11/27/2025 06:01 // INFO // [GANTT] // Gantt chart rendered with 6 items on canvas.
11/27/2025 06:01 // INFO // [GANTT] // Canvas resized to 996,9353496021943x110 to fit all Gantt items.
11/27/2025 06:01 // INFO // [GANTT] // Canvases are ready to be used!
11/27/2025 06:01 // INFO // [GANTT] // Ruler drawn: 87 ticks and 44 labels.
11/27/2025 06:01 // INFO // [MODIFY] // Zoom level changed to 0,06066734074823053, scale set to 10,42948080932784!
11/27/2025 06:01 // INFO // [GANTT] // Gantt chart rendered with 6 items on canvas.
11/27/2025 06:01 // INFO // [GANTT] // Canvas resized to 1007,0499235384536x110 to fit all Gantt items.
11/27/2025 06:01 // INFO // [GANTT] // Canvases are ready to be used!
11/27/2025 06:01 // INFO // [GANTT] // Ruler drawn: 87 ticks and 44 labels.
11/27/2025 06:01 // INFO // [MODIFY] // Zoom level changed to 0,07684529828109202, scale set to 10,547092134168066!
11/27/2025 06:01 // INFO // [GANTT] // Gantt chart rendered with 6 items on canvas.
11/27/2025 06:01 // INFO // [GANTT] // Canvas resized to 1009,5963389281604x110 to fit all Gantt items.
11/27/2025 06:01 // INFO // [GANTT] // Canvases are ready to be used!
11/27/2025 06:01 // INFO // [GANTT] // Ruler drawn: 87 ticks and 44 labels.
11/27/2025 06:01 // INFO // [MODIFY] // Zoom level changed to 0,08088978766430739, scale set to 10,576701615443726!
11/27/2025 06:01 // INFO // [GANTT] // Gantt chart rendered with 6 items on canvas.
11/27/2025 06:01 // INFO // [GANTT] // Canvas resized to 1017,2785576530274x110 to fit all Gantt items.
11/27/2025 06:01 // INFO // [GANTT] // Canvases are ready to be used!
11/27/2025 06:01 // INFO // [GANTT] // Ruler drawn: 87 ticks and 44 labels.
11/27/2025 06:01 // INFO // [MODIFY] // Zoom level changed to 0,0930232558139535, scale set to 10,666029740151481!
11/27/2025 06:01 // INFO // [GANTT] // Gantt chart rendered with 6 items on canvas.
11/27/2025 06:01 // INFO // [GANTT] // Canvas resized to 1019,8536884978035x110 to fit all Gantt items.
11/27/2025 06:01 // INFO // [GANTT] // Canvases are ready to be used!
11/27/2025 06:01 // INFO // [GANTT] // Ruler drawn: 87 ticks and 44 labels.
11/27/2025 06:01 // INFO // [MODIFY] // Zoom level changed to 0,09706774519716888, scale set to 10,695973122067484!
11/27/2025 06:01 // INFO // [GANTT] // Gantt chart rendered with 6 items on canvas.
11/27/2025 06:01 // INFO // [GANTT] // Canvas resized to 1027,6225381814365x110 to fit all Gantt items.
11/27/2025 06:01 // INFO // [GANTT] // Canvases are ready to be used!
11/27/2025 06:01 // INFO // [GANTT] // Ruler drawn: 87 ticks and 44 labels.
11/27/2025 06:01 // INFO // [MODIFY] // Zoom level changed to 0,10920121334681498, scale set to 10,786308583505075!
11/27/2025 06:01 // INFO // [GANTT] // Gantt chart rendered with 6 items on canvas.
11/27/2025 06:01 // INFO // [GANTT] // Canvas resized to 1030,2267083001543x110 to fit all Gantt items.
11/27/2025 06:01 // INFO // [GANTT] // Canvases are ready to be used!
11/27/2025 06:01 // INFO // [GANTT] // Ruler drawn: 87 ticks and 44 labels.
11/27/2025 06:01 // INFO // [MODIFY] // Zoom level changed to 0,11324570273003036, scale set to 10,816589631397145!
11/27/2025 06:01 // INFO // [GANTT] // Gantt chart rendered with 6 items on canvas.
11/27/2025 06:01 // INFO // [GANTT] // Canvas resized to 1035,4570015883842x110 to fit all Gantt items.
11/27/2025 06:01 // INFO // [GANTT] // Canvases are ready to be used!
11/27/2025 06:01 // INFO // [GANTT] // Ruler drawn: 87 ticks and 44 labels.
11/27/2025 06:01 // INFO // [MODIFY] // Zoom level changed to 0,1213346814964611, scale set to 10,877406995213768!
11/27/2025 06:01 // INFO // [GANTT] // Gantt chart rendered with 6 items on canvas.
11/27/2025 06:01 // INFO // [GANTT] // Canvas resized to 1040,7167027270193x110 to fit all Gantt items.
11/27/2025 06:01 // INFO // [GANTT] // Canvases are ready to be used!
11/27/2025 06:01 // INFO // [GANTT] // Ruler drawn: 87 ticks and 44 labels.
11/27/2025 06:01 // INFO // [MODIFY] // Zoom level changed to 0,12942366026289184, scale set to 10,938566310779294!
11/27/2025 06:01 // INFO // [GANTT] // Gantt chart rendered with 6 items on canvas.
11/27/2025 06:01 // INFO // [GANTT] // Canvas resized to 1043,3576328754211x110 to fit all Gantt items.
11/27/2025 06:01 // INFO // [GANTT] // Canvases are ready to be used!
11/27/2025 06:01 // INFO // [GANTT] // Ruler drawn: 87 ticks and 44 labels.
11/27/2025 06:01 // INFO // [MODIFY] // Zoom level changed to 0,1334681496461072, scale set to 10,969274800876988!
11/27/2025 06:01 // INFO // [GANTT] // Gantt chart rendered with 6 items on canvas.
11/27/2025 06:01 // INFO // [GANTT] // Canvas resized to 1046,0059770646585x110 to fit all Gantt items.
11/27/2025 06:01 // INFO // [GANTT] // Canvases are ready to be used!
11/27/2025 06:01 // INFO // [GANTT] // Ruler drawn: 87 ticks and 44 labels.
11/27/2025 06:01 // INFO // [MODIFY] // Zoom level changed to 0,13751263902932256, scale set to 11,000069500751843!
11/27/2025 06:01 // INFO // [GANTT] // Gantt chart rendered with 6 items on canvas.
11/27/2025 06:01 // INFO // [GANTT] // Canvas resized to 1048,661756108611x110 to fit all Gantt items.
11/27/2025 06:01 // INFO // [GANTT] // Canvases are ready to be used!
11/27/2025 06:01 // INFO // [GANTT] // Ruler drawn: 87 ticks and 44 labels.
11/27/2025 06:01 // INFO // [MODIFY] // Zoom level changed to 0,14155712841253792, scale set to 11,030950652425709!
11/27/2025 06:01 // INFO // [GANTT] // Gantt chart rendered with 6 items on canvas.
11/27/2025 06:01 // INFO // [GANTT] // Canvas resized to 1053,9957023085024x110 to fit all Gantt items.
11/27/2025 06:01 // INFO // [GANTT] // Canvases are ready to be used!
11/27/2025 06:01 // INFO // [GANTT] // Ruler drawn: 87 ticks and 44 labels.
11/27/2025 06:01 // INFO // [MODIFY] // Zoom level changed to 0,14964610717896867, scale set to 11,092973282657004!
11/27/2025 06:01 // INFO // [GANTT] // Gantt chart rendered with 6 items on canvas.
11/27/2025 06:01 // INFO // [GANTT] // Canvas resized to 1056,6739113850167x110 to fit all Gantt items.
11/27/2025 06:01 // INFO // [GANTT] // Canvases are ready to be used!
11/27/2025 06:01 // INFO // [GANTT] // Ruler drawn: 87 ticks and 44 labels.
11/27/2025 06:01 // INFO // [MODIFY] // Zoom level changed to 0,15369059656218403, scale set to 11,124115248662987!
11/27/2025 06:01 // INFO // [GANTT] // Gantt chart rendered with 6 items on canvas.
11/27/2025 06:01 // INFO // [GANTT] // Canvas resized to 1064,7537352817292x110 to fit all Gantt items.
11/27/2025 06:01 // INFO // [GANTT] // Canvases are ready to be used!
11/27/2025 06:01 // INFO // [GANTT] // Ruler drawn: 87 ticks and 44 labels.
11/27/2025 06:01 // INFO // [MODIFY] // Zoom level changed to 0,16582406471183014, scale set to 11,218066689322432!
11/27/2025 06:01 // INFO // [GANTT] // Gantt chart rendered with 6 items on canvas.
11/27/2025 06:01 // INFO // [GANTT] // Canvas resized to 1067,4621460263274x110 to fit all Gantt items.
11/27/2025 06:01 // INFO // [GANTT] // Canvases are ready to be used!
11/27/2025 06:01 // INFO // [GANTT] // Ruler drawn: 87 ticks and 44 labels.
11/27/2025 06:01 // INFO // [MODIFY] // Zoom level changed to 0,1698685540950455, scale set to 11,249559837515434!
11/27/2025 06:01 // INFO // [GANTT] // Gantt chart rendered with 6 items on canvas.
11/27/2025 06:01 // INFO // [GANTT] // Canvas resized to 1070,1781602540664x110 to fit all Gantt items.
11/27/2025 06:01 // INFO // [GANTT] // Canvases are ready to be used!
11/27/2025 06:01 // INFO // [GANTT] // Ruler drawn: 87 ticks and 44 labels.
11/27/2025 06:01 // INFO // [MODIFY] // Zoom level changed to 0,17391304347826086, scale set to 11,281141398303099!
11/27/2025 06:01 // INFO // [GANTT] // Gantt chart rendered with 6 items on canvas.
11/27/2025 06:01 // INFO // [GANTT] // Canvas resized to 1078,3720375930443x110 to fit all Gantt items.
11/27/2025 06:01 // INFO // [GANTT] // Canvases are ready to be used!
11/27/2025 06:01 // INFO // [GANTT] // Ruler drawn: 87 ticks and 44 labels.
11/27/2025 06:01 // INFO // [MODIFY] // Zoom level changed to 0,18604651162790697, scale set to 11,376419041779586!
11/27/2025 06:01 // INFO // [GANTT] // Gantt chart rendered with 6 items on canvas.
11/27/2025 06:01 // INFO // [GANTT] // Canvas resized to 1081,118679810561x110 to fit all Gantt items.
11/27/2025 06:01 // INFO // [GANTT] // Canvases are ready to be used!
11/27/2025 06:01 // INFO // [GANTT] // Ruler drawn: 87 ticks and 44 labels.
11/27/2025 06:01 // INFO // [MODIFY] // Zoom level changed to 0,19009100101112233, scale set to 11,408356741983265!
11/27/2025 06:01 // INFO // [GANTT] // Gantt chart rendered with 6 items on canvas.
11/27/2025 06:01 // INFO // [GANTT] // Canvas resized to 1083,8730328407141x110 to fit all Gantt items.
11/27/2025 06:01 // INFO // [GANTT] // Canvases are ready to be used!
11/27/2025 06:01 // INFO // [GANTT] // Ruler drawn: 87 ticks and 44 labels.
11/27/2025 06:01 // INFO // [MODIFY] // Zoom level changed to 0,1941354903943377, scale set to 11,440384102799001!
11/27/2025 06:01 // INFO // [GANTT] // Gantt chart rendered with 6 items on canvas.
11/27/2025 06:01 // INFO // [GANTT] // Canvas resized to 1089,4049579878003x110 to fit all Gantt items.
11/27/2025 06:01 // INFO // [GANTT] // Canvases are ready to be used!
11/27/2025 06:01 // INFO // [GANTT] // Ruler drawn: 87 ticks and 44 labels.
11/27/2025 06:01 // INFO // [MODIFY] // Zoom level changed to 0,20222446916076844, scale set to 11,504708813811632!
11/27/2025 06:01 // INFO // [GANTT] // Gantt chart rendered with 6 items on canvas.
11/27/2025 06:01 // INFO // [GANTT] // Canvas resized to 1092,1825735812663x110 to fit all Gantt items.
11/27/2025 06:01 // INFO // [GANTT] // Canvases are ready to be used!
11/27/2025 06:01 // INFO // [GANTT] // Ruler drawn: 87 ticks and 44 labels.
11/27/2025 06:01 // INFO // [MODIFY] // Zoom level changed to 0,2062689585439838, scale set to 11,537006669549609!
11/27/2025 06:01 // INFO // [GANTT] // Gantt chart rendered with 6 items on canvas.
11/27/2025 06:01 // INFO // [GANTT] // Canvas resized to 1097,7612199574635x110 to fit all Gantt items.
11/27/2025 06:01 // INFO // [GANTT] // Canvases are ready to be used!
11/27/2025 06:01 // INFO // [GANTT] // Ruler drawn: 87 ticks and 44 labels.
11/27/2025 06:01 // INFO // [MODIFY] // Zoom level changed to 0,21435793731041455, scale set to 11,60187465066818!
11/27/2025 06:01 // INFO // [GANTT] // Gantt chart rendered with 6 items on canvas.
11/27/2025 06:01 // INFO // [GANTT] // Canvas resized to 1106,1880567848143x110 to fit all Gantt items.
11/27/2025 06:01 // INFO // [GANTT] // Canvases are ready to be used!
11/27/2025 06:01 // INFO // [GANTT] // Ruler drawn: 87 ticks and 44 labels.
11/27/2025 06:01 // INFO // [MODIFY] // Zoom level changed to 0,22649140546006066, scale set to 11,699861125404817!
11/27/2025 06:01 // INFO // [GANTT] // Gantt chart rendered with 6 items on canvas.
11/27/2025 06:01 // INFO // [GANTT] // Canvas resized to 1109,0127885732709x110 to fit all Gantt items.
11/27/2025 06:01 // INFO // [GANTT] // Canvases are ready to be used!
11/27/2025 06:01 // INFO // [GANTT] // Ruler drawn: 87 ticks and 44 labels.
11/27/2025 06:01 // INFO // [MODIFY] // Zoom level changed to 0,23053589484327602, scale set to 11,732706843875242!
11/27/2025 06:01 // INFO // [GANTT] // Gantt chart rendered with 6 items on canvas.
11/27/2025 06:01 // INFO // [GANTT] // Canvas resized to 1117,5346532799185x110 to fit all Gantt items.
11/27/2025 06:01 // INFO // [GANTT] // Canvases are ready to be used!
11/27/2025 06:01 // INFO // [GANTT] // Ruler drawn: 87 ticks and 44 labels.
11/27/2025 06:01 // INFO // [MODIFY] // Zoom level changed to 0,24266936299292213, scale set to 11,83179829395254!
11/27/2025 06:01 // INFO // [GANTT] // Gantt chart rendered with 6 items on canvas.
11/27/2025 06:01 // INFO // [GANTT] // Canvas resized to 1120,3912390459632x110 to fit all Gantt items.
11/27/2025 06:01 // INFO // [GANTT] // Canvases are ready to be used!
11/27/2025 06:01 // INFO // [GANTT] // Ruler drawn: 87 ticks and 44 labels.
11/27/2025 06:01 // INFO // [MODIFY] // Zoom level changed to 0,2467138523761375, scale set to 11,8650144075112!
11/27/2025 06:01 // INFO // [GANTT] // Gantt chart rendered with 6 items on canvas.
11/27/2025 06:01 // INFO // [GANTT] // Canvas resized to 1123,2558442757309x110 to fit all Gantt items.
11/27/2025 06:01 // INFO // [GANTT] // Canvases are ready to be used!
11/27/2025 06:01 // INFO // [GANTT] // Ruler drawn: 87 ticks and 44 labels.
11/27/2025 06:01 // INFO // [MODIFY] // Zoom level changed to 0,25075834175935285, scale set to 11,898323770648034!
11/27/2025 06:01 // INFO // [GANTT] // Gantt chart rendered with 6 items on canvas.
11/27/2025 06:01 // INFO // [GANTT] // Canvas resized to 1131,8980021987584x110 to fit all Gantt items.
11/27/2025 06:01 // INFO // [GANTT] // Canvases are ready to be used!
11/27/2025 06:01 // INFO // [GANTT] // Ruler drawn: 87 ticks and 44 labels.
11/27/2025 06:01 // INFO // [MODIFY] // Zoom level changed to 0,2628918099089994, scale set to 11,998813979055331!
11/27/2025 06:01 // INFO // [GANTT] // Gantt chart rendered with 6 items on canvas.
11/27/2025 06:01 // INFO // [GANTT] // Canvas resized to 1134,7949110515328x110 to fit all Gantt items.
11/27/2025 06:01 // INFO // [GANTT] // Canvases are ready to be used!
11/27/2025 06:01 // INFO // [GANTT] // Ruler drawn: 87 ticks and 44 labels.
11/27/2025 06:01 // INFO // [MODIFY] // Zoom level changed to 0,2669362992922148, scale set to 12,032498965715497!
11/27/2025 06:01 // INFO // [GANTT] // Gantt chart rendered with 6 items on canvas.
11/27/2025 06:01 // INFO // [GANTT] // Canvas resized to 1137,6999525694373x110 to fit all Gantt items.
11/27/2025 06:01 // INFO // [GANTT] // Canvases are ready to be used!
11/27/2025 06:01 // INFO // [GANTT] // Ruler drawn: 87 ticks and 44 labels.
11/27/2025 06:01 // INFO // [MODIFY] // Zoom level changed to 0,2709807886754297, scale set to 12,066278518249272!
11/27/2025 06:01 // INFO // [GANTT] // Gantt chart rendered with 6 items on canvas.
11/27/2025 06:01 // INFO // [GANTT] // Canvas resized to 1143,5345249900015x110 to fit all Gantt items.
11/27/2025 06:01 // INFO // [GANTT] // Canvases are ready to be used!
11/27/2025 06:01 // INFO // [GANTT] // Ruler drawn: 87 ticks and 44 labels.
11/27/2025 06:01 // INFO // [MODIFY] // Zoom level changed to 0,2790697674418604, scale set to 12,13412238360467!
11/27/2025 06:01 // INFO // [GANTT] // Gantt chart rendered with 6 items on canvas.
11/27/2025 06:01 // INFO // [GANTT] // Canvas resized to 1146,4641017477602x110 to fit all Gantt items.
11/27/2025 06:01 // INFO // [GANTT] // Canvases are ready to be used!
11/27/2025 06:01 // INFO // [GANTT] // Ruler drawn: 87 ticks and 44 labels.
11/27/2025 06:01 // INFO // [MODIFY] // Zoom level changed to 0,2831142568250758, scale set to 12,168187229625119!
11/27/2025 06:01 // INFO // [GANTT] // Gantt chart rendered with 6 items on canvas.
11/27/2025 06:01 // INFO // [GANTT] // Canvas resized to 1149,4019028812093x110 to fit all Gantt items.
11/27/2025 06:01 // INFO // [GANTT] // Canvases are ready to be used!
11/27/2025 06:01 // INFO // [GANTT] // Ruler drawn: 87 ticks and 44 labels.
11/27/2025 06:01 // INFO // [MODIFY] // Zoom level changed to 0,2871587462082912, scale set to 12,202347707921037!
11/27/2025 06:01 // INFO // [GANTT] // Gantt chart rendered with 6 items on canvas.
11/27/2025 06:01 // INFO // [GANTT] // Canvas resized to 1152,3479514791297x110 to fit all Gantt items.
11/27/2025 06:01 // INFO // [GANTT] // Canvases are ready to be used!
11/27/2025 06:01 // INFO // [GANTT] // Ruler drawn: 87 ticks and 44 labels.
11/27/2025 06:01 // INFO // [MODIFY] // Zoom level changed to 0,29120323559150657, scale set to 12,236604086966626!
11/27/2025 06:01 // INFO // [GANTT] // Gantt chart rendered with 6 items on canvas.
11/27/2025 06:01 // INFO // [GANTT] // Canvas resized to 1155,3022706951208x110 to fit all Gantt items.
11/27/2025 06:01 // INFO // [GANTT] // Canvases are ready to be used!
11/27/2025 06:01 // INFO // [GANTT] // Ruler drawn: 87 ticks and 44 labels.
11/27/2025 06:01 // INFO // [MODIFY] // Zoom level changed to 0,29524772497472196, scale set to 12,270956635989776!
11/27/2025 06:01 // INFO // [GANTT] // Gantt chart rendered with 6 items on canvas.
11/27/2025 06:01 // INFO // [GANTT] // Canvas resized to 1164,215084563613x110 to fit all Gantt items.
11/27/2025 06:01 // INFO // [GANTT] // Canvases are ready to be used!
11/27/2025 06:01 // INFO // [GANTT] // Ruler drawn: 87 ticks and 44 labels.
11/27/2025 06:01 // INFO // [MODIFY] // Zoom level changed to 0,30738119312436807, scale set to 12,37459400655364!
11/27/2025 06:01 // INFO // [GANTT] // Gantt chart rendered with 6 items on canvas.
11/27/2025 06:01 // INFO // [GANTT] // Canvas resized to 1167,2027190906292x110 to fit all Gantt items.
11/27/2025 06:01 // INFO // [GANTT] // Canvases are ready to be used!
11/27/2025 06:01 // INFO // [GANTT] // Ruler drawn: 87 ticks and 44 labels.
11/27/2025 06:01 // INFO // [MODIFY] // Zoom level changed to 0,31142568250758346, scale set to 12,409333942914294!
11/27/2025 06:01 // INFO // [GANTT] // Gantt chart rendered with 6 items on canvas.
11/27/2025 06:01 // INFO // [GANTT] // Canvas resized to 1173,203173785206x110 to fit all Gantt items.
11/27/2025 06:01 // INFO // [GANTT] // Canvases are ready to be used!
11/27/2025 06:01 // INFO // [GANTT] // Ruler drawn: 87 ticks and 44 labels.
11/27/2025 06:01 // INFO // [MODIFY] // Zoom level changed to 0,3195146612740142, scale set to 12,479106671920999!
11/27/2025 06:01 // INFO // [GANTT] // Gantt chart rendered with 6 items on canvas.
11/27/2025 06:01 // INFO // [GANTT] // Canvas resized to 1176,2160411115688x110 to fit all Gantt items.
11/27/2025 06:01 // INFO // [GANTT] // Canvases are ready to be used!
11/27/2025 06:01 // INFO // [GANTT] // Ruler drawn: 87 ticks and 44 labels.
11/27/2025 06:01 // INFO // [MODIFY] // Zoom level changed to 0,32355915065722957, scale set to 12,514140012925218!
11/27/2025 06:01 // INFO // [GANTT] // Gantt chart rendered with 6 items on canvas.
11/27/2025 06:01 // INFO // [GANTT] // Canvas resized to 1179,2373666402066x110 to fit all Gantt items.
11/27/2025 06:01 // INFO // [GANTT] // Canvases are ready to be used!
11/27/2025 06:01 // INFO // [GANTT] // Ruler drawn: 87 ticks and 44 labels.
11/27/2025 06:01 // INFO // [MODIFY] // Zoom level changed to 0,32760364004044495, scale set to 12,54927170511868!
11/27/2025 06:01 // INFO // [GANTT] // Gantt chart rendered with 6 items on canvas.
11/27/2025 06:01 // INFO // [GANTT] // Canvas resized to 1182,2671741163356x110 to fit all Gantt items.
11/27/2025 06:01 // INFO // [GANTT] // Canvases are ready to be used!
11/27/2025 06:01 // INFO // [GANTT] // Ruler drawn: 87 ticks and 44 labels.
11/27/2025 06:01 // INFO // [MODIFY] // Zoom level changed to 0,33164812942366034, scale set to 12,584502024608554!
11/27/2025 06:01 // INFO // [GANTT] // Gantt chart rendered with 6 items on canvas.
11/27/2025 06:01 // INFO // [GANTT] // Canvas resized to 1185,3054873518336x110 to fit all Gantt items.
11/27/2025 06:01 // INFO // [GANTT] // Canvases are ready to be used!
11/27/2025 06:01 // INFO // [GANTT] // Ruler drawn: 87 ticks and 44 labels.
11/27/2025 06:01 // INFO // [MODIFY] // Zoom level changed to 0,33569261880687573, scale set to 12,619831248277135!
11/27/2025 06:01 // INFO // [GANTT] // Gantt chart rendered with 6 items on canvas.
11/27/2025 06:01 // INFO // [GANTT] // Canvas resized to 1188,3523302254264x110 to fit all Gantt items.
11/27/2025 06:01 // INFO // [GANTT] // Canvases are ready to be used!
11/27/2025 06:01 // INFO // [GANTT] // Ruler drawn: 87 ticks and 44 labels.
11/27/2025 06:01 // INFO // [MODIFY] // Zoom level changed to 0,3397371081900911, scale set to 12,655259653784029!
11/27/2025 06:01 // INFO // [GANTT] // Gantt chart rendered with 6 items on canvas.
11/27/2025 06:01 // INFO // [GANTT] // Canvas resized to 1194,471700737169x110 to fit all Gantt items.
11/27/2025 06:01 // INFO // [GANTT] // Canvases are ready to be used!
11/27/2025 06:01 // INFO // [GANTT] // Ruler drawn: 87 ticks and 44 labels.
11/27/2025 06:01 // INFO // [MODIFY] // Zoom level changed to 0,34782608695652184, scale set to 12,726415124850801!
11/27/2025 06:01 // INFO // [GANTT] // Gantt chart rendered with 6 items on canvas.
11/27/2025 06:01 // INFO // [GANTT] // Canvas resized to 1197,5442764687048x110 to fit all Gantt items.
11/27/2025 06:01 // INFO // [GANTT] // Canvases are ready to be used!
11/27/2025 06:01 // INFO // [GANTT] // Ruler drawn: 87 ticks and 44 labels.
11/27/2025 06:01 // INFO // [MODIFY] // Zoom level changed to 0,35187057633973723, scale set to 12,762142749636102!
11/27/2025 06:01 // INFO // [GANTT] // Gantt chart rendered with 6 items on canvas.
11/27/2025 06:01 // INFO // [GANTT] // Canvas resized to 1200,6254780254853x110 to fit all Gantt items.
11/27/2025 06:01 // INFO // [GANTT] // Canvases are ready to be used!
11/27/2025 06:01 // INFO // [GANTT] // Ruler drawn: 87 ticks and 44 labels.
11/27/2025 06:01 // INFO // [MODIFY] // Zoom level changed to 0,3559150657229526, scale set to 12,797970674714946!
11/27/2025 06:01 // INFO // [GANTT] // Gantt chart rendered with 6 items on canvas.
11/27/2025 06:01 // INFO // [GANTT] // Canvas resized to 1203,7153296233048x110 to fit all Gantt items.
11/27/2025 06:01 // INFO // [GANTT] // Canvases are ready to be used!
11/27/2025 06:01 // INFO // [GANTT] // Ruler drawn: 87 ticks and 44 labels.
11/27/2025 06:01 // INFO // [MODIFY] // Zoom level changed to 0,3599595551061675, scale set to 12,833899181666336!
11/27/2025 06:01 // INFO // [GANTT] // Gantt chart rendered with 6 items on canvas.
11/27/2025 06:01 // INFO // [GANTT] // Canvas resized to 1209,9210801453403x110 to fit all Gantt items.
11/27/2025 06:01 // INFO // [GANTT] // Canvases are ready to be used!
11/27/2025 06:01 // INFO // [GANTT] // Ruler drawn: 87 ticks and 44 labels.
11/27/2025 06:01 // INFO // [MODIFY] // Zoom level changed to 0,3680485338725982, scale set to 12,906059071457445!
11/27/2025 06:01 // INFO // [GANTT] // Gantt chart rendered with 6 items on canvas.
11/27/2025 06:01 // INFO // [GANTT] // Canvas resized to 1213,0370278418206x110 to fit all Gantt items.
11/27/2025 06:01 // INFO // [GANTT] // Canvases are ready to be used!
11/27/2025 06:01 // INFO // [GANTT] // Ruler drawn: 87 ticks and 44 labels.
11/27/2025 06:01 // INFO // [MODIFY] // Zoom level changed to 0,37209302325581406, scale set to 12,94229102141652!
11/27/2025 06:01 // INFO // [GANTT] // Gantt chart rendered with 6 items on canvas.
11/27/2025 06:01 // INFO // [GANTT] // Canvas resized to 1216,1617231242517x110 to fit all Gantt items.
11/27/2025 06:01 // INFO // [GANTT] // Canvases are ready to be used!
11/27/2025 06:01 // INFO // [GANTT] // Ruler drawn: 87 ticks and 44 labels.
11/27/2025 06:01 // INFO // [MODIFY] // Zoom level changed to 0,37613751263902945, scale set to 12,978624687491298!
11/27/2025 06:01 // INFO // [GANTT] // Gantt chart rendered with 6 items on canvas.
11/27/2025 06:01 // INFO // [GANTT] // Canvas resized to 1219,2951905502534x110 to fit all Gantt items.
11/27/2025 06:01 // INFO // [GANTT] // Canvases are ready to be used!
11/27/2025 06:01 // INFO // [GANTT] // Ruler drawn: 87 ticks and 44 labels.
11/27/2025 06:01 // INFO // [MODIFY] // Zoom level changed to 0,38018200202224484, scale set to 13,015060355235505!
11/27/2025 06:01 // INFO // [GANTT] // Gantt chart rendered with 6 items on canvas.
11/27/2025 06:01 // INFO // [GANTT] // Canvas resized to 1225,5885404083542x110 to fit all Gantt items.
11/27/2025 06:01 // INFO // [GANTT] // Canvases are ready to be used!
11/27/2025 06:01 // INFO // [GANTT] // Ruler drawn: 87 ticks and 44 labels.
11/27/2025 06:01 // INFO // [MODIFY] // Zoom level changed to 0,3882709807886751, scale set to 13,088238841957608!
11/27/2025 06:01 // INFO // [GANTT] // Gantt chart rendered with 6 items on canvas.
11/27/2025 06:01 // INFO // [GANTT] // Canvas resized to 1228,7484723011794x110 to fit all Gantt items.
11/27/2025 06:01 // INFO // [GANTT] // Canvases are ready to be used!
11/27/2025 06:01 // INFO // [GANTT] // Ruler drawn: 87 ticks and 44 labels.
11/27/2025 06:01 // INFO // [MODIFY] // Zoom level changed to 0,39231547017189095, scale set to 13,124982236060227!
11/27/2025 06:01 // INFO // [GANTT] // Gantt chart rendered with 6 items on canvas.
11/27/2025 06:01 // INFO // [GANTT] // Canvas resized to 1231,917275259415x110 to fit all Gantt items.
11/27/2025 06:01 // INFO // [GANTT] // Canvases are ready to be used!
11/27/2025 06:01 // INFO // [GANTT] // Ruler drawn: 87 ticks and 44 labels.
11/27/2025 06:01 // INFO // [MODIFY] // Zoom level changed to 0,39635995955510633, scale set to 13,16182878208622!
11/27/2025 06:01 // INFO // [GANTT] // Gantt chart rendered with 6 items on canvas.
11/27/2025 06:01 // INFO // [GANTT] // Canvas resized to 1235,0949741873321x110 to fit all Gantt items.
11/27/2025 06:01 // INFO // [GANTT] // Canvases are ready to be used!
11/27/2025 06:01 // INFO // [GANTT] // Ruler drawn: 87 ticks and 44 labels.
11/27/2025 06:01 // INFO // [MODIFY] // Zoom level changed to 0,4004044489383217, scale set to 13,19877876962014!
11/27/2025 06:01 // INFO // [GANTT] // Gantt chart rendered with 6 items on canvas.
11/27/2025 06:01 // INFO // [GANTT] // Canvas resized to 1238,2815940591179x110 to fit all Gantt items.
11/27/2025 06:01 // INFO // [GANTT] // Canvases are ready to be used!
11/27/2025 06:01 // INFO // [GANTT] // Ruler drawn: 87 ticks and 44 labels.
11/27/2025 06:01 // INFO // [MODIFY] // Zoom level changed to 0,4044489383215371, scale set to 13,235832489059511!
11/27/2025 06:01 // INFO // [GANTT] // Gantt chart rendered with 6 items on canvas.
11/27/2025 06:01 // INFO // [GANTT] // Canvas resized to 1238,2815940591177x110 to fit all Gantt items.
11/27/2025 06:01 // INFO // [GANTT] // Canvases are ready to be used!
11/27/2025 06:01 // INFO // [GANTT] // Ruler drawn: 87 ticks and 44 labels.
11/27/2025 06:01 // INFO // [MODIFY] // Zoom level changed to 0,40444893832153667, scale set to 13,235832489059508!
11/27/2025 06:01 // INFO // [GANTT] // Gantt chart rendered with 6 items on canvas.
11/27/2025 06:01 // INFO // [GANTT] // Canvas resized to 1244,681696881796x110 to fit all Gantt items.
11/27/2025 06:01 // INFO // [GANTT] // Canvases are ready to be used!
11/27/2025 06:01 // INFO // [GANTT] // Ruler drawn: 87 ticks and 44 labels.
11/27/2025 06:01 // INFO // [MODIFY] // Zoom level changed to 0,41253791708796694, scale set to 13,310252289323207!
11/27/2025 06:01 // INFO // [GANTT] // Gantt chart rendered with 6 items on canvas.
11/27/2025 06:01 // INFO // [GANTT] // Canvas resized to 1251,1177849267212x110 to fit all Gantt items.
11/27/2025 06:01 // INFO // [GANTT] // Canvases are ready to be used!
11/27/2025 06:01 // INFO // [GANTT] // Ruler drawn: 87 ticks and 44 labels.
11/27/2025 06:01 // INFO // [MODIFY] // Zoom level changed to 0,4206268958543986, scale set to 13,385090522403736!
11/27/2025 06:01 // INFO // [GANTT] // Gantt chart rendered with 6 items on canvas.
11/27/2025 06:01 // INFO // [GANTT] // Canvas resized to 1254,3493865914538x110 to fit all Gantt items.
11/27/2025 06:01 // INFO // [GANTT] // Canvases are ready to be used!
11/27/2025 06:01 // INFO // [GANTT] // Ruler drawn: 87 ticks and 44 labels.
11/27/2025 06:01 // INFO // [MODIFY] // Zoom level changed to 0,424671385237614, scale set to 13,422667285947139!
11/27/2025 06:01 // INFO // [GANTT] // Gantt chart rendered with 6 items on canvas.
11/27/2025 06:01 // INFO // [GANTT] // Canvas resized to 1260,8398321947566x110 to fit all Gantt items.
11/27/2025 06:01 // INFO // [GANTT] // Canvases are ready to be used!
11/27/2025 06:01 // INFO // [GANTT] // Ruler drawn: 87 ticks and 44 labels.
11/27/2025 06:01 // INFO // [MODIFY] // Zoom level changed to 0,4327603640040447, scale set to 13,49813758365996!
11/27/2025 06:01 // INFO // [GANTT] // Gantt chart rendered with 6 items on canvas.
11/27/2025 06:01 // INFO // [GANTT] // Canvas resized to 1264,0987271430674x110 to fit all Gantt items.
11/27/2025 06:01 // INFO // [GANTT] // Canvases are ready to be used!
11/27/2025 06:01 // INFO // [GANTT] // Ruler drawn: 87 ticks and 44 labels.
11/27/2025 06:01 // INFO // [MODIFY] // Zoom level changed to 0,4368048533872601, scale set to 13,5360317109659!
11/27/2025 06:01 // INFO // [GANTT] // Gantt chart rendered with 6 items on canvas.
11/27/2025 06:01 // INFO // [GANTT] // Canvas resized to 1267,3667709816816x110 to fit all Gantt items.
11/27/2025 06:01 // INFO // [GANTT] // Canvases are ready to be used!
11/27/2025 06:01 // INFO // [GANTT] // Ruler drawn: 87 ticks and 44 labels.
11/27/2025 06:01 // INFO // [MODIFY] // Zoom level changed to 0,4408493427704755, scale set to 13,574032220717228!
11/27/2025 06:01 // INFO // [GANTT] // Gantt chart rendered with 6 items on canvas.
11/27/2025 06:01 // INFO // [GANTT] // Canvas resized to 1270,643989394824x110 to fit all Gantt items.
11/27/2025 06:01 // INFO // [GANTT] // Canvases are ready to be used!
11/27/2025 06:01 // INFO // [GANTT] // Ruler drawn: 87 ticks and 44 labels.
11/27/2025 06:01 // INFO // [MODIFY] // Zoom level changed to 0,4448938321536904, scale set to 13,612139411567723!
11/27/2025 06:01 // INFO // [GANTT] // Gantt chart rendered with 6 items on canvas.
11/27/2025 06:01 // INFO // [GANTT] // Canvas resized to 1273,9304081388266x110 to fit all Gantt items.
11/27/2025 06:01 // INFO // [GANTT] // Canvases are ready to be used!
11/27/2025 06:01 // INFO // [GANTT] // Ruler drawn: 87 ticks and 44 labels.
11/27/2025 06:01 // INFO // [MODIFY] // Zoom level changed to 0,44893832153690577, scale set to 13,650353583009611!
11/27/2025 06:01 // INFO // [GANTT] // Gantt chart rendered with 6 items on canvas.
11/27/2025 06:01 // INFO // [GANTT] // Canvas resized to 1280,5309500064725x110 to fit all Gantt items.
11/27/2025 06:01 // INFO // [GANTT] // Canvases are ready to be used!
11/27/2025 06:01 // INFO // [GANTT] // Ruler drawn: 87 ticks and 44 labels.
11/27/2025 06:01 // INFO // [MODIFY] // Zoom level changed to 0,457027300303337, scale set to 13,727104069842703!
11/27/2025 06:01 // INFO // [GANTT] // Gantt chart rendered with 6 items on canvas.
11/27/2025 06:01 // INFO // [GANTT] // Canvas resized to 1283,8451250051255x110 to fit all Gantt items.
11/27/2025 06:01 // INFO // [GANTT] // Canvases are ready to be used!
11/27/2025 06:01 // INFO // [GANTT] // Ruler drawn: 87 ticks and 44 labels.
11/27/2025 06:01 // INFO // [MODIFY] // Zoom level changed to 0,4610717896865519, scale set to 13,765640988431693!
11/27/2025 06:01 // INFO // [GANTT] // Gantt chart rendered with 6 items on canvas.
11/27/2025 06:01 // INFO // [GANTT] // Canvas resized to 1287,1686040850673x110 to fit all Gantt items.
11/27/2025 06:01 // INFO // [GANTT] // Canvases are ready to be used!
11/27/2025 06:01 // INFO // [GANTT] // Ruler drawn: 87 ticks and 44 labels.
11/27/2025 06:01 // INFO // [MODIFY] // Zoom level changed to 0,4651162790697677, scale set to 13,80428609401241!
11/27/2025 06:01 // INFO // [GANTT] // Gantt chart rendered with 6 items on canvas.
11/27/2025 06:01 // INFO // [GANTT] // Canvas resized to 1293,843579041752x110 to fit all Gantt items.
11/27/2025 06:01 // INFO // [GANTT] // Canvases are ready to be used!
11/27/2025 06:01 // INFO // [GANTT] // Ruler drawn: 87 ticks and 44 labels.
11/27/2025 06:01 // INFO // [MODIFY] // Zoom level changed to 0,473205257836198, scale set to 13,881902081880837!
11/27/2025 06:01 // INFO // [GANTT] // Gantt chart rendered with 6 items on canvas.
11/27/2025 06:01 // INFO // [GANTT] // Canvas resized to 1297,1951273784912x110 to fit all Gantt items.
11/27/2025 06:01 // INFO // [GANTT] // Canvases are ready to be used!
11/27/2025 06:01 // INFO // [GANTT] // Ruler drawn: 87 ticks and 44 labels.
11/27/2025 06:01 // INFO // [MODIFY] // Zoom level changed to 0,4772497472194138, scale set to 13,920873574168503!
11/27/2025 06:01 // INFO // [GANTT] // Gantt chart rendered with 6 items on canvas.
11/27/2025 06:01 // INFO // [GANTT] // Canvas resized to 1300,5560847169206x110 to fit all Gantt items.
11/27/2025 06:01 // INFO // [GANTT] // Canvases are ready to be used!
11/27/2025 06:01 // INFO // [GANTT] // Ruler drawn: 87 ticks and 44 labels.
11/27/2025 06:01 // INFO // [MODIFY] // Zoom level changed to 0,4812942366026287, scale set to 13,959954473452566!
11/27/2025 06:01 // INFO // [GANTT] // Gantt chart rendered with 6 items on canvas.
11/27/2025 06:01 // INFO // [GANTT] // Canvas resized to 1303,926477471493x110 to fit all Gantt items.
11/27/2025 06:01 // INFO // [GANTT] // Canvases are ready to be used!
11/27/2025 06:01 // INFO // [GANTT] // Ruler drawn: 87 ticks and 44 labels.
11/27/2025 06:01 // INFO // [MODIFY] // Zoom level changed to 0,4853387259858441, scale set to 13,999145086877824!
11/27/2025 06:01 // INFO // [GANTT] // Gantt chart rendered with 6 items on canvas.
11/27/2025 06:01 // INFO // [GANTT] // Canvas resized to 1307,3063321308152x110 to fit all Gantt items.
11/27/2025 06:01 // INFO // [GANTT] // Canvases are ready to be used!
11/27/2025 06:01 // INFO // [GANTT] // Ruler drawn: 87 ticks and 44 labels.
11/27/2025 06:01 // INFO // [MODIFY] // Zoom level changed to 0,48938321536905993, scale set to 14,038445722451339!
11/27/2025 06:01 // INFO // [GANTT] // Gantt chart rendered with 6 items on canvas.
11/27/2025 06:01 // INFO // [GANTT] // Canvas resized to 1310,6956752578558x110 to fit all Gantt items.
11/27/2025 06:01 // INFO // [GANTT] // Canvases are ready to be used!
11/27/2025 06:01 // INFO // [GANTT] // Ruler drawn: 87 ticks and 44 labels.
11/27/2025 06:01 // INFO // [MODIFY] // Zoom level changed to 0,4934277047522748, scale set to 14,077856689044836!
11/27/2025 06:01 // INFO // [GANTT] // Gantt chart rendered with 6 items on canvas.
11/27/2025 06:01 // INFO // [GANTT] // Canvas resized to 1314,0945334901585x110 to fit all Gantt items.
11/27/2025 06:01 // INFO // [GANTT] // Canvases are ready to be used!
11/27/2025 06:01 // INFO // [GANTT] // Ruler drawn: 87 ticks and 44 labels.
11/27/2025 06:01 // INFO // [MODIFY] // Zoom level changed to 0,4974721941354902, scale set to 14,117378296397192!
11/27/2025 06:01 // INFO // [GANTT] // Gantt chart rendered with 6 items on canvas.
11/27/2025 06:01 // INFO // [GANTT] // Canvas resized to 1320,9209021948307x110 to fit all Gantt items.
11/27/2025 06:01 // INFO // [GANTT] // Canvases are ready to be used!
11/27/2025 06:01 // INFO // [GANTT] // Ruler drawn: 87 ticks and 44 labels.
11/27/2025 06:01 // INFO // [MODIFY] // Zoom level changed to 0,5055611729019214, scale set to 14,196754676684076!
11/27/2025 06:01 // INFO // [GANTT] // Gantt chart rendered with 6 items on canvas.
11/27/2025 06:01 // INFO // [GANTT] // Canvas resized to 1324,3484663170289x110 to fit all Gantt items.
11/27/2025 06:01 // INFO // [GANTT] // Canvases are ready to be used!
11/27/2025 06:01 // INFO // [GANTT] // Ruler drawn: 87 ticks and 44 labels.
11/27/2025 06:01 // INFO // [MODIFY] // Zoom level changed to 0,5096056622851363, scale set to 14,236610073453823!
11/27/2025 06:01 // INFO // [GANTT] // Gantt chart rendered with 6 items on canvas.
11/27/2025 06:01 // INFO // [GANTT] // Canvas resized to 1327,7856528445704x110 to fit all Gantt items.
11/27/2025 06:01 // INFO // [GANTT] // Canvases are ready to be used!
11/27/2025 06:01 // INFO // [GANTT] // Ruler drawn: 87 ticks and 44 labels.
11/27/2025 06:01 // INFO // [MODIFY] // Zoom level changed to 0,513650151668352, scale set to 14,276577358657796!
11/27/2025 06:05 // INFO // [EXITUS] // Shutting down...
