11/24/2025 00:15 // INFO // [INITIALIZATION] // Beginning initialization...
11/24/2025 00:15 // INFO // [INITIALIZATION] // Johnson's Rule solver added!
11/24/2025 00:15 // INFO // [INITIALIZATION] // List Scheduling solver added!
11/24/2025 00:15 // INFO // [INITIALIZATION] // Solver menu successfully built!
11/24/2025 00:15 // INFO // [CONSTRAINT] // Saving and closing are disabled for as long as there are no files opened.
11/24/2025 00:15 // INFO // [INITIALIZATION] // Initialization complete!
11/24/2025 00:15 // INFO // [LOAD] // Open file dialog initiated...
11/24/2025 00:15 // INFO // [LOAD] // XML document loaded from C:\Users\Phant0m\Desktop\THESIS_LIPX05\test.xml!
11/24/2025 00:15 // INFO // [LOAD] // XML element established!
11/24/2025 00:15 // INFO // [DATATABLE] // Master Recipe Table datatable displayed in new tab!
11/24/2025 00:15 // INFO // [DATATABLE] // Recipe Elements Table datatable displayed in new tab!
11/24/2025 00:15 // INFO // [DATATABLE] // Steps Table datatable displayed in new tab!
11/24/2025 00:15 // INFO // [LOAD] // BatchML file loaded and data tables populated!
11/24/2025 00:15 // INFO // [CONSTRAINT] // Saving and closing are disabled for as long as there are no files opened.
11/24/2025 00:15 // INFO // [LOAD] // BatchML file loaded from C:\Users\Phant0m\Desktop\THESIS_LIPX05\test.xml!
11/24/2025 00:15 // WARNING // [DATATABLE] // InternalKey column could not be found in DataGrid for Recipe Elements Table after loading!
11/24/2025 00:15 // INFO // [DATATABLE] // InternalKey column successfully hidden in 'Recipe Elements Table.'
11/24/2025 00:16 // INFO // [MODIFY] // Master REcipe Header synced to XML.
11/24/2025 00:16 // ERROR // [SYNC] // No mapping found for table "MasterRecipe" or master recipe is null!
11/24/2025 00:16 // INFO // [SYNC] // Found ecipeElement by BatchML ID: J1_Module
11/24/2025 00:16 // INFO // [SYNC] // Synchronized DataRow to XML for table "RecipeElements".
11/24/2025 00:16 // INFO // [SYNC] // Found ecipeElement by BatchML ID: J2_Module
11/24/2025 00:16 // INFO // [SYNC] // Synchronized DataRow to XML for table "RecipeElements".
11/24/2025 00:16 // INFO // [SYNC] // Found ecipeElement by BatchML ID: J3_Module
11/24/2025 00:16 // INFO // [SYNC] // Synchronized DataRow to XML for table "RecipeElements".
11/24/2025 00:16 // INFO // [SYNC] // Found ecipeElement by BatchML ID: J4_Module
11/24/2025 00:16 // INFO // [SYNC] // Synchronized DataRow to XML for table "RecipeElements".
11/24/2025 00:16 // INFO // [SYNC] // No existing XML element found for table "RecipeElements" matching the DataRow keys.
11/24/2025 00:16 // INFO // [SYNC] // Synchronized DataRow to XML for table "RecipeElements".
11/24/2025 00:16 // INFO // [SYNC] // Found existing XML element for table "Steps" matching the DataRow keys.
11/24/2025 00:16 // INFO // [SYNC] // Synchronized DataRow to XML for table "Steps".
11/24/2025 00:16 // INFO // [SYNC] // Found existing XML element for table "Steps" matching the DataRow keys.
11/24/2025 00:16 // INFO // [SYNC] // Synchronized DataRow to XML for table "Steps".
11/24/2025 00:16 // INFO // [SYNC] // Found existing XML element for table "Steps" matching the DataRow keys.
11/24/2025 00:16 // INFO // [SYNC] // Synchronized DataRow to XML for table "Steps".
11/24/2025 00:16 // INFO // [SYNC] // Found existing XML element for table "Steps" matching the DataRow keys.
11/24/2025 00:16 // INFO // [SYNC] // Synchronized DataRow to XML for table "Steps".
11/24/2025 00:16 // INFO // [SYNC] // No existing XML element found for table "Steps" matching the DataRow keys.
11/24/2025 00:16 // INFO // [SYNC] // Synchronized DataRow to XML for table "Steps".
11/24/2025 00:16 // INFO // [SAVE] // BatchML file successfully saved as C:\Users\Phant0m\Desktop\THESIS_LIPX05\savingTest.xml
11/24/2025 00:27 // INFO // [EXITUS] // Shutting down...
