11/27/2025 05:55 // INFO // [INITIALIZATION] // Beginning initialization...
11/27/2025 05:55 // INFO // [INITIALIZATION] // Johnson's Rule solver added!
11/27/2025 05:55 // INFO // [INITIALIZATION] // List Scheduling solver added!
11/27/2025 05:55 // INFO // [INITIALIZATION] // Solver menu successfully built!
11/27/2025 05:55 // INFO // [CONSTRAINT] // Saving and closing are disabled for as long as there are no files opened.
11/27/2025 05:55 // INFO // [INITIALIZATION] // Initialization complete!
11/27/2025 05:56 // WARNING // [S_GRAPH] // User tried to draw a graph with no BatchML file loaded!
11/27/2025 05:56 // INFO // [S_GRAPH] // Node J1_M1 at 100;50
11/27/2025 05:56 // INFO // [S_GRAPH] // Node J1_M2 at 400;50
11/27/2025 05:56 // INFO // [S_GRAPH] // Node P1 at 700;50
11/27/2025 05:56 // INFO // [S_GRAPH] // Node J2_M1 at 100;200
11/27/2025 05:56 // INFO // [S_GRAPH] // Node J2_M2 at 400;200
11/27/2025 05:56 // INFO // [S_GRAPH] // Node P2 at 700;200
11/27/2025 05:56 // INFO // [S_GRAPH] // Node J3_M1 at 100;350
11/27/2025 05:56 // INFO // [S_GRAPH] // Node J3_M2 at 400;350
11/27/2025 05:56 // INFO // [S_GRAPH] // Node P3 at 700;350
11/27/2025 05:56 // INFO // [S_GRAPH] // Curve value of edge (J1_M1 to J1_M2) set to 25,00
11/27/2025 05:56 // INFO // [S_GRAPH] // Edge drawn from (170,0;85,0) to (400,0;85,0)!
11/27/2025 05:56 // INFO // [S_GRAPH] // Weight 17 drawn at (285;97,5)!
11/27/2025 05:56 // INFO // [S_GRAPH] // Edge from J1_M1 to J1_M2 with cost 0 drawn.
11/27/2025 05:56 // INFO // [S_GRAPH] // Edge drawn from (470,0;85,0) to (700,0;85,0)!
11/27/2025 05:56 // INFO // [S_GRAPH] // Weight 47 drawn at (585;85)!
11/27/2025 05:56 // INFO // [S_GRAPH] // Edge from J1_M2 to P1 with cost 0 drawn.
11/27/2025 05:56 // INFO // [S_GRAPH] // Curve value of edge (J2_M1 to J2_M2) set to 25,00
11/27/2025 05:56 // INFO // [S_GRAPH] // Edge drawn from (170,0;235,0) to (400,0;235,0)!
11/27/2025 05:56 // INFO // [S_GRAPH] // Weight 48 drawn at (285;247,5)!
11/27/2025 05:56 // INFO // [S_GRAPH] // Edge from J2_M1 to J2_M2 with cost 0 drawn.
11/27/2025 05:56 // INFO // [S_GRAPH] // Edge drawn from (470,0;235,0) to (700,0;235,0)!
11/27/2025 05:56 // INFO // [S_GRAPH] // Weight 21 drawn at (585;235)!
11/27/2025 05:56 // INFO // [S_GRAPH] // Edge from J2_M2 to P2 with cost 0 drawn.
11/27/2025 05:56 // INFO // [S_GRAPH] // Curve value of edge (J3_M1 to J3_M2) set to 25,00
11/27/2025 05:56 // INFO // [S_GRAPH] // Edge drawn from (170,0;385,0) to (400,0;385,0)!
11/27/2025 05:56 // INFO // [S_GRAPH] // Weight 11 drawn at (285;397,5)!
11/27/2025 05:56 // INFO // [S_GRAPH] // Edge from J3_M1 to J3_M2 with cost 0 drawn.
11/27/2025 05:56 // INFO // [S_GRAPH] // Edge drawn from (470,0;385,0) to (700,0;385,0)!
11/27/2025 05:56 // INFO // [S_GRAPH] // Weight 5 drawn at (585;385)!
11/27/2025 05:56 // INFO // [S_GRAPH] // Edge from J3_M2 to P3 with cost 0 drawn.
11/27/2025 05:56 // INFO // [S_GRAPH] // Canvas resized to 820x470!
11/27/2025 05:56 // INFO // [CONSTRAINT] // Saving and closing are disabled for as long as there are no files opened.
11/27/2025 05:56 // INFO // [INITIALIZATION] // Johnson's Rule solver enabled!
11/27/2025 05:56 // INFO // [INITIALIZATION] // List Scheduling solver enabled!
11/27/2025 05:56 // INFO // [INITIALIZATION] //  solver enabled!
11/27/2025 05:56 // INFO // [CONSTRAINT] // Saving and closing are disabled for as long as there are no files opened.
11/27/2025 05:56 // INFO // [INTEG_SOLVER] // Johnson's Rule solver selected!
11/27/2025 05:56 // INFO // [INTEG_SOLVER] // Starting Johnson's Rule solver...
11/27/2025 05:56 // INFO // [Johnson's Rule Optimizer] // Job J1 assigned to S1 (TimeM1: 17, TimeM2: 47).
11/27/2025 05:56 // INFO // [Johnson's Rule Optimizer] // Job J2 assigned to S2 (TimeM1: 48, TimeM2: 21).
11/27/2025 05:56 // INFO // [Johnson's Rule Optimizer] // Job J3 assigned to S2 (TimeM1: 11, TimeM2: 5).
11/27/2025 05:56 // INFO // [Johnson's Rule Optimizer] // S1 sorted in ascending order of TimeM1 and S2 sorted in descending order of TimeM2.
11/27/2025 05:56 // INFO // [Johnson's Rule Optimizer] // Optimized job sequence: System.Collections.Generic.List`1[System.String]
11/27/2025 05:56 // INFO // [Johnson's Rule Optimizer] // Cleared all existing S-Graph edges for sequence rebuild.
11/27/2025 05:56 // INFO // [Johnson's Rule Optimizer] // Added technological edge from J1_M1 to J1_M2 with cost 17.
11/27/2025 05:56 // INFO // [Johnson's Rule Optimizer] // Added technological edge from J2_M1 to J2_M2 with cost 48.
11/27/2025 05:56 // INFO // [Johnson's Rule Optimizer] // Added technological edge from J3_M1 to J3_M2 with cost 11.
11/27/2025 05:56 // INFO // [Johnson's Rule Optimizer] // Added zero-cost sequential edge from J1_M1 to J2_M1.
11/27/2025 05:56 // INFO // [Johnson's Rule Optimizer] // Added zero-cost sequential edge from J1_M2 to J2_M2.
11/27/2025 05:56 // INFO // [Johnson's Rule Optimizer] // Added zero-cost sequential edge from J2_M1 to J3_M1.
11/27/2025 05:56 // INFO // [Johnson's Rule Optimizer] // Added zero-cost sequential edge from J2_M2 to J3_M2.
11/27/2025 05:56 // INFO // [Johnson's Rule Optimizer] // Added terminating edge from J1_M2 to P1.
11/27/2025 05:56 // INFO // [Johnson's Rule Optimizer] // Added terminating edge from J2_M2 to P2.
11/27/2025 05:56 // INFO // [Johnson's Rule Optimizer] // Added terminating edge from J3_M2 to P3.
11/27/2025 05:56 // INFO // [Johnson's Rule Optimizer] // Graph rebuilt with necessary technological constraints (cost = duration) and zero-cost sequential constraints.
11/27/2025 05:56 // INFO // [Johnson's Rule Optimizer] // Starting topological sort using Kahn's algorithm.
11/27/2025 05:56 // INFO // [Johnson's Rule Optimizer] // Node J1_M1 added to topological order.
11/27/2025 05:56 // INFO // [Johnson's Rule Optimizer] // Decreased in-degree of J1_M2 to 0.
11/27/2025 05:56 // INFO // [Johnson's Rule Optimizer] // Decreased in-degree of J2_M1 to 0.
11/27/2025 05:56 // INFO // [Johnson's Rule Optimizer] // Node J1_M2 added to topological order.
11/27/2025 05:56 // INFO // [Johnson's Rule Optimizer] // Decreased in-degree of J2_M2 to 1.
11/27/2025 05:56 // INFO // [Johnson's Rule Optimizer] // Decreased in-degree of P1 to 0.
11/27/2025 05:56 // INFO // [Johnson's Rule Optimizer] // Node J2_M1 added to topological order.
11/27/2025 05:56 // INFO // [Johnson's Rule Optimizer] // Decreased in-degree of J2_M2 to 0.
11/27/2025 05:56 // INFO // [Johnson's Rule Optimizer] // Decreased in-degree of J3_M1 to 0.
11/27/2025 05:56 // INFO // [Johnson's Rule Optimizer] // Node P1 added to topological order.
11/27/2025 05:56 // INFO // [Johnson's Rule Optimizer] // Node J2_M2 added to topological order.
11/27/2025 05:56 // INFO // [Johnson's Rule Optimizer] // Decreased in-degree of J3_M2 to 1.
11/27/2025 05:56 // INFO // [Johnson's Rule Optimizer] // Decreased in-degree of P2 to 0.
11/27/2025 05:56 // INFO // [Johnson's Rule Optimizer] // Node J3_M1 added to topological order.
11/27/2025 05:56 // INFO // [Johnson's Rule Optimizer] // Decreased in-degree of J3_M2 to 0.
11/27/2025 05:56 // INFO // [Johnson's Rule Optimizer] // Node P2 added to topological order.
11/27/2025 05:56 // INFO // [Johnson's Rule Optimizer] // Node J3_M2 added to topological order.
11/27/2025 05:56 // INFO // [Johnson's Rule Optimizer] // Decreased in-degree of P3 to 0.
11/27/2025 05:56 // INFO // [Johnson's Rule Optimizer] // Node P3 added to topological order.
11/27/2025 05:56 // INFO // [Johnson's Rule Optimizer] // Topological sort completed successfully.
11/27/2025 05:56 // INFO // [GANTT] // Node J1_M1 EST is 0 (no predecessors).
11/27/2025 05:56 // INFO // [GANTT] // Node J1_M2 EST is determined by J1_M1 (EST: 17,00).
11/27/2025 05:56 // INFO // [GANTT] // Node J2_M1 EST is determined by J1_M1 (EST: 17,00).
11/27/2025 05:56 // INFO // [GANTT] // Node J2_M2 EST is determined by J2_M1 (EST: 65,00).
11/27/2025 05:56 // INFO // [GANTT] // Node J3_M1 EST is determined by J2_M1 (EST: 65,00).
11/27/2025 05:56 // INFO // [GANTT] // Node J3_M2 EST is determined by J2_M2 (EST: 86,00).
11/27/2025 05:56 // INFO // [GANTT] // Gantt chart built with 6 items from path with 9 nodes.
11/27/2025 05:56 // INFO // [GANTT] // Gantt data built with 6 items from optimized path using Johnson's Rule!
11/27/2025 05:56 // INFO // [GANTT] // Canvases are ready to be used!
11/27/2025 05:56 // INFO // [GANTT] // Ruler drawn: 92 ticks and 46 labels.
11/27/2025 05:56 // INFO // [GANTT] // Gantt chart rendered with 6 items on canvas.
11/27/2025 05:56 // INFO // [GANTT] // Canvas resized to 1010x110 to fit all Gantt items.
11/27/2025 05:56 // INFO // [GANTT] // Johnson's Rule schedule rendered successfully!
11/27/2025 05:56 // INFO // [CONSTRAINT] // Saving and closing are disabled for as long as there are no files opened.
11/27/2025 05:56 // INFO // [S_GRAPH] // Node J1_M1 at 100;50
11/27/2025 05:56 // INFO // [S_GRAPH] // Node J1_M2 at 400;50
11/27/2025 05:56 // INFO // [S_GRAPH] // Node P1 at 700;50
11/27/2025 05:56 // INFO // [S_GRAPH] // Node J2_M1 at 100;200
11/27/2025 05:56 // INFO // [S_GRAPH] // Node J2_M2 at 400;200
11/27/2025 05:56 // INFO // [S_GRAPH] // Node P2 at 700;200
11/27/2025 05:56 // INFO // [S_GRAPH] // Node J3_M1 at 100;350
11/27/2025 05:56 // INFO // [S_GRAPH] // Node J3_M2 at 400;350
11/27/2025 05:56 // INFO // [S_GRAPH] // Node P3 at 700;350
11/27/2025 05:56 // INFO // [S_GRAPH] // Curve value of edge (J1_M1 to J1_M2) set to 25,00
11/27/2025 05:56 // INFO // [S_GRAPH] // Edge drawn from (170,0;85,0) to (400,0;85,0)!
11/27/2025 05:56 // INFO // [S_GRAPH] // Weight 17 drawn at (285;97,5)!
11/27/2025 05:56 // INFO // [S_GRAPH] // Edge from J1_M1 to J1_M2 with cost 0 drawn.
11/27/2025 05:56 // INFO // [S_GRAPH] // Curve value of edge (J2_M1 to J2_M2) set to 25,00
11/27/2025 05:56 // INFO // [S_GRAPH] // Edge drawn from (170,0;235,0) to (400,0;235,0)!
11/27/2025 05:56 // INFO // [S_GRAPH] // Weight 48 drawn at (285;247,5)!
11/27/2025 05:56 // INFO // [S_GRAPH] // Edge from J2_M1 to J2_M2 with cost 0 drawn.
11/27/2025 05:56 // INFO // [S_GRAPH] // Curve value of edge (J3_M1 to J3_M2) set to 25,00
11/27/2025 05:56 // INFO // [S_GRAPH] // Edge drawn from (170,0;385,0) to (400,0;385,0)!
11/27/2025 05:56 // INFO // [S_GRAPH] // Weight 11 drawn at (285;397,5)!
11/27/2025 05:56 // INFO // [S_GRAPH] // Edge from J3_M1 to J3_M2 with cost 0 drawn.
11/27/2025 05:56 // INFO // [S_GRAPH] // Curve value of edge (J1_M1 to J2_M1) set to -25,00
11/27/2025 05:56 // INFO // [S_GRAPH] // Edge drawn from (135,0;120,0) to (135,0;200,0)!
11/27/2025 05:56 // INFO // [S_GRAPH] // Weight 17 drawn at (147,5;160)!
11/27/2025 05:56 // INFO // [S_GRAPH] // Edge from J1_M1 to J2_M1 with cost 0 drawn.
11/27/2025 05:56 // INFO // [S_GRAPH] // Curve value of edge (J1_M2 to J2_M2) set to -25,00
11/27/2025 05:56 // INFO // [S_GRAPH] // Edge drawn from (435,0;120,0) to (435,0;200,0)!
11/27/2025 05:56 // INFO // [S_GRAPH] // Weight 47 drawn at (447,5;160)!
11/27/2025 05:56 // INFO // [S_GRAPH] // Edge from J1_M2 to J2_M2 with cost 0 drawn.
11/27/2025 05:56 // INFO // [S_GRAPH] // Curve value of edge (J2_M1 to J3_M1) set to -25,00
11/27/2025 05:56 // INFO // [S_GRAPH] // Edge drawn from (135,0;270,0) to (135,0;350,0)!
11/27/2025 05:56 // INFO // [S_GRAPH] // Weight 48 drawn at (147,5;310)!
11/27/2025 05:56 // INFO // [S_GRAPH] // Edge from J2_M1 to J3_M1 with cost 0 drawn.
11/27/2025 05:56 // INFO // [S_GRAPH] // Curve value of edge (J2_M2 to J3_M2) set to -25,00
11/27/2025 05:56 // INFO // [S_GRAPH] // Edge drawn from (435,0;270,0) to (435,0;350,0)!
11/27/2025 05:56 // INFO // [S_GRAPH] // Weight 21 drawn at (447,5;310)!
11/27/2025 05:56 // INFO // [S_GRAPH] // Edge from J2_M2 to J3_M2 with cost 0 drawn.
11/27/2025 05:56 // INFO // [S_GRAPH] // Edge drawn from (470,0;85,0) to (700,0;85,0)!
11/27/2025 05:56 // INFO // [S_GRAPH] // Weight 47 drawn at (585;85)!
11/27/2025 05:56 // INFO // [S_GRAPH] // Edge from J1_M2 to P1 with cost 0 drawn.
11/27/2025 05:56 // INFO // [S_GRAPH] // Edge drawn from (470,0;235,0) to (700,0;235,0)!
11/27/2025 05:56 // INFO // [S_GRAPH] // Weight 21 drawn at (585;235)!
11/27/2025 05:56 // INFO // [S_GRAPH] // Edge from J2_M2 to P2 with cost 0 drawn.
11/27/2025 05:56 // INFO // [S_GRAPH] // Edge drawn from (470,0;385,0) to (700,0;385,0)!
11/27/2025 05:56 // INFO // [S_GRAPH] // Weight 5 drawn at (585;385)!
11/27/2025 05:56 // INFO // [S_GRAPH] // Edge from J3_M2 to P3 with cost 0 drawn.
11/27/2025 05:56 // INFO // [S_GRAPH] // Canvas resized to 820x470!
11/27/2025 05:56 // INFO // [GANTT] // Gantt chart rendered with 6 items on canvas.
11/27/2025 05:56 // INFO // [GANTT] // Canvas resized to 1012,5546973154393x110 to fit all Gantt items.
11/27/2025 05:56 // INFO // [GANTT] // Canvases are ready to be used!
11/27/2025 05:56 // INFO // [GANTT] // Ruler drawn: 92 ticks and 46 labels.
11/27/2025 05:56 // INFO // [MODIFY] // Zoom level changed to 0,004044489383215369, scale set to 10,028073596872959!
11/27/2025 05:56 // INFO // [GANTT] // Gantt chart rendered with 6 items on canvas.
11/27/2025 05:56 // INFO // [GANTT] // Canvas resized to 1017,6856279433432x110 to fit all Gantt items.
11/27/2025 05:56 // INFO // [GANTT] // Canvases are ready to be used!
11/27/2025 05:56 // INFO // [GANTT] // Ruler drawn: 92 ticks and 46 labels.
11/27/2025 05:56 // INFO // [MODIFY] // Zoom level changed to 0,012133468149646108, scale set to 10,084457449926848!
11/27/2025 05:56 // INFO // [GANTT] // Gantt chart rendered with 6 items on canvas.
11/27/2025 05:56 // INFO // [GANTT] // Canvas resized to 1020,2619015808423x110 to fit all Gantt items.
11/27/2025 05:56 // INFO // [GANTT] // Canvases are ready to be used!
11/27/2025 05:56 // INFO // [GANTT] // Ruler drawn: 92 ticks and 46 labels.
11/27/2025 05:56 // INFO // [MODIFY] // Zoom level changed to 0,016177957532861477, scale set to 10,112768149240026!
11/27/2025 05:56 // INFO // [GANTT] // Gantt chart rendered with 6 items on canvas.
11/27/2025 05:56 // INFO // [GANTT] // Canvas resized to 1022,8454077450947x110 to fit all Gantt items.
11/27/2025 05:56 // INFO // [GANTT] // Canvases are ready to be used!
11/27/2025 05:56 // INFO // [GANTT] // Ruler drawn: 92 ticks and 46 labels.
11/27/2025 05:56 // INFO // [MODIFY] // Zoom level changed to 0,020222446916076844, scale set to 10,141158326869173!
11/27/2025 05:56 // INFO // [GANTT] // Gantt chart rendered with 6 items on canvas.
11/27/2025 05:56 // INFO // [GANTT] // Canvas resized to 1025,4361667404046x110 to fit all Gantt items.
11/27/2025 05:56 // INFO // [GANTT] // Canvases are ready to be used!
11/27/2025 05:56 // INFO // [GANTT] // Ruler drawn: 92 ticks and 46 labels.
11/27/2025 05:56 // INFO // [MODIFY] // Zoom level changed to 0,024266936299292212, scale set to 10,169628205938512!
11/27/2025 05:56 // INFO // [GANTT] // Gantt chart rendered with 6 items on canvas.
11/27/2025 05:56 // INFO // [GANTT] // Canvas resized to 1028,0341989280773x110 to fit all Gantt items.
11/27/2025 05:56 // INFO // [GANTT] // Canvases are ready to be used!
11/27/2025 05:56 // INFO // [GANTT] // Ruler drawn: 92 ticks and 46 labels.
11/27/2025 05:56 // INFO // [MODIFY] // Zoom level changed to 0,02831142568250758, scale set to 10,198178010198653!
11/27/2025 05:56 // INFO // [GANTT] // Gantt chart rendered with 6 items on canvas.
11/27/2025 05:56 // INFO // [GANTT] // Canvas resized to 1033,2521646117018x110 to fit all Gantt items.
11/27/2025 05:56 // INFO // [GANTT] // Canvases are ready to be used!
11/27/2025 05:56 // INFO // [GANTT] // Ruler drawn: 92 ticks and 46 labels.
11/27/2025 05:56 // INFO // [MODIFY] // Zoom level changed to 0,036400404448938314, scale set to 10,255518292436284!
11/27/2025 05:56 // INFO // [GANTT] // Gantt chart rendered with 6 items on canvas.
11/27/2025 05:56 // INFO // [GANTT] // Canvas resized to 1035,8721391167144x110 to fit all Gantt items.
11/27/2025 05:56 // INFO // [GANTT] // Canvases are ready to be used!
11/27/2025 05:56 // INFO // [GANTT] // Ruler drawn: 92 ticks and 46 labels.
11/27/2025 05:56 // INFO // [MODIFY] // Zoom level changed to 0,04044489383215368, scale set to 10,284309221062795!
11/27/2025 05:56 // INFO // [GANTT] // Gantt chart rendered with 6 items on canvas.
11/27/2025 05:56 // INFO // [GANTT] // Canvas resized to 1038,4994688325341x110 to fit all Gantt items.
11/27/2025 05:56 // INFO // [GANTT] // Canvases are ready to be used!
11/27/2025 05:56 // INFO // [GANTT] // Ruler drawn: 92 ticks and 46 labels.
11/27/2025 05:56 // INFO // [MODIFY] // Zoom level changed to 0,04448938321536905, scale set to 10,313180976181695!
11/27/2025 05:56 // INFO // [GANTT] // Gantt chart rendered with 6 items on canvas.
11/27/2025 05:56 // INFO // [GANTT] // Canvas resized to 1043,7762765494526x110 to fit all Gantt items.
11/27/2025 05:56 // INFO // [GANTT] // Canvases are ready to be used!
11/27/2025 05:56 // INFO // [GANTT] // Ruler drawn: 92 ticks and 46 labels.
11/27/2025 05:56 // INFO // [MODIFY] // Zoom level changed to 0,052578361981799784, scale set to 10,371167874169808!
11/27/2025 05:56 // INFO // [GANTT] // Gantt chart rendered with 6 items on canvas.
11/27/2025 05:56 // INFO // [GANTT] // Canvas resized to 1046,4257960220639x110 to fit all Gantt items.
11/27/2025 05:56 // INFO // [GANTT] // Canvases are ready to be used!
11/27/2025 05:56 // INFO // [GANTT] // Ruler drawn: 92 ticks and 46 labels.
11/27/2025 05:56 // INFO // [MODIFY] // Zoom level changed to 0,05662285136501515, scale set to 10,400283472769933!
11/27/2025 05:56 // INFO // [GANTT] // Gantt chart rendered with 6 items on canvas.
11/27/2025 05:56 // INFO // [GANTT] // Canvas resized to 1049,0827536488332x110 to fit all Gantt items.
11/27/2025 05:56 // INFO // [GANTT] // Canvases are ready to be used!
11/27/2025 05:56 // INFO // [GANTT] // Ruler drawn: 92 ticks and 46 labels.
11/27/2025 05:56 // INFO // [MODIFY] // Zoom level changed to 0,06066734074823052, scale set to 10,429480809327838!
11/27/2025 05:56 // INFO // [GANTT] // Gantt chart rendered with 6 items on canvas.
11/27/2025 05:56 // INFO // [GANTT] // Canvas resized to 1051,7471703113351x110 to fit all Gantt items.
11/27/2025 05:56 // INFO // [GANTT] // Canvases are ready to be used!
11/27/2025 05:56 // INFO // [GANTT] // Ruler drawn: 92 ticks and 46 labels.
11/27/2025 05:56 // INFO // [MODIFY] // Zoom level changed to 0,0647118301314459, scale set to 10,458760113311374!
11/27/2025 05:56 // INFO // [GANTT] // Gantt chart rendered with 6 items on canvas.
11/27/2025 05:56 // INFO // [GANTT] // Canvas resized to 1057,0984645631065x110 to fit all Gantt items.
11/27/2025 05:56 // INFO // [GANTT] // Canvases are ready to be used!
11/27/2025 05:56 // INFO // [GANTT] // Ruler drawn: 92 ticks and 46 labels.
11/27/2025 05:56 // INFO // [MODIFY] // Zoom level changed to 0,07280080889787663, scale set to 10,517565544649523!
11/27/2025 05:56 // INFO // [GANTT] // Gantt chart rendered with 6 items on canvas.
11/27/2025 05:56 // INFO // [GANTT] // Canvas resized to 1059,785384209294x110 to fit all Gantt items.
11/27/2025 05:56 // INFO // [GANTT] // Canvases are ready to be used!
11/27/2025 05:56 // INFO // [GANTT] // Ruler drawn: 92 ticks and 46 labels.
11/27/2025 05:56 // INFO // [MODIFY] // Zoom level changed to 0,076845298281092, scale set to 10,547092134168066!
11/27/2025 05:56 // INFO // [GANTT] // Gantt chart rendered with 6 items on canvas.
11/27/2025 05:56 // INFO // [GANTT] // Canvas resized to 1062,479847005379x110 to fit all Gantt items.
11/27/2025 05:56 // INFO // [GANTT] // Canvases are ready to be used!
11/27/2025 05:56 // INFO // [GANTT] // Ruler drawn: 92 ticks and 46 labels.
11/27/2025 05:56 // INFO // [MODIFY] // Zoom level changed to 0,08088978766430738, scale set to 10,576701615443726!
11/27/2025 05:56 // INFO // [GANTT] // Gantt chart rendered with 6 items on canvas.
11/27/2025 05:56 // INFO // [GANTT] // Canvas resized to 1065,181874127697x110 to fit all Gantt items.
11/27/2025 05:56 // INFO // [GANTT] // Canvases are ready to be used!
11/27/2025 05:56 // INFO // [GANTT] // Ruler drawn: 92 ticks and 46 labels.
11/27/2025 05:56 // INFO // [MODIFY] // Zoom level changed to 0,08493427704752275, scale set to 10,606394221183482!
11/27/2025 05:56 // INFO // [GANTT] // Gantt chart rendered with 6 items on canvas.
11/27/2025 05:56 // INFO // [GANTT] // Canvas resized to 1070,6087063537848x110 to fit all Gantt items.
11/27/2025 05:56 // INFO // [GANTT] // Canvases are ready to be used!
11/27/2025 05:56 // INFO // [GANTT] // Ruler drawn: 92 ticks and 46 labels.
11/27/2025 05:56 // INFO // [MODIFY] // Zoom level changed to 0,09302325581395349, scale set to 10,666029740151481!
11/27/2025 05:56 // INFO // [GANTT] // Gantt chart rendered with 6 items on canvas.
11/27/2025 05:56 // INFO // [GANTT] // Canvas resized to 1073,333554108141x110 to fit all Gantt items.
11/27/2025 05:56 // INFO // [GANTT] // Canvases are ready to be used!
11/27/2025 05:56 // INFO // [GANTT] // Ruler drawn: 92 ticks and 46 labels.
11/27/2025 05:56 // INFO // [MODIFY] // Zoom level changed to 0,09706774519716886, scale set to 10,695973122067484!
11/27/2025 05:56 // INFO // [GANTT] // Gantt chart rendered with 6 items on canvas.
11/27/2025 05:56 // INFO // [GANTT] // Canvas resized to 1076,0660514902365x110 to fit all Gantt items.
11/27/2025 05:56 // INFO // [GANTT] // Canvases are ready to be used!
11/27/2025 05:56 // INFO // [GANTT] // Ruler drawn: 92 ticks and 46 labels.
11/27/2025 05:56 // INFO // [MODIFY] // Zoom level changed to 0,10111223458038424, scale set to 10,726000565826777!
11/27/2025 05:56 // INFO // [GANTT] // Gantt chart rendered with 6 items on canvas.
11/27/2025 05:56 // INFO // [GANTT] // Canvas resized to 1081,554081098962x110 to fit all Gantt items.
11/27/2025 05:56 // INFO // [GANTT] // Canvases are ready to be used!
11/27/2025 05:56 // INFO // [GANTT] // Ruler drawn: 92 ticks and 46 labels.
11/27/2025 05:56 // INFO // [MODIFY] // Zoom level changed to 0,10920121334681497, scale set to 10,786308583505075!
11/27/2025 05:56 // INFO // [GANTT] // Gantt chart rendered with 6 items on canvas.
11/27/2025 05:56 // INFO // [GANTT] // Canvas resized to 1084,3096564571401x110 to fit all Gantt items.
11/27/2025 05:56 // INFO // [GANTT] // Canvases are ready to be used!
11/27/2025 05:56 // INFO // [GANTT] // Ruler drawn: 92 ticks and 46 labels.
11/27/2025 05:56 // INFO // [MODIFY] // Zoom level changed to 0,11324570273003035, scale set to 10,816589631397145!
11/27/2025 05:56 // INFO // [GANTT] // Gantt chart rendered with 6 items on canvas.
11/27/2025 05:56 // INFO // [GANTT] // Canvas resized to 1087,072967706494x110 to fit all Gantt items.
11/27/2025 05:56 // INFO // [GANTT] // Canvases are ready to be used!
11/27/2025 05:56 // INFO // [GANTT] // Ruler drawn: 92 ticks and 46 labels.
11/27/2025 05:56 // INFO // [MODIFY] // Zoom level changed to 0,11729019211324572, scale set to 10,846955689082352!
11/27/2025 05:56 // INFO // [GANTT] // Gantt chart rendered with 6 items on canvas.
11/27/2025 05:56 // INFO // [GANTT] // Canvas resized to 1089,8440365644528x110 to fit all Gantt items.
11/27/2025 05:56 // INFO // [GANTT] // Canvases are ready to be used!
11/27/2025 05:56 // INFO // [GANTT] // Ruler drawn: 92 ticks and 46 labels.
11/27/2025 05:56 // INFO // [MODIFY] // Zoom level changed to 0,1213346814964611, scale set to 10,877406995213768!
11/27/2025 05:56 // INFO // [GANTT] // Gantt chart rendered with 6 items on canvas.
11/27/2025 05:56 // INFO // [GANTT] // Canvas resized to 1092,6228848094142x110 to fit all Gantt items.
11/27/2025 05:56 // INFO // [GANTT] // Canvases are ready to be used!
11/27/2025 05:56 // INFO // [GANTT] // Ruler drawn: 92 ticks and 46 labels.
11/27/2025 05:56 // INFO // [MODIFY] // Zoom level changed to 0,12537917087967645, scale set to 10,907943789114443!
11/27/2025 05:56 // INFO // [GANTT] // Gantt chart rendered with 6 items on canvas.
11/27/2025 05:56 // INFO // [GANTT] // Canvas resized to 1098,204006879806x110 to fit all Gantt items.
11/27/2025 05:56 // INFO // [GANTT] // Canvases are ready to be used!
11/27/2025 05:56 // INFO // [GANTT] // Ruler drawn: 92 ticks and 46 labels.
11/27/2025 05:56 // INFO // [MODIFY] // Zoom level changed to 0,1334681496461072, scale set to 10,969274800876988!
11/27/2025 05:56 // INFO // [GANTT] // Gantt chart rendered with 6 items on canvas.
11/27/2025 05:56 // INFO // [GANTT] // Canvas resized to 1101,0063245684178x110 to fit all Gantt items.
11/27/2025 05:56 // INFO // [GANTT] // Canvases are ready to be used!
11/27/2025 05:56 // INFO // [GANTT] // Ruler drawn: 92 ticks and 46 labels.
11/27/2025 05:56 // INFO // [MODIFY] // Zoom level changed to 0,13751263902932256, scale set to 11,000069500751843!
11/27/2025 05:56 // INFO // [GANTT] // Gantt chart rendered with 6 items on canvas.
11/27/2025 05:56 // INFO // [GANTT] // Canvas resized to 1106,634583372589x110 to fit all Gantt items.
11/27/2025 05:56 // INFO // [GANTT] // Canvases are ready to be used!
11/27/2025 05:56 // INFO // [GANTT] // Ruler drawn: 92 ticks and 46 labels.
11/27/2025 05:56 // INFO // [MODIFY] // Zoom level changed to 0,1456016177957533, scale set to 11,06191849859988!
11/27/2025 05:56 // INFO // [GANTT] // Gantt chart rendered with 6 items on canvas.
11/27/2025 05:56 // INFO // [GANTT] // Canvas resized to 1109,4605687217872x110 to fit all Gantt items.
11/27/2025 05:56 // INFO // [GANTT] // Canvases are ready to be used!
11/27/2025 05:56 // INFO // [GANTT] // Ruler drawn: 92 ticks and 46 labels.
11/27/2025 05:56 // INFO // [MODIFY] // Zoom level changed to 0,14964610717896867, scale set to 11,092973282657004!
11/27/2025 05:56 // INFO // [GANTT] // Gantt chart rendered with 6 items on canvas.
11/27/2025 05:56 // INFO // [GANTT] // Canvas resized to 1112,2944876283318x110 to fit all Gantt items.
11/27/2025 05:56 // INFO // [GANTT] // Canvases are ready to be used!
11/27/2025 05:56 // INFO // [GANTT] // Ruler drawn: 92 ticks and 46 labels.
11/27/2025 05:56 // INFO // [MODIFY] // Zoom level changed to 0,15369059656218403, scale set to 11,124115248662987!
11/27/2025 05:56 // INFO // [GANTT] // Gantt chart rendered with 6 items on canvas.
11/27/2025 05:56 // INFO // [GANTT] // Canvas resized to 1115,1363623645716x110 to fit all Gantt items.
11/27/2025 05:56 // INFO // [GANTT] // Canvases are ready to be used!
11/27/2025 05:56 // INFO // [GANTT] // Ruler drawn: 92 ticks and 46 labels.
11/27/2025 05:56 // INFO // [MODIFY] // Zoom level changed to 0,1577350859453994, scale set to 11,155344641368918!
11/27/2025 05:56 // INFO // [GANTT] // Gantt chart rendered with 6 items on canvas.
11/27/2025 05:56 // INFO // [GANTT] // Canvas resized to 1117,9862152653823x110 to fit all Gantt items.
11/27/2025 05:56 // INFO // [GANTT] // Canvases are ready to be used!
11/27/2025 05:56 // INFO // [GANTT] // Ruler drawn: 92 ticks and 46 labels.
11/27/2025 05:56 // INFO // [MODIFY] // Zoom level changed to 0,16177957532861476, scale set to 11,186661706212991!
11/27/2025 05:56 // INFO // [GANTT] // Gantt chart rendered with 6 items on canvas.
11/27/2025 05:56 // INFO // [GANTT] // Canvas resized to 1120,8440687283414x110 to fit all Gantt items.
11/27/2025 05:56 // INFO // [GANTT] // Canvases are ready to be used!
11/27/2025 05:56 // INFO // [GANTT] // Ruler drawn: 92 ticks and 46 labels.
11/27/2025 05:56 // INFO // [MODIFY] // Zoom level changed to 0,16582406471183012, scale set to 11,218066689322432!
11/27/2025 05:56 // INFO // [GANTT] // Gantt chart rendered with 6 items on canvas.
11/27/2025 05:56 // INFO // [GANTT] // Canvas resized to 1126,583867245582x110 to fit all Gantt items.
11/27/2025 05:56 // INFO // [GANTT] // Canvases are ready to be used!
11/27/2025 05:56 // INFO // [GANTT] // Ruler drawn: 92 ticks and 46 labels.
11/27/2025 05:56 // INFO // [MODIFY] // Zoom level changed to 0,17391304347826086, scale set to 11,281141398303099!
11/27/2025 05:56 // INFO // [GANTT] // Gantt chart rendered with 6 items on canvas.
11/27/2025 05:56 // INFO // [GANTT] // Canvas resized to 1129,4658574101156x110 to fit all Gantt items.
11/27/2025 05:56 // INFO // [GANTT] // Canvases are ready to be used!
11/27/2025 05:56 // INFO // [GANTT] // Ruler drawn: 92 ticks and 46 labels.
11/27/2025 05:56 // INFO // [MODIFY] // Zoom level changed to 0,17795753286147623, scale set to 11,31281161989138!
11/27/2025 05:56 // INFO // [GANTT] // Gantt chart rendered with 6 items on canvas.
11/27/2025 05:56 // INFO // [GANTT] // Canvas resized to 1132,3559383576564x110 to fit all Gantt items.
11/27/2025 05:56 // INFO // [GANTT] // Canvases are ready to be used!
11/27/2025 05:56 // INFO // [GANTT] // Ruler drawn: 92 ticks and 46 labels.
11/27/2025 05:56 // INFO // [MODIFY] // Zoom level changed to 0,18200202224469159, scale set to 11,344570751183038!
11/27/2025 05:56 // INFO // [GANTT] // Gantt chart rendered with 6 items on canvas.
11/27/2025 05:56 // INFO // [GANTT] // Canvas resized to 1135,2541328019424x110 to fit all Gantt items.
11/27/2025 05:56 // INFO // [GANTT] // Canvases are ready to be used!
11/27/2025 05:56 // INFO // [GANTT] // Ruler drawn: 92 ticks and 46 labels.
11/27/2025 05:56 // INFO // [MODIFY] // Zoom level changed to 0,18604651162790695, scale set to 11,376419041779586!
11/27/2025 05:56 // INFO // [GANTT] // Gantt chart rendered with 6 items on canvas.
11/27/2025 05:56 // INFO // [GANTT] // Canvas resized to 1141,0749533547091x110 to fit all Gantt items.
11/27/2025 05:56 // INFO // [GANTT] // Canvases are ready to be used!
11/27/2025 05:56 // INFO // [GANTT] // Ruler drawn: 92 ticks and 46 labels.
11/27/2025 05:56 // INFO // [MODIFY] // Zoom level changed to 0,1941354903943377, scale set to 11,440384102799001!
11/27/2025 05:56 // INFO // [GANTT] // Gantt chart rendered with 6 items on canvas.
11/27/2025 05:56 // INFO // [GANTT] // Canvas resized to 1143,9976252102108x110 to fit all Gantt items.
11/27/2025 05:56 // INFO // [GANTT] // Canvases are ready to be used!
11/27/2025 05:56 // INFO // [GANTT] // Ruler drawn: 92 ticks and 46 labels.
11/27/2025 05:56 // INFO // [MODIFY] // Zoom level changed to 0,19817997977755306, scale set to 11,472501375936382!
11/27/2025 05:56 // INFO // [GANTT] // Gantt chart rendered with 6 items on canvas.
11/27/2025 05:56 // INFO // [GANTT] // Canvas resized to 1146,9285020568586x110 to fit all Gantt items.
11/27/2025 05:56 // INFO // [GANTT] // Canvases are ready to be used!
11/27/2025 05:56 // INFO // [GANTT] // Ruler drawn: 92 ticks and 46 labels.
11/27/2025 05:56 // INFO // [MODIFY] // Zoom level changed to 0,20222446916076842, scale set to 11,504708813811632!
11/27/2025 05:56 // INFO // [GANTT] // Gantt chart rendered with 6 items on canvas.
11/27/2025 05:56 // INFO // [GANTT] // Canvas resized to 1152,814962925705x110 to fit all Gantt items.
11/27/2025 05:56 // INFO // [GANTT] // Canvases are ready to be used!
11/27/2025 05:56 // INFO // [GANTT] // Ruler drawn: 92 ticks and 46 labels.
11/27/2025 05:56 // INFO // [MODIFY] // Zoom level changed to 0,2103134479271996, scale set to 11,56939519698577!
11/27/2025 05:56 // INFO // [GANTT] // Gantt chart rendered with 6 items on canvas.
11/27/2025 05:56 // INFO // [GANTT] // Canvas resized to 1155,7705932108042x110 to fit all Gantt items.
11/27/2025 05:56 // INFO // [GANTT] // Canvases are ready to be used!
11/27/2025 05:56 // INFO // [GANTT] // Ruler drawn: 92 ticks and 46 labels.
11/27/2025 05:56 // INFO // [MODIFY] // Zoom level changed to 0,21435793731041453, scale set to 11,60187465066818!
11/27/2025 05:56 // INFO // [GANTT] // Gantt chart rendered with 6 items on canvas.
11/27/2025 05:56 // INFO // [GANTT] // Canvas resized to 1158,734521013217x110 to fit all Gantt items.
11/27/2025 05:56 // INFO // [GANTT] // Canvases are ready to be used!
11/27/2025 05:56 // INFO // [GANTT] // Ruler drawn: 92 ticks and 46 labels.
11/27/2025 05:56 // INFO // [MODIFY] // Zoom level changed to 0,2184024266936299, scale set to 11,634445285859528!
11/27/2025 05:56 // INFO // [GANTT] // Gantt chart rendered with 6 items on canvas.
11/27/2025 05:56 // INFO // [GANTT] // Canvas resized to 1161,7067696270583x110 to fit all Gantt items.
11/27/2025 05:56 // INFO // [GANTT] // Canvases are ready to be used!
11/27/2025 05:56 // INFO // [GANTT] // Ruler drawn: 92 ticks and 46 labels.
11/27/2025 05:56 // INFO // [MODIFY] // Zoom level changed to 0,22244691607684525, scale set to 11,667107358539102!
11/27/2025 05:56 // INFO // [GANTT] // Gantt chart rendered with 6 items on canvas.
11/27/2025 05:56 // INFO // [GANTT] // Canvas resized to 1167,676322792647x110 to fit all Gantt items.
11/27/2025 05:56 // INFO // [GANTT] // Canvases are ready to be used!
11/27/2025 05:56 // INFO // [GANTT] // Ruler drawn: 92 ticks and 46 labels.
11/27/2025 05:56 // INFO // [MODIFY] // Zoom level changed to 0,230535894843276, scale set to 11,732706843875242!
11/27/2025 05:56 // INFO // [GANTT] // Gantt chart rendered with 6 items on canvas.
11/27/2025 05:56 // INFO // [GANTT] // Canvas resized to 1170,6736742603355x110 to fit all Gantt items.
11/27/2025 05:56 // INFO // [GANTT] // Canvases are ready to be used!
11/27/2025 05:56 // INFO // [GANTT] // Ruler drawn: 92 ticks and 46 labels.
11/27/2025 05:56 // INFO // [MODIFY] // Zoom level changed to 0,23458038422649136, scale set to 11,7656447720916!
11/27/2025 05:56 // INFO // [GANTT] // Gantt chart rendered with 6 items on canvas.
11/27/2025 05:56 // INFO // [GANTT] // Canvas resized to 1173,679440371703x110 to fit all Gantt items.
11/27/2025 05:56 // INFO // [GANTT] // Canvases are ready to be used!
11/27/2025 05:56 // INFO // [GANTT] // Ruler drawn: 92 ticks and 46 labels.
11/27/2025 05:56 // INFO // [MODIFY] // Zoom level changed to 0,23862487360970672, scale set to 11,798675168919814!
11/27/2025 05:56 // INFO // [GANTT] // Gantt chart rendered with 6 items on canvas.
11/27/2025 05:56 // INFO // [GANTT] // Canvas resized to 1176,6936447496817x110 to fit all Gantt items.
11/27/2025 05:56 // INFO // [GANTT] // Canvases are ready to be used!
11/27/2025 05:56 // INFO // [GANTT] // Ruler drawn: 92 ticks and 46 labels.
11/27/2025 05:56 // INFO // [MODIFY] // Zoom level changed to 0,24266936299292255, scale set to 11,831798293952545!
11/27/2025 05:56 // INFO // [GANTT] // Gantt chart rendered with 6 items on canvas.
11/27/2025 05:56 // INFO // [GANTT] // Canvas resized to 1182,747463128971x110 to fit all Gantt items.
11/27/2025 05:56 // INFO // [GANTT] // Canvases are ready to be used!
11/27/2025 05:56 // INFO // [GANTT] // Ruler drawn: 92 ticks and 46 labels.
11/27/2025 05:56 // INFO // [MODIFY] // Zoom level changed to 0,25075834175935285, scale set to 11,898323770648034!
11/27/2025 05:56 // INFO // [GANTT] // Gantt chart rendered with 6 items on canvas.
11/27/2025 05:56 // INFO // [GANTT] // Canvas resized to 1185,7871247084818x110 to fit all Gantt items.
11/27/2025 05:56 // INFO // [GANTT] // Canvases are ready to be used!
11/27/2025 05:56 // INFO // [GANTT] // Ruler drawn: 92 ticks and 46 labels.
11/27/2025 05:56 // INFO // [MODIFY] // Zoom level changed to 0,2548028311425687, scale set to 11,931726645148151!
11/27/2025 05:56 // INFO // [GANTT] // Gantt chart rendered with 6 items on canvas.
11/27/2025 05:56 // INFO // [GANTT] // Canvas resized to 1188,8353197113731x110 to fit all Gantt items.
11/27/2025 05:56 // INFO // [GANTT] // Canvases are ready to be used!
11/27/2025 05:56 // INFO // [GANTT] // Ruler drawn: 92 ticks and 46 labels.
11/27/2025 05:56 // INFO // [MODIFY] // Zoom level changed to 0,2588473205257836, scale set to 11,965223293531572!
11/27/2025 05:56 // INFO // [GANTT] // Gantt chart rendered with 6 items on canvas.
11/27/2025 05:56 // INFO // [GANTT] // Canvas resized to 1194,9574058801097x110 to fit all Gantt items.
11/27/2025 05:56 // INFO // [GANTT] // Canvases are ready to be used!
11/27/2025 05:56 // INFO // [GANTT] // Ruler drawn: 92 ticks and 46 labels.
11/27/2025 05:56 // INFO // [MODIFY] // Zoom level changed to 0,2669362992922143, scale set to 12,032498965715492!
11/27/2025 05:56 // INFO // [GANTT] // Gantt chart rendered with 6 items on canvas.
11/27/2025 05:56 // INFO // [GANTT] // Canvas resized to 1198,0313451606837x110 to fit all Gantt items.
11/27/2025 05:56 // INFO // [GANTT] // Canvases are ready to be used!
11/27/2025 05:56 // INFO // [GANTT] // Ruler drawn: 92 ticks and 46 labels.
11/27/2025 05:56 // INFO // [MODIFY] // Zoom level changed to 0,2709807886754297, scale set to 12,066278518249272!
11/27/2025 05:56 // INFO // [GANTT] // Gantt chart rendered with 6 items on canvas.
11/27/2025 05:56 // INFO // [GANTT] // Canvas resized to 1201,1139140944754x110 to fit all Gantt items.
11/27/2025 05:56 // INFO // [GANTT] // Canvases are ready to be used!
11/27/2025 05:56 // INFO // [GANTT] // Ruler drawn: 92 ticks and 46 labels.
11/27/2025 05:56 // INFO // [MODIFY] // Zoom level changed to 0,2750252780586451, scale set to 12,100152902137092!
11/27/2025 05:56 // INFO // [GANTT] // Gantt chart rendered with 6 items on canvas.
11/27/2025 05:56 // INFO // [GANTT] // Canvas resized to 1204,2051369080252x110 to fit all Gantt items.
11/27/2025 05:56 // INFO // [GANTT] // Canvases are ready to be used!
11/27/2025 05:56 // INFO // [GANTT] // Ruler drawn: 92 ticks and 46 labels.
11/27/2025 05:56 // INFO // [MODIFY] // Zoom level changed to 0,2790697674418609, scale set to 12,134122383604673!
11/27/2025 05:56 // INFO // [GANTT] // Gantt chart rendered with 6 items on canvas.
11/27/2025 05:56 // INFO // [GANTT] // Canvas resized to 1210,4136414208144x110 to fit all Gantt items.
11/27/2025 05:56 // INFO // [GANTT] // Canvases are ready to be used!
11/27/2025 05:56 // INFO // [GANTT] // Ruler drawn: 92 ticks and 46 labels.
11/27/2025 05:56 // INFO // [MODIFY] // Zoom level changed to 0,2871587462082912, scale set to 12,202347707921037!
11/27/2025 05:56 // INFO // [GANTT] // Gantt chart rendered with 6 items on canvas.
11/27/2025 05:56 // INFO // [GANTT] // Canvas resized to 1213,530971913963x110 to fit all Gantt items.
11/27/2025 05:56 // INFO // [GANTT] // Canvases are ready to be used!
11/27/2025 05:56 // INFO // [GANTT] // Ruler drawn: 92 ticks and 46 labels.
11/27/2025 05:56 // INFO // [MODIFY] // Zoom level changed to 0,29120323559150657, scale set to 12,236604086966626!
11/27/2025 05:56 // INFO // [GANTT] // Gantt chart rendered with 6 items on canvas.
11/27/2025 05:56 // INFO // [GANTT] // Canvas resized to 1216,6570538750696x110 to fit all Gantt items.
11/27/2025 05:56 // INFO // [GANTT] // Canvases are ready to be used!
11/27/2025 05:56 // INFO // [GANTT] // Ruler drawn: 92 ticks and 46 labels.
11/27/2025 05:56 // INFO // [MODIFY] // Zoom level changed to 0,29524772497472196, scale set to 12,270956635989776!
11/27/2025 05:56 // INFO // [GANTT] // Gantt chart rendered with 6 items on canvas.
11/27/2025 05:56 // INFO // [GANTT] // Canvas resized to 1222,9355705442047x110 to fit all Gantt items.
11/27/2025 05:56 // INFO // [GANTT] // Canvases are ready to be used!
11/27/2025 05:56 // INFO // [GANTT] // Ruler drawn: 92 ticks and 46 labels.
11/27/2025 05:56 // INFO // [MODIFY] // Zoom level changed to 0,3033367037411527, scale set to 12,33995132466159!
11/27/2025 05:56 // INFO // [GANTT] // Gantt chart rendered with 6 items on canvas.
11/27/2025 05:56 // INFO // [GANTT] // Canvas resized to 1226,0880545963812x110 to fit all Gantt items.
11/27/2025 05:56 // INFO // [GANTT] // Canvases are ready to be used!
11/27/2025 05:56 // INFO // [GANTT] // Ruler drawn: 92 ticks and 46 labels.
11/27/2025 05:56 // INFO // [MODIFY] // Zoom level changed to 0,30738119312436807, scale set to 12,37459400655364!
11/27/2025 05:56 // INFO // [GANTT] // Gantt chart rendered with 6 items on canvas.
11/27/2025 05:56 // INFO // [GANTT] // Canvas resized to 1229,2493888052009x110 to fit all Gantt items.
11/27/2025 05:56 // INFO // [GANTT] // Canvases are ready to be used!
11/27/2025 05:56 // INFO // [GANTT] // Ruler drawn: 92 ticks and 46 labels.
11/27/2025 05:56 // INFO // [MODIFY] // Zoom level changed to 0,31142568250758346, scale set to 12,409333942914294!
11/27/2025 05:56 // INFO // [GANTT] // Gantt chart rendered with 6 items on canvas.
11/27/2025 05:56 // INFO // [GANTT] // Canvas resized to 1232,419598016236x110 to fit all Gantt items.
11/27/2025 05:56 // INFO // [GANTT] // Canvases are ready to be used!
11/27/2025 05:56 // INFO // [GANTT] // Ruler drawn: 92 ticks and 46 labels.
11/27/2025 05:56 // INFO // [MODIFY] // Zoom level changed to 0,31547017189079885, scale set to 12,444171406771824!
11/27/2025 05:56 // INFO // [GANTT] // Gantt chart rendered with 6 items on canvas.
11/27/2025 05:56 // INFO // [GANTT] // Canvas resized to 1238,7867411761947x110 to fit all Gantt items.
11/27/2025 05:56 // INFO // [GANTT] // Canvases are ready to be used!
11/27/2025 05:56 // INFO // [GANTT] // Ruler drawn: 92 ticks and 46 labels.
11/27/2025 05:56 // INFO // [MODIFY] // Zoom level changed to 0,32355915065722957, scale set to 12,514140012925218!
11/27/2025 05:56 // INFO // [GANTT] // Gantt chart rendered with 6 items on canvas.
11/27/2025 05:56 // INFO // [GANTT] // Canvas resized to 1241,9837251658x110 to fit all Gantt items.
11/27/2025 05:56 // INFO // [GANTT] // Canvases are ready to be used!
11/27/2025 05:56 // INFO // [GANTT] // Ruler drawn: 92 ticks and 46 labels.
11/27/2025 05:56 // INFO // [MODIFY] // Zoom level changed to 0,32760364004044495, scale set to 12,54927170511868!
11/27/2025 05:56 // INFO // [GANTT] // Gantt chart rendered with 6 items on canvas.
11/27/2025 05:56 // INFO // [GANTT] // Canvas resized to 1245,1896842393785x110 to fit all Gantt items.
11/27/2025 05:56 // INFO // [GANTT] // Canvases are ready to be used!
11/27/2025 05:56 // INFO // [GANTT] // Ruler drawn: 92 ticks and 46 labels.
11/27/2025 05:56 // INFO // [MODIFY] // Zoom level changed to 0,33164812942366034, scale set to 12,584502024608554!
11/27/2025 05:56 // INFO // [GANTT] // Gantt chart rendered with 6 items on canvas.
11/27/2025 05:56 // INFO // [GANTT] // Canvas resized to 1248,4046435932194x110 to fit all Gantt items.
11/27/2025 05:56 // INFO // [GANTT] // Canvases are ready to be used!
11/27/2025 05:56 // INFO // [GANTT] // Ruler drawn: 92 ticks and 46 labels.
11/27/2025 05:56 // INFO // [MODIFY] // Zoom level changed to 0,33569261880687573, scale set to 12,619831248277135!
11/27/2025 05:56 // INFO // [GANTT] // Gantt chart rendered with 6 items on canvas.
11/27/2025 05:56 // INFO // [GANTT] // Canvas resized to 1254,8616642807176x110 to fit all Gantt items.
11/27/2025 05:56 // INFO // [GANTT] // Canvases are ready to be used!
11/27/2025 05:56 // INFO // [GANTT] // Ruler drawn: 92 ticks and 46 labels.
11/27/2025 05:56 // INFO // [MODIFY] // Zoom level changed to 0,34378159757330645, scale set to 12,690787519568325!
11/27/2025 05:56 // INFO // [GANTT] // Gantt chart rendered with 6 items on canvas.
11/27/2025 05:56 // INFO // [GANTT] // Canvas resized to 1258,103776361423x110 to fit all Gantt items.
11/27/2025 05:56 // INFO // [GANTT] // Canvases are ready to be used!
11/27/2025 05:56 // INFO // [GANTT] // Ruler drawn: 92 ticks and 46 labels.
11/27/2025 05:56 // INFO // [MODIFY] // Zoom level changed to 0,34782608695652184, scale set to 12,726415124850801!
11/27/2025 05:56 // INFO // [GANTT] // Gantt chart rendered with 6 items on canvas.
11/27/2025 05:56 // INFO // [GANTT] // Canvas resized to 1261,3549902168852x110 to fit all Gantt items.
11/27/2025 05:56 // INFO // [GANTT] // Canvases are ready to be used!
11/27/2025 05:56 // INFO // [GANTT] // Ruler drawn: 92 ticks and 46 labels.
11/27/2025 05:56 // INFO // [MODIFY] // Zoom level changed to 0,35187057633973723, scale set to 12,762142749636102!
11/27/2025 05:56 // INFO // [GANTT] // Gantt chart rendered with 6 items on canvas.
11/27/2025 05:56 // INFO // [GANTT] // Canvas resized to 1264,61533139906x110 to fit all Gantt items.
11/27/2025 05:56 // INFO // [GANTT] // Canvases are ready to be used!
11/27/2025 05:56 // INFO // [GANTT] // Ruler drawn: 92 ticks and 46 labels.
11/27/2025 05:56 // INFO // [MODIFY] // Zoom level changed to 0,3559150657229526, scale set to 12,797970674714946!
11/27/2025 05:56 // INFO // [GANTT] // Gantt chart rendered with 6 items on canvas.
11/27/2025 05:56 // INFO // [GANTT] // Canvas resized to 1271,1634983102388x110 to fit all Gantt items.
11/27/2025 05:56 // INFO // [GANTT] // Canvases are ready to be used!
11/27/2025 05:56 // INFO // [GANTT] // Ruler drawn: 92 ticks and 46 labels.
11/27/2025 05:56 // INFO // [MODIFY] // Zoom level changed to 0,3640040444893829, scale set to 12,869928552859767!
11/27/2025 05:56 // INFO // [GANTT] // Gantt chart rendered with 6 items on canvas.
11/27/2025 05:56 // INFO // [GANTT] // Canvas resized to 1274,4513755026278x110 to fit all Gantt items.
11/27/2025 05:56 // INFO // [GANTT] // Canvases are ready to be used!
11/27/2025 05:56 // INFO // [GANTT] // Ruler drawn: 92 ticks and 46 labels.
11/27/2025 05:56 // INFO // [MODIFY] // Zoom level changed to 0,3680485338725987, scale set to 12,906059071457449!
11/27/2025 05:56 // INFO // [GANTT] // Gantt chart rendered with 6 items on canvas.
11/27/2025 05:56 // INFO // [GANTT] // Canvas resized to 1277,7484829489033x110 to fit all Gantt items.
11/27/2025 05:56 // INFO // [GANTT] // Canvases are ready to be used!
11/27/2025 05:56 // INFO // [GANTT] // Ruler drawn: 92 ticks and 46 labels.
11/27/2025 05:56 // INFO // [MODIFY] // Zoom level changed to 0,3720930232558141, scale set to 12,94229102141652!
11/27/2025 05:56 // INFO // [GANTT] // Gantt chart rendered with 6 items on canvas.
11/27/2025 05:56 // INFO // [GANTT] // Canvas resized to 1284,3704923264308x110 to fit all Gantt items.
11/27/2025 05:56 // INFO // [GANTT] // Canvases are ready to be used!
11/27/2025 05:56 // INFO // [GANTT] // Ruler drawn: 92 ticks and 46 labels.
11/27/2025 05:56 // INFO // [MODIFY] // Zoom level changed to 0,38018200202224484, scale set to 13,015060355235505!
11/27/2025 05:56 // INFO // [GANTT] // Gantt chart rendered with 6 items on canvas.
11/27/2025 05:56 // INFO // [GANTT] // Canvas resized to 1287,6954463014106x110 to fit all Gantt items.
11/27/2025 05:56 // INFO // [GANTT] // Canvases are ready to be used!
11/27/2025 05:56 // INFO // [GANTT] // Ruler drawn: 92 ticks and 46 labels.
11/27/2025 05:56 // INFO // [MODIFY] // Zoom level changed to 0,3842264914054597, scale set to 13,051598311004513!
11/27/2025 05:56 // INFO // [GANTT] // Gantt chart rendered with 6 items on canvas.
11/27/2025 05:56 // INFO // [GANTT] // Canvas resized to 1291,0297346181424x110 to fit all Gantt items.
11/27/2025 05:56 // INFO // [GANTT] // Canvases are ready to be used!
11/27/2025 05:56 // INFO // [GANTT] // Ruler drawn: 92 ticks and 46 labels.
11/27/2025 05:56 // INFO // [MODIFY] // Zoom level changed to 0,3882709807886751, scale set to 13,088238841957608!
11/27/2025 05:56 // INFO // [GANTT] // Gantt chart rendered with 6 items on canvas.
11/27/2025 05:56 // INFO // [GANTT] // Canvas resized to 1294,3733834814807x110 to fit all Gantt items.
11/27/2025 05:56 // INFO // [GANTT] // Canvases are ready to be used!
11/27/2025 05:56 // INFO // [GANTT] // Ruler drawn: 92 ticks and 46 labels.
11/27/2025 05:56 // INFO // [MODIFY] // Zoom level changed to 0,39231547017189095, scale set to 13,124982236060227!
11/27/2025 05:56 // INFO // [GANTT] // Gantt chart rendered with 6 items on canvas.
11/27/2025 05:56 // INFO // [GANTT] // Canvas resized to 1301,0888680354328x110 to fit all Gantt items.
11/27/2025 05:56 // INFO // [GANTT] // Canvases are ready to be used!
11/27/2025 05:56 // INFO // [GANTT] // Ruler drawn: 92 ticks and 46 labels.
11/27/2025 05:56 // INFO // [MODIFY] // Zoom level changed to 0,40040444893832167, scale set to 13,19877876962014!
11/27/2025 05:56 // INFO // [GANTT] // Gantt chart rendered with 6 items on canvas.
11/27/2025 05:56 // INFO // [GANTT] // Canvas resized to 1304,4607565044155x110 to fit all Gantt items.
11/27/2025 05:56 // INFO // [GANTT] // Canvases are ready to be used!
11/27/2025 05:56 // INFO // [GANTT] // Ruler drawn: 92 ticks and 46 labels.
11/27/2025 05:56 // INFO // [MODIFY] // Zoom level changed to 0,40444893832153705, scale set to 13,235832489059511!
11/27/2025 05:56 // INFO // [GANTT] // Gantt chart rendered with 6 items on canvas.
11/27/2025 05:56 // INFO // [GANTT] // Canvas resized to 1307,8421110771556x110 to fit all Gantt items.
11/27/2025 05:56 // INFO // [GANTT] // Canvases are ready to be used!
11/27/2025 05:56 // INFO // [GANTT] // Ruler drawn: 92 ticks and 46 labels.
11/27/2025 05:56 // INFO // [MODIFY] // Zoom level changed to 0,40849342770475194, scale set to 13,272990231617094!
11/27/2025 05:56 // INFO // [GANTT] // Gantt chart rendered with 6 items on canvas.
11/27/2025 05:56 // INFO // [GANTT] // Canvas resized to 1311,232958328412x110 to fit all Gantt items.
11/27/2025 05:56 // INFO // [GANTT] // Canvases are ready to be used!
11/27/2025 05:56 // INFO // [GANTT] // Ruler drawn: 92 ticks and 46 labels.
11/27/2025 05:56 // INFO // [MODIFY] // Zoom level changed to 0,41253791708796733, scale set to 13,31025228932321!
11/27/2025 05:56 // INFO // [GANTT] // Gantt chart rendered with 6 items on canvas.
11/27/2025 05:56 // INFO // [GANTT] // Canvas resized to 1318,04323753874x110 to fit all Gantt items.
11/27/2025 05:56 // INFO // [GANTT] // Canvases are ready to be used!
11/27/2025 05:56 // INFO // [GANTT] // Ruler drawn: 92 ticks and 46 labels.
11/27/2025 05:56 // INFO // [MODIFY] // Zoom level changed to 0,42062689585439855, scale set to 13,385090522403736!
11/27/2025 05:56 // INFO // [GANTT] // Gantt chart rendered with 6 items on canvas.
11/27/2025 05:56 // INFO // [GANTT] // Canvas resized to 1321,4627230211895x110 to fit all Gantt items.
11/27/2025 05:56 // INFO // [GANTT] // Canvases are ready to be used!
11/27/2025 05:56 // INFO // [GANTT] // Ruler drawn: 92 ticks and 46 labels.
11/27/2025 05:56 // INFO // [MODIFY] // Zoom level changed to 0,42467138523761394, scale set to 13,422667285947139!
11/27/2025 05:56 // INFO // [GANTT] // Gantt chart rendered with 6 items on canvas.
11/27/2025 05:56 // INFO // [GANTT] // Canvas resized to 1324,891808229334x110 to fit all Gantt items.
11/27/2025 05:56 // INFO // [GANTT] // Canvases are ready to be used!
11/27/2025 05:56 // INFO // [GANTT] // Ruler drawn: 92 ticks and 46 labels.
11/27/2025 05:56 // INFO // [MODIFY] // Zoom level changed to 0,42871587462082933, scale set to 13,460349540981692!
11/27/2025 05:56 // INFO // [GANTT] // Gantt chart rendered with 6 items on canvas.
11/27/2025 05:56 // INFO // [GANTT] // Canvas resized to 1331,7788856978966x110 to fit all Gantt items.
11/27/2025 05:56 // INFO // [GANTT] // Canvases are ready to be used!
11/27/2025 05:56 // INFO // [GANTT] // Ruler drawn: 92 ticks and 46 labels.
11/27/2025 05:56 // INFO // [MODIFY] // Zoom level changed to 0,4368048533872596, scale set to 13,536031710965897!
11/27/2025 05:56 // INFO // [GANTT] // Gantt chart rendered with 6 items on canvas.
11/27/2025 05:56 // INFO // [GANTT] // Canvas resized to 1335,2369320852677x110 to fit all Gantt items.
11/27/2025 05:56 // INFO // [GANTT] // Canvases are ready to be used!
11/27/2025 05:56 // INFO // [GANTT] // Ruler drawn: 92 ticks and 46 labels.
11/27/2025 05:56 // INFO // [MODIFY] // Zoom level changed to 0,44084934277047544, scale set to 13,574032220717227!
11/27/2025 05:56 // INFO // [GANTT] // Gantt chart rendered with 6 items on canvas.
11/27/2025 05:56 // INFO // [GANTT] // Canvas resized to 1338,7046864526628x110 to fit all Gantt items.
11/27/2025 05:56 // INFO // [GANTT] // Canvases are ready to be used!
11/27/2025 05:56 // INFO // [GANTT] // Ruler drawn: 92 ticks and 46 labels.
11/27/2025 05:56 // INFO // [MODIFY] // Zoom level changed to 0,4448938321536903, scale set to 13,612139411567723!
11/27/2025 05:56 // INFO // [GANTT] // Gantt chart rendered with 6 items on canvas.
11/27/2025 05:56 // INFO // [GANTT] // Canvas resized to 1342,1821760538746x110 to fit all Gantt items.
11/27/2025 05:56 // INFO // [GANTT] // Canvases are ready to be used!
11/27/2025 05:56 // INFO // [GANTT] // Ruler drawn: 92 ticks and 46 labels.
11/27/2025 05:56 // INFO // [MODIFY] // Zoom level changed to 0,4489383215369057, scale set to 13,650353583009611!
11/27/2025 05:56 // INFO // [GANTT] // Gantt chart rendered with 6 items on canvas.
11/27/2025 05:56 // INFO // [GANTT] // Canvas resized to 1349,166470355686x110 to fit all Gantt items.
11/27/2025 05:56 // INFO // [GANTT] // Canvases are ready to be used!
11/27/2025 05:56 // INFO // [GANTT] // Ruler drawn: 92 ticks and 46 labels.
11/27/2025 05:56 // INFO // [MODIFY] // Zoom level changed to 0,45702730030333694, scale set to 13,727104069842703!
11/27/2025 05:56 // INFO // [GANTT] // Gantt chart rendered with 6 items on canvas.
11/27/2025 05:56 // INFO // [GANTT] // Canvas resized to 1352,6733299472842x110 to fit all Gantt items.
11/27/2025 05:56 // INFO // [GANTT] // Canvases are ready to be used!
11/27/2025 05:56 // INFO // [GANTT] // Ruler drawn: 92 ticks and 46 labels.
11/27/2025 05:56 // INFO // [MODIFY] // Zoom level changed to 0,4610717896865518, scale set to 13,765640988431693!
11/27/2025 05:56 // INFO // [GANTT] // Gantt chart rendered with 6 items on canvas.
11/27/2025 05:56 // INFO // [GANTT] // Canvas resized to 1356,1900345551294x110 to fit all Gantt items.
11/27/2025 05:56 // INFO // [GANTT] // Canvases are ready to be used!
11/27/2025 05:56 // INFO // [GANTT] // Ruler drawn: 92 ticks and 46 labels.
11/27/2025 05:56 // INFO // [MODIFY] // Zoom level changed to 0,46511627906976766, scale set to 13,80428609401241!
11/27/2025 05:56 // INFO // [GANTT] // Gantt chart rendered with 6 items on canvas.
11/27/2025 05:56 // INFO // [GANTT] // Canvas resized to 1359,716611817722x110 to fit all Gantt items.
11/27/2025 05:56 // INFO // [GANTT] // Canvases are ready to be used!
11/27/2025 05:56 // INFO // [GANTT] // Ruler drawn: 92 ticks and 46 labels.
11/27/2025 05:56 // INFO // [MODIFY] // Zoom level changed to 0,46916076845298255, scale set to 13,843039690304638!
11/27/2025 05:56 // INFO // [GANTT] // Gantt chart rendered with 6 items on canvas.
11/27/2025 05:56 // INFO // [GANTT] // Canvas resized to 1366,7994952493334x110 to fit all Gantt items.
11/27/2025 05:56 // INFO // [GANTT] // Canvases are ready to be used!
11/27/2025 05:56 // INFO // [GANTT] // Ruler drawn: 92 ticks and 46 labels.
11/27/2025 05:56 // INFO // [MODIFY] // Zoom level changed to 0,47724974721941327, scale set to 13,9208735741685!
11/27/2025 05:56 // INFO // [GANTT] // Gantt chart rendered with 6 items on canvas.
11/27/2025 05:56 // INFO // [GANTT] // Canvas resized to 1370,3558570841838x110 to fit all Gantt items.
11/27/2025 05:56 // INFO // [GANTT] // Canvases are ready to be used!
11/27/2025 05:56 // INFO // [GANTT] // Ruler drawn: 92 ticks and 46 labels.
11/27/2025 05:56 // INFO // [MODIFY] // Zoom level changed to 0,4812942366026291, scale set to 13,95995447345257!
11/27/2025 05:56 // INFO // [GANTT] // Gantt chart rendered with 6 items on canvas.
11/27/2025 05:56 // INFO // [GANTT] // Canvas resized to 1373,922202905882x110 to fit all Gantt items.
11/27/2025 05:56 // INFO // [GANTT] // Canvases are ready to be used!
11/27/2025 05:56 // INFO // [GANTT] // Ruler drawn: 92 ticks and 46 labels.
11/27/2025 05:56 // INFO // [MODIFY] // Zoom level changed to 0,485338725985844, scale set to 13,999145086877823!
11/27/2025 05:56 // INFO // [GANTT] // Gantt chart rendered with 6 items on canvas.
11/27/2025 05:56 // INFO // [GANTT] // Canvas resized to 1377,4985607430715x110 to fit all Gantt items.
11/27/2025 05:56 // INFO // [GANTT] // Canvases are ready to be used!
11/27/2025 05:56 // INFO // [GANTT] // Ruler drawn: 92 ticks and 46 labels.
11/27/2025 05:56 // INFO // [MODIFY] // Zoom level changed to 0,4893832153690598, scale set to 14,038445722451335!
11/27/2025 05:56 // INFO // [GANTT] // Gantt chart rendered with 6 items on canvas.
11/27/2025 05:56 // INFO // [GANTT] // Canvas resized to 1384,6814249721447x110 to fit all Gantt items.
11/27/2025 05:56 // INFO // [GANTT] // Canvases are ready to be used!
11/27/2025 05:56 // INFO // [GANTT] // Ruler drawn: 92 ticks and 46 labels.
11/27/2025 05:56 // INFO // [MODIFY] // Zoom level changed to 0,49747219413549054, scale set to 14,117378296397193!
11/27/2025 05:56 // INFO // [GANTT] // Gantt chart rendered with 6 items on canvas.
11/27/2025 05:56 // INFO // [GANTT] // Canvas resized to 1388,2879878156295x110 to fit all Gantt items.
11/27/2025 05:56 // INFO // [GANTT] // Canvases are ready to be used!
11/27/2025 05:56 // INFO // [GANTT] // Ruler drawn: 92 ticks and 46 labels.
11/27/2025 05:56 // INFO // [MODIFY] // Zoom level changed to 0,5015166835187059, scale set to 14,157010855116807!
11/27/2025 05:56 // INFO // [GANTT] // Gantt chart rendered with 6 items on canvas.
11/27/2025 05:56 // INFO // [GANTT] // Canvas resized to 1391,9046755782504x110 to fit all Gantt items.
11/27/2025 05:56 // INFO // [GANTT] // Canvases are ready to be used!
11/27/2025 05:56 // INFO // [GANTT] // Ruler drawn: 92 ticks and 46 labels.
11/27/2025 05:56 // INFO // [MODIFY] // Zoom level changed to 0,5055611729019208, scale set to 14,196754676684069!
11/27/2025 05:56 // INFO // [GANTT] // Gantt chart rendered with 6 items on canvas.
11/27/2025 05:56 // INFO // [GANTT] // Canvas resized to 1399,1685396378589x110 to fit all Gantt items.
11/27/2025 05:56 // INFO // [GANTT] // Canvases are ready to be used!
11/27/2025 05:56 // INFO // [GANTT] // Ruler drawn: 92 ticks and 46 labels.
11/27/2025 05:56 // INFO // [MODIFY] // Zoom level changed to 0,5136501516683516, scale set to 14,276577358657791!
11/27/2025 05:56 // INFO // [GANTT] // Gantt chart rendered with 6 items on canvas.
11/27/2025 05:56 // INFO // [GANTT] // Canvas resized to 1402,8157730230414x110 to fit all Gantt items.
11/27/2025 05:56 // INFO // [GANTT] // Canvases are ready to be used!
11/27/2025 05:56 // INFO // [GANTT] // Ruler drawn: 92 ticks and 46 labels.
11/27/2025 05:56 // INFO // [MODIFY] // Zoom level changed to 0,5176946410515669, scale set to 14,31665684640705!
11/27/2025 05:56 // INFO // [GANTT] // Gantt chart rendered with 6 items on canvas.
11/27/2025 05:56 // INFO // [GANTT] // Canvas resized to 1406,4732455042x110 to fit all Gantt items.
11/27/2025 05:56 // INFO // [GANTT] // Canvases are ready to be used!
11/27/2025 05:56 // INFO // [GANTT] // Ruler drawn: 92 ticks and 46 labels.
11/27/2025 05:56 // INFO // [MODIFY] // Zoom level changed to 0,5217391304347823, scale set to 14,356848851694505!
11/27/2025 05:56 // INFO // [GANTT] // Gantt chart rendered with 6 items on canvas.
11/27/2025 05:56 // INFO // [GANTT] // Canvas resized to 1410,1409858261595x110 to fit all Gantt items.
11/27/2025 05:56 // INFO // [GANTT] // Canvases are ready to be used!
11/27/2025 05:56 // INFO // [GANTT] // Ruler drawn: 92 ticks and 46 labels.
11/27/2025 05:56 // INFO // [MODIFY] // Zoom level changed to 0,525783619817998, scale set to 14,397153690397356!
11/27/2025 05:56 // INFO // [GANTT] // Gantt chart rendered with 6 items on canvas.
11/27/2025 05:56 // INFO // [GANTT] // Canvas resized to 1417,507385375494x110 to fit all Gantt items.
11/27/2025 05:56 // INFO // [GANTT] // Canvases are ready to be used!
11/27/2025 05:56 // INFO // [GANTT] // Ruler drawn: 92 ticks and 46 labels.
11/27/2025 05:56 // INFO // [MODIFY] // Zoom level changed to 0,5338725985844288, scale set to 14,47810313599444!
11/27/2025 05:56 // INFO // [GANTT] // Gantt chart rendered with 6 items on canvas.
11/27/2025 05:56 // INFO // [GANTT] // Canvas resized to 1421,2061024969119x110 to fit all Gantt items.
11/27/2025 05:56 // INFO // [GANTT] // Canvases are ready to be used!
11/27/2025 05:56 // INFO // [GANTT] // Ruler drawn: 92 ticks and 46 labels.
11/27/2025 05:56 // INFO // [MODIFY] // Zoom level changed to 0,5379170879676441, scale set to 14,518748379086944!
11/27/2025 05:56 // INFO // [GANTT] // Gantt chart rendered with 6 items on canvas.
11/27/2025 05:56 // INFO // [GANTT] // Canvas resized to 1424,9152032476713x110 to fit all Gantt items.
11/27/2025 05:56 // INFO // [GANTT] // Canvases are ready to be used!
11/27/2025 05:56 // INFO // [GANTT] // Ruler drawn: 92 ticks and 46 labels.
11/27/2025 05:56 // INFO // [MODIFY] // Zoom level changed to 0,5419615773508595, scale set to 14,559507727996388!
11/27/2025 05:56 // INFO // [GANTT] // Gantt chart rendered with 6 items on canvas.
11/27/2025 05:56 // INFO // [GANTT] // Canvas resized to 1432,3646723213799x110 to fit all Gantt items.
11/27/2025 05:56 // INFO // [GANTT] // Canvases are ready to be used!
11/27/2025 05:56 // INFO // [GANTT] // Ruler drawn: 92 ticks and 46 labels.
11/27/2025 05:56 // INFO // [MODIFY] // Zoom level changed to 0,5500505561172903, scale set to 14,64137002550967!
11/27/2025 05:56 // INFO // [GANTT] // Gantt chart rendered with 6 items on canvas.
11/27/2025 05:56 // INFO // [GANTT] // Canvas resized to 1436,1050991912323x110 to fit all Gantt items.
11/27/2025 05:56 // INFO // [GANTT] // Canvases are ready to be used!
11/27/2025 05:56 // INFO // [GANTT] // Ruler drawn: 92 ticks and 46 labels.
11/27/2025 05:56 // INFO // [MODIFY] // Zoom level changed to 0,5540950455005056, scale set to 14,68247361748607!
11/27/2025 05:56 // INFO // [GANTT] // Gantt chart rendered with 6 items on canvas.
11/27/2025 05:56 // INFO // [GANTT] // Canvas resized to 1439,856026784692x110 to fit all Gantt items.
11/27/2025 05:56 // INFO // [GANTT] // Canvases are ready to be used!
11/27/2025 05:56 // INFO // [GANTT] // Ruler drawn: 92 ticks and 46 labels.
11/27/2025 05:56 // INFO // [MODIFY] // Zoom level changed to 0,5581395348837205, scale set to 14,723692602029582!
11/27/2025 05:56 // INFO // [GANTT] // Gantt chart rendered with 6 items on canvas.
11/27/2025 05:56 // INFO // [GANTT] // Canvas resized to 1443,6174845810683x110 to fit all Gantt items.
11/27/2025 05:56 // INFO // [GANTT] // Canvases are ready to be used!
11/27/2025 05:56 // INFO // [GANTT] // Ruler drawn: 92 ticks and 46 labels.
11/27/2025 05:56 // INFO // [MODIFY] // Zoom level changed to 0,5621840242669363, scale set to 14,765027303088662!
11/27/2025 05:56 // INFO // [GANTT] // Gantt chart rendered with 6 items on canvas.
11/27/2025 05:56 // INFO // [GANTT] // Canvas resized to 1451,172109113828x110 to fit all Gantt items.
11/27/2025 05:56 // INFO // [GANTT] // Canvases are ready to be used!
11/27/2025 05:56 // INFO // [GANTT] // Ruler drawn: 92 ticks and 46 labels.
11/27/2025 05:56 // INFO // [MODIFY] // Zoom level changed to 0,570273003033367, scale set to 14,84804515509701!
11/27/2025 05:56 // INFO // [GANTT] // Gantt chart rendered with 6 items on canvas.
11/27/2025 05:56 // INFO // [GANTT] // Canvas resized to 1454,9653352235525x110 to fit all Gantt items.
11/27/2025 05:56 // INFO // [GANTT] // Canvases are ready to be used!
11/27/2025 05:56 // INFO // [GANTT] // Ruler drawn: 92 ticks and 46 labels.
11/27/2025 05:56 // INFO // [MODIFY] // Zoom level changed to 0,5743174924165824, scale set to 14,889728958500578!
11/27/2025 05:56 // INFO // [GANTT] // Gantt chart rendered with 6 items on canvas.
11/27/2025 05:56 // INFO // [GANTT] // Canvas resized to 1458,7692102833428x110 to fit all Gantt items.
11/27/2025 05:56 // INFO // [GANTT] // Canvases are ready to be used!
11/27/2025 05:56 // INFO // [GANTT] // Ruler drawn: 92 ticks and 46 labels.
11/27/2025 05:56 // INFO // [MODIFY] // Zoom level changed to 0,5783619817997977, scale set to 14,931529783333437!
11/27/2025 05:56 // INFO // [GANTT] // Gantt chart rendered with 6 items on canvas.
11/27/2025 05:56 // INFO // [GANTT] // Canvas resized to 1462,5837641886314x110 to fit all Gantt items.
11/27/2025 05:56 // INFO // [GANTT] // Canvases are ready to be used!
11/27/2025 05:56 // INFO // [GANTT] // Ruler drawn: 92 ticks and 46 labels.
11/27/2025 05:56 // INFO // [MODIFY] // Zoom level changed to 0,582406471183013, scale set to 14,973447958116829!
11/27/2025 05:56 // INFO // [GANTT] // Gantt chart rendered with 6 items on canvas.
11/27/2025 05:56 // INFO // [GANTT] // Canvas resized to 1466,4090269187784x110 to fit all Gantt items.
11/27/2025 05:56 // INFO // [GANTT] // Canvases are ready to be used!
11/27/2025 05:56 // INFO // [GANTT] // Ruler drawn: 92 ticks and 92 labels.
11/27/2025 05:56 // INFO // [MODIFY] // Zoom level changed to 0,5864509605662284, scale set to 15,015483812294267!
11/27/2025 05:56 // INFO // [GANTT] // Gantt chart rendered with 6 items on canvas.
11/27/2025 05:56 // INFO // [GANTT] // Canvas resized to 1470,2450285373075x110 to fit all Gantt items.
11/27/2025 05:56 // INFO // [GANTT] // Canvases are ready to be used!
11/27/2025 05:56 // INFO // [GANTT] // Ruler drawn: 92 ticks and 92 labels.
11/27/2025 05:56 // INFO // [MODIFY] // Zoom level changed to 0,5904954499494437, scale set to 15,057637676234148!
11/27/2025 05:56 // INFO // [GANTT] // Gantt chart rendered with 6 items on canvas.
11/27/2025 05:56 // INFO // [GANTT] // Canvas resized to 1474,0917991921408x110 to fit all Gantt items.
11/27/2025 05:56 // INFO // [GANTT] // Canvases are ready to be used!
11/27/2025 05:56 // INFO // [GANTT] // Ruler drawn: 92 ticks and 92 labels.
11/27/2025 05:56 // INFO // [MODIFY] // Zoom level changed to 0,594539939332659, scale set to 15,099909881232318!
11/27/2025 05:56 // INFO // [GANTT] // Gantt chart rendered with 6 items on canvas.
11/27/2025 05:56 // INFO // [GANTT] // Canvas resized to 1477,9493691158375x110 to fit all Gantt items.
11/27/2025 05:56 // INFO // [GANTT] // Canvases are ready to be used!
11/27/2025 05:56 // INFO // [GANTT] // Ruler drawn: 92 ticks and 92 labels.
11/27/2025 05:56 // INFO // [MODIFY] // Zoom level changed to 0,5985844287158748, scale set to 15,142300759514697!
11/27/2025 05:56 // INFO // [GANTT] // Gantt chart rendered with 6 items on canvas.
11/27/2025 05:56 // INFO // [GANTT] // Canvas resized to 1481,8177686258277x110 to fit all Gantt items.
11/27/2025 05:56 // INFO // [GANTT] // Canvases are ready to be used!
11/27/2025 05:56 // INFO // [GANTT] // Ruler drawn: 92 ticks and 92 labels.
11/27/2025 05:56 // INFO // [MODIFY] // Zoom level changed to 0,6026289180990897, scale set to 15,184810644239866!
11/27/2025 05:56 // INFO // [GANTT] // Gantt chart rendered with 6 items on canvas.
11/27/2025 05:56 // INFO // [GANTT] // Canvas resized to 1489,5871781002202x110 to fit all Gantt items.
11/27/2025 05:56 // INFO // [GANTT] // Canvases are ready to be used!
11/27/2025 05:56 // INFO // [GANTT] // Ruler drawn: 92 ticks and 92 labels.
11/27/2025 05:56 // INFO // [MODIFY] // Zoom level changed to 0,6107178968655205, scale set to 15,27018877033209!
11/27/2025 05:56 // INFO // [GANTT] // Gantt chart rendered with 6 items on canvas.
11/27/2025 05:56 // INFO // [GANTT] // Canvas resized to 1493,4882491260023x110 to fit all Gantt items.
11/27/2025 05:56 // INFO // [GANTT] // Canvases are ready to be used!
11/27/2025 05:56 // INFO // [GANTT] // Ruler drawn: 92 ticks and 92 labels.
11/27/2025 05:56 // INFO // [MODIFY] // Zoom level changed to 0,6147623862487358, scale set to 15,313057682703322!
11/27/2025 05:56 // INFO // [GANTT] // Gantt chart rendered with 6 items on canvas.
11/27/2025 05:56 // INFO // [GANTT] // Canvas resized to 1497,4002718613192x110 to fit all Gantt items.
11/27/2025 05:56 // INFO // [GANTT] // Canvases are ready to be used!
11/27/2025 05:56 // INFO // [GANTT] // Ruler drawn: 92 ticks and 92 labels.
11/27/2025 05:56 // INFO // [MODIFY] // Zoom level changed to 0,6188068756319511, scale set to 15,35604694353098!
11/27/2025 05:58 // INFO // [EXITUS] // Shutting down...
