11/26/2025 00:42 // INFO // [INITIALIZATION] // Beginning initialization...
11/26/2025 00:42 // INFO // [LOAD] // Custom solver "Simulated Annealing" (metaheuristic) loaded from JSON file.
11/26/2025 00:42 // INFO // [LOAD] // Custom solvers loaded from JSON file!
11/26/2025 00:42 // INFO // [INITIALIZATION] // Johnson's Rule solver added!
11/26/2025 00:42 // INFO // [INITIALIZATION] // List Scheduling solver added!
11/26/2025 00:42 // INFO // [INITIALIZATION] // {cs.Name} ({cs.TypeID} type) solver added!
11/26/2025 00:42 // INFO // [INITIALIZATION] // Solver menu successfully built!
11/26/2025 00:42 // INFO // [CONSTRAINT] // Saving and closing are disabled for as long as there are no files opened.
11/26/2025 00:42 // INFO // [INITIALIZATION] // Initialization complete!
11/26/2025 00:47 // INFO // [EXTERN_SOLVER] // Custom deterministic solver "BnB" added with path: C:\Users\Phant0m\Desktop\THESIS_LIPX05\Y0KAI_BnB\bin\Release\net9.0\Y0KAI_BnB.exe
11/26/2025 00:47 // INFO // [INITIALIZATION] // Johnson's Rule solver added!
11/26/2025 00:47 // INFO // [INITIALIZATION] // List Scheduling solver added!
11/26/2025 00:47 // INFO // [INITIALIZATION] // {cs.Name} ({cs.TypeID} type) solver added!
11/26/2025 00:47 // INFO // [INITIALIZATION] // {cs.Name} ({cs.TypeID} type) solver added!
11/26/2025 00:47 // INFO // [INITIALIZATION] // Solver menu successfully built!
11/26/2025 00:47 // INFO // [EXTERN_SOLVER] // Custom deterministic solver "CDS" added with path: C:\Users\Phant0m\Desktop\THESIS_LIPX05\Y0KAI_CDS\bin\Release\net9.0\Y0KAI_CDS.exe
11/26/2025 00:47 // INFO // [INITIALIZATION] // Johnson's Rule solver added!
11/26/2025 00:47 // INFO // [INITIALIZATION] // List Scheduling solver added!
11/26/2025 00:47 // INFO // [INITIALIZATION] // {cs.Name} ({cs.TypeID} type) solver added!
11/26/2025 00:47 // INFO // [INITIALIZATION] // {cs.Name} ({cs.TypeID} type) solver added!
11/26/2025 00:47 // INFO // [INITIALIZATION] // {cs.Name} ({cs.TypeID} type) solver added!
11/26/2025 00:47 // INFO // [INITIALIZATION] // Solver menu successfully built!
11/26/2025 01:16 // INFO // [LOAD] // Open file dialog initiated...
11/26/2025 01:19 // INFO // [LOAD] // XML document loaded from C:\Users\Phant0m\Desktop\THESIS_LIPX05\ultimate.xml!
11/26/2025 01:19 // INFO // [LOAD] // XML element established!
11/26/2025 01:19 // INFO // [DATATABLE] // Master Recipe Table datatable displayed in new tab!
11/26/2025 01:19 // INFO // [DATATABLE] // Recipe Elements Table datatable displayed in new tab!
11/26/2025 01:19 // INFO // [DATATABLE] // Steps Table datatable displayed in new tab!
11/26/2025 01:19 // INFO // [LOAD] // BatchML file loaded and data tables populated!
11/26/2025 01:19 // INFO // [CONSTRAINT] // Saving and closing are disabled for as long as there are no files opened.
11/26/2025 01:19 // INFO // [LOAD] // BatchML file loaded from C:\Users\Phant0m\Desktop\THESIS_LIPX05\ultimate.xml!
11/26/2025 01:19 // WARNING // [DATATABLE] // InternalKey column could not be found in DataGrid for Recipe Elements Table after loading!
11/26/2025 01:23 // INFO // [S_GRAPH] // Node J1_M1 at 100;70
11/26/2025 01:23 // INFO // [S_GRAPH] // Node J1_M2 at 300;70
11/26/2025 01:23 // INFO // [S_GRAPH] // Node P1 at 450;70
11/26/2025 01:23 // INFO // [S_GRAPH] // Node J2_M1 at 100;220
11/26/2025 01:23 // INFO // [S_GRAPH] // Node J2_M2 at 300;220
11/26/2025 01:23 // INFO // [S_GRAPH] // Node P2 at 450;220
11/26/2025 01:23 // INFO // [S_GRAPH] // Node J3_M1 at 100;370
11/26/2025 01:23 // INFO // [S_GRAPH] // Node J3_M2 at 300;370
11/26/2025 01:23 // INFO // [S_GRAPH] // Node P3 at 450;370
11/26/2025 01:23 // INFO // [S_GRAPH] // Node J4_M1 at 100;520
11/26/2025 01:23 // INFO // [S_GRAPH] // Node J4_M2 at 300;520
11/26/2025 01:23 // INFO // [S_GRAPH] // Node P4 at 450;520
11/26/2025 01:23 // INFO // [S_GRAPH] // Node J5_M1 at 100;670
11/26/2025 01:23 // INFO // [S_GRAPH] // Node J5_M2 at 300;670
11/26/2025 01:23 // INFO // [S_GRAPH] // Node P5 at 450;670
11/26/2025 01:23 // INFO // [S_GRAPH] // Node J6_M1 at 100;820
11/26/2025 01:23 // INFO // [S_GRAPH] // Node J6_M2 at 300;820
11/26/2025 01:23 // INFO // [S_GRAPH] // Node P6 at 450;820
11/26/2025 01:23 // INFO // [S_GRAPH] // Node J7_M1 at 100;970
11/26/2025 01:23 // INFO // [S_GRAPH] // Node J7_M2 at 300;970
11/26/2025 01:23 // INFO // [S_GRAPH] // Node P7 at 450;970
11/26/2025 01:23 // INFO // [S_GRAPH] // Node J8_M1 at 100;1120
11/26/2025 01:23 // INFO // [S_GRAPH] // Node J8_M2 at 300;1120
11/26/2025 01:23 // INFO // [S_GRAPH] // Node P8 at 450;1120
11/26/2025 01:23 // INFO // [S_GRAPH] // Node J9_M1 at 100;1270
11/26/2025 01:23 // INFO // [S_GRAPH] // Node J9_M2 at 300;1270
11/26/2025 01:23 // INFO // [S_GRAPH] // Node P9 at 450;1270
11/26/2025 01:23 // INFO // [S_GRAPH] // Node J10_M1 at 100;1420
11/26/2025 01:23 // INFO // [S_GRAPH] // Node J10_M2 at 300;1420
11/26/2025 01:23 // INFO // [S_GRAPH] // Node P10 at 450;1420
11/26/2025 01:23 // INFO // [S_GRAPH] // Curve value of edge (J1_M1 to J1_M2) set to 25,00
11/26/2025 01:23 // INFO // [S_GRAPH] // Edge drawn from (170,0;105,0) to (300,0;105,0)!
11/26/2025 01:23 // INFO // [S_GRAPH] // Weight 15 drawn at (235;117,5)!
11/26/2025 01:23 // INFO // [S_GRAPH] // Edge from J1_M1 to J1_M2 with cost 0 drawn.
11/26/2025 01:23 // INFO // [S_GRAPH] // Edge drawn from (370,0;105,0) to (450,0;105,0)!
11/26/2025 01:23 // INFO // [S_GRAPH] // Weight 25 drawn at (410;105)!
11/26/2025 01:23 // INFO // [S_GRAPH] // Edge from J1_M2 to P1 with cost 25 drawn.
11/26/2025 01:23 // INFO // [S_GRAPH] // Curve value of edge (J2_M1 to J2_M2) set to 25,00
11/26/2025 01:23 // INFO // [S_GRAPH] // Edge drawn from (170,0;255,0) to (300,0;255,0)!
11/26/2025 01:23 // INFO // [S_GRAPH] // Weight 16 drawn at (235;267,5)!
11/26/2025 01:23 // INFO // [S_GRAPH] // Edge from J2_M1 to J2_M2 with cost 0 drawn.
11/26/2025 01:23 // INFO // [S_GRAPH] // Edge drawn from (370,0;255,0) to (450,0;255,0)!
11/26/2025 01:23 // INFO // [S_GRAPH] // Weight 26 drawn at (410;255)!
11/26/2025 01:23 // INFO // [S_GRAPH] // Edge from J2_M2 to P2 with cost 26 drawn.
11/26/2025 01:23 // INFO // [S_GRAPH] // Curve value of edge (J3_M1 to J3_M2) set to 25,00
11/26/2025 01:23 // INFO // [S_GRAPH] // Edge drawn from (170,0;405,0) to (300,0;405,0)!
11/26/2025 01:23 // INFO // [S_GRAPH] // Weight 17 drawn at (235;417,5)!
11/26/2025 01:23 // INFO // [S_GRAPH] // Edge from J3_M1 to J3_M2 with cost 0 drawn.
11/26/2025 01:23 // INFO // [S_GRAPH] // Edge drawn from (370,0;405,0) to (450,0;405,0)!
11/26/2025 01:23 // INFO // [S_GRAPH] // Weight 27 drawn at (410;405)!
11/26/2025 01:23 // INFO // [S_GRAPH] // Edge from J3_M2 to P3 with cost 27 drawn.
11/26/2025 01:23 // INFO // [S_GRAPH] // Curve value of edge (J4_M1 to J4_M2) set to 25,00
11/26/2025 01:23 // INFO // [S_GRAPH] // Edge drawn from (170,0;555,0) to (300,0;555,0)!
11/26/2025 01:23 // INFO // [S_GRAPH] // Weight 28 drawn at (235;567,5)!
11/26/2025 01:23 // INFO // [S_GRAPH] // Edge from J4_M1 to J4_M2 with cost 0 drawn.
11/26/2025 01:23 // INFO // [S_GRAPH] // Edge drawn from (370,0;555,0) to (450,0;555,0)!
11/26/2025 01:23 // INFO // [S_GRAPH] // Weight 18 drawn at (410;555)!
11/26/2025 01:23 // INFO // [S_GRAPH] // Edge from J4_M2 to P4 with cost 18 drawn.
11/26/2025 01:23 // INFO // [S_GRAPH] // Curve value of edge (J5_M1 to J5_M2) set to 25,00
11/26/2025 01:23 // INFO // [S_GRAPH] // Edge drawn from (170,0;705,0) to (300,0;705,0)!
11/26/2025 01:23 // INFO // [S_GRAPH] // Weight 19 drawn at (235;717,5)!
11/26/2025 01:23 // INFO // [S_GRAPH] // Edge from J5_M1 to J5_M2 with cost 0 drawn.
11/26/2025 01:23 // INFO // [S_GRAPH] // Edge drawn from (370,0;705,0) to (450,0;705,0)!
11/26/2025 01:23 // INFO // [S_GRAPH] // Weight 29 drawn at (410;705)!
11/26/2025 01:23 // INFO // [S_GRAPH] // Edge from J5_M2 to P5 with cost 29 drawn.
11/26/2025 01:23 // INFO // [S_GRAPH] // Curve value of edge (J6_M1 to J6_M2) set to 25,00
11/26/2025 01:23 // INFO // [S_GRAPH] // Edge drawn from (170,0;855,0) to (300,0;855,0)!
11/26/2025 01:23 // INFO // [S_GRAPH] // Weight 20 drawn at (235;867,5)!
11/26/2025 01:23 // INFO // [S_GRAPH] // Edge from J6_M1 to J6_M2 with cost 0 drawn.
11/26/2025 01:23 // INFO // [S_GRAPH] // Edge drawn from (370,0;855,0) to (450,0;855,0)!
11/26/2025 01:23 // INFO // [S_GRAPH] // Weight 30 drawn at (410;855)!
11/26/2025 01:23 // INFO // [S_GRAPH] // Edge from J6_M2 to P6 with cost 30 drawn.
11/26/2025 01:23 // INFO // [S_GRAPH] // Curve value of edge (J7_M1 to J7_M2) set to 25,00
11/26/2025 01:23 // INFO // [S_GRAPH] // Edge drawn from (170,0;1005,0) to (300,0;1005,0)!
11/26/2025 01:23 // INFO // [S_GRAPH] // Weight 21 drawn at (235;1017,5)!
11/26/2025 01:23 // INFO // [S_GRAPH] // Edge from J7_M1 to J7_M2 with cost 0 drawn.
11/26/2025 01:23 // INFO // [S_GRAPH] // Edge drawn from (370,0;1005,0) to (450,0;1005,0)!
11/26/2025 01:23 // INFO // [S_GRAPH] // Weight 31 drawn at (410;1005)!
11/26/2025 01:23 // INFO // [S_GRAPH] // Edge from J7_M2 to P7 with cost 31 drawn.
11/26/2025 01:23 // INFO // [S_GRAPH] // Curve value of edge (J8_M1 to J8_M2) set to 25,00
11/26/2025 01:23 // INFO // [S_GRAPH] // Edge drawn from (170,0;1155,0) to (300,0;1155,0)!
11/26/2025 01:23 // INFO // [S_GRAPH] // Weight 32 drawn at (235;1167,5)!
11/26/2025 01:23 // INFO // [S_GRAPH] // Edge from J8_M1 to J8_M2 with cost 0 drawn.
11/26/2025 01:23 // INFO // [S_GRAPH] // Edge drawn from (370,0;1155,0) to (450,0;1155,0)!
11/26/2025 01:23 // INFO // [S_GRAPH] // Weight 22 drawn at (410;1155)!
11/26/2025 01:23 // INFO // [S_GRAPH] // Edge from J8_M2 to P8 with cost 22 drawn.
11/26/2025 01:23 // INFO // [S_GRAPH] // Curve value of edge (J9_M1 to J9_M2) set to 25,00
11/26/2025 01:23 // INFO // [S_GRAPH] // Edge drawn from (170,0;1305,0) to (300,0;1305,0)!
11/26/2025 01:23 // INFO // [S_GRAPH] // Weight 33 drawn at (235;1317,5)!
11/26/2025 01:23 // INFO // [S_GRAPH] // Edge from J9_M1 to J9_M2 with cost 0 drawn.
11/26/2025 01:23 // INFO // [S_GRAPH] // Edge drawn from (370,0;1305,0) to (450,0;1305,0)!
11/26/2025 01:23 // INFO // [S_GRAPH] // Weight 23 drawn at (410;1305)!
11/26/2025 01:23 // INFO // [S_GRAPH] // Edge from J9_M2 to P9 with cost 23 drawn.
11/26/2025 01:23 // INFO // [S_GRAPH] // Curve value of edge (J10_M1 to J10_M2) set to 25,00
11/26/2025 01:23 // INFO // [S_GRAPH] // Edge drawn from (170,0;1455,0) to (300,0;1455,0)!
11/26/2025 01:23 // INFO // [S_GRAPH] // Weight 24 drawn at (235;1467,5)!
11/26/2025 01:23 // INFO // [S_GRAPH] // Edge from J10_M1 to J10_M2 with cost 0 drawn.
11/26/2025 01:23 // INFO // [S_GRAPH] // Edge drawn from (370,0;1455,0) to (450,0;1455,0)!
11/26/2025 01:23 // INFO // [S_GRAPH] // Weight 34 drawn at (410;1455)!
11/26/2025 01:23 // INFO // [S_GRAPH] // Edge from J10_M2 to P10 with cost 34 drawn.
11/26/2025 01:23 // INFO // [S_GRAPH] // Canvas resized to 570x1540!
11/26/2025 01:23 // INFO // [S_GRAPH] // Flow Shop S-Graph built from BatchML file!
11/26/2025 01:23 // INFO // [CONSTRAINT] // Saving and closing are disabled for as long as there are no files opened.
11/26/2025 01:23 // INFO // [INITIALIZATION] // Johnson's Rule solver enabled!
11/26/2025 01:23 // INFO // [INITIALIZATION] // List Scheduling solver enabled!
11/26/2025 01:23 // INFO // [INITIALIZATION] // Simulated Annealing solver enabled!
11/26/2025 01:23 // INFO // [INITIALIZATION] // BnB solver enabled!
11/26/2025 01:23 // INFO // [INITIALIZATION] // CDS solver enabled!
11/26/2025 01:23 // INFO // [INITIALIZATION] //  solver enabled!
11/26/2025 01:23 // INFO // [CONSTRAINT] // Saving and closing are disabled for as long as there are no files opened.
11/26/2025 01:23 // INFO // [EXPORT] // Child element of type Ellipse cloned and added to canvas.
11/26/2025 01:23 // INFO // [EXPORT] // Child element of type TextBlock cloned and added to canvas.
11/26/2025 01:23 // INFO // [EXPORT] // Child element of type Ellipse cloned and added to canvas.
11/26/2025 01:23 // INFO // [EXPORT] // Child element of type TextBlock cloned and added to canvas.
11/26/2025 01:23 // INFO // [EXPORT] // Child element of type Ellipse cloned and added to canvas.
11/26/2025 01:23 // INFO // [EXPORT] // Child element of type TextBlock cloned and added to canvas.
11/26/2025 01:23 // INFO // [EXPORT] // Child element of type Ellipse cloned and added to canvas.
11/26/2025 01:23 // INFO // [EXPORT] // Child element of type TextBlock cloned and added to canvas.
11/26/2025 01:23 // INFO // [EXPORT] // Child element of type Ellipse cloned and added to canvas.
11/26/2025 01:23 // INFO // [EXPORT] // Child element of type TextBlock cloned and added to canvas.
11/26/2025 01:23 // INFO // [EXPORT] // Child element of type Ellipse cloned and added to canvas.
11/26/2025 01:23 // INFO // [EXPORT] // Child element of type TextBlock cloned and added to canvas.
11/26/2025 01:23 // INFO // [EXPORT] // Child element of type Ellipse cloned and added to canvas.
11/26/2025 01:23 // INFO // [EXPORT] // Child element of type TextBlock cloned and added to canvas.
11/26/2025 01:23 // INFO // [EXPORT] // Child element of type Ellipse cloned and added to canvas.
11/26/2025 01:23 // INFO // [EXPORT] // Child element of type TextBlock cloned and added to canvas.
11/26/2025 01:23 // INFO // [EXPORT] // Child element of type Ellipse cloned and added to canvas.
11/26/2025 01:23 // INFO // [EXPORT] // Child element of type TextBlock cloned and added to canvas.
11/26/2025 01:23 // INFO // [EXPORT] // Child element of type Ellipse cloned and added to canvas.
11/26/2025 01:23 // INFO // [EXPORT] // Child element of type TextBlock cloned and added to canvas.
11/26/2025 01:23 // INFO // [EXPORT] // Child element of type Ellipse cloned and added to canvas.
11/26/2025 01:23 // INFO // [EXPORT] // Child element of type TextBlock cloned and added to canvas.
11/26/2025 01:23 // INFO // [EXPORT] // Child element of type Ellipse cloned and added to canvas.
11/26/2025 01:23 // INFO // [EXPORT] // Child element of type TextBlock cloned and added to canvas.
11/26/2025 01:23 // INFO // [EXPORT] // Child element of type Ellipse cloned and added to canvas.
11/26/2025 01:23 // INFO // [EXPORT] // Child element of type TextBlock cloned and added to canvas.
11/26/2025 01:23 // INFO // [EXPORT] // Child element of type Ellipse cloned and added to canvas.
11/26/2025 01:23 // INFO // [EXPORT] // Child element of type TextBlock cloned and added to canvas.
11/26/2025 01:23 // INFO // [EXPORT] // Child element of type Ellipse cloned and added to canvas.
11/26/2025 01:23 // INFO // [EXPORT] // Child element of type TextBlock cloned and added to canvas.
11/26/2025 01:23 // INFO // [EXPORT] // Child element of type Ellipse cloned and added to canvas.
11/26/2025 01:23 // INFO // [EXPORT] // Child element of type TextBlock cloned and added to canvas.
11/26/2025 01:23 // INFO // [EXPORT] // Child element of type Ellipse cloned and added to canvas.
11/26/2025 01:23 // INFO // [EXPORT] // Child element of type TextBlock cloned and added to canvas.
11/26/2025 01:23 // INFO // [EXPORT] // Child element of type Ellipse cloned and added to canvas.
11/26/2025 01:23 // INFO // [EXPORT] // Child element of type TextBlock cloned and added to canvas.
11/26/2025 01:23 // INFO // [EXPORT] // Child element of type Ellipse cloned and added to canvas.
11/26/2025 01:23 // INFO // [EXPORT] // Child element of type TextBlock cloned and added to canvas.
11/26/2025 01:23 // INFO // [EXPORT] // Child element of type Ellipse cloned and added to canvas.
11/26/2025 01:23 // INFO // [EXPORT] // Child element of type TextBlock cloned and added to canvas.
11/26/2025 01:23 // INFO // [EXPORT] // Child element of type Ellipse cloned and added to canvas.
11/26/2025 01:23 // INFO // [EXPORT] // Child element of type TextBlock cloned and added to canvas.
11/26/2025 01:23 // INFO // [EXPORT] // Child element of type Ellipse cloned and added to canvas.
11/26/2025 01:23 // INFO // [EXPORT] // Child element of type TextBlock cloned and added to canvas.
11/26/2025 01:23 // INFO // [EXPORT] // Child element of type Ellipse cloned and added to canvas.
11/26/2025 01:23 // INFO // [EXPORT] // Child element of type TextBlock cloned and added to canvas.
11/26/2025 01:23 // INFO // [EXPORT] // Child element of type Ellipse cloned and added to canvas.
11/26/2025 01:23 // INFO // [EXPORT] // Child element of type TextBlock cloned and added to canvas.
11/26/2025 01:23 // INFO // [EXPORT] // Child element of type Ellipse cloned and added to canvas.
11/26/2025 01:23 // INFO // [EXPORT] // Child element of type TextBlock cloned and added to canvas.
11/26/2025 01:23 // INFO // [EXPORT] // Child element of type Ellipse cloned and added to canvas.
11/26/2025 01:23 // INFO // [EXPORT] // Child element of type TextBlock cloned and added to canvas.
11/26/2025 01:23 // INFO // [EXPORT] // Child element of type Ellipse cloned and added to canvas.
11/26/2025 01:23 // INFO // [EXPORT] // Child element of type TextBlock cloned and added to canvas.
11/26/2025 01:23 // INFO // [EXPORT] // Child element of type Ellipse cloned and added to canvas.
11/26/2025 01:23 // INFO // [EXPORT] // Child element of type TextBlock cloned and added to canvas.
11/26/2025 01:23 // INFO // [EXPORT] // Child element of type Ellipse cloned and added to canvas.
11/26/2025 01:23 // INFO // [EXPORT] // Child element of type TextBlock cloned and added to canvas.
11/26/2025 01:23 // INFO // [EXPORT] // Child element of type Ellipse cloned and added to canvas.
11/26/2025 01:23 // INFO // [EXPORT] // Child element of type TextBlock cloned and added to canvas.
11/26/2025 01:23 // INFO // [EXPORT] // Child element of type Path cloned and added to canvas.
11/26/2025 01:23 // INFO // [EXPORT] // Child element of type Polygon cloned and added to canvas.
11/26/2025 01:23 // INFO // [EXPORT] // Child element of type TextBlock cloned and added to canvas.
11/26/2025 01:23 // INFO // [EXPORT] // Child element of type Path cloned and added to canvas.
11/26/2025 01:23 // INFO // [EXPORT] // Child element of type Polygon cloned and added to canvas.
11/26/2025 01:23 // INFO // [EXPORT] // Child element of type TextBlock cloned and added to canvas.
11/26/2025 01:23 // INFO // [EXPORT] // Child element of type Path cloned and added to canvas.
11/26/2025 01:23 // INFO // [EXPORT] // Child element of type Polygon cloned and added to canvas.
11/26/2025 01:23 // INFO // [EXPORT] // Child element of type TextBlock cloned and added to canvas.
11/26/2025 01:23 // INFO // [EXPORT] // Child element of type Path cloned and added to canvas.
11/26/2025 01:23 // INFO // [EXPORT] // Child element of type Polygon cloned and added to canvas.
11/26/2025 01:23 // INFO // [EXPORT] // Child element of type TextBlock cloned and added to canvas.
11/26/2025 01:23 // INFO // [EXPORT] // Child element of type Path cloned and added to canvas.
11/26/2025 01:23 // INFO // [EXPORT] // Child element of type Polygon cloned and added to canvas.
11/26/2025 01:23 // INFO // [EXPORT] // Child element of type TextBlock cloned and added to canvas.
11/26/2025 01:23 // INFO // [EXPORT] // Child element of type Path cloned and added to canvas.
11/26/2025 01:23 // INFO // [EXPORT] // Child element of type Polygon cloned and added to canvas.
11/26/2025 01:23 // INFO // [EXPORT] // Child element of type TextBlock cloned and added to canvas.
11/26/2025 01:23 // INFO // [EXPORT] // Child element of type Path cloned and added to canvas.
11/26/2025 01:23 // INFO // [EXPORT] // Child element of type Polygon cloned and added to canvas.
11/26/2025 01:23 // INFO // [EXPORT] // Child element of type TextBlock cloned and added to canvas.
11/26/2025 01:23 // INFO // [EXPORT] // Child element of type Path cloned and added to canvas.
11/26/2025 01:23 // INFO // [EXPORT] // Child element of type Polygon cloned and added to canvas.
11/26/2025 01:23 // INFO // [EXPORT] // Child element of type TextBlock cloned and added to canvas.
11/26/2025 01:23 // INFO // [EXPORT] // Child element of type Path cloned and added to canvas.
11/26/2025 01:23 // INFO // [EXPORT] // Child element of type Polygon cloned and added to canvas.
11/26/2025 01:23 // INFO // [EXPORT] // Child element of type TextBlock cloned and added to canvas.
11/26/2025 01:23 // INFO // [EXPORT] // Child element of type Path cloned and added to canvas.
11/26/2025 01:23 // INFO // [EXPORT] // Child element of type Polygon cloned and added to canvas.
11/26/2025 01:23 // INFO // [EXPORT] // Child element of type TextBlock cloned and added to canvas.
11/26/2025 01:23 // INFO // [EXPORT] // Child element of type Path cloned and added to canvas.
11/26/2025 01:23 // INFO // [EXPORT] // Child element of type Polygon cloned and added to canvas.
11/26/2025 01:23 // INFO // [EXPORT] // Child element of type TextBlock cloned and added to canvas.
11/26/2025 01:23 // INFO // [EXPORT] // Child element of type Path cloned and added to canvas.
11/26/2025 01:23 // INFO // [EXPORT] // Child element of type Polygon cloned and added to canvas.
11/26/2025 01:23 // INFO // [EXPORT] // Child element of type TextBlock cloned and added to canvas.
11/26/2025 01:23 // INFO // [EXPORT] // Child element of type Path cloned and added to canvas.
11/26/2025 01:23 // INFO // [EXPORT] // Child element of type Polygon cloned and added to canvas.
11/26/2025 01:23 // INFO // [EXPORT] // Child element of type TextBlock cloned and added to canvas.
11/26/2025 01:23 // INFO // [EXPORT] // Child element of type Path cloned and added to canvas.
11/26/2025 01:23 // INFO // [EXPORT] // Child element of type Polygon cloned and added to canvas.
11/26/2025 01:23 // INFO // [EXPORT] // Child element of type TextBlock cloned and added to canvas.
11/26/2025 01:23 // INFO // [EXPORT] // Child element of type Path cloned and added to canvas.
11/26/2025 01:23 // INFO // [EXPORT] // Child element of type Polygon cloned and added to canvas.
11/26/2025 01:23 // INFO // [EXPORT] // Child element of type TextBlock cloned and added to canvas.
11/26/2025 01:23 // INFO // [EXPORT] // Child element of type Path cloned and added to canvas.
11/26/2025 01:23 // INFO // [EXPORT] // Child element of type Polygon cloned and added to canvas.
11/26/2025 01:23 // INFO // [EXPORT] // Child element of type TextBlock cloned and added to canvas.
11/26/2025 01:23 // INFO // [EXPORT] // Child element of type Path cloned and added to canvas.
11/26/2025 01:23 // INFO // [EXPORT] // Child element of type Polygon cloned and added to canvas.
11/26/2025 01:23 // INFO // [EXPORT] // Child element of type TextBlock cloned and added to canvas.
11/26/2025 01:23 // INFO // [EXPORT] // Child element of type Path cloned and added to canvas.
11/26/2025 01:23 // INFO // [EXPORT] // Child element of type Polygon cloned and added to canvas.
11/26/2025 01:23 // INFO // [EXPORT] // Child element of type TextBlock cloned and added to canvas.
11/26/2025 01:23 // INFO // [EXPORT] // Child element of type Path cloned and added to canvas.
11/26/2025 01:23 // INFO // [EXPORT] // Child element of type Polygon cloned and added to canvas.
11/26/2025 01:23 // INFO // [EXPORT] // Child element of type TextBlock cloned and added to canvas.
11/26/2025 01:23 // INFO // [EXPORT] // Child element of type Path cloned and added to canvas.
11/26/2025 01:23 // INFO // [EXPORT] // Child element of type Polygon cloned and added to canvas.
11/26/2025 01:23 // INFO // [EXPORT] // Child element of type TextBlock cloned and added to canvas.
11/26/2025 01:23 // INFO // [EXPORT] // Canvas cloned with 120 children.
11/26/2025 01:23 // INFO // [EXPORT] // Precedence graph RenderTargetBitmap created with size 570x1540 at 384 DPI.
11/26/2025 01:23 // INFO // [EXPORT] // Precedence graph JpegBitmapEncoder created and frame added.
11/26/2025 01:24 // INFO // [EXPORT] // Precedence graph exported successfully as C:\Users\Phant0m\Desktop\THESIS_LIPX05\precedence_graph_20251126_012353.jpg.
11/26/2025 01:24 // INFO // [EXPORT] // Precedence graph exported as JPEG file!
11/26/2025 01:26 // WARNING // [EXITUS] // Custom solvers not saved during exit!
11/26/2025 01:26 // INFO // [EXITUS] // Shutting down...
