11/27/2025 06:05 // INFO // [INITIALIZATION] // Beginning initialization...
11/27/2025 06:05 // INFO // [INITIALIZATION] // Johnson's Rule solver added!
11/27/2025 06:05 // INFO // [INITIALIZATION] // List Scheduling solver added!
11/27/2025 06:05 // INFO // [INITIALIZATION] // Solver menu successfully built!
11/27/2025 06:05 // INFO // [CONSTRAINT] // Saving and closing are disabled for as long as there are no files opened.
11/27/2025 06:05 // INFO // [INITIALIZATION] // Initialization complete!
11/27/2025 06:05 // INFO // [LOAD] // Open file dialog initiated...
11/27/2025 06:05 // INFO // [LOAD] // XML document loaded from C:\Users\Phant0m\Desktop\LIPX05_THESIS_DOC\test.xml!
11/27/2025 06:05 // INFO // [LOAD] // XML element established!
11/27/2025 06:05 // INFO // [DATATABLE] // Master Recipe Table datatable displayed in new tab!
11/27/2025 06:05 // INFO // [DATATABLE] // Recipe Elements Table datatable displayed in new tab!
11/27/2025 06:05 // INFO // [DATATABLE] // Steps Table datatable displayed in new tab!
11/27/2025 06:05 // INFO // [LOAD] // BatchML file loaded and data tables populated!
11/27/2025 06:05 // INFO // [CONSTRAINT] // Saving and closing are disabled for as long as there are no files opened.
11/27/2025 06:05 // INFO // [LOAD] // BatchML file loaded from C:\Users\Phant0m\Desktop\LIPX05_THESIS_DOC\test.xml!
11/27/2025 06:05 // WARNING // [DATATABLE] // InternalKey column could not be found in DataGrid for Recipe Elements Table after loading!
11/27/2025 06:05 // INFO // [DATATABLE] // InternalKey column successfully hidden in 'Recipe Elements Table.'
11/27/2025 06:05 // INFO // [DATATABLE] // InternalKey column successfully hidden in 'Recipe Elements Table.'
11/27/2025 06:06 // INFO // [MODIFY] // Master REcipe Header synced to XML.
11/27/2025 06:06 // INFO // [MODIFY] // Master REcipe Header synced to XML.
11/27/2025 06:06 // INFO // [SYNC] // Found ecipeElement by BatchML ID: J1_Module
11/27/2025 06:06 // INFO // [SYNC] // Synchronized DataRow to XML for table "RecipeElements".
11/27/2025 06:06 // INFO // [SYNC] // Found ecipeElement by BatchML ID: J2_Module
11/27/2025 06:06 // INFO // [SYNC] // Synchronized DataRow to XML for table "RecipeElements".
11/27/2025 06:06 // INFO // [SYNC] // Found ecipeElement by BatchML ID: J3_Module
11/27/2025 06:06 // INFO // [SYNC] // Synchronized DataRow to XML for table "RecipeElements".
11/27/2025 06:06 // INFO // [SYNC] // Found ecipeElement by BatchML ID: J4_Module
11/27/2025 06:06 // INFO // [SYNC] // Synchronized DataRow to XML for table "RecipeElements".
11/27/2025 06:06 // INFO // [SYNC] // No existing XML element found for table "RecipeElements" matching the DataRow keys.
11/27/2025 06:06 // INFO // [SYNC] // Synchronized DataRow to XML for table "RecipeElements".
11/27/2025 06:06 // INFO // [SYNC] // Found existing XML element for table "Steps" matching the DataRow keys.
11/27/2025 06:06 // INFO // [SYNC] // Synchronized DataRow to XML for table "Steps".
11/27/2025 06:06 // INFO // [SYNC] // Found existing XML element for table "Steps" matching the DataRow keys.
11/27/2025 06:06 // INFO // [SYNC] // Synchronized DataRow to XML for table "Steps".
11/27/2025 06:06 // INFO // [SYNC] // Found existing XML element for table "Steps" matching the DataRow keys.
11/27/2025 06:06 // INFO // [SYNC] // Synchronized DataRow to XML for table "Steps".
11/27/2025 06:06 // INFO // [SYNC] // Found existing XML element for table "Steps" matching the DataRow keys.
11/27/2025 06:06 // INFO // [SYNC] // Synchronized DataRow to XML for table "Steps".
11/27/2025 06:06 // INFO // [SYNC] // No existing XML element found for table "Steps" matching the DataRow keys.
11/27/2025 06:06 // INFO // [SYNC] // Synchronized DataRow to XML for table "Steps".
11/27/2025 06:06 // INFO // [SAVE] // BatchML file successfully saved as C:\Users\Phant0m\Desktop\LIPX05_THESIS_DOC\demoSave.xml
11/27/2025 06:06 // INFO // [CLEAR] // PrecedenceGraphCanvas has been cleared!
11/27/2025 06:06 // INFO // [CLEAR] // GanttCanvas has been cleared!
11/27/2025 06:06 // INFO // [CLEAR] // RulerCanvas has been cleared!
11/27/2025 06:06 // INFO // [CLEAR] // FixedLabelCanvas has been cleared!
11/27/2025 06:06 // INFO // [CLEAR] // Precedence graph's node container cleared!
11/27/2025 06:06 // INFO // [CLEAR] // Precedence graph's edge container cleared!
11/27/2025 06:06 // INFO // [CLEAR] // Gantt chart data cleared!
11/27/2025 06:06 // INFO // [CLEAR] // Master Recipe Table datatable purged!
11/27/2025 06:06 // INFO // [CLEAR] // Recipe Elements Table datatable purged!
11/27/2025 06:06 // INFO // [CLEAR] // Steps Table datatable purged!
11/27/2025 06:06 // INFO // [CLEAR] // Master Recipe Table tab removed!
11/27/2025 06:06 // INFO // [CLEAR] // Recipe Elements Table tab removed!
11/27/2025 06:06 // INFO // [CLEAR] // Steps Table tab removed!
11/27/2025 06:06 // INFO // [CONSTRAINT] // Saving and closing are disabled for as long as there are no files opened.
11/27/2025 06:06 // INFO // [CLOSE] // BatchML file closed and all data cleared!
11/27/2025 06:07 // INFO // [LOAD] // Open file dialog initiated...
11/27/2025 06:07 // INFO // [LOAD] // XML document loaded from C:\Users\Phant0m\Desktop\LIPX05_THESIS_DOC\test.xml!
11/27/2025 06:07 // INFO // [LOAD] // XML element established!
11/27/2025 06:07 // INFO // [DATATABLE] // Master Recipe Table datatable displayed in new tab!
11/27/2025 06:07 // INFO // [DATATABLE] // Recipe Elements Table datatable displayed in new tab!
11/27/2025 06:07 // INFO // [DATATABLE] // Steps Table datatable displayed in new tab!
11/27/2025 06:07 // INFO // [LOAD] // BatchML file loaded and data tables populated!
11/27/2025 06:07 // INFO // [CONSTRAINT] // Saving and closing are disabled for as long as there are no files opened.
11/27/2025 06:07 // INFO // [LOAD] // BatchML file loaded from C:\Users\Phant0m\Desktop\LIPX05_THESIS_DOC\test.xml!
11/27/2025 06:07 // WARNING // [DATATABLE] // InternalKey column could not be found in DataGrid for Recipe Elements Table after loading!
11/27/2025 06:07 // INFO // [DATATABLE] // InternalKey column successfully hidden in 'Recipe Elements Table.'
11/27/2025 06:07 // INFO // [DATATABLE] // InternalKey column successfully hidden in 'Recipe Elements Table.'
11/27/2025 06:08 // INFO // [MODIFY] // Master REcipe Header synced to XML.
11/27/2025 06:08 // INFO // [MODIFY] // Master REcipe Header synced to XML.
11/27/2025 06:08 // INFO // [SYNC] // Found ecipeElement by BatchML ID: J1_Module
11/27/2025 06:08 // INFO // [SYNC] // Synchronized DataRow to XML for table "RecipeElements".
11/27/2025 06:08 // INFO // [SYNC] // Found ecipeElement by BatchML ID: J2_Module
11/27/2025 06:08 // INFO // [SYNC] // Synchronized DataRow to XML for table "RecipeElements".
11/27/2025 06:08 // INFO // [SYNC] // Found ecipeElement by BatchML ID: J3_Module
11/27/2025 06:08 // INFO // [SYNC] // Synchronized DataRow to XML for table "RecipeElements".
11/27/2025 06:08 // INFO // [SYNC] // Found ecipeElement by BatchML ID: J4_Module
11/27/2025 06:08 // INFO // [SYNC] // Synchronized DataRow to XML for table "RecipeElements".
11/27/2025 06:08 // INFO // [SYNC] // No existing XML element found for table "RecipeElements" matching the DataRow keys.
11/27/2025 06:08 // INFO // [SYNC] // Synchronized DataRow to XML for table "RecipeElements".
11/27/2025 06:08 // INFO // [SYNC] // Found existing XML element for table "Steps" matching the DataRow keys.
11/27/2025 06:08 // INFO // [SYNC] // Synchronized DataRow to XML for table "Steps".
11/27/2025 06:08 // INFO // [SYNC] // Found existing XML element for table "Steps" matching the DataRow keys.
11/27/2025 06:08 // INFO // [SYNC] // Synchronized DataRow to XML for table "Steps".
11/27/2025 06:08 // INFO // [SYNC] // Found existing XML element for table "Steps" matching the DataRow keys.
11/27/2025 06:08 // INFO // [SYNC] // Synchronized DataRow to XML for table "Steps".
11/27/2025 06:08 // INFO // [SYNC] // Found existing XML element for table "Steps" matching the DataRow keys.
11/27/2025 06:08 // INFO // [SYNC] // Synchronized DataRow to XML for table "Steps".
11/27/2025 06:08 // INFO // [SYNC] // No existing XML element found for table "Steps" matching the DataRow keys.
11/27/2025 06:08 // INFO // [SYNC] // Synchronized DataRow to XML for table "Steps".
11/27/2025 06:08 // INFO // [SAVE] // BatchML file successfully saved as C:\Users\Phant0m\Desktop\LIPX05_THESIS_DOC\demoSave.xml
11/27/2025 06:08 // INFO // [CLEAR] // PrecedenceGraphCanvas has been cleared!
11/27/2025 06:08 // INFO // [CLEAR] // GanttCanvas has been cleared!
11/27/2025 06:08 // INFO // [CLEAR] // RulerCanvas has been cleared!
11/27/2025 06:08 // INFO // [CLEAR] // FixedLabelCanvas has been cleared!
11/27/2025 06:08 // INFO // [CLEAR] // Precedence graph's node container cleared!
11/27/2025 06:08 // INFO // [CLEAR] // Precedence graph's edge container cleared!
11/27/2025 06:08 // INFO // [CLEAR] // Gantt chart data cleared!
11/27/2025 06:08 // INFO // [CLEAR] // Master Recipe Table datatable purged!
11/27/2025 06:08 // INFO // [CLEAR] // Recipe Elements Table datatable purged!
11/27/2025 06:08 // INFO // [CLEAR] // Steps Table datatable purged!
11/27/2025 06:08 // INFO // [CLEAR] // Master Recipe Table tab removed!
11/27/2025 06:08 // INFO // [CLEAR] // Recipe Elements Table tab removed!
11/27/2025 06:08 // INFO // [CLEAR] // Steps Table tab removed!
11/27/2025 06:08 // INFO // [CONSTRAINT] // Saving and closing are disabled for as long as there are no files opened.
11/27/2025 06:08 // INFO // [CLOSE] // BatchML file closed and all data cleared!
11/27/2025 06:08 // INFO // [LOAD] // Open file dialog initiated...
11/27/2025 06:08 // INFO // [LOAD] // XML document loaded from C:\Users\Phant0m\Desktop\LIPX05_THESIS_DOC\demoSave.xml!
11/27/2025 06:08 // INFO // [LOAD] // XML element established!
11/27/2025 06:08 // INFO // [DATATABLE] // Master Recipe Table datatable displayed in new tab!
11/27/2025 06:08 // INFO // [DATATABLE] // Recipe Elements Table datatable displayed in new tab!
11/27/2025 06:08 // INFO // [DATATABLE] // Steps Table datatable displayed in new tab!
11/27/2025 06:08 // INFO // [LOAD] // BatchML file loaded and data tables populated!
11/27/2025 06:08 // INFO // [CONSTRAINT] // Saving and closing are disabled for as long as there are no files opened.
11/27/2025 06:08 // INFO // [LOAD] // BatchML file loaded from C:\Users\Phant0m\Desktop\LIPX05_THESIS_DOC\demoSave.xml!
11/27/2025 06:08 // WARNING // [DATATABLE] // InternalKey column could not be found in DataGrid for Recipe Elements Table after loading!
11/27/2025 06:08 // INFO // [DATATABLE] // InternalKey column successfully hidden in 'Recipe Elements Table.'
11/27/2025 06:08 // INFO // [DATATABLE] // InternalKey column successfully hidden in 'Recipe Elements Table.'
11/27/2025 06:10 // WARNING // [CLOSE] // Attempting to close file with unsaved changes; prompting user!
11/27/2025 06:10 // INFO // [MODIFY] // Master REcipe Header synced to XML.
11/27/2025 06:10 // INFO // [MODIFY] // Master REcipe Header synced to XML.
11/27/2025 06:10 // INFO // [SYNC] // Found ecipeElement by BatchML ID: J1_Module
11/27/2025 06:10 // INFO // [SYNC] // Synchronized DataRow to XML for table "RecipeElements".
11/27/2025 06:10 // INFO // [SYNC] // Found ecipeElement by BatchML ID: J2_Module
11/27/2025 06:10 // INFO // [SYNC] // Synchronized DataRow to XML for table "RecipeElements".
11/27/2025 06:10 // INFO // [SYNC] // Found ecipeElement by BatchML ID: J3_Module
11/27/2025 06:10 // INFO // [SYNC] // Synchronized DataRow to XML for table "RecipeElements".
11/27/2025 06:10 // INFO // [SYNC] // Found ecipeElement by BatchML ID: J4_Module
11/27/2025 06:10 // INFO // [SYNC] // Synchronized DataRow to XML for table "RecipeElements".
11/27/2025 06:10 // INFO // [SYNC] // Found ecipeElement by BatchML ID: J5_Module
11/27/2025 06:10 // INFO // [SYNC] // Synchronized DataRow to XML for table "RecipeElements".
11/27/2025 06:10 // INFO // [SYNC] // Found existing XML element for table "Steps" matching the DataRow keys.
11/27/2025 06:10 // INFO // [SYNC] // Synchronized DataRow to XML for table "Steps".
11/27/2025 06:10 // INFO // [SYNC] // Found existing XML element for table "Steps" matching the DataRow keys.
11/27/2025 06:10 // INFO // [SYNC] // Synchronized DataRow to XML for table "Steps".
11/27/2025 06:10 // INFO // [SYNC] // Found existing XML element for table "Steps" matching the DataRow keys.
11/27/2025 06:10 // INFO // [SYNC] // Synchronized DataRow to XML for table "Steps".
11/27/2025 06:10 // INFO // [SYNC] // Found existing XML element for table "Steps" matching the DataRow keys.
11/27/2025 06:10 // INFO // [SYNC] // Synchronized DataRow to XML for table "Steps".
11/27/2025 06:10 // INFO // [SYNC] // Found existing XML element for table "Steps" matching the DataRow keys.
11/27/2025 06:10 // INFO // [SYNC] // Synchronized DataRow to XML for table "Steps".
11/27/2025 06:10 // INFO // [SAVE] // BatchML file successfully saved as C:\Users\Phant0m\Desktop\LIPX05_THESIS_DOC\demoSave.xml
11/27/2025 06:10 // INFO // [CLEAR] // PrecedenceGraphCanvas has been cleared!
11/27/2025 06:10 // INFO // [CLEAR] // GanttCanvas has been cleared!
11/27/2025 06:10 // INFO // [CLEAR] // RulerCanvas has been cleared!
11/27/2025 06:10 // INFO // [CLEAR] // FixedLabelCanvas has been cleared!
11/27/2025 06:10 // INFO // [CLEAR] // Precedence graph's node container cleared!
11/27/2025 06:10 // INFO // [CLEAR] // Precedence graph's edge container cleared!
11/27/2025 06:10 // INFO // [CLEAR] // Gantt chart data cleared!
11/27/2025 06:10 // INFO // [CLEAR] // Master Recipe Table datatable purged!
11/27/2025 06:10 // INFO // [CLEAR] // Recipe Elements Table datatable purged!
11/27/2025 06:10 // INFO // [CLEAR] // Steps Table datatable purged!
11/27/2025 06:10 // INFO // [CLEAR] // Master Recipe Table tab removed!
11/27/2025 06:10 // INFO // [CLEAR] // Recipe Elements Table tab removed!
11/27/2025 06:10 // INFO // [CLEAR] // Steps Table tab removed!
11/27/2025 06:10 // INFO // [CONSTRAINT] // Saving and closing are disabled for as long as there are no files opened.
11/27/2025 06:10 // INFO // [CLOSE] // BatchML file closed and all data cleared!
11/27/2025 06:11 // INFO // [LOAD] // Open file dialog initiated...
11/27/2025 06:11 // INFO // [LOAD] // XML document loaded from C:\Users\Phant0m\Desktop\LIPX05_THESIS_DOC\test.xml!
11/27/2025 06:11 // INFO // [LOAD] // XML element established!
11/27/2025 06:11 // INFO // [DATATABLE] // Master Recipe Table datatable displayed in new tab!
11/27/2025 06:11 // INFO // [DATATABLE] // Recipe Elements Table datatable displayed in new tab!
11/27/2025 06:11 // INFO // [DATATABLE] // Steps Table datatable displayed in new tab!
11/27/2025 06:11 // INFO // [LOAD] // BatchML file loaded and data tables populated!
11/27/2025 06:11 // INFO // [CONSTRAINT] // Saving and closing are disabled for as long as there are no files opened.
11/27/2025 06:11 // INFO // [LOAD] // BatchML file loaded from C:\Users\Phant0m\Desktop\LIPX05_THESIS_DOC\test.xml!
11/27/2025 06:11 // WARNING // [DATATABLE] // InternalKey column could not be found in DataGrid for Recipe Elements Table after loading!
11/27/2025 06:11 // INFO // [S_GRAPH] // Node J1_M1 at 100;50
11/27/2025 06:11 // INFO // [S_GRAPH] // Node J1_M2 at 300;50
11/27/2025 06:11 // INFO // [S_GRAPH] // Node P1 at 450;50
11/27/2025 06:11 // INFO // [S_GRAPH] // Node J2_M1 at 100;200
11/27/2025 06:11 // INFO // [S_GRAPH] // Node J2_M2 at 300;200
11/27/2025 06:11 // INFO // [S_GRAPH] // Node P2 at 450;200
11/27/2025 06:11 // INFO // [S_GRAPH] // Node J3_M1 at 100;350
11/27/2025 06:11 // INFO // [S_GRAPH] // Node J3_M2 at 300;350
11/27/2025 06:11 // INFO // [S_GRAPH] // Node P3 at 450;350
11/27/2025 06:11 // INFO // [S_GRAPH] // Node J4_M1 at 100;500
11/27/2025 06:11 // INFO // [S_GRAPH] // Node J4_M2 at 300;500
11/27/2025 06:11 // INFO // [S_GRAPH] // Node P4 at 450;500
11/27/2025 06:11 // INFO // [S_GRAPH] // Curve value of edge (J1_M1 to J1_M2) set to 25,00
11/27/2025 06:11 // INFO // [S_GRAPH] // Edge drawn from (170,0;85,0) to (300,0;85,0)!
11/27/2025 06:11 // INFO // [S_GRAPH] // Weight 15 drawn at (235;97,5)!
11/27/2025 06:11 // INFO // [S_GRAPH] // Edge from J1_M1 to J1_M2 with cost 0 drawn.
11/27/2025 06:11 // INFO // [S_GRAPH] // Edge drawn from (370,0;85,0) to (450,0;85,0)!
11/27/2025 06:11 // INFO // [S_GRAPH] // Weight 25 drawn at (410;85)!
11/27/2025 06:11 // INFO // [S_GRAPH] // Edge from J1_M2 to P1 with cost 25 drawn.
11/27/2025 06:11 // INFO // [S_GRAPH] // Curve value of edge (J2_M1 to J2_M2) set to 25,00
11/27/2025 06:11 // INFO // [S_GRAPH] // Edge drawn from (170,0;235,0) to (300,0;235,0)!
11/27/2025 06:11 // INFO // [S_GRAPH] // Weight 16 drawn at (235;247,5)!
11/27/2025 06:11 // INFO // [S_GRAPH] // Edge from J2_M1 to J2_M2 with cost 0 drawn.
11/27/2025 06:11 // INFO // [S_GRAPH] // Edge drawn from (370,0;235,0) to (450,0;235,0)!
11/27/2025 06:11 // INFO // [S_GRAPH] // Weight 26 drawn at (410;235)!
11/27/2025 06:11 // INFO // [S_GRAPH] // Edge from J2_M2 to P2 with cost 26 drawn.
11/27/2025 06:11 // INFO // [S_GRAPH] // Curve value of edge (J3_M1 to J3_M2) set to 25,00
11/27/2025 06:11 // INFO // [S_GRAPH] // Edge drawn from (170,0;385,0) to (300,0;385,0)!
11/27/2025 06:11 // INFO // [S_GRAPH] // Weight 17 drawn at (235;397,5)!
11/27/2025 06:11 // INFO // [S_GRAPH] // Edge from J3_M1 to J3_M2 with cost 0 drawn.
11/27/2025 06:11 // INFO // [S_GRAPH] // Edge drawn from (370,0;385,0) to (450,0;385,0)!
11/27/2025 06:11 // INFO // [S_GRAPH] // Weight 27 drawn at (410;385)!
11/27/2025 06:11 // INFO // [S_GRAPH] // Edge from J3_M2 to P3 with cost 27 drawn.
11/27/2025 06:11 // INFO // [S_GRAPH] // Curve value of edge (J4_M1 to J4_M2) set to 25,00
11/27/2025 06:11 // INFO // [S_GRAPH] // Edge drawn from (170,0;535,0) to (300,0;535,0)!
11/27/2025 06:11 // INFO // [S_GRAPH] // Weight 28 drawn at (235;547,5)!
11/27/2025 06:11 // INFO // [S_GRAPH] // Edge from J4_M1 to J4_M2 with cost 0 drawn.
11/27/2025 06:11 // INFO // [S_GRAPH] // Edge drawn from (370,0;535,0) to (450,0;535,0)!
11/27/2025 06:11 // INFO // [S_GRAPH] // Weight 18 drawn at (410;535)!
11/27/2025 06:11 // INFO // [S_GRAPH] // Edge from J4_M2 to P4 with cost 18 drawn.
11/27/2025 06:11 // INFO // [S_GRAPH] // Canvas resized to 570x620!
11/27/2025 06:11 // INFO // [S_GRAPH] // Flow Shop S-Graph built from BatchML file!
11/27/2025 06:11 // INFO // [CONSTRAINT] // Saving and closing are disabled for as long as there are no files opened.
11/27/2025 06:11 // INFO // [INITIALIZATION] // Johnson's Rule solver enabled!
11/27/2025 06:11 // INFO // [INITIALIZATION] // List Scheduling solver enabled!
11/27/2025 06:11 // INFO // [INITIALIZATION] //  solver enabled!
11/27/2025 06:11 // INFO // [CONSTRAINT] // Saving and closing are disabled for as long as there are no files opened.
11/27/2025 06:11 // INFO // [INTEG_SOLVER] // List Scheduling solver selected!
11/27/2025 06:11 // INFO // [INTEG_SOLVER] // Starting List Scheduling solver...
11/27/2025 06:11 // INFO // [List Scheduling] // Starting list scheduler...
11/27/2025 06:11 // INFO // [Johnson's Rule Optimizer] // Starting topological sort using Kahn's algorithm.
11/27/2025 06:11 // INFO // [Johnson's Rule Optimizer] // Node J1_M1 added to topological order.
11/27/2025 06:11 // INFO // [Johnson's Rule Optimizer] // Decreased in-degree of J1_M2 to 0.
11/27/2025 06:11 // INFO // [Johnson's Rule Optimizer] // Node J2_M1 added to topological order.
11/27/2025 06:11 // INFO // [Johnson's Rule Optimizer] // Decreased in-degree of J2_M2 to 0.
11/27/2025 06:11 // INFO // [Johnson's Rule Optimizer] // Node J3_M1 added to topological order.
11/27/2025 06:11 // INFO // [Johnson's Rule Optimizer] // Decreased in-degree of J3_M2 to 0.
11/27/2025 06:11 // INFO // [Johnson's Rule Optimizer] // Node J4_M1 added to topological order.
11/27/2025 06:11 // INFO // [Johnson's Rule Optimizer] // Decreased in-degree of J4_M2 to 0.
11/27/2025 06:11 // INFO // [Johnson's Rule Optimizer] // Node J1_M2 added to topological order.
11/27/2025 06:11 // INFO // [Johnson's Rule Optimizer] // Decreased in-degree of P1 to 0.
11/27/2025 06:11 // INFO // [Johnson's Rule Optimizer] // Node J2_M2 added to topological order.
11/27/2025 06:11 // INFO // [Johnson's Rule Optimizer] // Decreased in-degree of P2 to 0.
11/27/2025 06:11 // INFO // [Johnson's Rule Optimizer] // Node J3_M2 added to topological order.
11/27/2025 06:11 // INFO // [Johnson's Rule Optimizer] // Decreased in-degree of P3 to 0.
11/27/2025 06:11 // INFO // [Johnson's Rule Optimizer] // Node J4_M2 added to topological order.
11/27/2025 06:11 // INFO // [Johnson's Rule Optimizer] // Decreased in-degree of P4 to 0.
11/27/2025 06:11 // INFO // [Johnson's Rule Optimizer] // Node P1 added to topological order.
11/27/2025 06:11 // INFO // [Johnson's Rule Optimizer] // Node P2 added to topological order.
11/27/2025 06:11 // INFO // [Johnson's Rule Optimizer] // Node P3 added to topological order.
11/27/2025 06:11 // INFO // [Johnson's Rule Optimizer] // Node P4 added to topological order.
11/27/2025 06:11 // INFO // [Johnson's Rule Optimizer] // Topological sort completed successfully.
11/27/2025 06:11 // INFO // [List Scheduling] // Technological edge added: J1_M1 -> J1_M2
11/27/2025 06:11 // INFO // [List Scheduling] // Technological edge added: J2_M1 -> J2_M2
11/27/2025 06:11 // INFO // [List Scheduling] // Technological edge added: J3_M1 -> J3_M2
11/27/2025 06:11 // INFO // [List Scheduling] // Technological edge added: J4_M1 -> J4_M2
11/27/2025 06:11 // INFO // [List Scheduling] // Sequential edge added: J1_M1 -> J2_M1
11/27/2025 06:11 // INFO // [List Scheduling] // Sequential edge added: J1_M2 -> J2_M2
11/27/2025 06:11 // INFO // [List Scheduling] // Sequential edge added: J2_M1 -> J3_M1
11/27/2025 06:11 // INFO // [List Scheduling] // Sequential edge added: J2_M2 -> J3_M2
11/27/2025 06:11 // INFO // [List Scheduling] // Sequential edge added: J3_M1 -> J4_M1
11/27/2025 06:11 // INFO // [List Scheduling] // Sequential edge added: J3_M2 -> J4_M2
11/27/2025 06:11 // INFO // [List Scheduling] // Terminating edge added: J1_M2 -> P1
11/27/2025 06:11 // INFO // [List Scheduling] // Terminating edge added: J2_M2 -> P2
11/27/2025 06:11 // INFO // [List Scheduling] // Terminating edge added: J3_M2 -> P3
11/27/2025 06:11 // INFO // [List Scheduling] // Terminating edge added: J4_M2 -> P4
11/27/2025 06:11 // INFO // [List Scheduling] // Vital edges added to the graph!
11/27/2025 06:11 // INFO // [Johnson's Rule Optimizer] // Starting topological sort using Kahn's algorithm.
11/27/2025 06:11 // INFO // [Johnson's Rule Optimizer] // Node J1_M1 added to topological order.
11/27/2025 06:11 // INFO // [Johnson's Rule Optimizer] // Decreased in-degree of J1_M2 to 0.
11/27/2025 06:11 // INFO // [Johnson's Rule Optimizer] // Decreased in-degree of J2_M1 to 0.
11/27/2025 06:11 // INFO // [Johnson's Rule Optimizer] // Node J1_M2 added to topological order.
11/27/2025 06:11 // INFO // [Johnson's Rule Optimizer] // Decreased in-degree of J2_M2 to 1.
11/27/2025 06:11 // INFO // [Johnson's Rule Optimizer] // Decreased in-degree of P1 to 0.
11/27/2025 06:11 // INFO // [Johnson's Rule Optimizer] // Node J2_M1 added to topological order.
11/27/2025 06:11 // INFO // [Johnson's Rule Optimizer] // Decreased in-degree of J2_M2 to 0.
11/27/2025 06:11 // INFO // [Johnson's Rule Optimizer] // Decreased in-degree of J3_M1 to 0.
11/27/2025 06:11 // INFO // [Johnson's Rule Optimizer] // Node P1 added to topological order.
11/27/2025 06:11 // INFO // [Johnson's Rule Optimizer] // Node J2_M2 added to topological order.
11/27/2025 06:11 // INFO // [Johnson's Rule Optimizer] // Decreased in-degree of J3_M2 to 1.
11/27/2025 06:11 // INFO // [Johnson's Rule Optimizer] // Decreased in-degree of P2 to 0.
11/27/2025 06:11 // INFO // [Johnson's Rule Optimizer] // Node J3_M1 added to topological order.
11/27/2025 06:11 // INFO // [Johnson's Rule Optimizer] // Decreased in-degree of J3_M2 to 0.
11/27/2025 06:11 // INFO // [Johnson's Rule Optimizer] // Decreased in-degree of J4_M1 to 0.
11/27/2025 06:11 // INFO // [Johnson's Rule Optimizer] // Node P2 added to topological order.
11/27/2025 06:11 // INFO // [Johnson's Rule Optimizer] // Node J3_M2 added to topological order.
11/27/2025 06:11 // INFO // [Johnson's Rule Optimizer] // Decreased in-degree of J4_M2 to 1.
11/27/2025 06:11 // INFO // [Johnson's Rule Optimizer] // Decreased in-degree of P3 to 0.
11/27/2025 06:11 // INFO // [Johnson's Rule Optimizer] // Node J4_M1 added to topological order.
11/27/2025 06:11 // INFO // [Johnson's Rule Optimizer] // Decreased in-degree of J4_M2 to 0.
11/27/2025 06:11 // INFO // [Johnson's Rule Optimizer] // Node P3 added to topological order.
11/27/2025 06:11 // INFO // [Johnson's Rule Optimizer] // Node J4_M2 added to topological order.
11/27/2025 06:11 // INFO // [Johnson's Rule Optimizer] // Decreased in-degree of P4 to 0.
11/27/2025 06:11 // INFO // [Johnson's Rule Optimizer] // Node P4 added to topological order.
11/27/2025 06:11 // INFO // [Johnson's Rule Optimizer] // Topological sort completed successfully.
11/27/2025 06:11 // INFO // [List Scheduling] // EFT for J1_M1 updated(15)!
11/27/2025 06:11 // INFO // [List Scheduling] // Node J1_M1 added to the Gantt path!
11/27/2025 06:11 // INFO // [List Scheduling] // Estimated start time updated (15)!
11/27/2025 06:11 // INFO // [List Scheduling] // EFT for J1_M2 updated(40)!
11/27/2025 06:11 // INFO // [List Scheduling] // Node J1_M2 added to the Gantt path!
11/27/2025 06:11 // INFO // [List Scheduling] // Estimated start time updated (15)!
11/27/2025 06:11 // INFO // [List Scheduling] // EFT for J2_M1 updated(31)!
11/27/2025 06:11 // INFO // [List Scheduling] // Node J2_M1 added to the Gantt path!
11/27/2025 06:11 // INFO // [List Scheduling] // Product node detected, skipping...
11/27/2025 06:11 // INFO // [List Scheduling] // Estimated start time updated (31)!
11/27/2025 06:11 // INFO // [List Scheduling] // Estimated start time updated (40)!
11/27/2025 06:11 // INFO // [List Scheduling] // EFT for J2_M2 updated(66)!
11/27/2025 06:11 // INFO // [List Scheduling] // Node J2_M2 added to the Gantt path!
11/27/2025 06:11 // INFO // [List Scheduling] // Estimated start time updated (31)!
11/27/2025 06:11 // INFO // [List Scheduling] // EFT for J3_M1 updated(48)!
11/27/2025 06:11 // INFO // [List Scheduling] // Node J3_M1 added to the Gantt path!
11/27/2025 06:11 // INFO // [List Scheduling] // Product node detected, skipping...
11/27/2025 06:11 // INFO // [List Scheduling] // Estimated start time updated (48)!
11/27/2025 06:11 // INFO // [List Scheduling] // Estimated start time updated (66)!
11/27/2025 06:11 // INFO // [List Scheduling] // EFT for J3_M2 updated(93)!
11/27/2025 06:11 // INFO // [List Scheduling] // Node J3_M2 added to the Gantt path!
11/27/2025 06:11 // INFO // [List Scheduling] // Estimated start time updated (48)!
11/27/2025 06:11 // INFO // [List Scheduling] // EFT for J4_M1 updated(76)!
11/27/2025 06:11 // INFO // [List Scheduling] // Node J4_M1 added to the Gantt path!
11/27/2025 06:11 // INFO // [List Scheduling] // Product node detected, skipping...
11/27/2025 06:11 // INFO // [List Scheduling] // Estimated start time updated (76)!
11/27/2025 06:11 // INFO // [List Scheduling] // Estimated start time updated (93)!
11/27/2025 06:11 // INFO // [List Scheduling] // EFT for J4_M2 updated(111)!
11/27/2025 06:11 // INFO // [List Scheduling] // Node J4_M2 added to the Gantt path!
11/27/2025 06:11 // INFO // [List Scheduling] // Product node detected, skipping...
11/27/2025 06:11 // INFO // [List Scheduling] // Optimization complete! Makespan: 0,00.
11/27/2025 06:11 // INFO // [GANTT] // Node J1_M1 EST is 0 (no predecessors).
11/27/2025 06:11 // INFO // [GANTT] // Node J1_M2 EST is determined by J1_M1 (EST: 15,00).
11/27/2025 06:11 // INFO // [GANTT] // Node J2_M1 EST is determined by J1_M1 (EST: 15,00).
11/27/2025 06:11 // INFO // [GANTT] // Node J2_M2 EST is determined by J1_M2 (EST: 40,00).
11/27/2025 06:11 // INFO // [GANTT] // Node J3_M1 EST is determined by J2_M1 (EST: 31,00).
11/27/2025 06:11 // INFO // [GANTT] // Node J3_M2 EST is determined by J2_M2 (EST: 66,00).
11/27/2025 06:11 // INFO // [GANTT] // Node J4_M1 EST is determined by J3_M1 (EST: 48,00).
11/27/2025 06:11 // INFO // [GANTT] // Node J4_M2 EST is determined by J3_M2 (EST: 93,00).
11/27/2025 06:11 // INFO // [GANTT] // Gantt chart built with 8 items from path with 8 nodes.
11/27/2025 06:11 // INFO // [GANTT] // Gantt data built with 8 items from optimized path using List Scheduling!
11/27/2025 06:11 // INFO // [GANTT] // Canvases are ready to be used!
11/27/2025 06:11 // INFO // [GANTT] // Ruler drawn: 112 ticks and 56 labels.
11/27/2025 06:11 // INFO // [GANTT] // Gantt chart rendered with 8 items on canvas.
11/27/2025 06:11 // INFO // [GANTT] // Canvas resized to 1210x110 to fit all Gantt items.
11/27/2025 06:11 // INFO // [GANTT] // List Scheduling schedule rendered successfully!
11/27/2025 06:11 // INFO // [CONSTRAINT] // Saving and closing are disabled for as long as there are no files opened.
11/27/2025 06:11 // INFO // [S_GRAPH] // Node J1_M1 at 100;50
11/27/2025 06:11 // INFO // [S_GRAPH] // Node J1_M2 at 300;50
11/27/2025 06:11 // INFO // [S_GRAPH] // Node P1 at 450;50
11/27/2025 06:11 // INFO // [S_GRAPH] // Node J2_M1 at 100;200
11/27/2025 06:11 // INFO // [S_GRAPH] // Node J2_M2 at 300;200
11/27/2025 06:11 // INFO // [S_GRAPH] // Node P2 at 450;200
11/27/2025 06:11 // INFO // [S_GRAPH] // Node J3_M1 at 100;350
11/27/2025 06:11 // INFO // [S_GRAPH] // Node J3_M2 at 300;350
11/27/2025 06:11 // INFO // [S_GRAPH] // Node P3 at 450;350
11/27/2025 06:11 // INFO // [S_GRAPH] // Node J4_M1 at 100;500
11/27/2025 06:11 // INFO // [S_GRAPH] // Node J4_M2 at 300;500
11/27/2025 06:11 // INFO // [S_GRAPH] // Node P4 at 450;500
11/27/2025 06:11 // INFO // [S_GRAPH] // Curve value of edge (J1_M1 to J1_M2) set to 25,00
11/27/2025 06:11 // INFO // [S_GRAPH] // Edge drawn from (170,0;85,0) to (300,0;85,0)!
11/27/2025 06:11 // INFO // [S_GRAPH] // Weight 15 drawn at (235;97,5)!
11/27/2025 06:11 // INFO // [S_GRAPH] // Edge from J1_M1 to J1_M2 with cost 0 drawn.
11/27/2025 06:11 // INFO // [S_GRAPH] // Curve value of edge (J2_M1 to J2_M2) set to 25,00
11/27/2025 06:11 // INFO // [S_GRAPH] // Edge drawn from (170,0;235,0) to (300,0;235,0)!
11/27/2025 06:11 // INFO // [S_GRAPH] // Weight 16 drawn at (235;247,5)!
11/27/2025 06:11 // INFO // [S_GRAPH] // Edge from J2_M1 to J2_M2 with cost 0 drawn.
11/27/2025 06:11 // INFO // [S_GRAPH] // Curve value of edge (J3_M1 to J3_M2) set to 25,00
11/27/2025 06:11 // INFO // [S_GRAPH] // Edge drawn from (170,0;385,0) to (300,0;385,0)!
11/27/2025 06:11 // INFO // [S_GRAPH] // Weight 17 drawn at (235;397,5)!
11/27/2025 06:11 // INFO // [S_GRAPH] // Edge from J3_M1 to J3_M2 with cost 0 drawn.
11/27/2025 06:11 // INFO // [S_GRAPH] // Curve value of edge (J4_M1 to J4_M2) set to 25,00
11/27/2025 06:11 // INFO // [S_GRAPH] // Edge drawn from (170,0;535,0) to (300,0;535,0)!
11/27/2025 06:11 // INFO // [S_GRAPH] // Weight 28 drawn at (235;547,5)!
11/27/2025 06:11 // INFO // [S_GRAPH] // Edge from J4_M1 to J4_M2 with cost 0 drawn.
11/27/2025 06:11 // INFO // [S_GRAPH] // Curve value of edge (J1_M1 to J2_M1) set to -25,00
11/27/2025 06:11 // INFO // [S_GRAPH] // Edge drawn from (135,0;120,0) to (135,0;200,0)!
11/27/2025 06:11 // INFO // [S_GRAPH] // Weight 15 drawn at (147,5;160)!
11/27/2025 06:11 // INFO // [S_GRAPH] // Edge from J1_M1 to J2_M1 with cost 0 drawn.
11/27/2025 06:11 // INFO // [S_GRAPH] // Curve value of edge (J1_M2 to J2_M2) set to -25,00
11/27/2025 06:11 // INFO // [S_GRAPH] // Edge drawn from (335,0;120,0) to (335,0;200,0)!
11/27/2025 06:11 // INFO // [S_GRAPH] // Weight 25 drawn at (347,5;160)!
11/27/2025 06:11 // INFO // [S_GRAPH] // Edge from J1_M2 to J2_M2 with cost 0 drawn.
11/27/2025 06:11 // INFO // [S_GRAPH] // Curve value of edge (J2_M1 to J3_M1) set to -25,00
11/27/2025 06:11 // INFO // [S_GRAPH] // Edge drawn from (135,0;270,0) to (135,0;350,0)!
11/27/2025 06:11 // INFO // [S_GRAPH] // Weight 16 drawn at (147,5;310)!
11/27/2025 06:11 // INFO // [S_GRAPH] // Edge from J2_M1 to J3_M1 with cost 0 drawn.
11/27/2025 06:11 // INFO // [S_GRAPH] // Curve value of edge (J2_M2 to J3_M2) set to -25,00
11/27/2025 06:11 // INFO // [S_GRAPH] // Edge drawn from (335,0;270,0) to (335,0;350,0)!
11/27/2025 06:11 // INFO // [S_GRAPH] // Weight 26 drawn at (347,5;310)!
11/27/2025 06:11 // INFO // [S_GRAPH] // Edge from J2_M2 to J3_M2 with cost 0 drawn.
11/27/2025 06:11 // INFO // [S_GRAPH] // Curve value of edge (J3_M1 to J4_M1) set to -25,00
11/27/2025 06:11 // INFO // [S_GRAPH] // Edge drawn from (135,0;420,0) to (135,0;500,0)!
11/27/2025 06:11 // INFO // [S_GRAPH] // Weight 17 drawn at (147,5;460)!
11/27/2025 06:11 // INFO // [S_GRAPH] // Edge from J3_M1 to J4_M1 with cost 0 drawn.
11/27/2025 06:11 // INFO // [S_GRAPH] // Curve value of edge (J3_M2 to J4_M2) set to -25,00
11/27/2025 06:11 // INFO // [S_GRAPH] // Edge drawn from (335,0;420,0) to (335,0;500,0)!
11/27/2025 06:11 // INFO // [S_GRAPH] // Weight 27 drawn at (347,5;460)!
11/27/2025 06:11 // INFO // [S_GRAPH] // Edge from J3_M2 to J4_M2 with cost 0 drawn.
11/27/2025 06:11 // INFO // [S_GRAPH] // Edge drawn from (370,0;85,0) to (450,0;85,0)!
11/27/2025 06:11 // INFO // [S_GRAPH] // Weight 25 drawn at (410;85)!
11/27/2025 06:11 // INFO // [S_GRAPH] // Edge from J1_M2 to P1 with cost 0 drawn.
11/27/2025 06:11 // INFO // [S_GRAPH] // Edge drawn from (370,0;235,0) to (450,0;235,0)!
11/27/2025 06:11 // INFO // [S_GRAPH] // Weight 26 drawn at (410;235)!
11/27/2025 06:11 // INFO // [S_GRAPH] // Edge from J2_M2 to P2 with cost 0 drawn.
11/27/2025 06:11 // INFO // [S_GRAPH] // Edge drawn from (370,0;385,0) to (450,0;385,0)!
11/27/2025 06:11 // INFO // [S_GRAPH] // Weight 27 drawn at (410;385)!
11/27/2025 06:11 // INFO // [S_GRAPH] // Edge from J3_M2 to P3 with cost 0 drawn.
11/27/2025 06:11 // INFO // [S_GRAPH] // Edge drawn from (370,0;535,0) to (450,0;535,0)!
11/27/2025 06:11 // INFO // [S_GRAPH] // Weight 18 drawn at (410;535)!
11/27/2025 06:11 // INFO // [S_GRAPH] // Edge from J4_M2 to P4 with cost 0 drawn.
11/27/2025 06:11 // INFO // [S_GRAPH] // Canvas resized to 570x620!
11/27/2025 06:11 // INFO // [GANTT] // Gantt chart rendered with 8 items on canvas.
11/27/2025 06:11 // INFO // [GANTT] // Canvas resized to 1213,1161692528985x110 to fit all Gantt items.
11/27/2025 06:11 // INFO // [GANTT] // Canvases are ready to be used!
11/27/2025 06:11 // INFO // [GANTT] // Ruler drawn: 112 ticks and 56 labels.
11/27/2025 06:11 // INFO // [MODIFY] // Zoom level changed to 0,004044489383215369, scale set to 10,028073596872959!
11/27/2025 06:11 // INFO // [GANTT] // Gantt chart rendered with 8 items on canvas.
11/27/2025 06:11 // INFO // [GANTT] // Canvas resized to 1219,37477694188x110 to fit all Gantt items.
11/27/2025 06:11 // INFO // [GANTT] // Canvases are ready to be used!
11/27/2025 06:11 // INFO // [GANTT] // Ruler drawn: 112 ticks and 56 labels.
11/27/2025 06:11 // INFO // [MODIFY] // Zoom level changed to 0,012133468149646108, scale set to 10,084457449926848!
11/27/2025 06:11 // INFO // [GANTT] // Gantt chart rendered with 8 items on canvas.
11/27/2025 06:11 // INFO // [GANTT] // Canvas resized to 1222,5172645656428x110 to fit all Gantt items.
11/27/2025 06:11 // INFO // [GANTT] // Canvases are ready to be used!
11/27/2025 06:11 // INFO // [GANTT] // Ruler drawn: 112 ticks and 56 labels.
11/27/2025 06:11 // INFO // [MODIFY] // Zoom level changed to 0,016177957532861477, scale set to 10,112768149240026!
11/27/2025 06:11 // INFO // [GANTT] // Gantt chart rendered with 8 items on canvas.
11/27/2025 06:11 // INFO // [GANTT] // Canvas resized to 1228,8287308591748x110 to fit all Gantt items.
11/27/2025 06:11 // INFO // [GANTT] // Canvases are ready to be used!
11/27/2025 06:11 // INFO // [GANTT] // Ruler drawn: 112 ticks and 56 labels.
11/27/2025 06:11 // INFO // [MODIFY] // Zoom level changed to 0,024266936299292215, scale set to 10,169628205938512!
11/27/2025 06:11 // INFO // [GANTT] // Gantt chart rendered with 8 items on canvas.
11/27/2025 06:11 // INFO // [GANTT] // Canvas resized to 1231,9977591320505x110 to fit all Gantt items.
11/27/2025 06:11 // INFO // [GANTT] // Canvases are ready to be used!
11/27/2025 06:11 // INFO // [GANTT] // Ruler drawn: 112 ticks and 56 labels.
11/27/2025 06:11 // INFO // [MODIFY] // Zoom level changed to 0,028311425682507586, scale set to 10,198178010198653!
11/27/2025 06:11 // INFO // [GANTT] // Gantt chart rendered with 8 items on canvas.
11/27/2025 06:11 // INFO // [GANTT] // Canvas resized to 1235,175684007147x110 to fit all Gantt items.
11/27/2025 06:11 // INFO // [GANTT] // Canvases are ready to be used!
11/27/2025 06:11 // INFO // [GANTT] // Ruler drawn: 112 ticks and 56 labels.
11/27/2025 06:11 // INFO // [MODIFY] // Zoom level changed to 0,032355915065722954, scale set to 10,226807964028353!
11/27/2025 06:11 // INFO // [GANTT] // Gantt chart rendered with 8 items on canvas.
11/27/2025 06:11 // INFO // [GANTT] // Canvas resized to 1241,5583235379702x110 to fit all Gantt items.
11/27/2025 06:11 // INFO // [GANTT] // Canvases are ready to be used!
11/27/2025 06:11 // INFO // [GANTT] // Ruler drawn: 112 ticks and 56 labels.
11/27/2025 06:11 // INFO // [MODIFY] // Zoom level changed to 0,04044489383215369, scale set to 10,284309221062795!
11/27/2025 06:11 // INFO // [GANTT] // Gantt chart rendered with 8 items on canvas.
11/27/2025 06:11 // INFO // [GANTT] // Canvas resized to 1244,763088356168x110 to fit all Gantt items.
11/27/2025 06:11 // INFO // [GANTT] // Canvases are ready to be used!
11/27/2025 06:11 // INFO // [GANTT] // Ruler drawn: 112 ticks and 56 labels.
11/27/2025 06:11 // INFO // [MODIFY] // Zoom level changed to 0,044489383215369056, scale set to 10,313180976181695!
11/27/2025 06:11 // INFO // [GANTT] // Gantt chart rendered with 8 items on canvas.
11/27/2025 06:11 // INFO // [GANTT] // Canvas resized to 1247,9768501019234x110 to fit all Gantt items.
11/27/2025 06:11 // INFO // [GANTT] // Canvases are ready to be used!
11/27/2025 06:11 // INFO // [GANTT] // Ruler drawn: 112 ticks and 56 labels.
11/27/2025 06:11 // INFO // [MODIFY] // Zoom level changed to 0,048533872598584424, scale set to 10,342133784702014!
11/27/2025 06:11 // INFO // [GANTT] // Gantt chart rendered with 8 items on canvas.
11/27/2025 06:11 // INFO // [GANTT] // Canvas resized to 1251,1996340328487x110 to fit all Gantt items.
11/27/2025 06:11 // INFO // [GANTT] // Canvases are ready to be used!
11/27/2025 06:11 // INFO // [GANTT] // Ruler drawn: 112 ticks and 56 labels.
11/27/2025 06:11 // INFO // [MODIFY] // Zoom level changed to 0,05257836198179979, scale set to 10,371167874169808!
11/27/2025 06:11 // INFO // [GANTT] // Gantt chart rendered with 8 items on canvas.
11/27/2025 06:11 // INFO // [GANTT] // Canvas resized to 1254,4314654774626x110 to fit all Gantt items.
11/27/2025 06:11 // INFO // [GANTT] // Canvases are ready to be used!
11/27/2025 06:11 // INFO // [GANTT] // Ruler drawn: 112 ticks and 56 labels.
11/27/2025 06:11 // INFO // [MODIFY] // Zoom level changed to 0,05662285136501516, scale set to 10,400283472769933!
11/27/2025 06:11 // INFO // [GANTT] // Gantt chart rendered with 8 items on canvas.
11/27/2025 06:11 // INFO // [GANTT] // Canvas resized to 1260,9223725775626x110 to fit all Gantt items.
11/27/2025 06:11 // INFO // [GANTT] // Canvases are ready to be used!
11/27/2025 06:11 // INFO // [GANTT] // Ruler drawn: 112 ticks and 56 labels.
11/27/2025 06:11 // INFO // [MODIFY] // Zoom level changed to 0,0647118301314459, scale set to 10,458760113311374!
11/27/2025 06:11 // INFO // [GANTT] // Gantt chart rendered with 8 items on canvas.
11/27/2025 06:11 // INFO // [GANTT] // Canvas resized to 1264,181499246417x110 to fit all Gantt items.
11/27/2025 06:11 // INFO // [GANTT] // Canvases are ready to be used!
11/27/2025 06:11 // INFO // [GANTT] // Ruler drawn: 112 ticks and 56 labels.
11/27/2025 06:11 // INFO // [MODIFY] // Zoom level changed to 0,06875631951466127, scale set to 10,488121614832584!
11/27/2025 06:11 // INFO // [GANTT] // Gantt chart rendered with 8 items on canvas.
11/27/2025 06:11 // INFO // [GANTT] // Canvas resized to 1267,449775456097x110 to fit all Gantt items.
11/27/2025 06:11 // INFO // [GANTT] // Canvases are ready to be used!
11/27/2025 06:11 // INFO // [GANTT] // Ruler drawn: 112 ticks and 56 labels.
11/27/2025 06:11 // INFO // [MODIFY] // Zoom level changed to 0,07280080889787664, scale set to 10,517565544649523!
11/27/2025 06:11 // INFO // [GANTT] // Gantt chart rendered with 8 items on canvas.
11/27/2025 06:11 // INFO // [GANTT] // Canvas resized to 1274,0138793142537x110 to fit all Gantt items.
11/27/2025 06:11 // INFO // [GANTT] // Canvases are ready to be used!
11/27/2025 06:11 // INFO // [GANTT] // Ruler drawn: 112 ticks and 56 labels.
11/27/2025 06:11 // INFO // [MODIFY] // Zoom level changed to 0,08088978766430738, scale set to 10,576701615443726!
11/27/2025 06:11 // INFO // [GANTT] // Gantt chart rendered with 8 items on canvas.
11/27/2025 06:11 // INFO // [GANTT] // Canvas resized to 1277,3097585513665x110 to fit all Gantt items.
11/27/2025 06:11 // INFO // [GANTT] // Canvases are ready to be used!
11/27/2025 06:11 // INFO // [GANTT] // Ruler drawn: 112 ticks and 56 labels.
11/27/2025 06:11 // INFO // [MODIFY] // Zoom level changed to 0,08493427704752275, scale set to 10,606394221183482!
11/27/2025 06:11 // INFO // [GANTT] // Gantt chart rendered with 8 items on canvas.
11/27/2025 06:11 // INFO // [GANTT] // Canvas resized to 1280,6148905069838x110 to fit all Gantt items.
11/27/2025 06:11 // INFO // [GANTT] // Canvases are ready to be used!
11/27/2025 06:11 // INFO // [GANTT] // Ruler drawn: 112 ticks and 56 labels.
11/27/2025 06:11 // INFO // [MODIFY] // Zoom level changed to 0,08897876643073813, scale set to 10,636170184747602!
11/27/2025 06:11 // INFO // [GANTT] // Gantt chart rendered with 8 items on canvas.
11/27/2025 06:11 // INFO // [GANTT] // Canvas resized to 1283,9293011568145x110 to fit all Gantt items.
11/27/2025 06:11 // INFO // [GANTT] // Canvases are ready to be used!
11/27/2025 06:11 // INFO // [GANTT] // Ruler drawn: 112 ticks and 56 labels.
11/27/2025 06:11 // INFO // [MODIFY] // Zoom level changed to 0,0930232558139535, scale set to 10,666029740151481!
11/27/2025 06:11 // INFO // [GANTT] // Gantt chart rendered with 8 items on canvas.
11/27/2025 06:11 // INFO // [GANTT] // Canvas resized to 1287,2530165494907x110 to fit all Gantt items.
11/27/2025 06:11 // INFO // [GANTT] // Canvases are ready to be used!
11/27/2025 06:11 // INFO // [GANTT] // Ruler drawn: 112 ticks and 56 labels.
11/27/2025 06:11 // INFO // [MODIFY] // Zoom level changed to 0,09706774519716888, scale set to 10,695973122067484!
11/27/2025 06:11 // INFO // [GANTT] // Gantt chart rendered with 8 items on canvas.
11/27/2025 06:11 // INFO // [GANTT] // Canvas resized to 1293,9284661237523x110 to fit all Gantt items.
11/27/2025 06:11 // INFO // [GANTT] // Canvases are ready to be used!
11/27/2025 06:11 // INFO // [GANTT] // Ruler drawn: 112 ticks and 56 labels.
11/27/2025 06:11 // INFO // [MODIFY] // Zoom level changed to 0,10515672396359961, scale set to 10,756112307421192!
11/27/2025 06:11 // INFO // [GANTT] // Gantt chart rendered with 8 items on canvas.
11/27/2025 06:11 // INFO // [GANTT] // Canvas resized to 1297,2802527690633x110 to fit all Gantt items.
11/27/2025 06:11 // INFO // [GANTT] // Canvases are ready to be used!
11/27/2025 06:11 // INFO // [GANTT] // Ruler drawn: 112 ticks and 56 labels.
11/27/2025 06:11 // INFO // [MODIFY] // Zoom level changed to 0,10920121334681498, scale set to 10,786308583505075!
11/27/2025 06:11 // INFO // [GANTT] // Gantt chart rendered with 8 items on canvas.
11/27/2025 06:11 // INFO // [GANTT] // Canvas resized to 1300,641449085083x110 to fit all Gantt items.
11/27/2025 06:11 // INFO // [GANTT] // Canvases are ready to be used!
11/27/2025 06:11 // INFO // [GANTT] // Ruler drawn: 112 ticks and 56 labels.
11/27/2025 06:11 // INFO // [MODIFY] // Zoom level changed to 0,11324570273003036, scale set to 10,816589631397145!
11/27/2025 06:11 // INFO // [GANTT] // Gantt chart rendered with 8 items on canvas.
11/27/2025 06:11 // INFO // [GANTT] // Canvas resized to 1307,3921764687282x110 to fit all Gantt items.
11/27/2025 06:11 // INFO // [GANTT] // Canvases are ready to be used!
11/27/2025 06:11 // INFO // [GANTT] // Ruler drawn: 112 ticks and 56 labels.
11/27/2025 06:11 // INFO // [MODIFY] // Zoom level changed to 0,1213346814964611, scale set to 10,877406995213768!
11/27/2025 06:11 // INFO // [GANTT] // Gantt chart rendered with 8 items on canvas.
11/27/2025 06:11 // INFO // [GANTT] // Canvas resized to 1310,7817605917032x110 to fit all Gantt items.
11/27/2025 06:11 // INFO // [GANTT] // Canvases are ready to be used!
11/27/2025 06:11 // INFO // [GANTT] // Ruler drawn: 112 ticks and 56 labels.
11/27/2025 06:11 // INFO // [MODIFY] // Zoom level changed to 0,12537917087967645, scale set to 10,907943789114443!
11/27/2025 06:11 // INFO // [GANTT] // Gantt chart rendered with 8 items on canvas.
11/27/2025 06:11 // INFO // [GANTT] // Canvas resized to 1314,1808604965015x110 to fit all Gantt items.
11/27/2025 06:11 // INFO // [GANTT] // Canvases are ready to be used!
11/27/2025 06:11 // INFO // [GANTT] // Ruler drawn: 112 ticks and 56 labels.
11/27/2025 06:11 // INFO // [MODIFY] // Zoom level changed to 0,12942366026289182, scale set to 10,938566310779294!
11/27/2025 06:11 // INFO // [GANTT] // Gantt chart rendered with 8 items on canvas.
11/27/2025 06:11 // INFO // [GANTT] // Canvas resized to 1317,5895028973457x110 to fit all Gantt items.
11/27/2025 06:11 // INFO // [GANTT] // Canvases are ready to be used!
11/27/2025 06:11 // INFO // [GANTT] // Ruler drawn: 112 ticks and 56 labels.
11/27/2025 06:11 // INFO // [MODIFY] // Zoom level changed to 0,13346814964610718, scale set to 10,969274800876988!
11/27/2025 06:11 // INFO // [GANTT] // Gantt chart rendered with 8 items on canvas.
11/27/2025 06:11 // INFO // [GANTT] // Canvas resized to 1324,4355224192536x110 to fit all Gantt items.
11/27/2025 06:11 // INFO // [GANTT] // Canvases are ready to be used!
11/27/2025 06:11 // INFO // [GANTT] // Ruler drawn: 112 ticks and 56 labels.
11/27/2025 06:11 // INFO // [MODIFY] // Zoom level changed to 0,14155712841253792, scale set to 11,030950652425709!
11/27/2025 06:11 // INFO // [GANTT] // Gantt chart rendered with 8 items on canvas.
11/27/2025 06:11 // INFO // [GANTT] // Canvas resized to 1327,8729533445867x110 to fit all Gantt items.
11/27/2025 06:11 // INFO // [GANTT] // Canvases are ready to be used!
11/27/2025 06:11 // INFO // [GANTT] // Ruler drawn: 112 ticks and 56 labels.
11/27/2025 06:11 // INFO // [MODIFY] // Zoom level changed to 0,14560161779575329, scale set to 11,06191849859988!
11/27/2025 06:11 // INFO // [GANTT] // Gantt chart rendered with 8 items on canvas.
11/27/2025 06:11 // INFO // [GANTT] // Canvas resized to 1331,3200343749274x110 to fit all Gantt items.
11/27/2025 06:11 // INFO // [GANTT] // Canvases are ready to be used!
11/27/2025 06:11 // INFO // [GANTT] // Ruler drawn: 112 ticks and 56 labels.
11/27/2025 06:11 // INFO // [MODIFY] // Zoom level changed to 0,14964610717896865, scale set to 11,092973282657004!
11/27/2025 06:11 // INFO // [GANTT] // Gantt chart rendered with 8 items on canvas.
11/27/2025 06:11 // INFO // [GANTT] // Canvas resized to 1338,2432551919499x110 to fit all Gantt items.
11/27/2025 06:11 // INFO // [GANTT] // Canvases are ready to be used!
11/27/2025 06:11 // INFO // [GANTT] // Ruler drawn: 112 ticks and 56 labels.
11/27/2025 06:11 // INFO // [MODIFY] // Zoom level changed to 0,1577350859453994, scale set to 11,155344641368918!
11/27/2025 06:11 // INFO // [GANTT] // Gantt chart rendered with 8 items on canvas.
11/27/2025 06:11 // INFO // [GANTT] // Canvas resized to 1341,719449389642x110 to fit all Gantt items.
11/27/2025 06:11 // INFO // [GANTT] // Canvases are ready to be used!
11/27/2025 06:11 // INFO // [GANTT] // Ruler drawn: 112 ticks and 56 labels.
11/27/2025 06:11 // INFO // [MODIFY] // Zoom level changed to 0,16177957532861476, scale set to 11,186661706212991!
11/27/2025 06:11 // INFO // [GANTT] // Gantt chart rendered with 8 items on canvas.
11/27/2025 06:11 // INFO // [GANTT] // Canvas resized to 1345,20540251479x110 to fit all Gantt items.
11/27/2025 06:11 // INFO // [GANTT] // Canvases are ready to be used!
11/27/2025 06:11 // INFO // [GANTT] // Ruler drawn: 112 ticks and 56 labels.
11/27/2025 06:11 // INFO // [MODIFY] // Zoom level changed to 0,16582406471183012, scale set to 11,218066689322432!
11/27/2025 06:11 // INFO // [GANTT] // Gantt chart rendered with 8 items on canvas.
11/27/2025 06:11 // INFO // [GANTT] // Canvas resized to 1348,701141964213x110 to fit all Gantt items.
11/27/2025 06:11 // INFO // [GANTT] // Canvases are ready to be used!
11/27/2025 06:11 // INFO // [GANTT] // Ruler drawn: 112 ticks and 56 labels.
11/27/2025 06:11 // INFO // [MODIFY] // Zoom level changed to 0,16986855409504548, scale set to 11,249559837515433!
11/27/2025 06:11 // INFO // [GANTT] // Gantt chart rendered with 8 items on canvas.
11/27/2025 06:11 // INFO // [GANTT] // Canvas resized to 1355,7220898079433x110 to fit all Gantt items.
11/27/2025 06:11 // INFO // [GANTT] // Canvases are ready to be used!
11/27/2025 06:11 // INFO // [GANTT] // Ruler drawn: 112 ticks and 56 labels.
11/27/2025 06:11 // INFO // [MODIFY] // Zoom level changed to 0,17795753286147623, scale set to 11,31281161989138!
11/27/2025 06:11 // INFO // [GANTT] // Gantt chart rendered with 8 items on canvas.
11/27/2025 06:11 // INFO // [GANTT] // Canvas resized to 1359,2473533813172x110 to fit all Gantt items.
11/27/2025 06:11 // INFO // [GANTT] // Canvases are ready to be used!
11/27/2025 06:11 // INFO // [GANTT] // Ruler drawn: 112 ticks and 56 labels.
11/27/2025 06:11 // INFO // [MODIFY] // Zoom level changed to 0,18200202224469159, scale set to 11,344570751183038!
11/27/2025 06:11 // INFO // [GANTT] // Gantt chart rendered with 8 items on canvas.
11/27/2025 06:11 // INFO // [GANTT] // Canvas resized to 1362,782513637534x110 to fit all Gantt items.
11/27/2025 06:11 // INFO // [GANTT] // Canvases are ready to be used!
11/27/2025 06:11 // INFO // [GANTT] // Ruler drawn: 112 ticks and 56 labels.
11/27/2025 06:11 // INFO // [MODIFY] // Zoom level changed to 0,18604651162790695, scale set to 11,376419041779586!
11/27/2025 06:11 // INFO // [GANTT] // Gantt chart rendered with 8 items on canvas.
11/27/2025 06:11 // INFO // [GANTT] // Canvas resized to 1366,3275983601425x110 to fit all Gantt items.
11/27/2025 06:11 // INFO // [GANTT] // Canvases are ready to be used!
11/27/2025 06:11 // INFO // [GANTT] // Ruler drawn: 112 ticks and 56 labels.
11/27/2025 06:11 // INFO // [MODIFY] // Zoom level changed to 0,1900910010111223, scale set to 11,408356741983265!
11/27/2025 06:11 // INFO // [GANTT] // Gantt chart rendered with 8 items on canvas.
11/27/2025 06:11 // INFO // [GANTT] // Canvas resized to 1373,4476527289385x110 to fit all Gantt items.
11/27/2025 06:11 // INFO // [GANTT] // Canvases are ready to be used!
11/27/2025 06:11 // INFO // [GANTT] // Ruler drawn: 112 ticks and 56 labels.
11/27/2025 06:11 // INFO // [MODIFY] // Zoom level changed to 0,19817997977755306, scale set to 11,472501375936382!
11/27/2025 06:11 // INFO // [GANTT] // Gantt chart rendered with 8 items on canvas.
11/27/2025 06:11 // INFO // [GANTT] // Canvas resized to 1377,022678333091x110 to fit all Gantt items.
11/27/2025 06:11 // INFO // [GANTT] // Canvases are ready to be used!
11/27/2025 06:11 // INFO // [GANTT] // Ruler drawn: 112 ticks and 56 labels.
11/27/2025 06:11 // INFO // [MODIFY] // Zoom level changed to 0,20222446916076842, scale set to 11,504708813811632!
11/27/2025 06:11 // INFO // [GANTT] // Gantt chart rendered with 8 items on canvas.
11/27/2025 06:11 // INFO // [GANTT] // Canvas resized to 1380,607740320007x110 to fit all Gantt items.
11/27/2025 06:11 // INFO // [GANTT] // Canvases are ready to be used!
11/27/2025 06:11 // INFO // [GANTT] // Ruler drawn: 112 ticks and 56 labels.
11/27/2025 06:11 // INFO // [MODIFY] // Zoom level changed to 0,20626895854398425, scale set to 11,537006669549612!
11/27/2025 06:11 // INFO // [GANTT] // Gantt chart rendered with 8 items on canvas.
11/27/2025 06:11 // INFO // [GANTT] // Canvas resized to 1387,808086224168x110 to fit all Gantt items.
11/27/2025 06:11 // INFO // [GANTT] // Canvases are ready to be used!
11/27/2025 06:11 // INFO // [GANTT] // Ruler drawn: 112 ticks and 56 labels.
11/27/2025 06:11 // INFO // [MODIFY] // Zoom level changed to 0,21435793731041453, scale set to 11,60187465066818!
11/27/2025 06:11 // INFO // [GANTT] // Gantt chart rendered with 8 items on canvas.
11/27/2025 06:11 // INFO // [GANTT] // Canvas resized to 1391,4234267304075x110 to fit all Gantt items.
11/27/2025 06:11 // INFO // [GANTT] // Canvases are ready to be used!
11/27/2025 06:11 // INFO // [GANTT] // Ruler drawn: 112 ticks and 56 labels.
11/27/2025 06:11 // INFO // [MODIFY] // Zoom level changed to 0,2184024266936299, scale set to 11,634445285859528!
11/27/2025 06:11 // INFO // [GANTT] // Gantt chart rendered with 8 items on canvas.
11/27/2025 06:11 // INFO // [GANTT] // Canvas resized to 1395,0489167978403x110 to fit all Gantt items.
11/27/2025 06:11 // INFO // [GANTT] // Canvases are ready to be used!
11/27/2025 06:11 // INFO // [GANTT] // Ruler drawn: 112 ticks and 56 labels.
11/27/2025 06:11 // INFO // [MODIFY] // Zoom level changed to 0,22244691607684525, scale set to 11,667107358539102!
11/27/2025 06:11 // INFO // [GANTT] // Gantt chart rendered with 8 items on canvas.
11/27/2025 06:11 // INFO // [GANTT] // Canvas resized to 1398,6845849199347x110 to fit all Gantt items.
11/27/2025 06:11 // INFO // [GANTT] // Canvases are ready to be used!
11/27/2025 06:11 // INFO // [GANTT] // Ruler drawn: 112 ticks and 56 labels.
11/27/2025 06:11 // INFO // [MODIFY] // Zoom level changed to 0,2264914054600606, scale set to 11,699861125404817!
11/27/2025 06:11 // INFO // [GANTT] // Gantt chart rendered with 8 items on canvas.
11/27/2025 06:11 // INFO // [GANTT] // Canvas resized to 1405,986569702168x110 to fit all Gantt items.
11/27/2025 06:11 // INFO // [GANTT] // Canvases are ready to be used!
11/27/2025 06:11 // INFO // [GANTT] // Ruler drawn: 112 ticks and 56 labels.
11/27/2025 06:11 // INFO // [MODIFY] // Zoom level changed to 0,2345803842264918, scale set to 11,765644772091603!
11/27/2025 06:11 // INFO // [GANTT] // Gantt chart rendered with 8 items on canvas.
11/27/2025 06:11 // INFO // [GANTT] // Canvas resized to 1409,6529437500994x110 to fit all Gantt items.
11/27/2025 06:11 // INFO // [GANTT] // Canvases are ready to be used!
11/27/2025 06:11 // INFO // [GANTT] // Ruler drawn: 112 ticks and 56 labels.
11/27/2025 06:11 // INFO // [MODIFY] // Zoom level changed to 0,23862487360970672, scale set to 11,798675168919814!
11/27/2025 06:11 // INFO // [GANTT] // Gantt chart rendered with 8 items on canvas.
11/27/2025 06:11 // INFO // [GANTT] // Canvas resized to 1413,3296106287326x110 to fit all Gantt items.
11/27/2025 06:11 // INFO // [GANTT] // Canvases are ready to be used!
11/27/2025 06:11 // INFO // [GANTT] // Ruler drawn: 112 ticks and 56 labels.
11/27/2025 06:11 // INFO // [MODIFY] // Zoom level changed to 0,24266936299292255, scale set to 11,831798293952545!
11/27/2025 06:11 // INFO // [GANTT] // Gantt chart rendered with 8 items on canvas.
11/27/2025 06:11 // INFO // [GANTT] // Canvas resized to 1417,0165992337431x110 to fit all Gantt items.
11/27/2025 06:11 // INFO // [GANTT] // Canvases are ready to be used!
11/27/2025 06:11 // INFO // [GANTT] // Ruler drawn: 112 ticks and 56 labels.
11/27/2025 06:11 // INFO // [MODIFY] // Zoom level changed to 0,24671385237613747, scale set to 11,8650144075112!
11/27/2025 06:11 // INFO // [GANTT] // Gantt chart rendered with 8 items on canvas.
11/27/2025 06:11 // INFO // [GANTT] // Canvas resized to 1424,4216576114443x110 to fit all Gantt items.
11/27/2025 06:11 // INFO // [GANTT] // Canvases are ready to be used!
11/27/2025 06:11 // INFO // [GANTT] // Ruler drawn: 112 ticks and 56 labels.
11/27/2025 06:11 // INFO // [MODIFY] // Zoom level changed to 0,2548028311425682, scale set to 11,931726645148146!
11/27/2025 06:11 // INFO // [GANTT] // Gantt chart rendered with 8 items on canvas.
11/27/2025 06:11 // INFO // [GANTT] // Canvas resized to 1428,1397855820046x110 to fit all Gantt items.
11/27/2025 06:11 // INFO // [GANTT] // Canvases are ready to be used!
11/27/2025 06:11 // INFO // [GANTT] // Ruler drawn: 112 ticks and 56 labels.
11/27/2025 06:11 // INFO // [MODIFY] // Zoom level changed to 0,2588473205257836, scale set to 11,965223293531572!
11/27/2025 06:11 // INFO // [GANTT] // Gantt chart rendered with 8 items on canvas.
11/27/2025 06:11 // INFO // [GANTT] // Canvas resized to 1431,8683516751414x110 to fit all Gantt items.
11/27/2025 06:11 // INFO // [GANTT] // Canvases are ready to be used!
11/27/2025 06:11 // INFO // [GANTT] // Ruler drawn: 112 ticks and 56 labels.
11/27/2025 06:11 // INFO // [MODIFY] // Zoom level changed to 0,26289180990899896, scale set to 11,998813979055328!
11/27/2025 06:11 // INFO // [GANTT] // Gantt chart rendered with 8 items on canvas.
11/27/2025 06:11 // INFO // [GANTT] // Canvas resized to 1435,6073851944195x110 to fit all Gantt items.
11/27/2025 06:11 // INFO // [GANTT] // Canvases are ready to be used!
11/27/2025 06:11 // INFO // [GANTT] // Ruler drawn: 112 ticks and 56 labels.
11/27/2025 06:11 // INFO // [MODIFY] // Zoom level changed to 0,26693629929221435, scale set to 12,032498965715492!
11/27/2025 06:11 // INFO // [GANTT] // Gantt chart rendered with 8 items on canvas.
11/27/2025 06:11 // INFO // [GANTT] // Canvas resized to 1439,3569155256694x110 to fit all Gantt items.
11/27/2025 06:11 // INFO // [GANTT] // Canvases are ready to be used!
11/27/2025 06:11 // INFO // [GANTT] // Ruler drawn: 112 ticks and 56 labels.
11/27/2025 06:11 // INFO // [MODIFY] // Zoom level changed to 0,27098078867542974, scale set to 12,066278518249273!
11/27/2025 06:11 // INFO // [GANTT] // Gantt chart rendered with 8 items on canvas.
11/27/2025 06:11 // INFO // [GANTT] // Canvas resized to 1446,8875845801183x110 to fit all Gantt items.
11/27/2025 06:11 // INFO // [GANTT] // Canvases are ready to be used!
11/27/2025 06:11 // INFO // [GANTT] // Ruler drawn: 112 ticks and 56 labels.
11/27/2025 06:11 // INFO // [MODIFY] // Zoom level changed to 0,27906976744186046, scale set to 12,13412238360467!
11/27/2025 06:11 // INFO // [GANTT] // Gantt chart rendered with 8 items on canvas.
11/27/2025 06:11 // INFO // [GANTT] // Canvas resized to 1450,6687824883882x110 to fit all Gantt items.
11/27/2025 06:11 // INFO // [GANTT] // Canvases are ready to be used!
11/27/2025 06:11 // INFO // [GANTT] // Ruler drawn: 112 ticks and 56 labels.
11/27/2025 06:11 // INFO // [MODIFY] // Zoom level changed to 0,28311425682507585, scale set to 12,168187229625119!
11/27/2025 06:11 // INFO // [GANTT] // Gantt chart rendered with 8 items on canvas.
11/27/2025 06:11 // INFO // [GANTT] // Canvas resized to 1454,4605955792351x110 to fit all Gantt items.
11/27/2025 06:11 // INFO // [GANTT] // Canvases are ready to be used!
11/27/2025 06:11 // INFO // [GANTT] // Ruler drawn: 112 ticks and 56 labels.
11/27/2025 06:11 // INFO // [MODIFY] // Zoom level changed to 0,28715874620829124, scale set to 12,202347707921037!
11/27/2025 06:11 // INFO // [GANTT] // Gantt chart rendered with 8 items on canvas.
11/27/2025 06:11 // INFO // [GANTT] // Canvas resized to 1458,2630536532954x110 to fit all Gantt items.
11/27/2025 06:11 // INFO // [GANTT] // Canvases are ready to be used!
11/27/2025 06:11 // INFO // [GANTT] // Ruler drawn: 112 ticks and 56 labels.
11/27/2025 06:11 // INFO // [MODIFY] // Zoom level changed to 0,2912032355915066, scale set to 12,236604086966626!
11/27/2025 06:11 // INFO // [GANTT] // Gantt chart rendered with 8 items on canvas.
11/27/2025 06:11 // INFO // [GANTT] // Canvas resized to 1462,0761865948652x110 to fit all Gantt items.
11/27/2025 06:11 // INFO // [GANTT] // Canvases are ready to be used!
11/27/2025 06:11 // INFO // [GANTT] // Ruler drawn: 112 ticks and 56 labels.
11/27/2025 06:11 // INFO // [MODIFY] // Zoom level changed to 0,295247724974722, scale set to 12,270956635989776!
11/27/2025 06:11 // INFO // [GANTT] // Gantt chart rendered with 8 items on canvas.
11/27/2025 06:11 // INFO // [GANTT] // Canvas resized to 1469,7345970374365x110 to fit all Gantt items.
11/27/2025 06:11 // INFO // [GANTT] // Canvases are ready to be used!
11/27/2025 06:11 // INFO // [GANTT] // Ruler drawn: 112 ticks and 56 labels.
11/27/2025 06:11 // INFO // [MODIFY] // Zoom level changed to 0,30333670374115274, scale set to 12,33995132466159!
11/27/2025 06:11 // INFO // [GANTT] // Gantt chart rendered with 8 items on canvas.
11/27/2025 06:11 // INFO // [GANTT] // Canvas resized to 1473,5799347274542x110 to fit all Gantt items.
11/27/2025 06:11 // INFO // [GANTT] // Canvases are ready to be used!
11/27/2025 06:11 // INFO // [GANTT] // Ruler drawn: 112 ticks and 56 labels.
11/27/2025 06:11 // INFO // [MODIFY] // Zoom level changed to 0,3073811931243681, scale set to 12,374594006553641!
11/27/2025 06:11 // INFO // [GANTT] // Gantt chart rendered with 8 items on canvas.
11/27/2025 06:11 // INFO // [GANTT] // Canvas resized to 1477,4360676634867x110 to fit all Gantt items.
11/27/2025 06:11 // INFO // [GANTT] // Canvases are ready to be used!
11/27/2025 06:11 // INFO // [GANTT] // Ruler drawn: 112 ticks and 56 labels.
11/27/2025 06:11 // INFO // [MODIFY] // Zoom level changed to 0,3114256825075835, scale set to 12,409333942914294!
11/27/2025 06:11 // INFO // [GANTT] // Gantt chart rendered with 8 items on canvas.
11/27/2025 06:11 // INFO // [GANTT] // Canvas resized to 1485,1808405832307x110 to fit all Gantt items.
11/27/2025 06:11 // INFO // [GANTT] // Canvases are ready to be used!
11/27/2025 06:11 // INFO // [GANTT] // Ruler drawn: 112 ticks and 56 labels.
11/27/2025 06:11 // INFO // [MODIFY] // Zoom level changed to 0,31951466127401423, scale set to 12,479106671920999!
11/27/2025 06:11 // INFO // [GANTT] // Gantt chart rendered with 8 items on canvas.
11/27/2025 06:11 // INFO // [GANTT] // Canvas resized to 1489,0695414346992x110 to fit all Gantt items.
11/27/2025 06:11 // INFO // [GANTT] // Canvases are ready to be used!
11/27/2025 06:11 // INFO // [GANTT] // Ruler drawn: 112 ticks and 56 labels.
11/27/2025 06:11 // INFO // [MODIFY] // Zoom level changed to 0,3235591506572296, scale set to 12,514140012925218!
11/27/2025 06:11 // INFO // [GANTT] // Gantt chart rendered with 8 items on canvas.
11/27/2025 06:11 // INFO // [GANTT] // Canvas resized to 1492,9691592681736x110 to fit all Gantt items.
11/27/2025 06:11 // INFO // [GANTT] // Canvases are ready to be used!
11/27/2025 06:11 // INFO // [GANTT] // Ruler drawn: 112 ticks and 56 labels.
11/27/2025 06:11 // INFO // [MODIFY] // Zoom level changed to 0,327603640040445, scale set to 12,54927170511868!
11/27/2025 06:11 // INFO // [GANTT] // Gantt chart rendered with 8 items on canvas.
11/27/2025 06:11 // INFO // [GANTT] // Canvas resized to 1496,8797247315495x110 to fit all Gantt items.
11/27/2025 06:11 // INFO // [GANTT] // Canvases are ready to be used!
11/27/2025 06:11 // INFO // [GANTT] // Ruler drawn: 112 ticks and 56 labels.
11/27/2025 06:11 // INFO // [MODIFY] // Zoom level changed to 0,3316481294236604, scale set to 12,584502024608554!
11/27/2025 06:11 // INFO // [GANTT] // Gantt chart rendered with 8 items on canvas.
11/27/2025 06:11 // INFO // [GANTT] // Canvas resized to 1500,8012685587619x110 to fit all Gantt items.
11/27/2025 06:11 // INFO // [GANTT] // Canvases are ready to be used!
11/27/2025 06:11 // INFO // [GANTT] // Ruler drawn: 112 ticks and 56 labels.
11/27/2025 06:11 // INFO // [MODIFY] // Zoom level changed to 0,3356926188068753, scale set to 12,619831248277134!
11/27/2025 06:11 // INFO // [GANTT] // Gantt chart rendered with 8 items on canvas.
11/27/2025 06:11 // INFO // [GANTT] // Canvas resized to 1508,677414672084x110 to fit all Gantt items.
11/27/2025 06:11 // INFO // [GANTT] // Canvases are ready to be used!
11/27/2025 06:11 // INFO // [GANTT] // Ruler drawn: 112 ticks and 56 labels.
11/27/2025 06:11 // INFO // [MODIFY] // Zoom level changed to 0,3437815975733065, scale set to 12,690787519568325!
11/27/2025 06:11 // INFO // [GANTT] // Gantt chart rendered with 8 items on canvas.
11/27/2025 06:11 // INFO // [GANTT] // Canvas resized to 1512,632078858439x110 to fit all Gantt items.
11/27/2025 06:11 // INFO // [GANTT] // Canvases are ready to be used!
11/27/2025 06:11 // INFO // [GANTT] // Ruler drawn: 112 ticks and 56 labels.
11/27/2025 06:11 // INFO // [MODIFY] // Zoom level changed to 0,3478260869565219, scale set to 12,726415124850801!
11/27/2025 06:11 // INFO // [GANTT] // Gantt chart rendered with 8 items on canvas.
11/27/2025 06:11 // INFO // [GANTT] // Canvas resized to 1516,5978452096074x110 to fit all Gantt items.
11/27/2025 06:11 // INFO // [GANTT] // Canvases are ready to be used!
11/27/2025 06:11 // INFO // [GANTT] // Ruler drawn: 112 ticks and 56 labels.
11/27/2025 06:11 // INFO // [MODIFY] // Zoom level changed to 0,3518705763397373, scale set to 12,762142749636103!
11/27/2025 06:11 // INFO // [GANTT] // Gantt chart rendered with 8 items on canvas.
11/27/2025 06:11 // INFO // [GANTT] // Canvas resized to 1520,5747448933591x110 to fit all Gantt items.
11/27/2025 06:11 // INFO // [GANTT] // Canvases are ready to be used!
11/27/2025 06:11 // INFO // [GANTT] // Ruler drawn: 112 ticks and 56 labels.
11/27/2025 06:11 // INFO // [MODIFY] // Zoom level changed to 0,3559150657229527, scale set to 12,797970674714946!
11/27/2025 06:11 // INFO // [GANTT] // Gantt chart rendered with 8 items on canvas.
11/27/2025 06:11 // INFO // [GANTT] // Canvas resized to 1528,562069367434x110 to fit all Gantt items.
11/27/2025 06:11 // INFO // [GANTT] // Canvases are ready to be used!
11/27/2025 06:11 // INFO // [GANTT] // Ruler drawn: 112 ticks and 56 labels.
11/27/2025 06:11 // INFO // [MODIFY] // Zoom level changed to 0,36400404448938295, scale set to 12,869928552859767!
11/27/2025 06:11 // INFO // [GANTT] // Gantt chart rendered with 8 items on canvas.
11/27/2025 06:11 // INFO // [GANTT] // Canvas resized to 1532,5725569317767x110 to fit all Gantt items.
11/27/2025 06:11 // INFO // [GANTT] // Canvases are ready to be used!
11/27/2025 06:11 // INFO // [GANTT] // Ruler drawn: 112 ticks and 56 labels.
11/27/2025 06:11 // INFO // [MODIFY] // Zoom level changed to 0,3680485338725988, scale set to 12,906059071457449!
11/27/2025 06:11 // INFO // [GANTT] // Gantt chart rendered with 8 items on canvas.
11/27/2025 06:11 // INFO // [GANTT] // Canvas resized to 1536,5943033772332x110 to fit all Gantt items.
11/27/2025 06:11 // INFO // [GANTT] // Canvases are ready to be used!
11/27/2025 06:11 // INFO // [GANTT] // Ruler drawn: 112 ticks and 56 labels.
11/27/2025 06:11 // INFO // [MODIFY] // Zoom level changed to 0,37209302325581367, scale set to 12,942291021416516!
11/27/2025 06:11 // INFO // [GANTT] // Gantt chart rendered with 8 items on canvas.
11/27/2025 06:11 // INFO // [GANTT] // Canvas resized to 1540,6273403115335x110 to fit all Gantt items.
11/27/2025 06:11 // INFO // [GANTT] // Canvases are ready to be used!
11/27/2025 06:11 // INFO // [GANTT] // Ruler drawn: 112 ticks and 56 labels.
11/27/2025 06:11 // INFO // [MODIFY] // Zoom level changed to 0,37613751263902906, scale set to 12,978624687491294!
11/27/2025 06:11 // INFO // [GANTT] // Gantt chart rendered with 8 items on canvas.
11/27/2025 06:11 // INFO // [GANTT] // Canvas resized to 1548,7274125215017x110 to fit all Gantt items.
11/27/2025 06:11 // INFO // [GANTT] // Canvases are ready to be used!
11/27/2025 06:11 // INFO // [GANTT] // Ruler drawn: 112 ticks and 56 labels.
11/27/2025 06:11 // INFO // [MODIFY] // Zoom level changed to 0,3842264914054603, scale set to 13,05159831100452!
11/27/2025 06:11 // INFO // [GANTT] // Gantt chart rendered with 8 items on canvas.
11/27/2025 06:11 // INFO // [GANTT] // Canvas resized to 1552,7945114572951x110 to fit all Gantt items.
11/27/2025 06:11 // INFO // [GANTT] // Canvases are ready to be used!
11/27/2025 06:11 // INFO // [GANTT] // Ruler drawn: 112 ticks and 56 labels.
11/27/2025 06:11 // INFO // [MODIFY] // Zoom level changed to 0,38827098078867567, scale set to 13,088238841957613!
11/27/2025 06:11 // INFO // [GANTT] // Gantt chart rendered with 8 items on canvas.
11/27/2025 06:11 // INFO // [GANTT] // Canvas resized to 1556,8730282026852x110 to fit all Gantt items.
11/27/2025 06:11 // INFO // [GANTT] // Canvases are ready to be used!
11/27/2025 06:11 // INFO // [GANTT] // Ruler drawn: 112 ticks and 56 labels.
11/27/2025 06:11 // INFO // [MODIFY] // Zoom level changed to 0,39231547017189106, scale set to 13,124982236060227!
11/27/2025 06:11 // INFO // [GANTT] // Gantt chart rendered with 8 items on canvas.
11/27/2025 06:11 // INFO // [GANTT] // Canvas resized to 1560,96299481157x110 to fit all Gantt items.
11/27/2025 06:11 // INFO // [GANTT] // Canvases are ready to be used!
11/27/2025 06:11 // INFO // [GANTT] // Ruler drawn: 112 ticks and 56 labels.
11/27/2025 06:11 // INFO // [MODIFY] // Zoom level changed to 0,39635995955510595, scale set to 13,161828782086216!
11/27/2025 06:11 // INFO // [GANTT] // Gantt chart rendered with 8 items on canvas.
11/27/2025 06:11 // INFO // [GANTT] // Canvas resized to 1569,1774062856055x110 to fit all Gantt items.
11/27/2025 06:11 // INFO // [GANTT] // Canvases are ready to be used!
11/27/2025 06:11 // INFO // [GANTT] // Ruler drawn: 112 ticks and 56 labels.
11/27/2025 06:11 // INFO // [MODIFY] // Zoom level changed to 0,40444893832153667, scale set to 13,235832489059508!
11/27/2025 06:11 // INFO // [GANTT] // Gantt chart rendered with 8 items on canvas.
11/27/2025 06:11 // INFO // [GANTT] // Canvas resized to 1573,3019157094973x110 to fit all Gantt items.
11/27/2025 06:11 // INFO // [GANTT] // Canvases are ready to be used!
11/27/2025 06:11 // INFO // [GANTT] // Ruler drawn: 112 ticks and 56 labels.
11/27/2025 06:11 // INFO // [MODIFY] // Zoom level changed to 0,40849342770475205, scale set to 13,272990231617094!
11/27/2025 06:11 // INFO // [GANTT] // Gantt chart rendered with 8 items on canvas.
11/27/2025 06:11 // INFO // [GANTT] // Canvas resized to 1577,4380041148765x110 to fit all Gantt items.
11/27/2025 06:11 // INFO // [GANTT] // Canvases are ready to be used!
11/27/2025 06:11 // INFO // [GANTT] // Ruler drawn: 112 ticks and 56 labels.
11/27/2025 06:11 // INFO // [MODIFY] // Zoom level changed to 0,41253791708796744, scale set to 13,310252289323213!
11/27/2025 06:11 // INFO // [GANTT] // Gantt chart rendered with 8 items on canvas.
11/27/2025 06:11 // INFO // [GANTT] // Canvas resized to 1581,5857040081082x110 to fit all Gantt items.
11/27/2025 06:11 // INFO // [GANTT] // Canvases are ready to be used!
11/27/2025 06:11 // INFO // [GANTT] // Ruler drawn: 112 ticks and 56 labels.
11/27/2025 06:11 // INFO // [MODIFY] // Zoom level changed to 0,4165824064711833, scale set to 13,347618955028002!
11/27/2025 06:11 // INFO // [GANTT] // Gantt chart rendered with 8 items on canvas.
11/27/2025 06:11 // INFO // [GANTT] // Canvas resized to 1589,916068740132x110 to fit all Gantt items.
11/27/2025 06:11 // INFO // [GANTT] // Canvases are ready to be used!
11/27/2025 06:11 // INFO // [GANTT] // Ruler drawn: 112 ticks and 56 labels.
11/27/2025 06:11 // INFO // [MODIFY] // Zoom level changed to 0,42467138523761355, scale set to 13,422667285947135!
11/27/2025 06:11 // INFO // [GANTT] // Gantt chart rendered with 8 items on canvas.
11/27/2025 06:11 // INFO // [GANTT] // Canvas resized to 1594,0987990489682x110 to fit all Gantt items.
11/27/2025 06:11 // INFO // [GANTT] // Canvases are ready to be used!
11/27/2025 06:11 // INFO // [GANTT] // Ruler drawn: 112 ticks and 56 labels.
11/27/2025 06:11 // INFO // [MODIFY] // Zoom level changed to 0,4287158746208294, scale set to 13,460349540981696!
11/27/2025 06:11 // INFO // [GANTT] // Gantt chart rendered with 8 items on canvas.
11/27/2025 06:11 // INFO // [GANTT] // Canvas resized to 1598,293271786255x110 to fit all Gantt items.
11/27/2025 06:11 // INFO // [GANTT] // Canvases are ready to be used!
11/27/2025 06:11 // INFO // [GANTT] // Ruler drawn: 112 ticks and 56 labels.
11/27/2025 06:11 // INFO // [MODIFY] // Zoom level changed to 0,4327603640040443, scale set to 13,498137583659954!
11/27/2025 06:11 // INFO // [GANTT] // Gantt chart rendered with 8 items on canvas.
11/27/2025 06:11 // INFO // [GANTT] // Canvas resized to 1602,4995199172147x110 to fit all Gantt items.
11/27/2025 06:11 // INFO // [GANTT] // Canvases are ready to be used!
11/27/2025 06:11 // INFO // [GANTT] // Ruler drawn: 112 ticks and 56 labels.
11/27/2025 06:11 // INFO // [MODIFY] // Zoom level changed to 0,43680485338725966, scale set to 13,536031710965899!
11/27/2025 06:11 // INFO // [GANTT] // Gantt chart rendered with 8 items on canvas.
11/27/2025 06:11 // INFO // [GANTT] // Canvas resized to 1610,9474746840178x110 to fit all Gantt items.
11/27/2025 06:11 // INFO // [GANTT] // Canvases are ready to be used!
11/27/2025 06:11 // INFO // [GANTT] // Ruler drawn: 112 ticks and 56 labels.
11/27/2025 06:11 // INFO // [MODIFY] // Zoom level changed to 0,4448938321536909, scale set to 13,612139411567728!
11/27/2025 06:11 // INFO // [GANTT] // Gantt chart rendered with 8 items on canvas.
11/27/2025 06:11 // INFO // [GANTT] // Canvas resized to 1615,1892477140668x110 to fit all Gantt items.
11/27/2025 06:11 // INFO // [GANTT] // Canvases are ready to be used!
11/27/2025 06:11 // INFO // [GANTT] // Ruler drawn: 112 ticks and 56 labels.
11/27/2025 06:11 // INFO // [MODIFY] // Zoom level changed to 0,44893832153690577, scale set to 13,650353583009611!
11/27/2025 06:11 // INFO // [GANTT] // Gantt chart rendered with 8 items on canvas.
11/27/2025 06:11 // INFO // [GANTT] // Canvas resized to 1619,4429289267243x110 to fit all Gantt items.
11/27/2025 06:11 // INFO // [GANTT] // Canvases are ready to be used!
11/27/2025 06:11 // INFO // [GANTT] // Ruler drawn: 112 ticks and 56 labels.
11/27/2025 06:11 // INFO // [MODIFY] // Zoom level changed to 0,4529828109201216, scale set to 13,688675035375894!
11/27/2025 06:11 // INFO // [GANTT] // Gantt chart rendered with 8 items on canvas.
11/27/2025 06:11 // INFO // [GANTT] // Canvas resized to 1623,7085517525397x110 to fit all Gantt items.
11/27/2025 06:11 // INFO // [GANTT] // Canvases are ready to be used!
11/27/2025 06:11 // INFO // [GANTT] // Ruler drawn: 112 ticks and 56 labels.
11/27/2025 06:11 // INFO // [MODIFY] // Zoom level changed to 0,4570273003033365, scale set to 13,7271040698427!
11/27/2025 06:11 // INFO // [GANTT] // Gantt chart rendered with 8 items on canvas.
11/27/2025 06:11 // INFO // [GANTT] // Canvas resized to 1632,2757564353772x110 to fit all Gantt items.
11/27/2025 06:11 // INFO // [GANTT] // Canvases are ready to be used!
11/27/2025 06:11 // INFO // [GANTT] // Ruler drawn: 112 ticks and 56 labels.
11/27/2025 06:11 // INFO // [MODIFY] // Zoom level changed to 0,4651162790697672, scale set to 13,804286094012406!
11/27/2025 06:11 // INFO // [GANTT] // Gantt chart rendered with 8 items on canvas.
11/27/2025 06:11 // INFO // [GANTT] // Canvas resized to 1636,5774056238147x110 to fit all Gantt items.
11/27/2025 06:11 // INFO // [GANTT] // Canvases are ready to be used!
11/27/2025 06:11 // INFO // [GANTT] // Ruler drawn: 112 ticks and 56 labels.
11/27/2025 06:11 // INFO // [MODIFY] // Zoom level changed to 0,4691607684529826, scale set to 13,843039690304638!
11/27/2025 06:11 // INFO // [GANTT] // Gantt chart rendered with 8 items on canvas.
11/27/2025 06:11 // INFO // [GANTT] // Canvas resized to 1640,891131088773x110 to fit all Gantt items.
11/27/2025 06:11 // INFO // [GANTT] // Canvases are ready to be used!
11/27/2025 06:11 // INFO // [GANTT] // Ruler drawn: 112 ticks and 56 labels.
11/27/2025 06:11 // INFO // [MODIFY] // Zoom level changed to 0,473205257836198, scale set to 13,881902081880837!
11/27/2025 06:11 // INFO // [GANTT] // Gantt chart rendered with 8 items on canvas.
11/27/2025 06:11 // INFO // [GANTT] // Canvas resized to 1645,216966732704x110 to fit all Gantt items.
11/27/2025 06:11 // INFO // [GANTT] // Canvases are ready to be used!
11/27/2025 06:11 // INFO // [GANTT] // Ruler drawn: 112 ticks and 56 labels.
11/27/2025 06:11 // INFO // [MODIFY] // Zoom level changed to 0,4772497472194138, scale set to 13,920873574168503!
11/27/2025 06:11 // INFO // [GANTT] // Gantt chart rendered with 8 items on canvas.
11/27/2025 06:11 // INFO // [GANTT] // Canvas resized to 1653,9051046434386x110 to fit all Gantt items.
11/27/2025 06:11 // INFO // [GANTT] // Canvases are ready to be used!
11/27/2025 06:11 // INFO // [GANTT] // Ruler drawn: 112 ticks and 56 labels.
11/27/2025 06:11 // INFO // [MODIFY] // Zoom level changed to 0,4853387259858441, scale set to 13,999145086877824!
11/27/2025 06:11 // INFO // [GANTT] // Gantt chart rendered with 8 items on canvas.
11/27/2025 06:11 // INFO // [GANTT] // Canvas resized to 1658,2674751920986x110 to fit all Gantt items.
11/27/2025 06:11 // INFO // [GANTT] // Canvases are ready to be used!
11/27/2025 06:11 // INFO // [GANTT] // Ruler drawn: 112 ticks and 56 labels.
11/27/2025 06:11 // INFO // [MODIFY] // Zoom level changed to 0,48938321536905993, scale set to 14,038445722451339!
11/27/2025 06:11 // INFO // [GANTT] // Gantt chart rendered with 8 items on canvas.
11/27/2025 06:11 // INFO // [GANTT] // Canvas resized to 1662,6420924839767x110 to fit all Gantt items.
11/27/2025 06:11 // INFO // [GANTT] // Canvases are ready to be used!
11/27/2025 06:11 // INFO // [GANTT] // Ruler drawn: 112 ticks and 56 labels.
11/27/2025 06:11 // INFO // [MODIFY] // Zoom level changed to 0,4934277047522748, scale set to 14,077856689044836!
11/27/2025 06:11 // INFO // [GANTT] // Gantt chart rendered with 8 items on canvas.
11/27/2025 06:11 // INFO // [GANTT] // Canvas resized to 1667,0289909000883x110 to fit all Gantt items.
11/27/2025 06:11 // INFO // [GANTT] // Canvases are ready to be used!
11/27/2025 06:11 // INFO // [GANTT] // Ruler drawn: 112 ticks and 56 labels.
11/27/2025 06:11 // INFO // [MODIFY] // Zoom level changed to 0,4974721941354902, scale set to 14,117378296397192!
11/27/2025 06:11 // INFO // [GANTT] // Gantt chart rendered with 8 items on canvas.
11/27/2025 06:11 // INFO // [GANTT] // Canvas resized to 1671,4282049179658x110 to fit all Gantt items.
11/27/2025 06:11 // INFO // [GANTT] // Canvases are ready to be used!
11/27/2025 06:11 // INFO // [GANTT] // Ruler drawn: 112 ticks and 56 labels.
11/27/2025 06:11 // INFO // [MODIFY] // Zoom level changed to 0,501516683518706, scale set to 14,157010855116809!
11/27/2025 06:11 // INFO // [GANTT] // Gantt chart rendered with 8 items on canvas.
11/27/2025 06:11 // INFO // [GANTT] // Canvas resized to 1680,2637181533746x110 to fit all Gantt items.
11/27/2025 06:11 // INFO // [GANTT] // Canvases are ready to be used!
11/27/2025 06:11 // INFO // [GANTT] // Ruler drawn: 112 ticks and 56 labels.
11/27/2025 06:11 // INFO // [MODIFY] // Zoom level changed to 0,5096056622851364, scale set to 14,236610073453825!
11/27/2025 06:11 // INFO // [GANTT] // Gantt chart rendered with 8 items on canvas.
11/27/2025 06:11 // INFO // [GANTT] // Canvas resized to 1684,700086811015x110 to fit all Gantt items.
11/27/2025 06:11 // INFO // [GANTT] // Canvases are ready to be used!
11/27/2025 06:11 // INFO // [GANTT] // Ruler drawn: 112 ticks and 56 labels.
11/27/2025 06:11 // INFO // [MODIFY] // Zoom level changed to 0,5136501516683517, scale set to 14,276577358657791!
11/27/2025 06:11 // INFO // [GANTT] // Gantt chart rendered with 8 items on canvas.
11/27/2025 06:11 // INFO // [GANTT] // Canvas resized to 1689,1489099511825x110 to fit all Gantt items.
11/27/2025 06:11 // INFO // [GANTT] // Canvases are ready to be used!
11/27/2025 06:11 // INFO // [GANTT] // Ruler drawn: 112 ticks and 56 labels.
11/27/2025 06:11 // INFO // [MODIFY] // Zoom level changed to 0,517694641051567, scale set to 14,31665684640705!
11/27/2025 06:11 // INFO // [GANTT] // Gantt chart rendered with 8 items on canvas.
11/27/2025 06:11 // INFO // [GANTT] // Canvas resized to 1698,0840596341063x110 to fit all Gantt items.
11/27/2025 06:11 // INFO // [GANTT] // Canvases are ready to be used!
11/27/2025 06:11 // INFO // [GANTT] // Ruler drawn: 112 ticks and 56 labels.
11/27/2025 06:11 // INFO // [MODIFY] // Zoom level changed to 0,5257836198179978, scale set to 14,397153690397355!
11/27/2025 06:11 // INFO // [GANTT] // Gantt chart rendered with 8 items on canvas.
11/27/2025 06:11 // INFO // [GANTT] // Canvas resized to 1702,5704564000337x110 to fit all Gantt items.
11/27/2025 06:11 // INFO // [GANTT] // Canvases are ready to be used!
11/27/2025 06:11 // INFO // [GANTT] // Ruler drawn: 112 ticks and 56 labels.
11/27/2025 06:11 // INFO // [MODIFY] // Zoom level changed to 0,5298281092012131, scale set to 14,437571679279582!
11/27/2025 06:11 // INFO // [GANTT] // Gantt chart rendered with 8 items on canvas.
11/27/2025 06:11 // INFO // [GANTT] // Canvas resized to 1707,0694480953823x110 to fit all Gantt items.
11/27/2025 06:11 // INFO // [GANTT] // Canvases are ready to be used!
11/27/2025 06:11 // INFO // [GANTT] // Ruler drawn: 112 ticks and 56 labels.
11/27/2025 06:11 // INFO // [MODIFY] // Zoom level changed to 0,5338725985844285, scale set to 14,478103135994436!
11/27/2025 06:11 // INFO // [GANTT] // Gantt chart rendered with 8 items on canvas.
11/27/2025 06:11 // INFO // [GANTT] // Canvas resized to 1711,581070078651x110 to fit all Gantt items.
11/27/2025 06:11 // INFO // [GANTT] // Canvases are ready to be used!
11/27/2025 06:11 // INFO // [GANTT] // Ruler drawn: 112 ticks and 56 labels.
11/27/2025 06:11 // INFO // [MODIFY] // Zoom level changed to 0,5379170879676443, scale set to 14,518748379086945!
11/27/2025 06:11 // INFO // [GANTT] // Gantt chart rendered with 8 items on canvas.
11/27/2025 06:11 // INFO // [GANTT] // Canvas resized to 1720,6423468395315x110 to fit all Gantt items.
11/27/2025 06:11 // INFO // [GANTT] // Canvases are ready to be used!
11/27/2025 06:11 // INFO // [GANTT] // Ruler drawn: 112 ticks and 56 labels.
11/27/2025 06:11 // INFO // [MODIFY] // Zoom level changed to 0,546006066734075, scale set to 14,600381503058841!
11/27/2025 06:11 // INFO // [GANTT] // Gantt chart rendered with 8 items on canvas.
11/27/2025 06:11 // INFO // [GANTT] // Canvas resized to 1725,1920728315733x110 to fit all Gantt items.
11/27/2025 06:11 // INFO // [GANTT] // Canvases are ready to be used!
11/27/2025 06:11 // INFO // [GANTT] // Ruler drawn: 112 ticks and 56 labels.
11/27/2025 06:11 // INFO // [MODIFY] // Zoom level changed to 0,5500505561172904, scale set to 14,64137002550967!
11/27/2025 06:11 // INFO // [GANTT] // Gantt chart rendered with 8 items on canvas.
11/27/2025 06:11 // INFO // [GANTT] // Canvas resized to 1729,754571540953x110 to fit all Gantt items.
11/27/2025 06:11 // INFO // [GANTT] // Canvases are ready to be used!
11/27/2025 06:11 // INFO // [GANTT] // Ruler drawn: 112 ticks and 56 labels.
11/27/2025 06:11 // INFO // [MODIFY] // Zoom level changed to 0,5540950455005053, scale set to 14,682473617486064!
11/27/2025 06:11 // INFO // [GANTT] // Gantt chart rendered with 8 items on canvas.
11/27/2025 06:11 // INFO // [GANTT] // Canvas resized to 1738,9180306428411x110 to fit all Gantt items.
11/27/2025 06:11 // INFO // [GANTT] // Canvases are ready to be used!
11/27/2025 06:11 // INFO // [GANTT] // Ruler drawn: 112 ticks and 56 labels.
11/27/2025 06:11 // INFO // [MODIFY] // Zoom level changed to 0,562184024266936, scale set to 14,76502730308866!
11/27/2025 06:11 // INFO // [GANTT] // Gantt chart rendered with 8 items on canvas.
11/27/2025 06:11 // INFO // [GANTT] // Canvas resized to 1743,5190630528505x110 to fit all Gantt items.
11/27/2025 06:11 // INFO // [GANTT] // Canvases are ready to be used!
11/27/2025 06:11 // INFO // [GANTT] // Ruler drawn: 112 ticks and 56 labels.
11/27/2025 06:11 // INFO // [MODIFY] // Zoom level changed to 0,5662285136501514, scale set to 14,806478045521176!
11/27/2025 06:11 // INFO // [GANTT] // Gantt chart rendered with 8 items on canvas.
11/27/2025 06:11 // INFO // [GANTT] // Canvas resized to 1748,1330122157674x110 to fit all Gantt items.
11/27/2025 06:11 // INFO // [GANTT] // Canvases are ready to be used!
11/27/2025 06:11 // INFO // [GANTT] // Ruler drawn: 112 ticks and 56 labels.
11/27/2025 06:11 // INFO // [MODIFY] // Zoom level changed to 0,5702730030333667, scale set to 14,848045155097005!
11/27/2025 06:11 // INFO // [GANTT] // Gantt chart rendered with 8 items on canvas.
11/27/2025 06:11 // INFO // [GANTT] // Canvas resized to 1752,7599143935643x110 to fit all Gantt items.
11/27/2025 06:11 // INFO // [GANTT] // Canvases are ready to be used!
11/27/2025 06:11 // INFO // [GANTT] // Ruler drawn: 112 ticks and 56 labels.
11/27/2025 06:11 // INFO // [MODIFY] // Zoom level changed to 0,5743174924165825, scale set to 14,889728958500578!
11/27/2025 06:11 // INFO // [GANTT] // Gantt chart rendered with 8 items on canvas.
11/27/2025 06:11 // INFO // [GANTT] // Canvas resized to 1762,052723350968x110 to fit all Gantt items.
11/27/2025 06:11 // INFO // [GANTT] // Canvases are ready to be used!
11/27/2025 06:11 // INFO // [GANTT] // Ruler drawn: 112 ticks and 56 labels.
11/27/2025 06:11 // INFO // [MODIFY] // Zoom level changed to 0,5824064711830133, scale set to 14,97344795811683!
11/27/2025 06:11 // INFO // [GANTT] // Gantt chart rendered with 8 items on canvas.
11/27/2025 06:11 // INFO // [GANTT] // Canvas resized to 1766,718703164664x110 to fit all Gantt items.
11/27/2025 06:11 // INFO // [GANTT] // Canvases are ready to be used!
11/27/2025 06:11 // INFO // [GANTT] // Ruler drawn: 112 ticks and 112 labels.
11/27/2025 06:11 // INFO // [MODIFY] // Zoom level changed to 0,5864509605662286, scale set to 15,01548381229427!
11/27/2025 06:11 // INFO // [GANTT] // Gantt chart rendered with 8 items on canvas.
11/27/2025 06:11 // INFO // [GANTT] // Canvas resized to 1771,397782061991x110 to fit all Gantt items.
11/27/2025 06:11 // INFO // [GANTT] // Canvases are ready to be used!
11/27/2025 06:11 // INFO // [GANTT] // Ruler drawn: 112 ticks and 112 labels.
11/27/2025 06:11 // INFO // [MODIFY] // Zoom level changed to 0,5904954499494439, scale set to 15,057637676234153!
11/27/2025 06:11 // INFO // [GANTT] // Gantt chart rendered with 8 items on canvas.
11/27/2025 06:11 // INFO // [GANTT] // Canvas resized to 1776,0899968167876x110 to fit all Gantt items.
11/27/2025 06:11 // INFO // [GANTT] // Canvases are ready to be used!
11/27/2025 06:11 // INFO // [GANTT] // Ruler drawn: 112 ticks and 112 labels.
11/27/2025 06:11 // INFO // [MODIFY] // Zoom level changed to 0,5945399393326593, scale set to 15,099909881232321!
11/27/2025 06:11 // INFO // [GANTT] // Gantt chart rendered with 8 items on canvas.
11/27/2025 06:11 // INFO // [GANTT] // Canvas resized to 1785,5139815106252x110 to fit all Gantt items.
11/27/2025 06:11 // INFO // [GANTT] // Canvases are ready to be used!
11/27/2025 06:11 // INFO // [GANTT] // Ruler drawn: 112 ticks and 112 labels.
11/27/2025 06:11 // INFO // [MODIFY] // Zoom level changed to 0,60262891809909, scale set to 15,184810644239867!
11/27/2025 06:11 // INFO // [GANTT] // Gantt chart rendered with 8 items on canvas.
11/27/2025 06:11 // INFO // [GANTT] // Canvas resized to 1790,2458255146917x110 to fit all Gantt items.
11/27/2025 06:11 // INFO // [GANTT] // Canvases are ready to be used!
11/27/2025 06:11 // INFO // [GANTT] // Ruler drawn: 112 ticks and 112 labels.
11/27/2025 06:11 // INFO // [MODIFY] // Zoom level changed to 0,6066734074823049, scale set to 15,227439869501726!
11/27/2025 06:11 // INFO // [GANTT] // Gantt chart rendered with 8 items on canvas.
11/27/2025 06:11 // INFO // [GANTT] // Canvas resized to 1799,7494027800692x110 to fit all Gantt items.
11/27/2025 06:11 // INFO // [GANTT] // Canvases are ready to be used!
11/27/2025 06:11 // INFO // [GANTT] // Ruler drawn: 112 ticks and 112 labels.
11/27/2025 06:11 // INFO // [MODIFY] // Zoom level changed to 0,6147623862487361, scale set to 15,313057682703326!
11/27/2025 06:11 // INFO // [GANTT] // Gantt chart rendered with 8 items on canvas.
11/27/2025 06:11 // INFO // [GANTT] // Canvas resized to 1809,3064148650892x110 to fit all Gantt items.
11/27/2025 06:11 // INFO // [GANTT] // Canvases are ready to be used!
11/27/2025 06:11 // INFO // [GANTT] // Ruler drawn: 112 ticks and 112 labels.
11/27/2025 06:11 // INFO // [MODIFY] // Zoom level changed to 0,6228513650151669, scale set to 15,39915689067648!
11/27/2025 06:11 // INFO // [GANTT] // Gantt chart rendered with 8 items on canvas.
11/27/2025 06:11 // INFO // [GANTT] // Canvas resized to 1814,1050527874181x110 to fit all Gantt items.
11/27/2025 06:11 // INFO // [GANTT] // Canvases are ready to be used!
11/27/2025 06:11 // INFO // [GANTT] // Ruler drawn: 112 ticks and 112 labels.
11/27/2025 06:11 // INFO // [MODIFY] // Zoom level changed to 0,6268958543983822, scale set to 15,442387862949712!
11/27/2025 06:11 // INFO // [GANTT] // Gantt chart rendered with 8 items on canvas.
11/27/2025 06:11 // INFO // [GANTT] // Canvas resized to 1818,917162212403x110 to fit all Gantt items.
11/27/2025 06:11 // INFO // [GANTT] // Canvases are ready to be used!
11/27/2025 06:11 // INFO // [GANTT] // Ruler drawn: 112 ticks and 112 labels.
11/27/2025 06:11 // INFO // [MODIFY] // Zoom level changed to 0,6309403437815971, scale set to 15,485740200111739!
11/27/2025 06:11 // INFO // [GANTT] // Gantt chart rendered with 8 items on canvas.
11/27/2025 06:11 // INFO // [GANTT] // Canvas resized to 1823,7427809594x110 to fit all Gantt items.
11/27/2025 06:11 // INFO // [GANTT] // Canvases are ready to be used!
11/27/2025 06:11 // INFO // [GANTT] // Ruler drawn: 112 ticks and 112 labels.
11/27/2025 06:11 // INFO // [MODIFY] // Zoom level changed to 0,6349848331648129, scale set to 15,529214242877478!
11/27/2025 06:11 // INFO // [GANTT] // Gantt chart rendered with 8 items on canvas.
11/27/2025 06:11 // INFO // [GANTT] // Canvas resized to 1833,4346982279992x110 to fit all Gantt items.
11/27/2025 06:11 // INFO // [GANTT] // Canvases are ready to be used!
11/27/2025 06:11 // INFO // [GANTT] // Ruler drawn: 112 ticks and 112 labels.
11/27/2025 06:11 // INFO // [MODIFY] // Zoom level changed to 0,6430738119312437, scale set to 15,616528812864859!
11/27/2025 06:15 // WARNING // [CLOSE] // Attempting to close file with unsaved changes; prompting user!
11/27/2025 06:15 // INFO // [CLOSE] // Closing file without saving (file modified: False)
11/27/2025 06:15 // INFO // [CLEAR] // PrecedenceGraphCanvas has been cleared!
11/27/2025 06:15 // INFO // [CLEAR] // GanttCanvas has been cleared!
11/27/2025 06:15 // INFO // [CLEAR] // RulerCanvas has been cleared!
11/27/2025 06:15 // INFO // [CLEAR] // FixedLabelCanvas has been cleared!
11/27/2025 06:15 // INFO // [CLEAR] // Precedence graph's node container cleared!
11/27/2025 06:15 // INFO // [CLEAR] // Precedence graph's edge container cleared!
11/27/2025 06:15 // INFO // [CLEAR] // Gantt chart data cleared!
11/27/2025 06:15 // INFO // [CLEAR] // Master Recipe Table datatable purged!
11/27/2025 06:15 // INFO // [CLEAR] // Recipe Elements Table datatable purged!
11/27/2025 06:15 // INFO // [CLEAR] // Steps Table datatable purged!
11/27/2025 06:15 // INFO // [CLEAR] // Master Recipe Table tab removed!
11/27/2025 06:15 // INFO // [CLEAR] // Recipe Elements Table tab removed!
11/27/2025 06:15 // INFO // [CLEAR] // Steps Table tab removed!
11/27/2025 06:15 // INFO // [CONSTRAINT] // Saving and closing are disabled for as long as there are no files opened.
11/27/2025 06:15 // INFO // [CLOSE] // BatchML file closed and all data cleared!
11/27/2025 06:16 // INFO // [EXITUS] // Shutting down...
