11/23/2025 20:54 // INFO // [INITIALIZATION] // Beginning initialization...
11/23/2025 20:54 // INFO // [SAVE] // Custom solvers loaded from JSON file!
11/23/2025 20:54 // INFO // [INITIALIZATION] // Johnson's Rule solver added!
11/23/2025 20:54 // INFO // [INITIALIZATION] // List Scheduling solver added!
11/23/2025 20:54 // INFO // [INITIALIZATION] // {cs.Name} ({cs.TypeID} type) solver added!
11/23/2025 20:54 // INFO // [INITIALIZATION] // {cs.Name} ({cs.TypeID} type) solver added!
11/23/2025 20:54 // INFO // [INITIALIZATION] // {cs.Name} ({cs.TypeID} type) solver added!
11/23/2025 20:54 // INFO // [INITIALIZATION] // Solver menu successfully built!
11/23/2025 20:54 // INFO // [CONSTRAINT] // Saving and closing are disabled for as long as there are no files opened.
11/23/2025 20:54 // INFO // [INITIALIZATION] // Initialization complete!
11/23/2025 20:54 // INFO // [MODIFY] // Entering full-screen mode...
11/23/2025 20:54 // INFO // [MODIFY] // Exiting full-screen mode...
11/23/2025 21:05 // WARNING // [S_GRAPH] // No BatchML file loaded, drawing example S-Graph!
11/23/2025 21:05 // INFO // [S_GRAPH] // Node J1_M1 at 100;50
11/23/2025 21:05 // INFO // [S_GRAPH] // Node J1_M2 at 400;50
11/23/2025 21:05 // INFO // [S_GRAPH] // Node P1 at 700;50
11/23/2025 21:05 // INFO // [S_GRAPH] // Node J2_M1 at 100;200
11/23/2025 21:05 // INFO // [S_GRAPH] // Node J2_M2 at 400;200
11/23/2025 21:05 // INFO // [S_GRAPH] // Node P2 at 700;200
11/23/2025 21:05 // INFO // [S_GRAPH] // Node J3_M1 at 100;350
11/23/2025 21:05 // INFO // [S_GRAPH] // Node J3_M2 at 400;350
11/23/2025 21:05 // INFO // [S_GRAPH] // Node P3 at 700;350
11/23/2025 21:05 // INFO // [S_GRAPH] // Curve value of edge (J1_M1 to J1_M2) set to 25,00
11/23/2025 21:05 // INFO // [S_GRAPH] // Edge drawn from (170,0;85,0) to (400,0;85,0)!
11/23/2025 21:05 // INFO // [S_GRAPH] // Weight 21 drawn at (285;97,5)!
11/23/2025 21:05 // INFO // [S_GRAPH] // Edge from J1_M1 to J1_M2 with cost 0 drawn.
11/23/2025 21:05 // INFO // [S_GRAPH] // Edge drawn from (470,0;85,0) to (700,0;85,0)!
11/23/2025 21:05 // INFO // [S_GRAPH] // Weight 49 drawn at (585;85)!
11/23/2025 21:05 // INFO // [S_GRAPH] // Edge from J1_M2 to P1 with cost 0 drawn.
11/23/2025 21:05 // INFO // [S_GRAPH] // Curve value of edge (J2_M1 to J2_M2) set to 25,00
11/23/2025 21:05 // INFO // [S_GRAPH] // Edge drawn from (170,0;235,0) to (400,0;235,0)!
11/23/2025 21:05 // INFO // [S_GRAPH] // Weight 35 drawn at (285;247,5)!
11/23/2025 21:05 // INFO // [S_GRAPH] // Edge from J2_M1 to J2_M2 with cost 0 drawn.
11/23/2025 21:05 // INFO // [S_GRAPH] // Edge drawn from (470,0;235,0) to (700,0;235,0)!
11/23/2025 21:05 // INFO // [S_GRAPH] // Weight 8 drawn at (585;235)!
11/23/2025 21:05 // INFO // [S_GRAPH] // Edge from J2_M2 to P2 with cost 0 drawn.
11/23/2025 21:05 // INFO // [S_GRAPH] // Curve value of edge (J3_M1 to J3_M2) set to 25,00
11/23/2025 21:05 // INFO // [S_GRAPH] // Edge drawn from (170,0;385,0) to (400,0;385,0)!
11/23/2025 21:05 // INFO // [S_GRAPH] // Weight 39 drawn at (285;397,5)!
11/23/2025 21:05 // INFO // [S_GRAPH] // Edge from J3_M1 to J3_M2 with cost 0 drawn.
11/23/2025 21:05 // INFO // [S_GRAPH] // Edge drawn from (470,0;385,0) to (700,0;385,0)!
11/23/2025 21:05 // INFO // [S_GRAPH] // Weight 44 drawn at (585;385)!
11/23/2025 21:05 // INFO // [S_GRAPH] // Edge from J3_M2 to P3 with cost 0 drawn.
11/23/2025 21:05 // INFO // [S_GRAPH] // Canvas resized to 820x470!
11/23/2025 21:05 // INFO // [INITIALIZATION] // Johnson's Rule solver enabled!
11/23/2025 21:05 // INFO // [INITIALIZATION] // List Scheduling solver enabled!
11/23/2025 21:05 // INFO // [INITIALIZATION] // Branch And Bound solver enabled!
11/23/2025 21:05 // INFO // [INITIALIZATION] // Campbell Dudek Smith solver enabled!
11/23/2025 21:05 // INFO // [INITIALIZATION] // Simulated Annealing solver enabled!
11/23/2025 21:05 // INFO // [INITIALIZATION] //  solver enabled!
11/23/2025 21:05 // INFO // [CONSTRAINT] // Saving and closing are disabled for as long as there are no files opened.
11/23/2025 21:14 // INFO // [EXITUS] // Shutting down...
