11/27/2025 06:43 // INFO // [INITIALIZATION] // Beginning initialization...
11/27/2025 06:43 // INFO // [INITIALIZATION] // Johnson's Rule solver added!
11/27/2025 06:43 // INFO // [INITIALIZATION] // List Scheduling solver added!
11/27/2025 06:43 // INFO // [INITIALIZATION] // Solver menu successfully built!
11/27/2025 06:43 // INFO // [CONSTRAINT] // Saving and closing are disabled for as long as there are no files opened.
11/27/2025 06:43 // INFO // [INITIALIZATION] // Initialization complete!
11/27/2025 06:43 // INFO // [EXTERN_SOLVER] // Custom deterministic solver "Branch and Bound" added with path: C:\Users\Phant0m\Desktop\LIPX05_THESIS_SOLVERS\BnB\net9.0\Y0KAI_BnB.exe
11/27/2025 06:43 // INFO // [INITIALIZATION] // Johnson's Rule solver added!
11/27/2025 06:43 // INFO // [INITIALIZATION] // List Scheduling solver added!
11/27/2025 06:43 // INFO // [INITIALIZATION] // {cs.Name} ({cs.TypeID} type) solver added!
11/27/2025 06:43 // INFO // [INITIALIZATION] // Solver menu successfully built!
11/27/2025 06:43 // INFO // [EXTERN_SOLVER] // Custom deterministic solver "Campbell-Dudek-Smith" added with path: C:\Users\Phant0m\Desktop\LIPX05_THESIS_SOLVERS\CDS\net9.0\Y0KAI_CDS.exe
11/27/2025 06:43 // INFO // [INITIALIZATION] // Johnson's Rule solver added!
11/27/2025 06:43 // INFO // [INITIALIZATION] // List Scheduling solver added!
11/27/2025 06:43 // INFO // [INITIALIZATION] // {cs.Name} ({cs.TypeID} type) solver added!
11/27/2025 06:43 // INFO // [INITIALIZATION] // {cs.Name} ({cs.TypeID} type) solver added!
11/27/2025 06:43 // INFO // [INITIALIZATION] // Solver menu successfully built!
11/27/2025 06:43 // WARNING // [S_GRAPH] // User tried to draw a graph with no BatchML file loaded!
11/27/2025 06:43 // INFO // [S_GRAPH] // Node J1_M1 at 100;50
11/27/2025 06:43 // INFO // [S_GRAPH] // Node J1_M2 at 400;50
11/27/2025 06:43 // INFO // [S_GRAPH] // Node P1 at 700;50
11/27/2025 06:43 // INFO // [S_GRAPH] // Node J2_M1 at 100;200
11/27/2025 06:43 // INFO // [S_GRAPH] // Node J2_M2 at 400;200
11/27/2025 06:43 // INFO // [S_GRAPH] // Node P2 at 700;200
11/27/2025 06:43 // INFO // [S_GRAPH] // Node J3_M1 at 100;350
11/27/2025 06:43 // INFO // [S_GRAPH] // Node J3_M2 at 400;350
11/27/2025 06:43 // INFO // [S_GRAPH] // Node P3 at 700;350
11/27/2025 06:43 // INFO // [S_GRAPH] // Curve value of edge (J1_M1 to J1_M2) set to 25,00
11/27/2025 06:43 // INFO // [S_GRAPH] // Edge drawn from (170,0;85,0) to (400,0;85,0)!
11/27/2025 06:43 // INFO // [S_GRAPH] // Weight 24 drawn at (285;97,5)!
11/27/2025 06:43 // INFO // [S_GRAPH] // Edge from J1_M1 to J1_M2 with cost 0 drawn.
11/27/2025 06:43 // INFO // [S_GRAPH] // Edge drawn from (470,0;85,0) to (700,0;85,0)!
11/27/2025 06:43 // INFO // [S_GRAPH] // Weight 34 drawn at (585;85)!
11/27/2025 06:43 // INFO // [S_GRAPH] // Edge from J1_M2 to P1 with cost 0 drawn.
11/27/2025 06:43 // INFO // [S_GRAPH] // Curve value of edge (J2_M1 to J2_M2) set to 25,00
11/27/2025 06:43 // INFO // [S_GRAPH] // Edge drawn from (170,0;235,0) to (400,0;235,0)!
11/27/2025 06:43 // INFO // [S_GRAPH] // Weight 28 drawn at (285;247,5)!
11/27/2025 06:43 // INFO // [S_GRAPH] // Edge from J2_M1 to J2_M2 with cost 0 drawn.
11/27/2025 06:43 // INFO // [S_GRAPH] // Edge drawn from (470,0;235,0) to (700,0;235,0)!
11/27/2025 06:43 // INFO // [S_GRAPH] // Weight 25 drawn at (585;235)!
11/27/2025 06:43 // INFO // [S_GRAPH] // Edge from J2_M2 to P2 with cost 0 drawn.
11/27/2025 06:43 // INFO // [S_GRAPH] // Curve value of edge (J3_M1 to J3_M2) set to 25,00
11/27/2025 06:43 // INFO // [S_GRAPH] // Edge drawn from (170,0;385,0) to (400,0;385,0)!
11/27/2025 06:43 // INFO // [S_GRAPH] // Weight 22 drawn at (285;397,5)!
11/27/2025 06:43 // INFO // [S_GRAPH] // Edge from J3_M1 to J3_M2 with cost 0 drawn.
11/27/2025 06:43 // INFO // [S_GRAPH] // Edge drawn from (470,0;385,0) to (700,0;385,0)!
11/27/2025 06:43 // INFO // [S_GRAPH] // Weight 36 drawn at (585;385)!
11/27/2025 06:43 // INFO // [S_GRAPH] // Edge from J3_M2 to P3 with cost 0 drawn.
11/27/2025 06:43 // INFO // [S_GRAPH] // Canvas resized to 820x470!
11/27/2025 06:43 // INFO // [CONSTRAINT] // Saving and closing are disabled for as long as there are no files opened.
11/27/2025 06:43 // INFO // [INITIALIZATION] // Johnson's Rule solver enabled!
11/27/2025 06:43 // INFO // [INITIALIZATION] // List Scheduling solver enabled!
11/27/2025 06:43 // INFO // [INITIALIZATION] // Branch and Bound solver enabled!
11/27/2025 06:43 // INFO // [INITIALIZATION] // Campbell-Dudek-Smith solver enabled!
11/27/2025 06:43 // INFO // [INITIALIZATION] //  solver enabled!
11/27/2025 06:43 // INFO // [CONSTRAINT] // Saving and closing are disabled for as long as there are no files opened.
11/27/2025 06:44 // INFO // [EXTERN_SOLVER] // Branch and Bound custom solver selected!
11/27/2025 06:44 // INFO // [S_GRAPH] // C:\Users\Phant0m\Desktop\THESIS_LIPX05\Thesis_LIPX05\bin\x64\Release\net9.0-windows\SolverTemp successfully discovered!
11/27/2025 06:44 // INFO // [S_GRAPH] // SGraph saved to C:\Users\Phant0m\Desktop\THESIS_LIPX05\Thesis_LIPX05\bin\x64\Release\net9.0-windows\SolverTemp\SGraph_1ace1336-915e-4233-a481-92e2db368b83.xml!
11/27/2025 06:44 // INFO // [Branch and Bound] // Deterministic solver selected; skipping numeric parameter gathering...
11/27/2025 06:44 // INFO // [LOAD] // Loading solution from C:\Users\Phant0m\Desktop\THESIS_LIPX05\Thesis_LIPX05\bin\x64\Release\net9.0-windows\SolverTemp\BranchandBound_Solution.txt...
11/27/2025 06:44 // INFO // [LOAD] // Node J3_M1 added to solution path from file.
11/27/2025 06:44 // INFO // [LOAD] // Node J3_M2 added to solution path from file.
11/27/2025 06:44 // INFO // [LOAD] // Node J1_M1 added to solution path from file.
11/27/2025 06:44 // INFO // [LOAD] // Node J1_M2 added to solution path from file.
11/27/2025 06:44 // INFO // [LOAD] // Node J2_M1 added to solution path from file.
11/27/2025 06:44 // INFO // [LOAD] // Node J2_M2 added to solution path from file.
11/27/2025 06:44 // INFO // [LOAD] // Total of 6 nodes loaded from solution file.
11/27/2025 06:44 // INFO // [S_GRAPH] // Node J1_M1 at 100;50
11/27/2025 06:44 // INFO // [S_GRAPH] // Node J1_M2 at 400;50
11/27/2025 06:44 // INFO // [S_GRAPH] // Node P1 at 700;50
11/27/2025 06:44 // INFO // [S_GRAPH] // Node J2_M1 at 100;200
11/27/2025 06:44 // INFO // [S_GRAPH] // Node J2_M2 at 400;200
11/27/2025 06:44 // INFO // [S_GRAPH] // Node P2 at 700;200
11/27/2025 06:44 // INFO // [S_GRAPH] // Node J3_M1 at 100;350
11/27/2025 06:44 // INFO // [S_GRAPH] // Node J3_M2 at 400;350
11/27/2025 06:44 // INFO // [S_GRAPH] // Node P3 at 700;350
11/27/2025 06:44 // INFO // [S_GRAPH] // Curve value of edge (J1_M1 to J1_M2) set to 25,00
11/27/2025 06:44 // INFO // [S_GRAPH] // Edge drawn from (170,0;85,0) to (400,0;85,0)!
11/27/2025 06:44 // INFO // [S_GRAPH] // Weight 24 drawn at (285;97,5)!
11/27/2025 06:44 // INFO // [S_GRAPH] // Edge from J1_M1 to J1_M2 with cost 0 drawn.
11/27/2025 06:44 // INFO // [S_GRAPH] // Curve value of edge (J2_M1 to J2_M2) set to 25,00
11/27/2025 06:44 // INFO // [S_GRAPH] // Edge drawn from (170,0;235,0) to (400,0;235,0)!
11/27/2025 06:44 // INFO // [S_GRAPH] // Weight 28 drawn at (285;247,5)!
11/27/2025 06:44 // INFO // [S_GRAPH] // Edge from J2_M1 to J2_M2 with cost 0 drawn.
11/27/2025 06:44 // INFO // [S_GRAPH] // Curve value of edge (J3_M1 to J3_M2) set to 25,00
11/27/2025 06:44 // INFO // [S_GRAPH] // Edge drawn from (170,0;385,0) to (400,0;385,0)!
11/27/2025 06:44 // INFO // [S_GRAPH] // Weight 22 drawn at (285;397,5)!
11/27/2025 06:44 // INFO // [S_GRAPH] // Edge from J3_M1 to J3_M2 with cost 0 drawn.
11/27/2025 06:44 // INFO // [S_GRAPH] // Curve value of edge (J3_M1 to J1_M1) set to -25,00
11/27/2025 06:44 // INFO // [S_GRAPH] // Edge drawn from (135,0;350,0) to (135,0;120,0)!
11/27/2025 06:44 // INFO // [S_GRAPH] // Weight 22 drawn at (122,5;235)!
11/27/2025 06:44 // INFO // [S_GRAPH] // Edge from J3_M1 to J1_M1 with cost 0 drawn.
11/27/2025 06:44 // INFO // [S_GRAPH] // Curve value of edge (J3_M2 to J1_M2) set to -25,00
11/27/2025 06:44 // INFO // [S_GRAPH] // Edge drawn from (435,0;350,0) to (435,0;120,0)!
11/27/2025 06:44 // INFO // [S_GRAPH] // Weight 36 drawn at (422,5;235)!
11/27/2025 06:44 // INFO // [S_GRAPH] // Edge from J3_M2 to J1_M2 with cost 0 drawn.
11/27/2025 06:44 // INFO // [S_GRAPH] // Curve value of edge (J1_M1 to J2_M1) set to -25,00
11/27/2025 06:44 // INFO // [S_GRAPH] // Edge drawn from (135,0;120,0) to (135,0;200,0)!
11/27/2025 06:44 // INFO // [S_GRAPH] // Weight 24 drawn at (147,5;160)!
11/27/2025 06:44 // INFO // [S_GRAPH] // Edge from J1_M1 to J2_M1 with cost 0 drawn.
11/27/2025 06:44 // INFO // [S_GRAPH] // Curve value of edge (J1_M2 to J2_M2) set to -25,00
11/27/2025 06:44 // INFO // [S_GRAPH] // Edge drawn from (435,0;120,0) to (435,0;200,0)!
11/27/2025 06:44 // INFO // [S_GRAPH] // Weight 34 drawn at (447,5;160)!
11/27/2025 06:44 // INFO // [S_GRAPH] // Edge from J1_M2 to J2_M2 with cost 0 drawn.
11/27/2025 06:44 // INFO // [S_GRAPH] // Edge drawn from (470,0;385,0) to (700,0;385,0)!
11/27/2025 06:44 // INFO // [S_GRAPH] // Weight 36 drawn at (585;385)!
11/27/2025 06:44 // INFO // [S_GRAPH] // Edge from J3_M2 to P3 with cost 0 drawn.
11/27/2025 06:44 // INFO // [S_GRAPH] // Edge drawn from (470,0;85,0) to (700,0;85,0)!
11/27/2025 06:44 // INFO // [S_GRAPH] // Weight 34 drawn at (585;85)!
11/27/2025 06:44 // INFO // [S_GRAPH] // Edge from J1_M2 to P1 with cost 0 drawn.
11/27/2025 06:44 // INFO // [S_GRAPH] // Edge drawn from (470,0;235,0) to (700,0;235,0)!
11/27/2025 06:44 // INFO // [S_GRAPH] // Weight 25 drawn at (585;235)!
11/27/2025 06:44 // INFO // [S_GRAPH] // Edge from J2_M2 to P2 with cost 0 drawn.
11/27/2025 06:44 // INFO // [S_GRAPH] // Canvas resized to 820x470!
11/27/2025 06:44 // INFO // [GANTT] // Node J3_M1 EST is 0 (no predecessors).
11/27/2025 06:44 // INFO // [GANTT] // Node J3_M2 EST is determined by J3_M1 (EST: 22,00).
11/27/2025 06:44 // INFO // [GANTT] // Node J1_M1 EST is determined by J3_M1 (EST: 22,00).
11/27/2025 06:44 // INFO // [GANTT] // Node J1_M2 EST is determined by J3_M2 (EST: 58,00).
11/27/2025 06:44 // INFO // [GANTT] // Node J2_M1 EST is determined by J1_M1 (EST: 46,00).
11/27/2025 06:44 // INFO // [GANTT] // Node J2_M2 EST is determined by J1_M2 (EST: 92,00).
11/27/2025 06:44 // INFO // [GANTT] // Gantt chart built with 6 items from path with 6 nodes.
11/27/2025 06:44 // INFO // [GANTT] // Gantt data built with 6 items from optimized path using Branch and Bound!
11/27/2025 06:44 // INFO // [GANTT] // Canvases are ready to be used!
11/27/2025 06:44 // INFO // [GANTT] // Ruler drawn: 118 ticks and 59 labels.
11/27/2025 06:44 // INFO // [GANTT] // Gantt chart rendered with 6 items on canvas.
11/27/2025 06:44 // INFO // [GANTT] // Canvas resized to 1270x110 to fit all Gantt items.
11/27/2025 06:44 // INFO // [GANTT] // Branch and Bound schedule rendered successfully!
11/27/2025 06:44 // INFO // [CONSTRAINT] // Saving and closing are disabled for as long as there are no files opened.
11/27/2025 06:44 // INFO // [S_GRAPH] // Node J1_M1 at 100;50
11/27/2025 06:44 // INFO // [S_GRAPH] // Node J1_M2 at 400;50
11/27/2025 06:44 // INFO // [S_GRAPH] // Node P1 at 700;50
11/27/2025 06:44 // INFO // [S_GRAPH] // Node J2_M1 at 100;200
11/27/2025 06:44 // INFO // [S_GRAPH] // Node J2_M2 at 400;200
11/27/2025 06:44 // INFO // [S_GRAPH] // Node P2 at 700;200
11/27/2025 06:44 // INFO // [S_GRAPH] // Node J3_M1 at 100;350
11/27/2025 06:44 // INFO // [S_GRAPH] // Node J3_M2 at 400;350
11/27/2025 06:44 // INFO // [S_GRAPH] // Node P3 at 700;350
11/27/2025 06:44 // INFO // [S_GRAPH] // Curve value of edge (J1_M1 to J1_M2) set to 25,00
11/27/2025 06:44 // INFO // [S_GRAPH] // Edge drawn from (170,0;85,0) to (400,0;85,0)!
11/27/2025 06:44 // INFO // [S_GRAPH] // Weight 24 drawn at (285;97,5)!
11/27/2025 06:44 // INFO // [S_GRAPH] // Edge from J1_M1 to J1_M2 with cost 0 drawn.
11/27/2025 06:44 // INFO // [S_GRAPH] // Curve value of edge (J2_M1 to J2_M2) set to 25,00
11/27/2025 06:44 // INFO // [S_GRAPH] // Edge drawn from (170,0;235,0) to (400,0;235,0)!
11/27/2025 06:44 // INFO // [S_GRAPH] // Weight 28 drawn at (285;247,5)!
11/27/2025 06:44 // INFO // [S_GRAPH] // Edge from J2_M1 to J2_M2 with cost 0 drawn.
11/27/2025 06:44 // INFO // [S_GRAPH] // Curve value of edge (J3_M1 to J3_M2) set to 25,00
11/27/2025 06:44 // INFO // [S_GRAPH] // Edge drawn from (170,0;385,0) to (400,0;385,0)!
11/27/2025 06:44 // INFO // [S_GRAPH] // Weight 22 drawn at (285;397,5)!
11/27/2025 06:44 // INFO // [S_GRAPH] // Edge from J3_M1 to J3_M2 with cost 0 drawn.
11/27/2025 06:44 // INFO // [S_GRAPH] // Curve value of edge (J3_M1 to J1_M1) set to -25,00
11/27/2025 06:44 // INFO // [S_GRAPH] // Edge drawn from (135,0;350,0) to (135,0;120,0)!
11/27/2025 06:44 // INFO // [S_GRAPH] // Weight 22 drawn at (122,5;235)!
11/27/2025 06:44 // INFO // [S_GRAPH] // Edge from J3_M1 to J1_M1 with cost 0 drawn.
11/27/2025 06:44 // INFO // [S_GRAPH] // Curve value of edge (J3_M2 to J1_M2) set to -25,00
11/27/2025 06:44 // INFO // [S_GRAPH] // Edge drawn from (435,0;350,0) to (435,0;120,0)!
11/27/2025 06:44 // INFO // [S_GRAPH] // Weight 36 drawn at (422,5;235)!
11/27/2025 06:44 // INFO // [S_GRAPH] // Edge from J3_M2 to J1_M2 with cost 0 drawn.
11/27/2025 06:44 // INFO // [S_GRAPH] // Curve value of edge (J1_M1 to J2_M1) set to -25,00
11/27/2025 06:44 // INFO // [S_GRAPH] // Edge drawn from (135,0;120,0) to (135,0;200,0)!
11/27/2025 06:44 // INFO // [S_GRAPH] // Weight 24 drawn at (147,5;160)!
11/27/2025 06:44 // INFO // [S_GRAPH] // Edge from J1_M1 to J2_M1 with cost 0 drawn.
11/27/2025 06:44 // INFO // [S_GRAPH] // Curve value of edge (J1_M2 to J2_M2) set to -25,00
11/27/2025 06:44 // INFO // [S_GRAPH] // Edge drawn from (435,0;120,0) to (435,0;200,0)!
11/27/2025 06:44 // INFO // [S_GRAPH] // Weight 34 drawn at (447,5;160)!
11/27/2025 06:44 // INFO // [S_GRAPH] // Edge from J1_M2 to J2_M2 with cost 0 drawn.
11/27/2025 06:44 // INFO // [S_GRAPH] // Edge drawn from (470,0;385,0) to (700,0;385,0)!
11/27/2025 06:44 // INFO // [S_GRAPH] // Weight 36 drawn at (585;385)!
11/27/2025 06:44 // INFO // [S_GRAPH] // Edge from J3_M2 to P3 with cost 0 drawn.
11/27/2025 06:44 // INFO // [S_GRAPH] // Edge drawn from (470,0;85,0) to (700,0;85,0)!
11/27/2025 06:44 // INFO // [S_GRAPH] // Weight 34 drawn at (585;85)!
11/27/2025 06:44 // INFO // [S_GRAPH] // Edge from J1_M2 to P1 with cost 0 drawn.
11/27/2025 06:44 // INFO // [S_GRAPH] // Edge drawn from (470,0;235,0) to (700,0;235,0)!
11/27/2025 06:44 // INFO // [S_GRAPH] // Weight 25 drawn at (585;235)!
11/27/2025 06:44 // INFO // [S_GRAPH] // Edge from J2_M2 to P2 with cost 0 drawn.
11/27/2025 06:44 // INFO // [S_GRAPH] // Canvas resized to 820x470!
11/27/2025 06:44 // INFO // [EXPORT] // Child element of type Ellipse cloned and added to canvas.
11/27/2025 06:44 // INFO // [EXPORT] // Child element of type TextBlock cloned and added to canvas.
11/27/2025 06:44 // INFO // [EXPORT] // Child element of type Ellipse cloned and added to canvas.
11/27/2025 06:44 // INFO // [EXPORT] // Child element of type TextBlock cloned and added to canvas.
11/27/2025 06:44 // INFO // [EXPORT] // Child element of type Ellipse cloned and added to canvas.
11/27/2025 06:44 // INFO // [EXPORT] // Child element of type TextBlock cloned and added to canvas.
11/27/2025 06:44 // INFO // [EXPORT] // Child element of type Ellipse cloned and added to canvas.
11/27/2025 06:44 // INFO // [EXPORT] // Child element of type TextBlock cloned and added to canvas.
11/27/2025 06:44 // INFO // [EXPORT] // Child element of type Ellipse cloned and added to canvas.
11/27/2025 06:44 // INFO // [EXPORT] // Child element of type TextBlock cloned and added to canvas.
11/27/2025 06:44 // INFO // [EXPORT] // Child element of type Ellipse cloned and added to canvas.
11/27/2025 06:44 // INFO // [EXPORT] // Child element of type TextBlock cloned and added to canvas.
11/27/2025 06:44 // INFO // [EXPORT] // Child element of type Ellipse cloned and added to canvas.
11/27/2025 06:44 // INFO // [EXPORT] // Child element of type TextBlock cloned and added to canvas.
11/27/2025 06:44 // INFO // [EXPORT] // Child element of type Ellipse cloned and added to canvas.
11/27/2025 06:44 // INFO // [EXPORT] // Child element of type TextBlock cloned and added to canvas.
11/27/2025 06:44 // INFO // [EXPORT] // Child element of type Ellipse cloned and added to canvas.
11/27/2025 06:44 // INFO // [EXPORT] // Child element of type TextBlock cloned and added to canvas.
11/27/2025 06:44 // INFO // [EXPORT] // Child element of type Path cloned and added to canvas.
11/27/2025 06:44 // INFO // [EXPORT] // Child element of type Polygon cloned and added to canvas.
11/27/2025 06:44 // INFO // [EXPORT] // Child element of type TextBlock cloned and added to canvas.
11/27/2025 06:44 // INFO // [EXPORT] // Child element of type Path cloned and added to canvas.
11/27/2025 06:44 // INFO // [EXPORT] // Child element of type Polygon cloned and added to canvas.
11/27/2025 06:44 // INFO // [EXPORT] // Child element of type TextBlock cloned and added to canvas.
11/27/2025 06:44 // INFO // [EXPORT] // Child element of type Path cloned and added to canvas.
11/27/2025 06:44 // INFO // [EXPORT] // Child element of type Polygon cloned and added to canvas.
11/27/2025 06:44 // INFO // [EXPORT] // Child element of type TextBlock cloned and added to canvas.
11/27/2025 06:44 // INFO // [EXPORT] // Child element of type Path cloned and added to canvas.
11/27/2025 06:44 // INFO // [EXPORT] // Child element of type Polygon cloned and added to canvas.
11/27/2025 06:44 // INFO // [EXPORT] // Child element of type TextBlock cloned and added to canvas.
11/27/2025 06:44 // INFO // [EXPORT] // Child element of type Path cloned and added to canvas.
11/27/2025 06:44 // INFO // [EXPORT] // Child element of type Polygon cloned and added to canvas.
11/27/2025 06:44 // INFO // [EXPORT] // Child element of type TextBlock cloned and added to canvas.
11/27/2025 06:44 // INFO // [EXPORT] // Child element of type Path cloned and added to canvas.
11/27/2025 06:44 // INFO // [EXPORT] // Child element of type Polygon cloned and added to canvas.
11/27/2025 06:44 // INFO // [EXPORT] // Child element of type TextBlock cloned and added to canvas.
11/27/2025 06:44 // INFO // [EXPORT] // Child element of type Path cloned and added to canvas.
11/27/2025 06:44 // INFO // [EXPORT] // Child element of type Polygon cloned and added to canvas.
11/27/2025 06:44 // INFO // [EXPORT] // Child element of type TextBlock cloned and added to canvas.
11/27/2025 06:44 // INFO // [EXPORT] // Child element of type Path cloned and added to canvas.
11/27/2025 06:44 // INFO // [EXPORT] // Child element of type Polygon cloned and added to canvas.
11/27/2025 06:44 // INFO // [EXPORT] // Child element of type TextBlock cloned and added to canvas.
11/27/2025 06:44 // INFO // [EXPORT] // Child element of type Path cloned and added to canvas.
11/27/2025 06:44 // INFO // [EXPORT] // Child element of type Polygon cloned and added to canvas.
11/27/2025 06:44 // INFO // [EXPORT] // Child element of type TextBlock cloned and added to canvas.
11/27/2025 06:44 // INFO // [EXPORT] // Child element of type Path cloned and added to canvas.
11/27/2025 06:44 // INFO // [EXPORT] // Child element of type Polygon cloned and added to canvas.
11/27/2025 06:44 // INFO // [EXPORT] // Child element of type TextBlock cloned and added to canvas.
11/27/2025 06:44 // INFO // [EXPORT] // Canvas cloned with 48 children.
11/27/2025 06:44 // INFO // [EXPORT] // Precedence graph RenderTargetBitmap created with size 820x470 at 384 DPI.
11/27/2025 06:44 // INFO // [EXPORT] // Precedence graph JpegBitmapEncoder created and frame added.
11/27/2025 06:44 // INFO // [EXPORT] // Precedence graph exported successfully as C:\Users\Phant0m\Desktop\demoPics\precedence_graph_20251127_064417.jpg.
11/27/2025 06:44 // INFO // [EXPORT] // Precedence graph exported as JPEG file!
11/27/2025 06:44 // INFO // [EXPORT] // Child element of type TextBlock cloned and added to canvas.
11/27/2025 06:44 // INFO // [EXPORT] // Child element of type Line cloned and added to canvas.
11/27/2025 06:44 // INFO // [EXPORT] // Child element of type Line cloned and added to canvas.
11/27/2025 06:44 // INFO // [EXPORT] // Child element of type TextBlock cloned and added to canvas.
11/27/2025 06:44 // INFO // [EXPORT] // Child element of type Line cloned and added to canvas.
11/27/2025 06:44 // INFO // [EXPORT] // Child element of type Line cloned and added to canvas.
11/27/2025 06:44 // INFO // [EXPORT] // Child element of type TextBlock cloned and added to canvas.
11/27/2025 06:44 // INFO // [EXPORT] // Child element of type Line cloned and added to canvas.
11/27/2025 06:44 // INFO // [EXPORT] // Child element of type Line cloned and added to canvas.
11/27/2025 06:44 // INFO // [EXPORT] // Child element of type TextBlock cloned and added to canvas.
11/27/2025 06:44 // INFO // [EXPORT] // Child element of type Line cloned and added to canvas.
11/27/2025 06:44 // INFO // [EXPORT] // Child element of type Line cloned and added to canvas.
11/27/2025 06:44 // INFO // [EXPORT] // Child element of type TextBlock cloned and added to canvas.
11/27/2025 06:44 // INFO // [EXPORT] // Child element of type Line cloned and added to canvas.
11/27/2025 06:44 // INFO // [EXPORT] // Child element of type Line cloned and added to canvas.
11/27/2025 06:44 // INFO // [EXPORT] // Child element of type TextBlock cloned and added to canvas.
11/27/2025 06:44 // INFO // [EXPORT] // Child element of type Line cloned and added to canvas.
11/27/2025 06:44 // INFO // [EXPORT] // Child element of type Line cloned and added to canvas.
11/27/2025 06:44 // INFO // [EXPORT] // Child element of type TextBlock cloned and added to canvas.
11/27/2025 06:44 // INFO // [EXPORT] // Child element of type Line cloned and added to canvas.
11/27/2025 06:44 // INFO // [EXPORT] // Child element of type Line cloned and added to canvas.
11/27/2025 06:44 // INFO // [EXPORT] // Child element of type TextBlock cloned and added to canvas.
11/27/2025 06:44 // INFO // [EXPORT] // Child element of type Line cloned and added to canvas.
11/27/2025 06:44 // INFO // [EXPORT] // Child element of type Line cloned and added to canvas.
11/27/2025 06:44 // INFO // [EXPORT] // Child element of type TextBlock cloned and added to canvas.
11/27/2025 06:44 // INFO // [EXPORT] // Child element of type Line cloned and added to canvas.
11/27/2025 06:44 // INFO // [EXPORT] // Child element of type Line cloned and added to canvas.
11/27/2025 06:44 // INFO // [EXPORT] // Child element of type TextBlock cloned and added to canvas.
11/27/2025 06:44 // INFO // [EXPORT] // Child element of type Line cloned and added to canvas.
11/27/2025 06:44 // INFO // [EXPORT] // Child element of type Line cloned and added to canvas.
11/27/2025 06:44 // INFO // [EXPORT] // Child element of type TextBlock cloned and added to canvas.
11/27/2025 06:44 // INFO // [EXPORT] // Child element of type Line cloned and added to canvas.
11/27/2025 06:44 // INFO // [EXPORT] // Child element of type Line cloned and added to canvas.
11/27/2025 06:44 // INFO // [EXPORT] // Child element of type TextBlock cloned and added to canvas.
11/27/2025 06:44 // INFO // [EXPORT] // Child element of type Line cloned and added to canvas.
11/27/2025 06:44 // INFO // [EXPORT] // Child element of type Line cloned and added to canvas.
11/27/2025 06:44 // INFO // [EXPORT] // Child element of type TextBlock cloned and added to canvas.
11/27/2025 06:44 // INFO // [EXPORT] // Child element of type Line cloned and added to canvas.
11/27/2025 06:44 // INFO // [EXPORT] // Child element of type Line cloned and added to canvas.
11/27/2025 06:44 // INFO // [EXPORT] // Child element of type TextBlock cloned and added to canvas.
11/27/2025 06:44 // INFO // [EXPORT] // Child element of type Line cloned and added to canvas.
11/27/2025 06:44 // INFO // [EXPORT] // Child element of type Line cloned and added to canvas.
11/27/2025 06:44 // INFO // [EXPORT] // Child element of type TextBlock cloned and added to canvas.
11/27/2025 06:44 // INFO // [EXPORT] // Child element of type Line cloned and added to canvas.
11/27/2025 06:44 // INFO // [EXPORT] // Child element of type Line cloned and added to canvas.
11/27/2025 06:44 // INFO // [EXPORT] // Child element of type TextBlock cloned and added to canvas.
11/27/2025 06:44 // INFO // [EXPORT] // Child element of type Line cloned and added to canvas.
11/27/2025 06:44 // INFO // [EXPORT] // Child element of type Line cloned and added to canvas.
11/27/2025 06:44 // INFO // [EXPORT] // Child element of type TextBlock cloned and added to canvas.
11/27/2025 06:44 // INFO // [EXPORT] // Child element of type Line cloned and added to canvas.
11/27/2025 06:44 // INFO // [EXPORT] // Child element of type Line cloned and added to canvas.
11/27/2025 06:44 // INFO // [EXPORT] // Child element of type TextBlock cloned and added to canvas.
11/27/2025 06:44 // INFO // [EXPORT] // Child element of type Line cloned and added to canvas.
11/27/2025 06:44 // INFO // [EXPORT] // Child element of type Line cloned and added to canvas.
11/27/2025 06:44 // INFO // [EXPORT] // Child element of type TextBlock cloned and added to canvas.
11/27/2025 06:44 // INFO // [EXPORT] // Child element of type Line cloned and added to canvas.
11/27/2025 06:44 // INFO // [EXPORT] // Child element of type Line cloned and added to canvas.
11/27/2025 06:44 // INFO // [EXPORT] // Child element of type TextBlock cloned and added to canvas.
11/27/2025 06:44 // INFO // [EXPORT] // Child element of type Line cloned and added to canvas.
11/27/2025 06:44 // INFO // [EXPORT] // Child element of type Line cloned and added to canvas.
11/27/2025 06:44 // INFO // [EXPORT] // Child element of type TextBlock cloned and added to canvas.
11/27/2025 06:44 // INFO // [EXPORT] // Child element of type Line cloned and added to canvas.
11/27/2025 06:44 // INFO // [EXPORT] // Child element of type Line cloned and added to canvas.
11/27/2025 06:44 // INFO // [EXPORT] // Child element of type TextBlock cloned and added to canvas.
11/27/2025 06:44 // INFO // [EXPORT] // Child element of type Line cloned and added to canvas.
11/27/2025 06:44 // INFO // [EXPORT] // Child element of type Line cloned and added to canvas.
11/27/2025 06:44 // INFO // [EXPORT] // Child element of type TextBlock cloned and added to canvas.
11/27/2025 06:44 // INFO // [EXPORT] // Child element of type Line cloned and added to canvas.
11/27/2025 06:44 // INFO // [EXPORT] // Child element of type Line cloned and added to canvas.
11/27/2025 06:44 // INFO // [EXPORT] // Child element of type TextBlock cloned and added to canvas.
11/27/2025 06:44 // INFO // [EXPORT] // Child element of type Line cloned and added to canvas.
11/27/2025 06:44 // INFO // [EXPORT] // Child element of type Line cloned and added to canvas.
11/27/2025 06:44 // INFO // [EXPORT] // Child element of type TextBlock cloned and added to canvas.
11/27/2025 06:44 // INFO // [EXPORT] // Child element of type Line cloned and added to canvas.
11/27/2025 06:44 // INFO // [EXPORT] // Child element of type Line cloned and added to canvas.
11/27/2025 06:44 // INFO // [EXPORT] // Child element of type TextBlock cloned and added to canvas.
11/27/2025 06:44 // INFO // [EXPORT] // Child element of type Line cloned and added to canvas.
11/27/2025 06:44 // INFO // [EXPORT] // Child element of type Line cloned and added to canvas.
11/27/2025 06:44 // INFO // [EXPORT] // Child element of type TextBlock cloned and added to canvas.
11/27/2025 06:44 // INFO // [EXPORT] // Child element of type Line cloned and added to canvas.
11/27/2025 06:44 // INFO // [EXPORT] // Child element of type Line cloned and added to canvas.
11/27/2025 06:44 // INFO // [EXPORT] // Child element of type TextBlock cloned and added to canvas.
11/27/2025 06:44 // INFO // [EXPORT] // Child element of type Line cloned and added to canvas.
11/27/2025 06:44 // INFO // [EXPORT] // Child element of type Line cloned and added to canvas.
11/27/2025 06:44 // INFO // [EXPORT] // Child element of type TextBlock cloned and added to canvas.
11/27/2025 06:44 // INFO // [EXPORT] // Child element of type Line cloned and added to canvas.
11/27/2025 06:44 // INFO // [EXPORT] // Child element of type Line cloned and added to canvas.
11/27/2025 06:44 // INFO // [EXPORT] // Child element of type TextBlock cloned and added to canvas.
11/27/2025 06:44 // INFO // [EXPORT] // Child element of type Line cloned and added to canvas.
11/27/2025 06:44 // INFO // [EXPORT] // Child element of type Line cloned and added to canvas.
11/27/2025 06:44 // INFO // [EXPORT] // Child element of type TextBlock cloned and added to canvas.
11/27/2025 06:44 // INFO // [EXPORT] // Child element of type Line cloned and added to canvas.
11/27/2025 06:44 // INFO // [EXPORT] // Child element of type Line cloned and added to canvas.
11/27/2025 06:44 // INFO // [EXPORT] // Child element of type TextBlock cloned and added to canvas.
11/27/2025 06:44 // INFO // [EXPORT] // Child element of type Line cloned and added to canvas.
11/27/2025 06:44 // INFO // [EXPORT] // Child element of type Line cloned and added to canvas.
11/27/2025 06:44 // INFO // [EXPORT] // Child element of type TextBlock cloned and added to canvas.
11/27/2025 06:44 // INFO // [EXPORT] // Child element of type Line cloned and added to canvas.
11/27/2025 06:44 // INFO // [EXPORT] // Child element of type Line cloned and added to canvas.
11/27/2025 06:44 // INFO // [EXPORT] // Child element of type TextBlock cloned and added to canvas.
11/27/2025 06:44 // INFO // [EXPORT] // Child element of type Line cloned and added to canvas.
11/27/2025 06:44 // INFO // [EXPORT] // Child element of type Line cloned and added to canvas.
11/27/2025 06:44 // INFO // [EXPORT] // Child element of type TextBlock cloned and added to canvas.
11/27/2025 06:44 // INFO // [EXPORT] // Child element of type Line cloned and added to canvas.
11/27/2025 06:44 // INFO // [EXPORT] // Child element of type Line cloned and added to canvas.
11/27/2025 06:44 // INFO // [EXPORT] // Child element of type TextBlock cloned and added to canvas.
11/27/2025 06:44 // INFO // [EXPORT] // Child element of type Line cloned and added to canvas.
11/27/2025 06:44 // INFO // [EXPORT] // Child element of type Line cloned and added to canvas.
11/27/2025 06:44 // INFO // [EXPORT] // Child element of type TextBlock cloned and added to canvas.
11/27/2025 06:44 // INFO // [EXPORT] // Child element of type Line cloned and added to canvas.
11/27/2025 06:44 // INFO // [EXPORT] // Child element of type Line cloned and added to canvas.
11/27/2025 06:44 // INFO // [EXPORT] // Child element of type TextBlock cloned and added to canvas.
11/27/2025 06:44 // INFO // [EXPORT] // Child element of type Line cloned and added to canvas.
11/27/2025 06:44 // INFO // [EXPORT] // Child element of type Line cloned and added to canvas.
11/27/2025 06:44 // INFO // [EXPORT] // Child element of type TextBlock cloned and added to canvas.
11/27/2025 06:44 // INFO // [EXPORT] // Child element of type Line cloned and added to canvas.
11/27/2025 06:44 // INFO // [EXPORT] // Child element of type Line cloned and added to canvas.
11/27/2025 06:44 // INFO // [EXPORT] // Child element of type TextBlock cloned and added to canvas.
11/27/2025 06:44 // INFO // [EXPORT] // Child element of type Line cloned and added to canvas.
11/27/2025 06:44 // INFO // [EXPORT] // Child element of type Line cloned and added to canvas.
11/27/2025 06:44 // INFO // [EXPORT] // Child element of type TextBlock cloned and added to canvas.
11/27/2025 06:44 // INFO // [EXPORT] // Child element of type Line cloned and added to canvas.
11/27/2025 06:44 // INFO // [EXPORT] // Child element of type Line cloned and added to canvas.
11/27/2025 06:44 // INFO // [EXPORT] // Child element of type TextBlock cloned and added to canvas.
11/27/2025 06:44 // INFO // [EXPORT] // Child element of type Line cloned and added to canvas.
11/27/2025 06:44 // INFO // [EXPORT] // Child element of type Line cloned and added to canvas.
11/27/2025 06:44 // INFO // [EXPORT] // Child element of type TextBlock cloned and added to canvas.
11/27/2025 06:44 // INFO // [EXPORT] // Child element of type Line cloned and added to canvas.
11/27/2025 06:44 // INFO // [EXPORT] // Child element of type Line cloned and added to canvas.
11/27/2025 06:44 // INFO // [EXPORT] // Child element of type TextBlock cloned and added to canvas.
11/27/2025 06:44 // INFO // [EXPORT] // Child element of type Line cloned and added to canvas.
11/27/2025 06:44 // INFO // [EXPORT] // Child element of type Line cloned and added to canvas.
11/27/2025 06:44 // INFO // [EXPORT] // Child element of type TextBlock cloned and added to canvas.
11/27/2025 06:44 // INFO // [EXPORT] // Child element of type Line cloned and added to canvas.
11/27/2025 06:44 // INFO // [EXPORT] // Child element of type Line cloned and added to canvas.
11/27/2025 06:44 // INFO // [EXPORT] // Child element of type TextBlock cloned and added to canvas.
11/27/2025 06:44 // INFO // [EXPORT] // Child element of type Line cloned and added to canvas.
11/27/2025 06:44 // INFO // [EXPORT] // Child element of type Line cloned and added to canvas.
11/27/2025 06:44 // INFO // [EXPORT] // Child element of type TextBlock cloned and added to canvas.
11/27/2025 06:44 // INFO // [EXPORT] // Child element of type Line cloned and added to canvas.
11/27/2025 06:44 // INFO // [EXPORT] // Child element of type Line cloned and added to canvas.
11/27/2025 06:44 // INFO // [EXPORT] // Child element of type TextBlock cloned and added to canvas.
11/27/2025 06:44 // INFO // [EXPORT] // Child element of type Line cloned and added to canvas.
11/27/2025 06:44 // INFO // [EXPORT] // Child element of type Line cloned and added to canvas.
11/27/2025 06:44 // INFO // [EXPORT] // Child element of type TextBlock cloned and added to canvas.
11/27/2025 06:44 // INFO // [EXPORT] // Child element of type Line cloned and added to canvas.
11/27/2025 06:44 // INFO // [EXPORT] // Child element of type Line cloned and added to canvas.
11/27/2025 06:44 // INFO // [EXPORT] // Child element of type TextBlock cloned and added to canvas.
11/27/2025 06:44 // INFO // [EXPORT] // Child element of type Line cloned and added to canvas.
11/27/2025 06:44 // INFO // [EXPORT] // Child element of type Line cloned and added to canvas.
11/27/2025 06:44 // INFO // [EXPORT] // Child element of type TextBlock cloned and added to canvas.
11/27/2025 06:44 // INFO // [EXPORT] // Child element of type Line cloned and added to canvas.
11/27/2025 06:44 // INFO // [EXPORT] // Child element of type Line cloned and added to canvas.
11/27/2025 06:44 // INFO // [EXPORT] // Child element of type TextBlock cloned and added to canvas.
11/27/2025 06:44 // INFO // [EXPORT] // Child element of type Line cloned and added to canvas.
11/27/2025 06:44 // INFO // [EXPORT] // Child element of type Line cloned and added to canvas.
11/27/2025 06:44 // INFO // [EXPORT] // Child element of type TextBlock cloned and added to canvas.
11/27/2025 06:44 // INFO // [EXPORT] // Child element of type Line cloned and added to canvas.
11/27/2025 06:44 // INFO // [EXPORT] // Child element of type Line cloned and added to canvas.
11/27/2025 06:44 // INFO // [EXPORT] // Child element of type TextBlock cloned and added to canvas.
11/27/2025 06:44 // INFO // [EXPORT] // Child element of type Line cloned and added to canvas.
11/27/2025 06:44 // INFO // [EXPORT] // Child element of type Line cloned and added to canvas.
11/27/2025 06:44 // INFO // [EXPORT] // Child element of type TextBlock cloned and added to canvas.
11/27/2025 06:44 // INFO // [EXPORT] // Child element of type Line cloned and added to canvas.
11/27/2025 06:44 // INFO // [EXPORT] // Child element of type Line cloned and added to canvas.
11/27/2025 06:44 // INFO // [EXPORT] // Child element of type TextBlock cloned and added to canvas.
11/27/2025 06:44 // INFO // [EXPORT] // Child element of type Line cloned and added to canvas.
11/27/2025 06:44 // INFO // [EXPORT] // Child element of type Line cloned and added to canvas.
11/27/2025 06:44 // INFO // [EXPORT] // Child element of type TextBlock cloned and added to canvas.
11/27/2025 06:44 // INFO // [EXPORT] // Child element of type Line cloned and added to canvas.
11/27/2025 06:44 // INFO // [EXPORT] // Child element of type Line cloned and added to canvas.
11/27/2025 06:44 // INFO // [EXPORT] // Child element of type TextBlock cloned and added to canvas.
11/27/2025 06:44 // INFO // [EXPORT] // Child element of type Line cloned and added to canvas.
11/27/2025 06:44 // INFO // [EXPORT] // Child element of type Line cloned and added to canvas.
11/27/2025 06:44 // INFO // [EXPORT] // Child element of type TextBlock cloned and added to canvas.
11/27/2025 06:44 // INFO // [EXPORT] // Child element of type Line cloned and added to canvas.
11/27/2025 06:44 // INFO // [EXPORT] // Child element of type Line cloned and added to canvas.
11/27/2025 06:44 // INFO // [EXPORT] // Canvas cloned with 177 children.
11/27/2025 06:44 // INFO // [EXPORT] // Child element of type Line cloned and added to canvas.
11/27/2025 06:44 // INFO // [EXPORT] // Child element of type Line cloned and added to canvas.
11/27/2025 06:44 // INFO // [EXPORT] // Child element of type Line cloned and added to canvas.
11/27/2025 06:44 // INFO // [EXPORT] // Child element of type Line cloned and added to canvas.
11/27/2025 06:44 // INFO // [EXPORT] // Child element of type Line cloned and added to canvas.
11/27/2025 06:44 // INFO // [EXPORT] // Child element of type Line cloned and added to canvas.
11/27/2025 06:44 // INFO // [EXPORT] // Child element of type Line cloned and added to canvas.
11/27/2025 06:44 // INFO // [EXPORT] // Child element of type Line cloned and added to canvas.
11/27/2025 06:44 // INFO // [EXPORT] // Child element of type Line cloned and added to canvas.
11/27/2025 06:44 // INFO // [EXPORT] // Child element of type Line cloned and added to canvas.
11/27/2025 06:44 // INFO // [EXPORT] // Child element of type Line cloned and added to canvas.
11/27/2025 06:44 // INFO // [EXPORT] // Child element of type Line cloned and added to canvas.
11/27/2025 06:44 // INFO // [EXPORT] // Child element of type Line cloned and added to canvas.
11/27/2025 06:44 // INFO // [EXPORT] // Child element of type Line cloned and added to canvas.
11/27/2025 06:44 // INFO // [EXPORT] // Child element of type Line cloned and added to canvas.
11/27/2025 06:44 // INFO // [EXPORT] // Child element of type Line cloned and added to canvas.
11/27/2025 06:44 // INFO // [EXPORT] // Child element of type Line cloned and added to canvas.
11/27/2025 06:44 // INFO // [EXPORT] // Child element of type Line cloned and added to canvas.
11/27/2025 06:44 // INFO // [EXPORT] // Child element of type Line cloned and added to canvas.
11/27/2025 06:44 // INFO // [EXPORT] // Child element of type Line cloned and added to canvas.
11/27/2025 06:44 // INFO // [EXPORT] // Child element of type Line cloned and added to canvas.
11/27/2025 06:44 // INFO // [EXPORT] // Child element of type Line cloned and added to canvas.
11/27/2025 06:44 // INFO // [EXPORT] // Child element of type Line cloned and added to canvas.
11/27/2025 06:44 // INFO // [EXPORT] // Child element of type Line cloned and added to canvas.
11/27/2025 06:44 // INFO // [EXPORT] // Child element of type Line cloned and added to canvas.
11/27/2025 06:44 // INFO // [EXPORT] // Child element of type Line cloned and added to canvas.
11/27/2025 06:44 // INFO // [EXPORT] // Child element of type Line cloned and added to canvas.
11/27/2025 06:44 // INFO // [EXPORT] // Child element of type Line cloned and added to canvas.
11/27/2025 06:44 // INFO // [EXPORT] // Child element of type Line cloned and added to canvas.
11/27/2025 06:44 // INFO // [EXPORT] // Child element of type Line cloned and added to canvas.
11/27/2025 06:44 // INFO // [EXPORT] // Child element of type Line cloned and added to canvas.
11/27/2025 06:44 // INFO // [EXPORT] // Child element of type Line cloned and added to canvas.
11/27/2025 06:44 // INFO // [EXPORT] // Child element of type Line cloned and added to canvas.
11/27/2025 06:44 // INFO // [EXPORT] // Child element of type Line cloned and added to canvas.
11/27/2025 06:44 // INFO // [EXPORT] // Child element of type Line cloned and added to canvas.
11/27/2025 06:44 // INFO // [EXPORT] // Child element of type Line cloned and added to canvas.
11/27/2025 06:44 // INFO // [EXPORT] // Child element of type Line cloned and added to canvas.
11/27/2025 06:44 // INFO // [EXPORT] // Child element of type Line cloned and added to canvas.
11/27/2025 06:44 // INFO // [EXPORT] // Child element of type Line cloned and added to canvas.
11/27/2025 06:44 // INFO // [EXPORT] // Child element of type Line cloned and added to canvas.
11/27/2025 06:44 // INFO // [EXPORT] // Child element of type Line cloned and added to canvas.
11/27/2025 06:44 // INFO // [EXPORT] // Child element of type Line cloned and added to canvas.
11/27/2025 06:44 // INFO // [EXPORT] // Child element of type Line cloned and added to canvas.
11/27/2025 06:44 // INFO // [EXPORT] // Child element of type Line cloned and added to canvas.
11/27/2025 06:44 // INFO // [EXPORT] // Child element of type Line cloned and added to canvas.
11/27/2025 06:44 // INFO // [EXPORT] // Child element of type Line cloned and added to canvas.
11/27/2025 06:44 // INFO // [EXPORT] // Child element of type Line cloned and added to canvas.
11/27/2025 06:44 // INFO // [EXPORT] // Child element of type Line cloned and added to canvas.
11/27/2025 06:44 // INFO // [EXPORT] // Child element of type Line cloned and added to canvas.
11/27/2025 06:44 // INFO // [EXPORT] // Child element of type Line cloned and added to canvas.
11/27/2025 06:44 // INFO // [EXPORT] // Child element of type Line cloned and added to canvas.
11/27/2025 06:44 // INFO // [EXPORT] // Child element of type Line cloned and added to canvas.
11/27/2025 06:44 // INFO // [EXPORT] // Child element of type Line cloned and added to canvas.
11/27/2025 06:44 // INFO // [EXPORT] // Child element of type Line cloned and added to canvas.
11/27/2025 06:44 // INFO // [EXPORT] // Child element of type Line cloned and added to canvas.
11/27/2025 06:44 // INFO // [EXPORT] // Child element of type Line cloned and added to canvas.
11/27/2025 06:44 // INFO // [EXPORT] // Child element of type Line cloned and added to canvas.
11/27/2025 06:44 // INFO // [EXPORT] // Child element of type Line cloned and added to canvas.
11/27/2025 06:44 // INFO // [EXPORT] // Child element of type Line cloned and added to canvas.
11/27/2025 06:44 // INFO // [EXPORT] // Child element of type Line cloned and added to canvas.
11/27/2025 06:44 // INFO // [EXPORT] // Child element of type Line cloned and added to canvas.
11/27/2025 06:44 // INFO // [EXPORT] // Child element of type Line cloned and added to canvas.
11/27/2025 06:44 // INFO // [EXPORT] // Child element of type Line cloned and added to canvas.
11/27/2025 06:44 // INFO // [EXPORT] // Child element of type Line cloned and added to canvas.
11/27/2025 06:44 // INFO // [EXPORT] // Child element of type Line cloned and added to canvas.
11/27/2025 06:44 // INFO // [EXPORT] // Child element of type Line cloned and added to canvas.
11/27/2025 06:44 // INFO // [EXPORT] // Child element of type Line cloned and added to canvas.
11/27/2025 06:44 // INFO // [EXPORT] // Child element of type Line cloned and added to canvas.
11/27/2025 06:44 // INFO // [EXPORT] // Child element of type Line cloned and added to canvas.
11/27/2025 06:44 // INFO // [EXPORT] // Child element of type Line cloned and added to canvas.
11/27/2025 06:44 // INFO // [EXPORT] // Child element of type Line cloned and added to canvas.
11/27/2025 06:44 // INFO // [EXPORT] // Child element of type Line cloned and added to canvas.
11/27/2025 06:44 // INFO // [EXPORT] // Child element of type Line cloned and added to canvas.
11/27/2025 06:44 // INFO // [EXPORT] // Child element of type Line cloned and added to canvas.
11/27/2025 06:44 // INFO // [EXPORT] // Child element of type Line cloned and added to canvas.
11/27/2025 06:44 // INFO // [EXPORT] // Child element of type Line cloned and added to canvas.
11/27/2025 06:44 // INFO // [EXPORT] // Child element of type Line cloned and added to canvas.
11/27/2025 06:44 // INFO // [EXPORT] // Child element of type Line cloned and added to canvas.
11/27/2025 06:44 // INFO // [EXPORT] // Child element of type Line cloned and added to canvas.
11/27/2025 06:44 // INFO // [EXPORT] // Child element of type Line cloned and added to canvas.
11/27/2025 06:44 // INFO // [EXPORT] // Child element of type Line cloned and added to canvas.
11/27/2025 06:44 // INFO // [EXPORT] // Child element of type Line cloned and added to canvas.
11/27/2025 06:44 // INFO // [EXPORT] // Child element of type Line cloned and added to canvas.
11/27/2025 06:44 // INFO // [EXPORT] // Child element of type Line cloned and added to canvas.
11/27/2025 06:44 // INFO // [EXPORT] // Child element of type Line cloned and added to canvas.
11/27/2025 06:44 // INFO // [EXPORT] // Child element of type Line cloned and added to canvas.
11/27/2025 06:44 // INFO // [EXPORT] // Child element of type Line cloned and added to canvas.
11/27/2025 06:44 // INFO // [EXPORT] // Child element of type Line cloned and added to canvas.
11/27/2025 06:44 // INFO // [EXPORT] // Child element of type Line cloned and added to canvas.
11/27/2025 06:44 // INFO // [EXPORT] // Child element of type Line cloned and added to canvas.
11/27/2025 06:44 // INFO // [EXPORT] // Child element of type Line cloned and added to canvas.
11/27/2025 06:44 // INFO // [EXPORT] // Child element of type Line cloned and added to canvas.
11/27/2025 06:44 // INFO // [EXPORT] // Child element of type Line cloned and added to canvas.
11/27/2025 06:44 // INFO // [EXPORT] // Child element of type Line cloned and added to canvas.
11/27/2025 06:44 // INFO // [EXPORT] // Child element of type Line cloned and added to canvas.
11/27/2025 06:44 // INFO // [EXPORT] // Child element of type Line cloned and added to canvas.
11/27/2025 06:44 // INFO // [EXPORT] // Child element of type Line cloned and added to canvas.
11/27/2025 06:44 // INFO // [EXPORT] // Child element of type Line cloned and added to canvas.
11/27/2025 06:44 // INFO // [EXPORT] // Child element of type Line cloned and added to canvas.
11/27/2025 06:44 // INFO // [EXPORT] // Child element of type Line cloned and added to canvas.
11/27/2025 06:44 // INFO // [EXPORT] // Child element of type Line cloned and added to canvas.
11/27/2025 06:44 // INFO // [EXPORT] // Child element of type Line cloned and added to canvas.
11/27/2025 06:44 // INFO // [EXPORT] // Child element of type Line cloned and added to canvas.
11/27/2025 06:44 // INFO // [EXPORT] // Child element of type Line cloned and added to canvas.
11/27/2025 06:44 // INFO // [EXPORT] // Child element of type Line cloned and added to canvas.
11/27/2025 06:44 // INFO // [EXPORT] // Child element of type Line cloned and added to canvas.
11/27/2025 06:44 // INFO // [EXPORT] // Child element of type Line cloned and added to canvas.
11/27/2025 06:44 // INFO // [EXPORT] // Child element of type Line cloned and added to canvas.
11/27/2025 06:44 // INFO // [EXPORT] // Child element of type Line cloned and added to canvas.
11/27/2025 06:44 // INFO // [EXPORT] // Child element of type Line cloned and added to canvas.
11/27/2025 06:44 // INFO // [EXPORT] // Child element of type Line cloned and added to canvas.
11/27/2025 06:44 // INFO // [EXPORT] // Child element of type Line cloned and added to canvas.
11/27/2025 06:44 // INFO // [EXPORT] // Child element of type Line cloned and added to canvas.
11/27/2025 06:44 // INFO // [EXPORT] // Child element of type Line cloned and added to canvas.
11/27/2025 06:44 // INFO // [EXPORT] // Child element of type Line cloned and added to canvas.
11/27/2025 06:44 // INFO // [EXPORT] // Child element of type Line cloned and added to canvas.
11/27/2025 06:44 // INFO // [EXPORT] // Child element of type Line cloned and added to canvas.
11/27/2025 06:44 // INFO // [EXPORT] // Child element of type Line cloned and added to canvas.
11/27/2025 06:44 // INFO // [EXPORT] // Child element of type Rectangle cloned and added to canvas.
11/27/2025 06:44 // INFO // [EXPORT] // Child element of type TextBlock cloned and added to canvas.
11/27/2025 06:44 // INFO // [EXPORT] // Child element of type Rectangle cloned and added to canvas.
11/27/2025 06:44 // INFO // [EXPORT] // Child element of type TextBlock cloned and added to canvas.
11/27/2025 06:44 // INFO // [EXPORT] // Child element of type Rectangle cloned and added to canvas.
11/27/2025 06:44 // INFO // [EXPORT] // Child element of type TextBlock cloned and added to canvas.
11/27/2025 06:44 // INFO // [EXPORT] // Child element of type Rectangle cloned and added to canvas.
11/27/2025 06:44 // INFO // [EXPORT] // Child element of type TextBlock cloned and added to canvas.
11/27/2025 06:44 // INFO // [EXPORT] // Child element of type Rectangle cloned and added to canvas.
11/27/2025 06:44 // INFO // [EXPORT] // Child element of type TextBlock cloned and added to canvas.
11/27/2025 06:44 // INFO // [EXPORT] // Child element of type Rectangle cloned and added to canvas.
11/27/2025 06:44 // INFO // [EXPORT] // Child element of type TextBlock cloned and added to canvas.
11/27/2025 06:44 // INFO // [EXPORT] // Canvas cloned with 130 children.
11/27/2025 06:44 // INFO // [EXPORT] // Child element of type TextBlock cloned and added to canvas.
11/27/2025 06:44 // INFO // [EXPORT] // Child element of type TextBlock cloned and added to canvas.
11/27/2025 06:44 // INFO // [EXPORT] // Canvas cloned with 2 children.
11/27/2025 06:44 // INFO // [EXPORT] // Gantt Chart combined panel measured and arranged with size 1330x140.
11/27/2025 06:44 // INFO // [EXPORT] // Gantt Chart combined RenderTargetBitmap created with size 1330x140 at 384 DPI.
11/27/2025 06:44 // INFO // [EXPORT] // Gantt Chart JpegBitmapEncoder created and frame added.
11/27/2025 06:44 // INFO // [EXPORT] // Gantt Chart exported successfully as C:\Users\Phant0m\Desktop\demoPics\gantt_chart_20251127_064437.jpg.
11/27/2025 06:44 // INFO // [EXPORT] // Gantt chart exported as JPEG file!
11/27/2025 06:44 // WARNING // [S_GRAPH] // User tried to draw a graph with no BatchML file loaded!
11/27/2025 06:44 // INFO // [S_GRAPH] // Node J1_M1 at 100;50
11/27/2025 06:44 // INFO // [S_GRAPH] // Node J1_M2 at 400;50
11/27/2025 06:44 // INFO // [S_GRAPH] // Node P1 at 700;50
11/27/2025 06:44 // INFO // [S_GRAPH] // Node J2_M1 at 100;200
11/27/2025 06:44 // INFO // [S_GRAPH] // Node J2_M2 at 400;200
11/27/2025 06:44 // INFO // [S_GRAPH] // Node P2 at 700;200
11/27/2025 06:44 // INFO // [S_GRAPH] // Node J3_M1 at 100;350
11/27/2025 06:44 // INFO // [S_GRAPH] // Node J3_M2 at 400;350
11/27/2025 06:44 // INFO // [S_GRAPH] // Node P3 at 700;350
11/27/2025 06:44 // INFO // [S_GRAPH] // Curve value of edge (J1_M1 to J1_M2) set to 25,00
11/27/2025 06:44 // INFO // [S_GRAPH] // Edge drawn from (170,0;85,0) to (400,0;85,0)!
11/27/2025 06:44 // INFO // [S_GRAPH] // Weight 31 drawn at (285;97,5)!
11/27/2025 06:44 // INFO // [S_GRAPH] // Edge from J1_M1 to J1_M2 with cost 0 drawn.
11/27/2025 06:44 // INFO // [S_GRAPH] // Edge drawn from (470,0;85,0) to (700,0;85,0)!
11/27/2025 06:44 // INFO // [S_GRAPH] // Weight 13 drawn at (585;85)!
11/27/2025 06:44 // INFO // [S_GRAPH] // Edge from J1_M2 to P1 with cost 0 drawn.
11/27/2025 06:44 // INFO // [S_GRAPH] // Curve value of edge (J2_M1 to J2_M2) set to 25,00
11/27/2025 06:44 // INFO // [S_GRAPH] // Edge drawn from (170,0;235,0) to (400,0;235,0)!
11/27/2025 06:44 // INFO // [S_GRAPH] // Weight 18 drawn at (285;247,5)!
11/27/2025 06:44 // INFO // [S_GRAPH] // Edge from J2_M1 to J2_M2 with cost 0 drawn.
11/27/2025 06:44 // INFO // [S_GRAPH] // Edge drawn from (470,0;235,0) to (700,0;235,0)!
11/27/2025 06:44 // INFO // [S_GRAPH] // Weight 5 drawn at (585;235)!
11/27/2025 06:44 // INFO // [S_GRAPH] // Edge from J2_M2 to P2 with cost 0 drawn.
11/27/2025 06:44 // INFO // [S_GRAPH] // Curve value of edge (J3_M1 to J3_M2) set to 25,00
11/27/2025 06:44 // INFO // [S_GRAPH] // Edge drawn from (170,0;385,0) to (400,0;385,0)!
11/27/2025 06:44 // INFO // [S_GRAPH] // Weight 44 drawn at (285;397,5)!
11/27/2025 06:44 // INFO // [S_GRAPH] // Edge from J3_M1 to J3_M2 with cost 0 drawn.
11/27/2025 06:44 // INFO // [S_GRAPH] // Edge drawn from (470,0;385,0) to (700,0;385,0)!
11/27/2025 06:44 // INFO // [S_GRAPH] // Weight 18 drawn at (585;385)!
11/27/2025 06:44 // INFO // [S_GRAPH] // Edge from J3_M2 to P3 with cost 0 drawn.
11/27/2025 06:44 // INFO // [S_GRAPH] // Canvas resized to 820x470!
11/27/2025 06:44 // INFO // [CONSTRAINT] // Saving and closing are disabled for as long as there are no files opened.
11/27/2025 06:44 // INFO // [INITIALIZATION] // Johnson's Rule solver enabled!
11/27/2025 06:44 // INFO // [INITIALIZATION] // List Scheduling solver enabled!
11/27/2025 06:44 // INFO // [INITIALIZATION] // Branch and Bound solver enabled!
11/27/2025 06:44 // INFO // [INITIALIZATION] // Campbell-Dudek-Smith solver enabled!
11/27/2025 06:44 // INFO // [INITIALIZATION] //  solver enabled!
11/27/2025 06:44 // INFO // [CONSTRAINT] // Saving and closing are disabled for as long as there are no files opened.
11/27/2025 06:44 // INFO // [EXTERN_SOLVER] // Campbell-Dudek-Smith custom solver selected!
11/27/2025 06:44 // INFO // [S_GRAPH] // C:\Users\Phant0m\Desktop\THESIS_LIPX05\Thesis_LIPX05\bin\x64\Release\net9.0-windows\SolverTemp successfully discovered!
11/27/2025 06:44 // INFO // [S_GRAPH] // SGraph saved to C:\Users\Phant0m\Desktop\THESIS_LIPX05\Thesis_LIPX05\bin\x64\Release\net9.0-windows\SolverTemp\SGraph_1f6bce16-ecac-4fad-b5e7-10cf4f00bb5c.xml!
11/27/2025 06:44 // INFO // [Campbell-Dudek-Smith] // Deterministic solver selected; skipping numeric parameter gathering...
11/27/2025 06:44 // INFO // [LOAD] // Loading solution from C:\Users\Phant0m\Desktop\THESIS_LIPX05\Thesis_LIPX05\bin\x64\Release\net9.0-windows\SolverTemp\CampbellDudekSmith_Solution.txt...
11/27/2025 06:44 // INFO // [LOAD] // Node J3_M1 added to solution path from file.
11/27/2025 06:44 // INFO // [LOAD] // Node J3_M2 added to solution path from file.
11/27/2025 06:44 // INFO // [LOAD] // Node J1_M1 added to solution path from file.
11/27/2025 06:44 // INFO // [LOAD] // Node J1_M2 added to solution path from file.
11/27/2025 06:44 // INFO // [LOAD] // Node J2_M1 added to solution path from file.
11/27/2025 06:44 // INFO // [LOAD] // Node J2_M2 added to solution path from file.
11/27/2025 06:44 // INFO // [LOAD] // Total of 6 nodes loaded from solution file.
11/27/2025 06:44 // INFO // [S_GRAPH] // Node J1_M1 at 100;50
11/27/2025 06:44 // INFO // [S_GRAPH] // Node J1_M2 at 400;50
11/27/2025 06:44 // INFO // [S_GRAPH] // Node P1 at 700;50
11/27/2025 06:44 // INFO // [S_GRAPH] // Node J2_M1 at 100;200
11/27/2025 06:44 // INFO // [S_GRAPH] // Node J2_M2 at 400;200
11/27/2025 06:44 // INFO // [S_GRAPH] // Node P2 at 700;200
11/27/2025 06:44 // INFO // [S_GRAPH] // Node J3_M1 at 100;350
11/27/2025 06:44 // INFO // [S_GRAPH] // Node J3_M2 at 400;350
11/27/2025 06:44 // INFO // [S_GRAPH] // Node P3 at 700;350
11/27/2025 06:44 // INFO // [S_GRAPH] // Curve value of edge (J1_M1 to J1_M2) set to 25,00
11/27/2025 06:44 // INFO // [S_GRAPH] // Edge drawn from (170,0;85,0) to (400,0;85,0)!
11/27/2025 06:44 // INFO // [S_GRAPH] // Weight 31 drawn at (285;97,5)!
11/27/2025 06:44 // INFO // [S_GRAPH] // Edge from J1_M1 to J1_M2 with cost 0 drawn.
11/27/2025 06:44 // INFO // [S_GRAPH] // Curve value of edge (J2_M1 to J2_M2) set to 25,00
11/27/2025 06:44 // INFO // [S_GRAPH] // Edge drawn from (170,0;235,0) to (400,0;235,0)!
11/27/2025 06:44 // INFO // [S_GRAPH] // Weight 18 drawn at (285;247,5)!
11/27/2025 06:44 // INFO // [S_GRAPH] // Edge from J2_M1 to J2_M2 with cost 0 drawn.
11/27/2025 06:44 // INFO // [S_GRAPH] // Curve value of edge (J3_M1 to J3_M2) set to 25,00
11/27/2025 06:44 // INFO // [S_GRAPH] // Edge drawn from (170,0;385,0) to (400,0;385,0)!
11/27/2025 06:44 // INFO // [S_GRAPH] // Weight 44 drawn at (285;397,5)!
11/27/2025 06:44 // INFO // [S_GRAPH] // Edge from J3_M1 to J3_M2 with cost 0 drawn.
11/27/2025 06:44 // INFO // [S_GRAPH] // Curve value of edge (J3_M1 to J1_M1) set to -25,00
11/27/2025 06:44 // INFO // [S_GRAPH] // Edge drawn from (135,0;350,0) to (135,0;120,0)!
11/27/2025 06:44 // INFO // [S_GRAPH] // Weight 44 drawn at (122,5;235)!
11/27/2025 06:44 // INFO // [S_GRAPH] // Edge from J3_M1 to J1_M1 with cost 0 drawn.
11/27/2025 06:44 // INFO // [S_GRAPH] // Curve value of edge (J3_M2 to J1_M2) set to -25,00
11/27/2025 06:44 // INFO // [S_GRAPH] // Edge drawn from (435,0;350,0) to (435,0;120,0)!
11/27/2025 06:44 // INFO // [S_GRAPH] // Weight 18 drawn at (422,5;235)!
11/27/2025 06:44 // INFO // [S_GRAPH] // Edge from J3_M2 to J1_M2 with cost 0 drawn.
11/27/2025 06:44 // INFO // [S_GRAPH] // Curve value of edge (J1_M1 to J2_M1) set to -25,00
11/27/2025 06:44 // INFO // [S_GRAPH] // Edge drawn from (135,0;120,0) to (135,0;200,0)!
11/27/2025 06:44 // INFO // [S_GRAPH] // Weight 31 drawn at (147,5;160)!
11/27/2025 06:44 // INFO // [S_GRAPH] // Edge from J1_M1 to J2_M1 with cost 0 drawn.
11/27/2025 06:44 // INFO // [S_GRAPH] // Curve value of edge (J1_M2 to J2_M2) set to -25,00
11/27/2025 06:44 // INFO // [S_GRAPH] // Edge drawn from (435,0;120,0) to (435,0;200,0)!
11/27/2025 06:44 // INFO // [S_GRAPH] // Weight 13 drawn at (447,5;160)!
11/27/2025 06:44 // INFO // [S_GRAPH] // Edge from J1_M2 to J2_M2 with cost 0 drawn.
11/27/2025 06:44 // INFO // [S_GRAPH] // Edge drawn from (470,0;385,0) to (700,0;385,0)!
11/27/2025 06:44 // INFO // [S_GRAPH] // Weight 18 drawn at (585;385)!
11/27/2025 06:44 // INFO // [S_GRAPH] // Edge from J3_M2 to P3 with cost 0 drawn.
11/27/2025 06:44 // INFO // [S_GRAPH] // Edge drawn from (470,0;85,0) to (700,0;85,0)!
11/27/2025 06:44 // INFO // [S_GRAPH] // Weight 13 drawn at (585;85)!
11/27/2025 06:44 // INFO // [S_GRAPH] // Edge from J1_M2 to P1 with cost 0 drawn.
11/27/2025 06:44 // INFO // [S_GRAPH] // Edge drawn from (470,0;235,0) to (700,0;235,0)!
11/27/2025 06:44 // INFO // [S_GRAPH] // Weight 5 drawn at (585;235)!
11/27/2025 06:44 // INFO // [S_GRAPH] // Edge from J2_M2 to P2 with cost 0 drawn.
11/27/2025 06:44 // INFO // [S_GRAPH] // Canvas resized to 820x470!
11/27/2025 06:44 // INFO // [GANTT] // Node J3_M1 EST is 0 (no predecessors).
11/27/2025 06:44 // INFO // [GANTT] // Node J3_M2 EST is determined by J3_M1 (EST: 44,00).
11/27/2025 06:44 // INFO // [GANTT] // Node J1_M1 EST is determined by J3_M1 (EST: 44,00).
11/27/2025 06:44 // INFO // [GANTT] // Node J1_M2 EST is determined by J1_M1 (EST: 75,00).
11/27/2025 06:44 // INFO // [GANTT] // Node J2_M1 EST is determined by J1_M1 (EST: 75,00).
11/27/2025 06:44 // INFO // [GANTT] // Node J2_M2 EST is determined by J2_M1 (EST: 93,00).
11/27/2025 06:44 // INFO // [GANTT] // Gantt chart built with 6 items from path with 6 nodes.
11/27/2025 06:44 // INFO // [GANTT] // Gantt data built with 6 items from optimized path using Campbell-Dudek-Smith!
11/27/2025 06:44 // INFO // [GANTT] // Canvases are ready to be used!
11/27/2025 06:44 // INFO // [GANTT] // Ruler drawn: 99 ticks and 50 labels.
11/27/2025 06:44 // INFO // [GANTT] // Gantt chart rendered with 6 items on canvas.
11/27/2025 06:44 // INFO // [GANTT] // Canvas resized to 1080x110 to fit all Gantt items.
11/27/2025 06:44 // INFO // [GANTT] // Campbell-Dudek-Smith schedule rendered successfully!
11/27/2025 06:44 // INFO // [CONSTRAINT] // Saving and closing are disabled for as long as there are no files opened.
11/27/2025 06:44 // INFO // [S_GRAPH] // Node J1_M1 at 100;50
11/27/2025 06:44 // INFO // [S_GRAPH] // Node J1_M2 at 400;50
11/27/2025 06:44 // INFO // [S_GRAPH] // Node P1 at 700;50
11/27/2025 06:44 // INFO // [S_GRAPH] // Node J2_M1 at 100;200
11/27/2025 06:44 // INFO // [S_GRAPH] // Node J2_M2 at 400;200
11/27/2025 06:44 // INFO // [S_GRAPH] // Node P2 at 700;200
11/27/2025 06:44 // INFO // [S_GRAPH] // Node J3_M1 at 100;350
11/27/2025 06:44 // INFO // [S_GRAPH] // Node J3_M2 at 400;350
11/27/2025 06:44 // INFO // [S_GRAPH] // Node P3 at 700;350
11/27/2025 06:44 // INFO // [S_GRAPH] // Curve value of edge (J1_M1 to J1_M2) set to 25,00
11/27/2025 06:44 // INFO // [S_GRAPH] // Edge drawn from (170,0;85,0) to (400,0;85,0)!
11/27/2025 06:44 // INFO // [S_GRAPH] // Weight 31 drawn at (285;97,5)!
11/27/2025 06:44 // INFO // [S_GRAPH] // Edge from J1_M1 to J1_M2 with cost 0 drawn.
11/27/2025 06:44 // INFO // [S_GRAPH] // Curve value of edge (J2_M1 to J2_M2) set to 25,00
11/27/2025 06:44 // INFO // [S_GRAPH] // Edge drawn from (170,0;235,0) to (400,0;235,0)!
11/27/2025 06:44 // INFO // [S_GRAPH] // Weight 18 drawn at (285;247,5)!
11/27/2025 06:44 // INFO // [S_GRAPH] // Edge from J2_M1 to J2_M2 with cost 0 drawn.
11/27/2025 06:44 // INFO // [S_GRAPH] // Curve value of edge (J3_M1 to J3_M2) set to 25,00
11/27/2025 06:44 // INFO // [S_GRAPH] // Edge drawn from (170,0;385,0) to (400,0;385,0)!
11/27/2025 06:44 // INFO // [S_GRAPH] // Weight 44 drawn at (285;397,5)!
11/27/2025 06:44 // INFO // [S_GRAPH] // Edge from J3_M1 to J3_M2 with cost 0 drawn.
11/27/2025 06:44 // INFO // [S_GRAPH] // Curve value of edge (J3_M1 to J1_M1) set to -25,00
11/27/2025 06:44 // INFO // [S_GRAPH] // Edge drawn from (135,0;350,0) to (135,0;120,0)!
11/27/2025 06:44 // INFO // [S_GRAPH] // Weight 44 drawn at (122,5;235)!
11/27/2025 06:44 // INFO // [S_GRAPH] // Edge from J3_M1 to J1_M1 with cost 0 drawn.
11/27/2025 06:44 // INFO // [S_GRAPH] // Curve value of edge (J3_M2 to J1_M2) set to -25,00
11/27/2025 06:44 // INFO // [S_GRAPH] // Edge drawn from (435,0;350,0) to (435,0;120,0)!
11/27/2025 06:44 // INFO // [S_GRAPH] // Weight 18 drawn at (422,5;235)!
11/27/2025 06:44 // INFO // [S_GRAPH] // Edge from J3_M2 to J1_M2 with cost 0 drawn.
11/27/2025 06:44 // INFO // [S_GRAPH] // Curve value of edge (J1_M1 to J2_M1) set to -25,00
11/27/2025 06:44 // INFO // [S_GRAPH] // Edge drawn from (135,0;120,0) to (135,0;200,0)!
11/27/2025 06:44 // INFO // [S_GRAPH] // Weight 31 drawn at (147,5;160)!
11/27/2025 06:44 // INFO // [S_GRAPH] // Edge from J1_M1 to J2_M1 with cost 0 drawn.
11/27/2025 06:44 // INFO // [S_GRAPH] // Curve value of edge (J1_M2 to J2_M2) set to -25,00
11/27/2025 06:44 // INFO // [S_GRAPH] // Edge drawn from (435,0;120,0) to (435,0;200,0)!
11/27/2025 06:44 // INFO // [S_GRAPH] // Weight 13 drawn at (447,5;160)!
11/27/2025 06:44 // INFO // [S_GRAPH] // Edge from J1_M2 to J2_M2 with cost 0 drawn.
11/27/2025 06:44 // INFO // [S_GRAPH] // Edge drawn from (470,0;385,0) to (700,0;385,0)!
11/27/2025 06:44 // INFO // [S_GRAPH] // Weight 18 drawn at (585;385)!
11/27/2025 06:44 // INFO // [S_GRAPH] // Edge from J3_M2 to P3 with cost 0 drawn.
11/27/2025 06:44 // INFO // [S_GRAPH] // Edge drawn from (470,0;85,0) to (700,0;85,0)!
11/27/2025 06:44 // INFO // [S_GRAPH] // Weight 13 drawn at (585;85)!
11/27/2025 06:44 // INFO // [S_GRAPH] // Edge from J1_M2 to P1 with cost 0 drawn.
11/27/2025 06:44 // INFO // [S_GRAPH] // Edge drawn from (470,0;235,0) to (700,0;235,0)!
11/27/2025 06:44 // INFO // [S_GRAPH] // Weight 5 drawn at (585;235)!
11/27/2025 06:44 // INFO // [S_GRAPH] // Edge from J2_M2 to P2 with cost 0 drawn.
11/27/2025 06:44 // INFO // [S_GRAPH] // Canvas resized to 820x470!
11/27/2025 06:44 // INFO // [EXPORT] // Child element of type Ellipse cloned and added to canvas.
11/27/2025 06:44 // INFO // [EXPORT] // Child element of type TextBlock cloned and added to canvas.
11/27/2025 06:44 // INFO // [EXPORT] // Child element of type Ellipse cloned and added to canvas.
11/27/2025 06:44 // INFO // [EXPORT] // Child element of type TextBlock cloned and added to canvas.
11/27/2025 06:44 // INFO // [EXPORT] // Child element of type Ellipse cloned and added to canvas.
11/27/2025 06:44 // INFO // [EXPORT] // Child element of type TextBlock cloned and added to canvas.
11/27/2025 06:44 // INFO // [EXPORT] // Child element of type Ellipse cloned and added to canvas.
11/27/2025 06:44 // INFO // [EXPORT] // Child element of type TextBlock cloned and added to canvas.
11/27/2025 06:44 // INFO // [EXPORT] // Child element of type Ellipse cloned and added to canvas.
11/27/2025 06:44 // INFO // [EXPORT] // Child element of type TextBlock cloned and added to canvas.
11/27/2025 06:44 // INFO // [EXPORT] // Child element of type Ellipse cloned and added to canvas.
11/27/2025 06:44 // INFO // [EXPORT] // Child element of type TextBlock cloned and added to canvas.
11/27/2025 06:44 // INFO // [EXPORT] // Child element of type Ellipse cloned and added to canvas.
11/27/2025 06:44 // INFO // [EXPORT] // Child element of type TextBlock cloned and added to canvas.
11/27/2025 06:44 // INFO // [EXPORT] // Child element of type Ellipse cloned and added to canvas.
11/27/2025 06:44 // INFO // [EXPORT] // Child element of type TextBlock cloned and added to canvas.
11/27/2025 06:44 // INFO // [EXPORT] // Child element of type Ellipse cloned and added to canvas.
11/27/2025 06:44 // INFO // [EXPORT] // Child element of type TextBlock cloned and added to canvas.
11/27/2025 06:44 // INFO // [EXPORT] // Child element of type Path cloned and added to canvas.
11/27/2025 06:44 // INFO // [EXPORT] // Child element of type Polygon cloned and added to canvas.
11/27/2025 06:44 // INFO // [EXPORT] // Child element of type TextBlock cloned and added to canvas.
11/27/2025 06:44 // INFO // [EXPORT] // Child element of type Path cloned and added to canvas.
11/27/2025 06:44 // INFO // [EXPORT] // Child element of type Polygon cloned and added to canvas.
11/27/2025 06:44 // INFO // [EXPORT] // Child element of type TextBlock cloned and added to canvas.
11/27/2025 06:44 // INFO // [EXPORT] // Child element of type Path cloned and added to canvas.
11/27/2025 06:44 // INFO // [EXPORT] // Child element of type Polygon cloned and added to canvas.
11/27/2025 06:44 // INFO // [EXPORT] // Child element of type TextBlock cloned and added to canvas.
11/27/2025 06:44 // INFO // [EXPORT] // Child element of type Path cloned and added to canvas.
11/27/2025 06:44 // INFO // [EXPORT] // Child element of type Polygon cloned and added to canvas.
11/27/2025 06:44 // INFO // [EXPORT] // Child element of type TextBlock cloned and added to canvas.
11/27/2025 06:44 // INFO // [EXPORT] // Child element of type Path cloned and added to canvas.
11/27/2025 06:44 // INFO // [EXPORT] // Child element of type Polygon cloned and added to canvas.
11/27/2025 06:44 // INFO // [EXPORT] // Child element of type TextBlock cloned and added to canvas.
11/27/2025 06:44 // INFO // [EXPORT] // Child element of type Path cloned and added to canvas.
11/27/2025 06:44 // INFO // [EXPORT] // Child element of type Polygon cloned and added to canvas.
11/27/2025 06:44 // INFO // [EXPORT] // Child element of type TextBlock cloned and added to canvas.
11/27/2025 06:44 // INFO // [EXPORT] // Child element of type Path cloned and added to canvas.
11/27/2025 06:44 // INFO // [EXPORT] // Child element of type Polygon cloned and added to canvas.
11/27/2025 06:44 // INFO // [EXPORT] // Child element of type TextBlock cloned and added to canvas.
11/27/2025 06:44 // INFO // [EXPORT] // Child element of type Path cloned and added to canvas.
11/27/2025 06:44 // INFO // [EXPORT] // Child element of type Polygon cloned and added to canvas.
11/27/2025 06:44 // INFO // [EXPORT] // Child element of type TextBlock cloned and added to canvas.
11/27/2025 06:44 // INFO // [EXPORT] // Child element of type Path cloned and added to canvas.
11/27/2025 06:44 // INFO // [EXPORT] // Child element of type Polygon cloned and added to canvas.
11/27/2025 06:44 // INFO // [EXPORT] // Child element of type TextBlock cloned and added to canvas.
11/27/2025 06:44 // INFO // [EXPORT] // Child element of type Path cloned and added to canvas.
11/27/2025 06:44 // INFO // [EXPORT] // Child element of type Polygon cloned and added to canvas.
11/27/2025 06:44 // INFO // [EXPORT] // Child element of type TextBlock cloned and added to canvas.
11/27/2025 06:44 // INFO // [EXPORT] // Canvas cloned with 48 children.
11/27/2025 06:44 // INFO // [EXPORT] // Precedence graph RenderTargetBitmap created with size 820x470 at 384 DPI.
11/27/2025 06:44 // INFO // [EXPORT] // Precedence graph JpegBitmapEncoder created and frame added.
11/27/2025 06:44 // INFO // [EXPORT] // Precedence graph exported successfully as C:\Users\Phant0m\Desktop\demoPics\precedence_graph_20251127_064456.jpg.
11/27/2025 06:44 // INFO // [EXPORT] // Precedence graph exported as JPEG file!
11/27/2025 06:45 // INFO // [EXPORT] // Child element of type TextBlock cloned and added to canvas.
11/27/2025 06:45 // INFO // [EXPORT] // Child element of type Line cloned and added to canvas.
11/27/2025 06:45 // INFO // [EXPORT] // Child element of type Line cloned and added to canvas.
11/27/2025 06:45 // INFO // [EXPORT] // Child element of type TextBlock cloned and added to canvas.
11/27/2025 06:45 // INFO // [EXPORT] // Child element of type Line cloned and added to canvas.
11/27/2025 06:45 // INFO // [EXPORT] // Child element of type Line cloned and added to canvas.
11/27/2025 06:45 // INFO // [EXPORT] // Child element of type TextBlock cloned and added to canvas.
11/27/2025 06:45 // INFO // [EXPORT] // Child element of type Line cloned and added to canvas.
11/27/2025 06:45 // INFO // [EXPORT] // Child element of type Line cloned and added to canvas.
11/27/2025 06:45 // INFO // [EXPORT] // Child element of type TextBlock cloned and added to canvas.
11/27/2025 06:45 // INFO // [EXPORT] // Child element of type Line cloned and added to canvas.
11/27/2025 06:45 // INFO // [EXPORT] // Child element of type Line cloned and added to canvas.
11/27/2025 06:45 // INFO // [EXPORT] // Child element of type TextBlock cloned and added to canvas.
11/27/2025 06:45 // INFO // [EXPORT] // Child element of type Line cloned and added to canvas.
11/27/2025 06:45 // INFO // [EXPORT] // Child element of type Line cloned and added to canvas.
11/27/2025 06:45 // INFO // [EXPORT] // Child element of type TextBlock cloned and added to canvas.
11/27/2025 06:45 // INFO // [EXPORT] // Child element of type Line cloned and added to canvas.
11/27/2025 06:45 // INFO // [EXPORT] // Child element of type Line cloned and added to canvas.
11/27/2025 06:45 // INFO // [EXPORT] // Child element of type TextBlock cloned and added to canvas.
11/27/2025 06:45 // INFO // [EXPORT] // Child element of type Line cloned and added to canvas.
11/27/2025 06:45 // INFO // [EXPORT] // Child element of type Line cloned and added to canvas.
11/27/2025 06:45 // INFO // [EXPORT] // Child element of type TextBlock cloned and added to canvas.
11/27/2025 06:45 // INFO // [EXPORT] // Child element of type Line cloned and added to canvas.
11/27/2025 06:45 // INFO // [EXPORT] // Child element of type Line cloned and added to canvas.
11/27/2025 06:45 // INFO // [EXPORT] // Child element of type TextBlock cloned and added to canvas.
11/27/2025 06:45 // INFO // [EXPORT] // Child element of type Line cloned and added to canvas.
11/27/2025 06:45 // INFO // [EXPORT] // Child element of type Line cloned and added to canvas.
11/27/2025 06:45 // INFO // [EXPORT] // Child element of type TextBlock cloned and added to canvas.
11/27/2025 06:45 // INFO // [EXPORT] // Child element of type Line cloned and added to canvas.
11/27/2025 06:45 // INFO // [EXPORT] // Child element of type Line cloned and added to canvas.
11/27/2025 06:45 // INFO // [EXPORT] // Child element of type TextBlock cloned and added to canvas.
11/27/2025 06:45 // INFO // [EXPORT] // Child element of type Line cloned and added to canvas.
11/27/2025 06:45 // INFO // [EXPORT] // Child element of type Line cloned and added to canvas.
11/27/2025 06:45 // INFO // [EXPORT] // Child element of type TextBlock cloned and added to canvas.
11/27/2025 06:45 // INFO // [EXPORT] // Child element of type Line cloned and added to canvas.
11/27/2025 06:45 // INFO // [EXPORT] // Child element of type Line cloned and added to canvas.
11/27/2025 06:45 // INFO // [EXPORT] // Child element of type TextBlock cloned and added to canvas.
11/27/2025 06:45 // INFO // [EXPORT] // Child element of type Line cloned and added to canvas.
11/27/2025 06:45 // INFO // [EXPORT] // Child element of type Line cloned and added to canvas.
11/27/2025 06:45 // INFO // [EXPORT] // Child element of type TextBlock cloned and added to canvas.
11/27/2025 06:45 // INFO // [EXPORT] // Child element of type Line cloned and added to canvas.
11/27/2025 06:45 // INFO // [EXPORT] // Child element of type Line cloned and added to canvas.
11/27/2025 06:45 // INFO // [EXPORT] // Child element of type TextBlock cloned and added to canvas.
11/27/2025 06:45 // INFO // [EXPORT] // Child element of type Line cloned and added to canvas.
11/27/2025 06:45 // INFO // [EXPORT] // Child element of type Line cloned and added to canvas.
11/27/2025 06:45 // INFO // [EXPORT] // Child element of type TextBlock cloned and added to canvas.
11/27/2025 06:45 // INFO // [EXPORT] // Child element of type Line cloned and added to canvas.
11/27/2025 06:45 // INFO // [EXPORT] // Child element of type Line cloned and added to canvas.
11/27/2025 06:45 // INFO // [EXPORT] // Child element of type TextBlock cloned and added to canvas.
11/27/2025 06:45 // INFO // [EXPORT] // Child element of type Line cloned and added to canvas.
11/27/2025 06:45 // INFO // [EXPORT] // Child element of type Line cloned and added to canvas.
11/27/2025 06:45 // INFO // [EXPORT] // Child element of type TextBlock cloned and added to canvas.
11/27/2025 06:45 // INFO // [EXPORT] // Child element of type Line cloned and added to canvas.
11/27/2025 06:45 // INFO // [EXPORT] // Child element of type Line cloned and added to canvas.
11/27/2025 06:45 // INFO // [EXPORT] // Child element of type TextBlock cloned and added to canvas.
11/27/2025 06:45 // INFO // [EXPORT] // Child element of type Line cloned and added to canvas.
11/27/2025 06:45 // INFO // [EXPORT] // Child element of type Line cloned and added to canvas.
11/27/2025 06:45 // INFO // [EXPORT] // Child element of type TextBlock cloned and added to canvas.
11/27/2025 06:45 // INFO // [EXPORT] // Child element of type Line cloned and added to canvas.
11/27/2025 06:45 // INFO // [EXPORT] // Child element of type Line cloned and added to canvas.
11/27/2025 06:45 // INFO // [EXPORT] // Child element of type TextBlock cloned and added to canvas.
11/27/2025 06:45 // INFO // [EXPORT] // Child element of type Line cloned and added to canvas.
11/27/2025 06:45 // INFO // [EXPORT] // Child element of type Line cloned and added to canvas.
11/27/2025 06:45 // INFO // [EXPORT] // Child element of type TextBlock cloned and added to canvas.
11/27/2025 06:45 // INFO // [EXPORT] // Child element of type Line cloned and added to canvas.
11/27/2025 06:45 // INFO // [EXPORT] // Child element of type Line cloned and added to canvas.
11/27/2025 06:45 // INFO // [EXPORT] // Child element of type TextBlock cloned and added to canvas.
11/27/2025 06:45 // INFO // [EXPORT] // Child element of type Line cloned and added to canvas.
11/27/2025 06:45 // INFO // [EXPORT] // Child element of type Line cloned and added to canvas.
11/27/2025 06:45 // INFO // [EXPORT] // Child element of type TextBlock cloned and added to canvas.
11/27/2025 06:45 // INFO // [EXPORT] // Child element of type Line cloned and added to canvas.
11/27/2025 06:45 // INFO // [EXPORT] // Child element of type Line cloned and added to canvas.
11/27/2025 06:45 // INFO // [EXPORT] // Child element of type TextBlock cloned and added to canvas.
11/27/2025 06:45 // INFO // [EXPORT] // Child element of type Line cloned and added to canvas.
11/27/2025 06:45 // INFO // [EXPORT] // Child element of type Line cloned and added to canvas.
11/27/2025 06:45 // INFO // [EXPORT] // Child element of type TextBlock cloned and added to canvas.
11/27/2025 06:45 // INFO // [EXPORT] // Child element of type Line cloned and added to canvas.
11/27/2025 06:45 // INFO // [EXPORT] // Child element of type Line cloned and added to canvas.
11/27/2025 06:45 // INFO // [EXPORT] // Child element of type TextBlock cloned and added to canvas.
11/27/2025 06:45 // INFO // [EXPORT] // Child element of type Line cloned and added to canvas.
11/27/2025 06:45 // INFO // [EXPORT] // Child element of type Line cloned and added to canvas.
11/27/2025 06:45 // INFO // [EXPORT] // Child element of type TextBlock cloned and added to canvas.
11/27/2025 06:45 // INFO // [EXPORT] // Child element of type Line cloned and added to canvas.
11/27/2025 06:45 // INFO // [EXPORT] // Child element of type Line cloned and added to canvas.
11/27/2025 06:45 // INFO // [EXPORT] // Child element of type TextBlock cloned and added to canvas.
11/27/2025 06:45 // INFO // [EXPORT] // Child element of type Line cloned and added to canvas.
11/27/2025 06:45 // INFO // [EXPORT] // Child element of type Line cloned and added to canvas.
11/27/2025 06:45 // INFO // [EXPORT] // Child element of type TextBlock cloned and added to canvas.
11/27/2025 06:45 // INFO // [EXPORT] // Child element of type Line cloned and added to canvas.
11/27/2025 06:45 // INFO // [EXPORT] // Child element of type Line cloned and added to canvas.
11/27/2025 06:45 // INFO // [EXPORT] // Child element of type TextBlock cloned and added to canvas.
11/27/2025 06:45 // INFO // [EXPORT] // Child element of type Line cloned and added to canvas.
11/27/2025 06:45 // INFO // [EXPORT] // Child element of type Line cloned and added to canvas.
11/27/2025 06:45 // INFO // [EXPORT] // Child element of type TextBlock cloned and added to canvas.
11/27/2025 06:45 // INFO // [EXPORT] // Child element of type Line cloned and added to canvas.
11/27/2025 06:45 // INFO // [EXPORT] // Child element of type Line cloned and added to canvas.
11/27/2025 06:45 // INFO // [EXPORT] // Child element of type TextBlock cloned and added to canvas.
11/27/2025 06:45 // INFO // [EXPORT] // Child element of type Line cloned and added to canvas.
11/27/2025 06:45 // INFO // [EXPORT] // Child element of type Line cloned and added to canvas.
11/27/2025 06:45 // INFO // [EXPORT] // Child element of type TextBlock cloned and added to canvas.
11/27/2025 06:45 // INFO // [EXPORT] // Child element of type Line cloned and added to canvas.
11/27/2025 06:45 // INFO // [EXPORT] // Child element of type Line cloned and added to canvas.
11/27/2025 06:45 // INFO // [EXPORT] // Child element of type TextBlock cloned and added to canvas.
11/27/2025 06:45 // INFO // [EXPORT] // Child element of type Line cloned and added to canvas.
11/27/2025 06:45 // INFO // [EXPORT] // Child element of type Line cloned and added to canvas.
11/27/2025 06:45 // INFO // [EXPORT] // Child element of type TextBlock cloned and added to canvas.
11/27/2025 06:45 // INFO // [EXPORT] // Child element of type Line cloned and added to canvas.
11/27/2025 06:45 // INFO // [EXPORT] // Child element of type Line cloned and added to canvas.
11/27/2025 06:45 // INFO // [EXPORT] // Child element of type TextBlock cloned and added to canvas.
11/27/2025 06:45 // INFO // [EXPORT] // Child element of type Line cloned and added to canvas.
11/27/2025 06:45 // INFO // [EXPORT] // Child element of type Line cloned and added to canvas.
11/27/2025 06:45 // INFO // [EXPORT] // Child element of type TextBlock cloned and added to canvas.
11/27/2025 06:45 // INFO // [EXPORT] // Child element of type Line cloned and added to canvas.
11/27/2025 06:45 // INFO // [EXPORT] // Child element of type Line cloned and added to canvas.
11/27/2025 06:45 // INFO // [EXPORT] // Child element of type TextBlock cloned and added to canvas.
11/27/2025 06:45 // INFO // [EXPORT] // Child element of type Line cloned and added to canvas.
11/27/2025 06:45 // INFO // [EXPORT] // Child element of type Line cloned and added to canvas.
11/27/2025 06:45 // INFO // [EXPORT] // Child element of type TextBlock cloned and added to canvas.
11/27/2025 06:45 // INFO // [EXPORT] // Child element of type Line cloned and added to canvas.
11/27/2025 06:45 // INFO // [EXPORT] // Child element of type Line cloned and added to canvas.
11/27/2025 06:45 // INFO // [EXPORT] // Child element of type TextBlock cloned and added to canvas.
11/27/2025 06:45 // INFO // [EXPORT] // Child element of type Line cloned and added to canvas.
11/27/2025 06:45 // INFO // [EXPORT] // Child element of type Line cloned and added to canvas.
11/27/2025 06:45 // INFO // [EXPORT] // Child element of type TextBlock cloned and added to canvas.
11/27/2025 06:45 // INFO // [EXPORT] // Child element of type Line cloned and added to canvas.
11/27/2025 06:45 // INFO // [EXPORT] // Child element of type Line cloned and added to canvas.
11/27/2025 06:45 // INFO // [EXPORT] // Child element of type TextBlock cloned and added to canvas.
11/27/2025 06:45 // INFO // [EXPORT] // Child element of type Line cloned and added to canvas.
11/27/2025 06:45 // INFO // [EXPORT] // Child element of type Line cloned and added to canvas.
11/27/2025 06:45 // INFO // [EXPORT] // Child element of type TextBlock cloned and added to canvas.
11/27/2025 06:45 // INFO // [EXPORT] // Child element of type Line cloned and added to canvas.
11/27/2025 06:45 // INFO // [EXPORT] // Child element of type Line cloned and added to canvas.
11/27/2025 06:45 // INFO // [EXPORT] // Child element of type TextBlock cloned and added to canvas.
11/27/2025 06:45 // INFO // [EXPORT] // Child element of type Line cloned and added to canvas.
11/27/2025 06:45 // INFO // [EXPORT] // Child element of type Line cloned and added to canvas.
11/27/2025 06:45 // INFO // [EXPORT] // Child element of type TextBlock cloned and added to canvas.
11/27/2025 06:45 // INFO // [EXPORT] // Child element of type Line cloned and added to canvas.
11/27/2025 06:45 // INFO // [EXPORT] // Child element of type Line cloned and added to canvas.
11/27/2025 06:45 // INFO // [EXPORT] // Child element of type TextBlock cloned and added to canvas.
11/27/2025 06:45 // INFO // [EXPORT] // Child element of type Line cloned and added to canvas.
11/27/2025 06:45 // INFO // [EXPORT] // Child element of type Line cloned and added to canvas.
11/27/2025 06:45 // INFO // [EXPORT] // Child element of type TextBlock cloned and added to canvas.
11/27/2025 06:45 // INFO // [EXPORT] // Child element of type Line cloned and added to canvas.
11/27/2025 06:45 // INFO // [EXPORT] // Child element of type Line cloned and added to canvas.
11/27/2025 06:45 // INFO // [EXPORT] // Child element of type TextBlock cloned and added to canvas.
11/27/2025 06:45 // INFO // [EXPORT] // Child element of type Line cloned and added to canvas.
11/27/2025 06:45 // INFO // [EXPORT] // Child element of type Line cloned and added to canvas.
11/27/2025 06:45 // INFO // [EXPORT] // Child element of type TextBlock cloned and added to canvas.
11/27/2025 06:45 // INFO // [EXPORT] // Child element of type Line cloned and added to canvas.
11/27/2025 06:45 // INFO // [EXPORT] // Canvas cloned with 149 children.
11/27/2025 06:45 // INFO // [EXPORT] // Child element of type Line cloned and added to canvas.
11/27/2025 06:45 // INFO // [EXPORT] // Child element of type Line cloned and added to canvas.
11/27/2025 06:45 // INFO // [EXPORT] // Child element of type Line cloned and added to canvas.
11/27/2025 06:45 // INFO // [EXPORT] // Child element of type Line cloned and added to canvas.
11/27/2025 06:45 // INFO // [EXPORT] // Child element of type Line cloned and added to canvas.
11/27/2025 06:45 // INFO // [EXPORT] // Child element of type Line cloned and added to canvas.
11/27/2025 06:45 // INFO // [EXPORT] // Child element of type Line cloned and added to canvas.
11/27/2025 06:45 // INFO // [EXPORT] // Child element of type Line cloned and added to canvas.
11/27/2025 06:45 // INFO // [EXPORT] // Child element of type Line cloned and added to canvas.
11/27/2025 06:45 // INFO // [EXPORT] // Child element of type Line cloned and added to canvas.
11/27/2025 06:45 // INFO // [EXPORT] // Child element of type Line cloned and added to canvas.
11/27/2025 06:45 // INFO // [EXPORT] // Child element of type Line cloned and added to canvas.
11/27/2025 06:45 // INFO // [EXPORT] // Child element of type Line cloned and added to canvas.
11/27/2025 06:45 // INFO // [EXPORT] // Child element of type Line cloned and added to canvas.
11/27/2025 06:45 // INFO // [EXPORT] // Child element of type Line cloned and added to canvas.
11/27/2025 06:45 // INFO // [EXPORT] // Child element of type Line cloned and added to canvas.
11/27/2025 06:45 // INFO // [EXPORT] // Child element of type Line cloned and added to canvas.
11/27/2025 06:45 // INFO // [EXPORT] // Child element of type Line cloned and added to canvas.
11/27/2025 06:45 // INFO // [EXPORT] // Child element of type Line cloned and added to canvas.
11/27/2025 06:45 // INFO // [EXPORT] // Child element of type Line cloned and added to canvas.
11/27/2025 06:45 // INFO // [EXPORT] // Child element of type Line cloned and added to canvas.
11/27/2025 06:45 // INFO // [EXPORT] // Child element of type Line cloned and added to canvas.
11/27/2025 06:45 // INFO // [EXPORT] // Child element of type Line cloned and added to canvas.
11/27/2025 06:45 // INFO // [EXPORT] // Child element of type Line cloned and added to canvas.
11/27/2025 06:45 // INFO // [EXPORT] // Child element of type Line cloned and added to canvas.
11/27/2025 06:45 // INFO // [EXPORT] // Child element of type Line cloned and added to canvas.
11/27/2025 06:45 // INFO // [EXPORT] // Child element of type Line cloned and added to canvas.
11/27/2025 06:45 // INFO // [EXPORT] // Child element of type Line cloned and added to canvas.
11/27/2025 06:45 // INFO // [EXPORT] // Child element of type Line cloned and added to canvas.
11/27/2025 06:45 // INFO // [EXPORT] // Child element of type Line cloned and added to canvas.
11/27/2025 06:45 // INFO // [EXPORT] // Child element of type Line cloned and added to canvas.
11/27/2025 06:45 // INFO // [EXPORT] // Child element of type Line cloned and added to canvas.
11/27/2025 06:45 // INFO // [EXPORT] // Child element of type Line cloned and added to canvas.
11/27/2025 06:45 // INFO // [EXPORT] // Child element of type Line cloned and added to canvas.
11/27/2025 06:45 // INFO // [EXPORT] // Child element of type Line cloned and added to canvas.
11/27/2025 06:45 // INFO // [EXPORT] // Child element of type Line cloned and added to canvas.
11/27/2025 06:45 // INFO // [EXPORT] // Child element of type Line cloned and added to canvas.
11/27/2025 06:45 // INFO // [EXPORT] // Child element of type Line cloned and added to canvas.
11/27/2025 06:45 // INFO // [EXPORT] // Child element of type Line cloned and added to canvas.
11/27/2025 06:45 // INFO // [EXPORT] // Child element of type Line cloned and added to canvas.
11/27/2025 06:45 // INFO // [EXPORT] // Child element of type Line cloned and added to canvas.
11/27/2025 06:45 // INFO // [EXPORT] // Child element of type Line cloned and added to canvas.
11/27/2025 06:45 // INFO // [EXPORT] // Child element of type Line cloned and added to canvas.
11/27/2025 06:45 // INFO // [EXPORT] // Child element of type Line cloned and added to canvas.
11/27/2025 06:45 // INFO // [EXPORT] // Child element of type Line cloned and added to canvas.
11/27/2025 06:45 // INFO // [EXPORT] // Child element of type Line cloned and added to canvas.
11/27/2025 06:45 // INFO // [EXPORT] // Child element of type Line cloned and added to canvas.
11/27/2025 06:45 // INFO // [EXPORT] // Child element of type Line cloned and added to canvas.
11/27/2025 06:45 // INFO // [EXPORT] // Child element of type Line cloned and added to canvas.
11/27/2025 06:45 // INFO // [EXPORT] // Child element of type Line cloned and added to canvas.
11/27/2025 06:45 // INFO // [EXPORT] // Child element of type Line cloned and added to canvas.
11/27/2025 06:45 // INFO // [EXPORT] // Child element of type Line cloned and added to canvas.
11/27/2025 06:45 // INFO // [EXPORT] // Child element of type Line cloned and added to canvas.
11/27/2025 06:45 // INFO // [EXPORT] // Child element of type Line cloned and added to canvas.
11/27/2025 06:45 // INFO // [EXPORT] // Child element of type Line cloned and added to canvas.
11/27/2025 06:45 // INFO // [EXPORT] // Child element of type Line cloned and added to canvas.
11/27/2025 06:45 // INFO // [EXPORT] // Child element of type Line cloned and added to canvas.
11/27/2025 06:45 // INFO // [EXPORT] // Child element of type Line cloned and added to canvas.
11/27/2025 06:45 // INFO // [EXPORT] // Child element of type Line cloned and added to canvas.
11/27/2025 06:45 // INFO // [EXPORT] // Child element of type Line cloned and added to canvas.
11/27/2025 06:45 // INFO // [EXPORT] // Child element of type Line cloned and added to canvas.
11/27/2025 06:45 // INFO // [EXPORT] // Child element of type Line cloned and added to canvas.
11/27/2025 06:45 // INFO // [EXPORT] // Child element of type Line cloned and added to canvas.
11/27/2025 06:45 // INFO // [EXPORT] // Child element of type Line cloned and added to canvas.
11/27/2025 06:45 // INFO // [EXPORT] // Child element of type Line cloned and added to canvas.
11/27/2025 06:45 // INFO // [EXPORT] // Child element of type Line cloned and added to canvas.
11/27/2025 06:45 // INFO // [EXPORT] // Child element of type Line cloned and added to canvas.
11/27/2025 06:45 // INFO // [EXPORT] // Child element of type Line cloned and added to canvas.
11/27/2025 06:45 // INFO // [EXPORT] // Child element of type Line cloned and added to canvas.
11/27/2025 06:45 // INFO // [EXPORT] // Child element of type Line cloned and added to canvas.
11/27/2025 06:45 // INFO // [EXPORT] // Child element of type Line cloned and added to canvas.
11/27/2025 06:45 // INFO // [EXPORT] // Child element of type Line cloned and added to canvas.
11/27/2025 06:45 // INFO // [EXPORT] // Child element of type Line cloned and added to canvas.
11/27/2025 06:45 // INFO // [EXPORT] // Child element of type Line cloned and added to canvas.
11/27/2025 06:45 // INFO // [EXPORT] // Child element of type Line cloned and added to canvas.
11/27/2025 06:45 // INFO // [EXPORT] // Child element of type Line cloned and added to canvas.
11/27/2025 06:45 // INFO // [EXPORT] // Child element of type Line cloned and added to canvas.
11/27/2025 06:45 // INFO // [EXPORT] // Child element of type Line cloned and added to canvas.
11/27/2025 06:45 // INFO // [EXPORT] // Child element of type Line cloned and added to canvas.
11/27/2025 06:45 // INFO // [EXPORT] // Child element of type Line cloned and added to canvas.
11/27/2025 06:45 // INFO // [EXPORT] // Child element of type Line cloned and added to canvas.
11/27/2025 06:45 // INFO // [EXPORT] // Child element of type Line cloned and added to canvas.
11/27/2025 06:45 // INFO // [EXPORT] // Child element of type Line cloned and added to canvas.
11/27/2025 06:45 // INFO // [EXPORT] // Child element of type Line cloned and added to canvas.
11/27/2025 06:45 // INFO // [EXPORT] // Child element of type Line cloned and added to canvas.
11/27/2025 06:45 // INFO // [EXPORT] // Child element of type Line cloned and added to canvas.
11/27/2025 06:45 // INFO // [EXPORT] // Child element of type Line cloned and added to canvas.
11/27/2025 06:45 // INFO // [EXPORT] // Child element of type Line cloned and added to canvas.
11/27/2025 06:45 // INFO // [EXPORT] // Child element of type Line cloned and added to canvas.
11/27/2025 06:45 // INFO // [EXPORT] // Child element of type Line cloned and added to canvas.
11/27/2025 06:45 // INFO // [EXPORT] // Child element of type Line cloned and added to canvas.
11/27/2025 06:45 // INFO // [EXPORT] // Child element of type Line cloned and added to canvas.
11/27/2025 06:45 // INFO // [EXPORT] // Child element of type Line cloned and added to canvas.
11/27/2025 06:45 // INFO // [EXPORT] // Child element of type Line cloned and added to canvas.
11/27/2025 06:45 // INFO // [EXPORT] // Child element of type Line cloned and added to canvas.
11/27/2025 06:45 // INFO // [EXPORT] // Child element of type Line cloned and added to canvas.
11/27/2025 06:45 // INFO // [EXPORT] // Child element of type Line cloned and added to canvas.
11/27/2025 06:45 // INFO // [EXPORT] // Child element of type Line cloned and added to canvas.
11/27/2025 06:45 // INFO // [EXPORT] // Child element of type Line cloned and added to canvas.
11/27/2025 06:45 // INFO // [EXPORT] // Child element of type Rectangle cloned and added to canvas.
11/27/2025 06:45 // INFO // [EXPORT] // Child element of type TextBlock cloned and added to canvas.
11/27/2025 06:45 // INFO // [EXPORT] // Child element of type Rectangle cloned and added to canvas.
11/27/2025 06:45 // INFO // [EXPORT] // Child element of type TextBlock cloned and added to canvas.
11/27/2025 06:45 // INFO // [EXPORT] // Child element of type Rectangle cloned and added to canvas.
11/27/2025 06:45 // INFO // [EXPORT] // Child element of type TextBlock cloned and added to canvas.
11/27/2025 06:45 // INFO // [EXPORT] // Child element of type Rectangle cloned and added to canvas.
11/27/2025 06:45 // INFO // [EXPORT] // Child element of type TextBlock cloned and added to canvas.
11/27/2025 06:45 // INFO // [EXPORT] // Child element of type Rectangle cloned and added to canvas.
11/27/2025 06:45 // INFO // [EXPORT] // Child element of type TextBlock cloned and added to canvas.
11/27/2025 06:45 // INFO // [EXPORT] // Child element of type Rectangle cloned and added to canvas.
11/27/2025 06:45 // INFO // [EXPORT] // Child element of type TextBlock cloned and added to canvas.
11/27/2025 06:45 // INFO // [EXPORT] // Canvas cloned with 111 children.
11/27/2025 06:45 // INFO // [EXPORT] // Child element of type TextBlock cloned and added to canvas.
11/27/2025 06:45 // INFO // [EXPORT] // Child element of type TextBlock cloned and added to canvas.
11/27/2025 06:45 // INFO // [EXPORT] // Canvas cloned with 2 children.
11/27/2025 06:45 // INFO // [EXPORT] // Gantt Chart combined panel measured and arranged with size 1140x140.
11/27/2025 06:45 // INFO // [EXPORT] // Gantt Chart combined RenderTargetBitmap created with size 1140x140 at 384 DPI.
11/27/2025 06:45 // INFO // [EXPORT] // Gantt Chart JpegBitmapEncoder created and frame added.
11/27/2025 06:45 // INFO // [EXPORT] // Gantt Chart exported successfully as C:\Users\Phant0m\Desktop\demoPics\gantt_chart_20251127_064503.jpg.
11/27/2025 06:45 // INFO // [EXPORT] // Gantt chart exported as JPEG file!
11/27/2025 06:45 // WARNING // [EXITUS] // Custom solvers not saved during exit!
11/27/2025 06:45 // INFO // [EXITUS] // Shutting down...
