11/17/2025 10:12 AM // INFO // [INITIALIZATION] // Beginning initialization...
11/17/2025 10:12 AM // INFO // [SAVE] // Custom solvers loaded from JSON file!
11/17/2025 10:12 AM // INFO // [INITIALIZATION] // Johnson's Rule solver added!
11/17/2025 10:12 AM // INFO // [INITIALIZATION] // List Scheduling solver added!
11/17/2025 10:12 AM // INFO // [INITIALIZATION] // {cs.Name} ({cs.TypeID} type) solver added!
11/17/2025 10:12 AM // INFO // [INITIALIZATION] // {cs.Name} ({cs.TypeID} type) solver added!
11/17/2025 10:12 AM // INFO // [INITIALIZATION] // {cs.Name} ({cs.TypeID} type) solver added!
11/17/2025 10:12 AM // INFO // [INITIALIZATION] // Solver menu successfully built!
11/17/2025 10:12 AM // INFO // [CONSTRAINT] // Saving and closing are disabled for as long as there are no files opened.
11/17/2025 10:12 AM // INFO // [INITIALIZATION] // Initialization complete!
11/17/2025 10:13 AM // INFO // [LOAD] // Open file dialog initiated...
11/17/2025 10:13 AM // INFO // [LOAD] // XML document loaded from C:\Users\Phant0m\Desktop\THESIS_LIPX05\test.xml!
11/17/2025 10:13 AM // INFO // [LOAD] // XML element established!
11/17/2025 10:13 AM // INFO // [DATATABLE] // Master Recipe Table datatable displayed in new tab!
11/17/2025 10:13 AM // INFO // [DATATABLE] // Recipe Elements Table datatable displayed in new tab!
11/17/2025 10:13 AM // INFO // [DATATABLE] // Steps Table datatable displayed in new tab!
11/17/2025 10:13 AM // INFO // [LOAD] // BatchML file loaded and data tables populated!
11/17/2025 10:13 AM // INFO // [CONSTRAINT] // Saving and closing are disabled for as long as there are no files opened.
11/17/2025 10:13 AM // INFO // [LOAD] // BatchML file loaded from C:\Users\Phant0m\Desktop\THESIS_LIPX05\test.xml!
11/17/2025 10:13 AM // WARNING // [DATATABLE] // InternalKey column could not be found in DataGrid for Recipe Elements Table after loading!
11/17/2025 10:13 AM // INFO // [S_GRAPH] // Node J1_M1 at 100;70
11/17/2025 10:13 AM // INFO // [S_GRAPH] // Node J1_M2 at 300;70
11/17/2025 10:13 AM // INFO // [S_GRAPH] // Node P1 at 700;70
11/17/2025 10:13 AM // INFO // [S_GRAPH] // Node J2_M1 at 100;220
11/17/2025 10:13 AM // INFO // [S_GRAPH] // Node J2_M2 at 300;220
11/17/2025 10:13 AM // INFO // [S_GRAPH] // Node P2 at 700;220
11/17/2025 10:13 AM // INFO // [S_GRAPH] // Node J3_M1 at 100;370
11/17/2025 10:13 AM // INFO // [S_GRAPH] // Node J3_M2 at 300;370
11/17/2025 10:13 AM // INFO // [S_GRAPH] // Node P3 at 700;370
11/17/2025 10:13 AM // INFO // [S_GRAPH] // Node J4_M1 at 100;520
11/17/2025 10:13 AM // INFO // [S_GRAPH] // Node J4_M2 at 300;520
11/17/2025 10:13 AM // INFO // [S_GRAPH] // Node P4 at 700;520
11/17/2025 10:13 AM // INFO // [S_GRAPH] // Curve value of edge (J1_M1 to J1_M2) set to 25,00
11/17/2025 10:13 AM // INFO // [S_GRAPH] // Edge drawn from (170,0;105,0) to (300,0;105,0)!
11/17/2025 10:13 AM // INFO // [S_GRAPH] // Weight 15 drawn at (235;117,5)!
11/17/2025 10:13 AM // INFO // [S_GRAPH] // Edge from J1_M1 to J1_M2 with cost 15 drawn.
11/17/2025 10:13 AM // INFO // [S_GRAPH] // Edge drawn from (370,0;105,0) to (700,0;105,0)!
11/17/2025 10:13 AM // INFO // [S_GRAPH] // Weight 15 drawn at (535;105)!
11/17/2025 10:13 AM // INFO // [S_GRAPH] // Edge from J1_M2 to P1 with cost 25 drawn.
11/17/2025 10:13 AM // INFO // [S_GRAPH] // Curve value of edge (J2_M1 to J2_M2) set to 25,00
11/17/2025 10:13 AM // INFO // [S_GRAPH] // Edge drawn from (170,0;255,0) to (300,0;255,0)!
11/17/2025 10:13 AM // INFO // [S_GRAPH] // Weight 16 drawn at (235;267,5)!
11/17/2025 10:13 AM // INFO // [S_GRAPH] // Edge from J2_M1 to J2_M2 with cost 16 drawn.
11/17/2025 10:13 AM // INFO // [S_GRAPH] // Edge drawn from (370,0;255,0) to (700,0;255,0)!
11/17/2025 10:13 AM // INFO // [S_GRAPH] // Weight 16 drawn at (535;255)!
11/17/2025 10:13 AM // INFO // [S_GRAPH] // Edge from J2_M2 to P2 with cost 26 drawn.
11/17/2025 10:13 AM // INFO // [S_GRAPH] // Curve value of edge (J3_M1 to J3_M2) set to 25,00
11/17/2025 10:13 AM // INFO // [S_GRAPH] // Edge drawn from (170,0;405,0) to (300,0;405,0)!
11/17/2025 10:13 AM // INFO // [S_GRAPH] // Weight 17 drawn at (235;417,5)!
11/17/2025 10:13 AM // INFO // [S_GRAPH] // Edge from J3_M1 to J3_M2 with cost 17 drawn.
11/17/2025 10:13 AM // INFO // [S_GRAPH] // Edge drawn from (370,0;405,0) to (700,0;405,0)!
11/17/2025 10:13 AM // INFO // [S_GRAPH] // Weight 17 drawn at (535;405)!
11/17/2025 10:13 AM // INFO // [S_GRAPH] // Edge from J3_M2 to P3 with cost 27 drawn.
11/17/2025 10:13 AM // INFO // [S_GRAPH] // Curve value of edge (J4_M1 to J4_M2) set to 25,00
11/17/2025 10:13 AM // INFO // [S_GRAPH] // Edge drawn from (170,0;555,0) to (300,0;555,0)!
11/17/2025 10:13 AM // INFO // [S_GRAPH] // Weight 28 drawn at (235;567,5)!
11/17/2025 10:13 AM // INFO // [S_GRAPH] // Edge from J4_M1 to J4_M2 with cost 28 drawn.
11/17/2025 10:13 AM // INFO // [S_GRAPH] // Edge drawn from (370,0;555,0) to (700,0;555,0)!
11/17/2025 10:13 AM // INFO // [S_GRAPH] // Weight 28 drawn at (535;555)!
11/17/2025 10:13 AM // INFO // [S_GRAPH] // Edge from J4_M2 to P4 with cost 18 drawn.
11/17/2025 10:13 AM // INFO // [S_GRAPH] // Canvas resized to 820x640!
11/17/2025 10:13 AM // INFO // [S_GRAPH] // Flow Shop S-Graph built from BatchML file!
11/17/2025 10:13 AM // INFO // [INITIALIZATION] // Johnson's Rule solver enabled!
11/17/2025 10:13 AM // INFO // [INITIALIZATION] // List Scheduling solver enabled!
11/17/2025 10:13 AM // INFO // [INITIALIZATION] // Branch And Bound solver enabled!
11/17/2025 10:13 AM // INFO // [INITIALIZATION] // Campbell Dudek Smith solver enabled!
11/17/2025 10:13 AM // INFO // [INITIALIZATION] // Simulated Annealing solver enabled!
11/17/2025 10:13 AM // INFO // [INITIALIZATION] //  solver enabled!
11/17/2025 10:13 AM // INFO // [CONSTRAINT] // Saving and closing are disabled for as long as there are no files opened.
11/17/2025 10:13 AM // INFO // [INTEG_SOLVER] // Johnson's Rule solver selected!
11/17/2025 10:13 AM // INFO // [INTEG_SOLVER] // Starting Johnson's Rule solver...
11/17/2025 10:13 AM // INFO // [Johnson's Rule Optimizer] // Optimized job sequence: J1 -> J2 -> J3 -> J4
11/17/2025 10:13 AM // INFO // [Johnson's Rule Optimizer] // Cleared all existing S-Graph edges for sequence rebuild.
11/17/2025 10:13 AM // INFO // [Johnson's Rule Optimizer] // Graph rebuilt with necessary technological constraints (cost=duration) and zero-cost sequential constraints.
11/17/2025 10:13 AM // INFO // [Johnson's Rule Optimizer] // Node J1_M1 added to topological order.
11/17/2025 10:13 AM // INFO // [Johnson's Rule Optimizer] // Decreased in-degree of J1_M2 to 0.
11/17/2025 10:13 AM // INFO // [Johnson's Rule Optimizer] // Decreased in-degree of J2_M1 to 0.
11/17/2025 10:13 AM // INFO // [Johnson's Rule Optimizer] // Node J1_M2 added to topological order.
11/17/2025 10:13 AM // INFO // [Johnson's Rule Optimizer] // Decreased in-degree of J2_M2 to 1.
11/17/2025 10:13 AM // INFO // [Johnson's Rule Optimizer] // Decreased in-degree of P1 to 0.
11/17/2025 10:13 AM // INFO // [Johnson's Rule Optimizer] // Node J2_M1 added to topological order.
11/17/2025 10:13 AM // INFO // [Johnson's Rule Optimizer] // Decreased in-degree of J2_M2 to 0.
11/17/2025 10:13 AM // INFO // [Johnson's Rule Optimizer] // Decreased in-degree of J3_M1 to 0.
11/17/2025 10:13 AM // INFO // [Johnson's Rule Optimizer] // Node P1 added to topological order.
11/17/2025 10:13 AM // INFO // [Johnson's Rule Optimizer] // Node J2_M2 added to topological order.
11/17/2025 10:13 AM // INFO // [Johnson's Rule Optimizer] // Decreased in-degree of J3_M2 to 1.
11/17/2025 10:13 AM // INFO // [Johnson's Rule Optimizer] // Decreased in-degree of P2 to 0.
11/17/2025 10:13 AM // INFO // [Johnson's Rule Optimizer] // Node J3_M1 added to topological order.
11/17/2025 10:13 AM // INFO // [Johnson's Rule Optimizer] // Decreased in-degree of J3_M2 to 0.
11/17/2025 10:13 AM // INFO // [Johnson's Rule Optimizer] // Decreased in-degree of J4_M1 to 0.
11/17/2025 10:13 AM // INFO // [Johnson's Rule Optimizer] // Node P2 added to topological order.
11/17/2025 10:13 AM // INFO // [Johnson's Rule Optimizer] // Node J3_M2 added to topological order.
11/17/2025 10:13 AM // INFO // [Johnson's Rule Optimizer] // Decreased in-degree of J4_M2 to 1.
11/17/2025 10:13 AM // INFO // [Johnson's Rule Optimizer] // Decreased in-degree of P3 to 0.
11/17/2025 10:13 AM // INFO // [Johnson's Rule Optimizer] // Node J4_M1 added to topological order.
11/17/2025 10:13 AM // INFO // [Johnson's Rule Optimizer] // Decreased in-degree of J4_M2 to 0.
11/17/2025 10:13 AM // INFO // [Johnson's Rule Optimizer] // Node P3 added to topological order.
11/17/2025 10:13 AM // INFO // [Johnson's Rule Optimizer] // Node J4_M2 added to topological order.
11/17/2025 10:13 AM // INFO // [Johnson's Rule Optimizer] // Decreased in-degree of P4 to 0.
11/17/2025 10:13 AM // INFO // [Johnson's Rule Optimizer] // Node P4 added to topological order.
11/17/2025 10:13 AM // INFO // [Johnson's Rule Optimizer] // Topological sort completed successfully.
11/17/2025 10:13 AM // INFO // [GANTT] // Node J1_M1 EST is 0 (no predecessors).
11/17/2025 10:13 AM // INFO // [GANTT] // Node J1_M2 EST is determined by J1_M1 (EST: 15,00).
11/17/2025 10:13 AM // INFO // [GANTT] // Node J2_M1 EST is determined by J1_M1 (EST: 15,00).
11/17/2025 10:13 AM // INFO // [GANTT] // Node J2_M2 EST is determined by J2_M1 (EST: 31,00).
11/17/2025 10:13 AM // INFO // [GANTT] // Node J3_M1 EST is determined by J2_M1 (EST: 31,00).
11/17/2025 10:13 AM // INFO // [GANTT] // Node J3_M2 EST is determined by J3_M1 (EST: 48,00).
11/17/2025 10:13 AM // INFO // [GANTT] // Node J4_M1 EST is determined by J3_M1 (EST: 48,00).
11/17/2025 10:13 AM // INFO // [GANTT] // Node J4_M2 EST is determined by J4_M1 (EST: 76,00).
11/17/2025 10:13 AM // INFO // [GANTT] // Gantt chart built with 8 items from path with 12 nodes.
11/17/2025 10:13 AM // INFO // [GANTT] // Gantt data built with 8 items from optimized path using Johnson's Rule!
11/17/2025 10:13 AM // INFO // [GANTT] // Canvases are ready to be used!
11/17/2025 10:13 AM // INFO // [GANTT] // Ruler drawn: 105 ticks and 53 labels.
11/17/2025 10:13 AM // INFO // [GANTT] // Gantt chart rendered with 8 items on canvas.
11/17/2025 10:13 AM // INFO // [GANTT] // Canvas resized to 1140x110 to fit all Gantt items.
11/17/2025 10:13 AM // INFO // [GANTT] // Johnson's Rule schedule rendered successfully!
11/17/2025 10:13 AM // INFO // [S_GRAPH] // Node J1_M1 at 100;70
11/17/2025 10:13 AM // INFO // [S_GRAPH] // Node J1_M2 at 300;70
11/17/2025 10:13 AM // INFO // [S_GRAPH] // Node P1 at 700;70
11/17/2025 10:13 AM // INFO // [S_GRAPH] // Node J2_M1 at 100;220
11/17/2025 10:13 AM // INFO // [S_GRAPH] // Node J2_M2 at 300;220
11/17/2025 10:13 AM // INFO // [S_GRAPH] // Node P2 at 700;220
11/17/2025 10:13 AM // INFO // [S_GRAPH] // Node J3_M1 at 100;370
11/17/2025 10:13 AM // INFO // [S_GRAPH] // Node J3_M2 at 300;370
11/17/2025 10:13 AM // INFO // [S_GRAPH] // Node P3 at 700;370
11/17/2025 10:13 AM // INFO // [S_GRAPH] // Node J4_M1 at 100;520
11/17/2025 10:13 AM // INFO // [S_GRAPH] // Node J4_M2 at 300;520
11/17/2025 10:13 AM // INFO // [S_GRAPH] // Node P4 at 700;520
11/17/2025 10:13 AM // INFO // [S_GRAPH] // Curve value of edge (J1_M1 to J1_M2) set to 25,00
11/17/2025 10:13 AM // INFO // [S_GRAPH] // Edge drawn from (170,0;105,0) to (300,0;105,0)!
11/17/2025 10:13 AM // INFO // [S_GRAPH] // Weight 15 drawn at (235;117,5)!
11/17/2025 10:13 AM // INFO // [S_GRAPH] // Edge from J1_M1 to J1_M2 with cost 0 drawn.
11/17/2025 10:13 AM // INFO // [S_GRAPH] // Curve value of edge (J2_M1 to J2_M2) set to 25,00
11/17/2025 10:13 AM // INFO // [S_GRAPH] // Edge drawn from (170,0;255,0) to (300,0;255,0)!
11/17/2025 10:13 AM // INFO // [S_GRAPH] // Weight 16 drawn at (235;267,5)!
11/17/2025 10:13 AM // INFO // [S_GRAPH] // Edge from J2_M1 to J2_M2 with cost 0 drawn.
11/17/2025 10:13 AM // INFO // [S_GRAPH] // Curve value of edge (J3_M1 to J3_M2) set to 25,00
11/17/2025 10:13 AM // INFO // [S_GRAPH] // Edge drawn from (170,0;405,0) to (300,0;405,0)!
11/17/2025 10:13 AM // INFO // [S_GRAPH] // Weight 17 drawn at (235;417,5)!
11/17/2025 10:13 AM // INFO // [S_GRAPH] // Edge from J3_M1 to J3_M2 with cost 0 drawn.
11/17/2025 10:13 AM // INFO // [S_GRAPH] // Curve value of edge (J4_M1 to J4_M2) set to 25,00
11/17/2025 10:13 AM // INFO // [S_GRAPH] // Edge drawn from (170,0;555,0) to (300,0;555,0)!
11/17/2025 10:13 AM // INFO // [S_GRAPH] // Weight 28 drawn at (235;567,5)!
11/17/2025 10:13 AM // INFO // [S_GRAPH] // Edge from J4_M1 to J4_M2 with cost 0 drawn.
11/17/2025 10:13 AM // INFO // [S_GRAPH] // Curve value of edge (J1_M1 to J2_M1) set to -25,00
11/17/2025 10:13 AM // INFO // [S_GRAPH] // Edge drawn from (135,0;140,0) to (135,0;220,0)!
11/17/2025 10:13 AM // INFO // [S_GRAPH] // Weight 15 drawn at (147,5;180)!
11/17/2025 10:13 AM // INFO // [S_GRAPH] // Edge from J1_M1 to J2_M1 with cost 0 drawn.
11/17/2025 10:13 AM // INFO // [S_GRAPH] // Curve value of edge (J1_M2 to J2_M2) set to -25,00
11/17/2025 10:13 AM // INFO // [S_GRAPH] // Edge drawn from (335,0;140,0) to (335,0;220,0)!
11/17/2025 10:13 AM // INFO // [S_GRAPH] // Weight 15 drawn at (347,5;180)!
11/17/2025 10:13 AM // INFO // [S_GRAPH] // Edge from J1_M2 to J2_M2 with cost 0 drawn.
11/17/2025 10:13 AM // INFO // [S_GRAPH] // Curve value of edge (J2_M1 to J3_M1) set to -25,00
11/17/2025 10:13 AM // INFO // [S_GRAPH] // Edge drawn from (135,0;290,0) to (135,0;370,0)!
11/17/2025 10:13 AM // INFO // [S_GRAPH] // Weight 16 drawn at (147,5;330)!
11/17/2025 10:13 AM // INFO // [S_GRAPH] // Edge from J2_M1 to J3_M1 with cost 0 drawn.
11/17/2025 10:13 AM // INFO // [S_GRAPH] // Curve value of edge (J2_M2 to J3_M2) set to -25,00
11/17/2025 10:13 AM // INFO // [S_GRAPH] // Edge drawn from (335,0;290,0) to (335,0;370,0)!
11/17/2025 10:13 AM // INFO // [S_GRAPH] // Weight 16 drawn at (347,5;330)!
11/17/2025 10:13 AM // INFO // [S_GRAPH] // Edge from J2_M2 to J3_M2 with cost 0 drawn.
11/17/2025 10:13 AM // INFO // [S_GRAPH] // Curve value of edge (J3_M1 to J4_M1) set to -25,00
11/17/2025 10:13 AM // INFO // [S_GRAPH] // Edge drawn from (135,0;440,0) to (135,0;520,0)!
11/17/2025 10:13 AM // INFO // [S_GRAPH] // Weight 17 drawn at (147,5;480)!
11/17/2025 10:13 AM // INFO // [S_GRAPH] // Edge from J3_M1 to J4_M1 with cost 0 drawn.
11/17/2025 10:13 AM // INFO // [S_GRAPH] // Curve value of edge (J3_M2 to J4_M2) set to -25,00
11/17/2025 10:13 AM // INFO // [S_GRAPH] // Edge drawn from (335,0;440,0) to (335,0;520,0)!
11/17/2025 10:13 AM // INFO // [S_GRAPH] // Weight 17 drawn at (347,5;480)!
11/17/2025 10:13 AM // INFO // [S_GRAPH] // Edge from J3_M2 to J4_M2 with cost 0 drawn.
11/17/2025 10:13 AM // INFO // [S_GRAPH] // Edge drawn from (370,0;105,0) to (700,0;105,0)!
11/17/2025 10:13 AM // INFO // [S_GRAPH] // Weight 15 drawn at (535;105)!
11/17/2025 10:13 AM // INFO // [S_GRAPH] // Edge from J1_M2 to P1 with cost 0 drawn.
11/17/2025 10:13 AM // INFO // [S_GRAPH] // Edge drawn from (370,0;255,0) to (700,0;255,0)!
11/17/2025 10:13 AM // INFO // [S_GRAPH] // Weight 16 drawn at (535;255)!
11/17/2025 10:13 AM // INFO // [S_GRAPH] // Edge from J2_M2 to P2 with cost 0 drawn.
11/17/2025 10:13 AM // INFO // [S_GRAPH] // Edge drawn from (370,0;405,0) to (700,0;405,0)!
11/17/2025 10:13 AM // INFO // [S_GRAPH] // Weight 17 drawn at (535;405)!
11/17/2025 10:13 AM // INFO // [S_GRAPH] // Edge from J3_M2 to P3 with cost 0 drawn.
11/17/2025 10:13 AM // INFO // [S_GRAPH] // Edge drawn from (370,0;555,0) to (700,0;555,0)!
11/17/2025 10:13 AM // INFO // [S_GRAPH] // Weight 28 drawn at (535;555)!
11/17/2025 10:13 AM // INFO // [S_GRAPH] // Edge from J4_M2 to P4 with cost 0 drawn.
11/17/2025 10:13 AM // INFO // [S_GRAPH] // Canvas resized to 820x640!
11/17/2025 10:15 AM // INFO // [GANTT] // Gantt chart rendered with 8 items on canvas.
11/17/2025 10:15 AM // INFO // [GANTT] // Canvas resized to 1142,9196540747878x110 to fit all Gantt items.
11/17/2025 10:15 AM // INFO // [GANTT] // Canvases are ready to be used!
11/17/2025 10:15 AM // INFO // [GANTT] // Ruler drawn: 105 ticks and 53 labels.
11/17/2025 10:15 AM // INFO // [MODIFY] // Zoom level changed to 0,004044489383215369, scale set to 10,028073596872959!
11/17/2025 10:15 AM // INFO // [GANTT] // Gantt chart rendered with 8 items on canvas.
11/17/2025 10:15 AM // INFO // [GANTT] // Canvas resized to 1145,847504668726x110 to fit all Gantt items.
11/17/2025 10:15 AM // INFO // [GANTT] // Canvases are ready to be used!
11/17/2025 10:15 AM // INFO // [GANTT] // Ruler drawn: 105 ticks and 53 labels.
11/17/2025 10:15 AM // INFO // [MODIFY] // Zoom level changed to 0,008088978766430738, scale set to 10,056226006430059!
11/17/2025 10:15 AM // INFO // [GANTT] // Gantt chart rendered with 8 items on canvas.
11/17/2025 10:15 AM // INFO // [GANTT] // Canvas resized to 1154,680465994394x110 to fit all Gantt items.
11/17/2025 10:15 AM // INFO // [GANTT] // Canvases are ready to be used!
11/17/2025 10:15 AM // INFO // [GANTT] // Ruler drawn: 105 ticks and 53 labels.
11/17/2025 10:15 AM // INFO // [MODIFY] // Zoom level changed to 0,020222446916076844, scale set to 10,141158326869173!
11/17/2025 10:15 AM // INFO // [GANTT] // Gantt chart rendered with 8 items on canvas.
11/17/2025 10:15 AM // INFO // [GANTT] // Canvas resized to 1187,711051784383x110 to fit all Gantt items.
11/17/2025 10:15 AM // INFO // [GANTT] // Canvases are ready to be used!
11/17/2025 10:15 AM // INFO // [GANTT] // Ruler drawn: 105 ticks and 53 labels.
11/17/2025 10:15 AM // INFO // [MODIFY] // Zoom level changed to 0,06471183013144591, scale set to 10,458760113311374!
11/17/2025 10:15 AM // INFO // [GANTT] // Gantt chart rendered with 8 items on canvas.
11/17/2025 10:15 AM // INFO // [GANTT] // Canvas resized to 1203,0649990030822x110 to fit all Gantt items.
11/17/2025 10:15 AM // INFO // [GANTT] // Canvases are ready to be used!
11/17/2025 10:15 AM // INFO // [GANTT] // Ruler drawn: 105 ticks and 53 labels.
11/17/2025 10:15 AM // INFO // [MODIFY] // Zoom level changed to 0,08493427704752275, scale set to 10,606394221183482!
11/17/2025 10:15 AM // INFO // [GANTT] // Gantt chart rendered with 8 items on canvas.
11/17/2025 10:15 AM // INFO // [GANTT] // Canvas resized to 1221,7760926845278x110 to fit all Gantt items.
11/17/2025 10:15 AM // INFO // [GANTT] // Canvases are ready to be used!
11/17/2025 10:15 AM // INFO // [GANTT] // Ruler drawn: 105 ticks and 53 labels.
11/17/2025 10:15 AM // INFO // [MODIFY] // Zoom level changed to 0,10920121334681497, scale set to 10,786308583505075!
11/17/2025 10:15 AM // INFO // [GANTT] // Gantt chart rendered with 8 items on canvas.
11/17/2025 10:15 AM // INFO // [GANTT] // Canvas resized to 1250,4395238543875x110 to fit all Gantt items.
11/17/2025 10:15 AM // INFO // [GANTT] // Canvases are ready to be used!
11/17/2025 10:15 AM // INFO // [GANTT] // Ruler drawn: 105 ticks and 53 labels.
11/17/2025 10:15 AM // INFO // [MODIFY] // Zoom level changed to 0,14560161779575329, scale set to 11,06191849859988!
11/17/2025 10:15 AM // INFO // [GANTT] // Gantt chart rendered with 8 items on canvas.
11/17/2025 10:15 AM // INFO // [GANTT] // Canvas resized to 1273,2387054235223x110 to fit all Gantt items.
11/17/2025 10:15 AM // INFO // [GANTT] // Canvases are ready to be used!
11/17/2025 10:15 AM // INFO // [GANTT] // Ruler drawn: 105 ticks and 53 labels.
11/17/2025 10:15 AM // INFO // [MODIFY] // Zoom level changed to 0,17391304347826086, scale set to 11,281141398303099!
11/17/2025 10:15 AM // INFO // [GANTT] // Gantt chart rendered with 8 items on canvas.
11/17/2025 10:15 AM // INFO // [GANTT] // Canvas resized to 1306,5949636694907x110 to fit all Gantt items.
11/17/2025 10:15 AM // INFO // [GANTT] // Canvases are ready to be used!
11/17/2025 10:15 AM // INFO // [GANTT] // Ruler drawn: 105 ticks and 53 labels.
11/17/2025 10:15 AM // INFO // [MODIFY] // Zoom level changed to 0,21435793731041455, scale set to 11,60187465066818!
11/17/2025 10:15 AM // INFO // [GANTT] // Gantt chart rendered with 8 items on canvas.
11/17/2025 10:15 AM // INFO // [GANTT] // Canvas resized to 1309,9823097293909x110 to fit all Gantt items.
11/17/2025 10:15 AM // INFO // [GANTT] // Canvases are ready to be used!
11/17/2025 10:15 AM // INFO // [GANTT] // Ruler drawn: 105 ticks and 53 labels.
11/17/2025 10:15 AM // INFO // [MODIFY] // Zoom level changed to 0,21840242669362991, scale set to 11,634445285859528!
11/17/2025 10:15 AM // INFO // [GANTT] // Gantt chart rendered with 8 items on canvas.
11/17/2025 10:15 AM // INFO // [GANTT] // Canvas resized to 1313,3791652880666x110 to fit all Gantt items.
11/17/2025 10:15 AM // INFO // [GANTT] // Canvases are ready to be used!
11/17/2025 10:15 AM // INFO // [GANTT] // Ruler drawn: 105 ticks and 53 labels.
11/17/2025 10:15 AM // INFO // [MODIFY] // Zoom level changed to 0,22244691607684527, scale set to 11,667107358539102!
11/17/2025 10:15 AM // INFO // [GANTT] // Gantt chart rendered with 8 items on canvas.
11/17/2025 10:15 AM // INFO // [GANTT] // Canvas resized to 1316,7855570421011x110 to fit all Gantt items.
11/17/2025 10:15 AM // INFO // [GANTT] // Canvases are ready to be used!
11/17/2025 10:15 AM // INFO // [GANTT] // Ruler drawn: 105 ticks and 53 labels.
11/17/2025 10:15 AM // INFO // [MODIFY] // Zoom level changed to 0,22649140546006064, scale set to 11,699861125404817!
11/17/2025 10:15 AM // INFO // [GANTT] // Gantt chart rendered with 8 items on canvas.
11/17/2025 10:15 AM // INFO // [GANTT] // Canvas resized to 1327,062217567661x110 to fit all Gantt items.
11/17/2025 10:15 AM // INFO // [GANTT] // Canvases are ready to be used!
11/17/2025 10:15 AM // INFO // [GANTT] // Ruler drawn: 105 ticks and 53 labels.
11/17/2025 10:15 AM // INFO // [MODIFY] // Zoom level changed to 0,2386248736097072, scale set to 11,798675168919818!
11/17/2025 10:15 AM // INFO // [GANTT] // Gantt chart rendered with 8 items on canvas.
11/17/2025 10:15 AM // INFO // [GANTT] // Canvas resized to 1330,5070225710647x110 to fit all Gantt items.
11/17/2025 10:15 AM // INFO // [GANTT] // Canvases are ready to be used!
11/17/2025 10:15 AM // INFO // [GANTT] // Ruler drawn: 105 ticks and 53 labels.
11/17/2025 10:15 AM // INFO // [MODIFY] // Zoom level changed to 0,24266936299292255, scale set to 11,831798293952545!
11/17/2025 10:15 AM // INFO // [GANTT] // Gantt chart rendered with 8 items on canvas.
11/17/2025 10:15 AM // INFO // [GANTT] // Canvas resized to 1333,9614983811648x110 to fit all Gantt items.
11/17/2025 10:15 AM // INFO // [GANTT] // Canvases are ready to be used!
11/17/2025 10:15 AM // INFO // [GANTT] // Ruler drawn: 105 ticks and 53 labels.
11/17/2025 10:15 AM // INFO // [MODIFY] // Zoom level changed to 0,24671385237613747, scale set to 11,8650144075112!
11/17/2025 10:15 AM // INFO // [GANTT] // Gantt chart rendered with 8 items on canvas.
11/17/2025 10:15 AM // INFO // [GANTT] // Canvas resized to 1337,4256721473955x110 to fit all Gantt items.
11/17/2025 10:15 AM // INFO // [GANTT] // Canvases are ready to be used!
11/17/2025 10:15 AM // INFO // [GANTT] // Ruler drawn: 105 ticks and 53 labels.
11/17/2025 10:15 AM // INFO // [MODIFY] // Zoom level changed to 0,25075834175935285, scale set to 11,898323770648034!
11/17/2025 10:15 AM // INFO // [GANTT] // Gantt chart rendered with 8 items on canvas.
11/17/2025 10:15 AM // INFO // [GANTT] // Canvas resized to 1340,8995710954077x110 to fit all Gantt items.
11/17/2025 10:15 AM // INFO // [GANTT] // Canvases are ready to be used!
11/17/2025 10:15 AM // INFO // [GANTT] // Ruler drawn: 105 ticks and 53 labels.
11/17/2025 10:15 AM // INFO // [MODIFY] // Zoom level changed to 0,2548028311425687, scale set to 11,931726645148151!
11/17/2025 10:15 AM // INFO // [GANTT] // Gantt chart rendered with 8 items on canvas.
11/17/2025 10:15 AM // INFO // [GANTT] // Canvas resized to 1344,3832225272836x110 to fit all Gantt items.
11/17/2025 10:15 AM // INFO // [GANTT] // Canvases are ready to be used!
11/17/2025 10:15 AM // INFO // [GANTT] // Ruler drawn: 105 ticks and 53 labels.
11/17/2025 10:15 AM // INFO // [MODIFY] // Zoom level changed to 0,2588473205257836, scale set to 11,965223293531572!
11/17/2025 10:15 AM // INFO // [GANTT] // Gantt chart rendered with 8 items on canvas.
11/17/2025 10:15 AM // INFO // [GANTT] // Canvas resized to 1358,4159018222576x110 to fit all Gantt items.
11/17/2025 10:15 AM // INFO // [GANTT] // Canvases are ready to be used!
11/17/2025 10:15 AM // INFO // [GANTT] // Ruler drawn: 105 ticks and 53 labels.
11/17/2025 10:15 AM // INFO // [MODIFY] // Zoom level changed to 0,2750252780586451, scale set to 12,100152902137092!
11/17/2025 10:15 AM // INFO // [GANTT] // Gantt chart rendered with 8 items on canvas.
11/17/2025 10:15 AM // INFO // [GANTT] // Canvas resized to 1365,4914718810126x110 to fit all Gantt items.
11/17/2025 10:15 AM // INFO // [GANTT] // Canvases are ready to be used!
11/17/2025 10:15 AM // INFO // [GANTT] // Ruler drawn: 105 ticks and 53 labels.
11/17/2025 10:15 AM // INFO // [MODIFY] // Zoom level changed to 0,2831142568250763, scale set to 12,16818722962512!
11/17/2025 10:15 AM // INFO // [GANTT] // Gantt chart rendered with 8 items on canvas.
11/17/2025 10:15 AM // INFO // [GANTT] // Canvas resized to 1369,0441616237879x110 to fit all Gantt items.
11/17/2025 10:15 AM // INFO // [GANTT] // Canvases are ready to be used!
11/17/2025 10:15 AM // INFO // [GANTT] // Ruler drawn: 105 ticks and 53 labels.
11/17/2025 10:15 AM // INFO // [MODIFY] // Zoom level changed to 0,2871587462082912, scale set to 12,202347707921037!
11/17/2025 10:15 AM // INFO // [GANTT] // Gantt chart rendered with 8 items on canvas.
11/17/2025 10:15 AM // INFO // [GANTT] // Canvas resized to 1372,6068250445292x110 to fit all Gantt items.
11/17/2025 10:15 AM // INFO // [GANTT] // Canvases are ready to be used!
11/17/2025 10:15 AM // INFO // [GANTT] // Ruler drawn: 105 ticks and 53 labels.
11/17/2025 10:15 AM // INFO // [MODIFY] // Zoom level changed to 0,29120323559150657, scale set to 12,236604086966626!
11/17/2025 10:15 AM // INFO // [GANTT] // Gantt chart rendered with 8 items on canvas.
11/17/2025 10:15 AM // INFO // [GANTT] // Canvas resized to 1376,1794901429366x110 to fit all Gantt items.
11/17/2025 10:15 AM // INFO // [GANTT] // Canvases are ready to be used!
11/17/2025 10:15 AM // INFO // [GANTT] // Ruler drawn: 105 ticks and 53 labels.
11/17/2025 10:15 AM // INFO // [MODIFY] // Zoom level changed to 0,29524772497472196, scale set to 12,270956635989776!
11/17/2025 10:15 AM // INFO // [GANTT] // Gantt chart rendered with 8 items on canvas.
11/17/2025 10:15 AM // INFO // [GANTT] // Canvas resized to 1379,7621849973177x110 to fit all Gantt items.
11/17/2025 10:15 AM // INFO // [GANTT] // Canvases are ready to be used!
11/17/2025 10:15 AM // INFO // [GANTT] // Ruler drawn: 105 ticks and 53 labels.
11/17/2025 10:15 AM // INFO // [MODIFY] // Zoom level changed to 0,29929221435793735, scale set to 12,30540562497421!
11/17/2025 10:15 AM // INFO // [GANTT] // Gantt chart rendered with 8 items on canvas.
11/17/2025 10:15 AM // INFO // [GANTT] // Canvas resized to 1383,3549377648053x110 to fit all Gantt items.
11/17/2025 10:15 AM // INFO // [GANTT] // Canvases are ready to be used!
11/17/2025 10:15 AM // INFO // [GANTT] // Ruler drawn: 105 ticks and 53 labels.
11/17/2025 10:15 AM // INFO // [MODIFY] // Zoom level changed to 0,30333670374115274, scale set to 12,33995132466159!
11/17/2025 10:15 AM // INFO // [GANTT] // Gantt chart rendered with 8 items on canvas.
11/17/2025 10:15 AM // INFO // [GANTT] // Canvas resized to 1386,9577766815787x110 to fit all Gantt items.
11/17/2025 10:15 AM // INFO // [GANTT] // Canvases are ready to be used!
11/17/2025 10:15 AM // INFO // [GANTT] // Ruler drawn: 105 ticks and 53 labels.
11/17/2025 10:15 AM // INFO // [MODIFY] // Zoom level changed to 0,3073811931243681, scale set to 12,374594006553641!
11/17/2025 10:15 AM // INFO // [GANTT] // Gantt chart rendered with 8 items on canvas.
11/17/2025 10:15 AM // INFO // [GANTT] // Canvas resized to 1390,5707300630866x110 to fit all Gantt items.
11/17/2025 10:15 AM // INFO // [GANTT] // Canvases are ready to be used!
11/17/2025 10:15 AM // INFO // [GANTT] // Ruler drawn: 105 ticks and 53 labels.
11/17/2025 10:15 AM // INFO // [MODIFY] // Zoom level changed to 0,3114256825075835, scale set to 12,409333942914294!
11/17/2025 10:15 AM // INFO // [GANTT] // Gantt chart rendered with 8 items on canvas.
11/17/2025 10:15 AM // INFO // [GANTT] // Canvas resized to 1394,1938263042698x110 to fit all Gantt items.
11/17/2025 10:15 AM // INFO // [GANTT] // Canvases are ready to be used!
11/17/2025 10:15 AM // INFO // [GANTT] // Ruler drawn: 105 ticks and 53 labels.
11/17/2025 10:15 AM // INFO // [MODIFY] // Zoom level changed to 0,3154701718907989, scale set to 12,444171406771824!
11/17/2025 10:15 AM // INFO // [GANTT] // Gantt chart rendered with 8 items on canvas.
11/17/2025 10:15 AM // INFO // [GANTT] // Canvas resized to 1397,827093879784x110 to fit all Gantt items.
11/17/2025 10:15 AM // INFO // [GANTT] // Canvases are ready to be used!
11/17/2025 10:15 AM // INFO // [GANTT] // Ruler drawn: 105 ticks and 53 labels.
11/17/2025 10:15 AM // INFO // [MODIFY] // Zoom level changed to 0,3195146612740143, scale set to 12,479106671920999!
11/17/2025 10:15 AM // INFO // [GANTT] // Gantt chart rendered with 8 items on canvas.
11/17/2025 10:15 AM // INFO // [GANTT] // Canvas resized to 1408,7882105592896x110 to fit all Gantt items.
11/17/2025 10:15 AM // INFO // [GANTT] // Canvases are ready to be used!
11/17/2025 10:15 AM // INFO // [GANTT] // Ruler drawn: 105 ticks and 53 labels.
11/17/2025 10:15 AM // INFO // [MODIFY] // Zoom level changed to 0,3316481294236604, scale set to 12,584502024608554!
11/17/2025 10:15 AM // INFO // [GANTT] // Gantt chart rendered with 8 items on canvas.
11/17/2025 10:15 AM // INFO // [GANTT] // Canvas resized to 1412,4624498208218x110 to fit all Gantt items.
11/17/2025 10:15 AM // INFO // [GANTT] // Canvases are ready to be used!
11/17/2025 10:15 AM // INFO // [GANTT] // Ruler drawn: 105 ticks and 53 labels.
11/17/2025 10:15 AM // INFO // [MODIFY] // Zoom level changed to 0,3356926188068753, scale set to 12,619831248277134!
11/17/2025 10:15 AM // INFO // [GANTT] // Gantt chart rendered with 8 items on canvas.
11/17/2025 10:15 AM // INFO // [GANTT] // Canvas resized to 1419,8419020351057x110 to fit all Gantt items.
11/17/2025 10:15 AM // INFO // [GANTT] // Canvases are ready to be used!
11/17/2025 10:15 AM // INFO // [GANTT] // Ruler drawn: 105 ticks and 53 labels.
11/17/2025 10:15 AM // INFO // [MODIFY] // Zoom level changed to 0,3437815975733065, scale set to 12,690787519568325!
11/17/2025 10:15 AM // INFO // [GANTT] // Gantt chart rendered with 8 items on canvas.
11/17/2025 10:15 AM // INFO // [GANTT] // Canvas resized to 1423,5471729844833x110 to fit all Gantt items.
11/17/2025 10:15 AM // INFO // [GANTT] // Canvases are ready to be used!
11/17/2025 10:15 AM // INFO // [GANTT] // Ruler drawn: 105 ticks and 53 labels.
11/17/2025 10:15 AM // INFO // [MODIFY] // Zoom level changed to 0,3478260869565219, scale set to 12,726415124850801!
11/17/2025 10:15 AM // INFO // [GANTT] // Gantt chart rendered with 8 items on canvas.
11/17/2025 10:15 AM // INFO // [GANTT] // Canvas resized to 1427,2628459621546x110 to fit all Gantt items.
11/17/2025 10:15 AM // INFO // [GANTT] // Canvases are ready to be used!
11/17/2025 10:15 AM // INFO // [GANTT] // Ruler drawn: 105 ticks and 53 labels.
11/17/2025 10:15 AM // INFO // [MODIFY] // Zoom level changed to 0,3518705763397373, scale set to 12,762142749636103!
11/17/2025 10:15 AM // INFO // [GANTT] // Gantt chart rendered with 8 items on canvas.
11/17/2025 10:15 AM // INFO // [GANTT] // Canvas resized to 1430,9889501703544x110 to fit all Gantt items.
11/17/2025 10:15 AM // INFO // [GANTT] // Canvases are ready to be used!
11/17/2025 10:15 AM // INFO // [GANTT] // Ruler drawn: 105 ticks and 53 labels.
11/17/2025 10:15 AM // INFO // [MODIFY] // Zoom level changed to 0,3559150657229527, scale set to 12,797970674714946!
11/17/2025 10:15 AM // INFO // [GANTT] // Gantt chart rendered with 8 items on canvas.
11/17/2025 10:15 AM // INFO // [GANTT] // Canvas resized to 1434,7255148932989x110 to fit all Gantt items.
11/17/2025 10:15 AM // INFO // [GANTT] // Canvases are ready to be used!
11/17/2025 10:15 AM // INFO // [GANTT] // Ruler drawn: 105 ticks and 53 labels.
11/17/2025 10:15 AM // INFO // [MODIFY] // Zoom level changed to 0,35995955510616756, scale set to 12,833899181666336!
11/17/2025 10:15 AM // INFO // [GANTT] // Gantt chart rendered with 8 items on canvas.
11/17/2025 10:15 AM // INFO // [GANTT] // Canvas resized to 1438,4725694974156x110 to fit all Gantt items.
11/17/2025 10:15 AM // INFO // [GANTT] // Canvases are ready to be used!
11/17/2025 10:15 AM // INFO // [GANTT] // Ruler drawn: 105 ticks and 53 labels.
11/17/2025 10:15 AM // INFO // [MODIFY] // Zoom level changed to 0,36400404448938295, scale set to 12,869928552859767!
11/17/2025 10:15 AM // INFO // [GANTT] // Gantt chart rendered with 8 items on canvas.
11/17/2025 10:15 AM // INFO // [GANTT] // Canvas resized to 1442,2301434315746x110 to fit all Gantt items.
11/17/2025 10:15 AM // INFO // [GANTT] // Canvases are ready to be used!
11/17/2025 10:15 AM // INFO // [GANTT] // Ruler drawn: 105 ticks and 53 labels.
11/17/2025 10:15 AM // INFO // [MODIFY] // Zoom level changed to 0,3680485338725988, scale set to 12,906059071457449!
11/17/2025 10:15 AM // INFO // [GANTT] // Gantt chart rendered with 8 items on canvas.
11/17/2025 10:15 AM // INFO // [GANTT] // Canvas resized to 1445,9982662273176x110 to fit all Gantt items.
11/17/2025 10:15 AM // INFO // [GANTT] // Canvases are ready to be used!
11/17/2025 10:15 AM // INFO // [GANTT] // Ruler drawn: 105 ticks and 53 labels.
11/17/2025 10:15 AM // INFO // [MODIFY] // Zoom level changed to 0,37209302325581367, scale set to 12,942291021416516!
11/17/2025 10:15 AM // INFO // [GANTT] // Gantt chart rendered with 8 items on canvas.
11/17/2025 10:15 AM // INFO // [GANTT] // Canvas resized to 1449,7769674990946x110 to fit all Gantt items.
11/17/2025 10:15 AM // INFO // [GANTT] // Canvases are ready to be used!
11/17/2025 10:15 AM // INFO // [GANTT] // Ruler drawn: 105 ticks and 53 labels.
11/17/2025 10:15 AM // INFO // [MODIFY] // Zoom level changed to 0,37613751263902906, scale set to 12,978624687491294!
11/17/2025 10:15 AM // INFO // [GANTT] // Gantt chart rendered with 8 items on canvas.
11/17/2025 10:15 AM // INFO // [GANTT] // Canvas resized to 1453,5662769444925x110 to fit all Gantt items.
11/17/2025 10:15 AM // INFO // [GANTT] // Canvases are ready to be used!
11/17/2025 10:15 AM // INFO // [GANTT] // Ruler drawn: 105 ticks and 53 labels.
11/17/2025 10:15 AM // INFO // [MODIFY] // Zoom level changed to 0,3801820020222449, scale set to 13,015060355235505!
11/17/2025 10:15 AM // INFO // [GANTT] // Gantt chart rendered with 8 items on canvas.
11/17/2025 10:15 AM // INFO // [GANTT] // Canvas resized to 1457,3662243444696x110 to fit all Gantt items.
11/17/2025 10:15 AM // INFO // [GANTT] // Canvases are ready to be used!
11/17/2025 10:15 AM // INFO // [GANTT] // Ruler drawn: 105 ticks and 53 labels.
11/17/2025 10:15 AM // INFO // [MODIFY] // Zoom level changed to 0,3842264914054598, scale set to 13,051598311004515!
11/17/2025 10:15 AM // INFO // [GANTT] // Gantt chart rendered with 8 items on canvas.
11/17/2025 10:15 AM // INFO // [GANTT] // Canvas resized to 1461,1768395635913x110 to fit all Gantt items.
11/17/2025 10:15 AM // INFO // [GANTT] // Canvases are ready to be used!
11/17/2025 10:15 AM // INFO // [GANTT] // Ruler drawn: 105 ticks and 53 labels.
11/17/2025 10:15 AM // INFO // [MODIFY] // Zoom level changed to 0,38827098078867517, scale set to 13,088238841957608!
11/17/2025 10:15 AM // INFO // [GANTT] // Gantt chart rendered with 8 items on canvas.
11/17/2025 10:15 AM // INFO // [GANTT] // Canvas resized to 1461,1768395635918x110 to fit all Gantt items.
11/17/2025 10:15 AM // INFO // [GANTT] // Canvases are ready to be used!
11/17/2025 10:15 AM // INFO // [GANTT] // Ruler drawn: 105 ticks and 53 labels.
11/17/2025 10:15 AM // INFO // [MODIFY] // Zoom level changed to 0,3882709807886756, scale set to 13,088238841957613!
11/17/2025 10:15 AM // INFO // [GANTT] // Gantt chart rendered with 8 items on canvas.
11/17/2025 10:15 AM // INFO // [GANTT] // Canvas resized to 1472,672992040495x110 to fit all Gantt items.
11/17/2025 10:15 AM // INFO // [GANTT] // Canvases are ready to be used!
11/17/2025 10:15 AM // INFO // [GANTT] // Ruler drawn: 105 ticks and 53 labels.
11/17/2025 10:15 AM // INFO // [MODIFY] // Zoom level changed to 0,40040444893832217, scale set to 13,198778769620144!
11/17/2025 10:15 AM // INFO // [GANTT] // Gantt chart rendered with 8 items on canvas.
11/17/2025 10:15 AM // INFO // [GANTT] // Canvas resized to 1476,5265788621891x110 to fit all Gantt items.
11/17/2025 10:15 AM // INFO // [GANTT] // Canvases are ready to be used!
11/17/2025 10:15 AM // INFO // [GANTT] // Ruler drawn: 105 ticks and 53 labels.
11/17/2025 10:15 AM // INFO // [MODIFY] // Zoom level changed to 0,40444893832153705, scale set to 13,235832489059511!
11/17/2025 10:15 AM // INFO // [GANTT] // Gantt chart rendered with 8 items on canvas.
11/17/2025 10:15 AM // INFO // [GANTT] // Canvas resized to 1480,3909840881777x110 to fit all Gantt items.
11/17/2025 10:15 AM // INFO // [GANTT] // Canvases are ready to be used!
11/17/2025 10:15 AM // INFO // [GANTT] // Ruler drawn: 105 ticks and 53 labels.
11/17/2025 10:15 AM // INFO // [MODIFY] // Zoom level changed to 0,40849342770475194, scale set to 13,272990231617094!
11/17/2025 10:15 AM // INFO // [GANTT] // Gantt chart rendered with 8 items on canvas.
11/17/2025 10:15 AM // INFO // [GANTT] // Canvas resized to 1484,2662380896138x110 to fit all Gantt items.
11/17/2025 10:15 AM // INFO // [GANTT] // Canvases are ready to be used!
11/17/2025 10:15 AM // INFO // [GANTT] // Ruler drawn: 105 ticks and 53 labels.
11/17/2025 10:15 AM // INFO // [MODIFY] // Zoom level changed to 0,41253791708796733, scale set to 13,31025228932321!
11/17/2025 10:15 AM // INFO // [GANTT] // Gantt chart rendered with 8 items on canvas.
11/17/2025 10:15 AM // INFO // [GANTT] // Canvas resized to 1488,1523713229121x110 to fit all Gantt items.
11/17/2025 10:15 AM // INFO // [GANTT] // Canvases are ready to be used!
11/17/2025 10:15 AM // INFO // [GANTT] // Ruler drawn: 105 ticks and 53 labels.
11/17/2025 10:15 AM // INFO // [MODIFY] // Zoom level changed to 0,41658240647118316, scale set to 13,347618955028!
11/17/2025 10:15 AM // INFO // [GANTT] // Gantt chart rendered with 8 items on canvas.
11/17/2025 10:15 AM // INFO // [GANTT] // Canvas resized to 1495,9573977385023x110 to fit all Gantt items.
11/17/2025 10:15 AM // INFO // [GANTT] // Canvases are ready to be used!
11/17/2025 10:15 AM // INFO // [GANTT] // Ruler drawn: 105 ticks and 53 labels.
11/17/2025 10:15 AM // INFO // [MODIFY] // Zoom level changed to 0,4246713852376139, scale set to 13,422667285947139!
11/17/2025 10:15 AM // INFO // [GANTT] // Gantt chart rendered with 8 items on canvas.
11/17/2025 10:15 AM // INFO // [GANTT] // Canvas resized to 1499,876352262096x110 to fit all Gantt items.
11/17/2025 10:15 AM // INFO // [GANTT] // Canvases are ready to be used!
11/17/2025 10:15 AM // INFO // [GANTT] // Ruler drawn: 105 ticks and 53 labels.
11/17/2025 10:15 AM // INFO // [MODIFY] // Zoom level changed to 0,4287158746208293, scale set to 13,460349540981692!
11/17/2025 10:15 AM // INFO // [GANTT] // Gantt chart rendered with 8 items on canvas.
11/17/2025 10:15 AM // INFO // [GANTT] // Canvas resized to 1507,7472979404533x110 to fit all Gantt items.
11/17/2025 10:15 AM // INFO // [GANTT] // Canvases are ready to be used!
11/17/2025 10:15 AM // INFO // [GANTT] // Ruler drawn: 105 ticks and 53 labels.
11/17/2025 10:15 AM // INFO // [MODIFY] // Zoom level changed to 0,43680485338725955, scale set to 13,536031710965897!
11/17/2025 10:15 AM // INFO // [GANTT] // Gantt chart rendered with 8 items on canvas.
11/17/2025 10:15 AM // INFO // [GANTT] // Canvas resized to 1515,6624988030437x110 to fit all Gantt items.
11/17/2025 10:15 AM // INFO // [GANTT] // Canvases are ready to be used!
11/17/2025 10:15 AM // INFO // [GANTT] // Ruler drawn: 105 ticks and 53 labels.
11/17/2025 10:15 AM // INFO // [MODIFY] // Zoom level changed to 0,44489383215369077, scale set to 13,612139411567728!
11/17/2025 10:15 AM // INFO // [GANTT] // Gantt chart rendered with 8 items on canvas.
11/17/2025 10:15 AM // INFO // [GANTT] // Canvas resized to 1523,6222036790923x110 to fit all Gantt items.
11/17/2025 10:15 AM // INFO // [GANTT] // Canvases are ready to be used!
11/17/2025 10:15 AM // INFO // [GANTT] // Ruler drawn: 105 ticks and 53 labels.
11/17/2025 10:15 AM // INFO // [MODIFY] // Zoom level changed to 0,45298281092012105, scale set to 13,688675035375887!
11/17/2025 10:15 AM // INFO // [GANTT] // Gantt chart rendered with 8 items on canvas.
11/17/2025 10:15 AM // INFO // [GANTT] // Canvas resized to 1527,6188232636412x110 to fit all Gantt items.
11/17/2025 10:15 AM // INFO // [GANTT] // Canvases are ready to be used!
11/17/2025 10:15 AM // INFO // [GANTT] // Ruler drawn: 105 ticks and 53 labels.
11/17/2025 10:15 AM // INFO // [MODIFY] // Zoom level changed to 0,4570273003033369, scale set to 13,727104069842703!
11/17/2025 10:15 AM // INFO // [GANTT] // Gantt chart rendered with 8 items on canvas.
11/17/2025 10:15 AM // INFO // [GANTT] // Canvas resized to 1531,626662796896x110 to fit all Gantt items.
11/17/2025 10:15 AM // INFO // [GANTT] // Canvases are ready to be used!
11/17/2025 10:15 AM // INFO // [GANTT] // Ruler drawn: 105 ticks and 53 labels.
11/17/2025 10:15 AM // INFO // [MODIFY] // Zoom level changed to 0,46107178968655177, scale set to 13,765640988431691!
11/17/2025 10:15 AM // INFO // [GANTT] // Gantt chart rendered with 8 items on canvas.
11/17/2025 10:15 AM // INFO // [GANTT] // Canvas resized to 1535,6457537772906x110 to fit all Gantt items.
11/17/2025 10:15 AM // INFO // [GANTT] // Canvases are ready to be used!
11/17/2025 10:15 AM // INFO // [GANTT] // Ruler drawn: 105 ticks and 53 labels.
11/17/2025 10:15 AM // INFO // [MODIFY] // Zoom level changed to 0,4651162790697676, scale set to 13,80428609401241!
11/17/2025 10:15 AM // INFO // [GANTT] // Gantt chart rendered with 8 items on canvas.
11/17/2025 10:15 AM // INFO // [GANTT] // Canvas resized to 1543,7178165156076x110 to fit all Gantt items.
11/17/2025 10:15 AM // INFO // [GANTT] // Canvases are ready to be used!
11/17/2025 10:15 AM // INFO // [GANTT] // Ruler drawn: 105 ticks and 53 labels.
11/17/2025 10:15 AM // INFO // [MODIFY] // Zoom level changed to 0,4732052578361983, scale set to 13,881902081880842!
11/17/2025 10:15 AM // INFO // [GANTT] // Gantt chart rendered with 8 items on canvas.
11/17/2025 10:15 AM // INFO // [GANTT] // Canvas resized to 1551,8352652390672x110 to fit all Gantt items.
11/17/2025 10:15 AM // INFO // [GANTT] // Canvases are ready to be used!
11/17/2025 10:15 AM // INFO // [GANTT] // Ruler drawn: 105 ticks and 53 labels.
11/17/2025 10:15 AM // INFO // [MODIFY] // Zoom level changed to 0,48129423660262904, scale set to 13,95995447345257!
11/17/2025 10:15 AM // INFO // [GANTT] // Gantt chart rendered with 8 items on canvas.
11/17/2025 10:15 AM // INFO // [GANTT] // Canvas resized to 1555,9110890352936x110 to fit all Gantt items.
11/17/2025 10:15 AM // INFO // [GANTT] // Canvases are ready to be used!
11/17/2025 10:15 AM // INFO // [GANTT] // Ruler drawn: 105 ticks and 53 labels.
11/17/2025 10:15 AM // INFO // [MODIFY] // Zoom level changed to 0,48533872598584393, scale set to 13,999145086877823!
11/17/2025 10:15 AM // INFO // [GANTT] // Gantt chart rendered with 8 items on canvas.
11/17/2025 10:15 AM // INFO // [GANTT] // Canvas resized to 1559,998355134939x110 to fit all Gantt items.
11/17/2025 10:15 AM // INFO // [GANTT] // Canvases are ready to be used!
11/17/2025 10:15 AM // INFO // [GANTT] // Ruler drawn: 105 ticks and 53 labels.
11/17/2025 10:15 AM // INFO // [MODIFY] // Zoom level changed to 0,48938321536905977, scale set to 14,038445722451335!
11/17/2025 10:15 AM // INFO // [GANTT] // Gantt chart rendered with 8 items on canvas.
11/17/2025 10:15 AM // INFO // [GANTT] // Canvas resized to 1568,2073428253082x110 to fit all Gantt items.
11/17/2025 10:15 AM // INFO // [GANTT] // Canvases are ready to be used!
11/17/2025 10:15 AM // INFO // [GANTT] // Ruler drawn: 105 ticks and 53 labels.
11/17/2025 10:15 AM // INFO // [MODIFY] // Zoom level changed to 0,4974721941354905, scale set to 14,117378296397193!
11/17/2025 10:15 AM // INFO // [GANTT] // Gantt chart rendered with 8 items on canvas.
11/17/2025 10:15 AM // INFO // [GANTT] // Canvas resized to 1572,329128932148x110 to fit all Gantt items.
11/17/2025 10:15 AM // INFO // [GANTT] // Canvases are ready to be used!
11/17/2025 10:15 AM // INFO // [GANTT] // Ruler drawn: 105 ticks and 53 labels.
11/17/2025 10:15 AM // INFO // [MODIFY] // Zoom level changed to 0,5015166835187058, scale set to 14,157010855116807!
11/17/2025 10:15 AM // INFO // [GANTT] // Gantt chart rendered with 8 items on canvas.
11/17/2025 10:15 AM // INFO // [GANTT] // Canvas resized to 1576,4624863751435x110 to fit all Gantt items.
11/17/2025 10:15 AM // INFO // [GANTT] // Canvases are ready to be used!
11/17/2025 10:15 AM // INFO // [GANTT] // Ruler drawn: 105 ticks and 53 labels.
11/17/2025 10:15 AM // INFO // [MODIFY] // Zoom level changed to 0,5055611729019212, scale set to 14,196754676684073!
11/17/2025 10:15 AM // INFO // [GANTT] // Gantt chart rendered with 8 items on canvas.
11/17/2025 10:15 AM // INFO // [GANTT] // Canvas resized to 1580,6074476391975x110 to fit all Gantt items.
11/17/2025 10:15 AM // INFO // [GANTT] // Canvases are ready to be used!
11/17/2025 10:15 AM // INFO // [GANTT] // Ruler drawn: 105 ticks and 53 labels.
11/17/2025 10:15 AM // INFO // [MODIFY] // Zoom level changed to 0,509605662285136, scale set to 14,236610073453823!
11/17/2025 10:15 AM // INFO // [GANTT] // Gantt chart rendered with 8 items on canvas.
11/17/2025 10:15 AM // INFO // [GANTT] // Canvas resized to 1584,7640453004105x110 to fit all Gantt items.
11/17/2025 10:15 AM // INFO // [GANTT] // Canvases are ready to be used!
11/17/2025 10:15 AM // INFO // [GANTT] // Ruler drawn: 105 ticks and 53 labels.
11/17/2025 10:15 AM // INFO // [MODIFY] // Zoom level changed to 0,5136501516683518, scale set to 14,276577358657793!
11/17/2025 10:15 AM // INFO // [GANTT] // Gantt chart rendered with 8 items on canvas.
11/17/2025 10:15 AM // INFO // [GANTT] // Canvas resized to 1588,9323120263334x110 to fit all Gantt items.
11/17/2025 10:15 AM // INFO // [GANTT] // Canvases are ready to be used!
11/17/2025 10:15 AM // INFO // [GANTT] // Ruler drawn: 105 ticks and 53 labels.
11/17/2025 10:15 AM // INFO // [MODIFY] // Zoom level changed to 0,5176946410515672, scale set to 14,316656846407053!
11/17/2025 10:15 AM // INFO // [GANTT] // Gantt chart rendered with 8 items on canvas.
11/17/2025 10:15 AM // INFO // [GANTT] // Canvas resized to 1593,1122805762286x110 to fit all Gantt items.
11/17/2025 10:15 AM // INFO // [GANTT] // Canvases are ready to be used!
11/17/2025 10:15 AM // INFO // [GANTT] // Ruler drawn: 105 ticks and 53 labels.
11/17/2025 10:15 AM // INFO // [MODIFY] // Zoom level changed to 0,5217391304347825, scale set to 14,356848851694506!
11/17/2025 10:15 AM // INFO // [GANTT] // Gantt chart rendered with 8 items on canvas.
11/17/2025 10:15 AM // INFO // [GANTT] // Canvas resized to 1597,3039838013256x110 to fit all Gantt items.
11/17/2025 10:15 AM // INFO // [GANTT] // Canvases are ready to be used!
11/17/2025 10:15 AM // INFO // [GANTT] // Ruler drawn: 105 ticks and 53 labels.
11/17/2025 10:15 AM // INFO // [MODIFY] // Zoom level changed to 0,5257836198179983, scale set to 14,39715369039736!
11/17/2025 10:15 AM // INFO // [GANTT] // Gantt chart rendered with 8 items on canvas.
11/17/2025 10:15 AM // INFO // [GANTT] // Canvas resized to 1601,5074546450765x110 to fit all Gantt items.
11/17/2025 10:15 AM // INFO // [GANTT] // Canvases are ready to be used!
11/17/2025 10:15 AM // INFO // [GANTT] // Ruler drawn: 105 ticks and 53 labels.
11/17/2025 10:15 AM // INFO // [MODIFY] // Zoom level changed to 0,5298281092012131, scale set to 14,437571679279582!
11/17/2025 10:15 AM // INFO // [GANTT] // Gantt chart rendered with 8 items on canvas.
11/17/2025 10:15 AM // INFO // [GANTT] // Canvas resized to 1614,1888037116241x110 to fit all Gantt items.
11/17/2025 10:15 AM // INFO // [GANTT] // Canvases are ready to be used!
11/17/2025 10:15 AM // INFO // [GANTT] // Ruler drawn: 105 ticks and 53 labels.
11/17/2025 10:15 AM // INFO // [MODIFY] // Zoom level changed to 0,5419615773508593, scale set to 14,559507727996387!
11/17/2025 10:15 AM // INFO // [GANTT] // Gantt chart rendered with 8 items on canvas.
11/17/2025 10:15 AM // INFO // [GANTT] // Canvas resized to 1618,4396763181192x110 to fit all Gantt items.
11/17/2025 10:15 AM // INFO // [GANTT] // Canvases are ready to be used!
11/17/2025 10:15 AM // INFO // [GANTT] // Ruler drawn: 105 ticks and 53 labels.
11/17/2025 10:15 AM // INFO // [MODIFY] // Zoom level changed to 0,5460060667340746, scale set to 14,600381503058838!
11/17/2025 10:15 AM // INFO // [GANTT] // Gantt chart rendered with 8 items on canvas.
11/17/2025 10:15 AM // INFO // [GANTT] // Canvas resized to 1622,7024826530055x110 to fit all Gantt items.
11/17/2025 10:15 AM // INFO // [GANTT] // Canvases are ready to be used!
11/17/2025 10:15 AM // INFO // [GANTT] // Ruler drawn: 105 ticks and 53 labels.
11/17/2025 10:15 AM // INFO // [MODIFY] // Zoom level changed to 0,5500505561172904, scale set to 14,64137002550967!
11/17/2025 10:15 AM // INFO // [GANTT] // Gantt chart rendered with 8 items on canvas.
11/17/2025 10:15 AM // INFO // [GANTT] // Canvas resized to 1626,9772562185506x110 to fit all Gantt items.
11/17/2025 10:15 AM // INFO // [GANTT] // Canvases are ready to be used!
11/17/2025 10:15 AM // INFO // [GANTT] // Ruler drawn: 105 ticks and 53 labels.
11/17/2025 10:15 AM // INFO // [MODIFY] // Zoom level changed to 0,5540950455005053, scale set to 14,682473617486064!
11/17/2025 10:15 AM // INFO // [GANTT] // Gantt chart rendered with 8 items on canvas.
11/17/2025 10:15 AM // INFO // [GANTT] // Canvas resized to 1639,8737167342024x110 to fit all Gantt items.
11/17/2025 10:15 AM // INFO // [GANTT] // Canvases are ready to be used!
11/17/2025 10:15 AM // INFO // [GANTT] // Ruler drawn: 105 ticks and 53 labels.
11/17/2025 10:15 AM // INFO // [MODIFY] // Zoom level changed to 0,5662285136501514, scale set to 14,806478045521176!
11/17/2025 10:15 AM // INFO // [GANTT] // Gantt chart rendered with 8 items on canvas.
11/17/2025 10:15 AM // INFO // [GANTT] // Canvas resized to 1644,1966961300884x110 to fit all Gantt items.
11/17/2025 10:15 AM // INFO // [GANTT] // Canvases are ready to be used!
11/17/2025 10:15 AM // INFO // [GANTT] // Ruler drawn: 105 ticks and 53 labels.
11/17/2025 10:15 AM // INFO // [MODIFY] // Zoom level changed to 0,5702730030333667, scale set to 14,848045155097005!
11/17/2025 10:15 AM // INFO // [GANTT] // Gantt chart rendered with 8 items on canvas.
11/17/2025 10:15 AM // INFO // [GANTT] // Canvas resized to 1657,2385876441504x110 to fit all Gantt items.
11/17/2025 10:15 AM // INFO // [GANTT] // Canvases are ready to be used!
11/17/2025 10:15 AM // INFO // [GANTT] // Ruler drawn: 105 ticks and 53 labels.
11/17/2025 10:15 AM // INFO // [MODIFY] // Zoom level changed to 0,5824064711830133, scale set to 14,97344795811683!
11/17/2025 10:15 AM // INFO // [GANTT] // Gantt chart rendered with 8 items on canvas.
11/17/2025 10:15 AM // INFO // [GANTT] // Canvas resized to 1670,3906276481614x110 to fit all Gantt items.
11/17/2025 10:15 AM // INFO // [GANTT] // Canvases are ready to be used!
11/17/2025 10:15 AM // INFO // [GANTT] // Ruler drawn: 105 ticks and 105 labels.
11/17/2025 10:15 AM // INFO // [MODIFY] // Zoom level changed to 0,5945399393326594, scale set to 15,099909881232321!
11/17/2025 10:15 AM // INFO // [GANTT] // Gantt chart rendered with 8 items on canvas.
11/17/2025 10:15 AM // INFO // [GANTT] // Canvas resized to 1683,65374642818x110 to fit all Gantt items.
11/17/2025 10:15 AM // INFO // [GANTT] // Canvases are ready to be used!
11/17/2025 10:15 AM // INFO // [GANTT] // Ruler drawn: 105 ticks and 105 labels.
11/17/2025 10:15 AM // INFO // [MODIFY] // Zoom level changed to 0,6066734074823055, scale set to 15,227439869501731!
11/17/2025 10:15 AM // INFO // [GANTT] // Gantt chart rendered with 8 items on canvas.
11/17/2025 10:15 AM // INFO // [GANTT] // Canvas resized to 1692,5579990011458x110 to fit all Gantt items.
11/17/2025 10:15 AM // INFO // [GANTT] // Canvases are ready to be used!
11/17/2025 10:15 AM // INFO // [GANTT] // Ruler drawn: 105 ticks and 105 labels.
11/17/2025 10:15 AM // INFO // [MODIFY] // Zoom level changed to 0,6147623862487362, scale set to 15,313057682703326!
11/17/2025 10:15 AM // INFO // [GANTT] // Gantt chart rendered with 8 items on canvas.
11/17/2025 10:15 AM // INFO // [GANTT] // Canvas resized to 1692,5579990011454x110 to fit all Gantt items.
11/17/2025 10:15 AM // INFO // [GANTT] // Canvases are ready to be used!
11/17/2025 10:15 AM // INFO // [GANTT] // Ruler drawn: 105 ticks and 105 labels.
11/17/2025 10:15 AM // INFO // [MODIFY] // Zoom level changed to 0,6147623862487358, scale set to 15,313057682703322!
11/17/2025 10:15 AM // INFO // [GANTT] // Gantt chart rendered with 8 items on canvas.
11/17/2025 10:15 AM // INFO // [GANTT] // Canvas resized to 1706,008337746769x110 to fit all Gantt items.
11/17/2025 10:15 AM // INFO // [GANTT] // Canvases are ready to be used!
11/17/2025 10:15 AM // INFO // [GANTT] // Ruler drawn: 105 ticks and 105 labels.
11/17/2025 10:15 AM // INFO // [MODIFY] // Zoom level changed to 0,6268958543983815, scale set to 15,442387862949703!
11/17/2025 10:15 AM // INFO // [GANTT] // Gantt chart rendered with 8 items on canvas.
11/17/2025 10:15 AM // INFO // [GANTT] // Canvas resized to 1719,5722746235044x110 to fit all Gantt items.
11/17/2025 10:15 AM // INFO // [GANTT] // Canvases are ready to be used!
11/17/2025 10:15 AM // INFO // [GANTT] // Ruler drawn: 105 ticks and 105 labels.
11/17/2025 10:15 AM // INFO // [MODIFY] // Zoom level changed to 0,639029322548028, scale set to 15,572810332918312!
11/17/2025 10:15 AM // INFO // [GANTT] // Gantt chart rendered with 8 items on canvas.
11/17/2025 10:15 AM // INFO // [GANTT] // Canvas resized to 1724,1189965379447x110 to fit all Gantt items.
11/17/2025 10:15 AM // INFO // [GANTT] // Canvases are ready to be used!
11/17/2025 10:15 AM // INFO // [GANTT] // Ruler drawn: 105 ticks and 105 labels.
11/17/2025 10:15 AM // INFO // [MODIFY] // Zoom level changed to 0,6430738119312434, scale set to 15,616528812864853!
11/17/2025 10:15 AM // INFO // [GANTT] // Gantt chart rendered with 8 items on canvas.
11/17/2025 10:15 AM // INFO // [GANTT] // Canvas resized to 1733,2507690521977x110 to fit all Gantt items.
11/17/2025 10:15 AM // INFO // [GANTT] // Canvases are ready to be used!
11/17/2025 10:15 AM // INFO // [GANTT] // Ruler drawn: 105 ticks and 105 labels.
11/17/2025 10:15 AM // INFO // [MODIFY] // Zoom level changed to 0,6511627906976746, scale set to 15,704334317809593!
11/17/2025 10:15 AM // INFO // [GANTT] // Gantt chart rendered with 8 items on canvas.
11/17/2025 10:15 AM // INFO // [GANTT] // Canvas resized to 1737,8358914204796x110 to fit all Gantt items.
11/17/2025 10:15 AM // INFO // [GANTT] // Canvases are ready to be used!
11/17/2025 10:15 AM // INFO // [GANTT] // Ruler drawn: 105 ticks and 105 labels.
11/17/2025 10:15 AM // INFO // [MODIFY] // Zoom level changed to 0,6552072800808895, scale set to 15,748422032889227!
11/17/2025 10:15 AM // INFO // [GANTT] // Gantt chart rendered with 8 items on canvas.
11/17/2025 10:15 AM // INFO // [GANTT] // Canvas resized to 1742,4338858764604x110 to fit all Gantt items.
11/17/2025 10:15 AM // INFO // [GANTT] // Canvases are ready to be used!
11/17/2025 10:15 AM // INFO // [GANTT] // Ruler drawn: 105 ticks and 105 labels.
11/17/2025 10:15 AM // INFO // [MODIFY] // Zoom level changed to 0,6592517694641052, scale set to 15,792633518042889!
11/17/2025 10:15 AM // INFO // [EXPORT] // Child element of type TextBlock cloned and added to canvas.
11/17/2025 10:15 AM // INFO // [EXPORT] // Child element of type Line cloned and added to canvas.
11/17/2025 10:15 AM // INFO // [EXPORT] // Child element of type TextBlock cloned and added to canvas.
11/17/2025 10:15 AM // INFO // [EXPORT] // Child element of type Line cloned and added to canvas.
11/17/2025 10:15 AM // INFO // [EXPORT] // Child element of type TextBlock cloned and added to canvas.
11/17/2025 10:15 AM // INFO // [EXPORT] // Child element of type Line cloned and added to canvas.
11/17/2025 10:15 AM // INFO // [EXPORT] // Child element of type TextBlock cloned and added to canvas.
11/17/2025 10:15 AM // INFO // [EXPORT] // Child element of type Line cloned and added to canvas.
11/17/2025 10:15 AM // INFO // [EXPORT] // Child element of type TextBlock cloned and added to canvas.
11/17/2025 10:15 AM // INFO // [EXPORT] // Child element of type Line cloned and added to canvas.
11/17/2025 10:15 AM // INFO // [EXPORT] // Child element of type TextBlock cloned and added to canvas.
11/17/2025 10:15 AM // INFO // [EXPORT] // Child element of type Line cloned and added to canvas.
11/17/2025 10:15 AM // INFO // [EXPORT] // Child element of type TextBlock cloned and added to canvas.
11/17/2025 10:15 AM // INFO // [EXPORT] // Child element of type Line cloned and added to canvas.
11/17/2025 10:15 AM // INFO // [EXPORT] // Child element of type TextBlock cloned and added to canvas.
11/17/2025 10:15 AM // INFO // [EXPORT] // Child element of type Line cloned and added to canvas.
11/17/2025 10:15 AM // INFO // [EXPORT] // Child element of type TextBlock cloned and added to canvas.
11/17/2025 10:15 AM // INFO // [EXPORT] // Child element of type Line cloned and added to canvas.
11/17/2025 10:15 AM // INFO // [EXPORT] // Child element of type TextBlock cloned and added to canvas.
11/17/2025 10:15 AM // INFO // [EXPORT] // Child element of type Line cloned and added to canvas.
11/17/2025 10:15 AM // INFO // [EXPORT] // Child element of type TextBlock cloned and added to canvas.
11/17/2025 10:15 AM // INFO // [EXPORT] // Child element of type Line cloned and added to canvas.
11/17/2025 10:15 AM // INFO // [EXPORT] // Child element of type TextBlock cloned and added to canvas.
11/17/2025 10:15 AM // INFO // [EXPORT] // Child element of type Line cloned and added to canvas.
11/17/2025 10:15 AM // INFO // [EXPORT] // Child element of type TextBlock cloned and added to canvas.
11/17/2025 10:15 AM // INFO // [EXPORT] // Child element of type Line cloned and added to canvas.
11/17/2025 10:15 AM // INFO // [EXPORT] // Child element of type TextBlock cloned and added to canvas.
11/17/2025 10:15 AM // INFO // [EXPORT] // Child element of type Line cloned and added to canvas.
11/17/2025 10:15 AM // INFO // [EXPORT] // Child element of type TextBlock cloned and added to canvas.
11/17/2025 10:15 AM // INFO // [EXPORT] // Child element of type Line cloned and added to canvas.
11/17/2025 10:15 AM // INFO // [EXPORT] // Child element of type TextBlock cloned and added to canvas.
11/17/2025 10:15 AM // INFO // [EXPORT] // Child element of type Line cloned and added to canvas.
11/17/2025 10:15 AM // INFO // [EXPORT] // Child element of type TextBlock cloned and added to canvas.
11/17/2025 10:15 AM // INFO // [EXPORT] // Child element of type Line cloned and added to canvas.
11/17/2025 10:15 AM // INFO // [EXPORT] // Child element of type TextBlock cloned and added to canvas.
11/17/2025 10:15 AM // INFO // [EXPORT] // Child element of type Line cloned and added to canvas.
11/17/2025 10:15 AM // INFO // [EXPORT] // Child element of type TextBlock cloned and added to canvas.
11/17/2025 10:15 AM // INFO // [EXPORT] // Child element of type Line cloned and added to canvas.
11/17/2025 10:15 AM // INFO // [EXPORT] // Child element of type TextBlock cloned and added to canvas.
11/17/2025 10:15 AM // INFO // [EXPORT] // Child element of type Line cloned and added to canvas.
11/17/2025 10:15 AM // INFO // [EXPORT] // Child element of type TextBlock cloned and added to canvas.
11/17/2025 10:15 AM // INFO // [EXPORT] // Child element of type Line cloned and added to canvas.
11/17/2025 10:15 AM // INFO // [EXPORT] // Child element of type TextBlock cloned and added to canvas.
11/17/2025 10:15 AM // INFO // [EXPORT] // Child element of type Line cloned and added to canvas.
11/17/2025 10:15 AM // INFO // [EXPORT] // Child element of type TextBlock cloned and added to canvas.
11/17/2025 10:15 AM // INFO // [EXPORT] // Child element of type Line cloned and added to canvas.
11/17/2025 10:15 AM // INFO // [EXPORT] // Child element of type TextBlock cloned and added to canvas.
11/17/2025 10:15 AM // INFO // [EXPORT] // Child element of type Line cloned and added to canvas.
11/17/2025 10:15 AM // INFO // [EXPORT] // Child element of type TextBlock cloned and added to canvas.
11/17/2025 10:15 AM // INFO // [EXPORT] // Child element of type Line cloned and added to canvas.
11/17/2025 10:15 AM // INFO // [EXPORT] // Child element of type TextBlock cloned and added to canvas.
11/17/2025 10:15 AM // INFO // [EXPORT] // Child element of type Line cloned and added to canvas.
11/17/2025 10:15 AM // INFO // [EXPORT] // Child element of type TextBlock cloned and added to canvas.
11/17/2025 10:15 AM // INFO // [EXPORT] // Child element of type Line cloned and added to canvas.
11/17/2025 10:15 AM // INFO // [EXPORT] // Child element of type TextBlock cloned and added to canvas.
11/17/2025 10:15 AM // INFO // [EXPORT] // Child element of type Line cloned and added to canvas.
11/17/2025 10:15 AM // INFO // [EXPORT] // Child element of type TextBlock cloned and added to canvas.
11/17/2025 10:15 AM // INFO // [EXPORT] // Child element of type Line cloned and added to canvas.
11/17/2025 10:15 AM // INFO // [EXPORT] // Child element of type TextBlock cloned and added to canvas.
11/17/2025 10:15 AM // INFO // [EXPORT] // Child element of type Line cloned and added to canvas.
11/17/2025 10:15 AM // INFO // [EXPORT] // Child element of type TextBlock cloned and added to canvas.
11/17/2025 10:15 AM // INFO // [EXPORT] // Child element of type Line cloned and added to canvas.
11/17/2025 10:15 AM // INFO // [EXPORT] // Child element of type TextBlock cloned and added to canvas.
11/17/2025 10:15 AM // INFO // [EXPORT] // Child element of type Line cloned and added to canvas.
11/17/2025 10:15 AM // INFO // [EXPORT] // Child element of type TextBlock cloned and added to canvas.
11/17/2025 10:15 AM // INFO // [EXPORT] // Child element of type Line cloned and added to canvas.
11/17/2025 10:15 AM // INFO // [EXPORT] // Child element of type TextBlock cloned and added to canvas.
11/17/2025 10:15 AM // INFO // [EXPORT] // Child element of type Line cloned and added to canvas.
11/17/2025 10:15 AM // INFO // [EXPORT] // Child element of type TextBlock cloned and added to canvas.
11/17/2025 10:15 AM // INFO // [EXPORT] // Child element of type Line cloned and added to canvas.
11/17/2025 10:15 AM // INFO // [EXPORT] // Child element of type TextBlock cloned and added to canvas.
11/17/2025 10:15 AM // INFO // [EXPORT] // Child element of type Line cloned and added to canvas.
11/17/2025 10:15 AM // INFO // [EXPORT] // Child element of type TextBlock cloned and added to canvas.
11/17/2025 10:15 AM // INFO // [EXPORT] // Child element of type Line cloned and added to canvas.
11/17/2025 10:15 AM // INFO // [EXPORT] // Child element of type TextBlock cloned and added to canvas.
11/17/2025 10:15 AM // INFO // [EXPORT] // Child element of type Line cloned and added to canvas.
11/17/2025 10:15 AM // INFO // [EXPORT] // Child element of type TextBlock cloned and added to canvas.
11/17/2025 10:15 AM // INFO // [EXPORT] // Child element of type Line cloned and added to canvas.
11/17/2025 10:15 AM // INFO // [EXPORT] // Child element of type TextBlock cloned and added to canvas.
11/17/2025 10:15 AM // INFO // [EXPORT] // Child element of type Line cloned and added to canvas.
11/17/2025 10:15 AM // INFO // [EXPORT] // Child element of type TextBlock cloned and added to canvas.
11/17/2025 10:15 AM // INFO // [EXPORT] // Child element of type Line cloned and added to canvas.
11/17/2025 10:15 AM // INFO // [EXPORT] // Child element of type TextBlock cloned and added to canvas.
11/17/2025 10:15 AM // INFO // [EXPORT] // Child element of type Line cloned and added to canvas.
11/17/2025 10:15 AM // INFO // [EXPORT] // Child element of type TextBlock cloned and added to canvas.
11/17/2025 10:15 AM // INFO // [EXPORT] // Child element of type Line cloned and added to canvas.
11/17/2025 10:15 AM // INFO // [EXPORT] // Child element of type TextBlock cloned and added to canvas.
11/17/2025 10:15 AM // INFO // [EXPORT] // Child element of type Line cloned and added to canvas.
11/17/2025 10:15 AM // INFO // [EXPORT] // Child element of type TextBlock cloned and added to canvas.
11/17/2025 10:15 AM // INFO // [EXPORT] // Child element of type Line cloned and added to canvas.
11/17/2025 10:15 AM // INFO // [EXPORT] // Child element of type TextBlock cloned and added to canvas.
11/17/2025 10:15 AM // INFO // [EXPORT] // Child element of type Line cloned and added to canvas.
11/17/2025 10:15 AM // INFO // [EXPORT] // Child element of type TextBlock cloned and added to canvas.
11/17/2025 10:15 AM // INFO // [EXPORT] // Child element of type Line cloned and added to canvas.
11/17/2025 10:15 AM // INFO // [EXPORT] // Child element of type TextBlock cloned and added to canvas.
11/17/2025 10:15 AM // INFO // [EXPORT] // Child element of type Line cloned and added to canvas.
11/17/2025 10:15 AM // INFO // [EXPORT] // Child element of type TextBlock cloned and added to canvas.
11/17/2025 10:15 AM // INFO // [EXPORT] // Child element of type Line cloned and added to canvas.
11/17/2025 10:15 AM // INFO // [EXPORT] // Child element of type TextBlock cloned and added to canvas.
11/17/2025 10:15 AM // INFO // [EXPORT] // Child element of type Line cloned and added to canvas.
11/17/2025 10:15 AM // INFO // [EXPORT] // Child element of type TextBlock cloned and added to canvas.
11/17/2025 10:15 AM // INFO // [EXPORT] // Child element of type Line cloned and added to canvas.
11/17/2025 10:15 AM // INFO // [EXPORT] // Child element of type TextBlock cloned and added to canvas.
11/17/2025 10:15 AM // INFO // [EXPORT] // Child element of type Line cloned and added to canvas.
11/17/2025 10:15 AM // INFO // [EXPORT] // Child element of type TextBlock cloned and added to canvas.
11/17/2025 10:15 AM // INFO // [EXPORT] // Child element of type Line cloned and added to canvas.
11/17/2025 10:15 AM // INFO // [EXPORT] // Child element of type TextBlock cloned and added to canvas.
11/17/2025 10:15 AM // INFO // [EXPORT] // Child element of type Line cloned and added to canvas.
11/17/2025 10:15 AM // INFO // [EXPORT] // Child element of type TextBlock cloned and added to canvas.
11/17/2025 10:15 AM // INFO // [EXPORT] // Child element of type Line cloned and added to canvas.
11/17/2025 10:15 AM // INFO // [EXPORT] // Child element of type TextBlock cloned and added to canvas.
11/17/2025 10:15 AM // INFO // [EXPORT] // Child element of type Line cloned and added to canvas.
11/17/2025 10:15 AM // INFO // [EXPORT] // Child element of type TextBlock cloned and added to canvas.
11/17/2025 10:15 AM // INFO // [EXPORT] // Child element of type Line cloned and added to canvas.
11/17/2025 10:15 AM // INFO // [EXPORT] // Child element of type TextBlock cloned and added to canvas.
11/17/2025 10:15 AM // INFO // [EXPORT] // Child element of type Line cloned and added to canvas.
11/17/2025 10:15 AM // INFO // [EXPORT] // Child element of type TextBlock cloned and added to canvas.
11/17/2025 10:15 AM // INFO // [EXPORT] // Child element of type Line cloned and added to canvas.
11/17/2025 10:15 AM // INFO // [EXPORT] // Child element of type TextBlock cloned and added to canvas.
11/17/2025 10:15 AM // INFO // [EXPORT] // Child element of type Line cloned and added to canvas.
11/17/2025 10:15 AM // INFO // [EXPORT] // Child element of type TextBlock cloned and added to canvas.
11/17/2025 10:15 AM // INFO // [EXPORT] // Child element of type Line cloned and added to canvas.
11/17/2025 10:15 AM // INFO // [EXPORT] // Child element of type TextBlock cloned and added to canvas.
11/17/2025 10:15 AM // INFO // [EXPORT] // Child element of type Line cloned and added to canvas.
11/17/2025 10:15 AM // INFO // [EXPORT] // Child element of type TextBlock cloned and added to canvas.
11/17/2025 10:15 AM // INFO // [EXPORT] // Child element of type Line cloned and added to canvas.
11/17/2025 10:15 AM // INFO // [EXPORT] // Child element of type TextBlock cloned and added to canvas.
11/17/2025 10:15 AM // INFO // [EXPORT] // Child element of type Line cloned and added to canvas.
11/17/2025 10:15 AM // INFO // [EXPORT] // Child element of type TextBlock cloned and added to canvas.
11/17/2025 10:15 AM // INFO // [EXPORT] // Child element of type Line cloned and added to canvas.
11/17/2025 10:15 AM // INFO // [EXPORT] // Child element of type TextBlock cloned and added to canvas.
11/17/2025 10:15 AM // INFO // [EXPORT] // Child element of type Line cloned and added to canvas.
11/17/2025 10:15 AM // INFO // [EXPORT] // Child element of type TextBlock cloned and added to canvas.
11/17/2025 10:15 AM // INFO // [EXPORT] // Child element of type Line cloned and added to canvas.
11/17/2025 10:15 AM // INFO // [EXPORT] // Child element of type TextBlock cloned and added to canvas.
11/17/2025 10:15 AM // INFO // [EXPORT] // Child element of type Line cloned and added to canvas.
11/17/2025 10:15 AM // INFO // [EXPORT] // Child element of type TextBlock cloned and added to canvas.
11/17/2025 10:15 AM // INFO // [EXPORT] // Child element of type Line cloned and added to canvas.
11/17/2025 10:15 AM // INFO // [EXPORT] // Child element of type TextBlock cloned and added to canvas.
11/17/2025 10:15 AM // INFO // [EXPORT] // Child element of type Line cloned and added to canvas.
11/17/2025 10:15 AM // INFO // [EXPORT] // Child element of type TextBlock cloned and added to canvas.
11/17/2025 10:15 AM // INFO // [EXPORT] // Child element of type Line cloned and added to canvas.
11/17/2025 10:15 AM // INFO // [EXPORT] // Child element of type TextBlock cloned and added to canvas.
11/17/2025 10:15 AM // INFO // [EXPORT] // Child element of type Line cloned and added to canvas.
11/17/2025 10:15 AM // INFO // [EXPORT] // Child element of type TextBlock cloned and added to canvas.
11/17/2025 10:15 AM // INFO // [EXPORT] // Child element of type Line cloned and added to canvas.
11/17/2025 10:15 AM // INFO // [EXPORT] // Child element of type TextBlock cloned and added to canvas.
11/17/2025 10:15 AM // INFO // [EXPORT] // Child element of type Line cloned and added to canvas.
11/17/2025 10:15 AM // INFO // [EXPORT] // Child element of type TextBlock cloned and added to canvas.
11/17/2025 10:15 AM // INFO // [EXPORT] // Child element of type Line cloned and added to canvas.
11/17/2025 10:15 AM // INFO // [EXPORT] // Child element of type TextBlock cloned and added to canvas.
11/17/2025 10:15 AM // INFO // [EXPORT] // Child element of type Line cloned and added to canvas.
11/17/2025 10:15 AM // INFO // [EXPORT] // Child element of type TextBlock cloned and added to canvas.
11/17/2025 10:15 AM // INFO // [EXPORT] // Child element of type Line cloned and added to canvas.
11/17/2025 10:15 AM // INFO // [EXPORT] // Child element of type TextBlock cloned and added to canvas.
11/17/2025 10:15 AM // INFO // [EXPORT] // Child element of type Line cloned and added to canvas.
11/17/2025 10:15 AM // INFO // [EXPORT] // Child element of type TextBlock cloned and added to canvas.
11/17/2025 10:15 AM // INFO // [EXPORT] // Child element of type Line cloned and added to canvas.
11/17/2025 10:15 AM // INFO // [EXPORT] // Child element of type TextBlock cloned and added to canvas.
11/17/2025 10:15 AM // INFO // [EXPORT] // Child element of type Line cloned and added to canvas.
11/17/2025 10:15 AM // INFO // [EXPORT] // Child element of type TextBlock cloned and added to canvas.
11/17/2025 10:15 AM // INFO // [EXPORT] // Child element of type Line cloned and added to canvas.
11/17/2025 10:15 AM // INFO // [EXPORT] // Child element of type TextBlock cloned and added to canvas.
11/17/2025 10:15 AM // INFO // [EXPORT] // Child element of type Line cloned and added to canvas.
11/17/2025 10:15 AM // INFO // [EXPORT] // Child element of type TextBlock cloned and added to canvas.
11/17/2025 10:15 AM // INFO // [EXPORT] // Child element of type Line cloned and added to canvas.
11/17/2025 10:15 AM // INFO // [EXPORT] // Child element of type TextBlock cloned and added to canvas.
11/17/2025 10:15 AM // INFO // [EXPORT] // Child element of type Line cloned and added to canvas.
11/17/2025 10:15 AM // INFO // [EXPORT] // Child element of type TextBlock cloned and added to canvas.
11/17/2025 10:15 AM // INFO // [EXPORT] // Child element of type Line cloned and added to canvas.
11/17/2025 10:15 AM // INFO // [EXPORT] // Child element of type TextBlock cloned and added to canvas.
11/17/2025 10:15 AM // INFO // [EXPORT] // Child element of type Line cloned and added to canvas.
11/17/2025 10:15 AM // INFO // [EXPORT] // Child element of type TextBlock cloned and added to canvas.
11/17/2025 10:15 AM // INFO // [EXPORT] // Child element of type Line cloned and added to canvas.
11/17/2025 10:15 AM // INFO // [EXPORT] // Child element of type TextBlock cloned and added to canvas.
11/17/2025 10:15 AM // INFO // [EXPORT] // Child element of type Line cloned and added to canvas.
11/17/2025 10:15 AM // INFO // [EXPORT] // Child element of type TextBlock cloned and added to canvas.
11/17/2025 10:15 AM // INFO // [EXPORT] // Child element of type Line cloned and added to canvas.
11/17/2025 10:15 AM // INFO // [EXPORT] // Child element of type TextBlock cloned and added to canvas.
11/17/2025 10:15 AM // INFO // [EXPORT] // Child element of type Line cloned and added to canvas.
11/17/2025 10:15 AM // INFO // [EXPORT] // Child element of type TextBlock cloned and added to canvas.
11/17/2025 10:15 AM // INFO // [EXPORT] // Child element of type Line cloned and added to canvas.
11/17/2025 10:15 AM // INFO // [EXPORT] // Child element of type TextBlock cloned and added to canvas.
11/17/2025 10:15 AM // INFO // [EXPORT] // Child element of type Line cloned and added to canvas.
11/17/2025 10:15 AM // INFO // [EXPORT] // Child element of type TextBlock cloned and added to canvas.
11/17/2025 10:15 AM // INFO // [EXPORT] // Child element of type Line cloned and added to canvas.
11/17/2025 10:15 AM // INFO // [EXPORT] // Child element of type TextBlock cloned and added to canvas.
11/17/2025 10:15 AM // INFO // [EXPORT] // Child element of type Line cloned and added to canvas.
11/17/2025 10:15 AM // INFO // [EXPORT] // Child element of type TextBlock cloned and added to canvas.
11/17/2025 10:15 AM // INFO // [EXPORT] // Child element of type Line cloned and added to canvas.
11/17/2025 10:15 AM // INFO // [EXPORT] // Child element of type TextBlock cloned and added to canvas.
11/17/2025 10:15 AM // INFO // [EXPORT] // Child element of type Line cloned and added to canvas.
11/17/2025 10:15 AM // INFO // [EXPORT] // Child element of type TextBlock cloned and added to canvas.
11/17/2025 10:15 AM // INFO // [EXPORT] // Child element of type Line cloned and added to canvas.
11/17/2025 10:15 AM // INFO // [EXPORT] // Child element of type TextBlock cloned and added to canvas.
11/17/2025 10:15 AM // INFO // [EXPORT] // Child element of type Line cloned and added to canvas.
11/17/2025 10:15 AM // INFO // [EXPORT] // Child element of type TextBlock cloned and added to canvas.
11/17/2025 10:15 AM // INFO // [EXPORT] // Child element of type Line cloned and added to canvas.
11/17/2025 10:15 AM // INFO // [EXPORT] // Child element of type TextBlock cloned and added to canvas.
11/17/2025 10:15 AM // INFO // [EXPORT] // Child element of type Line cloned and added to canvas.
11/17/2025 10:15 AM // INFO // [EXPORT] // Child element of type TextBlock cloned and added to canvas.
11/17/2025 10:15 AM // INFO // [EXPORT] // Child element of type Line cloned and added to canvas.
11/17/2025 10:15 AM // INFO // [EXPORT] // Child element of type TextBlock cloned and added to canvas.
11/17/2025 10:15 AM // INFO // [EXPORT] // Child element of type Line cloned and added to canvas.
11/17/2025 10:15 AM // INFO // [EXPORT] // Child element of type TextBlock cloned and added to canvas.
11/17/2025 10:15 AM // INFO // [EXPORT] // Child element of type Line cloned and added to canvas.
11/17/2025 10:15 AM // INFO // [EXPORT] // Child element of type TextBlock cloned and added to canvas.
11/17/2025 10:15 AM // INFO // [EXPORT] // Child element of type Line cloned and added to canvas.
11/17/2025 10:15 AM // INFO // [EXPORT] // Child element of type TextBlock cloned and added to canvas.
11/17/2025 10:15 AM // INFO // [EXPORT] // Child element of type Line cloned and added to canvas.
11/17/2025 10:15 AM // INFO // [EXPORT] // Canvas cloned with 210 children.
11/17/2025 10:15 AM // INFO // [EXPORT] // Child element of type Line cloned and added to canvas.
11/17/2025 10:15 AM // INFO // [EXPORT] // Child element of type Line cloned and added to canvas.
11/17/2025 10:15 AM // INFO // [EXPORT] // Child element of type Line cloned and added to canvas.
11/17/2025 10:15 AM // INFO // [EXPORT] // Child element of type Line cloned and added to canvas.
11/17/2025 10:15 AM // INFO // [EXPORT] // Child element of type Line cloned and added to canvas.
11/17/2025 10:15 AM // INFO // [EXPORT] // Child element of type Line cloned and added to canvas.
11/17/2025 10:15 AM // INFO // [EXPORT] // Child element of type Line cloned and added to canvas.
11/17/2025 10:15 AM // INFO // [EXPORT] // Child element of type Line cloned and added to canvas.
11/17/2025 10:15 AM // INFO // [EXPORT] // Child element of type Line cloned and added to canvas.
11/17/2025 10:15 AM // INFO // [EXPORT] // Child element of type Line cloned and added to canvas.
11/17/2025 10:15 AM // INFO // [EXPORT] // Child element of type Line cloned and added to canvas.
11/17/2025 10:15 AM // INFO // [EXPORT] // Child element of type Line cloned and added to canvas.
11/17/2025 10:15 AM // INFO // [EXPORT] // Child element of type Line cloned and added to canvas.
11/17/2025 10:15 AM // INFO // [EXPORT] // Child element of type Line cloned and added to canvas.
11/17/2025 10:15 AM // INFO // [EXPORT] // Child element of type Line cloned and added to canvas.
11/17/2025 10:15 AM // INFO // [EXPORT] // Child element of type Line cloned and added to canvas.
11/17/2025 10:15 AM // INFO // [EXPORT] // Child element of type Line cloned and added to canvas.
11/17/2025 10:15 AM // INFO // [EXPORT] // Child element of type Line cloned and added to canvas.
11/17/2025 10:15 AM // INFO // [EXPORT] // Child element of type Line cloned and added to canvas.
11/17/2025 10:15 AM // INFO // [EXPORT] // Child element of type Line cloned and added to canvas.
11/17/2025 10:15 AM // INFO // [EXPORT] // Child element of type Line cloned and added to canvas.
11/17/2025 10:15 AM // INFO // [EXPORT] // Child element of type Line cloned and added to canvas.
11/17/2025 10:15 AM // INFO // [EXPORT] // Child element of type Line cloned and added to canvas.
11/17/2025 10:15 AM // INFO // [EXPORT] // Child element of type Line cloned and added to canvas.
11/17/2025 10:15 AM // INFO // [EXPORT] // Child element of type Line cloned and added to canvas.
11/17/2025 10:15 AM // INFO // [EXPORT] // Child element of type Line cloned and added to canvas.
11/17/2025 10:15 AM // INFO // [EXPORT] // Child element of type Line cloned and added to canvas.
11/17/2025 10:15 AM // INFO // [EXPORT] // Child element of type Line cloned and added to canvas.
11/17/2025 10:15 AM // INFO // [EXPORT] // Child element of type Line cloned and added to canvas.
11/17/2025 10:15 AM // INFO // [EXPORT] // Child element of type Line cloned and added to canvas.
11/17/2025 10:15 AM // INFO // [EXPORT] // Child element of type Line cloned and added to canvas.
11/17/2025 10:15 AM // INFO // [EXPORT] // Child element of type Line cloned and added to canvas.
11/17/2025 10:15 AM // INFO // [EXPORT] // Child element of type Line cloned and added to canvas.
11/17/2025 10:15 AM // INFO // [EXPORT] // Child element of type Line cloned and added to canvas.
11/17/2025 10:15 AM // INFO // [EXPORT] // Child element of type Line cloned and added to canvas.
11/17/2025 10:15 AM // INFO // [EXPORT] // Child element of type Line cloned and added to canvas.
11/17/2025 10:15 AM // INFO // [EXPORT] // Child element of type Line cloned and added to canvas.
11/17/2025 10:15 AM // INFO // [EXPORT] // Child element of type Line cloned and added to canvas.
11/17/2025 10:15 AM // INFO // [EXPORT] // Child element of type Line cloned and added to canvas.
11/17/2025 10:15 AM // INFO // [EXPORT] // Child element of type Line cloned and added to canvas.
11/17/2025 10:15 AM // INFO // [EXPORT] // Child element of type Line cloned and added to canvas.
11/17/2025 10:15 AM // INFO // [EXPORT] // Child element of type Line cloned and added to canvas.
11/17/2025 10:15 AM // INFO // [EXPORT] // Child element of type Line cloned and added to canvas.
11/17/2025 10:15 AM // INFO // [EXPORT] // Child element of type Line cloned and added to canvas.
11/17/2025 10:15 AM // INFO // [EXPORT] // Child element of type Line cloned and added to canvas.
11/17/2025 10:15 AM // INFO // [EXPORT] // Child element of type Line cloned and added to canvas.
11/17/2025 10:15 AM // INFO // [EXPORT] // Child element of type Line cloned and added to canvas.
11/17/2025 10:15 AM // INFO // [EXPORT] // Child element of type Line cloned and added to canvas.
11/17/2025 10:15 AM // INFO // [EXPORT] // Child element of type Line cloned and added to canvas.
11/17/2025 10:15 AM // INFO // [EXPORT] // Child element of type Line cloned and added to canvas.
11/17/2025 10:15 AM // INFO // [EXPORT] // Child element of type Line cloned and added to canvas.
11/17/2025 10:15 AM // INFO // [EXPORT] // Child element of type Line cloned and added to canvas.
11/17/2025 10:15 AM // INFO // [EXPORT] // Child element of type Line cloned and added to canvas.
11/17/2025 10:15 AM // INFO // [EXPORT] // Child element of type Line cloned and added to canvas.
11/17/2025 10:15 AM // INFO // [EXPORT] // Child element of type Line cloned and added to canvas.
11/17/2025 10:15 AM // INFO // [EXPORT] // Child element of type Line cloned and added to canvas.
11/17/2025 10:15 AM // INFO // [EXPORT] // Child element of type Line cloned and added to canvas.
11/17/2025 10:15 AM // INFO // [EXPORT] // Child element of type Line cloned and added to canvas.
11/17/2025 10:15 AM // INFO // [EXPORT] // Child element of type Line cloned and added to canvas.
11/17/2025 10:15 AM // INFO // [EXPORT] // Child element of type Line cloned and added to canvas.
11/17/2025 10:15 AM // INFO // [EXPORT] // Child element of type Line cloned and added to canvas.
11/17/2025 10:15 AM // INFO // [EXPORT] // Child element of type Line cloned and added to canvas.
11/17/2025 10:15 AM // INFO // [EXPORT] // Child element of type Line cloned and added to canvas.
11/17/2025 10:15 AM // INFO // [EXPORT] // Child element of type Line cloned and added to canvas.
11/17/2025 10:15 AM // INFO // [EXPORT] // Child element of type Line cloned and added to canvas.
11/17/2025 10:15 AM // INFO // [EXPORT] // Child element of type Line cloned and added to canvas.
11/17/2025 10:15 AM // INFO // [EXPORT] // Child element of type Line cloned and added to canvas.
11/17/2025 10:15 AM // INFO // [EXPORT] // Child element of type Line cloned and added to canvas.
11/17/2025 10:15 AM // INFO // [EXPORT] // Child element of type Line cloned and added to canvas.
11/17/2025 10:15 AM // INFO // [EXPORT] // Child element of type Line cloned and added to canvas.
11/17/2025 10:15 AM // INFO // [EXPORT] // Child element of type Line cloned and added to canvas.
11/17/2025 10:15 AM // INFO // [EXPORT] // Child element of type Line cloned and added to canvas.
11/17/2025 10:15 AM // INFO // [EXPORT] // Child element of type Line cloned and added to canvas.
11/17/2025 10:15 AM // INFO // [EXPORT] // Child element of type Line cloned and added to canvas.
11/17/2025 10:15 AM // INFO // [EXPORT] // Child element of type Line cloned and added to canvas.
11/17/2025 10:15 AM // INFO // [EXPORT] // Child element of type Line cloned and added to canvas.
11/17/2025 10:15 AM // INFO // [EXPORT] // Child element of type Line cloned and added to canvas.
11/17/2025 10:15 AM // INFO // [EXPORT] // Child element of type Line cloned and added to canvas.
11/17/2025 10:15 AM // INFO // [EXPORT] // Child element of type Line cloned and added to canvas.
11/17/2025 10:15 AM // INFO // [EXPORT] // Child element of type Line cloned and added to canvas.
11/17/2025 10:15 AM // INFO // [EXPORT] // Child element of type Line cloned and added to canvas.
11/17/2025 10:15 AM // INFO // [EXPORT] // Child element of type Line cloned and added to canvas.
11/17/2025 10:15 AM // INFO // [EXPORT] // Child element of type Line cloned and added to canvas.
11/17/2025 10:15 AM // INFO // [EXPORT] // Child element of type Line cloned and added to canvas.
11/17/2025 10:15 AM // INFO // [EXPORT] // Child element of type Line cloned and added to canvas.
11/17/2025 10:15 AM // INFO // [EXPORT] // Child element of type Line cloned and added to canvas.
11/17/2025 10:15 AM // INFO // [EXPORT] // Child element of type Line cloned and added to canvas.
11/17/2025 10:15 AM // INFO // [EXPORT] // Child element of type Line cloned and added to canvas.
11/17/2025 10:15 AM // INFO // [EXPORT] // Child element of type Line cloned and added to canvas.
11/17/2025 10:15 AM // INFO // [EXPORT] // Child element of type Line cloned and added to canvas.
11/17/2025 10:15 AM // INFO // [EXPORT] // Child element of type Line cloned and added to canvas.
11/17/2025 10:15 AM // INFO // [EXPORT] // Child element of type Line cloned and added to canvas.
11/17/2025 10:15 AM // INFO // [EXPORT] // Child element of type Line cloned and added to canvas.
11/17/2025 10:15 AM // INFO // [EXPORT] // Child element of type Line cloned and added to canvas.
11/17/2025 10:15 AM // INFO // [EXPORT] // Child element of type Line cloned and added to canvas.
11/17/2025 10:15 AM // INFO // [EXPORT] // Child element of type Line cloned and added to canvas.
11/17/2025 10:15 AM // INFO // [EXPORT] // Child element of type Line cloned and added to canvas.
11/17/2025 10:15 AM // INFO // [EXPORT] // Child element of type Line cloned and added to canvas.
11/17/2025 10:15 AM // INFO // [EXPORT] // Child element of type Line cloned and added to canvas.
11/17/2025 10:15 AM // INFO // [EXPORT] // Child element of type Line cloned and added to canvas.
11/17/2025 10:15 AM // INFO // [EXPORT] // Child element of type Line cloned and added to canvas.
11/17/2025 10:15 AM // INFO // [EXPORT] // Child element of type Line cloned and added to canvas.
11/17/2025 10:15 AM // INFO // [EXPORT] // Child element of type Line cloned and added to canvas.
11/17/2025 10:15 AM // INFO // [EXPORT] // Child element of type Line cloned and added to canvas.
11/17/2025 10:15 AM // INFO // [EXPORT] // Child element of type Line cloned and added to canvas.
11/17/2025 10:15 AM // INFO // [EXPORT] // Child element of type Rectangle cloned and added to canvas.
11/17/2025 10:15 AM // INFO // [EXPORT] // Child element of type TextBlock cloned and added to canvas.
11/17/2025 10:15 AM // INFO // [EXPORT] // Child element of type Rectangle cloned and added to canvas.
11/17/2025 10:15 AM // INFO // [EXPORT] // Child element of type TextBlock cloned and added to canvas.
11/17/2025 10:15 AM // INFO // [EXPORT] // Child element of type Rectangle cloned and added to canvas.
11/17/2025 10:15 AM // INFO // [EXPORT] // Child element of type TextBlock cloned and added to canvas.
11/17/2025 10:15 AM // INFO // [EXPORT] // Child element of type Rectangle cloned and added to canvas.
11/17/2025 10:15 AM // INFO // [EXPORT] // Child element of type TextBlock cloned and added to canvas.
11/17/2025 10:15 AM // INFO // [EXPORT] // Child element of type Rectangle cloned and added to canvas.
11/17/2025 10:15 AM // INFO // [EXPORT] // Child element of type TextBlock cloned and added to canvas.
11/17/2025 10:15 AM // INFO // [EXPORT] // Child element of type Rectangle cloned and added to canvas.
11/17/2025 10:15 AM // INFO // [EXPORT] // Child element of type TextBlock cloned and added to canvas.
11/17/2025 10:15 AM // INFO // [EXPORT] // Child element of type Rectangle cloned and added to canvas.
11/17/2025 10:15 AM // INFO // [EXPORT] // Child element of type TextBlock cloned and added to canvas.
11/17/2025 10:15 AM // INFO // [EXPORT] // Child element of type Rectangle cloned and added to canvas.
11/17/2025 10:15 AM // INFO // [EXPORT] // Child element of type TextBlock cloned and added to canvas.
11/17/2025 10:15 AM // INFO // [EXPORT] // Canvas cloned with 121 children.
