10/31/2025 8:41 PM // INFO // [INITIALIZATION] // Beginning initialization...
10/31/2025 8:41 PM // INFO // [SAVE] // Custom solvers loaded from JSON file!
10/31/2025 8:41 PM // INFO // [INITIALIZATION] // Johnson's Rule solver added!
10/31/2025 8:41 PM // INFO // [INITIALIZATION] // List Scheduling solver added!
10/31/2025 8:41 PM // INFO // [INITIALIZATION] // {cs.Name} ({cs.TypeID} type) solver added!
10/31/2025 8:41 PM // INFO // [INITIALIZATION] // {cs.Name} ({cs.TypeID} type) solver added!
10/31/2025 8:41 PM // INFO // [INITIALIZATION] // {cs.Name} ({cs.TypeID} type) solver added!
10/31/2025 8:41 PM // INFO // [INITIALIZATION] // Solver menu successfully built!
10/31/2025 8:41 PM // INFO // [CONSTRAINT] // Saving and closing are disabled for as long as there are no files opened.
10/31/2025 8:41 PM // INFO // [INITIALIZATION] // Initialization complete!
10/31/2025 8:41 PM // WARNING // [S_GRAPH] // No BatchML file loaded, drawing example S-Graph!
10/31/2025 8:41 PM // INFO // [S_GRAPH] // Node J1_M1 at 100;50
10/31/2025 8:41 PM // INFO // [S_GRAPH] // Node J1_M2 at 200;50
10/31/2025 8:41 PM // INFO // [S_GRAPH] // Node P1 at 300;50
10/31/2025 8:41 PM // INFO // [S_GRAPH] // Node J2_M1 at 100;150
10/31/2025 8:41 PM // INFO // [S_GRAPH] // Node J2_M2 at 200;150
10/31/2025 8:41 PM // INFO // [S_GRAPH] // Node P2 at 300;150
10/31/2025 8:41 PM // INFO // [S_GRAPH] // Node J3_M1 at 100;250
10/31/2025 8:41 PM // INFO // [S_GRAPH] // Node J3_M2 at 200;250
10/31/2025 8:41 PM // INFO // [S_GRAPH] // Node P3 at 300;250
10/31/2025 8:41 PM // INFO // [S_GRAPH] // Technological edge J1_M1 to J1_M2 set to fixed curve 50.
10/31/2025 8:41 PM // INFO // [S_GRAPH] // Edge drawn from (170,0;85,0) to (200,0;85,0)!
10/31/2025 8:41 PM // INFO // [S_GRAPH] // Weight 10 drawn at (185;110)!
10/31/2025 8:41 PM // INFO // [S_GRAPH] // Edge from J1_M1 to J1_M2 with cost 10 drawn.
10/31/2025 8:41 PM // INFO // [S_GRAPH] // Edge drawn from (270,0;85,0) to (300,0;85,0)!
10/31/2025 8:41 PM // INFO // [S_GRAPH] // Weight 30 drawn at (285;85)!
10/31/2025 8:41 PM // INFO // [S_GRAPH] // Edge from J1_M2 to P1 with cost 30 drawn.
10/31/2025 8:41 PM // INFO // [S_GRAPH] // Technological edge J2_M1 to J2_M2 set to fixed curve 50.
10/31/2025 8:41 PM // INFO // [S_GRAPH] // Edge drawn from (170,0;185,0) to (200,0;185,0)!
10/31/2025 8:41 PM // INFO // [S_GRAPH] // Weight 20 drawn at (185;210)!
10/31/2025 8:41 PM // INFO // [S_GRAPH] // Edge from J2_M1 to J2_M2 with cost 20 drawn.
10/31/2025 8:41 PM // INFO // [S_GRAPH] // Edge drawn from (270,0;185,0) to (300,0;185,0)!
10/31/2025 8:41 PM // INFO // [S_GRAPH] // Weight 40 drawn at (285;185)!
10/31/2025 8:41 PM // INFO // [S_GRAPH] // Edge from J2_M2 to P2 with cost 40 drawn.
10/31/2025 8:41 PM // INFO // [S_GRAPH] // Technological edge J3_M1 to J3_M2 set to fixed curve 50.
10/31/2025 8:41 PM // INFO // [S_GRAPH] // Edge drawn from (170,0;285,0) to (200,0;285,0)!
10/31/2025 8:41 PM // INFO // [S_GRAPH] // Weight 50 drawn at (185;310)!
10/31/2025 8:41 PM // INFO // [S_GRAPH] // Edge from J3_M1 to J3_M2 with cost 50 drawn.
10/31/2025 8:41 PM // INFO // [S_GRAPH] // Edge drawn from (270,0;285,0) to (300,0;285,0)!
10/31/2025 8:41 PM // INFO // [S_GRAPH] // Weight 10 drawn at (285;285)!
10/31/2025 8:41 PM // INFO // [S_GRAPH] // Edge from J3_M2 to P3 with cost 10 drawn.
10/31/2025 8:41 PM // INFO // [S_GRAPH] // Canvas resized to 420x370!
10/31/2025 8:41 PM // INFO // [INITIALIZATION] // Johnson's Rule solver enabled!
10/31/2025 8:41 PM // INFO // [INITIALIZATION] // List Scheduling solver enabled!
10/31/2025 8:41 PM // INFO // [INITIALIZATION] // Branch And Bound solver enabled!
10/31/2025 8:41 PM // INFO // [INITIALIZATION] // Campbell Dudek Smith solver enabled!
10/31/2025 8:41 PM // INFO // [INITIALIZATION] // Simulated Annealing solver enabled!
10/31/2025 8:41 PM // INFO // [INITIALIZATION] //  solver enabled!
10/31/2025 8:41 PM // INFO // [CONSTRAINT] // Saving and closing are disabled for as long as there are no files opened.
10/31/2025 8:41 PM // INFO // [INTEG_SOLVER] // Johnson's Rule solver selected!
10/31/2025 8:41 PM // INFO // [INTEG_SOLVER] // Starting Johnson's Rule solver...
10/31/2025 8:41 PM // INFO // [Johnson's Rule Optimizer] // Optimized job sequence: J1 -> J2 -> J3
10/31/2025 8:41 PM // INFO // [Johnson's Rule Optimizer] // Cleared all existing S-Graph edges for sequence rebuild.
10/31/2025 8:41 PM // INFO // [Johnson's Rule Optimizer] // Graph rebuilt with necessary technological constraints (cost=duration) and zero-cost sequential constraints.
10/31/2025 8:41 PM // INFO // [Johnson's Rule Optimizer] // Node J1_M1 added to topological order.
10/31/2025 8:41 PM // INFO // [Johnson's Rule Optimizer] // Decreased in-degree of J1_M2 to 0.
10/31/2025 8:41 PM // INFO // [Johnson's Rule Optimizer] // Decreased in-degree of J2_M1 to 0.
10/31/2025 8:41 PM // INFO // [Johnson's Rule Optimizer] // Node P1 added to topological order.
10/31/2025 8:41 PM // INFO // [Johnson's Rule Optimizer] // Node P2 added to topological order.
10/31/2025 8:41 PM // INFO // [Johnson's Rule Optimizer] // Node P3 added to topological order.
10/31/2025 8:41 PM // INFO // [Johnson's Rule Optimizer] // Node J1_M2 added to topological order.
10/31/2025 8:41 PM // INFO // [Johnson's Rule Optimizer] // Decreased in-degree of J2_M2 to 1.
10/31/2025 8:41 PM // INFO // [Johnson's Rule Optimizer] // Node J2_M1 added to topological order.
10/31/2025 8:41 PM // INFO // [Johnson's Rule Optimizer] // Decreased in-degree of J2_M2 to 0.
10/31/2025 8:41 PM // INFO // [Johnson's Rule Optimizer] // Decreased in-degree of J3_M1 to 0.
10/31/2025 8:41 PM // INFO // [Johnson's Rule Optimizer] // Node J2_M2 added to topological order.
10/31/2025 8:41 PM // INFO // [Johnson's Rule Optimizer] // Decreased in-degree of J3_M2 to 1.
10/31/2025 8:41 PM // INFO // [Johnson's Rule Optimizer] // Node J3_M1 added to topological order.
10/31/2025 8:41 PM // INFO // [Johnson's Rule Optimizer] // Decreased in-degree of J3_M2 to 0.
10/31/2025 8:41 PM // INFO // [Johnson's Rule Optimizer] // Node J3_M2 added to topological order.
10/31/2025 8:41 PM // INFO // [Johnson's Rule Optimizer] // Topological sort completed successfully.
10/31/2025 8:41 PM // INFO // [GANTT] // Node J1_M1 EST is 0 (no predecessors).
10/31/2025 8:41 PM // INFO // [GANTT] // Node J1_M2 EST is determined by J1_M1 (EST: 10,00).
10/31/2025 8:41 PM // INFO // [GANTT] // Node J2_M1 EST is determined by J1_M1 (EST: 10,00).
10/31/2025 8:41 PM // INFO // [GANTT] // Node J2_M2 EST is determined by J1_M2 (EST: 40,00).
10/31/2025 8:41 PM // INFO // [GANTT] // Node J3_M1 EST is determined by J2_M1 (EST: 30,00).
10/31/2025 8:41 PM // INFO // [GANTT] // Node J3_M2 EST is determined by J3_M1 (EST: 80,00).
10/31/2025 8:41 PM // INFO // [GANTT] // Gantt chart built with 6 items from path with 9 nodes.
10/31/2025 8:41 PM // INFO // [GANTT] // Gantt data built with 6 items from optimized path using Johnson's Rule!
10/31/2025 8:41 PM // INFO // [GANTT] // Canvases are ready to be used!
10/31/2025 8:41 PM // INFO // [GANTT] // Ruler drawn: 91 ticks and 46 labels.
10/31/2025 8:41 PM // INFO // [GANTT] // Gantt chart rendered with 6 items on canvas.
10/31/2025 8:41 PM // INFO // [GANTT] // Canvas resized to 1000x110 to fit all Gantt items.
10/31/2025 8:41 PM // INFO // [GANTT] // Johnson's Rule schedule rendered successfully!
