2025. 32. 07. 04:32:25 // INFO // Heuristic solver added!
2025. 32. 07. 04:32:25 // INFO // BnB solver added!
2025. 32. 07. 04:32:25 // INFO // Genetic solver added!
2025. 32. 07. 04:32:25 // INFO // Solver menu successfully built!
2025. 32. 07. 04:32:25 // INFO // Initialization complete!
2025. 32. 07. 04:32:29 // INFO // Open file dialog initiated...
2025. 32. 07. 04:32:31 // INFO // Master Recipe Table datatable displayed in new tab!
2025. 32. 07. 04:32:31 // INFO // Recipe Element Table datatable displayed in new tab!
2025. 32. 07. 04:32:31 // INFO // Steps Table datatable displayed in new tab!
2025. 32. 07. 04:32:31 // INFO // Links Table datatable displayed in new tab!
2025. 32. 07. 04:32:31 // INFO // BatchML file loaded and data tables populated!
2025. 32. 07. 04:32:31 // INFO // BatchML file loaded from C:\Users\Phant0m\Desktop\THESIS_LIPX05\test.xml!
2025. 32. 07. 04:32:41 // INFO // SGraphCanvas has been cleared!
2025. 32. 07. 04:32:41 // INFO // GanttCanvas has been cleared!
2025. 32. 07. 04:32:41 // INFO // RulerCanvas has been cleared!
2025. 32. 07. 04:32:41 // INFO // S-Graph nodes cleared!
2025. 32. 07. 04:32:41 // INFO // S-Graph edges cleared!
2025. 32. 07. 04:32:41 // INFO // Node step1 at 35;35
2025. 32. 07. 04:32:41 // INFO // Label step1 at 35,5;61,256564141035255
2025. 32. 07. 04:32:41 // INFO // Node step2 at 185;35
2025. 32. 07. 04:32:41 // INFO // Label step2 at 185,5;61,256564141035255
2025. 32. 07. 04:32:41 // INFO // Node step3 at 335;35
2025. 32. 07. 04:32:41 // INFO // Label step3 at 335,5;61,256564141035255
2025. 32. 07. 04:32:41 // INFO // Node step4 at 35;185
2025. 32. 07. 04:32:41 // INFO // Label step4 at 35,5;211,25656414103526
2025. 32. 07. 04:32:41 // INFO // Node step5 at 185;185
2025. 32. 07. 04:32:41 // INFO // Label step5 at 185,5;211,25656414103526
2025. 32. 07. 04:32:41 // INFO // Node step6 at 335;185
2025. 32. 07. 04:32:41 // INFO // Label step6 at 335,5;211,25656414103526
2025. 32. 07. 04:32:41 // INFO // Node step7 at 35;335
2025. 32. 07. 04:32:41 // INFO // Label step7 at 35,5;361,25656414103526
2025. 32. 07. 04:32:41 // INFO // Node step8 at 185;335
2025. 32. 07. 04:32:41 // INFO // Label step8 at 185,5;361,25656414103526
2025. 32. 07. 04:32:41 // INFO // Node step9 at 335;335
2025. 32. 07. 04:32:41 // INFO // Label step9 at 335,5;361,25656414103526
2025. 32. 07. 04:32:41 // INFO // Edge drawn from (105,0;70,0) to (185,0;70,0)!
2025. 32. 07. 04:32:41 // INFO // Weight 10 drawn at (145;70)!
2025. 32. 07. 04:32:41 // INFO // Edge from step1 to step2 with cost 10
2025. 32. 07. 04:32:41 // INFO // Edge drawn from (255,0;70,0) to (335,0;70,0)!
2025. 32. 07. 04:32:41 // INFO // Weight 15 drawn at (295;70)!
2025. 32. 07. 04:32:41 // INFO // Edge from step2 to step3 with cost 15
2025. 32. 07. 04:32:41 // INFO // Edge drawn from (195,3;94,7) to (94,7;195,3)!
2025. 32. 07. 04:32:41 // INFO // Weight 55 drawn at (137,92893218813452;137,92893218813452)!
2025. 32. 07. 04:32:41 // INFO // Edge from step2 to step4 with cost 55
2025. 32. 07. 04:32:41 // INFO // Edge drawn from (338,7;85,7) to (101,3;204,3)!
2025. 32. 07. 04:32:41 // INFO // Weight 60 drawn at (220;145)!
2025. 32. 07. 04:32:41 // INFO // Edge from step3 to step4 with cost 60
2025. 32. 07. 04:32:41 // INFO // Edge drawn from (105,0;220,0) to (185,0;220,0)!
2025. 32. 07. 04:32:41 // INFO // Weight 75 drawn at (145;220)!
2025. 32. 07. 04:32:41 // INFO // Edge from step4 to step5 with cost 75
2025. 32. 07. 04:32:41 // INFO // Edge drawn from (105,0;220,0) to (335,0;220,0)!
2025. 32. 07. 04:32:41 // INFO // Weight 45 drawn at (220;230)!
2025. 32. 07. 04:32:41 // INFO // Edge from step4 to step6 with cost 45
2025. 32. 07. 04:32:41 // INFO // Edge drawn from (255,0;220,0) to (335,0;220,0)!
2025. 32. 07. 04:32:41 // INFO // Weight 90 drawn at (295;220)!
2025. 32. 07. 04:32:41 // INFO // Edge from step5 to step6 with cost 90
2025. 32. 07. 04:32:41 // INFO // Edge drawn from (338,7;235,7) to (101,3;354,3)!
2025. 32. 07. 04:32:41 // INFO // Weight 15 drawn at (220;295)!
2025. 32. 07. 04:32:41 // INFO // Edge from step6 to step7 with cost 15
2025. 32. 07. 04:32:41 // INFO // Edge drawn from (345,3;244,7) to (244,7;345,3)!
2025. 32. 07. 04:32:41 // INFO // Weight 30 drawn at (287,9289321881345;287,9289321881345)!
2025. 32. 07. 04:32:41 // INFO // Edge from step6 to step8 with cost 30
2025. 32. 07. 04:32:41 // INFO // Edge drawn from (105,0;370,0) to (185,0;370,0)!
2025. 32. 07. 04:32:41 // INFO // Weight 25 drawn at (145;370)!
2025. 32. 07. 04:32:41 // INFO // Edge from step7 to step8 with cost 25
2025. 32. 07. 04:32:41 // INFO // Edge drawn from (255,0;370,0) to (335,0;370,0)!
2025. 32. 07. 04:32:41 // INFO // Weight 20 drawn at (295;370)!
2025. 32. 07. 04:32:41 // INFO // Edge from step8 to step9 with cost 20
2025. 32. 07. 04:32:41 // INFO // Canvas size set to 435x435
2025. 32. 07. 04:32:41 // INFO // Document has been saved to C:\Users\Phant0m\Desktop\sgraph.xml
2025. 32. 07. 04:32:41 // INFO // S-Graph built from BatchML file!
2025. 32. 07. 04:32:41 // INFO // Heuristic solver enabled!
2025. 32. 07. 04:32:41 // INFO // BnB solver enabled!
2025. 32. 07. 04:32:41 // INFO // Genetic solver enabled!
2025. 32. 07. 04:32:41 // INFO //  solver enabled!
2025. 34. 07. 04:34:25 // INFO // No changes were made, exiting app...
