10/21/2025 11:44 PM // INFO // [INITIALIZATION] // Beginning initialization...
10/21/2025 11:44 PM // INFO // [SAVE] // Custom solvers loaded from JSON file!
10/21/2025 11:44 PM // INFO // [INITIALIZATION] // Johnson's Rule solver added!
10/21/2025 11:44 PM // INFO // [INITIALIZATION] // List Scheduling solver added!
10/21/2025 11:44 PM // INFO // [INITIALIZATION] // {cs.Name} ({cs.TypeID} type) solver added!
10/21/2025 11:44 PM // INFO // [INITIALIZATION] // Solver menu successfully built!
10/21/2025 11:44 PM // INFO // [CONSTRAINT] // Saving and closing are disabled for as long as there are no files opened.
10/21/2025 11:44 PM // INFO // [INITIALIZATION] // Initialization complete!
10/21/2025 11:44 PM // WARNING // [S_GRAPH] // No BatchML file loaded, drawing example S-Graph!
10/21/2025 11:44 PM // INFO // [CLEAR] // SGraphCanvas has been cleared!
10/21/2025 11:44 PM // INFO // [CLEAR] // GanttCanvas has been cleared!
10/21/2025 11:44 PM // INFO // [CLEAR] // RulerCanvas has been cleared!
10/21/2025 11:44 PM // INFO // [CLEAR] // S-Graph nodes cleared!
10/21/2025 11:44 PM // INFO // [CLEAR] // S-Graph edges cleared!
10/21/2025 11:44 PM // INFO // [S_GRAPH] // Node J2_M1 at 100;70
10/21/2025 11:44 PM // INFO // [S_GRAPH] // Node J2_M2 at 400;70
10/21/2025 11:44 PM // INFO // [S_GRAPH] // Node J1_M1 at 100;220
10/21/2025 11:44 PM // INFO // [S_GRAPH] // Node J1_M2 at 400;220
10/21/2025 11:44 PM // INFO // [S_GRAPH] // Node J3_M1 at 100;370
10/21/2025 11:44 PM // INFO // [S_GRAPH] // Node J3_M2 at 400;370
10/21/2025 11:44 PM // INFO // [S_GRAPH] // Node Prod_M1 at 100;520
10/21/2025 11:44 PM // INFO // [S_GRAPH] // Node Prod_M2 at 400;520
10/21/2025 11:44 PM // INFO // [S_GRAPH] // Technological edge J2_M1 to J2_M2 set to fixed curve 50.
10/21/2025 11:44 PM // INFO // [S_GRAPH] // Edge drawn from (170,0;105,0) to (400,0;105,0)!
10/21/2025 11:44 PM // INFO // [S_GRAPH] // Edge from J2_M1 to J2_M2 with cost 0 drawn.
10/21/2025 11:44 PM // INFO // [S_GRAPH] // Technological edge J1_M1 to J1_M2 set to fixed curve 50.
10/21/2025 11:44 PM // INFO // [S_GRAPH] // Edge drawn from (170,0;255,0) to (400,0;255,0)!
10/21/2025 11:44 PM // INFO // [S_GRAPH] // Edge from J1_M1 to J1_M2 with cost 0 drawn.
10/21/2025 11:44 PM // INFO // [S_GRAPH] // Technological edge J3_M1 to J3_M2 set to fixed curve 50.
10/21/2025 11:44 PM // INFO // [S_GRAPH] // Edge drawn from (170,0;405,0) to (400,0;405,0)!
10/21/2025 11:44 PM // INFO // [S_GRAPH] // Edge from J3_M1 to J3_M2 with cost 0 drawn.
10/21/2025 11:44 PM // INFO // [S_GRAPH] // Canvas resized to 520x640!
10/21/2025 11:44 PM // INFO // [S_GRAPH] // Example Flow Shop S-Graph drawn!
10/21/2025 11:44 PM // INFO // [INITIALIZATION] // Johnson's Rule solver enabled!
10/21/2025 11:44 PM // INFO // [INITIALIZATION] // List Scheduling solver enabled!
10/21/2025 11:44 PM // INFO // [INITIALIZATION] // Simulated Annealing solver enabled!
10/21/2025 11:44 PM // INFO // [INITIALIZATION] //  solver enabled!
10/21/2025 11:44 PM // INFO // [CONSTRAINT] // Saving and closing are disabled for as long as there are no files opened.
10/21/2025 11:44 PM // INFO // [EXTERN_SOLVER] // Simulated Annealing custom solver selected!
10/21/2025 11:44 PM // INFO // [S_GRAPH] // C:\Users\Phant0m\Desktop\THESIS_LIPX05\Thesis_LIPX05\bin\Debug\net9.0-windows\SolverTemp successfully discovered!
10/21/2025 11:44 PM // INFO // [S_GRAPH] // SGraph saved to C:\Users\Phant0m\Desktop\THESIS_LIPX05\Thesis_LIPX05\bin\Debug\net9.0-windows\SolverTemp\SGraph_3ba8013e-b64d-4b44-b70e-1297805ba5f3.xml!
10/21/2025 11:44 PM // INFO // [Simulated Annealing] // Gathering parameters for Simulated Annealing
10/21/2025 11:45 PM // INFO // [Simulated Annealing] // Parameters gathered: 1000, 0.995, 5000
10/21/2025 11:45 PM // INFO // [LOAD] // Loading solution from C:\Users\Phant0m\Desktop\THESIS_LIPX05\Thesis_LIPX05\bin\Debug\net9.0-windows\SolverTemp\SimulatedAnnealing_Solution.txt...
10/21/2025 11:45 PM // INFO // [LOAD] // Node J2_M1 added to solution path from file.
10/21/2025 11:45 PM // INFO // [LOAD] // Node J2_M2 added to solution path from file.
10/21/2025 11:45 PM // INFO // [LOAD] // Node J1_M1 added to solution path from file.
10/21/2025 11:45 PM // INFO // [LOAD] // Node J1_M2 added to solution path from file.
10/21/2025 11:45 PM // INFO // [LOAD] // Node J3_M1 added to solution path from file.
10/21/2025 11:45 PM // INFO // [LOAD] // Node J3_M2 added to solution path from file.
10/21/2025 11:45 PM // INFO // [LOAD] // Node Prod_M1 appended to solution path.
10/21/2025 11:45 PM // INFO // [LOAD] // Node Prod_M2 appended to solution path.
10/21/2025 11:45 PM // INFO // [LOAD] // Total of 8 nodes loaded from solution file.
10/21/2025 11:45 PM // INFO // [S_GRAPH] // Node J2_M1 at 100;70
10/21/2025 11:45 PM // INFO // [S_GRAPH] // Node J2_M2 at 400;70
10/21/2025 11:45 PM // INFO // [S_GRAPH] // Node J1_M1 at 100;220
10/21/2025 11:45 PM // INFO // [S_GRAPH] // Node J1_M2 at 400;220
10/21/2025 11:45 PM // INFO // [S_GRAPH] // Node J3_M1 at 100;370
10/21/2025 11:45 PM // INFO // [S_GRAPH] // Node J3_M2 at 400;370
10/21/2025 11:45 PM // INFO // [S_GRAPH] // Node Prod_M1 at 100;520
10/21/2025 11:45 PM // INFO // [S_GRAPH] // Node Prod_M2 at 400;520
10/21/2025 11:45 PM // INFO // [S_GRAPH] // Technological edge J2_M1 to J2_M2 set to fixed curve 50.
10/21/2025 11:45 PM // INFO // [S_GRAPH] // Edge drawn from (170,0;105,0) to (400,0;105,0)!
10/21/2025 11:45 PM // INFO // [S_GRAPH] // Edge from J2_M1 to J2_M2 with cost 0 drawn.
10/21/2025 11:45 PM // INFO // [S_GRAPH] // Technological edge J1_M1 to J1_M2 set to fixed curve 50.
10/21/2025 11:45 PM // INFO // [S_GRAPH] // Edge drawn from (170,0;255,0) to (400,0;255,0)!
10/21/2025 11:45 PM // INFO // [S_GRAPH] // Edge from J1_M1 to J1_M2 with cost 0 drawn.
10/21/2025 11:45 PM // INFO // [S_GRAPH] // Technological edge J3_M1 to J3_M2 set to fixed curve 50.
10/21/2025 11:45 PM // INFO // [S_GRAPH] // Edge drawn from (170,0;405,0) to (400,0;405,0)!
10/21/2025 11:45 PM // INFO // [S_GRAPH] // Edge from J3_M1 to J3_M2 with cost 0 drawn.
10/21/2025 11:45 PM // INFO // [S_GRAPH] // Canvas resized to 520x640!
10/21/2025 11:45 PM // INFO // [S_GRAPH] // S-graph re-rendered with Simulated Annealing sequence.
10/21/2025 11:45 PM // INFO // [GANTT] // Node J2_M1 EST is 0 (no predecessors.)
10/21/2025 11:45 PM // INFO // [GANTT] // Node J2_M2 EST is determined by J2_M1 (EST: 2,00).
10/21/2025 11:45 PM // INFO // [GANTT] // Node J1_M1 EST is 0 (no predecessors.)
10/21/2025 11:45 PM // INFO // [GANTT] // Node J1_M2 EST is determined by J1_M1 (EST: 3,00).
10/21/2025 11:45 PM // INFO // [GANTT] // Node J3_M1 EST is 0 (no predecessors.)
10/21/2025 11:45 PM // INFO // [GANTT] // Node J3_M2 EST is determined by J3_M1 (EST: 3,00).
10/21/2025 11:45 PM // WARNING // [GANTT] // Node Prod_M1 has non-positive duration (0), skipping...
10/21/2025 11:45 PM // WARNING // [GANTT] // Node Prod_M2 has non-positive duration (0), skipping...
10/21/2025 11:45 PM // INFO // [GANTT] // Gantt chart built with 6 items from path with 8 nodes.
10/21/2025 11:45 PM // INFO // [GANTT] // Gantt data built with 6 items from optimized path using Simulated Annealing!
10/21/2025 11:45 PM // INFO // [GANTT] // Canvases are ready to be used!
10/21/2025 11:45 PM // INFO // [GANTT] // Ruler drawn: 7 ticks and 4 labels.
10/21/2025 11:45 PM // INFO // [GANTT] // Gantt chart rendered with 6 items on canvas.
10/21/2025 11:45 PM // INFO // [GANTT] // Canvas resized to 160x110 to fit all Gantt items.
10/21/2025 11:45 PM // INFO // [GANTT] // Simulated Annealing schedule rendered successfully!
10/21/2025 11:45 PM // INFO // [GANTT] // Gantt chart rendered with 6 items on canvas.
10/21/2025 11:45 PM // INFO // [GANTT] // Canvas resized to 160,16844158123774x110 to fit all Gantt items.
10/21/2025 11:45 PM // INFO // [GANTT] // Canvases are ready to be used!
10/21/2025 11:45 PM // INFO // [GANTT] // Ruler drawn: 7 ticks and 4 labels.
10/21/2025 11:45 PM // INFO // [MODIFY] // Zoom level changed to 0,004044489383215369, scale set to 10,028073596872959!
10/21/2025 11:45 PM // INFO // [GANTT] // Gantt chart rendered with 6 items on canvas.
10/21/2025 11:45 PM // INFO // [GANTT] // Canvas resized to 160,33735603858037x110 to fit all Gantt items.
10/21/2025 11:45 PM // INFO // [GANTT] // Canvases are ready to be used!
10/21/2025 11:45 PM // INFO // [GANTT] // Ruler drawn: 7 ticks and 4 labels.
10/21/2025 11:45 PM // INFO // [MODIFY] // Zoom level changed to 0,008088978766430738, scale set to 10,056226006430059!
10/21/2025 11:45 PM // INFO // [GANTT] // Gantt chart rendered with 6 items on canvas.
10/21/2025 11:45 PM // INFO // [GANTT] // Canvas resized to 160,5067446995611x110 to fit all Gantt items.
10/21/2025 11:45 PM // INFO // [GANTT] // Canvases are ready to be used!
10/21/2025 11:45 PM // INFO // [GANTT] // Ruler drawn: 7 ticks and 4 labels.
10/21/2025 11:45 PM // INFO // [MODIFY] // Zoom level changed to 0,012133468149646108, scale set to 10,084457449926848!
10/21/2025 11:45 PM // INFO // [GANTT] // Gantt chart rendered with 6 items on canvas.
10/21/2025 11:45 PM // INFO // [GANTT] // Canvas resized to 160,67660889544015x110 to fit all Gantt items.
10/21/2025 11:45 PM // INFO // [GANTT] // Canvases are ready to be used!
10/21/2025 11:45 PM // INFO // [GANTT] // Ruler drawn: 7 ticks and 4 labels.
10/21/2025 11:45 PM // INFO // [MODIFY] // Zoom level changed to 0,016177957532861477, scale set to 10,112768149240026!
10/21/2025 11:45 PM // INFO // [GANTT] // Gantt chart rendered with 6 items on canvas.
10/21/2025 11:45 PM // INFO // [GANTT] // Canvas resized to 160,84694996121505x110 to fit all Gantt items.
10/21/2025 11:45 PM // INFO // [GANTT] // Canvases are ready to be used!
10/21/2025 11:45 PM // INFO // [GANTT] // Ruler drawn: 7 ticks and 4 labels.
10/21/2025 11:45 PM // INFO // [MODIFY] // Zoom level changed to 0,020222446916076844, scale set to 10,141158326869173!
10/21/2025 11:45 PM // INFO // [GANTT] // Gantt chart rendered with 6 items on canvas.
10/21/2025 11:45 PM // INFO // [GANTT] // Canvas resized to 161,01776923563108x110 to fit all Gantt items.
10/21/2025 11:45 PM // INFO // [GANTT] // Canvases are ready to be used!
10/21/2025 11:45 PM // INFO // [GANTT] // Ruler drawn: 7 ticks and 4 labels.
10/21/2025 11:45 PM // INFO // [MODIFY] // Zoom level changed to 0,024266936299292212, scale set to 10,169628205938512!
10/21/2025 11:45 PM // INFO // [GANTT] // Gantt chart rendered with 6 items on canvas.
10/21/2025 11:45 PM // INFO // [GANTT] // Canvas resized to 161,1890680611919x110 to fit all Gantt items.
10/21/2025 11:45 PM // INFO // [GANTT] // Canvases are ready to be used!
10/21/2025 11:45 PM // INFO // [GANTT] // Ruler drawn: 7 ticks and 4 labels.
10/21/2025 11:45 PM // INFO // [MODIFY] // Zoom level changed to 0,02831142568250758, scale set to 10,198178010198653!
10/21/2025 11:45 PM // INFO // [GANTT] // Gantt chart rendered with 6 items on canvas.
10/21/2025 11:45 PM // INFO // [GANTT] // Canvas resized to 161,5331097546177x110 to fit all Gantt items.
10/21/2025 11:45 PM // INFO // [GANTT] // Canvases are ready to be used!
10/21/2025 11:45 PM // INFO // [GANTT] // Ruler drawn: 7 ticks and 4 labels.
10/21/2025 11:45 PM // INFO // [MODIFY] // Zoom level changed to 0,036400404448938314, scale set to 10,255518292436284!
10/21/2025 11:45 PM // INFO // [GANTT] // Gantt chart rendered with 6 items on canvas.
10/21/2025 11:45 PM // INFO // [GANTT] // Canvas resized to 161,70585532637676x110 to fit all Gantt items.
10/21/2025 11:45 PM // INFO // [GANTT] // Canvases are ready to be used!
10/21/2025 11:45 PM // INFO // [GANTT] // Ruler drawn: 7 ticks and 4 labels.
10/21/2025 11:45 PM // INFO // [MODIFY] // Zoom level changed to 0,04044489383215368, scale set to 10,284309221062795!
10/21/2025 11:45 PM // INFO // [GANTT] // Gantt chart rendered with 6 items on canvas.
10/21/2025 11:45 PM // INFO // [GANTT] // Canvas resized to 161,87908585709016x110 to fit all Gantt items.
10/21/2025 11:45 PM // INFO // [GANTT] // Canvases are ready to be used!
10/21/2025 11:45 PM // INFO // [GANTT] // Ruler drawn: 7 ticks and 4 labels.
10/21/2025 11:45 PM // INFO // [MODIFY] // Zoom level changed to 0,04448938321536905, scale set to 10,313180976181695!
10/21/2025 11:45 PM // INFO // [GANTT] // Gantt chart rendered with 6 items on canvas.
10/21/2025 11:45 PM // INFO // [GANTT] // Canvas resized to 162,22700724501885x110 to fit all Gantt items.
10/21/2025 11:45 PM // INFO // [GANTT] // Canvases are ready to be used!
10/21/2025 11:45 PM // INFO // [GANTT] // Ruler drawn: 7 ticks and 4 labels.
10/21/2025 11:45 PM // INFO // [MODIFY] // Zoom level changed to 0,052578361981799784, scale set to 10,371167874169808!
10/21/2025 11:45 PM // INFO // [GANTT] // Gantt chart rendered with 6 items on canvas.
10/21/2025 11:45 PM // INFO // [GANTT] // Canvas resized to 162,4017008366196x110 to fit all Gantt items.
10/21/2025 11:45 PM // INFO // [GANTT] // Canvases are ready to be used!
10/21/2025 11:45 PM // INFO // [GANTT] // Ruler drawn: 7 ticks and 4 labels.
10/21/2025 11:45 PM // INFO // [MODIFY] // Zoom level changed to 0,05662285136501515, scale set to 10,400283472769933!
10/21/2025 11:45 PM // INFO // [GANTT] // Gantt chart rendered with 6 items on canvas.
10/21/2025 11:45 PM // INFO // [GANTT] // Canvas resized to 162,57688485596702x110 to fit all Gantt items.
10/21/2025 11:45 PM // INFO // [GANTT] // Canvases are ready to be used!
10/21/2025 11:45 PM // INFO // [GANTT] // Ruler drawn: 7 ticks and 4 labels.
10/21/2025 11:45 PM // INFO // [MODIFY] // Zoom level changed to 0,06066734074823052, scale set to 10,429480809327838!
10/21/2025 11:45 PM // INFO // [GANTT] // Gantt chart rendered with 6 items on canvas.
10/21/2025 11:45 PM // INFO // [GANTT] // Canvas resized to 162,75256067986825x110 to fit all Gantt items.
10/21/2025 11:45 PM // INFO // [GANTT] // Canvases are ready to be used!
10/21/2025 11:45 PM // INFO // [GANTT] // Ruler drawn: 7 ticks and 4 labels.
10/21/2025 11:45 PM // INFO // [MODIFY] // Zoom level changed to 0,0647118301314459, scale set to 10,458760113311374!
10/21/2025 11:45 PM // INFO // [GANTT] // Gantt chart rendered with 6 items on canvas.
10/21/2025 11:45 PM // INFO // [GANTT] // Canvas resized to 163,28255280500838x110 to fit all Gantt items.
10/21/2025 11:45 PM // INFO // [GANTT] // Canvases are ready to be used!
10/21/2025 11:45 PM // INFO // [GANTT] // Ruler drawn: 7 ticks and 4 labels.
10/21/2025 11:45 PM // INFO // [MODIFY] // Zoom level changed to 0,076845298281092, scale set to 10,547092134168066!
10/21/2025 11:45 PM // INFO // [GANTT] // Gantt chart rendered with 6 items on canvas.
10/21/2025 11:45 PM // INFO // [GANTT] // Canvas resized to 163,6383653271009x110 to fit all Gantt items.
10/21/2025 11:45 PM // INFO // [GANTT] // Canvases are ready to be used!
10/21/2025 11:45 PM // INFO // [GANTT] // Ruler drawn: 7 ticks and 4 labels.
10/21/2025 11:45 PM // INFO // [MODIFY] // Zoom level changed to 0,08493427704752274, scale set to 10,606394221183482!
10/21/2025 11:45 PM // INFO // [GANTT] // Gantt chart rendered with 6 items on canvas.
10/21/2025 11:45 PM // INFO // [GANTT] // Canvas resized to 163,81702110848562x110 to fit all Gantt items.
10/21/2025 11:45 PM // INFO // [GANTT] // Canvases are ready to be used!
10/21/2025 11:45 PM // INFO // [GANTT] // Ruler drawn: 7 ticks and 4 labels.
10/21/2025 11:45 PM // INFO // [MODIFY] // Zoom level changed to 0,08897876643073811, scale set to 10,6361701847476!
10/21/2025 11:45 PM // INFO // [GANTT] // Gantt chart rendered with 6 items on canvas.
10/21/2025 11:45 PM // INFO // [GANTT] // Canvas resized to 163,9961784409089x110 to fit all Gantt items.
10/21/2025 11:45 PM // INFO // [GANTT] // Canvases are ready to be used!
10/21/2025 11:45 PM // INFO // [GANTT] // Ruler drawn: 7 ticks and 4 labels.
10/21/2025 11:45 PM // INFO // [MODIFY] // Zoom level changed to 0,09302325581395349, scale set to 10,666029740151481!
10/21/2025 11:45 PM // INFO // [GANTT] // Gantt chart rendered with 6 items on canvas.
10/21/2025 11:45 PM // INFO // [GANTT] // Canvas resized to 164,89953778838287x110 to fit all Gantt items.
10/21/2025 11:45 PM // INFO // [GANTT] // Canvases are ready to be used!
10/21/2025 11:45 PM // INFO // [GANTT] // Ruler drawn: 7 ticks and 4 labels.
10/21/2025 11:45 PM // INFO // [MODIFY] // Zoom level changed to 0,11324570273003033, scale set to 10,816589631397145!
10/21/2025 11:45 PM // INFO // [GANTT] // Gantt chart rendered with 6 items on canvas.
10/21/2025 11:45 PM // INFO // [GANTT] // Canvas resized to 165,26444197128262x110 to fit all Gantt items.
10/21/2025 11:45 PM // INFO // [GANTT] // Canvases are ready to be used!
10/21/2025 11:45 PM // INFO // [GANTT] // Ruler drawn: 7 ticks and 4 labels.
10/21/2025 11:45 PM // INFO // [MODIFY] // Zoom level changed to 0,12133468149646107, scale set to 10,877406995213768!
10/21/2025 11:45 PM // INFO // [GANTT] // Gantt chart rendered with 6 items on canvas.
10/21/2025 11:45 PM // INFO // [GANTT] // Canvas resized to 166,18570391455427x110 to fit all Gantt items.
10/21/2025 11:45 PM // INFO // [GANTT] // Canvases are ready to be used!
10/21/2025 11:45 PM // INFO // [GANTT] // Ruler drawn: 7 ticks and 4 labels.
10/21/2025 11:45 PM // INFO // [MODIFY] // Zoom level changed to 0,14155712841253792, scale set to 11,030950652425709!
10/21/2025 11:45 PM // INFO // [GANTT] // Gantt chart rendered with 6 items on canvas.
10/21/2025 11:45 PM // INFO // [GANTT] // Canvas resized to 166,7446914919779x110 to fit all Gantt items.
10/21/2025 11:45 PM // INFO // [GANTT] // Canvases are ready to be used!
10/21/2025 11:45 PM // INFO // [GANTT] // Ruler drawn: 7 ticks and 4 labels.
10/21/2025 11:45 PM // INFO // [MODIFY] // Zoom level changed to 0,15369059656218403, scale set to 11,124115248662987!
10/21/2025 11:45 PM // INFO // [GANTT] // Gantt chart rendered with 6 items on canvas.
10/21/2025 11:45 PM // INFO // [GANTT] // Canvas resized to 168,45014045189959x110 to fit all Gantt items.
10/21/2025 11:45 PM // INFO // [GANTT] // Canvases are ready to be used!
10/21/2025 11:45 PM // INFO // [GANTT] // Ruler drawn: 7 ticks and 4 labels.
10/21/2025 11:45 PM // INFO // [MODIFY] // Zoom level changed to 0,19009100101112236, scale set to 11,408356741983265!
10/21/2025 11:45 PM // INFO // [GANTT] // Gantt chart rendered with 6 items on canvas.
10/21/2025 11:45 PM // INFO // [GANTT] // Canvas resized to 170,00264415123462x110 to fit all Gantt items.
10/21/2025 11:45 PM // INFO // [GANTT] // Canvases are ready to be used!
10/21/2025 11:45 PM // INFO // [GANTT] // Ruler drawn: 7 ticks and 4 labels.
10/21/2025 11:45 PM // INFO // [MODIFY] // Zoom level changed to 0,2224469160768453, scale set to 11,667107358539102!
10/21/2025 11:45 PM // INFO // [GANTT] // Gantt chart rendered with 6 items on canvas.
10/21/2025 11:45 PM // INFO // [GANTT] // Canvas resized to 170,99078976371524x110 to fit all Gantt items.
10/21/2025 11:45 PM // INFO // [GANTT] // Canvases are ready to be used!
10/21/2025 11:45 PM // INFO // [GANTT] // Ruler drawn: 7 ticks and 4 labels.
10/21/2025 11:45 PM // INFO // [MODIFY] // Zoom level changed to 0,24266936299292213, scale set to 11,83179829395254!
10/21/2025 11:45 PM // INFO // [GANTT] // Gantt chart rendered with 6 items on canvas.
10/21/2025 11:45 PM // INFO // [GANTT] // Canvas resized to 173,0091233777507x110 to fit all Gantt items.
10/21/2025 11:45 PM // INFO // [GANTT] // Canvases are ready to be used!
10/21/2025 11:45 PM // INFO // [GANTT] // Ruler drawn: 7 ticks and 4 labels.
10/21/2025 11:45 PM // INFO // [MODIFY] // Zoom level changed to 0,28311425682507585, scale set to 12,168187229625119!
10/21/2025 11:45 PM // INFO // [GANTT] // Gantt chart rendered with 6 items on canvas.
10/21/2025 11:45 PM // INFO // [GANTT] // Canvas resized to 174,03970794796953x110 to fit all Gantt items.
10/21/2025 11:45 PM // INFO // [GANTT] // Canvases are ready to be used!
10/21/2025 11:45 PM // INFO // [GANTT] // Ruler drawn: 7 ticks and 4 labels.
10/21/2025 11:45 PM // INFO // [MODIFY] // Zoom level changed to 0,3033367037411527, scale set to 12,33995132466159!
10/21/2025 11:45 PM // INFO // [GANTT] // Gantt chart rendered with 6 items on canvas.
10/21/2025 11:45 PM // INFO // [GANTT] // Canvas resized to 175,29563023071208x110 to fit all Gantt items.
10/21/2025 11:45 PM // INFO // [GANTT] // Canvases are ready to be used!
10/21/2025 11:45 PM // INFO // [GANTT] // Ruler drawn: 7 ticks and 4 labels.
10/21/2025 11:45 PM // INFO // [MODIFY] // Zoom level changed to 0,3276036400404449, scale set to 12,54927170511868!
10/21/2025 11:45 PM // INFO // [GANTT] // Gantt chart rendered with 6 items on canvas.
10/21/2025 11:45 PM // INFO // [GANTT] // Canvas resized to 178,09036213141303x110 to fit all Gantt items.
10/21/2025 11:45 PM // INFO // [GANTT] // Canvases are ready to be used!
10/21/2025 11:45 PM // INFO // [GANTT] // Ruler drawn: 7 ticks and 4 labels.
10/21/2025 11:45 PM // INFO // [MODIFY] // Zoom level changed to 0,3801820020222447, scale set to 13,015060355235503!
10/21/2025 11:45 PM // INFO // [GANTT] // Gantt chart rendered with 6 items on canvas.
10/21/2025 11:45 PM // INFO // [GANTT] // Canvas resized to 179,63794138970258x110 to fit all Gantt items.
10/21/2025 11:45 PM // INFO // [GANTT] // Canvases are ready to be used!
10/21/2025 11:45 PM // INFO // [GANTT] // Ruler drawn: 7 ticks and 4 labels.
10/21/2025 11:45 PM // INFO // [MODIFY] // Zoom level changed to 0,40849342770475233, scale set to 13,272990231617099!
10/21/2025 11:45 PM // INFO // [GANTT] // Gantt chart rendered with 6 items on canvas.
10/21/2025 11:45 PM // INFO // [GANTT] // Canvas resized to 182,3626244190562x110 to fit all Gantt items.
10/21/2025 11:45 PM // INFO // [GANTT] // Canvases are ready to be used!
10/21/2025 11:45 PM // INFO // [GANTT] // Ruler drawn: 7 ticks and 4 labels.
10/21/2025 11:45 PM // INFO // [MODIFY] // Zoom level changed to 0,45702730030333677, scale set to 13,727104069842701!
10/21/2025 11:45 PM // INFO // [GANTT] // Gantt chart rendered with 6 items on canvas.
10/21/2025 11:45 PM // INFO // [GANTT] // Canvas resized to 183,99487052126693x110 to fit all Gantt items.
10/21/2025 11:45 PM // INFO // [GANTT] // Canvases are ready to be used!
10/21/2025 11:45 PM // INFO // [GANTT] // Ruler drawn: 7 ticks and 4 labels.
10/21/2025 11:45 PM // INFO // [MODIFY] // Zoom level changed to 0,4853387259858439, scale set to 13,999145086877823!
10/21/2025 11:45 PM // INFO // [GANTT] // Gantt chart rendered with 6 items on canvas.
10/21/2025 11:45 PM // INFO // [GANTT] // Canvas resized to 185,65946415194676x110 to fit all Gantt items.
10/21/2025 11:45 PM // INFO // [GANTT] // Canvases are ready to be used!
10/21/2025 11:45 PM // INFO // [GANTT] // Ruler drawn: 7 ticks and 4 labels.
10/21/2025 11:45 PM // INFO // [MODIFY] // Zoom level changed to 0,5136501516683519, scale set to 14,276577358657793!
10/21/2025 11:45 PM // INFO // [GANTT] // Gantt chart rendered with 6 items on canvas.
10/21/2025 11:45 PM // INFO // [GANTT] // Canvas resized to 188,83886827312708x110 to fit all Gantt items.
10/21/2025 11:45 PM // INFO // [GANTT] // Canvases are ready to be used!
10/21/2025 11:45 PM // INFO // [GANTT] // Ruler drawn: 7 ticks and 4 labels.
10/21/2025 11:45 PM // INFO // [MODIFY] // Zoom level changed to 0,5662285136501517, scale set to 14,806478045521178!
10/21/2025 11:45 PM // INFO // [GANTT] // Gantt chart rendered with 6 items on canvas.
10/21/2025 11:45 PM // INFO // [GANTT] // Canvas resized to 190,59945928739393x110 to fit all Gantt items.
10/21/2025 11:45 PM // INFO // [GANTT] // Canvases are ready to be used!
10/21/2025 11:45 PM // INFO // [GANTT] // Ruler drawn: 7 ticks and 7 labels.
10/21/2025 11:45 PM // INFO // [MODIFY] // Zoom level changed to 0,5945399393326593, scale set to 15,099909881232321!
10/21/2025 11:45 PM // INFO // [GANTT] // Gantt chart rendered with 6 items on canvas.
10/21/2025 11:45 PM // INFO // [GANTT] // Canvas resized to 193,96222015785753x110 to fit all Gantt items.
10/21/2025 11:45 PM // INFO // [GANTT] // Canvases are ready to be used!
10/21/2025 11:45 PM // INFO // [GANTT] // Ruler drawn: 7 ticks and 7 labels.
10/21/2025 11:45 PM // INFO // [MODIFY] // Zoom level changed to 0,647118301314459, scale set to 15,660370026309591!
10/21/2025 11:45 PM // INFO // [GANTT] // Gantt chart rendered with 6 items on canvas.
10/21/2025 11:45 PM // INFO // [GANTT] // Canvas resized to 196,90493814118125x110 to fit all Gantt items.
10/21/2025 11:45 PM // INFO // [GANTT] // Canvases are ready to be used!
10/21/2025 11:45 PM // INFO // [GANTT] // Ruler drawn: 7 ticks and 7 labels.
10/21/2025 11:45 PM // INFO // [MODIFY] // Zoom level changed to 0,6916076845298281, scale set to 16,150823023530208!
10/21/2025 11:45 PM // INFO // [GANTT] // Gantt chart rendered with 6 items on canvas.
10/21/2025 11:45 PM // INFO // [GANTT] // Canvas resized to 201,06681926725514x110 to fit all Gantt items.
10/21/2025 11:45 PM // INFO // [GANTT] // Canvases are ready to be used!
10/21/2025 11:45 PM // INFO // [GANTT] // Ruler drawn: 7 ticks and 7 labels.
10/21/2025 11:45 PM // INFO // [MODIFY] // Zoom level changed to 0,7522750252780587, scale set to 16,844469877875856!
10/21/2025 11:45 PM // INFO // [GANTT] // Gantt chart rendered with 6 items on canvas.
10/21/2025 11:45 PM // INFO // [GANTT] // Canvas resized to 202,4934615782306x110 to fit all Gantt items.
10/21/2025 11:45 PM // INFO // [GANTT] // Canvases are ready to be used!
10/21/2025 11:45 PM // INFO // [GANTT] // Ruler drawn: 7 ticks and 7 labels.
10/21/2025 11:45 PM // INFO // [MODIFY] // Zoom level changed to 0,7724974721941356, scale set to 17,082243596371768!
10/21/2025 11:45 PM // INFO // [GANTT] // Gantt chart rendered with 6 items on canvas.
10/21/2025 11:45 PM // INFO // [GANTT] // Canvas resized to 208,10079824154127x110 to fit all Gantt items.
10/21/2025 11:45 PM // INFO // [GANTT] // Canvases are ready to be used!
10/21/2025 11:45 PM // INFO // [GANTT] // Ruler drawn: 7 ticks and 7 labels.
10/21/2025 11:45 PM // INFO // [MODIFY] // Zoom level changed to 0,8493427704752271, scale set to 18,016799706923543!
10/21/2025 11:45 PM // INFO // [GANTT] // Gantt chart rendered with 6 items on canvas.
10/21/2025 11:45 PM // INFO // [GANTT] // Canvas resized to 212,74352007331754x110 to fit all Gantt items.
10/21/2025 11:45 PM // INFO // [GANTT] // Canvases are ready to be used!
10/21/2025 11:45 PM // INFO // [GANTT] // Ruler drawn: 7 ticks and 7 labels.
10/21/2025 11:45 PM // INFO // [MODIFY] // Zoom level changed to 0,9100101112234581, scale set to 18,790586678886257!
10/21/2025 11:45 PM // INFO // [GANTT] // Gantt chart rendered with 6 items on canvas.
10/21/2025 11:45 PM // INFO // [GANTT] // Canvas resized to 214,65596817744049x110 to fit all Gantt items.
10/21/2025 11:45 PM // INFO // [GANTT] // Canvases are ready to be used!
10/21/2025 11:45 PM // INFO // [GANTT] // Ruler drawn: 7 ticks and 7 labels.
10/21/2025 11:45 PM // INFO // [MODIFY] // Zoom level changed to 0,9342770475227503, scale set to 19,109328029573415!
10/21/2025 11:45 PM // INFO // [GANTT] // Gantt chart rendered with 6 items on canvas.
10/21/2025 11:45 PM // INFO // [GANTT] // Canvas resized to 218,24677498132732x110 to fit all Gantt items.
10/21/2025 11:45 PM // INFO // [GANTT] // Canvases are ready to be used!
10/21/2025 11:45 PM // INFO // [GANTT] // Ruler drawn: 7 ticks and 7 labels.
10/21/2025 11:45 PM // INFO // [MODIFY] // Zoom level changed to 0,9787664307381194, scale set to 19,70779583022122!
10/21/2025 11:45 PM // INFO // [GANTT] // Gantt chart rendered with 6 items on canvas.
10/21/2025 11:45 PM // INFO // [GANTT] // Canvas resized to 221,60863983014022x110 to fit all Gantt items.
10/21/2025 11:45 PM // INFO // [GANTT] // Canvases are ready to be used!
10/21/2025 11:45 PM // INFO // [GANTT] // Ruler drawn: 7 ticks and 7 labels.
10/21/2025 11:45 PM // INFO // [MODIFY] // Zoom level changed to 1,0192113245702732, scale set to 20,268106638356702!
10/21/2025 11:45 PM // INFO // [GANTT] // Gantt chart rendered with 6 items on canvas.
10/21/2025 11:45 PM // INFO // [GANTT] // Canvas resized to 223,32524704326605x110 to fit all Gantt items.
10/21/2025 11:45 PM // INFO // [GANTT] // Canvases are ready to be used!
10/21/2025 11:45 PM // INFO // [GANTT] // Ruler drawn: 7 ticks and 7 labels.
10/21/2025 11:45 PM // INFO // [MODIFY] // Zoom level changed to 1,03943377148635, scale set to 20,55420784054434!
10/21/2025 11:45 PM // INFO // [GANTT] // Gantt chart rendered with 6 items on canvas.
10/21/2025 11:45 PM // INFO // [GANTT] // Canvas resized to 226,1223618627837x110 to fit all Gantt items.
10/21/2025 11:45 PM // INFO // [GANTT] // Canvases are ready to be used!
10/21/2025 11:45 PM // INFO // [GANTT] // Ruler drawn: 7 ticks and 7 labels.
10/21/2025 11:45 PM // INFO // [MODIFY] // Zoom level changed to 1,0717896865520724, scale set to 21,02039364379728!
10/21/2025 11:45 PM // INFO // [GANTT] // Gantt chart rendered with 6 items on canvas.
10/21/2025 11:45 PM // INFO // [GANTT] // Canvas resized to 229,70813690876452x110 to fit all Gantt items.
10/21/2025 11:45 PM // INFO // [GANTT] // Canvases are ready to be used!
10/21/2025 11:45 PM // INFO // [GANTT] // Ruler drawn: 7 ticks and 7 labels.
10/21/2025 11:45 PM // INFO // [MODIFY] // Zoom level changed to 1,1122345803842266, scale set to 21,61802281812742!
10/21/2025 11:45 PM // INFO // [GANTT] // Gantt chart rendered with 6 items on canvas.
10/21/2025 11:45 PM // INFO // [GANTT] // Canvas resized to 231,1708315628218x110 to fit all Gantt items.
10/21/2025 11:45 PM // INFO // [GANTT] // Canvases are ready to be used!
10/21/2025 11:45 PM // INFO // [GANTT] // Ruler drawn: 7 ticks and 7 labels.
10/21/2025 11:45 PM // INFO // [MODIFY] // Zoom level changed to 1,1284125379170877, scale set to 21,8618052604703!
10/21/2025 11:45 PM // INFO // [GANTT] // Gantt chart rendered with 6 items on canvas.
10/21/2025 11:45 PM // INFO // [GANTT] // Canvas resized to 234,14589048748883x110 to fit all Gantt items.
10/21/2025 11:45 PM // INFO // [GANTT] // Canvases are ready to be used!
10/21/2025 11:45 PM // INFO // [GANTT] // Ruler drawn: 7 ticks and 7 labels.
10/21/2025 11:45 PM // INFO // [MODIFY] // Zoom level changed to 1,160768452982811, scale set to 22,35764841458147!
10/21/2025 11:45 PM // INFO // [GANTT] // Gantt chart rendered with 6 items on canvas.
10/21/2025 11:45 PM // INFO // [GANTT] // Canvas resized to 240,69384135627953x110 to fit all Gantt items.
10/21/2025 11:45 PM // INFO // [GANTT] // Canvases are ready to be used!
10/21/2025 11:45 PM // INFO // [GANTT] // Ruler drawn: 7 ticks and 7 labels.
10/21/2025 11:45 PM // INFO // [MODIFY] // Zoom level changed to 1,2295247724974718, scale set to 23,448973559379922!
10/21/2025 11:45 PM // INFO // [GANTT] // Gantt chart rendered with 6 items on canvas.
10/21/2025 11:45 PM // INFO // [GANTT] // Canvas resized to 243,48208390899882x110 to fit all Gantt items.
10/21/2025 11:45 PM // INFO // [GANTT] // Canvases are ready to be used!
10/21/2025 11:45 PM // INFO // [GANTT] // Ruler drawn: 7 ticks and 7 labels.
10/21/2025 11:45 PM // INFO // [MODIFY] // Zoom level changed to 1,25783619817998, scale set to 23,913680651499803!
10/21/2025 11:45 PM // INFO // [GANTT] // Gantt chart rendered with 6 items on canvas.
10/21/2025 11:45 PM // INFO // [GANTT] // Canvas resized to 246,73637184159332x110 to fit all Gantt items.
10/21/2025 11:45 PM // INFO // [GANTT] // Canvases are ready to be used!
10/21/2025 11:45 PM // INFO // [GANTT] // Ruler drawn: 7 ticks and 7 labels.
10/21/2025 11:45 PM // INFO // [MODIFY] // Zoom level changed to 1,2901921132457024, scale set to 24,456061973598885!
10/21/2025 11:45 PM // INFO // [GANTT] // Gantt chart rendered with 6 items on canvas.
10/21/2025 11:45 PM // INFO // [GANTT] // Canvas resized to 248,3910907494706x110 to fit all Gantt items.
10/21/2025 11:45 PM // INFO // [GANTT] // Canvases are ready to be used!
10/21/2025 11:45 PM // INFO // [GANTT] // Ruler drawn: 7 ticks and 7 labels.
10/21/2025 11:45 PM // INFO // [MODIFY] // Zoom level changed to 1,3063700707785644, scale set to 24,731848458245103!
10/21/2025 11:45 PM // INFO // [GANTT] // Gantt chart rendered with 6 items on canvas.
10/21/2025 11:45 PM // INFO // [GANTT] // Canvas resized to 251,75671886675394x110 to fit all Gantt items.
10/21/2025 11:45 PM // INFO // [GANTT] // Canvases are ready to be used!
10/21/2025 11:45 PM // INFO // [GANTT] // Ruler drawn: 7 ticks and 7 labels.
10/21/2025 11:45 PM // INFO // [MODIFY] // Zoom level changed to 1,3387259858442868, scale set to 25,292786477792326!
10/21/2025 11:45 PM // INFO // [GANTT] // Gantt chart rendered with 6 items on canvas.
10/21/2025 11:45 PM // INFO // [GANTT] // Canvas resized to 255,19868211013315x110 to fit all Gantt items.
10/21/2025 11:45 PM // INFO // [GANTT] // Canvases are ready to be used!
10/21/2025 11:45 PM // INFO // [GANTT] // Ruler drawn: 7 ticks and 7 labels.
10/21/2025 11:45 PM // INFO // [MODIFY] // Zoom level changed to 1,3710819009100101, scale set to 25,866447018355526!
10/21/2025 11:45 PM // INFO // [GANTT] // Gantt chart rendered with 6 items on canvas.
10/21/2025 11:45 PM // INFO // [GANTT] // Canvas resized to 256,9488289247382x110 to fit all Gantt items.
10/21/2025 11:45 PM // INFO // [GANTT] // Canvases are ready to be used!
10/21/2025 11:45 PM // INFO // [GANTT] // Ruler drawn: 7 ticks and 7 labels.
10/21/2025 11:45 PM // INFO // [MODIFY] // Zoom level changed to 1,3872598584428717, scale set to 26,15813815412304!
10/21/2025 11:45 PM // INFO // [GANTT] // Gantt chart rendered with 6 items on canvas.
10/21/2025 11:45 PM // INFO // [GANTT] // Canvas resized to 260,05920958666957x110 to fit all Gantt items.
10/21/2025 11:45 PM // INFO // [GANTT] // Canvases are ready to be used!
10/21/2025 11:45 PM // INFO // [GANTT] // Ruler drawn: 7 ticks and 7 labels.
10/21/2025 11:45 PM // INFO // [MODIFY] // Zoom level changed to 1,4155712841253794, scale set to 26,676534931111597!
10/21/2025 11:45 PM // INFO // [GANTT] // Gantt chart rendered with 6 items on canvas.
10/21/2025 11:45 PM // INFO // [GANTT] // Canvas resized to 261,86416767006057x110 to fit all Gantt items.
10/21/2025 11:45 PM // INFO // [GANTT] // Canvases are ready to be used!
10/21/2025 11:45 PM // INFO // [GANTT] // Ruler drawn: 7 ticks and 7 labels.
10/21/2025 11:45 PM // INFO // [MODIFY] // Zoom level changed to 1,431749241658241, scale set to 26,97736127834343!
10/21/2025 11:45 PM // INFO // [GANTT] // Gantt chart rendered with 6 items on canvas.
10/21/2025 11:45 PM // INFO // [GANTT] // Canvas resized to 265,53537590189956x110 to fit all Gantt items.
10/21/2025 11:45 PM // INFO // [GANTT] // Canvases are ready to be used!
10/21/2025 11:45 PM // INFO // [GANTT] // Ruler drawn: 7 ticks and 7 labels.
10/21/2025 11:45 PM // INFO // [MODIFY] // Zoom level changed to 1,4641051567239634, scale set to 27,58922931698326!
10/21/2025 11:45 PM // INFO // [GANTT] // Gantt chart rendered with 6 items on canvas.
10/21/2025 11:45 PM // INFO // [GANTT] // Canvas resized to 268,815923043272x110 to fit all Gantt items.
10/21/2025 11:45 PM // INFO // [GANTT] // Canvases are ready to be used!
10/21/2025 11:45 PM // INFO // [GANTT] // Ruler drawn: 7 ticks and 7 labels.
10/21/2025 11:45 PM // INFO // [MODIFY] // Zoom level changed to 1,492416582406471, scale set to 28,135987173878668!
10/21/2025 11:45 PM // INFO // [GANTT] // Gantt chart rendered with 6 items on canvas.
10/21/2025 11:45 PM // INFO // [GANTT] // Canvas resized to 272,1614834151285x110 to fit all Gantt items.
10/21/2025 11:45 PM // INFO // [GANTT] // Canvases are ready to be used!
10/21/2025 11:45 PM // INFO // [GANTT] // Ruler drawn: 7 ticks and 7 labels.
10/21/2025 11:45 PM // INFO // [MODIFY] // Zoom level changed to 1,5207280080889787, scale set to 28,693580569188075!
10/21/2025 11:45 PM // INFO // [GANTT] // Gantt chart rendered with 6 items on canvas.
10/21/2025 11:45 PM // INFO // [GANTT] // Canvas resized to 273,1294786824792x110 to fit all Gantt items.
10/21/2025 11:45 PM // INFO // [GANTT] // Canvases are ready to be used!
10/21/2025 11:45 PM // INFO // [GANTT] // Ruler drawn: 7 ticks and 7 labels.
10/21/2025 11:45 PM // INFO // [MODIFY] // Zoom level changed to 1,5288169868554093, scale set to 28,854913113746534!
10/21/2025 11:45 PM // INFO // [GANTT] // Gantt chart rendered with 6 items on canvas.
10/21/2025 11:45 PM // INFO // [GANTT] // Canvas resized to 276,5605242416816x110 to fit all Gantt items.
10/21/2025 11:45 PM // INFO // [GANTT] // Canvases are ready to be used!
10/21/2025 11:45 PM // INFO // [GANTT] // Ruler drawn: 7 ticks and 7 labels.
10/21/2025 11:45 PM // INFO // [MODIFY] // Zoom level changed to 1,557128412537917, scale set to 29,42675404028026!
10/21/2025 11:45 PM // INFO // [GANTT] // Gantt chart rendered with 6 items on canvas.
10/21/2025 11:45 PM // INFO // [GANTT] // Canvas resized to 279,55548873834954x110 to fit all Gantt items.
10/21/2025 11:45 PM // INFO // [GANTT] // Canvases are ready to be used!
10/21/2025 11:45 PM // INFO // [GANTT] // Ruler drawn: 7 ticks and 7 labels.
10/21/2025 11:45 PM // INFO // [MODIFY] // Zoom level changed to 1,5813953488372092, scale set to 29,925914789724924!
10/21/2025 11:45 PM // INFO // [GANTT] // Gantt chart rendered with 6 items on canvas.
10/21/2025 11:45 PM // INFO // [GANTT] // Canvas resized to 281,07196860827054x110 to fit all Gantt items.
10/21/2025 11:45 PM // INFO // [GANTT] // Canvases are ready to be used!
10/21/2025 11:45 PM // INFO // [GANTT] // Ruler drawn: 7 ticks and 7 labels.
10/21/2025 11:45 PM // INFO // [MODIFY] // Zoom level changed to 1,5935288169868553, scale set to 30,178661434711756!
10/21/2025 11:45 PM // INFO // [GANTT] // Gantt chart rendered with 6 items on canvas.
10/21/2025 11:45 PM // INFO // [GANTT] // Canvas resized to 284,14345992634804x110 to fit all Gantt items.
10/21/2025 11:45 PM // INFO // [GANTT] // Canvases are ready to be used!
10/21/2025 11:45 PM // INFO // [GANTT] // Ruler drawn: 7 ticks and 7 labels.
10/21/2025 11:45 PM // INFO // [MODIFY] // Zoom level changed to 1,6177957532861476, scale set to 30,690576654391343!
10/21/2025 11:45 PM // INFO // [GANTT] // Gantt chart rendered with 6 items on canvas.
10/21/2025 11:45 PM // INFO // [GANTT] // Canvas resized to 285,69868863095667x110 to fit all Gantt items.
10/21/2025 11:45 PM // INFO // [GANTT] // Canvases are ready to be used!
10/21/2025 11:45 PM // INFO // [GANTT] // Ruler drawn: 7 ticks and 7 labels.
10/21/2025 11:45 PM // INFO // [MODIFY] // Zoom level changed to 1,6299292214357937, scale set to 30,94978143849278!
10/21/2025 11:45 PM // INFO // [GANTT] // Gantt chart rendered with 6 items on canvas.
10/21/2025 11:45 PM // INFO // [GANTT] // Canvas resized to 287,792778374278x110 to fit all Gantt items.
10/21/2025 11:45 PM // INFO // [GANTT] // Canvases are ready to be used!
10/21/2025 11:45 PM // INFO // [GANTT] // Ruler drawn: 7 ticks and 7 labels.
10/21/2025 11:45 PM // INFO // [MODIFY] // Zoom level changed to 1,6461071789686552, scale set to 31,298796395712994!
10/21/2025 11:45 PM // INFO // [GANTT] // Gantt chart rendered with 6 items on canvas.
10/21/2025 11:45 PM // INFO // [GANTT] // Canvas resized to 290,44362981362065x110 to fit all Gantt items.
10/21/2025 11:45 PM // INFO // [GANTT] // Canvases are ready to be used!
10/21/2025 11:45 PM // INFO // [GANTT] // Ruler drawn: 7 ticks and 7 labels.
10/21/2025 11:45 PM // INFO // [MODIFY] // Zoom level changed to 1,666329625884732, scale set to 31,74060496893677!
10/21/2025 11:45 PM // INFO // [GANTT] // Gantt chart rendered with 6 items on canvas.
10/21/2025 11:45 PM // INFO // [GANTT] // Canvas resized to 292,59122738048404x110 to fit all Gantt items.
10/21/2025 11:45 PM // INFO // [GANTT] // Canvases are ready to be used!
10/21/2025 11:45 PM // INFO // [GANTT] // Ruler drawn: 7 ticks and 7 labels.
10/21/2025 11:45 PM // INFO // [MODIFY] // Zoom level changed to 1,6825075834175935, scale set to 32,098537896747345!
10/21/2025 11:45 PM // INFO // [GANTT] // Gantt chart rendered with 6 items on canvas.
10/21/2025 11:45 PM // INFO // [GANTT] // Canvas resized to 295,309812923155x110 to fit all Gantt items.
10/21/2025 11:45 PM // INFO // [GANTT] // Canvases are ready to be used!
10/21/2025 11:45 PM // INFO // [GANTT] // Ruler drawn: 7 ticks and 7 labels.
10/21/2025 11:45 PM // INFO // [MODIFY] // Zoom level changed to 1,7027300303336703, scale set to 32,5516354871925!
10/21/2025 11:45 PM // INFO // [GANTT] // Gantt chart rendered with 6 items on canvas.
10/21/2025 11:45 PM // INFO // [GANTT] // Canvas resized to 298,06677356449137x110 to fit all Gantt items.
10/21/2025 11:45 PM // INFO // [GANTT] // Canvases are ready to be used!
10/21/2025 11:45 PM // INFO // [GANTT] // Ruler drawn: 7 ticks and 7 labels.
10/21/2025 11:45 PM // INFO // [MODIFY] // Zoom level changed to 1,722952477249747, scale set to 33,01112892741523!
10/21/2025 11:45 PM // INFO // [GANTT] // Gantt chart rendered with 6 items on canvas.
10/21/2025 11:45 PM // INFO // [GANTT] // Canvas resized to 300,30033591257245x110 to fit all Gantt items.
10/21/2025 11:45 PM // INFO // [GANTT] // Canvases are ready to be used!
10/21/2025 11:45 PM // INFO // [GANTT] // Ruler drawn: 7 ticks and 7 labels.
10/21/2025 11:45 PM // INFO // [MODIFY] // Zoom level changed to 1,7391304347826086, scale set to 33,38338931876208!
10/21/2025 11:45 PM // INFO // [GANTT] // Gantt chart rendered with 6 items on canvas.
10/21/2025 11:45 PM // INFO // [GANTT] // Canvas resized to 305,99505916076447x110 to fit all Gantt items.
10/21/2025 11:45 PM // INFO // [GANTT] // Canvases are ready to be used!
10/21/2025 11:45 PM // INFO // [GANTT] // Ruler drawn: 7 ticks and 7 labels.
10/21/2025 11:45 PM // INFO // [MODIFY] // Zoom level changed to 1,7795753286147624, scale set to 34,33250986012741!
10/21/2025 11:45 PM // INFO // [GANTT] // Gantt chart rendered with 6 items on canvas.
10/21/2025 11:45 PM // INFO // [GANTT] // Canvas resized to 307,1532871128578x110 to fit all Gantt items.
10/21/2025 11:45 PM // INFO // [GANTT] // Canvases are ready to be used!
10/21/2025 11:45 PM // INFO // [GANTT] // Ruler drawn: 7 ticks and 7 labels.
10/21/2025 11:45 PM // INFO // [MODIFY] // Zoom level changed to 1,787664307381193, scale set to 34,52554785214297!
10/21/2025 11:45 PM // INFO // [GANTT] // Gantt chart rendered with 6 items on canvas.
10/21/2025 11:45 PM // INFO // [GANTT] // Canvas resized to 310,66719115757974x110 to fit all Gantt items.
10/21/2025 11:45 PM // INFO // [GANTT] // Canvases are ready to be used!
10/21/2025 11:45 PM // INFO // [GANTT] // Ruler drawn: 7 ticks and 7 labels.
10/21/2025 11:45 PM // INFO // [MODIFY] // Zoom level changed to 1,8119312436804853, scale set to 35,111198526263294!
10/21/2025 11:45 PM // INFO // [GANTT] // Gantt chart rendered with 6 items on canvas.
10/21/2025 11:45 PM // INFO // [GANTT] // Canvas resized to 312,44643253242185x110 to fit all Gantt items.
10/21/2025 11:45 PM // INFO // [GANTT] // Canvases are ready to be used!
10/21/2025 11:45 PM // INFO // [GANTT] // Ruler drawn: 7 ticks and 7 labels.
10/21/2025 11:45 PM // INFO // [MODIFY] // Zoom level changed to 1,8240647118301314, scale set to 35,40773875540364!
10/21/2025 11:45 PM // INFO // [GANTT] // Gantt chart rendered with 6 items on canvas.
10/21/2025 11:45 PM // INFO // [GANTT] // Canvas resized to 315,44529082898197x110 to fit all Gantt items.
10/21/2025 11:45 PM // INFO // [GANTT] // Canvases are ready to be used!
10/21/2025 11:45 PM // INFO // [GANTT] // Ruler drawn: 7 ticks and 7 labels.
10/21/2025 11:45 PM // INFO // [MODIFY] // Zoom level changed to 1,8442871587462082, scale set to 35,907548471496995!
10/21/2025 11:45 PM // INFO // [GANTT] // Gantt chart rendered with 6 items on canvas.
10/21/2025 11:45 PM // INFO // [GANTT] // Canvas resized to 317,2648868151984x110 to fit all Gantt items.
10/21/2025 11:45 PM // INFO // [GANTT] // Canvases are ready to be used!
10/21/2025 11:45 PM // INFO // [GANTT] // Ruler drawn: 7 ticks and 7 labels.
10/21/2025 11:45 PM // INFO // [MODIFY] // Zoom level changed to 1,8564206268958543, scale set to 36,21081446919973!
10/21/2025 11:45 PM // INFO // [GANTT] // Gantt chart rendered with 6 items on canvas.
10/21/2025 11:45 PM // INFO // [GANTT] // Canvas resized to 317,87482749990835x110 to fit all Gantt items.
10/21/2025 11:45 PM // INFO // [GANTT] // Canvases are ready to be used!
10/21/2025 11:45 PM // INFO // [GANTT] // Ruler drawn: 7 ticks and 7 labels.
10/21/2025 11:45 PM // INFO // [MODIFY] // Zoom level changed to 1,8604651162790697, scale set to 36,312471249984725!
10/21/2025 11:45 PM // INFO // [GANTT] // Gantt chart rendered with 6 items on canvas.
10/21/2025 11:45 PM // INFO // [GANTT] // Canvas resized to 320,950312111588x110 to fit all Gantt items.
10/21/2025 11:45 PM // INFO // [GANTT] // Canvases are ready to be used!
10/21/2025 11:45 PM // INFO // [GANTT] // Ruler drawn: 7 ticks and 7 labels.
10/21/2025 11:45 PM // INFO // [MODIFY] // Zoom level changed to 1,8806875631951465, scale set to 36,825052018598!
10/21/2025 11:45 PM // INFO // [GANTT] // Gantt chart rendered with 6 items on canvas.
10/21/2025 11:45 PM // INFO // [GANTT] // Canvas resized to 323,44192788867093x110 to fit all Gantt items.
10/21/2025 11:45 PM // INFO // [GANTT] // Canvases are ready to be used!
10/21/2025 11:45 PM // INFO // [GANTT] // Ruler drawn: 7 ticks and 7 labels.
10/21/2025 11:45 PM // INFO // [MODIFY] // Zoom level changed to 1,896865520728008, scale set to 37,24032131477849!
10/21/2025 11:45 PM // INFO // [GANTT] // Gantt chart rendered with 6 items on canvas.
10/21/2025 11:45 PM // INFO // [GANTT] // Canvas resized to 325,3290614322926x110 to fit all Gantt items.
10/21/2025 11:45 PM // INFO // [GANTT] // Canvases are ready to be used!
10/21/2025 11:45 PM // INFO // [GANTT] // Ruler drawn: 7 ticks and 7 labels.
10/21/2025 11:45 PM // INFO // [MODIFY] // Zoom level changed to 1,9089989888776542, scale set to 37,55484357204876!
10/21/2025 11:45 PM // INFO // [GANTT] // Gantt chart rendered with 6 items on canvas.
10/21/2025 11:45 PM // INFO // [GANTT] // Canvas resized to 327,2321332245907x110 to fit all Gantt items.
10/21/2025 11:45 PM // INFO // [GANTT] // Canvases are ready to be used!
10/21/2025 11:45 PM // INFO // [GANTT] // Ruler drawn: 7 ticks and 7 labels.
10/21/2025 11:45 PM // INFO // [MODIFY] // Zoom level changed to 1,9211324570273003, scale set to 37,87202220409845!
10/21/2025 11:45 PM // INFO // [GANTT] // Gantt chart rendered with 6 items on canvas.
10/21/2025 11:45 PM // INFO // [GANTT] // Canvas resized to 329,1512778759494x110 to fit all Gantt items.
10/21/2025 11:45 PM // INFO // [GANTT] // Canvases are ready to be used!
10/21/2025 11:45 PM // INFO // [GANTT] // Ruler drawn: 7 ticks and 7 labels.
10/21/2025 11:45 PM // INFO // [MODIFY] // Zoom level changed to 1,9332659251769464, scale set to 38,19187964599157!
10/21/2025 11:45 PM // INFO // [GANTT] // Gantt chart rendered with 6 items on canvas.
10/21/2025 11:45 PM // INFO // [GANTT] // Canvas resized to 331,73537442615515x110 to fit all Gantt items.
10/21/2025 11:45 PM // INFO // [GANTT] // Canvases are ready to be used!
10/21/2025 11:45 PM // INFO // [GANTT] // Ruler drawn: 7 ticks and 7 labels.
10/21/2025 11:45 PM // INFO // [MODIFY] // Zoom level changed to 1,949443882709808, scale set to 38,62256240435919!
10/21/2025 11:45 PM // INFO // [GANTT] // Gantt chart rendered with 6 items on canvas.
10/21/2025 11:45 PM // INFO // [GANTT] // Canvas resized to 335,0065121991949x110 to fit all Gantt items.
10/21/2025 11:45 PM // INFO // [GANTT] // Canvases are ready to be used!
10/21/2025 11:45 PM // INFO // [GANTT] // Ruler drawn: 7 ticks and 7 labels.
10/21/2025 11:45 PM // INFO // [MODIFY] // Zoom level changed to 1,9696663296258847, scale set to 39,16775203319915!
10/21/2025 11:45 PM // INFO // [GANTT] // Gantt chart rendered with 6 items on canvas.
10/21/2025 11:45 PM // INFO // [GANTT] // Canvas resized to 336,3278599657967x110 to fit all Gantt items.
10/21/2025 11:45 PM // INFO // [GANTT] // Canvases are ready to be used!
10/21/2025 11:45 PM // INFO // [GANTT] // Ruler drawn: 7 ticks and 7 labels.
10/21/2025 11:45 PM // INFO // [MODIFY] // Zoom level changed to 1,9777553083923154, scale set to 39,38797666096611!
10/21/2025 11:45 PM // INFO // [GANTT] // Gantt chart rendered with 6 items on canvas.
10/21/2025 11:45 PM // INFO // [GANTT] // Canvas resized to 338,3238248057347x110 to fit all Gantt items.
10/21/2025 11:45 PM // INFO // [GANTT] // Canvases are ready to be used!
10/21/2025 11:45 PM // INFO // [GANTT] // Ruler drawn: 7 ticks and 7 labels.
10/21/2025 11:45 PM // INFO // [MODIFY] // Zoom level changed to 1,9898887765419615, scale set to 39,72063746762245!
10/21/2025 11:45 PM // INFO // [GANTT] // Gantt chart rendered with 6 items on canvas.
10/21/2025 11:45 PM // INFO // [GANTT] // Canvas resized to 340x110 to fit all Gantt items.
10/21/2025 11:45 PM // INFO // [GANTT] // Canvases are ready to be used!
10/21/2025 11:45 PM // INFO // [GANTT] // Ruler drawn: 7 ticks and 7 labels.
10/21/2025 11:45 PM // INFO // [MODIFY] // Zoom level changed to 2, scale set to 40!
