11/17/2025 11:13 AM // INFO // [INITIALIZATION] // Beginning initialization...
11/17/2025 11:13 AM // INFO // [SAVE] // Custom solvers loaded from JSON file!
11/17/2025 11:13 AM // INFO // [INITIALIZATION] // Johnson's Rule solver added!
11/17/2025 11:13 AM // INFO // [INITIALIZATION] // List Scheduling solver added!
11/17/2025 11:13 AM // INFO // [INITIALIZATION] // {cs.Name} ({cs.TypeID} type) solver added!
11/17/2025 11:13 AM // INFO // [INITIALIZATION] // {cs.Name} ({cs.TypeID} type) solver added!
11/17/2025 11:13 AM // INFO // [INITIALIZATION] // {cs.Name} ({cs.TypeID} type) solver added!
11/17/2025 11:13 AM // INFO // [INITIALIZATION] // Solver menu successfully built!
11/17/2025 11:13 AM // INFO // [CONSTRAINT] // Saving and closing are disabled for as long as there are no files opened.
11/17/2025 11:13 AM // INFO // [INITIALIZATION] // Initialization complete!
11/17/2025 11:13 AM // WARNING // [S_GRAPH] // No BatchML file loaded, drawing example S-Graph!
11/17/2025 11:13 AM // INFO // [S_GRAPH] // Node J1_M1 at 100;50
11/17/2025 11:13 AM // INFO // [S_GRAPH] // Node J1_M2 at 300;50
11/17/2025 11:13 AM // INFO // [S_GRAPH] // Node P1 at 700;50
11/17/2025 11:13 AM // INFO // [S_GRAPH] // Node J2_M1 at 100;150
11/17/2025 11:13 AM // INFO // [S_GRAPH] // Node J2_M2 at 300;150
11/17/2025 11:13 AM // INFO // [S_GRAPH] // Node P2 at 700;150
11/17/2025 11:13 AM // INFO // [S_GRAPH] // Node J3_M1 at 100;250
11/17/2025 11:13 AM // INFO // [S_GRAPH] // Node J3_M2 at 300;250
11/17/2025 11:13 AM // INFO // [S_GRAPH] // Node P3 at 700;250
11/17/2025 11:13 AM // INFO // [S_GRAPH] // Curve value of edge (J1_M1 to J1_M2) set to 25,00
11/17/2025 11:13 AM // INFO // [S_GRAPH] // Edge drawn from (170,0;85,0) to (300,0;85,0)!
11/17/2025 11:13 AM // INFO // [S_GRAPH] // Weight 10 drawn at (235;97,5)!
11/17/2025 11:13 AM // INFO // [S_GRAPH] // Edge from J1_M1 to J1_M2 with cost 10 drawn.
11/17/2025 11:13 AM // INFO // [S_GRAPH] // Edge drawn from (370,0;85,0) to (700,0;85,0)!
11/17/2025 11:13 AM // INFO // [S_GRAPH] // Weight 10 drawn at (535;85)!
11/17/2025 11:13 AM // INFO // [S_GRAPH] // Edge from J1_M2 to P1 with cost 30 drawn.
11/17/2025 11:13 AM // INFO // [S_GRAPH] // Curve value of edge (J2_M1 to J2_M2) set to 25,00
11/17/2025 11:13 AM // INFO // [S_GRAPH] // Edge drawn from (170,0;185,0) to (300,0;185,0)!
11/17/2025 11:13 AM // INFO // [S_GRAPH] // Weight 20 drawn at (235;197,5)!
11/17/2025 11:13 AM // INFO // [S_GRAPH] // Edge from J2_M1 to J2_M2 with cost 20 drawn.
11/17/2025 11:13 AM // INFO // [S_GRAPH] // Edge drawn from (370,0;185,0) to (700,0;185,0)!
11/17/2025 11:13 AM // INFO // [S_GRAPH] // Weight 20 drawn at (535;185)!
11/17/2025 11:13 AM // INFO // [S_GRAPH] // Edge from J2_M2 to P2 with cost 40 drawn.
11/17/2025 11:13 AM // INFO // [S_GRAPH] // Curve value of edge (J3_M1 to J3_M2) set to 25,00
11/17/2025 11:13 AM // INFO // [S_GRAPH] // Edge drawn from (170,0;285,0) to (300,0;285,0)!
11/17/2025 11:13 AM // INFO // [S_GRAPH] // Weight 50 drawn at (235;297,5)!
11/17/2025 11:13 AM // INFO // [S_GRAPH] // Edge from J3_M1 to J3_M2 with cost 50 drawn.
11/17/2025 11:13 AM // INFO // [S_GRAPH] // Edge drawn from (370,0;285,0) to (700,0;285,0)!
11/17/2025 11:13 AM // INFO // [S_GRAPH] // Weight 50 drawn at (535;285)!
11/17/2025 11:13 AM // INFO // [S_GRAPH] // Edge from J3_M2 to P3 with cost 10 drawn.
11/17/2025 11:13 AM // INFO // [S_GRAPH] // Canvas resized to 820x370!
11/17/2025 11:13 AM // INFO // [INITIALIZATION] // Johnson's Rule solver enabled!
11/17/2025 11:13 AM // INFO // [INITIALIZATION] // List Scheduling solver enabled!
11/17/2025 11:13 AM // INFO // [INITIALIZATION] // Branch And Bound solver enabled!
11/17/2025 11:13 AM // INFO // [INITIALIZATION] // Campbell Dudek Smith solver enabled!
11/17/2025 11:13 AM // INFO // [INITIALIZATION] // Simulated Annealing solver enabled!
11/17/2025 11:13 AM // INFO // [INITIALIZATION] //  solver enabled!
11/17/2025 11:13 AM // INFO // [CONSTRAINT] // Saving and closing are disabled for as long as there are no files opened.
11/17/2025 11:13 AM // INFO // [INTEG_SOLVER] // Johnson's Rule solver selected!
11/17/2025 11:13 AM // INFO // [INTEG_SOLVER] // Starting Johnson's Rule solver...
11/17/2025 11:13 AM // INFO // [Johnson's Rule Optimizer] // Optimized job sequence: J1 -> J2 -> J3
11/17/2025 11:13 AM // INFO // [Johnson's Rule Optimizer] // Cleared all existing S-Graph edges for sequence rebuild.
11/17/2025 11:13 AM // INFO // [Johnson's Rule Optimizer] // Graph rebuilt with necessary technological constraints (cost=duration) and zero-cost sequential constraints.
11/17/2025 11:13 AM // INFO // [Johnson's Rule Optimizer] // Node J1_M1 added to topological order.
11/17/2025 11:13 AM // INFO // [Johnson's Rule Optimizer] // Decreased in-degree of J1_M2 to 0.
11/17/2025 11:13 AM // INFO // [Johnson's Rule Optimizer] // Decreased in-degree of J2_M1 to 0.
11/17/2025 11:13 AM // INFO // [Johnson's Rule Optimizer] // Node J1_M2 added to topological order.
11/17/2025 11:13 AM // INFO // [Johnson's Rule Optimizer] // Decreased in-degree of J2_M2 to 1.
11/17/2025 11:13 AM // INFO // [Johnson's Rule Optimizer] // Decreased in-degree of P1 to 0.
11/17/2025 11:13 AM // INFO // [Johnson's Rule Optimizer] // Node J2_M1 added to topological order.
11/17/2025 11:13 AM // INFO // [Johnson's Rule Optimizer] // Decreased in-degree of J2_M2 to 0.
11/17/2025 11:13 AM // INFO // [Johnson's Rule Optimizer] // Decreased in-degree of J3_M1 to 0.
11/17/2025 11:13 AM // INFO // [Johnson's Rule Optimizer] // Node P1 added to topological order.
11/17/2025 11:13 AM // INFO // [Johnson's Rule Optimizer] // Node J2_M2 added to topological order.
11/17/2025 11:13 AM // INFO // [Johnson's Rule Optimizer] // Decreased in-degree of J3_M2 to 1.
11/17/2025 11:13 AM // INFO // [Johnson's Rule Optimizer] // Decreased in-degree of P2 to 0.
11/17/2025 11:13 AM // INFO // [Johnson's Rule Optimizer] // Node J3_M1 added to topological order.
11/17/2025 11:13 AM // INFO // [Johnson's Rule Optimizer] // Decreased in-degree of J3_M2 to 0.
11/17/2025 11:13 AM // INFO // [Johnson's Rule Optimizer] // Node P2 added to topological order.
11/17/2025 11:13 AM // INFO // [Johnson's Rule Optimizer] // Node J3_M2 added to topological order.
11/17/2025 11:13 AM // INFO // [Johnson's Rule Optimizer] // Decreased in-degree of P3 to 0.
11/17/2025 11:13 AM // INFO // [Johnson's Rule Optimizer] // Node P3 added to topological order.
11/17/2025 11:13 AM // INFO // [Johnson's Rule Optimizer] // Topological sort completed successfully.
11/17/2025 11:13 AM // INFO // [GANTT] // Node J1_M1 EST is 0 (no predecessors).
11/17/2025 11:13 AM // INFO // [GANTT] // Node J1_M2 EST is determined by J1_M1 (EST: 10,00).
11/17/2025 11:13 AM // INFO // [GANTT] // Node J2_M1 EST is determined by J1_M1 (EST: 10,00).
11/17/2025 11:13 AM // INFO // [GANTT] // Node J2_M2 EST is determined by J2_M1 (EST: 30,00).
11/17/2025 11:13 AM // INFO // [GANTT] // Node J3_M1 EST is determined by J2_M1 (EST: 30,00).
11/17/2025 11:13 AM // INFO // [GANTT] // Node J3_M2 EST is determined by J3_M1 (EST: 80,00).
11/17/2025 11:13 AM // INFO // [GANTT] // Gantt chart built with 6 items from path with 9 nodes.
11/17/2025 11:13 AM // INFO // [GANTT] // Gantt data built with 6 items from optimized path using Johnson's Rule!
11/17/2025 11:13 AM // INFO // [GANTT] // Canvases are ready to be used!
11/17/2025 11:13 AM // INFO // [GANTT] // Ruler drawn: 131 ticks and 66 labels.
11/17/2025 11:13 AM // INFO // [GANTT] // Gantt chart rendered with 6 items on canvas.
11/17/2025 11:13 AM // INFO // [GANTT] // Canvas resized to 1400x110 to fit all Gantt items.
11/17/2025 11:13 AM // INFO // [GANTT] // Johnson's Rule schedule rendered successfully!
11/17/2025 11:13 AM // INFO // [S_GRAPH] // Node J1_M1 at 100;50
11/17/2025 11:13 AM // INFO // [S_GRAPH] // Node J1_M2 at 300;50
11/17/2025 11:13 AM // INFO // [S_GRAPH] // Node P1 at 700;50
11/17/2025 11:13 AM // INFO // [S_GRAPH] // Node J2_M1 at 100;150
11/17/2025 11:13 AM // INFO // [S_GRAPH] // Node J2_M2 at 300;150
11/17/2025 11:13 AM // INFO // [S_GRAPH] // Node P2 at 700;150
11/17/2025 11:13 AM // INFO // [S_GRAPH] // Node J3_M1 at 100;250
11/17/2025 11:13 AM // INFO // [S_GRAPH] // Node J3_M2 at 300;250
11/17/2025 11:13 AM // INFO // [S_GRAPH] // Node P3 at 700;250
11/17/2025 11:13 AM // INFO // [S_GRAPH] // Curve value of edge (J1_M1 to J1_M2) set to 25,00
11/17/2025 11:13 AM // INFO // [S_GRAPH] // Edge drawn from (170,0;85,0) to (300,0;85,0)!
11/17/2025 11:13 AM // INFO // [S_GRAPH] // Weight 10 drawn at (235;97,5)!
11/17/2025 11:13 AM // INFO // [S_GRAPH] // Edge from J1_M1 to J1_M2 with cost 0 drawn.
11/17/2025 11:13 AM // INFO // [S_GRAPH] // Curve value of edge (J2_M1 to J2_M2) set to 25,00
11/17/2025 11:13 AM // INFO // [S_GRAPH] // Edge drawn from (170,0;185,0) to (300,0;185,0)!
11/17/2025 11:13 AM // INFO // [S_GRAPH] // Weight 20 drawn at (235;197,5)!
11/17/2025 11:13 AM // INFO // [S_GRAPH] // Edge from J2_M1 to J2_M2 with cost 0 drawn.
11/17/2025 11:13 AM // INFO // [S_GRAPH] // Curve value of edge (J3_M1 to J3_M2) set to 25,00
11/17/2025 11:13 AM // INFO // [S_GRAPH] // Edge drawn from (170,0;285,0) to (300,0;285,0)!
11/17/2025 11:13 AM // INFO // [S_GRAPH] // Weight 50 drawn at (235;297,5)!
11/17/2025 11:13 AM // INFO // [S_GRAPH] // Edge from J3_M1 to J3_M2 with cost 0 drawn.
11/17/2025 11:13 AM // INFO // [S_GRAPH] // Curve value of edge (J1_M1 to J2_M1) set to -25,00
11/17/2025 11:13 AM // INFO // [S_GRAPH] // Edge drawn from (135,0;120,0) to (135,0;150,0)!
11/17/2025 11:13 AM // INFO // [S_GRAPH] // Weight 10 drawn at (147,5;135)!
11/17/2025 11:13 AM // INFO // [S_GRAPH] // Edge from J1_M1 to J2_M1 with cost 0 drawn.
11/17/2025 11:13 AM // INFO // [S_GRAPH] // Curve value of edge (J1_M2 to J2_M2) set to -25,00
11/17/2025 11:13 AM // INFO // [S_GRAPH] // Edge drawn from (335,0;120,0) to (335,0;150,0)!
11/17/2025 11:13 AM // INFO // [S_GRAPH] // Weight 10 drawn at (347,5;135)!
11/17/2025 11:13 AM // INFO // [S_GRAPH] // Edge from J1_M2 to J2_M2 with cost 0 drawn.
11/17/2025 11:13 AM // INFO // [S_GRAPH] // Curve value of edge (J2_M1 to J3_M1) set to -25,00
11/17/2025 11:13 AM // INFO // [S_GRAPH] // Edge drawn from (135,0;220,0) to (135,0;250,0)!
11/17/2025 11:13 AM // INFO // [S_GRAPH] // Weight 20 drawn at (147,5;235)!
11/17/2025 11:13 AM // INFO // [S_GRAPH] // Edge from J2_M1 to J3_M1 with cost 0 drawn.
11/17/2025 11:13 AM // INFO // [S_GRAPH] // Curve value of edge (J2_M2 to J3_M2) set to -25,00
11/17/2025 11:13 AM // INFO // [S_GRAPH] // Edge drawn from (335,0;220,0) to (335,0;250,0)!
11/17/2025 11:13 AM // INFO // [S_GRAPH] // Weight 20 drawn at (347,5;235)!
11/17/2025 11:13 AM // INFO // [S_GRAPH] // Edge from J2_M2 to J3_M2 with cost 0 drawn.
11/17/2025 11:13 AM // INFO // [S_GRAPH] // Edge drawn from (370,0;85,0) to (700,0;85,0)!
11/17/2025 11:13 AM // INFO // [S_GRAPH] // Weight 10 drawn at (535;85)!
11/17/2025 11:13 AM // INFO // [S_GRAPH] // Edge from J1_M2 to P1 with cost 0 drawn.
11/17/2025 11:13 AM // INFO // [S_GRAPH] // Edge drawn from (370,0;185,0) to (700,0;185,0)!
11/17/2025 11:13 AM // INFO // [S_GRAPH] // Weight 20 drawn at (535;185)!
11/17/2025 11:13 AM // INFO // [S_GRAPH] // Edge from J2_M2 to P2 with cost 0 drawn.
11/17/2025 11:13 AM // INFO // [S_GRAPH] // Edge drawn from (370,0;285,0) to (700,0;285,0)!
11/17/2025 11:13 AM // INFO // [S_GRAPH] // Weight 50 drawn at (535;285)!
11/17/2025 11:13 AM // INFO // [S_GRAPH] // Edge from J3_M2 to P3 with cost 0 drawn.
11/17/2025 11:13 AM // INFO // [S_GRAPH] // Canvas resized to 820x370!
11/17/2025 11:13 AM // INFO // [GANTT] // Gantt chart rendered with 6 items on canvas.
11/17/2025 11:13 AM // INFO // [GANTT] // Canvas resized to 1396,3606493727539x110 to fit all Gantt items.
11/17/2025 11:13 AM // INFO // [GANTT] // Canvases are ready to be used!
11/17/2025 11:13 AM // INFO // [GANTT] // Ruler drawn: 131 ticks and 66 labels.
11/17/2025 11:13 AM // INFO // [MODIFY] // Zoom level changed to -0,004044489383215369, scale set to 9,97200499517503!
11/17/2025 11:13 AM // INFO // [GANTT] // Gantt chart rendered with 6 items on canvas.
11/17/2025 11:13 AM // INFO // [GANTT] // Canvas resized to 1392,7314871093452x110 to fit all Gantt items.
11/17/2025 11:13 AM // INFO // [GANTT] // Canvases are ready to be used!
11/17/2025 11:13 AM // INFO // [GANTT] // Ruler drawn: 131 ticks and 66 labels.
11/17/2025 11:13 AM // INFO // [MODIFY] // Zoom level changed to -0,008088978766430738, scale set to 9,944088362379578!
11/17/2025 11:13 AM // INFO // [GANTT] // Gantt chart rendered with 6 items on canvas.
11/17/2025 11:13 AM // INFO // [GANTT] // Canvas resized to 1381,9048456778628x110 to fit all Gantt items.
11/17/2025 11:13 AM // INFO // [GANTT] // Canvases are ready to be used!
11/17/2025 11:13 AM // INFO // [GANTT] // Ruler drawn: 131 ticks and 66 labels.
11/17/2025 11:13 AM // INFO // [MODIFY] // Zoom level changed to -0,020222446916076844, scale set to 9,86080650521433!
11/17/2025 11:13 AM // INFO // [GANTT] // Gantt chart rendered with 6 items on canvas.
11/17/2025 11:13 AM // INFO // [GANTT] // Canvas resized to 1374,7375057583224x110 to fit all Gantt items.
11/17/2025 11:13 AM // INFO // [GANTT] // Canvases are ready to be used!
11/17/2025 11:13 AM // INFO // [GANTT] // Ruler drawn: 131 ticks and 66 labels.
11/17/2025 11:13 AM // INFO // [MODIFY] // Zoom level changed to -0,028311425682507583, scale set to 9,805673121217865!
11/17/2025 11:13 AM // INFO // [GANTT] // Gantt chart rendered with 6 items on canvas.
11/17/2025 11:13 AM // INFO // [GANTT] // Canvas resized to 1364,061564132604x110 to fit all Gantt items.
11/17/2025 11:13 AM // INFO // [GANTT] // Canvases are ready to be used!
11/17/2025 11:13 AM // INFO // [GANTT] // Ruler drawn: 131 ticks and 66 labels.
11/17/2025 11:13 AM // INFO // [MODIFY] // Zoom level changed to -0,04044489383215369, scale set to 9,723550493327723!
11/17/2025 11:13 AM // INFO // [GANTT] // Gantt chart rendered with 6 items on canvas.
11/17/2025 11:13 AM // INFO // [GANTT] // Canvas resized to 1356,9939889222353x110 to fit all Gantt items.
11/17/2025 11:13 AM // INFO // [GANTT] // Canvases are ready to be used!
11/17/2025 11:13 AM // INFO // [GANTT] // Ruler drawn: 131 ticks and 66 labels.
11/17/2025 11:13 AM // INFO // [MODIFY] // Zoom level changed to -0,048533872598584424, scale set to 9,66918453017104!
11/17/2025 11:13 AM // INFO // [GANTT] // Gantt chart rendered with 6 items on canvas.
11/17/2025 11:13 AM // INFO // [GANTT] // Canvas resized to 1346,466649459018x110 to fit all Gantt items.
11/17/2025 11:13 AM // INFO // [GANTT] // Canvases are ready to be used!
11/17/2025 11:13 AM // INFO // [GANTT] // Ruler drawn: 131 ticks and 66 labels.
11/17/2025 11:13 AM // INFO // [MODIFY] // Zoom level changed to -0,06066734074823053, scale set to 9,5882049958386!
11/17/2025 11:13 AM // INFO // [GANTT] // Gantt chart rendered with 6 items on canvas.
11/17/2025 11:13 AM // INFO // [GANTT] // Canvas resized to 1336,027476587806x110 to fit all Gantt items.
11/17/2025 11:13 AM // INFO // [GANTT] // Canvases are ready to be used!
11/17/2025 11:13 AM // INFO // [GANTT] // Ruler drawn: 131 ticks and 66 labels.
11/17/2025 11:13 AM // INFO // [MODIFY] // Zoom level changed to -0,07280080889787664, scale set to 9,507903666060045!
11/17/2025 11:13 AM // INFO // [GANTT] // Gantt chart rendered with 6 items on canvas.
11/17/2025 11:13 AM // INFO // [GANTT] // Canvas resized to 1325,6757319123515x110 to fit all Gantt items.
11/17/2025 11:13 AM // INFO // [GANTT] // Canvases are ready to be used!
11/17/2025 11:13 AM // INFO // [GANTT] // Ruler drawn: 131 ticks and 66 labels.
11/17/2025 11:13 AM // INFO // [MODIFY] // Zoom level changed to -0,08493427704752275, scale set to 9,428274860864242!
11/17/2025 11:13 AM // INFO // [GANTT] // Gantt chart rendered with 6 items on canvas.
11/17/2025 11:13 AM // INFO // [GANTT] // Canvas resized to 1318,8227781760688x110 to fit all Gantt items.
11/17/2025 11:13 AM // INFO // [GANTT] // Canvases are ready to be used!
11/17/2025 11:13 AM // INFO // [GANTT] // Ruler drawn: 131 ticks and 66 labels.
11/17/2025 11:13 AM // INFO // [MODIFY] // Zoom level changed to -0,09302325581395349, scale set to 9,375559832123606!
11/17/2025 11:13 AM // INFO // [GANTT] // Gantt chart rendered with 6 items on canvas.
11/17/2025 11:13 AM // INFO // [GANTT] // Canvas resized to 1305,2316044323265x110 to fit all Gantt items.
11/17/2025 11:13 AM // INFO // [GANTT] // Canvases are ready to be used!
11/17/2025 11:13 AM // INFO // [GANTT] // Ruler drawn: 131 ticks and 66 labels.
11/17/2025 11:13 AM // INFO // [MODIFY] // Zoom level changed to -0,10920121334681496, scale set to 9,271012341787127!
11/17/2025 11:13 AM // INFO // [GANTT] // Gantt chart rendered with 6 items on canvas.
11/17/2025 11:13 AM // INFO // [GANTT] // Canvas resized to 1295,1377755489161x110 to fit all Gantt items.
11/17/2025 11:13 AM // INFO // [GANTT] // Canvases are ready to be used!
11/17/2025 11:13 AM // INFO // [GANTT] // Ruler drawn: 131 ticks and 66 labels.
11/17/2025 11:13 AM // INFO // [MODIFY] // Zoom level changed to -0,12133468149646107, scale set to 9,193367504222431!
11/17/2025 11:13 AM // INFO // [GANTT] // Gantt chart rendered with 6 items on canvas.
11/17/2025 11:13 AM // INFO // [GANTT] // Canvas resized to 1285,128482601298x110 to fit all Gantt items.
11/17/2025 11:13 AM // INFO // [GANTT] // Canvases are ready to be used!
11/17/2025 11:13 AM // INFO // [GANTT] // Ruler drawn: 131 ticks and 66 labels.
11/17/2025 11:13 AM // INFO // [MODIFY] // Zoom level changed to -0,13346814964610718, scale set to 9,116372943086906!
11/17/2025 11:13 AM // INFO // [GANTT] // Gantt chart rendered with 6 items on canvas.
11/17/2025 11:13 AM // INFO // [GANTT] // Canvas resized to 1271,9130361852112x110 to fit all Gantt items.
11/17/2025 11:13 AM // INFO // [GANTT] // Canvases are ready to be used!
11/17/2025 11:13 AM // INFO // [GANTT] // Ruler drawn: 131 ticks and 66 labels.
11/17/2025 11:13 AM // INFO // [MODIFY] // Zoom level changed to -0,14964610717896865, scale set to 9,014715662963164!
11/17/2025 11:13 AM // INFO // [GANTT] // Gantt chart rendered with 6 items on canvas.
11/17/2025 11:13 AM // INFO // [GANTT] // Canvas resized to 1258,8449560897734x110 to fit all Gantt items.
11/17/2025 11:13 AM // INFO // [GANTT] // Canvases are ready to be used!
11/17/2025 11:13 AM // INFO // [GANTT] // Ruler drawn: 131 ticks and 66 labels.
11/17/2025 11:13 AM // INFO // [MODIFY] // Zoom level changed to -0,16582406471183012, scale set to 8,914191969921333!
11/17/2025 11:13 AM // INFO // [GANTT] // Gantt chart rendered with 6 items on canvas.
11/17/2025 11:13 AM // INFO // [GANTT] // Canvas resized to 1245,9225990233547x110 to fit all Gantt items.
11/17/2025 11:13 AM // INFO // [GANTT] // Canvases are ready to be used!
11/17/2025 11:13 AM // INFO // [GANTT] // Ruler drawn: 131 ticks and 66 labels.
11/17/2025 11:13 AM // INFO // [MODIFY] // Zoom level changed to -0,18200202224469159, scale set to 8,814789223256575!
11/17/2025 11:13 AM // INFO // [GANTT] // Gantt chart rendered with 6 items on canvas.
11/17/2025 11:13 AM // INFO // [GANTT] // Canvas resized to 1242,714588154485x110 to fit all Gantt items.
11/17/2025 11:13 AM // INFO // [GANTT] // Canvases are ready to be used!
11/17/2025 11:13 AM // INFO // [GANTT] // Ruler drawn: 131 ticks and 66 labels.
11/17/2025 11:13 AM // INFO // [MODIFY] // Zoom level changed to -0,18604651162790695, scale set to 8,790112216572961!
11/17/2025 11:13 AM // INFO // [GANTT] // Gantt chart rendered with 6 items on canvas.
11/17/2025 11:13 AM // INFO // [GANTT] // Canvas resized to 1229,9721018921607x110 to fit all Gantt items.
11/17/2025 11:13 AM // INFO // [GANTT] // Canvases are ready to be used!
11/17/2025 11:13 AM // INFO // [GANTT] // Ruler drawn: 131 ticks and 66 labels.
11/17/2025 11:13 AM // INFO // [MODIFY] // Zoom level changed to -0,20222446916076842, scale set to 8,69209309147816!
11/17/2025 11:13 AM // INFO // [GANTT] // Gantt chart rendered with 6 items on canvas.
11/17/2025 11:13 AM // INFO // [GANTT] // Canvas resized to 1226,8087444477057x110 to fit all Gantt items.
11/17/2025 11:13 AM // INFO // [GANTT] // Canvases are ready to be used!
11/17/2025 11:13 AM // INFO // [GANTT] // Ruler drawn: 131 ticks and 66 labels.
11/17/2025 11:13 AM // INFO // [MODIFY] // Zoom level changed to -0,20626895854398378, scale set to 8,66775957267466!
11/17/2025 11:13 AM // INFO // [GANTT] // Gantt chart rendered with 6 items on canvas.
11/17/2025 11:13 AM // INFO // [GANTT] // Canvas resized to 1229,9721018921607x110 to fit all Gantt items.
11/17/2025 11:13 AM // INFO // [GANTT] // Canvases are ready to be used!
11/17/2025 11:13 AM // INFO // [GANTT] // Ruler drawn: 131 ticks and 66 labels.
11/17/2025 11:13 AM // INFO // [MODIFY] // Zoom level changed to -0,20222446916076842, scale set to 8,69209309147816!
11/17/2025 11:13 AM // INFO // [GANTT] // Gantt chart rendered with 6 items on canvas.
11/17/2025 11:13 AM // INFO // [GANTT] // Canvas resized to 1233,144340018782x110 to fit all Gantt items.
11/17/2025 11:13 AM // INFO // [GANTT] // Canvases are ready to be used!
11/17/2025 11:13 AM // INFO // [GANTT] // Ruler drawn: 131 ticks and 66 labels.
11/17/2025 11:13 AM // INFO // [MODIFY] // Zoom level changed to -0,19817997977755306, scale set to 8,7164949232214!
11/17/2025 11:13 AM // INFO // [GANTT] // Gantt chart rendered with 6 items on canvas.
11/17/2025 11:13 AM // INFO // [GANTT] // Canvas resized to 1239,5155581135903x110 to fit all Gantt items.
11/17/2025 11:13 AM // INFO // [GANTT] // Canvases are ready to be used!
11/17/2025 11:13 AM // INFO // [GANTT] // Ruler drawn: 131 ticks and 66 labels.
11/17/2025 11:13 AM // INFO // [MODIFY] // Zoom level changed to -0,1900910010111223, scale set to 8,765504293181463!
11/17/2025 11:13 AM // INFO // [GANTT] // Gantt chart rendered with 6 items on canvas.
11/17/2025 11:13 AM // INFO // [GANTT] // Canvas resized to 1242,714588154485x110 to fit all Gantt items.
11/17/2025 11:13 AM // INFO // [GANTT] // Canvases are ready to be used!
11/17/2025 11:13 AM // INFO // [GANTT] // Ruler drawn: 131 ticks and 66 labels.
11/17/2025 11:13 AM // INFO // [MODIFY] // Zoom level changed to -0,18604651162790695, scale set to 8,790112216572961!
11/17/2025 11:13 AM // INFO // [GANTT] // Gantt chart rendered with 6 items on canvas.
11/17/2025 11:13 AM // INFO // [GANTT] // Canvas resized to 1245,9225990233547x110 to fit all Gantt items.
11/17/2025 11:13 AM // INFO // [GANTT] // Canvases are ready to be used!
11/17/2025 11:13 AM // INFO // [GANTT] // Ruler drawn: 131 ticks and 66 labels.
11/17/2025 11:13 AM // INFO // [MODIFY] // Zoom level changed to -0,18200202224469159, scale set to 8,814789223256575!
11/17/2025 11:13 AM // INFO // [GANTT] // Gantt chart rendered with 6 items on canvas.
11/17/2025 11:13 AM // INFO // [GANTT] // Canvas resized to 1252,3656641654584x110 to fit all Gantt items.
11/17/2025 11:13 AM // INFO // [GANTT] // Canvases are ready to be used!
11/17/2025 11:13 AM // INFO // [GANTT] // Ruler drawn: 131 ticks and 66 labels.
11/17/2025 11:13 AM // INFO // [MODIFY] // Zoom level changed to -0,17391304347826084, scale set to 8,864351262811219!
11/17/2025 11:13 AM // INFO // [GANTT] // Gantt chart rendered with 6 items on canvas.
11/17/2025 11:13 AM // INFO // [GANTT] // Canvas resized to 1258,8449560897734x110 to fit all Gantt items.
11/17/2025 11:13 AM // INFO // [GANTT] // Canvases are ready to be used!
11/17/2025 11:13 AM // INFO // [GANTT] // Ruler drawn: 131 ticks and 66 labels.
11/17/2025 11:13 AM // INFO // [MODIFY] // Zoom level changed to -0,1658240647118301, scale set to 8,914191969921333!
11/17/2025 11:13 AM // INFO // [GANTT] // Gantt chart rendered with 6 items on canvas.
11/17/2025 11:13 AM // INFO // [GANTT] // Canvas resized to 1262,098250703326x110 to fit all Gantt items.
11/17/2025 11:13 AM // INFO // [GANTT] // Canvases are ready to be used!
11/17/2025 11:13 AM // INFO // [GANTT] // Ruler drawn: 131 ticks and 66 labels.
11/17/2025 11:13 AM // INFO // [MODIFY] // Zoom level changed to -0,16177957532861473, scale set to 8,939217313102507!
11/17/2025 11:13 AM // INFO // [GANTT] // Gantt chart rendered with 6 items on canvas.
11/17/2025 11:13 AM // INFO // [GANTT] // Canvas resized to 1271,9130361852112x110 to fit all Gantt items.
11/17/2025 11:13 AM // INFO // [GANTT] // Canvases are ready to be used!
11/17/2025 11:13 AM // INFO // [GANTT] // Ruler drawn: 131 ticks and 66 labels.
11/17/2025 11:13 AM // INFO // [MODIFY] // Zoom level changed to -0,14964610717896862, scale set to 9,014715662963164!
11/17/2025 11:13 AM // INFO // [GANTT] // Gantt chart rendered with 6 items on canvas.
11/17/2025 11:13 AM // INFO // [GANTT] // Canvas resized to 1275,2030176000144x110 to fit all Gantt items.
11/17/2025 11:13 AM // INFO // [GANTT] // Canvases are ready to be used!
11/17/2025 11:13 AM // INFO // [GANTT] // Ruler drawn: 131 ticks and 66 labels.
11/17/2025 11:13 AM // INFO // [MODIFY] // Zoom level changed to -0,14560161779575326, scale set to 9,040023212307803!
11/17/2025 11:13 AM // INFO // [GANTT] // Gantt chart rendered with 6 items on canvas.
11/17/2025 11:13 AM // INFO // [GANTT] // Canvas resized to 1278,5022351760135x110 to fit all Gantt items.
11/17/2025 11:13 AM // INFO // [GANTT] // Canvases are ready to be used!
11/17/2025 11:13 AM // INFO // [GANTT] // Ruler drawn: 131 ticks and 66 labels.
11/17/2025 11:13 AM // INFO // [MODIFY] // Zoom level changed to -0,1415571284125379, scale set to 9,065401809046257!
11/17/2025 11:13 AM // INFO // [GANTT] // Gantt chart rendered with 6 items on canvas.
11/17/2025 11:13 AM // INFO // [GANTT] // Canvas resized to 1291,7919867696166x110 to fit all Gantt items.
11/17/2025 11:13 AM // INFO // [GANTT] // Canvases are ready to be used!
11/17/2025 11:13 AM // INFO // [GANTT] // Ruler drawn: 131 ticks and 66 labels.
11/17/2025 11:13 AM // INFO // [MODIFY] // Zoom level changed to -0,12537917087967643, scale set to 9,167630667458589!
11/17/2025 11:13 AM // INFO // [GANTT] // Gantt chart rendered with 6 items on canvas.
11/17/2025 11:13 AM // INFO // [GANTT] // Canvas resized to 1305,2316044323265x110 to fit all Gantt items.
11/17/2025 11:13 AM // INFO // [GANTT] // Canvases are ready to be used!
11/17/2025 11:13 AM // INFO // [GANTT] // Ruler drawn: 131 ticks and 66 labels.
11/17/2025 11:13 AM // INFO // [MODIFY] // Zoom level changed to -0,10920121334681496, scale set to 9,271012341787127!
11/17/2025 11:13 AM // INFO // [GANTT] // Gantt chart rendered with 6 items on canvas.
11/17/2025 11:13 AM // INFO // [GANTT] // Canvas resized to 1318,8227781760688x110 to fit all Gantt items.
11/17/2025 11:13 AM // INFO // [GANTT] // Canvases are ready to be used!
11/17/2025 11:13 AM // INFO // [GANTT] // Ruler drawn: 131 ticks and 66 labels.
11/17/2025 11:13 AM // INFO // [MODIFY] // Zoom level changed to -0,09302325581395349, scale set to 9,375559832123606!
11/17/2025 11:13 AM // INFO // [GANTT] // Gantt chart rendered with 6 items on canvas.
11/17/2025 11:13 AM // INFO // [GANTT] // Canvas resized to 1329,1166445518195x110 to fit all Gantt items.
11/17/2025 11:13 AM // INFO // [GANTT] // Canvases are ready to be used!
11/17/2025 11:13 AM // INFO // [GANTT] // Ruler drawn: 131 ticks and 66 labels.
11/17/2025 11:13 AM // INFO // [MODIFY] // Zoom level changed to -0,08088978766430738, scale set to 9,45474341962938!
11/17/2025 11:13 AM // INFO // [GANTT] // Gantt chart rendered with 6 items on canvas.
11/17/2025 11:13 AM // INFO // [GANTT] // Canvas resized to 1349,9659296822683x110 to fit all Gantt items.
11/17/2025 11:13 AM // INFO // [GANTT] // Canvases are ready to be used!
11/17/2025 11:13 AM // INFO // [GANTT] // Ruler drawn: 131 ticks and 66 labels.
11/17/2025 11:13 AM // INFO // [MODIFY] // Zoom level changed to -0,05662285136501516, scale set to 9,615122536017449!
11/17/2025 11:13 AM // INFO // [GANTT] // Gantt chart rendered with 6 items on canvas.
11/17/2025 11:13 AM // INFO // [GANTT] // Canvas resized to 1353,4750336437517x110 to fit all Gantt items.
11/17/2025 11:13 AM // INFO // [GANTT] // Canvases are ready to be used!
11/17/2025 11:13 AM // INFO // [GANTT] // Ruler drawn: 131 ticks and 66 labels.
11/17/2025 11:13 AM // INFO // [MODIFY] // Zoom level changed to -0,05257836198179979, scale set to 9,642115643413474!
11/17/2025 11:13 AM // INFO // [GANTT] // Gantt chart rendered with 6 items on canvas.
11/17/2025 11:13 AM // INFO // [GANTT] // Canvas resized to 1360,522823173909x110 to fit all Gantt items.
11/17/2025 11:13 AM // INFO // [GANTT] // Canvases are ready to be used!
11/17/2025 11:13 AM // INFO // [GANTT] // Ruler drawn: 131 ticks and 66 labels.
11/17/2025 11:13 AM // INFO // [MODIFY] // Zoom level changed to -0,04448938321536905, scale set to 9,696329409030069!
11/17/2025 11:13 AM // INFO // [GANTT] // Gantt chart rendered with 6 items on canvas.
11/17/2025 11:13 AM // INFO // [GANTT] // Canvas resized to 1364,061564132604x110 to fit all Gantt items.
11/17/2025 11:13 AM // INFO // [GANTT] // Canvases are ready to be used!
11/17/2025 11:13 AM // INFO // [GANTT] // Ruler drawn: 131 ticks and 66 labels.
11/17/2025 11:13 AM // INFO // [MODIFY] // Zoom level changed to -0,04044489383215368, scale set to 9,723550493327723!
11/17/2025 11:13 AM // INFO // [GANTT] // Gantt chart rendered with 6 items on canvas.
11/17/2025 11:13 AM // INFO // [GANTT] // Canvas resized to 1367,6102396100102x110 to fit all Gantt items.
11/17/2025 11:13 AM // INFO // [GANTT] // Canvases are ready to be used!
11/17/2025 11:13 AM // INFO // [GANTT] // Ruler drawn: 131 ticks and 66 labels.
11/17/2025 11:13 AM // INFO // [MODIFY] // Zoom level changed to -0,036400404448938314, scale set to 9,75084799700008!
11/17/2025 11:13 AM // INFO // [GANTT] // Gantt chart rendered with 6 items on canvas.
11/17/2025 11:13 AM // INFO // [GANTT] // Canvas resized to 1364,061564132604x110 to fit all Gantt items.
11/17/2025 11:13 AM // INFO // [GANTT] // Canvases are ready to be used!
11/17/2025 11:13 AM // INFO // [GANTT] // Ruler drawn: 131 ticks and 66 labels.
11/17/2025 11:13 AM // INFO // [MODIFY] // Zoom level changed to -0,04044489383215368, scale set to 9,723550493327723!
11/17/2025 11:13 AM // INFO // [GANTT] // Gantt chart rendered with 6 items on canvas.
11/17/2025 11:13 AM // INFO // [GANTT] // Canvas resized to 1349,9659296822683x110 to fit all Gantt items.
11/17/2025 11:13 AM // INFO // [GANTT] // Canvases are ready to be used!
11/17/2025 11:13 AM // INFO // [GANTT] // Ruler drawn: 131 ticks and 66 labels.
11/17/2025 11:13 AM // INFO // [MODIFY] // Zoom level changed to -0,05662285136501516, scale set to 9,615122536017449!
11/17/2025 11:13 AM // INFO // [GANTT] // Gantt chart rendered with 6 items on canvas.
11/17/2025 11:13 AM // INFO // [GANTT] // Canvas resized to 1332,5672170707187x110 to fit all Gantt items.
11/17/2025 11:13 AM // INFO // [GANTT] // Canvases are ready to be used!
11/17/2025 11:13 AM // INFO // [GANTT] // Ruler drawn: 131 ticks and 66 labels.
11/17/2025 11:13 AM // INFO // [MODIFY] // Zoom level changed to -0,076845298281092, scale set to 9,481286285159374!
11/17/2025 11:13 AM // INFO // [GANTT] // Gantt chart rendered with 6 items on canvas.
11/17/2025 11:13 AM // INFO // [GANTT] // Canvas resized to 1318,8227781760688x110 to fit all Gantt items.
11/17/2025 11:13 AM // INFO // [GANTT] // Canvases are ready to be used!
11/17/2025 11:13 AM // INFO // [GANTT] // Ruler drawn: 131 ticks and 66 labels.
11/17/2025 11:13 AM // INFO // [MODIFY] // Zoom level changed to -0,09302325581395349, scale set to 9,375559832123606!
11/17/2025 11:13 AM // INFO // [GANTT] // Gantt chart rendered with 6 items on canvas.
11/17/2025 11:13 AM // INFO // [GANTT] // Canvas resized to 1312,008140426379x110 to fit all Gantt items.
11/17/2025 11:13 AM // INFO // [GANTT] // Canvases are ready to be used!
11/17/2025 11:13 AM // INFO // [GANTT] // Ruler drawn: 131 ticks and 66 labels.
11/17/2025 11:13 AM // INFO // [MODIFY] // Zoom level changed to -0,10111223458038422, scale set to 9,323139541741376!
11/17/2025 11:13 AM // INFO // [GANTT] // Gantt chart rendered with 6 items on canvas.
11/17/2025 11:13 AM // INFO // [GANTT] // Canvas resized to 1301,8575579741978x110 to fit all Gantt items.
11/17/2025 11:13 AM // INFO // [GANTT] // Canvases are ready to be used!
11/17/2025 11:13 AM // INFO // [GANTT] // Ruler drawn: 131 ticks and 66 labels.
11/17/2025 11:13 AM // INFO // [MODIFY] // Zoom level changed to -0,11324570273003033, scale set to 9,24505813826306!
11/17/2025 11:13 AM // INFO // [GANTT] // Gantt chart rendered with 6 items on canvas.
11/17/2025 11:13 AM // INFO // [GANTT] // Canvas resized to 1295,1377755489161x110 to fit all Gantt items.
11/17/2025 11:13 AM // INFO // [GANTT] // Canvases are ready to be used!
11/17/2025 11:13 AM // INFO // [GANTT] // Ruler drawn: 131 ticks and 66 labels.
11/17/2025 11:13 AM // INFO // [MODIFY] // Zoom level changed to -0,12133468149646107, scale set to 9,193367504222431!
11/17/2025 11:13 AM // INFO // [GANTT] // Gantt chart rendered with 6 items on canvas.
11/17/2025 11:13 AM // INFO // [GANTT] // Canvas resized to 1291,7919867696166x110 to fit all Gantt items.
11/17/2025 11:13 AM // INFO // [GANTT] // Canvases are ready to be used!
11/17/2025 11:13 AM // INFO // [GANTT] // Ruler drawn: 131 ticks and 66 labels.
11/17/2025 11:13 AM // INFO // [MODIFY] // Zoom level changed to -0,12537917087967643, scale set to 9,167630667458589!
11/17/2025 11:13 AM // INFO // [GANTT] // Gantt chart rendered with 6 items on canvas.
11/17/2025 11:13 AM // INFO // [GANTT] // Canvas resized to 1278,5022351760135x110 to fit all Gantt items.
11/17/2025 11:13 AM // INFO // [GANTT] // Canvases are ready to be used!
11/17/2025 11:13 AM // INFO // [GANTT] // Ruler drawn: 131 ticks and 66 labels.
11/17/2025 11:13 AM // INFO // [MODIFY] // Zoom level changed to -0,1415571284125379, scale set to 9,065401809046257!
11/17/2025 11:13 AM // INFO // [GANTT] // Gantt chart rendered with 6 items on canvas.
11/17/2025 11:13 AM // INFO // [GANTT] // Canvas resized to 1275,2030176000144x110 to fit all Gantt items.
11/17/2025 11:13 AM // INFO // [GANTT] // Canvases are ready to be used!
11/17/2025 11:13 AM // INFO // [GANTT] // Ruler drawn: 131 ticks and 66 labels.
11/17/2025 11:13 AM // INFO // [MODIFY] // Zoom level changed to -0,14560161779575326, scale set to 9,040023212307803!
11/17/2025 11:13 AM // INFO // [GANTT] // Gantt chart rendered with 6 items on canvas.
11/17/2025 11:13 AM // INFO // [GANTT] // Canvas resized to 1271,9130361852112x110 to fit all Gantt items.
11/17/2025 11:13 AM // INFO // [GANTT] // Canvases are ready to be used!
11/17/2025 11:13 AM // INFO // [GANTT] // Ruler drawn: 131 ticks and 66 labels.
11/17/2025 11:13 AM // INFO // [MODIFY] // Zoom level changed to -0,14964610717896862, scale set to 9,014715662963164!
11/17/2025 11:13 AM // INFO // [EXPORT] // Child element of type TextBlock cloned and added to canvas.
11/17/2025 11:13 AM // INFO // [EXPORT] // Child element of type TextBlock cloned and added to canvas.
11/17/2025 11:13 AM // INFO // [EXPORT] // Canvas cloned with 2 children.
11/17/2025 11:13 AM // INFO // [EXPORT] // Child element of type Line cloned and added to canvas.
11/17/2025 11:13 AM // INFO // [EXPORT] // Child element of type Line cloned and added to canvas.
11/17/2025 11:13 AM // INFO // [EXPORT] // Child element of type Line cloned and added to canvas.
11/17/2025 11:13 AM // INFO // [EXPORT] // Child element of type Line cloned and added to canvas.
11/17/2025 11:13 AM // INFO // [EXPORT] // Child element of type Line cloned and added to canvas.
11/17/2025 11:13 AM // INFO // [EXPORT] // Child element of type Line cloned and added to canvas.
11/17/2025 11:13 AM // INFO // [EXPORT] // Child element of type Line cloned and added to canvas.
11/17/2025 11:13 AM // INFO // [EXPORT] // Child element of type Line cloned and added to canvas.
11/17/2025 11:13 AM // INFO // [EXPORT] // Child element of type Line cloned and added to canvas.
11/17/2025 11:13 AM // INFO // [EXPORT] // Child element of type Line cloned and added to canvas.
11/17/2025 11:13 AM // INFO // [EXPORT] // Child element of type Line cloned and added to canvas.
11/17/2025 11:13 AM // INFO // [EXPORT] // Child element of type Line cloned and added to canvas.
11/17/2025 11:13 AM // INFO // [EXPORT] // Child element of type Line cloned and added to canvas.
11/17/2025 11:13 AM // INFO // [EXPORT] // Child element of type Line cloned and added to canvas.
11/17/2025 11:13 AM // INFO // [EXPORT] // Child element of type Line cloned and added to canvas.
11/17/2025 11:13 AM // INFO // [EXPORT] // Child element of type Line cloned and added to canvas.
11/17/2025 11:13 AM // INFO // [EXPORT] // Child element of type Line cloned and added to canvas.
11/17/2025 11:13 AM // INFO // [EXPORT] // Child element of type Line cloned and added to canvas.
11/17/2025 11:13 AM // INFO // [EXPORT] // Child element of type Line cloned and added to canvas.
11/17/2025 11:13 AM // INFO // [EXPORT] // Child element of type Line cloned and added to canvas.
11/17/2025 11:13 AM // INFO // [EXPORT] // Child element of type Line cloned and added to canvas.
11/17/2025 11:13 AM // INFO // [EXPORT] // Child element of type Line cloned and added to canvas.
11/17/2025 11:13 AM // INFO // [EXPORT] // Child element of type Line cloned and added to canvas.
11/17/2025 11:13 AM // INFO // [EXPORT] // Child element of type Line cloned and added to canvas.
11/17/2025 11:13 AM // INFO // [EXPORT] // Child element of type Line cloned and added to canvas.
11/17/2025 11:13 AM // INFO // [EXPORT] // Child element of type Line cloned and added to canvas.
11/17/2025 11:13 AM // INFO // [EXPORT] // Child element of type Line cloned and added to canvas.
11/17/2025 11:13 AM // INFO // [EXPORT] // Child element of type Line cloned and added to canvas.
11/17/2025 11:13 AM // INFO // [EXPORT] // Child element of type Line cloned and added to canvas.
11/17/2025 11:13 AM // INFO // [EXPORT] // Child element of type Line cloned and added to canvas.
11/17/2025 11:13 AM // INFO // [EXPORT] // Child element of type Line cloned and added to canvas.
11/17/2025 11:13 AM // INFO // [EXPORT] // Child element of type Line cloned and added to canvas.
11/17/2025 11:13 AM // INFO // [EXPORT] // Child element of type Line cloned and added to canvas.
11/17/2025 11:13 AM // INFO // [EXPORT] // Child element of type Line cloned and added to canvas.
11/17/2025 11:13 AM // INFO // [EXPORT] // Child element of type Line cloned and added to canvas.
11/17/2025 11:13 AM // INFO // [EXPORT] // Child element of type Line cloned and added to canvas.
11/17/2025 11:13 AM // INFO // [EXPORT] // Child element of type Line cloned and added to canvas.
11/17/2025 11:13 AM // INFO // [EXPORT] // Child element of type Line cloned and added to canvas.
11/17/2025 11:13 AM // INFO // [EXPORT] // Child element of type Line cloned and added to canvas.
11/17/2025 11:13 AM // INFO // [EXPORT] // Child element of type Line cloned and added to canvas.
11/17/2025 11:13 AM // INFO // [EXPORT] // Child element of type Line cloned and added to canvas.
11/17/2025 11:13 AM // INFO // [EXPORT] // Child element of type Line cloned and added to canvas.
11/17/2025 11:13 AM // INFO // [EXPORT] // Child element of type Line cloned and added to canvas.
11/17/2025 11:13 AM // INFO // [EXPORT] // Child element of type Line cloned and added to canvas.
11/17/2025 11:13 AM // INFO // [EXPORT] // Child element of type Line cloned and added to canvas.
11/17/2025 11:13 AM // INFO // [EXPORT] // Child element of type Line cloned and added to canvas.
11/17/2025 11:13 AM // INFO // [EXPORT] // Child element of type Line cloned and added to canvas.
11/17/2025 11:13 AM // INFO // [EXPORT] // Child element of type Line cloned and added to canvas.
11/17/2025 11:13 AM // INFO // [EXPORT] // Child element of type Line cloned and added to canvas.
11/17/2025 11:13 AM // INFO // [EXPORT] // Child element of type Line cloned and added to canvas.
11/17/2025 11:13 AM // INFO // [EXPORT] // Child element of type Line cloned and added to canvas.
11/17/2025 11:13 AM // INFO // [EXPORT] // Child element of type Line cloned and added to canvas.
11/17/2025 11:13 AM // INFO // [EXPORT] // Child element of type Line cloned and added to canvas.
11/17/2025 11:13 AM // INFO // [EXPORT] // Child element of type Line cloned and added to canvas.
11/17/2025 11:13 AM // INFO // [EXPORT] // Child element of type Line cloned and added to canvas.
11/17/2025 11:13 AM // INFO // [EXPORT] // Child element of type Line cloned and added to canvas.
11/17/2025 11:13 AM // INFO // [EXPORT] // Child element of type Line cloned and added to canvas.
11/17/2025 11:13 AM // INFO // [EXPORT] // Child element of type Line cloned and added to canvas.
11/17/2025 11:13 AM // INFO // [EXPORT] // Child element of type Line cloned and added to canvas.
11/17/2025 11:13 AM // INFO // [EXPORT] // Child element of type Line cloned and added to canvas.
11/17/2025 11:13 AM // INFO // [EXPORT] // Child element of type Line cloned and added to canvas.
11/17/2025 11:13 AM // INFO // [EXPORT] // Child element of type Line cloned and added to canvas.
11/17/2025 11:13 AM // INFO // [EXPORT] // Child element of type Line cloned and added to canvas.
11/17/2025 11:13 AM // INFO // [EXPORT] // Child element of type Line cloned and added to canvas.
11/17/2025 11:13 AM // INFO // [EXPORT] // Child element of type Line cloned and added to canvas.
11/17/2025 11:13 AM // INFO // [EXPORT] // Child element of type Line cloned and added to canvas.
11/17/2025 11:13 AM // INFO // [EXPORT] // Child element of type Line cloned and added to canvas.
11/17/2025 11:13 AM // INFO // [EXPORT] // Child element of type Line cloned and added to canvas.
11/17/2025 11:13 AM // INFO // [EXPORT] // Child element of type Line cloned and added to canvas.
11/17/2025 11:13 AM // INFO // [EXPORT] // Child element of type Line cloned and added to canvas.
11/17/2025 11:13 AM // INFO // [EXPORT] // Child element of type Line cloned and added to canvas.
11/17/2025 11:13 AM // INFO // [EXPORT] // Child element of type Line cloned and added to canvas.
11/17/2025 11:13 AM // INFO // [EXPORT] // Child element of type Line cloned and added to canvas.
11/17/2025 11:13 AM // INFO // [EXPORT] // Child element of type Line cloned and added to canvas.
11/17/2025 11:13 AM // INFO // [EXPORT] // Child element of type Line cloned and added to canvas.
11/17/2025 11:13 AM // INFO // [EXPORT] // Child element of type Line cloned and added to canvas.
11/17/2025 11:13 AM // INFO // [EXPORT] // Child element of type Line cloned and added to canvas.
11/17/2025 11:13 AM // INFO // [EXPORT] // Child element of type Line cloned and added to canvas.
11/17/2025 11:13 AM // INFO // [EXPORT] // Child element of type Line cloned and added to canvas.
11/17/2025 11:13 AM // INFO // [EXPORT] // Child element of type Line cloned and added to canvas.
11/17/2025 11:13 AM // INFO // [EXPORT] // Child element of type Line cloned and added to canvas.
11/17/2025 11:13 AM // INFO // [EXPORT] // Child element of type Line cloned and added to canvas.
11/17/2025 11:13 AM // INFO // [EXPORT] // Child element of type Line cloned and added to canvas.
11/17/2025 11:13 AM // INFO // [EXPORT] // Child element of type Line cloned and added to canvas.
11/17/2025 11:13 AM // INFO // [EXPORT] // Child element of type Line cloned and added to canvas.
11/17/2025 11:13 AM // INFO // [EXPORT] // Child element of type Line cloned and added to canvas.
11/17/2025 11:13 AM // INFO // [EXPORT] // Child element of type Line cloned and added to canvas.
11/17/2025 11:13 AM // INFO // [EXPORT] // Child element of type Line cloned and added to canvas.
11/17/2025 11:13 AM // INFO // [EXPORT] // Child element of type Line cloned and added to canvas.
11/17/2025 11:13 AM // INFO // [EXPORT] // Child element of type Line cloned and added to canvas.
11/17/2025 11:13 AM // INFO // [EXPORT] // Child element of type Line cloned and added to canvas.
11/17/2025 11:13 AM // INFO // [EXPORT] // Child element of type Line cloned and added to canvas.
11/17/2025 11:13 AM // INFO // [EXPORT] // Child element of type Line cloned and added to canvas.
11/17/2025 11:13 AM // INFO // [EXPORT] // Child element of type Line cloned and added to canvas.
11/17/2025 11:13 AM // INFO // [EXPORT] // Child element of type Line cloned and added to canvas.
11/17/2025 11:13 AM // INFO // [EXPORT] // Child element of type Line cloned and added to canvas.
11/17/2025 11:13 AM // INFO // [EXPORT] // Child element of type Line cloned and added to canvas.
11/17/2025 11:13 AM // INFO // [EXPORT] // Child element of type Line cloned and added to canvas.
11/17/2025 11:13 AM // INFO // [EXPORT] // Child element of type Line cloned and added to canvas.
11/17/2025 11:13 AM // INFO // [EXPORT] // Child element of type Line cloned and added to canvas.
11/17/2025 11:13 AM // INFO // [EXPORT] // Child element of type Line cloned and added to canvas.
11/17/2025 11:13 AM // INFO // [EXPORT] // Child element of type Line cloned and added to canvas.
11/17/2025 11:13 AM // INFO // [EXPORT] // Child element of type Line cloned and added to canvas.
11/17/2025 11:13 AM // INFO // [EXPORT] // Child element of type Line cloned and added to canvas.
11/17/2025 11:13 AM // INFO // [EXPORT] // Child element of type Line cloned and added to canvas.
11/17/2025 11:13 AM // INFO // [EXPORT] // Child element of type Line cloned and added to canvas.
11/17/2025 11:13 AM // INFO // [EXPORT] // Child element of type Line cloned and added to canvas.
11/17/2025 11:13 AM // INFO // [EXPORT] // Child element of type Line cloned and added to canvas.
11/17/2025 11:13 AM // INFO // [EXPORT] // Child element of type Line cloned and added to canvas.
11/17/2025 11:13 AM // INFO // [EXPORT] // Child element of type Line cloned and added to canvas.
11/17/2025 11:13 AM // INFO // [EXPORT] // Child element of type Line cloned and added to canvas.
11/17/2025 11:13 AM // INFO // [EXPORT] // Child element of type Line cloned and added to canvas.
11/17/2025 11:13 AM // INFO // [EXPORT] // Child element of type Line cloned and added to canvas.
11/17/2025 11:13 AM // INFO // [EXPORT] // Child element of type Line cloned and added to canvas.
11/17/2025 11:13 AM // INFO // [EXPORT] // Child element of type Line cloned and added to canvas.
11/17/2025 11:13 AM // INFO // [EXPORT] // Child element of type Line cloned and added to canvas.
11/17/2025 11:13 AM // INFO // [EXPORT] // Child element of type Line cloned and added to canvas.
11/17/2025 11:13 AM // INFO // [EXPORT] // Child element of type Line cloned and added to canvas.
11/17/2025 11:13 AM // INFO // [EXPORT] // Child element of type Line cloned and added to canvas.
11/17/2025 11:13 AM // INFO // [EXPORT] // Child element of type Line cloned and added to canvas.
11/17/2025 11:13 AM // INFO // [EXPORT] // Child element of type Line cloned and added to canvas.
11/17/2025 11:13 AM // INFO // [EXPORT] // Child element of type Line cloned and added to canvas.
11/17/2025 11:13 AM // INFO // [EXPORT] // Child element of type Line cloned and added to canvas.
11/17/2025 11:13 AM // INFO // [EXPORT] // Child element of type Line cloned and added to canvas.
11/17/2025 11:13 AM // INFO // [EXPORT] // Child element of type Line cloned and added to canvas.
11/17/2025 11:13 AM // INFO // [EXPORT] // Child element of type Line cloned and added to canvas.
11/17/2025 11:13 AM // INFO // [EXPORT] // Child element of type Line cloned and added to canvas.
11/17/2025 11:13 AM // INFO // [EXPORT] // Child element of type Line cloned and added to canvas.
11/17/2025 11:13 AM // INFO // [EXPORT] // Child element of type Line cloned and added to canvas.
11/17/2025 11:13 AM // INFO // [EXPORT] // Child element of type Line cloned and added to canvas.
11/17/2025 11:13 AM // INFO // [EXPORT] // Child element of type Line cloned and added to canvas.
11/17/2025 11:13 AM // INFO // [EXPORT] // Child element of type Rectangle cloned and added to canvas.
11/17/2025 11:13 AM // INFO // [EXPORT] // Child element of type TextBlock cloned and added to canvas.
11/17/2025 11:13 AM // INFO // [EXPORT] // Child element of type Rectangle cloned and added to canvas.
11/17/2025 11:13 AM // INFO // [EXPORT] // Child element of type TextBlock cloned and added to canvas.
11/17/2025 11:13 AM // INFO // [EXPORT] // Child element of type Rectangle cloned and added to canvas.
11/17/2025 11:13 AM // INFO // [EXPORT] // Child element of type TextBlock cloned and added to canvas.
11/17/2025 11:13 AM // INFO // [EXPORT] // Child element of type Rectangle cloned and added to canvas.
11/17/2025 11:13 AM // INFO // [EXPORT] // Child element of type TextBlock cloned and added to canvas.
11/17/2025 11:13 AM // INFO // [EXPORT] // Child element of type Rectangle cloned and added to canvas.
11/17/2025 11:13 AM // INFO // [EXPORT] // Child element of type TextBlock cloned and added to canvas.
11/17/2025 11:13 AM // INFO // [EXPORT] // Child element of type Rectangle cloned and added to canvas.
11/17/2025 11:13 AM // INFO // [EXPORT] // Child element of type TextBlock cloned and added to canvas.
11/17/2025 11:13 AM // INFO // [EXPORT] // Canvas cloned with 143 children.
11/17/2025 11:13 AM // INFO // [EXPORT] // Child element of type TextBlock cloned and added to canvas.
11/17/2025 11:13 AM // INFO // [EXPORT] // Child element of type Line cloned and added to canvas.
11/17/2025 11:13 AM // INFO // [EXPORT] // Child element of type Line cloned and added to canvas.
11/17/2025 11:13 AM // INFO // [EXPORT] // Child element of type TextBlock cloned and added to canvas.
11/17/2025 11:13 AM // INFO // [EXPORT] // Child element of type Line cloned and added to canvas.
11/17/2025 11:13 AM // INFO // [EXPORT] // Child element of type Line cloned and added to canvas.
11/17/2025 11:13 AM // INFO // [EXPORT] // Child element of type TextBlock cloned and added to canvas.
11/17/2025 11:13 AM // INFO // [EXPORT] // Child element of type Line cloned and added to canvas.
11/17/2025 11:13 AM // INFO // [EXPORT] // Child element of type Line cloned and added to canvas.
11/17/2025 11:13 AM // INFO // [EXPORT] // Child element of type TextBlock cloned and added to canvas.
11/17/2025 11:13 AM // INFO // [EXPORT] // Child element of type Line cloned and added to canvas.
11/17/2025 11:13 AM // INFO // [EXPORT] // Child element of type Line cloned and added to canvas.
11/17/2025 11:13 AM // INFO // [EXPORT] // Child element of type TextBlock cloned and added to canvas.
11/17/2025 11:13 AM // INFO // [EXPORT] // Child element of type Line cloned and added to canvas.
11/17/2025 11:13 AM // INFO // [EXPORT] // Child element of type Line cloned and added to canvas.
11/17/2025 11:13 AM // INFO // [EXPORT] // Child element of type TextBlock cloned and added to canvas.
11/17/2025 11:13 AM // INFO // [EXPORT] // Child element of type Line cloned and added to canvas.
11/17/2025 11:13 AM // INFO // [EXPORT] // Child element of type Line cloned and added to canvas.
11/17/2025 11:13 AM // INFO // [EXPORT] // Child element of type TextBlock cloned and added to canvas.
11/17/2025 11:13 AM // INFO // [EXPORT] // Child element of type Line cloned and added to canvas.
11/17/2025 11:13 AM // INFO // [EXPORT] // Child element of type Line cloned and added to canvas.
11/17/2025 11:13 AM // INFO // [EXPORT] // Child element of type TextBlock cloned and added to canvas.
11/17/2025 11:13 AM // INFO // [EXPORT] // Child element of type Line cloned and added to canvas.
11/17/2025 11:13 AM // INFO // [EXPORT] // Child element of type Line cloned and added to canvas.
11/17/2025 11:13 AM // INFO // [EXPORT] // Child element of type TextBlock cloned and added to canvas.
11/17/2025 11:13 AM // INFO // [EXPORT] // Child element of type Line cloned and added to canvas.
11/17/2025 11:13 AM // INFO // [EXPORT] // Child element of type Line cloned and added to canvas.
11/17/2025 11:13 AM // INFO // [EXPORT] // Child element of type TextBlock cloned and added to canvas.
11/17/2025 11:13 AM // INFO // [EXPORT] // Child element of type Line cloned and added to canvas.
11/17/2025 11:13 AM // INFO // [EXPORT] // Child element of type Line cloned and added to canvas.
11/17/2025 11:13 AM // INFO // [EXPORT] // Child element of type TextBlock cloned and added to canvas.
11/17/2025 11:13 AM // INFO // [EXPORT] // Child element of type Line cloned and added to canvas.
11/17/2025 11:13 AM // INFO // [EXPORT] // Child element of type Line cloned and added to canvas.
11/17/2025 11:13 AM // INFO // [EXPORT] // Child element of type TextBlock cloned and added to canvas.
11/17/2025 11:13 AM // INFO // [EXPORT] // Child element of type Line cloned and added to canvas.
11/17/2025 11:13 AM // INFO // [EXPORT] // Child element of type Line cloned and added to canvas.
11/17/2025 11:13 AM // INFO // [EXPORT] // Child element of type TextBlock cloned and added to canvas.
11/17/2025 11:13 AM // INFO // [EXPORT] // Child element of type Line cloned and added to canvas.
11/17/2025 11:13 AM // INFO // [EXPORT] // Child element of type Line cloned and added to canvas.
11/17/2025 11:13 AM // INFO // [EXPORT] // Child element of type TextBlock cloned and added to canvas.
11/17/2025 11:13 AM // INFO // [EXPORT] // Child element of type Line cloned and added to canvas.
11/17/2025 11:13 AM // INFO // [EXPORT] // Child element of type Line cloned and added to canvas.
11/17/2025 11:13 AM // INFO // [EXPORT] // Child element of type TextBlock cloned and added to canvas.
11/17/2025 11:13 AM // INFO // [EXPORT] // Child element of type Line cloned and added to canvas.
11/17/2025 11:13 AM // INFO // [EXPORT] // Child element of type Line cloned and added to canvas.
11/17/2025 11:13 AM // INFO // [EXPORT] // Child element of type TextBlock cloned and added to canvas.
11/17/2025 11:13 AM // INFO // [EXPORT] // Child element of type Line cloned and added to canvas.
11/17/2025 11:13 AM // INFO // [EXPORT] // Child element of type Line cloned and added to canvas.
11/17/2025 11:13 AM // INFO // [EXPORT] // Child element of type TextBlock cloned and added to canvas.
11/17/2025 11:13 AM // INFO // [EXPORT] // Child element of type Line cloned and added to canvas.
11/17/2025 11:13 AM // INFO // [EXPORT] // Child element of type Line cloned and added to canvas.
11/17/2025 11:13 AM // INFO // [EXPORT] // Child element of type TextBlock cloned and added to canvas.
11/17/2025 11:13 AM // INFO // [EXPORT] // Child element of type Line cloned and added to canvas.
11/17/2025 11:13 AM // INFO // [EXPORT] // Child element of type Line cloned and added to canvas.
11/17/2025 11:13 AM // INFO // [EXPORT] // Child element of type TextBlock cloned and added to canvas.
11/17/2025 11:13 AM // INFO // [EXPORT] // Child element of type Line cloned and added to canvas.
11/17/2025 11:13 AM // INFO // [EXPORT] // Child element of type Line cloned and added to canvas.
11/17/2025 11:13 AM // INFO // [EXPORT] // Child element of type TextBlock cloned and added to canvas.
11/17/2025 11:13 AM // INFO // [EXPORT] // Child element of type Line cloned and added to canvas.
11/17/2025 11:13 AM // INFO // [EXPORT] // Child element of type Line cloned and added to canvas.
11/17/2025 11:13 AM // INFO // [EXPORT] // Child element of type TextBlock cloned and added to canvas.
11/17/2025 11:13 AM // INFO // [EXPORT] // Child element of type Line cloned and added to canvas.
11/17/2025 11:13 AM // INFO // [EXPORT] // Child element of type Line cloned and added to canvas.
11/17/2025 11:13 AM // INFO // [EXPORT] // Child element of type TextBlock cloned and added to canvas.
11/17/2025 11:13 AM // INFO // [EXPORT] // Child element of type Line cloned and added to canvas.
11/17/2025 11:13 AM // INFO // [EXPORT] // Child element of type Line cloned and added to canvas.
11/17/2025 11:13 AM // INFO // [EXPORT] // Child element of type TextBlock cloned and added to canvas.
11/17/2025 11:13 AM // INFO // [EXPORT] // Child element of type Line cloned and added to canvas.
11/17/2025 11:13 AM // INFO // [EXPORT] // Child element of type Line cloned and added to canvas.
11/17/2025 11:13 AM // INFO // [EXPORT] // Child element of type TextBlock cloned and added to canvas.
11/17/2025 11:13 AM // INFO // [EXPORT] // Child element of type Line cloned and added to canvas.
11/17/2025 11:13 AM // INFO // [EXPORT] // Child element of type Line cloned and added to canvas.
11/17/2025 11:13 AM // INFO // [EXPORT] // Child element of type TextBlock cloned and added to canvas.
11/17/2025 11:13 AM // INFO // [EXPORT] // Child element of type Line cloned and added to canvas.
11/17/2025 11:13 AM // INFO // [EXPORT] // Child element of type Line cloned and added to canvas.
11/17/2025 11:13 AM // INFO // [EXPORT] // Child element of type TextBlock cloned and added to canvas.
11/17/2025 11:13 AM // INFO // [EXPORT] // Child element of type Line cloned and added to canvas.
11/17/2025 11:13 AM // INFO // [EXPORT] // Child element of type Line cloned and added to canvas.
11/17/2025 11:13 AM // INFO // [EXPORT] // Child element of type TextBlock cloned and added to canvas.
11/17/2025 11:13 AM // INFO // [EXPORT] // Child element of type Line cloned and added to canvas.
11/17/2025 11:13 AM // INFO // [EXPORT] // Child element of type Line cloned and added to canvas.
11/17/2025 11:13 AM // INFO // [EXPORT] // Child element of type TextBlock cloned and added to canvas.
11/17/2025 11:13 AM // INFO // [EXPORT] // Child element of type Line cloned and added to canvas.
11/17/2025 11:13 AM // INFO // [EXPORT] // Child element of type Line cloned and added to canvas.
11/17/2025 11:13 AM // INFO // [EXPORT] // Child element of type TextBlock cloned and added to canvas.
11/17/2025 11:13 AM // INFO // [EXPORT] // Child element of type Line cloned and added to canvas.
11/17/2025 11:13 AM // INFO // [EXPORT] // Child element of type Line cloned and added to canvas.
11/17/2025 11:13 AM // INFO // [EXPORT] // Child element of type TextBlock cloned and added to canvas.
11/17/2025 11:13 AM // INFO // [EXPORT] // Child element of type Line cloned and added to canvas.
11/17/2025 11:13 AM // INFO // [EXPORT] // Child element of type Line cloned and added to canvas.
11/17/2025 11:13 AM // INFO // [EXPORT] // Child element of type TextBlock cloned and added to canvas.
11/17/2025 11:13 AM // INFO // [EXPORT] // Child element of type Line cloned and added to canvas.
11/17/2025 11:13 AM // INFO // [EXPORT] // Child element of type Line cloned and added to canvas.
11/17/2025 11:13 AM // INFO // [EXPORT] // Child element of type TextBlock cloned and added to canvas.
11/17/2025 11:13 AM // INFO // [EXPORT] // Child element of type Line cloned and added to canvas.
11/17/2025 11:13 AM // INFO // [EXPORT] // Child element of type Line cloned and added to canvas.
11/17/2025 11:13 AM // INFO // [EXPORT] // Child element of type TextBlock cloned and added to canvas.
11/17/2025 11:13 AM // INFO // [EXPORT] // Child element of type Line cloned and added to canvas.
11/17/2025 11:13 AM // INFO // [EXPORT] // Child element of type Line cloned and added to canvas.
11/17/2025 11:13 AM // INFO // [EXPORT] // Child element of type TextBlock cloned and added to canvas.
11/17/2025 11:13 AM // INFO // [EXPORT] // Child element of type Line cloned and added to canvas.
11/17/2025 11:13 AM // INFO // [EXPORT] // Child element of type Line cloned and added to canvas.
11/17/2025 11:13 AM // INFO // [EXPORT] // Child element of type TextBlock cloned and added to canvas.
11/17/2025 11:13 AM // INFO // [EXPORT] // Child element of type Line cloned and added to canvas.
11/17/2025 11:13 AM // INFO // [EXPORT] // Child element of type Line cloned and added to canvas.
11/17/2025 11:13 AM // INFO // [EXPORT] // Child element of type TextBlock cloned and added to canvas.
11/17/2025 11:13 AM // INFO // [EXPORT] // Child element of type Line cloned and added to canvas.
11/17/2025 11:13 AM // INFO // [EXPORT] // Child element of type Line cloned and added to canvas.
11/17/2025 11:13 AM // INFO // [EXPORT] // Child element of type TextBlock cloned and added to canvas.
11/17/2025 11:13 AM // INFO // [EXPORT] // Child element of type Line cloned and added to canvas.
11/17/2025 11:13 AM // INFO // [EXPORT] // Child element of type Line cloned and added to canvas.
11/17/2025 11:13 AM // INFO // [EXPORT] // Child element of type TextBlock cloned and added to canvas.
11/17/2025 11:13 AM // INFO // [EXPORT] // Child element of type Line cloned and added to canvas.
11/17/2025 11:13 AM // INFO // [EXPORT] // Child element of type Line cloned and added to canvas.
11/17/2025 11:13 AM // INFO // [EXPORT] // Child element of type TextBlock cloned and added to canvas.
11/17/2025 11:13 AM // INFO // [EXPORT] // Child element of type Line cloned and added to canvas.
11/17/2025 11:13 AM // INFO // [EXPORT] // Child element of type Line cloned and added to canvas.
11/17/2025 11:13 AM // INFO // [EXPORT] // Child element of type TextBlock cloned and added to canvas.
11/17/2025 11:13 AM // INFO // [EXPORT] // Child element of type Line cloned and added to canvas.
11/17/2025 11:13 AM // INFO // [EXPORT] // Child element of type Line cloned and added to canvas.
11/17/2025 11:13 AM // INFO // [EXPORT] // Child element of type TextBlock cloned and added to canvas.
11/17/2025 11:13 AM // INFO // [EXPORT] // Child element of type Line cloned and added to canvas.
11/17/2025 11:13 AM // INFO // [EXPORT] // Child element of type Line cloned and added to canvas.
11/17/2025 11:13 AM // INFO // [EXPORT] // Child element of type TextBlock cloned and added to canvas.
11/17/2025 11:13 AM // INFO // [EXPORT] // Child element of type Line cloned and added to canvas.
11/17/2025 11:13 AM // INFO // [EXPORT] // Child element of type Line cloned and added to canvas.
11/17/2025 11:13 AM // INFO // [EXPORT] // Child element of type TextBlock cloned and added to canvas.
11/17/2025 11:13 AM // INFO // [EXPORT] // Child element of type Line cloned and added to canvas.
11/17/2025 11:13 AM // INFO // [EXPORT] // Child element of type Line cloned and added to canvas.
11/17/2025 11:13 AM // INFO // [EXPORT] // Child element of type TextBlock cloned and added to canvas.
11/17/2025 11:13 AM // INFO // [EXPORT] // Child element of type Line cloned and added to canvas.
11/17/2025 11:13 AM // INFO // [EXPORT] // Child element of type Line cloned and added to canvas.
11/17/2025 11:13 AM // INFO // [EXPORT] // Child element of type TextBlock cloned and added to canvas.
11/17/2025 11:13 AM // INFO // [EXPORT] // Child element of type Line cloned and added to canvas.
11/17/2025 11:13 AM // INFO // [EXPORT] // Child element of type Line cloned and added to canvas.
11/17/2025 11:13 AM // INFO // [EXPORT] // Child element of type TextBlock cloned and added to canvas.
11/17/2025 11:13 AM // INFO // [EXPORT] // Child element of type Line cloned and added to canvas.
11/17/2025 11:13 AM // INFO // [EXPORT] // Child element of type Line cloned and added to canvas.
11/17/2025 11:13 AM // INFO // [EXPORT] // Child element of type TextBlock cloned and added to canvas.
11/17/2025 11:13 AM // INFO // [EXPORT] // Child element of type Line cloned and added to canvas.
11/17/2025 11:13 AM // INFO // [EXPORT] // Child element of type Line cloned and added to canvas.
11/17/2025 11:13 AM // INFO // [EXPORT] // Child element of type TextBlock cloned and added to canvas.
11/17/2025 11:13 AM // INFO // [EXPORT] // Child element of type Line cloned and added to canvas.
11/17/2025 11:13 AM // INFO // [EXPORT] // Child element of type Line cloned and added to canvas.
11/17/2025 11:13 AM // INFO // [EXPORT] // Child element of type TextBlock cloned and added to canvas.
11/17/2025 11:13 AM // INFO // [EXPORT] // Child element of type Line cloned and added to canvas.
11/17/2025 11:13 AM // INFO // [EXPORT] // Child element of type Line cloned and added to canvas.
11/17/2025 11:13 AM // INFO // [EXPORT] // Child element of type TextBlock cloned and added to canvas.
11/17/2025 11:13 AM // INFO // [EXPORT] // Child element of type Line cloned and added to canvas.
11/17/2025 11:13 AM // INFO // [EXPORT] // Child element of type Line cloned and added to canvas.
11/17/2025 11:13 AM // INFO // [EXPORT] // Child element of type TextBlock cloned and added to canvas.
11/17/2025 11:13 AM // INFO // [EXPORT] // Child element of type Line cloned and added to canvas.
11/17/2025 11:13 AM // INFO // [EXPORT] // Child element of type Line cloned and added to canvas.
11/17/2025 11:13 AM // INFO // [EXPORT] // Child element of type TextBlock cloned and added to canvas.
11/17/2025 11:13 AM // INFO // [EXPORT] // Child element of type Line cloned and added to canvas.
11/17/2025 11:13 AM // INFO // [EXPORT] // Child element of type Line cloned and added to canvas.
11/17/2025 11:13 AM // INFO // [EXPORT] // Child element of type TextBlock cloned and added to canvas.
11/17/2025 11:13 AM // INFO // [EXPORT] // Child element of type Line cloned and added to canvas.
11/17/2025 11:13 AM // INFO // [EXPORT] // Child element of type Line cloned and added to canvas.
11/17/2025 11:13 AM // INFO // [EXPORT] // Child element of type TextBlock cloned and added to canvas.
11/17/2025 11:13 AM // INFO // [EXPORT] // Child element of type Line cloned and added to canvas.
11/17/2025 11:13 AM // INFO // [EXPORT] // Child element of type Line cloned and added to canvas.
11/17/2025 11:13 AM // INFO // [EXPORT] // Child element of type TextBlock cloned and added to canvas.
11/17/2025 11:13 AM // INFO // [EXPORT] // Child element of type Line cloned and added to canvas.
11/17/2025 11:13 AM // INFO // [EXPORT] // Child element of type Line cloned and added to canvas.
11/17/2025 11:13 AM // INFO // [EXPORT] // Child element of type TextBlock cloned and added to canvas.
11/17/2025 11:13 AM // INFO // [EXPORT] // Child element of type Line cloned and added to canvas.
11/17/2025 11:13 AM // INFO // [EXPORT] // Child element of type Line cloned and added to canvas.
11/17/2025 11:13 AM // INFO // [EXPORT] // Child element of type TextBlock cloned and added to canvas.
11/17/2025 11:13 AM // INFO // [EXPORT] // Child element of type Line cloned and added to canvas.
11/17/2025 11:13 AM // INFO // [EXPORT] // Child element of type Line cloned and added to canvas.
11/17/2025 11:13 AM // INFO // [EXPORT] // Child element of type TextBlock cloned and added to canvas.
11/17/2025 11:13 AM // INFO // [EXPORT] // Child element of type Line cloned and added to canvas.
11/17/2025 11:13 AM // INFO // [EXPORT] // Child element of type Line cloned and added to canvas.
11/17/2025 11:13 AM // INFO // [EXPORT] // Child element of type TextBlock cloned and added to canvas.
11/17/2025 11:13 AM // INFO // [EXPORT] // Child element of type Line cloned and added to canvas.
11/17/2025 11:13 AM // INFO // [EXPORT] // Child element of type Line cloned and added to canvas.
11/17/2025 11:13 AM // INFO // [EXPORT] // Child element of type TextBlock cloned and added to canvas.
11/17/2025 11:13 AM // INFO // [EXPORT] // Child element of type Line cloned and added to canvas.
11/17/2025 11:13 AM // INFO // [EXPORT] // Child element of type Line cloned and added to canvas.
11/17/2025 11:13 AM // INFO // [EXPORT] // Child element of type TextBlock cloned and added to canvas.
11/17/2025 11:13 AM // INFO // [EXPORT] // Child element of type Line cloned and added to canvas.
11/17/2025 11:13 AM // INFO // [EXPORT] // Child element of type Line cloned and added to canvas.
11/17/2025 11:13 AM // INFO // [EXPORT] // Child element of type TextBlock cloned and added to canvas.
11/17/2025 11:13 AM // INFO // [EXPORT] // Child element of type Line cloned and added to canvas.
11/17/2025 11:13 AM // INFO // [EXPORT] // Child element of type Line cloned and added to canvas.
11/17/2025 11:13 AM // INFO // [EXPORT] // Child element of type TextBlock cloned and added to canvas.
11/17/2025 11:13 AM // INFO // [EXPORT] // Child element of type Line cloned and added to canvas.
11/17/2025 11:13 AM // INFO // [EXPORT] // Child element of type Line cloned and added to canvas.
11/17/2025 11:13 AM // INFO // [EXPORT] // Child element of type TextBlock cloned and added to canvas.
11/17/2025 11:13 AM // INFO // [EXPORT] // Child element of type Line cloned and added to canvas.
11/17/2025 11:13 AM // INFO // [EXPORT] // Child element of type Line cloned and added to canvas.
11/17/2025 11:13 AM // INFO // [EXPORT] // Child element of type TextBlock cloned and added to canvas.
11/17/2025 11:13 AM // INFO // [EXPORT] // Child element of type Line cloned and added to canvas.
11/17/2025 11:13 AM // INFO // [EXPORT] // Child element of type Line cloned and added to canvas.
11/17/2025 11:13 AM // INFO // [EXPORT] // Child element of type TextBlock cloned and added to canvas.
11/17/2025 11:13 AM // INFO // [EXPORT] // Child element of type Line cloned and added to canvas.
11/17/2025 11:13 AM // INFO // [EXPORT] // Canvas cloned with 197 children.
11/17/2025 11:13 AM // INFO // [EXPORT] // Gantt Chart combined panel measured and arranged with size 1272x140.
11/17/2025 11:13 AM // INFO // [EXPORT] // Gantt Chart combined RenderTargetBitmap created with size 1272x140 at 96 DPI.
11/17/2025 11:13 AM // INFO // [EXPORT] // Gantt Chart JpegBitmapEncoder created and frame added.
11/17/2025 11:13 AM // INFO // [EXPORT] // Gantt Chart exported successfully as C:\Users\Phant0m\Desktop\THESIS_LIPX05\gantt chart_20251117_111028.jpg.
11/17/2025 11:13 AM // INFO // [EXPORT] // Gantt chart exported as JPEG file!
