10/21/2025 11:55 PM // INFO // [INITIALIZATION] // Beginning initialization...
10/21/2025 11:55 PM // INFO // [SAVE] // Custom solvers loaded from JSON file!
10/21/2025 11:55 PM // INFO // [INITIALIZATION] // Johnson's Rule solver added!
10/21/2025 11:55 PM // INFO // [INITIALIZATION] // List Scheduling solver added!
10/21/2025 11:55 PM // INFO // [INITIALIZATION] // {cs.Name} ({cs.TypeID} type) solver added!
10/21/2025 11:55 PM // INFO // [INITIALIZATION] // Solver menu successfully built!
10/21/2025 11:55 PM // INFO // [CONSTRAINT] // Saving and closing are disabled for as long as there are no files opened.
10/21/2025 11:55 PM // INFO // [INITIALIZATION] // Initialization complete!
10/21/2025 11:55 PM // WARNING // [S_GRAPH] // No BatchML file loaded, drawing example S-Graph!
10/21/2025 11:55 PM // INFO // [CLEAR] // SGraphCanvas has been cleared!
10/21/2025 11:55 PM // INFO // [CLEAR] // GanttCanvas has been cleared!
10/21/2025 11:55 PM // INFO // [CLEAR] // RulerCanvas has been cleared!
10/21/2025 11:55 PM // INFO // [CLEAR] // S-Graph nodes cleared!
10/21/2025 11:55 PM // INFO // [CLEAR] // S-Graph edges cleared!
10/21/2025 11:55 PM // INFO // [S_GRAPH] // Node J2_M1 at 100;70
10/21/2025 11:55 PM // INFO // [S_GRAPH] // Node J2_M2 at 400;70
10/21/2025 11:55 PM // INFO // [S_GRAPH] // Node J1_M1 at 100;220
10/21/2025 11:55 PM // INFO // [S_GRAPH] // Node J1_M2 at 400;220
10/21/2025 11:55 PM // INFO // [S_GRAPH] // Node J3_M1 at 100;370
10/21/2025 11:55 PM // INFO // [S_GRAPH] // Node J3_M2 at 400;370
10/21/2025 11:55 PM // INFO // [S_GRAPH] // Node Prod_M1 at 100;520
10/21/2025 11:55 PM // INFO // [S_GRAPH] // Node Prod_M2 at 400;520
10/21/2025 11:55 PM // INFO // [S_GRAPH] // Technological edge J2_M1 to J2_M2 set to fixed curve 50.
10/21/2025 11:55 PM // INFO // [S_GRAPH] // Edge drawn from (170,0;105,0) to (400,0;105,0)!
10/21/2025 11:55 PM // INFO // [S_GRAPH] // Edge from J2_M1 to J2_M2 with cost 0 drawn.
10/21/2025 11:55 PM // INFO // [S_GRAPH] // Technological edge J1_M1 to J1_M2 set to fixed curve 50.
10/21/2025 11:55 PM // INFO // [S_GRAPH] // Edge drawn from (170,0;255,0) to (400,0;255,0)!
10/21/2025 11:55 PM // INFO // [S_GRAPH] // Edge from J1_M1 to J1_M2 with cost 0 drawn.
10/21/2025 11:55 PM // INFO // [S_GRAPH] // Technological edge J3_M1 to J3_M2 set to fixed curve 50.
10/21/2025 11:55 PM // INFO // [S_GRAPH] // Edge drawn from (170,0;405,0) to (400,0;405,0)!
10/21/2025 11:55 PM // INFO // [S_GRAPH] // Edge from J3_M1 to J3_M2 with cost 0 drawn.
10/21/2025 11:55 PM // INFO // [S_GRAPH] // Canvas resized to 520x640!
10/21/2025 11:55 PM // INFO // [S_GRAPH] // Example Flow Shop S-Graph drawn!
10/21/2025 11:55 PM // INFO // [INITIALIZATION] // Johnson's Rule solver enabled!
10/21/2025 11:55 PM // INFO // [INITIALIZATION] // List Scheduling solver enabled!
10/21/2025 11:55 PM // INFO // [INITIALIZATION] // Simulated Annealing solver enabled!
10/21/2025 11:55 PM // INFO // [INITIALIZATION] //  solver enabled!
10/21/2025 11:55 PM // INFO // [CONSTRAINT] // Saving and closing are disabled for as long as there are no files opened.
10/21/2025 11:55 PM // INFO // [EXTERN_SOLVER] // Simulated Annealing custom solver selected!
10/21/2025 11:55 PM // INFO // [S_GRAPH] // C:\Users\Phant0m\Desktop\THESIS_LIPX05\Thesis_LIPX05\bin\Debug\net9.0-windows\SolverTemp successfully discovered!
10/21/2025 11:55 PM // INFO // [S_GRAPH] // SGraph saved to C:\Users\Phant0m\Desktop\THESIS_LIPX05\Thesis_LIPX05\bin\Debug\net9.0-windows\SolverTemp\SGraph_70333d83-e794-4c52-ab37-0962d03aa4d8.xml!
10/21/2025 11:55 PM // INFO // [Simulated Annealing] // Gathering parameters for Simulated Annealing
10/21/2025 11:55 PM // INFO // [Simulated Annealing] // Parameters gathered: 1000, 0.995, 5000
10/21/2025 11:55 PM // INFO // [LOAD] // Loading solution from C:\Users\Phant0m\Desktop\THESIS_LIPX05\Thesis_LIPX05\bin\Debug\net9.0-windows\SolverTemp\SimulatedAnnealing_Solution.txt...
10/21/2025 11:55 PM // INFO // [LOAD] // Node J1_M1 added to solution path from file.
10/21/2025 11:55 PM // INFO // [LOAD] // Node J1_M2 added to solution path from file.
10/21/2025 11:55 PM // INFO // [LOAD] // Node J2_M1 added to solution path from file.
10/21/2025 11:55 PM // INFO // [LOAD] // Node J2_M2 added to solution path from file.
10/21/2025 11:55 PM // INFO // [LOAD] // Node J3_M1 added to solution path from file.
10/21/2025 11:55 PM // INFO // [LOAD] // Node J3_M2 added to solution path from file.
10/21/2025 11:55 PM // INFO // [LOAD] // Node Prod_M1 appended to solution path.
10/21/2025 11:55 PM // INFO // [LOAD] // Node Prod_M2 appended to solution path.
10/21/2025 11:55 PM // INFO // [LOAD] // Total of 8 nodes loaded from solution file.
10/21/2025 11:55 PM // INFO // [S_GRAPH] // Node J2_M1 at 100;70
10/21/2025 11:55 PM // INFO // [S_GRAPH] // Node J2_M2 at 400;70
10/21/2025 11:55 PM // INFO // [S_GRAPH] // Node J1_M1 at 100;220
10/21/2025 11:55 PM // INFO // [S_GRAPH] // Node J1_M2 at 400;220
10/21/2025 11:55 PM // INFO // [S_GRAPH] // Node J3_M1 at 100;370
10/21/2025 11:55 PM // INFO // [S_GRAPH] // Node J3_M2 at 400;370
10/21/2025 11:55 PM // INFO // [S_GRAPH] // Node Prod_M1 at 100;520
10/21/2025 11:55 PM // INFO // [S_GRAPH] // Node Prod_M2 at 400;520
10/21/2025 11:55 PM // INFO // [S_GRAPH] // Technological edge J2_M1 to J2_M2 set to fixed curve 50.
10/21/2025 11:55 PM // INFO // [S_GRAPH] // Edge drawn from (170,0;105,0) to (400,0;105,0)!
10/21/2025 11:55 PM // INFO // [S_GRAPH] // Edge from J2_M1 to J2_M2 with cost 0 drawn.
10/21/2025 11:55 PM // INFO // [S_GRAPH] // Technological edge J1_M1 to J1_M2 set to fixed curve 50.
10/21/2025 11:55 PM // INFO // [S_GRAPH] // Edge drawn from (170,0;255,0) to (400,0;255,0)!
10/21/2025 11:55 PM // INFO // [S_GRAPH] // Edge from J1_M1 to J1_M2 with cost 0 drawn.
10/21/2025 11:55 PM // INFO // [S_GRAPH] // Technological edge J3_M1 to J3_M2 set to fixed curve 50.
10/21/2025 11:55 PM // INFO // [S_GRAPH] // Edge drawn from (170,0;405,0) to (400,0;405,0)!
10/21/2025 11:55 PM // INFO // [S_GRAPH] // Edge from J3_M1 to J3_M2 with cost 0 drawn.
10/21/2025 11:55 PM // INFO // [S_GRAPH] // Canvas resized to 520x640!
10/21/2025 11:55 PM // INFO // [S_GRAPH] // S-graph re-rendered with Simulated Annealing sequence.
10/21/2025 11:55 PM // INFO // [GANTT] // Node J1_M1 EST is 0 (no predecessors.)
10/21/2025 11:55 PM // INFO // [GANTT] // Node J1_M2 EST is determined by J1_M1 (EST: 3,00).
10/21/2025 11:55 PM // INFO // [GANTT] // Node J2_M1 EST is 0 (no predecessors.)
10/21/2025 11:55 PM // INFO // [GANTT] // Node J2_M2 EST is determined by J2_M1 (EST: 2,00).
10/21/2025 11:55 PM // INFO // [GANTT] // Node J3_M1 EST is 0 (no predecessors.)
10/21/2025 11:55 PM // INFO // [GANTT] // Node J3_M2 EST is determined by J3_M1 (EST: 3,00).
10/21/2025 11:55 PM // WARNING // [GANTT] // Node Prod_M1 has non-positive duration (0), skipping...
10/21/2025 11:55 PM // WARNING // [GANTT] // Node Prod_M2 has non-positive duration (0), skipping...
10/21/2025 11:55 PM // INFO // [GANTT] // Gantt chart built with 6 items from path with 8 nodes.
10/21/2025 11:55 PM // INFO // [GANTT] // Gantt data built with 6 items from optimized path using Simulated Annealing!
10/21/2025 11:55 PM // INFO // [GANTT] // Canvases are ready to be used!
10/21/2025 11:55 PM // INFO // [GANTT] // Ruler drawn: 7 ticks and 4 labels.
10/21/2025 11:55 PM // INFO // [GANTT] // Gantt chart rendered with 6 items on canvas.
10/21/2025 11:55 PM // INFO // [GANTT] // Canvas resized to 160x110 to fit all Gantt items.
10/21/2025 11:55 PM // INFO // [GANTT] // Simulated Annealing schedule rendered successfully!
10/21/2025 11:55 PM // INFO // [GANTT] // Gantt chart rendered with 6 items on canvas.
10/21/2025 11:55 PM // INFO // [GANTT] // Canvas resized to 158,84674023931308x110 to fit all Gantt items.
10/21/2025 11:55 PM // INFO // [GANTT] // Canvases are ready to be used!
10/21/2025 11:55 PM // INFO // [GANTT] // Ruler drawn: 7 ticks and 4 labels.
10/21/2025 11:55 PM // INFO // [MODIFY] // Zoom level changed to -0,028000000000000025, scale set to 9,807790039885514!
10/21/2025 11:55 PM // INFO // [MODIFY] // Zoom slider clicked at position 493, setting value to -0,028000000000000025!
10/21/2025 11:55 PM // INFO // [GANTT] // Gantt chart rendered with 6 items on canvas.
10/21/2025 11:55 PM // INFO // [GANTT] // Canvas resized to 159,0119442055897x110 to fit all Gantt items.
10/21/2025 11:55 PM // INFO // [GANTT] // Canvases are ready to be used!
10/21/2025 11:55 PM // INFO // [GANTT] // Ruler drawn: 7 ticks and 4 labels.
10/21/2025 11:55 PM // INFO // [MODIFY] // Zoom level changed to -0,023955510616784657, scale set to 9,83532403426495!
10/21/2025 11:55 PM // INFO // [GANTT] // Gantt chart rendered with 6 items on canvas.
10/21/2025 11:55 PM // INFO // [GANTT] // Canvas resized to 159,17761195882144x110 to fit all Gantt items.
10/21/2025 11:55 PM // INFO // [GANTT] // Canvases are ready to be used!
10/21/2025 11:55 PM // INFO // [GANTT] // Ruler drawn: 7 ticks and 4 labels.
10/21/2025 11:55 PM // INFO // [MODIFY] // Zoom level changed to -0,01991102123356929, scale set to 9,86293532647024!
10/21/2025 11:55 PM // INFO // [GANTT] // Gantt chart rendered with 6 items on canvas.
10/21/2025 11:55 PM // INFO // [GANTT] // Canvas resized to 159,34374480102508x110 to fit all Gantt items.
10/21/2025 11:55 PM // INFO // [GANTT] // Canvases are ready to be used!
10/21/2025 11:55 PM // INFO // [GANTT] // Ruler drawn: 7 ticks and 4 labels.
10/21/2025 11:55 PM // INFO // [MODIFY] // Zoom level changed to -0,015866531850353922, scale set to 9,89062413350418!
10/21/2025 11:55 PM // INFO // [GANTT] // Gantt chart rendered with 6 items on canvas.
10/21/2025 11:55 PM // INFO // [GANTT] // Canvas resized to 159,6774109787017x110 to fit all Gantt items.
10/21/2025 11:55 PM // INFO // [GANTT] // Canvases are ready to be used!
10/21/2025 11:55 PM // INFO // [GANTT] // Ruler drawn: 7 ticks and 4 labels.
10/21/2025 11:55 PM // INFO // [MODIFY] // Zoom level changed to -0,007777553083923184, scale set to 9,94623516311695!
10/21/2025 11:55 PM // INFO // [GANTT] // Gantt chart rendered with 6 items on canvas.
10/21/2025 11:55 PM // INFO // [GANTT] // Canvas resized to 159,8449469365255x110 to fit all Gantt items.
10/21/2025 11:55 PM // INFO // [GANTT] // Canvases are ready to be used!
10/21/2025 11:55 PM // INFO // [GANTT] // Ruler drawn: 7 ticks and 4 labels.
10/21/2025 11:55 PM // INFO // [MODIFY] // Zoom level changed to -0,0037330637007078147, scale set to 9,974157822754252!
10/21/2025 11:55 PM // INFO // [GANTT] // Gantt chart rendered with 6 items on canvas.
10/21/2025 11:55 PM // INFO // [GANTT] // Canvas resized to 160,01295322804347x110 to fit all Gantt items.
10/21/2025 11:55 PM // INFO // [GANTT] // Canvases are ready to be used!
10/21/2025 11:55 PM // INFO // [GANTT] // Ruler drawn: 7 ticks and 4 labels.
10/21/2025 11:55 PM // INFO // [MODIFY] // Zoom level changed to 0,00031142568250755454, scale set to 10,00215887134058!
10/21/2025 11:55 PM // INFO // [GANTT] // Gantt chart rendered with 6 items on canvas.
10/21/2025 11:55 PM // INFO // [GANTT] // Canvas resized to 160,35038209745215x110 to fit all Gantt items.
10/21/2025 11:55 PM // INFO // [GANTT] // Canvases are ready to be used!
10/21/2025 11:55 PM // INFO // [GANTT] // Ruler drawn: 7 ticks and 4 labels.
10/21/2025 11:55 PM // INFO // [MODIFY] // Zoom level changed to 0,008400404448938293, scale set to 10,058397016242026!
10/21/2025 11:55 PM // INFO // [GANTT] // Gantt chart rendered with 6 items on canvas.
10/21/2025 11:55 PM // INFO // [GANTT] // Canvas resized to 160,51980732726545x110 to fit all Gantt items.
10/21/2025 11:55 PM // INFO // [GANTT] // Canvases are ready to be used!
10/21/2025 11:55 PM // INFO // [GANTT] // Ruler drawn: 7 ticks and 4 labels.
10/21/2025 11:55 PM // INFO // [MODIFY] // Zoom level changed to 0,012444893832153662, scale set to 10,086634554544244!
10/21/2025 11:55 PM // INFO // [GANTT] // Gantt chart rendered with 6 items on canvas.
10/21/2025 11:55 PM // INFO // [GANTT] // Canvas resized to 160,86008603485834x110 to fit all Gantt items.
10/21/2025 11:55 PM // INFO // [GANTT] // Canvases are ready to be used!
10/21/2025 11:55 PM // INFO // [GANTT] // Ruler drawn: 7 ticks and 4 labels.
10/21/2025 11:55 PM // INFO // [MODIFY] // Zoom level changed to 0,0205338725985844, scale set to 10,143347672476388!
10/21/2025 11:55 PM // INFO // [GANTT] // Gantt chart rendered with 6 items on canvas.
10/21/2025 11:55 PM // INFO // [GANTT] // Canvas resized to 161,030942186958x110 to fit all Gantt items.
10/21/2025 11:55 PM // INFO // [GANTT] // Canvases are ready to be used!
10/21/2025 11:55 PM // INFO // [GANTT] // Ruler drawn: 7 ticks and 4 labels.
10/21/2025 11:55 PM // INFO // [MODIFY] // Zoom level changed to 0,024578361981799766, scale set to 10,171823697826328!
10/21/2025 11:55 PM // INFO // [GANTT] // Gantt chart rendered with 6 items on canvas.
10/21/2025 11:55 PM // INFO // [GANTT] // Canvas resized to 161,3740948017416x110 to fit all Gantt items.
10/21/2025 11:55 PM // INFO // [GANTT] // Canvases are ready to be used!
10/21/2025 11:55 PM // INFO // [GANTT] // Ruler drawn: 7 ticks and 4 labels.
10/21/2025 11:55 PM // INFO // [MODIFY] // Zoom level changed to 0,03266734074823051, scale set to 10,229015800290268!
10/21/2025 11:55 PM // INFO // [GANTT] // Gantt chart rendered with 6 items on canvas.
10/21/2025 11:55 PM // INFO // [GANTT] // Canvas resized to 161,5463939613323x110 to fit all Gantt items.
10/21/2025 11:55 PM // INFO // [GANTT] // Canvases are ready to be used!
10/21/2025 11:55 PM // INFO // [GANTT] // Ruler drawn: 7 ticks and 4 labels.
10/21/2025 11:55 PM // INFO // [MODIFY] // Zoom level changed to 0,036711830131445876, scale set to 10,257732326888718!
10/21/2025 11:55 PM // INFO // [GANTT] // Gantt chart rendered with 6 items on canvas.
10/21/2025 11:55 PM // INFO // [GANTT] // Canvas resized to 161,7191768266378x110 to fit all Gantt items.
10/21/2025 11:55 PM // INFO // [GANTT] // Canvases are ready to be used!
10/21/2025 11:55 PM // INFO // [GANTT] // Ruler drawn: 7 ticks and 4 labels.
10/21/2025 11:55 PM // INFO // [MODIFY] // Zoom level changed to 0,04075631951466124, scale set to 10,286529471106299!
10/21/2025 11:55 PM // INFO // [GANTT] // Gantt chart rendered with 6 items on canvas.
10/21/2025 11:55 PM // INFO // [GANTT] // Canvas resized to 162,240441255274x110 to fit all Gantt items.
10/21/2025 11:55 PM // INFO // [GANTT] // Canvases are ready to be used!
10/21/2025 11:55 PM // INFO // [GANTT] // Ruler drawn: 7 ticks and 4 labels.
10/21/2025 11:55 PM // INFO // [MODIFY] // Zoom level changed to 0,05288978766430735, scale set to 10,373406875878999!
10/21/2025 11:55 PM // INFO // [GANTT] // Gantt chart rendered with 6 items on canvas.
10/21/2025 11:55 PM // INFO // [GANTT] // Canvas resized to 162,41517256097356x110 to fit all Gantt items.
10/21/2025 11:55 PM // INFO // [GANTT] // Canvases are ready to be used!
10/21/2025 11:55 PM // INFO // [GANTT] // Ruler drawn: 7 ticks and 4 labels.
10/21/2025 11:55 PM // INFO // [MODIFY] // Zoom level changed to 0,05693427704752272, scale set to 10,402528760162259!
10/21/2025 11:55 PM // INFO // [GANTT] // Gantt chart rendered with 6 items on canvas.
10/21/2025 11:55 PM // INFO // [GANTT] // Canvas resized to 162,7661081503482x110 to fit all Gantt items.
10/21/2025 11:55 PM // INFO // [GANTT] // Canvases are ready to be used!
10/21/2025 11:55 PM // INFO // [GANTT] // Ruler drawn: 7 ticks and 4 labels.
10/21/2025 11:55 PM // INFO // [MODIFY] // Zoom level changed to 0,06502325581395346, scale set to 10,461018025058035!
10/21/2025 11:55 PM // INFO // [GANTT] // Gantt chart rendered with 6 items on canvas.
10/21/2025 11:55 PM // INFO // [GANTT] // Canvas resized to 163,29621469396932x110 to fit all Gantt items.
10/21/2025 11:55 PM // INFO // [GANTT] // Canvases are ready to be used!
10/21/2025 11:55 PM // INFO // [GANTT] // Ruler drawn: 7 ticks and 4 labels.
10/21/2025 11:55 PM // INFO // [MODIFY] // Zoom level changed to 0,07715672396359957, scale set to 10,549369115661555!
10/21/2025 11:55 PM // INFO // [GANTT] // Gantt chart rendered with 6 items on canvas.
10/21/2025 11:55 PM // INFO // [GANTT] // Canvas resized to 163,83079838227684x110 to fit all Gantt items.
10/21/2025 11:55 PM // INFO // [GANTT] // Canvases are ready to be used!
10/21/2025 11:55 PM // INFO // [GANTT] // Ruler drawn: 7 ticks and 4 labels.
10/21/2025 11:55 PM // INFO // [MODIFY] // Zoom level changed to 0,08929019211324568, scale set to 10,638466397046138!
10/21/2025 11:55 PM // INFO // [GANTT] // Gantt chart rendered with 6 items on canvas.
10/21/2025 11:55 PM // INFO // [GANTT] // Canvas resized to 164,36989702809302x110 to fit all Gantt items.
10/21/2025 11:55 PM // INFO // [GANTT] // Canvases are ready to be used!
10/21/2025 11:55 PM // INFO // [GANTT] // Ruler drawn: 7 ticks and 4 labels.
10/21/2025 11:55 PM // INFO // [MODIFY] // Zoom level changed to 0,10142366026289179, scale set to 10,728316171348837!
10/21/2025 11:55 PM // INFO // [GANTT] // Gantt chart rendered with 6 items on canvas.
10/21/2025 11:55 PM // INFO // [GANTT] // Canvas resized to 164,5506064820851x110 to fit all Gantt items.
10/21/2025 11:55 PM // INFO // [GANTT] // Canvases are ready to be used!
10/21/2025 11:55 PM // INFO // [GANTT] // Ruler drawn: 7 ticks and 4 labels.
10/21/2025 11:55 PM // INFO // [MODIFY] // Zoom level changed to 0,10546814964610716, scale set to 10,758434413680849!
10/21/2025 11:55 PM // INFO // [GANTT] // Gantt chart rendered with 6 items on canvas.
10/21/2025 11:55 PM // INFO // [GANTT] // Canvas resized to 164,91354876359767x110 to fit all Gantt items.
10/21/2025 11:55 PM // INFO // [GANTT] // Canvases are ready to be used!
10/21/2025 11:55 PM // INFO // [GANTT] // Ruler drawn: 7 ticks and 4 labels.
10/21/2025 11:55 PM // INFO // [MODIFY] // Zoom level changed to 0,1135571284125379, scale set to 10,818924793932947!
10/21/2025 11:55 PM // INFO // [GANTT] // Gantt chart rendered with 6 items on canvas.
10/21/2025 11:55 PM // INFO // [GANTT] // Canvas resized to 165,46179204302524x110 to fit all Gantt items.
10/21/2025 11:55 PM // INFO // [GANTT] // Canvases are ready to be used!
10/21/2025 11:55 PM // INFO // [GANTT] // Ruler drawn: 7 ticks and 4 labels.
10/21/2025 11:55 PM // INFO // [MODIFY] // Zoom level changed to 0,125690596562184, scale set to 10,91029867383754!
10/21/2025 11:55 PM // INFO // [GANTT] // Gantt chart rendered with 6 items on canvas.
10/21/2025 11:55 PM // INFO // [GANTT] // Canvas resized to 166,19999255648798x110 to fit all Gantt items.
10/21/2025 11:55 PM // INFO // [GANTT] // Canvases are ready to be used!
10/21/2025 11:55 PM // INFO // [GANTT] // Ruler drawn: 7 ticks and 4 labels.
10/21/2025 11:55 PM // INFO // [MODIFY] // Zoom level changed to 0,14186855409504548, scale set to 11,033332092747996!
10/21/2025 11:55 PM // INFO // [GANTT] // Gantt chart rendered with 6 items on canvas.
10/21/2025 11:55 PM // INFO // [GANTT] // Canvas resized to 166,75910081213772x110 to fit all Gantt items.
10/21/2025 11:55 PM // INFO // [GANTT] // Canvases are ready to be used!
10/21/2025 11:55 PM // INFO // [GANTT] // Ruler drawn: 7 ticks and 4 labels.
10/21/2025 11:55 PM // INFO // [MODIFY] // Zoom level changed to 0,1540020222446916, scale set to 11,126516802022952!
10/21/2025 11:55 PM // INFO // [GANTT] // Gantt chart rendered with 6 items on canvas.
10/21/2025 11:55 PM // INFO // [GANTT] // Canvas resized to 167,32293115353798x110 to fit all Gantt items.
10/21/2025 11:55 PM // INFO // [GANTT] // Canvases are ready to be used!
10/21/2025 11:55 PM // INFO // [GANTT] // Ruler drawn: 7 ticks and 4 labels.
10/21/2025 11:55 PM // INFO // [MODIFY] // Zoom level changed to 0,1661354903943377, scale set to 11,22048852558966!
10/21/2025 11:55 PM // INFO // [GANTT] // Gantt chart rendered with 6 items on canvas.
10/21/2025 11:55 PM // INFO // [GANTT] // Canvas resized to 168,08211938829777x110 to fit all Gantt items.
10/21/2025 11:55 PM // INFO // [GANTT] // Canvases are ready to be used!
10/21/2025 11:55 PM // INFO // [GANTT] // Ruler drawn: 7 ticks and 4 labels.
10/21/2025 11:55 PM // INFO // [MODIFY] // Zoom level changed to 0,18231344792719917, scale set to 11,347019898049629!
10/21/2025 11:55 PM // INFO // [GANTT] // Gantt chart rendered with 6 items on canvas.
10/21/2025 11:55 PM // INFO // [GANTT] // Canvas resized to 169,62627607681728x110 to fit all Gantt items.
10/21/2025 11:55 PM // INFO // [GANTT] // Canvases are ready to be used!
10/21/2025 11:55 PM // INFO // [GANTT] // Ruler drawn: 7 ticks and 4 labels.
10/21/2025 11:55 PM // INFO // [MODIFY] // Zoom level changed to 0,2146693629929221, scale set to 11,604379346136213!
10/21/2025 11:55 PM // INFO // [GANTT] // Gantt chart rendered with 6 items on canvas.
10/21/2025 11:55 PM // INFO // [GANTT] // Canvas resized to 170,01775682145689x110 to fit all Gantt items.
10/21/2025 11:55 PM // INFO // [GANTT] // Canvases are ready to be used!
10/21/2025 11:55 PM // INFO // [GANTT] // Ruler drawn: 7 ticks and 4 labels.
10/21/2025 11:55 PM // INFO // [MODIFY] // Zoom level changed to 0,22275834175935286, scale set to 11,669626136909484!
10/21/2025 11:55 PM // INFO // [GANTT] // Gantt chart rendered with 6 items on canvas.
10/21/2025 11:55 PM // INFO // [GANTT] // Canvas resized to 171,00611576186185x110 to fit all Gantt items.
10/21/2025 11:55 PM // INFO // [GANTT] // Canvases are ready to be used!
10/21/2025 11:55 PM // INFO // [GANTT] // Ruler drawn: 7 ticks and 4 labels.
10/21/2025 11:55 PM // INFO // [MODIFY] // Zoom level changed to 0,24298078867542972, scale set to 11,834352626976974!
10/21/2025 11:55 PM // INFO // [GANTT] // Gantt chart rendered with 6 items on canvas.
10/21/2025 11:55 PM // INFO // [GANTT] // Canvas resized to 171,20545546880317x110 to fit all Gantt items.
10/21/2025 11:55 PM // INFO // [GANTT] // Canvases are ready to be used!
10/21/2025 11:55 PM // INFO // [GANTT] // Ruler drawn: 7 ticks and 4 labels.
10/21/2025 11:55 PM // INFO // [MODIFY] // Zoom level changed to 0,24702527805864508, scale set to 11,867575911467194!
10/21/2025 11:55 PM // INFO // [GANTT] // Gantt chart rendered with 6 items on canvas.
10/21/2025 11:55 PM // INFO // [GANTT] // Canvas resized to 172,00842621170418x110 to fit all Gantt items.
10/21/2025 11:55 PM // INFO // [GANTT] // Canvases are ready to be used!
10/21/2025 11:55 PM // INFO // [GANTT] // Ruler drawn: 7 ticks and 4 labels.
10/21/2025 11:55 PM // INFO // [MODIFY] // Zoom level changed to 0,26320323559150655, scale set to 12,001404368617361!
10/21/2025 11:55 PM // INFO // [GANTT] // Gantt chart rendered with 6 items on canvas.
10/21/2025 11:55 PM // INFO // [GANTT] // Canvas resized to 172,41330083522394x110 to fit all Gantt items.
10/21/2025 11:55 PM // INFO // [GANTT] // Canvases are ready to be used!
10/21/2025 11:55 PM // INFO // [GANTT] // Ruler drawn: 7 ticks and 4 labels.
10/21/2025 11:55 PM // INFO // [MODIFY] // Zoom level changed to 0,27129221435793727, scale set to 12,068883472537323!
10/21/2025 11:55 PM // INFO // [GANTT] // Gantt chart rendered with 6 items on canvas.
10/21/2025 11:55 PM // INFO // [GANTT] // Canvas resized to 173,22989222677887x110 to fit all Gantt items.
10/21/2025 11:55 PM // INFO // [GANTT] // Canvases are ready to be used!
10/21/2025 11:55 PM // INFO // [GANTT] // Ruler drawn: 7 ticks and 4 labels.
10/21/2025 11:55 PM // INFO // [MODIFY] // Zoom level changed to 0,28747017189079876, scale set to 12,20498203779648!
10/21/2025 11:55 PM // INFO // [GANTT] // Gantt chart rendered with 6 items on canvas.
10/21/2025 11:55 PM // INFO // [GANTT] // Canvas resized to 173,64163466590043x110 to fit all Gantt items.
10/21/2025 11:55 PM // INFO // [GANTT] // Canvases are ready to be used!
10/21/2025 11:55 PM // INFO // [GANTT] // Ruler drawn: 7 ticks and 4 labels.
10/21/2025 11:55 PM // INFO // [MODIFY] // Zoom level changed to 0,2955591506572295, scale set to 12,273605777650069!
10/21/2025 11:55 PM // INFO // [GANTT] // Gantt chart rendered with 6 items on canvas.
10/21/2025 11:55 PM // INFO // [GANTT] // Canvas resized to 174,05569216832492x110 to fit all Gantt items.
10/21/2025 11:55 PM // INFO // [GANTT] // Canvases are ready to be used!
10/21/2025 11:55 PM // INFO // [GANTT] // Ruler drawn: 7 ticks and 4 labels.
10/21/2025 11:55 PM // INFO // [MODIFY] // Zoom level changed to 0,3036481294236602, scale set to 12,342615361387486!
10/21/2025 11:55 PM // INFO // [GANTT] // Gantt chart rendered with 6 items on canvas.
10/21/2025 11:55 PM // INFO // [GANTT] // Canvas resized to 174,890804502976x110 to fit all Gantt items.
10/21/2025 11:55 PM // INFO // [GANTT] // Canvases are ready to be used!
10/21/2025 11:55 PM // INFO // [GANTT] // Ruler drawn: 7 ticks and 4 labels.
10/21/2025 11:55 PM // INFO // [MODIFY] // Zoom level changed to 0,3198260869565217, scale set to 12,481800750496001!
10/21/2025 11:55 PM // INFO // [GANTT] // Gantt chart rendered with 6 items on canvas.
10/21/2025 11:55 PM // INFO // [GANTT] // Canvas resized to 175,5233131401052x110 to fit all Gantt items.
10/21/2025 11:55 PM // INFO // [GANTT] // Canvases are ready to be used!
10/21/2025 11:55 PM // INFO // [GANTT] // Ruler drawn: 7 ticks and 4 labels.
10/21/2025 11:55 PM // INFO // [MODIFY] // Zoom level changed to 0,3319595551061678, scale set to 12,587218856684196!
10/21/2025 11:55 PM // INFO // [GANTT] // Gantt chart rendered with 6 items on canvas.
10/21/2025 11:55 PM // INFO // [GANTT] // Canvas resized to 176,37497556483365x110 to fit all Gantt items.
10/21/2025 11:55 PM // INFO // [GANTT] // Canvases are ready to be used!
10/21/2025 11:55 PM // INFO // [GANTT] // Ruler drawn: 7 ticks and 4 labels.
10/21/2025 11:55 PM // INFO // [MODIFY] // Zoom level changed to 0,34813751263902976, scale set to 12,729162594138941!
10/21/2025 11:55 PM // INFO // [GANTT] // Gantt chart rendered with 6 items on canvas.
10/21/2025 11:55 PM // INFO // [GANTT] // Canvas resized to 176,804401551554x110 to fit all Gantt items.
10/21/2025 11:55 PM // INFO // [GANTT] // Canvases are ready to be used!
10/21/2025 11:55 PM // INFO // [GANTT] // Ruler drawn: 7 ticks and 4 labels.
10/21/2025 11:55 PM // INFO // [MODIFY] // Zoom level changed to 0,35622649140546003, scale set to 12,800733591925669!
10/21/2025 11:55 PM // INFO // [GANTT] // Gantt chart rendered with 6 items on canvas.
10/21/2025 11:55 PM // INFO // [GANTT] // Canvas resized to 177,6705105731997x110 to fit all Gantt items.
10/21/2025 11:55 PM // INFO // [GANTT] // Canvases are ready to be used!
10/21/2025 11:55 PM // INFO // [GANTT] // Ruler drawn: 7 ticks and 4 labels.
10/21/2025 11:55 PM // INFO // [MODIFY] // Zoom level changed to 0,372404448938322, scale set to 12,94508509553328!
10/21/2025 11:55 PM // INFO // [GANTT] // Gantt chart rendered with 6 items on canvas.
10/21/2025 11:55 PM // INFO // [GANTT] // Canvas resized to 178,10722083589113x110 to fit all Gantt items.
10/21/2025 11:55 PM // INFO // [GANTT] // Canvases are ready to be used!
10/21/2025 11:55 PM // INFO // [GANTT] // Ruler drawn: 7 ticks and 4 labels.
10/21/2025 11:55 PM // INFO // [MODIFY] // Zoom level changed to 0,38049342770475225, scale set to 13,017870139315189!
10/21/2025 11:55 PM // INFO // [GANTT] // Gantt chart rendered with 6 items on canvas.
10/21/2025 11:55 PM // INFO // [GANTT] // Canvas resized to 179,20976929685068x110 to fit all Gantt items.
10/21/2025 11:55 PM // INFO // [GANTT] // Canvases are ready to be used!
10/21/2025 11:55 PM // INFO // [GANTT] // Ruler drawn: 7 ticks and 4 labels.
10/21/2025 11:55 PM // INFO // [MODIFY] // Zoom level changed to 0,4007158746208296, scale set to 13,201628216141781!
10/21/2025 11:55 PM // INFO // [GANTT] // Gantt chart rendered with 6 items on canvas.
10/21/2025 11:55 PM // INFO // [GANTT] // Canvas resized to 179,87875480926127x110 to fit all Gantt items.
10/21/2025 11:55 PM // INFO // [GANTT] // Canvases are ready to be used!
10/21/2025 11:55 PM // INFO // [GANTT] // Ruler drawn: 7 ticks and 4 labels.
10/21/2025 11:55 PM // INFO // [MODIFY] // Zoom level changed to 0,41284934277047525, scale set to 13,313125801543544!
10/21/2025 11:55 PM // INFO // [GANTT] // Gantt chart rendered with 6 items on canvas.
10/21/2025 11:55 PM // INFO // [GANTT] // Canvas resized to 180,32788114741433x110 to fit all Gantt items.
10/21/2025 11:55 PM // INFO // [GANTT] // Canvases are ready to be used!
10/21/2025 11:55 PM // INFO // [GANTT] // Ruler drawn: 7 ticks and 4 labels.
10/21/2025 11:55 PM // INFO // [MODIFY] // Zoom level changed to 0,42093832153690597, scale set to 13,387980191235723!
10/21/2025 11:55 PM // INFO // [GANTT] // Gantt chart rendered with 6 items on canvas.
10/21/2025 11:55 PM // INFO // [GANTT] // Canvas resized to 181,233723796351x110 to fit all Gantt items.
10/21/2025 11:55 PM // INFO // [GANTT] // Canvases are ready to be used!
10/21/2025 11:55 PM // INFO // [GANTT] // Ruler drawn: 7 ticks and 4 labels.
10/21/2025 11:55 PM // INFO // [MODIFY] // Zoom level changed to 0,43711627906976747, scale set to 13,538953966058498!
10/21/2025 11:55 PM // INFO // [GANTT] // Gantt chart rendered with 6 items on canvas.
10/21/2025 11:55 PM // INFO // [GANTT] // Canvas resized to 181,69046858400213x110 to fit all Gantt items.
10/21/2025 11:55 PM // INFO // [GANTT] // Canvases are ready to be used!
10/21/2025 11:55 PM // INFO // [GANTT] // Ruler drawn: 7 ticks and 4 labels.
10/21/2025 11:55 PM // INFO // [MODIFY] // Zoom level changed to 0,4452052578361982, scale set to 13,615078097333686!
10/21/2025 11:55 PM // INFO // [GANTT] // Gantt chart rendered with 6 items on canvas.
10/21/2025 11:55 PM // INFO // [GANTT] // Canvas resized to 182,38040544999555x110 to fit all Gantt items.
10/21/2025 11:55 PM // INFO // [GANTT] // Canvases are ready to be used!
10/21/2025 11:55 PM // INFO // [GANTT] // Ruler drawn: 7 ticks and 4 labels.
10/21/2025 11:55 PM // INFO // [MODIFY] // Zoom level changed to 0,4573387259858443, scale set to 13,730067574999257!
10/21/2025 11:55 PM // INFO // [GANTT] // Gantt chart rendered with 6 items on canvas.
10/21/2025 11:55 PM // INFO // [GANTT] // Canvas resized to 183,54327347000807x110 to fit all Gantt items.
10/21/2025 11:55 PM // INFO // [GANTT] // Canvases are ready to be used!
10/21/2025 11:55 PM // INFO // [GANTT] // Ruler drawn: 7 ticks and 4 labels.
10/21/2025 11:55 PM // INFO // [MODIFY] // Zoom level changed to 0,4775611729019211, scale set to 13,923878911668012!
10/21/2025 11:55 PM // INFO // [GANTT] // Gantt chart rendered with 6 items on canvas.
10/21/2025 11:55 PM // INFO // [GANTT] // Canvas resized to 184,01300393313937x110 to fit all Gantt items.
10/21/2025 11:55 PM // INFO // [GANTT] // Canvases are ready to be used!
10/21/2025 11:55 PM // INFO // [GANTT] // Ruler drawn: 7 ticks and 4 labels.
10/21/2025 11:55 PM // INFO // [MODIFY] // Zoom level changed to 0,48565015166835185, scale set to 14,002167322189894!
10/21/2025 11:55 PM // INFO // [GANTT] // Gantt chart rendered with 6 items on canvas.
10/21/2025 11:55 PM // INFO // [GANTT] // Canvas resized to 184,72255634042807x110 to fit all Gantt items.
10/21/2025 11:55 PM // INFO // [GANTT] // Canvases are ready to be used!
10/21/2025 11:55 PM // INFO // [GANTT] // Ruler drawn: 7 ticks and 4 labels.
10/21/2025 11:55 PM // INFO // [MODIFY] // Zoom level changed to 0,49778361981799796, scale set to 14,120426056738014!
10/21/2025 11:55 PM // INFO // [GANTT] // Gantt chart rendered with 6 items on canvas.
10/21/2025 11:55 PM // INFO // [GANTT] // Canvas resized to 185,67795692816748x110 to fit all Gantt items.
10/21/2025 11:55 PM // INFO // [GANTT] // Canvases are ready to be used!
10/21/2025 11:55 PM // INFO // [GANTT] // Ruler drawn: 7 ticks and 4 labels.
10/21/2025 11:55 PM // INFO // [MODIFY] // Zoom level changed to 0,5139615773508595, scale set to 14,279659488027912!
10/21/2025 11:55 PM // INFO // [GANTT] // Gantt chart rendered with 6 items on canvas.
10/21/2025 11:55 PM // INFO // [GANTT] // Canvas resized to 186,15968986388322x110 to fit all Gantt items.
10/21/2025 11:55 PM // INFO // [GANTT] // Canvases are ready to be used!
10/21/2025 11:55 PM // INFO // [GANTT] // Ruler drawn: 7 ticks and 4 labels.
10/21/2025 11:55 PM // INFO // [MODIFY] // Zoom level changed to 0,5220505561172898, scale set to 14,3599483106472!
10/21/2025 11:55 PM // INFO // [GANTT] // Gantt chart rendered with 6 items on canvas.
10/21/2025 11:55 PM // INFO // [GANTT] // Canvas resized to 187,3759056303585x110 to fit all Gantt items.
10/21/2025 11:55 PM // INFO // [GANTT] // Canvases are ready to be used!
10/21/2025 11:55 PM // INFO // [GANTT] // Ruler drawn: 7 ticks and 4 labels.
10/21/2025 11:55 PM // INFO // [MODIFY] // Zoom level changed to 0,5422730030333671, scale set to 14,56265093839308!
10/21/2025 11:55 PM // INFO // [GANTT] // Gantt chart rendered with 6 items on canvas.
10/21/2025 11:55 PM // INFO // [GANTT] // Canvas resized to 188,1138602478174x110 to fit all Gantt items.
10/21/2025 11:55 PM // INFO // [GANTT] // Canvases are ready to be used!
10/21/2025 11:55 PM // INFO // [GANTT] // Ruler drawn: 7 ticks and 4 labels.
10/21/2025 11:55 PM // INFO // [MODIFY] // Zoom level changed to 0,5544064711830132, scale set to 14,68564337463623!
10/21/2025 11:55 PM // INFO // [GANTT] // Gantt chart rendered with 6 items on canvas.
10/21/2025 11:55 PM // INFO // [GANTT] // Canvas resized to 191,64091244573348x110 to fit all Gantt items.
10/21/2025 11:55 PM // INFO // [GANTT] // Canvases are ready to be used!
10/21/2025 11:55 PM // INFO // [GANTT] // Ruler drawn: 7 ticks and 7 labels.
10/21/2025 11:55 PM // INFO // [MODIFY] // Zoom level changed to 0,6110293225480284, scale set to 15,273485407622246!
10/21/2025 11:55 PM // INFO // [GANTT] // Gantt chart rendered with 6 items on canvas.
10/21/2025 11:55 PM // INFO // [GANTT] // Canvas resized to 193,19540080260725x110 to fit all Gantt items.
10/21/2025 11:55 PM // INFO // [GANTT] // Canvases are ready to be used!
10/21/2025 11:55 PM // INFO // [GANTT] // Ruler drawn: 7 ticks and 7 labels.
10/21/2025 11:55 PM // INFO // [MODIFY] // Zoom level changed to 0,6352962588473202, scale set to 15,532566800434541!
10/21/2025 11:55 PM // INFO // [GANTT] // Gantt chart rendered with 6 items on canvas.
10/21/2025 11:55 PM // INFO // [GANTT] // Canvas resized to 194,77625766659395x110 to fit all Gantt items.
10/21/2025 11:55 PM // INFO // [GANTT] // Canvases are ready to be used!
10/21/2025 11:55 PM // INFO // [GANTT] // Ruler drawn: 7 ticks and 7 labels.
10/21/2025 11:55 PM // INFO // [MODIFY] // Zoom level changed to 0,6595631951466124, scale set to 15,796042944432322!
10/21/2025 11:55 PM // INFO // [GANTT] // Gantt chart rendered with 6 items on canvas.
10/21/2025 11:55 PM // INFO // [GANTT] // Canvas resized to 196,38393032194898x110 to fit all Gantt items.
10/21/2025 11:55 PM // INFO // [GANTT] // Canvases are ready to be used!
10/21/2025 11:55 PM // INFO // [GANTT] // Ruler drawn: 7 ticks and 7 labels.
10/21/2025 11:55 PM // INFO // [MODIFY] // Zoom level changed to 0,6838301314459047, scale set to 16,063988386991497!
10/21/2025 11:55 PM // INFO // [GANTT] // Gantt chart rendered with 6 items on canvas.
10/21/2025 11:55 PM // INFO // [GANTT] // Canvas resized to 198,01887364013044x110 to fit all Gantt items.
10/21/2025 11:55 PM // INFO // [GANTT] // Canvases are ready to be used!
10/21/2025 11:55 PM // INFO // [GANTT] // Ruler drawn: 7 ticks and 7 labels.
10/21/2025 11:55 PM // INFO // [MODIFY] // Zoom level changed to 0,7080970677451969, scale set to 16,336478940021742!
10/21/2025 11:55 PM // INFO // [GANTT] // Gantt chart rendered with 6 items on canvas.
10/21/2025 11:55 PM // INFO // [GANTT] // Canvas resized to 199,40249166059462x110 to fit all Gantt items.
10/21/2025 11:55 PM // INFO // [GANTT] // Canvases are ready to be used!
10/21/2025 11:55 PM // INFO // [GANTT] // Ruler drawn: 7 ticks and 7 labels.
10/21/2025 11:55 PM // INFO // [MODIFY] // Zoom level changed to 0,7283195146612738, scale set to 16,567081943432438!
10/21/2025 11:55 PM // INFO // [GANTT] // Gantt chart rendered with 6 items on canvas.
10/21/2025 11:55 PM // INFO // [GANTT] // Canvas resized to 200,24201975679753x110 to fit all Gantt items.
10/21/2025 11:55 PM // INFO // [GANTT] // Canvases are ready to be used!
10/21/2025 11:55 PM // INFO // [GANTT] // Ruler drawn: 7 ticks and 7 labels.
10/21/2025 11:55 PM // INFO // [MODIFY] // Zoom level changed to 0,7404529828109203, scale set to 16,707003292799588!
10/21/2025 11:55 PM // INFO // [GANTT] // Gantt chart rendered with 6 items on canvas.
10/21/2025 11:55 PM // INFO // [GANTT] // Canvas resized to 201,94240715389736x110 to fit all Gantt items.
10/21/2025 11:55 PM // INFO // [GANTT] // Canvases are ready to be used!
10/21/2025 11:55 PM // INFO // [GANTT] // Ruler drawn: 7 ticks and 7 labels.
10/21/2025 11:55 PM // INFO // [MODIFY] // Zoom level changed to 0,7647199191102125, scale set to 16,990401192316227!
10/21/2025 11:55 PM // INFO // [GANTT] // Gantt chart rendered with 6 items on canvas.
10/21/2025 11:55 PM // INFO // [GANTT] // Canvas resized to 203,9626814943594x110 to fit all Gantt items.
10/21/2025 11:55 PM // INFO // [GANTT] // Canvases are ready to be used!
10/21/2025 11:55 PM // INFO // [GANTT] // Ruler drawn: 7 ticks and 7 labels.
10/21/2025 11:55 PM // INFO // [MODIFY] // Zoom level changed to 0,7930313447927201, scale set to 17,32711358239323!
10/21/2025 11:55 PM // INFO // [GANTT] // Gantt chart rendered with 6 items on canvas.
10/21/2025 11:55 PM // INFO // [GANTT] // Canvas resized to 206,02299322970617x110 to fit all Gantt items.
10/21/2025 11:55 PM // INFO // [GANTT] // Canvases are ready to be used!
10/21/2025 11:55 PM // INFO // [GANTT] // Ruler drawn: 7 ticks and 7 labels.
10/21/2025 11:55 PM // INFO // [MODIFY] // Zoom level changed to 0,8213427704752272, scale set to 17,670498871617696!
10/21/2025 11:55 PM // INFO // [GANTT] // Gantt chart rendered with 6 items on canvas.
10/21/2025 11:55 PM // INFO // [GANTT] // Canvas resized to 206,91843639388546x110 to fit all Gantt items.
10/21/2025 11:55 PM // INFO // [GANTT] // Canvases are ready to be used!
10/21/2025 11:55 PM // INFO // [GANTT] // Ruler drawn: 7 ticks and 7 labels.
10/21/2025 11:55 PM // INFO // [MODIFY] // Zoom level changed to 0,8334762386248737, scale set to 17,81973939898091!
10/21/2025 11:55 PM // INFO // [GANTT] // Gantt chart rendered with 6 items on canvas.
10/21/2025 11:55 PM // INFO // [GANTT] // Canvas resized to 208,73207464861002x110 to fit all Gantt items.
10/21/2025 11:55 PM // INFO // [GANTT] // Canvases are ready to be used!
10/21/2025 11:55 PM // INFO // [GANTT] // Ruler drawn: 7 ticks and 7 labels.
10/21/2025 11:55 PM // INFO // [MODIFY] // Zoom level changed to 0,857743174924166, scale set to 18,122012441435004!
10/21/2025 11:55 PM // INFO // [GANTT] // Gantt chart rendered with 6 items on canvas.
10/21/2025 11:55 PM // INFO // [GANTT] // Canvas resized to 209,65039802361775x110 to fit all Gantt items.
10/21/2025 11:55 PM // INFO // [GANTT] // Canvases are ready to be used!
10/21/2025 11:55 PM // INFO // [GANTT] // Ruler drawn: 7 ticks and 7 labels.
10/21/2025 11:55 PM // INFO // [MODIFY] // Zoom level changed to 0,8698766430738121, scale set to 18,275066337269628!
10/21/2025 11:55 PM // INFO // [GANTT] // Gantt chart rendered with 6 items on canvas.
10/21/2025 11:55 PM // INFO // [GANTT] // Canvas resized to 212,13735637668128x110 to fit all Gantt items.
10/21/2025 11:55 PM // INFO // [GANTT] // Canvases are ready to be used!
10/21/2025 11:55 PM // INFO // [GANTT] // Ruler drawn: 7 ticks and 7 labels.
10/21/2025 11:55 PM // INFO // [MODIFY] // Zoom level changed to 0,9022325581395351, scale set to 18,689559396113548!
10/21/2025 11:55 PM // INFO // [GANTT] // Gantt chart rendered with 6 items on canvas.
10/21/2025 11:55 PM // INFO // [GANTT] // Canvas resized to 215,0026709586501x110 to fit all Gantt items.
10/21/2025 11:55 PM // INFO // [GANTT] // Canvases are ready to be used!
10/21/2025 11:55 PM // INFO // [GANTT] // Ruler drawn: 7 ticks and 7 labels.
10/21/2025 11:55 PM // INFO // [MODIFY] // Zoom level changed to 0,938632962588473, scale set to 19,167111826441683!
10/21/2025 11:55 PM // INFO // [GANTT] // Gantt chart rendered with 6 items on canvas.
10/21/2025 11:55 PM // INFO // [GANTT] // Canvas resized to 215,97395419104453x110 to fit all Gantt items.
10/21/2025 11:55 PM // INFO // [GANTT] // Canvases are ready to be used!
10/21/2025 11:55 PM // INFO // [GANTT] // Ruler drawn: 7 ticks and 7 labels.
10/21/2025 11:55 PM // INFO // [MODIFY] // Zoom level changed to 0,9507664307381191, scale set to 19,328992365174088!
10/21/2025 11:55 PM // INFO // [GANTT] // Gantt chart rendered with 6 items on canvas.
10/21/2025 11:55 PM // INFO // [GANTT] // Canvas resized to 218,60433583408337x110 to fit all Gantt items.
10/21/2025 11:55 PM // INFO // [GANTT] // Canvases are ready to be used!
10/21/2025 11:55 PM // INFO // [GANTT] // Ruler drawn: 7 ticks and 7 labels.
10/21/2025 11:55 PM // INFO // [MODIFY] // Zoom level changed to 0,9831223458038421, scale set to 19,76738930568056!
10/21/2025 11:55 PM // INFO // [GANTT] // Gantt chart rendered with 6 items on canvas.
10/21/2025 11:55 PM // INFO // [GANTT] // Canvas resized to 221,29437662762967x110 to fit all Gantt items.
10/21/2025 11:55 PM // INFO // [GANTT] // Canvases are ready to be used!
10/21/2025 11:55 PM // INFO // [GANTT] // Ruler drawn: 7 ticks and 7 labels.
10/21/2025 11:55 PM // INFO // [MODIFY] // Zoom level changed to 1,015478260869565, scale set to 20,21572943793828!
10/21/2025 11:55 PM // INFO // [GANTT] // Gantt chart rendered with 6 items on canvas.
10/21/2025 11:55 PM // INFO // [GANTT] // Canvas resized to 222,66219086418175x110 to fit all Gantt items.
10/21/2025 11:55 PM // INFO // [GANTT] // Canvases are ready to be used!
10/21/2025 11:55 PM // INFO // [GANTT] // Ruler drawn: 7 ticks and 7 labels.
10/21/2025 11:55 PM // INFO // [MODIFY] // Zoom level changed to 1,031656218402427, scale set to 20,443698477363625!
10/21/2025 11:55 PM // INFO // [GANTT] // Gantt chart rendered with 6 items on canvas.
10/21/2025 11:55 PM // INFO // [GANTT] // Canvas resized to 225,09308575538884x110 to fit all Gantt items.
10/21/2025 11:55 PM // INFO // [GANTT] // Canvases are ready to be used!
10/21/2025 11:55 PM // INFO // [GANTT] // Ruler drawn: 7 ticks and 7 labels.
10/21/2025 11:55 PM // INFO // [MODIFY] // Zoom level changed to 1,0599676440849346, scale set to 20,84884762589814!
10/21/2025 11:55 PM // INFO // [GANTT] // Gantt chart rendered with 6 items on canvas.
10/21/2025 11:55 PM // INFO // [GANTT] // Canvas resized to 227,93029656480917x110 to fit all Gantt items.
10/21/2025 11:55 PM // INFO // [GANTT] // Canvases are ready to be used!
10/21/2025 11:55 PM // INFO // [GANTT] // Ruler drawn: 7 ticks and 7 labels.
10/21/2025 11:55 PM // INFO // [MODIFY] // Zoom level changed to 1,092323559150657, scale set to 21,321716094134864!
10/21/2025 11:55 PM // INFO // [GANTT] // Gantt chart rendered with 6 items on canvas.
10/21/2025 11:55 PM // INFO // [GANTT] // Canvas resized to 229,37294284234338x110 to fit all Gantt items.
10/21/2025 11:55 PM // INFO // [GANTT] // Canvases are ready to be used!
10/21/2025 11:55 PM // INFO // [GANTT] // Ruler drawn: 7 ticks and 7 labels.
10/21/2025 11:55 PM // INFO // [MODIFY] // Zoom level changed to 1,108501516683519, scale set to 21,56215714039056!
10/21/2025 11:55 PM // INFO // [GANTT] // Gantt chart rendered with 6 items on canvas.
10/21/2025 11:55 PM // INFO // [GANTT] // Canvas resized to 231,56747286147655x110 to fit all Gantt items.
10/21/2025 11:55 PM // INFO // [GANTT] // Canvases are ready to be used!
10/21/2025 11:55 PM // INFO // [GANTT] // Ruler drawn: 7 ticks and 7 labels.
10/21/2025 11:55 PM // INFO // [MODIFY] // Zoom level changed to 1,1327684529828108, scale set to 21,927912143579423!
10/21/2025 11:55 PM // INFO // [GANTT] // Gantt chart rendered with 6 items on canvas.
10/21/2025 11:55 PM // INFO // [GANTT] // Canvas resized to 234,92926246204868x110 to fit all Gantt items.
10/21/2025 11:55 PM // INFO // [GANTT] // Canvases are ready to be used!
10/21/2025 11:55 PM // INFO // [GANTT] // Ruler drawn: 7 ticks and 7 labels.
10/21/2025 11:55 PM // INFO // [MODIFY] // Zoom level changed to 1,1691688574317491, scale set to 22,48821041034145!
10/21/2025 11:55 PM // INFO // [GANTT] // Gantt chart rendered with 6 items on canvas.
10/21/2025 11:55 PM // INFO // [GANTT] // Canvas resized to 236,83390135553213x110 to fit all Gantt items.
10/21/2025 11:55 PM // INFO // [GANTT] // Canvases are ready to be used!
10/21/2025 11:55 PM // INFO // [GANTT] // Ruler drawn: 7 ticks and 7 labels.
10/21/2025 11:55 PM // INFO // [MODIFY] // Zoom level changed to 1,189391304347826, scale set to 22,805650225922022!
10/21/2025 11:55 PM // INFO // [GANTT] // Gantt chart rendered with 6 items on canvas.
10/21/2025 11:55 PM // INFO // [GANTT] // Canvas resized to 243,91595262369168x110 to fit all Gantt items.
10/21/2025 11:55 PM // INFO // [GANTT] // Canvases are ready to be used!
10/21/2025 11:55 PM // INFO // [GANTT] // Ruler drawn: 7 ticks and 7 labels.
10/21/2025 11:55 PM // INFO // [MODIFY] // Zoom level changed to 1,262192113245703, scale set to 23,98599210394861!
10/21/2025 11:55 PM // INFO // [GANTT] // Gantt chart rendered with 6 items on canvas.
10/21/2025 11:55 PM // INFO // [GANTT] // Canvas resized to 246,76805033637226x110 to fit all Gantt items.
10/21/2025 11:55 PM // INFO // [GANTT] // Canvases are ready to be used!
10/21/2025 11:55 PM // INFO // [GANTT] // Ruler drawn: 7 ticks and 7 labels.
10/21/2025 11:55 PM // INFO // [MODIFY] // Zoom level changed to 1,2905035389282102, scale set to 24,46134172272871!
10/21/2025 11:55 PM // INFO // [GANTT] // Gantt chart rendered with 6 items on canvas.
10/21/2025 11:55 PM // INFO // [GANTT] // Canvas resized to 249,2576504431375x110 to fit all Gantt items.
10/21/2025 11:55 PM // INFO // [GANTT] // Canvases are ready to be used!
10/21/2025 11:55 PM // INFO // [GANTT] // Ruler drawn: 7 ticks and 7 labels.
10/21/2025 11:55 PM // INFO // [MODIFY] // Zoom level changed to 1,3147704752275025, scale set to 24,87627507385625!
10/21/2025 11:55 PM // INFO // [GANTT] // Gantt chart rendered with 6 items on canvas.
10/21/2025 11:55 PM // INFO // [GANTT] // Canvas resized to 250,5182424969875x110 to fit all Gantt items.
10/21/2025 11:55 PM // INFO // [GANTT] // Canvases are ready to be used!
10/21/2025 11:55 PM // INFO // [GANTT] // Ruler drawn: 7 ticks and 7 labels.
10/21/2025 11:55 PM // INFO // [MODIFY] // Zoom level changed to 1,3269039433771486, scale set to 25,08637374949792!
10/21/2025 11:55 PM // INFO // [GANTT] // Gantt chart rendered with 6 items on canvas.
10/21/2025 11:55 PM // INFO // [GANTT] // Canvas resized to 253,50118307665267x110 to fit all Gantt items.
10/21/2025 11:55 PM // INFO // [GANTT] // Canvases are ready to be used!
10/21/2025 11:55 PM // INFO // [GANTT] // Ruler drawn: 7 ticks and 7 labels.
10/21/2025 11:55 PM // INFO // [MODIFY] // Zoom level changed to 1,3552153690596562, scale set to 25,583530512775443!
10/21/2025 11:55 PM // INFO // [GANTT] // Gantt chart rendered with 6 items on canvas.
10/21/2025 11:55 PM // INFO // [GANTT] // Canvas resized to 255,66798009420654x110 to fit all Gantt items.
10/21/2025 11:55 PM // INFO // [GANTT] // Canvases are ready to be used!
10/21/2025 11:55 PM // INFO // [GANTT] // Ruler drawn: 7 ticks and 7 labels.
10/21/2025 11:55 PM // INFO // [MODIFY] // Zoom level changed to 1,375437815975733, scale set to 25,94466334903442!
10/21/2025 11:55 PM // INFO // [GANTT] // Gantt chart rendered with 6 items on canvas.
10/21/2025 11:55 PM // INFO // [GANTT] // Canvas resized to 258,30854811275174x110 to fit all Gantt items.
10/21/2025 11:55 PM // INFO // [GANTT] // Canvases are ready to be used!
10/21/2025 11:55 PM // INFO // [GANTT] // Ruler drawn: 7 ticks and 7 labels.
10/21/2025 11:55 PM // INFO // [MODIFY] // Zoom level changed to 1,3997047522750252, scale set to 26,38475801879196!
10/21/2025 11:55 PM // INFO // [GANTT] // Gantt chart rendered with 6 items on canvas.
10/21/2025 11:55 PM // INFO // [GANTT] // Canvas resized to 260,09376431070683x110 to fit all Gantt items.
10/21/2025 11:55 PM // INFO // [GANTT] // Canvases are ready to be used!
10/21/2025 11:55 PM // INFO // [GANTT] // Ruler drawn: 7 ticks and 7 labels.
10/21/2025 11:55 PM // INFO // [MODIFY] // Zoom level changed to 1,4158827098078868, scale set to 26,68229405178447!
10/21/2025 11:55 PM // INFO // [GANTT] // Gantt chart rendered with 6 items on canvas.
10/21/2025 11:55 PM // INFO // [GANTT] // Canvas resized to 263,7248183844014x110 to fit all Gantt items.
10/21/2025 11:55 PM // INFO // [GANTT] // Canvases are ready to be used!
10/21/2025 11:55 PM // INFO // [GANTT] // Ruler drawn: 7 ticks and 7 labels.
10/21/2025 11:55 PM // INFO // [MODIFY] // Zoom level changed to 1,4482386248736092, scale set to 27,287469730733562!
10/21/2025 11:55 PM // INFO // [GANTT] // Gantt chart rendered with 6 items on canvas.
10/21/2025 11:55 PM // INFO // [GANTT] // Canvas resized to 265,5711128597883x110 to fit all Gantt items.
10/21/2025 11:55 PM // INFO // [GANTT] // Canvases are ready to be used!
10/21/2025 11:55 PM // INFO // [GANTT] // Ruler drawn: 7 ticks and 7 labels.
10/21/2025 11:55 PM // INFO // [MODIFY] // Zoom level changed to 1,4644165824064717, scale set to 27,595185476631386!
10/21/2025 11:55 PM // INFO // [GANTT] // Gantt chart rendered with 6 items on canvas.
10/21/2025 11:55 PM // INFO // [GANTT] // Canvas resized to 268,3796659427531x110 to fit all Gantt items.
10/21/2025 11:55 PM // INFO // [GANTT] // Canvases are ready to be used!
10/21/2025 11:55 PM // INFO // [GANTT] // Ruler drawn: 7 ticks and 7 labels.
10/21/2025 11:55 PM // INFO // [MODIFY] // Zoom level changed to 1,488683518705763, scale set to 28,063277657125518!
10/21/2025 11:55 PM // INFO // [GANTT] // Gantt chart rendered with 6 items on canvas.
10/21/2025 11:55 PM // INFO // [GANTT] // Canvas resized to 270,278452272555x110 to fit all Gantt items.
10/21/2025 11:55 PM // INFO // [GANTT] // Canvases are ready to be used!
10/21/2025 11:55 PM // INFO // [GANTT] // Ruler drawn: 7 ticks and 7 labels.
10/21/2025 11:55 PM // INFO // [MODIFY] // Zoom level changed to 1,5048614762386254, scale set to 28,379742045425832!
10/21/2025 11:55 PM // INFO // [GANTT] // Gantt chart rendered with 6 items on canvas.
10/21/2025 11:55 PM // INFO // [GANTT] // Canvas resized to 273,652996757663x110 to fit all Gantt items.
10/21/2025 11:55 PM // INFO // [GANTT] // Canvases are ready to be used!
10/21/2025 11:55 PM // INFO // [GANTT] // Ruler drawn: 7 ticks and 7 labels.
10/21/2025 11:55 PM // INFO // [MODIFY] // Zoom level changed to 1,533172901921132, scale set to 28,94216612627716!
10/21/2025 11:55 PM // INFO // [GANTT] // Gantt chart rendered with 6 items on canvas.
10/21/2025 11:55 PM // INFO // [GANTT] // Canvas resized to 277,09441729390977x110 to fit all Gantt items.
10/21/2025 11:55 PM // INFO // [GANTT] // Canvases are ready to be used!
10/21/2025 11:55 PM // INFO // [GANTT] // Ruler drawn: 7 ticks and 7 labels.
10/21/2025 11:55 PM // INFO // [MODIFY] // Zoom level changed to 1,5614843276036405, scale set to 29,51573621565163!
10/21/2025 11:55 PM // INFO // [GANTT] // Gantt chart rendered with 6 items on canvas.
10/21/2025 11:55 PM // INFO // [GANTT] // Canvas resized to 279,0914782618072x110 to fit all Gantt items.
10/21/2025 11:55 PM // INFO // [GANTT] // Canvases are ready to be used!
10/21/2025 11:55 PM // INFO // [GANTT] // Ruler drawn: 7 ticks and 7 labels.
10/21/2025 11:55 PM // INFO // [MODIFY] // Zoom level changed to 1,5776622851365012, scale set to 29,848579710301195!
10/21/2025 11:55 PM // INFO // [GANTT] // Gantt chart rendered with 6 items on canvas.
10/21/2025 11:55 PM // INFO // [GANTT] // Canvas resized to 282,6406775423533x110 to fit all Gantt items.
10/21/2025 11:55 PM // INFO // [GANTT] // Canvases are ready to be used!
10/21/2025 11:55 PM // INFO // [GANTT] // Ruler drawn: 7 ticks and 7 labels.
10/21/2025 11:55 PM // INFO // [MODIFY] // Zoom level changed to 1,6059737108190097, scale set to 30,44011292372555!
10/21/2025 11:55 PM // INFO // [GANTT] // Gantt chart rendered with 6 items on canvas.
10/21/2025 11:55 PM // INFO // [GANTT] // Canvas resized to 284,1832141301671x110 to fit all Gantt items.
10/21/2025 11:55 PM // INFO // [GANTT] // Canvases are ready to be used!
10/21/2025 11:55 PM // INFO // [GANTT] // Ruler drawn: 7 ticks and 7 labels.
10/21/2025 11:55 PM // INFO // [MODIFY] // Zoom level changed to 1,618107178968655, scale set to 30,697202355027848!
10/21/2025 11:55 PM // INFO // [GANTT] // Gantt chart rendered with 6 items on canvas.
10/21/2025 11:55 PM // INFO // [GANTT] // Canvas resized to 287,30748094785594x110 to fit all Gantt items.
10/21/2025 11:55 PM // INFO // [GANTT] // Canvases are ready to be used!
10/21/2025 11:55 PM // INFO // [GANTT] // Ruler drawn: 7 ticks and 7 labels.
10/21/2025 11:55 PM // INFO // [MODIFY] // Zoom level changed to 1,6423741152679472, scale set to 31,217913491309325!
10/21/2025 11:55 PM // INFO // [GANTT] // Gantt chart rendered with 6 items on canvas.
10/21/2025 11:55 PM // INFO // [GANTT] // Canvas resized to 290,48474414306065x110 to fit all Gantt items.
10/21/2025 11:55 PM // INFO // [GANTT] // Canvases are ready to be used!
10/21/2025 11:55 PM // INFO // [GANTT] // Ruler drawn: 7 ticks and 7 labels.
10/21/2025 11:55 PM // INFO // [MODIFY] // Zoom level changed to 1,6666410515672394, scale set to 31,747457357176778!
10/21/2025 11:55 PM // INFO // [GANTT] // Gantt chart rendered with 6 items on canvas.
10/21/2025 11:55 PM // INFO // [GANTT] // Canvas resized to 292,0935297170897x110 to fit all Gantt items.
10/21/2025 11:55 PM // INFO // [GANTT] // Canvases are ready to be used!
10/21/2025 11:55 PM // INFO // [GANTT] // Ruler drawn: 7 ticks and 7 labels.
10/21/2025 11:55 PM // INFO // [MODIFY] // Zoom level changed to 1,6787745197168855, scale set to 32,015588286181625!
10/21/2025 11:55 PM // INFO // [GANTT] // Gantt chart rendered with 6 items on canvas.
10/21/2025 11:55 PM // INFO // [GANTT] // Canvas resized to 295,35197779892053x110 to fit all Gantt items.
10/21/2025 11:55 PM // INFO // [GANTT] // Canvases are ready to be used!
10/21/2025 11:55 PM // INFO // [GANTT] // Ruler drawn: 7 ticks and 7 labels.
10/21/2025 11:55 PM // INFO // [MODIFY] // Zoom level changed to 1,7030414560161786, scale set to 32,55866296648675!
10/21/2025 11:55 PM // INFO // [GANTT] // Gantt chart rendered with 6 items on canvas.
10/21/2025 11:55 PM // INFO // [GANTT] // Canvas resized to 296,450363954905x110 to fit all Gantt items.
10/21/2025 11:55 PM // INFO // [GANTT] // Canvases are ready to be used!
10/21/2025 11:55 PM // INFO // [GANTT] // Ruler drawn: 7 ticks and 7 labels.
10/21/2025 11:55 PM // INFO // [MODIFY] // Zoom level changed to 1,7111304347826084, scale set to 32,74172732581751!
10/21/2025 11:55 PM // INFO // [GANTT] // Gantt chart rendered with 6 items on canvas.
10/21/2025 11:55 PM // INFO // [GANTT] // Canvas resized to 299,78271623426895x110 to fit all Gantt items.
10/21/2025 11:55 PM // INFO // [GANTT] // Canvases are ready to be used!
10/21/2025 11:55 PM // INFO // [GANTT] // Ruler drawn: 7 ticks and 7 labels.
10/21/2025 11:55 PM // INFO // [MODIFY] // Zoom level changed to 1,7353973710819015, scale set to 33,29711937237816!
10/21/2025 11:55 PM // INFO // [GANTT] // Gantt chart rendered with 6 items on canvas.
10/21/2025 11:55 PM // INFO // [GANTT] // Canvas resized to 303,17159460750304x110 to fit all Gantt items.
10/21/2025 11:55 PM // INFO // [GANTT] // Canvases are ready to be used!
10/21/2025 11:55 PM // INFO // [GANTT] // Ruler drawn: 7 ticks and 7 labels.
10/21/2025 11:55 PM // INFO // [MODIFY] // Zoom level changed to 1,7596643073811928, scale set to 33,86193243458384!
10/21/2025 11:55 PM // INFO // [GANTT] // Gantt chart rendered with 6 items on canvas.
10/21/2025 11:55 PM // INFO // [GANTT] // Canvas resized to 320,9980124412391x110 to fit all Gantt items.
10/21/2025 11:55 PM // INFO // [GANTT] // Canvases are ready to be used!
10/21/2025 11:55 PM // INFO // [GANTT] // Ruler drawn: 7 ticks and 7 labels.
10/21/2025 11:55 PM // INFO // [MODIFY] // Zoom level changed to 1,8809989888776548, scale set to 36,833002073539845!
10/21/2025 11:55 PM // INFO // [GANTT] // Gantt chart rendered with 6 items on canvas.
10/21/2025 11:55 PM // INFO // [GANTT] // Canvas resized to 326,6449159183187x110 to fit all Gantt items.
10/21/2025 11:55 PM // INFO // [GANTT] // Canvases are ready to be used!
10/21/2025 11:55 PM // INFO // [GANTT] // Ruler drawn: 7 ticks and 7 labels.
10/21/2025 11:55 PM // INFO // [MODIFY] // Zoom level changed to 1,9173993933265923, scale set to 37,77415265305312!
10/21/2025 11:55 PM // INFO // [GANTT] // Gantt chart rendered with 6 items on canvas.
10/21/2025 11:55 PM // INFO // [GANTT] // Canvas resized to 332,4361081088002x110 to fit all Gantt items.
10/21/2025 11:55 PM // INFO // [GANTT] // Canvases are ready to be used!
10/21/2025 11:55 PM // INFO // [GANTT] // Ruler drawn: 7 ticks and 7 labels.
10/21/2025 11:55 PM // INFO // [MODIFY] // Zoom level changed to 1,9537997977755315, scale set to 38,73935135146671!
10/21/2025 11:55 PM // INFO // [GANTT] // Gantt chart rendered with 6 items on canvas.
10/21/2025 11:55 PM // INFO // [GANTT] // Canvas resized to 339,0444809931282x110 to fit all Gantt items.
10/21/2025 11:55 PM // INFO // [GANTT] // Canvases are ready to be used!
10/21/2025 11:55 PM // INFO // [GANTT] // Ruler drawn: 7 ticks and 7 labels.
10/21/2025 11:55 PM // INFO // [MODIFY] // Zoom level changed to 1,9942446916076841, scale set to 39,84074683218803!
10/21/2025 11:55 PM // INFO // [GANTT] // Gantt chart rendered with 6 items on canvas.
10/21/2025 11:55 PM // INFO // [GANTT] // Canvas resized to 340x110 to fit all Gantt items.
10/21/2025 11:55 PM // INFO // [GANTT] // Canvases are ready to be used!
10/21/2025 11:55 PM // INFO // [GANTT] // Ruler drawn: 7 ticks and 7 labels.
10/21/2025 11:55 PM // INFO // [MODIFY] // Zoom level changed to 2, scale set to 40!
