11/17/2025 11:21 AM // INFO // [INITIALIZATION] // Beginning initialization...
11/17/2025 11:21 AM // INFO // [SAVE] // Custom solvers loaded from JSON file!
11/17/2025 11:21 AM // INFO // [INITIALIZATION] // Johnson's Rule solver added!
11/17/2025 11:21 AM // INFO // [INITIALIZATION] // List Scheduling solver added!
11/17/2025 11:21 AM // INFO // [INITIALIZATION] // {cs.Name} ({cs.TypeID} type) solver added!
11/17/2025 11:21 AM // INFO // [INITIALIZATION] // {cs.Name} ({cs.TypeID} type) solver added!
11/17/2025 11:21 AM // INFO // [INITIALIZATION] // {cs.Name} ({cs.TypeID} type) solver added!
11/17/2025 11:21 AM // INFO // [INITIALIZATION] // Solver menu successfully built!
11/17/2025 11:21 AM // INFO // [CONSTRAINT] // Saving and closing are disabled for as long as there are no files opened.
11/17/2025 11:21 AM // INFO // [INITIALIZATION] // Initialization complete!
11/17/2025 11:21 AM // WARNING // [S_GRAPH] // No BatchML file loaded, drawing example S-Graph!
11/17/2025 11:21 AM // INFO // [S_GRAPH] // Node J1_M1 at 100;50
11/17/2025 11:21 AM // INFO // [S_GRAPH] // Node J1_M2 at 300;50
11/17/2025 11:21 AM // INFO // [S_GRAPH] // Node P1 at 700;50
11/17/2025 11:21 AM // INFO // [S_GRAPH] // Node J2_M1 at 100;150
11/17/2025 11:21 AM // INFO // [S_GRAPH] // Node J2_M2 at 300;150
11/17/2025 11:21 AM // INFO // [S_GRAPH] // Node P2 at 700;150
11/17/2025 11:21 AM // INFO // [S_GRAPH] // Node J3_M1 at 100;250
11/17/2025 11:21 AM // INFO // [S_GRAPH] // Node J3_M2 at 300;250
11/17/2025 11:21 AM // INFO // [S_GRAPH] // Node P3 at 700;250
11/17/2025 11:21 AM // INFO // [S_GRAPH] // Curve value of edge (J1_M1 to J1_M2) set to 25,00
11/17/2025 11:21 AM // INFO // [S_GRAPH] // Edge drawn from (170,0;85,0) to (300,0;85,0)!
11/17/2025 11:21 AM // INFO // [S_GRAPH] // Weight 10 drawn at (235;97,5)!
11/17/2025 11:21 AM // INFO // [S_GRAPH] // Edge from J1_M1 to J1_M2 with cost 10 drawn.
11/17/2025 11:21 AM // INFO // [S_GRAPH] // Edge drawn from (370,0;85,0) to (700,0;85,0)!
11/17/2025 11:21 AM // INFO // [S_GRAPH] // Weight 10 drawn at (535;85)!
11/17/2025 11:21 AM // INFO // [S_GRAPH] // Edge from J1_M2 to P1 with cost 30 drawn.
11/17/2025 11:21 AM // INFO // [S_GRAPH] // Curve value of edge (J2_M1 to J2_M2) set to 25,00
11/17/2025 11:21 AM // INFO // [S_GRAPH] // Edge drawn from (170,0;185,0) to (300,0;185,0)!
11/17/2025 11:21 AM // INFO // [S_GRAPH] // Weight 20 drawn at (235;197,5)!
11/17/2025 11:21 AM // INFO // [S_GRAPH] // Edge from J2_M1 to J2_M2 with cost 20 drawn.
11/17/2025 11:21 AM // INFO // [S_GRAPH] // Edge drawn from (370,0;185,0) to (700,0;185,0)!
11/17/2025 11:21 AM // INFO // [S_GRAPH] // Weight 20 drawn at (535;185)!
11/17/2025 11:21 AM // INFO // [S_GRAPH] // Edge from J2_M2 to P2 with cost 40 drawn.
11/17/2025 11:21 AM // INFO // [S_GRAPH] // Curve value of edge (J3_M1 to J3_M2) set to 25,00
11/17/2025 11:21 AM // INFO // [S_GRAPH] // Edge drawn from (170,0;285,0) to (300,0;285,0)!
11/17/2025 11:21 AM // INFO // [S_GRAPH] // Weight 50 drawn at (235;297,5)!
11/17/2025 11:21 AM // INFO // [S_GRAPH] // Edge from J3_M1 to J3_M2 with cost 50 drawn.
11/17/2025 11:21 AM // INFO // [S_GRAPH] // Edge drawn from (370,0;285,0) to (700,0;285,0)!
11/17/2025 11:21 AM // INFO // [S_GRAPH] // Weight 50 drawn at (535;285)!
11/17/2025 11:21 AM // INFO // [S_GRAPH] // Edge from J3_M2 to P3 with cost 10 drawn.
11/17/2025 11:21 AM // INFO // [S_GRAPH] // Canvas resized to 820x370!
11/17/2025 11:21 AM // INFO // [INITIALIZATION] // Johnson's Rule solver enabled!
11/17/2025 11:21 AM // INFO // [INITIALIZATION] // List Scheduling solver enabled!
11/17/2025 11:21 AM // INFO // [INITIALIZATION] // Branch And Bound solver enabled!
11/17/2025 11:21 AM // INFO // [INITIALIZATION] // Campbell Dudek Smith solver enabled!
11/17/2025 11:21 AM // INFO // [INITIALIZATION] // Simulated Annealing solver enabled!
11/17/2025 11:21 AM // INFO // [INITIALIZATION] //  solver enabled!
11/17/2025 11:21 AM // INFO // [CONSTRAINT] // Saving and closing are disabled for as long as there are no files opened.
11/17/2025 11:21 AM // INFO // [INTEG_SOLVER] // Johnson's Rule solver selected!
11/17/2025 11:21 AM // INFO // [INTEG_SOLVER] // Starting Johnson's Rule solver...
11/17/2025 11:21 AM // INFO // [Johnson's Rule Optimizer] // Optimized job sequence: J1 -> J2 -> J3
11/17/2025 11:21 AM // INFO // [Johnson's Rule Optimizer] // Cleared all existing S-Graph edges for sequence rebuild.
11/17/2025 11:21 AM // INFO // [Johnson's Rule Optimizer] // Graph rebuilt with necessary technological constraints (cost=duration) and zero-cost sequential constraints.
11/17/2025 11:21 AM // INFO // [Johnson's Rule Optimizer] // Node J1_M1 added to topological order.
11/17/2025 11:21 AM // INFO // [Johnson's Rule Optimizer] // Decreased in-degree of J1_M2 to 0.
11/17/2025 11:21 AM // INFO // [Johnson's Rule Optimizer] // Decreased in-degree of J2_M1 to 0.
11/17/2025 11:21 AM // INFO // [Johnson's Rule Optimizer] // Node J1_M2 added to topological order.
11/17/2025 11:21 AM // INFO // [Johnson's Rule Optimizer] // Decreased in-degree of J2_M2 to 1.
11/17/2025 11:21 AM // INFO // [Johnson's Rule Optimizer] // Decreased in-degree of P1 to 0.
11/17/2025 11:21 AM // INFO // [Johnson's Rule Optimizer] // Node J2_M1 added to topological order.
11/17/2025 11:21 AM // INFO // [Johnson's Rule Optimizer] // Decreased in-degree of J2_M2 to 0.
11/17/2025 11:21 AM // INFO // [Johnson's Rule Optimizer] // Decreased in-degree of J3_M1 to 0.
11/17/2025 11:21 AM // INFO // [Johnson's Rule Optimizer] // Node P1 added to topological order.
11/17/2025 11:21 AM // INFO // [Johnson's Rule Optimizer] // Node J2_M2 added to topological order.
11/17/2025 11:21 AM // INFO // [Johnson's Rule Optimizer] // Decreased in-degree of J3_M2 to 1.
11/17/2025 11:21 AM // INFO // [Johnson's Rule Optimizer] // Decreased in-degree of P2 to 0.
11/17/2025 11:21 AM // INFO // [Johnson's Rule Optimizer] // Node J3_M1 added to topological order.
11/17/2025 11:21 AM // INFO // [Johnson's Rule Optimizer] // Decreased in-degree of J3_M2 to 0.
11/17/2025 11:21 AM // INFO // [Johnson's Rule Optimizer] // Node P2 added to topological order.
11/17/2025 11:21 AM // INFO // [Johnson's Rule Optimizer] // Node J3_M2 added to topological order.
11/17/2025 11:21 AM // INFO // [Johnson's Rule Optimizer] // Decreased in-degree of P3 to 0.
11/17/2025 11:21 AM // INFO // [Johnson's Rule Optimizer] // Node P3 added to topological order.
11/17/2025 11:21 AM // INFO // [Johnson's Rule Optimizer] // Topological sort completed successfully.
11/17/2025 11:21 AM // INFO // [GANTT] // Node J1_M1 EST is 0 (no predecessors).
11/17/2025 11:21 AM // INFO // [GANTT] // Node J1_M2 EST is determined by J1_M1 (EST: 10,00).
11/17/2025 11:21 AM // INFO // [GANTT] // Node J2_M1 EST is determined by J1_M1 (EST: 10,00).
11/17/2025 11:21 AM // INFO // [GANTT] // Node J2_M2 EST is determined by J2_M1 (EST: 30,00).
11/17/2025 11:21 AM // INFO // [GANTT] // Node J3_M1 EST is determined by J2_M1 (EST: 30,00).
11/17/2025 11:21 AM // INFO // [GANTT] // Node J3_M2 EST is determined by J3_M1 (EST: 80,00).
11/17/2025 11:21 AM // INFO // [GANTT] // Gantt chart built with 6 items from path with 9 nodes.
11/17/2025 11:21 AM // INFO // [GANTT] // Gantt data built with 6 items from optimized path using Johnson's Rule!
11/17/2025 11:21 AM // INFO // [GANTT] // Canvases are ready to be used!
11/17/2025 11:21 AM // INFO // [GANTT] // Ruler drawn: 131 ticks and 66 labels.
11/17/2025 11:21 AM // INFO // [GANTT] // Gantt chart rendered with 6 items on canvas.
11/17/2025 11:21 AM // INFO // [GANTT] // Canvas resized to 1400x110 to fit all Gantt items.
11/17/2025 11:21 AM // INFO // [GANTT] // Johnson's Rule schedule rendered successfully!
11/17/2025 11:21 AM // INFO // [S_GRAPH] // Node J1_M1 at 100;50
11/17/2025 11:21 AM // INFO // [S_GRAPH] // Node J1_M2 at 300;50
11/17/2025 11:21 AM // INFO // [S_GRAPH] // Node P1 at 700;50
11/17/2025 11:21 AM // INFO // [S_GRAPH] // Node J2_M1 at 100;150
11/17/2025 11:21 AM // INFO // [S_GRAPH] // Node J2_M2 at 300;150
11/17/2025 11:21 AM // INFO // [S_GRAPH] // Node P2 at 700;150
11/17/2025 11:21 AM // INFO // [S_GRAPH] // Node J3_M1 at 100;250
11/17/2025 11:21 AM // INFO // [S_GRAPH] // Node J3_M2 at 300;250
11/17/2025 11:21 AM // INFO // [S_GRAPH] // Node P3 at 700;250
11/17/2025 11:21 AM // INFO // [S_GRAPH] // Curve value of edge (J1_M1 to J1_M2) set to 25,00
11/17/2025 11:21 AM // INFO // [S_GRAPH] // Edge drawn from (170,0;85,0) to (300,0;85,0)!
11/17/2025 11:21 AM // INFO // [S_GRAPH] // Weight 10 drawn at (235;97,5)!
11/17/2025 11:21 AM // INFO // [S_GRAPH] // Edge from J1_M1 to J1_M2 with cost 0 drawn.
11/17/2025 11:21 AM // INFO // [S_GRAPH] // Curve value of edge (J2_M1 to J2_M2) set to 25,00
11/17/2025 11:21 AM // INFO // [S_GRAPH] // Edge drawn from (170,0;185,0) to (300,0;185,0)!
11/17/2025 11:21 AM // INFO // [S_GRAPH] // Weight 20 drawn at (235;197,5)!
11/17/2025 11:21 AM // INFO // [S_GRAPH] // Edge from J2_M1 to J2_M2 with cost 0 drawn.
11/17/2025 11:21 AM // INFO // [S_GRAPH] // Curve value of edge (J3_M1 to J3_M2) set to 25,00
11/17/2025 11:21 AM // INFO // [S_GRAPH] // Edge drawn from (170,0;285,0) to (300,0;285,0)!
11/17/2025 11:21 AM // INFO // [S_GRAPH] // Weight 50 drawn at (235;297,5)!
11/17/2025 11:21 AM // INFO // [S_GRAPH] // Edge from J3_M1 to J3_M2 with cost 0 drawn.
11/17/2025 11:21 AM // INFO // [S_GRAPH] // Curve value of edge (J1_M1 to J2_M1) set to -25,00
11/17/2025 11:21 AM // INFO // [S_GRAPH] // Edge drawn from (135,0;120,0) to (135,0;150,0)!
11/17/2025 11:21 AM // INFO // [S_GRAPH] // Weight 10 drawn at (147,5;135)!
11/17/2025 11:21 AM // INFO // [S_GRAPH] // Edge from J1_M1 to J2_M1 with cost 0 drawn.
11/17/2025 11:21 AM // INFO // [S_GRAPH] // Curve value of edge (J1_M2 to J2_M2) set to -25,00
11/17/2025 11:21 AM // INFO // [S_GRAPH] // Edge drawn from (335,0;120,0) to (335,0;150,0)!
11/17/2025 11:21 AM // INFO // [S_GRAPH] // Weight 10 drawn at (347,5;135)!
11/17/2025 11:21 AM // INFO // [S_GRAPH] // Edge from J1_M2 to J2_M2 with cost 0 drawn.
11/17/2025 11:21 AM // INFO // [S_GRAPH] // Curve value of edge (J2_M1 to J3_M1) set to -25,00
11/17/2025 11:21 AM // INFO // [S_GRAPH] // Edge drawn from (135,0;220,0) to (135,0;250,0)!
11/17/2025 11:21 AM // INFO // [S_GRAPH] // Weight 20 drawn at (147,5;235)!
11/17/2025 11:21 AM // INFO // [S_GRAPH] // Edge from J2_M1 to J3_M1 with cost 0 drawn.
11/17/2025 11:21 AM // INFO // [S_GRAPH] // Curve value of edge (J2_M2 to J3_M2) set to -25,00
11/17/2025 11:21 AM // INFO // [S_GRAPH] // Edge drawn from (335,0;220,0) to (335,0;250,0)!
11/17/2025 11:21 AM // INFO // [S_GRAPH] // Weight 20 drawn at (347,5;235)!
11/17/2025 11:21 AM // INFO // [S_GRAPH] // Edge from J2_M2 to J3_M2 with cost 0 drawn.
11/17/2025 11:21 AM // INFO // [S_GRAPH] // Edge drawn from (370,0;85,0) to (700,0;85,0)!
11/17/2025 11:21 AM // INFO // [S_GRAPH] // Weight 10 drawn at (535;85)!
11/17/2025 11:21 AM // INFO // [S_GRAPH] // Edge from J1_M2 to P1 with cost 0 drawn.
11/17/2025 11:21 AM // INFO // [S_GRAPH] // Edge drawn from (370,0;185,0) to (700,0;185,0)!
11/17/2025 11:21 AM // INFO // [S_GRAPH] // Weight 20 drawn at (535;185)!
11/17/2025 11:21 AM // INFO // [S_GRAPH] // Edge from J2_M2 to P2 with cost 0 drawn.
11/17/2025 11:21 AM // INFO // [S_GRAPH] // Edge drawn from (370,0;285,0) to (700,0;285,0)!
11/17/2025 11:21 AM // INFO // [S_GRAPH] // Weight 50 drawn at (535;285)!
11/17/2025 11:21 AM // INFO // [S_GRAPH] // Edge from J3_M2 to P3 with cost 0 drawn.
11/17/2025 11:21 AM // INFO // [S_GRAPH] // Canvas resized to 820x370!
11/17/2025 11:21 AM // INFO // [EXPORT] // Child element of type TextBlock cloned and added to canvas.
11/17/2025 11:21 AM // INFO // [EXPORT] // Child element of type TextBlock cloned and added to canvas.
11/17/2025 11:21 AM // INFO // [EXPORT] // Canvas cloned with 2 children.
11/17/2025 11:21 AM // INFO // [EXPORT] // Child element of type Line cloned and added to canvas.
11/17/2025 11:21 AM // INFO // [EXPORT] // Child element of type Line cloned and added to canvas.
11/17/2025 11:21 AM // INFO // [EXPORT] // Child element of type Line cloned and added to canvas.
11/17/2025 11:21 AM // INFO // [EXPORT] // Child element of type Line cloned and added to canvas.
11/17/2025 11:21 AM // INFO // [EXPORT] // Child element of type Line cloned and added to canvas.
11/17/2025 11:21 AM // INFO // [EXPORT] // Child element of type Line cloned and added to canvas.
11/17/2025 11:21 AM // INFO // [EXPORT] // Child element of type Line cloned and added to canvas.
11/17/2025 11:21 AM // INFO // [EXPORT] // Child element of type Line cloned and added to canvas.
11/17/2025 11:21 AM // INFO // [EXPORT] // Child element of type Line cloned and added to canvas.
11/17/2025 11:21 AM // INFO // [EXPORT] // Child element of type Line cloned and added to canvas.
11/17/2025 11:21 AM // INFO // [EXPORT] // Child element of type Line cloned and added to canvas.
11/17/2025 11:21 AM // INFO // [EXPORT] // Child element of type Line cloned and added to canvas.
11/17/2025 11:21 AM // INFO // [EXPORT] // Child element of type Line cloned and added to canvas.
11/17/2025 11:21 AM // INFO // [EXPORT] // Child element of type Line cloned and added to canvas.
11/17/2025 11:21 AM // INFO // [EXPORT] // Child element of type Line cloned and added to canvas.
11/17/2025 11:21 AM // INFO // [EXPORT] // Child element of type Line cloned and added to canvas.
11/17/2025 11:21 AM // INFO // [EXPORT] // Child element of type Line cloned and added to canvas.
11/17/2025 11:21 AM // INFO // [EXPORT] // Child element of type Line cloned and added to canvas.
11/17/2025 11:21 AM // INFO // [EXPORT] // Child element of type Line cloned and added to canvas.
11/17/2025 11:21 AM // INFO // [EXPORT] // Child element of type Line cloned and added to canvas.
11/17/2025 11:21 AM // INFO // [EXPORT] // Child element of type Line cloned and added to canvas.
11/17/2025 11:21 AM // INFO // [EXPORT] // Child element of type Line cloned and added to canvas.
11/17/2025 11:21 AM // INFO // [EXPORT] // Child element of type Line cloned and added to canvas.
11/17/2025 11:21 AM // INFO // [EXPORT] // Child element of type Line cloned and added to canvas.
11/17/2025 11:21 AM // INFO // [EXPORT] // Child element of type Line cloned and added to canvas.
11/17/2025 11:21 AM // INFO // [EXPORT] // Child element of type Line cloned and added to canvas.
11/17/2025 11:21 AM // INFO // [EXPORT] // Child element of type Line cloned and added to canvas.
11/17/2025 11:21 AM // INFO // [EXPORT] // Child element of type Line cloned and added to canvas.
11/17/2025 11:21 AM // INFO // [EXPORT] // Child element of type Line cloned and added to canvas.
11/17/2025 11:21 AM // INFO // [EXPORT] // Child element of type Line cloned and added to canvas.
11/17/2025 11:21 AM // INFO // [EXPORT] // Child element of type Line cloned and added to canvas.
11/17/2025 11:21 AM // INFO // [EXPORT] // Child element of type Line cloned and added to canvas.
11/17/2025 11:21 AM // INFO // [EXPORT] // Child element of type Line cloned and added to canvas.
11/17/2025 11:21 AM // INFO // [EXPORT] // Child element of type Line cloned and added to canvas.
11/17/2025 11:21 AM // INFO // [EXPORT] // Child element of type Line cloned and added to canvas.
11/17/2025 11:21 AM // INFO // [EXPORT] // Child element of type Line cloned and added to canvas.
11/17/2025 11:21 AM // INFO // [EXPORT] // Child element of type Line cloned and added to canvas.
11/17/2025 11:21 AM // INFO // [EXPORT] // Child element of type Line cloned and added to canvas.
11/17/2025 11:21 AM // INFO // [EXPORT] // Child element of type Line cloned and added to canvas.
11/17/2025 11:21 AM // INFO // [EXPORT] // Child element of type Line cloned and added to canvas.
11/17/2025 11:21 AM // INFO // [EXPORT] // Child element of type Line cloned and added to canvas.
11/17/2025 11:21 AM // INFO // [EXPORT] // Child element of type Line cloned and added to canvas.
11/17/2025 11:21 AM // INFO // [EXPORT] // Child element of type Line cloned and added to canvas.
11/17/2025 11:21 AM // INFO // [EXPORT] // Child element of type Line cloned and added to canvas.
11/17/2025 11:21 AM // INFO // [EXPORT] // Child element of type Line cloned and added to canvas.
11/17/2025 11:21 AM // INFO // [EXPORT] // Child element of type Line cloned and added to canvas.
11/17/2025 11:21 AM // INFO // [EXPORT] // Child element of type Line cloned and added to canvas.
11/17/2025 11:21 AM // INFO // [EXPORT] // Child element of type Line cloned and added to canvas.
11/17/2025 11:21 AM // INFO // [EXPORT] // Child element of type Line cloned and added to canvas.
11/17/2025 11:21 AM // INFO // [EXPORT] // Child element of type Line cloned and added to canvas.
11/17/2025 11:21 AM // INFO // [EXPORT] // Child element of type Line cloned and added to canvas.
11/17/2025 11:21 AM // INFO // [EXPORT] // Child element of type Line cloned and added to canvas.
11/17/2025 11:21 AM // INFO // [EXPORT] // Child element of type Line cloned and added to canvas.
11/17/2025 11:21 AM // INFO // [EXPORT] // Child element of type Line cloned and added to canvas.
11/17/2025 11:21 AM // INFO // [EXPORT] // Child element of type Line cloned and added to canvas.
11/17/2025 11:21 AM // INFO // [EXPORT] // Child element of type Line cloned and added to canvas.
11/17/2025 11:21 AM // INFO // [EXPORT] // Child element of type Line cloned and added to canvas.
11/17/2025 11:21 AM // INFO // [EXPORT] // Child element of type Line cloned and added to canvas.
11/17/2025 11:21 AM // INFO // [EXPORT] // Child element of type Line cloned and added to canvas.
11/17/2025 11:21 AM // INFO // [EXPORT] // Child element of type Line cloned and added to canvas.
11/17/2025 11:21 AM // INFO // [EXPORT] // Child element of type Line cloned and added to canvas.
11/17/2025 11:21 AM // INFO // [EXPORT] // Child element of type Line cloned and added to canvas.
11/17/2025 11:21 AM // INFO // [EXPORT] // Child element of type Line cloned and added to canvas.
11/17/2025 11:21 AM // INFO // [EXPORT] // Child element of type Line cloned and added to canvas.
11/17/2025 11:21 AM // INFO // [EXPORT] // Child element of type Line cloned and added to canvas.
11/17/2025 11:21 AM // INFO // [EXPORT] // Child element of type Line cloned and added to canvas.
11/17/2025 11:21 AM // INFO // [EXPORT] // Child element of type Line cloned and added to canvas.
11/17/2025 11:21 AM // INFO // [EXPORT] // Child element of type Line cloned and added to canvas.
11/17/2025 11:21 AM // INFO // [EXPORT] // Child element of type Line cloned and added to canvas.
11/17/2025 11:21 AM // INFO // [EXPORT] // Child element of type Line cloned and added to canvas.
11/17/2025 11:21 AM // INFO // [EXPORT] // Child element of type Line cloned and added to canvas.
11/17/2025 11:21 AM // INFO // [EXPORT] // Child element of type Line cloned and added to canvas.
11/17/2025 11:21 AM // INFO // [EXPORT] // Child element of type Line cloned and added to canvas.
11/17/2025 11:21 AM // INFO // [EXPORT] // Child element of type Line cloned and added to canvas.
11/17/2025 11:21 AM // INFO // [EXPORT] // Child element of type Line cloned and added to canvas.
11/17/2025 11:21 AM // INFO // [EXPORT] // Child element of type Line cloned and added to canvas.
11/17/2025 11:21 AM // INFO // [EXPORT] // Child element of type Line cloned and added to canvas.
11/17/2025 11:21 AM // INFO // [EXPORT] // Child element of type Line cloned and added to canvas.
11/17/2025 11:21 AM // INFO // [EXPORT] // Child element of type Line cloned and added to canvas.
11/17/2025 11:21 AM // INFO // [EXPORT] // Child element of type Line cloned and added to canvas.
11/17/2025 11:21 AM // INFO // [EXPORT] // Child element of type Line cloned and added to canvas.
11/17/2025 11:21 AM // INFO // [EXPORT] // Child element of type Line cloned and added to canvas.
11/17/2025 11:21 AM // INFO // [EXPORT] // Child element of type Line cloned and added to canvas.
11/17/2025 11:21 AM // INFO // [EXPORT] // Child element of type Line cloned and added to canvas.
11/17/2025 11:21 AM // INFO // [EXPORT] // Child element of type Line cloned and added to canvas.
11/17/2025 11:21 AM // INFO // [EXPORT] // Child element of type Line cloned and added to canvas.
11/17/2025 11:21 AM // INFO // [EXPORT] // Child element of type Line cloned and added to canvas.
11/17/2025 11:21 AM // INFO // [EXPORT] // Child element of type Line cloned and added to canvas.
11/17/2025 11:21 AM // INFO // [EXPORT] // Child element of type Line cloned and added to canvas.
11/17/2025 11:21 AM // INFO // [EXPORT] // Child element of type Line cloned and added to canvas.
11/17/2025 11:21 AM // INFO // [EXPORT] // Child element of type Line cloned and added to canvas.
11/17/2025 11:21 AM // INFO // [EXPORT] // Child element of type Line cloned and added to canvas.
11/17/2025 11:21 AM // INFO // [EXPORT] // Child element of type Line cloned and added to canvas.
11/17/2025 11:21 AM // INFO // [EXPORT] // Child element of type Line cloned and added to canvas.
11/17/2025 11:21 AM // INFO // [EXPORT] // Child element of type Line cloned and added to canvas.
11/17/2025 11:21 AM // INFO // [EXPORT] // Child element of type Line cloned and added to canvas.
11/17/2025 11:21 AM // INFO // [EXPORT] // Child element of type Line cloned and added to canvas.
11/17/2025 11:21 AM // INFO // [EXPORT] // Child element of type Line cloned and added to canvas.
11/17/2025 11:21 AM // INFO // [EXPORT] // Child element of type Line cloned and added to canvas.
11/17/2025 11:21 AM // INFO // [EXPORT] // Child element of type Line cloned and added to canvas.
11/17/2025 11:21 AM // INFO // [EXPORT] // Child element of type Line cloned and added to canvas.
11/17/2025 11:21 AM // INFO // [EXPORT] // Child element of type Line cloned and added to canvas.
11/17/2025 11:21 AM // INFO // [EXPORT] // Child element of type Line cloned and added to canvas.
11/17/2025 11:21 AM // INFO // [EXPORT] // Child element of type Line cloned and added to canvas.
11/17/2025 11:21 AM // INFO // [EXPORT] // Child element of type Line cloned and added to canvas.
11/17/2025 11:21 AM // INFO // [EXPORT] // Child element of type Line cloned and added to canvas.
11/17/2025 11:21 AM // INFO // [EXPORT] // Child element of type Line cloned and added to canvas.
11/17/2025 11:21 AM // INFO // [EXPORT] // Child element of type Line cloned and added to canvas.
11/17/2025 11:21 AM // INFO // [EXPORT] // Child element of type Line cloned and added to canvas.
11/17/2025 11:21 AM // INFO // [EXPORT] // Child element of type Line cloned and added to canvas.
11/17/2025 11:21 AM // INFO // [EXPORT] // Child element of type Line cloned and added to canvas.
11/17/2025 11:21 AM // INFO // [EXPORT] // Child element of type Line cloned and added to canvas.
11/17/2025 11:21 AM // INFO // [EXPORT] // Child element of type Line cloned and added to canvas.
11/17/2025 11:21 AM // INFO // [EXPORT] // Child element of type Line cloned and added to canvas.
11/17/2025 11:21 AM // INFO // [EXPORT] // Child element of type Line cloned and added to canvas.
11/17/2025 11:21 AM // INFO // [EXPORT] // Child element of type Line cloned and added to canvas.
11/17/2025 11:21 AM // INFO // [EXPORT] // Child element of type Line cloned and added to canvas.
11/17/2025 11:21 AM // INFO // [EXPORT] // Child element of type Line cloned and added to canvas.
11/17/2025 11:21 AM // INFO // [EXPORT] // Child element of type Line cloned and added to canvas.
11/17/2025 11:21 AM // INFO // [EXPORT] // Child element of type Line cloned and added to canvas.
11/17/2025 11:21 AM // INFO // [EXPORT] // Child element of type Line cloned and added to canvas.
11/17/2025 11:21 AM // INFO // [EXPORT] // Child element of type Line cloned and added to canvas.
11/17/2025 11:21 AM // INFO // [EXPORT] // Child element of type Line cloned and added to canvas.
11/17/2025 11:21 AM // INFO // [EXPORT] // Child element of type Line cloned and added to canvas.
11/17/2025 11:21 AM // INFO // [EXPORT] // Child element of type Line cloned and added to canvas.
11/17/2025 11:21 AM // INFO // [EXPORT] // Child element of type Line cloned and added to canvas.
11/17/2025 11:21 AM // INFO // [EXPORT] // Child element of type Line cloned and added to canvas.
11/17/2025 11:21 AM // INFO // [EXPORT] // Child element of type Line cloned and added to canvas.
11/17/2025 11:21 AM // INFO // [EXPORT] // Child element of type Line cloned and added to canvas.
11/17/2025 11:21 AM // INFO // [EXPORT] // Child element of type Line cloned and added to canvas.
11/17/2025 11:21 AM // INFO // [EXPORT] // Child element of type Line cloned and added to canvas.
11/17/2025 11:21 AM // INFO // [EXPORT] // Child element of type Rectangle cloned and added to canvas.
11/17/2025 11:21 AM // INFO // [EXPORT] // Child element of type TextBlock cloned and added to canvas.
11/17/2025 11:21 AM // INFO // [EXPORT] // Child element of type Rectangle cloned and added to canvas.
11/17/2025 11:21 AM // INFO // [EXPORT] // Child element of type TextBlock cloned and added to canvas.
11/17/2025 11:21 AM // INFO // [EXPORT] // Child element of type Rectangle cloned and added to canvas.
11/17/2025 11:21 AM // INFO // [EXPORT] // Child element of type TextBlock cloned and added to canvas.
11/17/2025 11:21 AM // INFO // [EXPORT] // Child element of type Rectangle cloned and added to canvas.
11/17/2025 11:21 AM // INFO // [EXPORT] // Child element of type TextBlock cloned and added to canvas.
11/17/2025 11:21 AM // INFO // [EXPORT] // Child element of type Rectangle cloned and added to canvas.
11/17/2025 11:21 AM // INFO // [EXPORT] // Child element of type TextBlock cloned and added to canvas.
11/17/2025 11:21 AM // INFO // [EXPORT] // Child element of type Rectangle cloned and added to canvas.
11/17/2025 11:21 AM // INFO // [EXPORT] // Child element of type TextBlock cloned and added to canvas.
11/17/2025 11:21 AM // INFO // [EXPORT] // Canvas cloned with 143 children.
11/17/2025 11:21 AM // INFO // [EXPORT] // Child element of type TextBlock cloned and added to canvas.
11/17/2025 11:21 AM // INFO // [EXPORT] // Child element of type Line cloned and added to canvas.
11/17/2025 11:21 AM // INFO // [EXPORT] // Child element of type Line cloned and added to canvas.
11/17/2025 11:21 AM // INFO // [EXPORT] // Child element of type TextBlock cloned and added to canvas.
11/17/2025 11:21 AM // INFO // [EXPORT] // Child element of type Line cloned and added to canvas.
11/17/2025 11:21 AM // INFO // [EXPORT] // Child element of type Line cloned and added to canvas.
11/17/2025 11:21 AM // INFO // [EXPORT] // Child element of type TextBlock cloned and added to canvas.
11/17/2025 11:21 AM // INFO // [EXPORT] // Child element of type Line cloned and added to canvas.
11/17/2025 11:21 AM // INFO // [EXPORT] // Child element of type Line cloned and added to canvas.
11/17/2025 11:21 AM // INFO // [EXPORT] // Child element of type TextBlock cloned and added to canvas.
11/17/2025 11:21 AM // INFO // [EXPORT] // Child element of type Line cloned and added to canvas.
11/17/2025 11:21 AM // INFO // [EXPORT] // Child element of type Line cloned and added to canvas.
11/17/2025 11:21 AM // INFO // [EXPORT] // Child element of type TextBlock cloned and added to canvas.
11/17/2025 11:21 AM // INFO // [EXPORT] // Child element of type Line cloned and added to canvas.
11/17/2025 11:21 AM // INFO // [EXPORT] // Child element of type Line cloned and added to canvas.
11/17/2025 11:21 AM // INFO // [EXPORT] // Child element of type TextBlock cloned and added to canvas.
11/17/2025 11:21 AM // INFO // [EXPORT] // Child element of type Line cloned and added to canvas.
11/17/2025 11:21 AM // INFO // [EXPORT] // Child element of type Line cloned and added to canvas.
11/17/2025 11:21 AM // INFO // [EXPORT] // Child element of type TextBlock cloned and added to canvas.
11/17/2025 11:21 AM // INFO // [EXPORT] // Child element of type Line cloned and added to canvas.
11/17/2025 11:21 AM // INFO // [EXPORT] // Child element of type Line cloned and added to canvas.
11/17/2025 11:21 AM // INFO // [EXPORT] // Child element of type TextBlock cloned and added to canvas.
11/17/2025 11:21 AM // INFO // [EXPORT] // Child element of type Line cloned and added to canvas.
11/17/2025 11:21 AM // INFO // [EXPORT] // Child element of type Line cloned and added to canvas.
11/17/2025 11:21 AM // INFO // [EXPORT] // Child element of type TextBlock cloned and added to canvas.
11/17/2025 11:21 AM // INFO // [EXPORT] // Child element of type Line cloned and added to canvas.
11/17/2025 11:21 AM // INFO // [EXPORT] // Child element of type Line cloned and added to canvas.
11/17/2025 11:21 AM // INFO // [EXPORT] // Child element of type TextBlock cloned and added to canvas.
11/17/2025 11:21 AM // INFO // [EXPORT] // Child element of type Line cloned and added to canvas.
11/17/2025 11:21 AM // INFO // [EXPORT] // Child element of type Line cloned and added to canvas.
11/17/2025 11:21 AM // INFO // [EXPORT] // Child element of type TextBlock cloned and added to canvas.
11/17/2025 11:21 AM // INFO // [EXPORT] // Child element of type Line cloned and added to canvas.
11/17/2025 11:21 AM // INFO // [EXPORT] // Child element of type Line cloned and added to canvas.
11/17/2025 11:21 AM // INFO // [EXPORT] // Child element of type TextBlock cloned and added to canvas.
11/17/2025 11:21 AM // INFO // [EXPORT] // Child element of type Line cloned and added to canvas.
11/17/2025 11:21 AM // INFO // [EXPORT] // Child element of type Line cloned and added to canvas.
11/17/2025 11:21 AM // INFO // [EXPORT] // Child element of type TextBlock cloned and added to canvas.
11/17/2025 11:21 AM // INFO // [EXPORT] // Child element of type Line cloned and added to canvas.
11/17/2025 11:21 AM // INFO // [EXPORT] // Child element of type Line cloned and added to canvas.
11/17/2025 11:21 AM // INFO // [EXPORT] // Child element of type TextBlock cloned and added to canvas.
11/17/2025 11:21 AM // INFO // [EXPORT] // Child element of type Line cloned and added to canvas.
11/17/2025 11:21 AM // INFO // [EXPORT] // Child element of type Line cloned and added to canvas.
11/17/2025 11:21 AM // INFO // [EXPORT] // Child element of type TextBlock cloned and added to canvas.
11/17/2025 11:21 AM // INFO // [EXPORT] // Child element of type Line cloned and added to canvas.
11/17/2025 11:21 AM // INFO // [EXPORT] // Child element of type Line cloned and added to canvas.
11/17/2025 11:21 AM // INFO // [EXPORT] // Child element of type TextBlock cloned and added to canvas.
11/17/2025 11:21 AM // INFO // [EXPORT] // Child element of type Line cloned and added to canvas.
11/17/2025 11:21 AM // INFO // [EXPORT] // Child element of type Line cloned and added to canvas.
11/17/2025 11:21 AM // INFO // [EXPORT] // Child element of type TextBlock cloned and added to canvas.
11/17/2025 11:21 AM // INFO // [EXPORT] // Child element of type Line cloned and added to canvas.
11/17/2025 11:21 AM // INFO // [EXPORT] // Child element of type Line cloned and added to canvas.
11/17/2025 11:21 AM // INFO // [EXPORT] // Child element of type TextBlock cloned and added to canvas.
11/17/2025 11:21 AM // INFO // [EXPORT] // Child element of type Line cloned and added to canvas.
11/17/2025 11:21 AM // INFO // [EXPORT] // Child element of type Line cloned and added to canvas.
11/17/2025 11:21 AM // INFO // [EXPORT] // Child element of type TextBlock cloned and added to canvas.
11/17/2025 11:21 AM // INFO // [EXPORT] // Child element of type Line cloned and added to canvas.
11/17/2025 11:21 AM // INFO // [EXPORT] // Child element of type Line cloned and added to canvas.
11/17/2025 11:21 AM // INFO // [EXPORT] // Child element of type TextBlock cloned and added to canvas.
11/17/2025 11:21 AM // INFO // [EXPORT] // Child element of type Line cloned and added to canvas.
11/17/2025 11:21 AM // INFO // [EXPORT] // Child element of type Line cloned and added to canvas.
11/17/2025 11:21 AM // INFO // [EXPORT] // Child element of type TextBlock cloned and added to canvas.
11/17/2025 11:21 AM // INFO // [EXPORT] // Child element of type Line cloned and added to canvas.
11/17/2025 11:21 AM // INFO // [EXPORT] // Child element of type Line cloned and added to canvas.
11/17/2025 11:21 AM // INFO // [EXPORT] // Child element of type TextBlock cloned and added to canvas.
11/17/2025 11:21 AM // INFO // [EXPORT] // Child element of type Line cloned and added to canvas.
11/17/2025 11:21 AM // INFO // [EXPORT] // Child element of type Line cloned and added to canvas.
11/17/2025 11:21 AM // INFO // [EXPORT] // Child element of type TextBlock cloned and added to canvas.
11/17/2025 11:21 AM // INFO // [EXPORT] // Child element of type Line cloned and added to canvas.
11/17/2025 11:21 AM // INFO // [EXPORT] // Child element of type Line cloned and added to canvas.
11/17/2025 11:21 AM // INFO // [EXPORT] // Child element of type TextBlock cloned and added to canvas.
11/17/2025 11:21 AM // INFO // [EXPORT] // Child element of type Line cloned and added to canvas.
11/17/2025 11:21 AM // INFO // [EXPORT] // Child element of type Line cloned and added to canvas.
11/17/2025 11:21 AM // INFO // [EXPORT] // Child element of type TextBlock cloned and added to canvas.
11/17/2025 11:21 AM // INFO // [EXPORT] // Child element of type Line cloned and added to canvas.
11/17/2025 11:21 AM // INFO // [EXPORT] // Child element of type Line cloned and added to canvas.
11/17/2025 11:21 AM // INFO // [EXPORT] // Child element of type TextBlock cloned and added to canvas.
11/17/2025 11:21 AM // INFO // [EXPORT] // Child element of type Line cloned and added to canvas.
11/17/2025 11:21 AM // INFO // [EXPORT] // Child element of type Line cloned and added to canvas.
11/17/2025 11:21 AM // INFO // [EXPORT] // Child element of type TextBlock cloned and added to canvas.
11/17/2025 11:21 AM // INFO // [EXPORT] // Child element of type Line cloned and added to canvas.
11/17/2025 11:21 AM // INFO // [EXPORT] // Child element of type Line cloned and added to canvas.
11/17/2025 11:21 AM // INFO // [EXPORT] // Child element of type TextBlock cloned and added to canvas.
11/17/2025 11:21 AM // INFO // [EXPORT] // Child element of type Line cloned and added to canvas.
11/17/2025 11:21 AM // INFO // [EXPORT] // Child element of type Line cloned and added to canvas.
11/17/2025 11:21 AM // INFO // [EXPORT] // Child element of type TextBlock cloned and added to canvas.
11/17/2025 11:21 AM // INFO // [EXPORT] // Child element of type Line cloned and added to canvas.
11/17/2025 11:21 AM // INFO // [EXPORT] // Child element of type Line cloned and added to canvas.
11/17/2025 11:21 AM // INFO // [EXPORT] // Child element of type TextBlock cloned and added to canvas.
11/17/2025 11:21 AM // INFO // [EXPORT] // Child element of type Line cloned and added to canvas.
11/17/2025 11:21 AM // INFO // [EXPORT] // Child element of type Line cloned and added to canvas.
11/17/2025 11:21 AM // INFO // [EXPORT] // Child element of type TextBlock cloned and added to canvas.
11/17/2025 11:21 AM // INFO // [EXPORT] // Child element of type Line cloned and added to canvas.
11/17/2025 11:21 AM // INFO // [EXPORT] // Child element of type Line cloned and added to canvas.
11/17/2025 11:21 AM // INFO // [EXPORT] // Child element of type TextBlock cloned and added to canvas.
11/17/2025 11:21 AM // INFO // [EXPORT] // Child element of type Line cloned and added to canvas.
11/17/2025 11:21 AM // INFO // [EXPORT] // Child element of type Line cloned and added to canvas.
11/17/2025 11:21 AM // INFO // [EXPORT] // Child element of type TextBlock cloned and added to canvas.
11/17/2025 11:21 AM // INFO // [EXPORT] // Child element of type Line cloned and added to canvas.
11/17/2025 11:21 AM // INFO // [EXPORT] // Child element of type Line cloned and added to canvas.
11/17/2025 11:21 AM // INFO // [EXPORT] // Child element of type TextBlock cloned and added to canvas.
11/17/2025 11:21 AM // INFO // [EXPORT] // Child element of type Line cloned and added to canvas.
11/17/2025 11:21 AM // INFO // [EXPORT] // Child element of type Line cloned and added to canvas.
11/17/2025 11:21 AM // INFO // [EXPORT] // Child element of type TextBlock cloned and added to canvas.
11/17/2025 11:21 AM // INFO // [EXPORT] // Child element of type Line cloned and added to canvas.
11/17/2025 11:21 AM // INFO // [EXPORT] // Child element of type Line cloned and added to canvas.
11/17/2025 11:21 AM // INFO // [EXPORT] // Child element of type TextBlock cloned and added to canvas.
11/17/2025 11:21 AM // INFO // [EXPORT] // Child element of type Line cloned and added to canvas.
11/17/2025 11:21 AM // INFO // [EXPORT] // Child element of type Line cloned and added to canvas.
11/17/2025 11:21 AM // INFO // [EXPORT] // Child element of type TextBlock cloned and added to canvas.
11/17/2025 11:21 AM // INFO // [EXPORT] // Child element of type Line cloned and added to canvas.
11/17/2025 11:21 AM // INFO // [EXPORT] // Child element of type Line cloned and added to canvas.
11/17/2025 11:21 AM // INFO // [EXPORT] // Child element of type TextBlock cloned and added to canvas.
11/17/2025 11:21 AM // INFO // [EXPORT] // Child element of type Line cloned and added to canvas.
11/17/2025 11:21 AM // INFO // [EXPORT] // Child element of type Line cloned and added to canvas.
11/17/2025 11:21 AM // INFO // [EXPORT] // Child element of type TextBlock cloned and added to canvas.
11/17/2025 11:21 AM // INFO // [EXPORT] // Child element of type Line cloned and added to canvas.
11/17/2025 11:21 AM // INFO // [EXPORT] // Child element of type Line cloned and added to canvas.
11/17/2025 11:21 AM // INFO // [EXPORT] // Child element of type TextBlock cloned and added to canvas.
11/17/2025 11:21 AM // INFO // [EXPORT] // Child element of type Line cloned and added to canvas.
11/17/2025 11:21 AM // INFO // [EXPORT] // Child element of type Line cloned and added to canvas.
11/17/2025 11:21 AM // INFO // [EXPORT] // Child element of type TextBlock cloned and added to canvas.
11/17/2025 11:21 AM // INFO // [EXPORT] // Child element of type Line cloned and added to canvas.
11/17/2025 11:21 AM // INFO // [EXPORT] // Child element of type Line cloned and added to canvas.
11/17/2025 11:21 AM // INFO // [EXPORT] // Child element of type TextBlock cloned and added to canvas.
11/17/2025 11:21 AM // INFO // [EXPORT] // Child element of type Line cloned and added to canvas.
11/17/2025 11:21 AM // INFO // [EXPORT] // Child element of type Line cloned and added to canvas.
11/17/2025 11:21 AM // INFO // [EXPORT] // Child element of type TextBlock cloned and added to canvas.
11/17/2025 11:21 AM // INFO // [EXPORT] // Child element of type Line cloned and added to canvas.
11/17/2025 11:21 AM // INFO // [EXPORT] // Child element of type Line cloned and added to canvas.
11/17/2025 11:21 AM // INFO // [EXPORT] // Child element of type TextBlock cloned and added to canvas.
11/17/2025 11:21 AM // INFO // [EXPORT] // Child element of type Line cloned and added to canvas.
11/17/2025 11:21 AM // INFO // [EXPORT] // Child element of type Line cloned and added to canvas.
11/17/2025 11:21 AM // INFO // [EXPORT] // Child element of type TextBlock cloned and added to canvas.
11/17/2025 11:21 AM // INFO // [EXPORT] // Child element of type Line cloned and added to canvas.
11/17/2025 11:21 AM // INFO // [EXPORT] // Child element of type Line cloned and added to canvas.
11/17/2025 11:21 AM // INFO // [EXPORT] // Child element of type TextBlock cloned and added to canvas.
11/17/2025 11:21 AM // INFO // [EXPORT] // Child element of type Line cloned and added to canvas.
11/17/2025 11:21 AM // INFO // [EXPORT] // Child element of type Line cloned and added to canvas.
11/17/2025 11:21 AM // INFO // [EXPORT] // Child element of type TextBlock cloned and added to canvas.
11/17/2025 11:21 AM // INFO // [EXPORT] // Child element of type Line cloned and added to canvas.
11/17/2025 11:21 AM // INFO // [EXPORT] // Child element of type Line cloned and added to canvas.
11/17/2025 11:21 AM // INFO // [EXPORT] // Child element of type TextBlock cloned and added to canvas.
11/17/2025 11:21 AM // INFO // [EXPORT] // Child element of type Line cloned and added to canvas.
11/17/2025 11:21 AM // INFO // [EXPORT] // Child element of type Line cloned and added to canvas.
11/17/2025 11:21 AM // INFO // [EXPORT] // Child element of type TextBlock cloned and added to canvas.
11/17/2025 11:21 AM // INFO // [EXPORT] // Child element of type Line cloned and added to canvas.
11/17/2025 11:21 AM // INFO // [EXPORT] // Child element of type Line cloned and added to canvas.
11/17/2025 11:21 AM // INFO // [EXPORT] // Child element of type TextBlock cloned and added to canvas.
11/17/2025 11:21 AM // INFO // [EXPORT] // Child element of type Line cloned and added to canvas.
11/17/2025 11:21 AM // INFO // [EXPORT] // Child element of type Line cloned and added to canvas.
11/17/2025 11:21 AM // INFO // [EXPORT] // Child element of type TextBlock cloned and added to canvas.
11/17/2025 11:21 AM // INFO // [EXPORT] // Child element of type Line cloned and added to canvas.
11/17/2025 11:21 AM // INFO // [EXPORT] // Child element of type Line cloned and added to canvas.
11/17/2025 11:21 AM // INFO // [EXPORT] // Child element of type TextBlock cloned and added to canvas.
11/17/2025 11:21 AM // INFO // [EXPORT] // Child element of type Line cloned and added to canvas.
11/17/2025 11:21 AM // INFO // [EXPORT] // Child element of type Line cloned and added to canvas.
11/17/2025 11:21 AM // INFO // [EXPORT] // Child element of type TextBlock cloned and added to canvas.
11/17/2025 11:21 AM // INFO // [EXPORT] // Child element of type Line cloned and added to canvas.
11/17/2025 11:21 AM // INFO // [EXPORT] // Child element of type Line cloned and added to canvas.
11/17/2025 11:21 AM // INFO // [EXPORT] // Child element of type TextBlock cloned and added to canvas.
11/17/2025 11:21 AM // INFO // [EXPORT] // Child element of type Line cloned and added to canvas.
11/17/2025 11:21 AM // INFO // [EXPORT] // Child element of type Line cloned and added to canvas.
11/17/2025 11:21 AM // INFO // [EXPORT] // Child element of type TextBlock cloned and added to canvas.
11/17/2025 11:21 AM // INFO // [EXPORT] // Child element of type Line cloned and added to canvas.
11/17/2025 11:21 AM // INFO // [EXPORT] // Child element of type Line cloned and added to canvas.
11/17/2025 11:21 AM // INFO // [EXPORT] // Child element of type TextBlock cloned and added to canvas.
11/17/2025 11:21 AM // INFO // [EXPORT] // Child element of type Line cloned and added to canvas.
11/17/2025 11:21 AM // INFO // [EXPORT] // Child element of type Line cloned and added to canvas.
11/17/2025 11:21 AM // INFO // [EXPORT] // Child element of type TextBlock cloned and added to canvas.
11/17/2025 11:21 AM // INFO // [EXPORT] // Child element of type Line cloned and added to canvas.
11/17/2025 11:21 AM // INFO // [EXPORT] // Child element of type Line cloned and added to canvas.
11/17/2025 11:21 AM // INFO // [EXPORT] // Child element of type TextBlock cloned and added to canvas.
11/17/2025 11:21 AM // INFO // [EXPORT] // Child element of type Line cloned and added to canvas.
11/17/2025 11:21 AM // INFO // [EXPORT] // Child element of type Line cloned and added to canvas.
11/17/2025 11:21 AM // INFO // [EXPORT] // Child element of type TextBlock cloned and added to canvas.
11/17/2025 11:21 AM // INFO // [EXPORT] // Child element of type Line cloned and added to canvas.
11/17/2025 11:21 AM // INFO // [EXPORT] // Child element of type Line cloned and added to canvas.
11/17/2025 11:21 AM // INFO // [EXPORT] // Child element of type TextBlock cloned and added to canvas.
11/17/2025 11:21 AM // INFO // [EXPORT] // Child element of type Line cloned and added to canvas.
11/17/2025 11:21 AM // INFO // [EXPORT] // Child element of type Line cloned and added to canvas.
11/17/2025 11:21 AM // INFO // [EXPORT] // Child element of type TextBlock cloned and added to canvas.
11/17/2025 11:21 AM // INFO // [EXPORT] // Child element of type Line cloned and added to canvas.
11/17/2025 11:21 AM // INFO // [EXPORT] // Child element of type Line cloned and added to canvas.
11/17/2025 11:21 AM // INFO // [EXPORT] // Child element of type TextBlock cloned and added to canvas.
11/17/2025 11:21 AM // INFO // [EXPORT] // Child element of type Line cloned and added to canvas.
11/17/2025 11:21 AM // INFO // [EXPORT] // Child element of type Line cloned and added to canvas.
11/17/2025 11:21 AM // INFO // [EXPORT] // Child element of type TextBlock cloned and added to canvas.
11/17/2025 11:21 AM // INFO // [EXPORT] // Child element of type Line cloned and added to canvas.
11/17/2025 11:21 AM // INFO // [EXPORT] // Child element of type Line cloned and added to canvas.
11/17/2025 11:21 AM // INFO // [EXPORT] // Child element of type TextBlock cloned and added to canvas.
11/17/2025 11:21 AM // INFO // [EXPORT] // Child element of type Line cloned and added to canvas.
11/17/2025 11:21 AM // INFO // [EXPORT] // Child element of type Line cloned and added to canvas.
11/17/2025 11:21 AM // INFO // [EXPORT] // Child element of type TextBlock cloned and added to canvas.
11/17/2025 11:21 AM // INFO // [EXPORT] // Child element of type Line cloned and added to canvas.
11/17/2025 11:21 AM // INFO // [EXPORT] // Child element of type Line cloned and added to canvas.
11/17/2025 11:21 AM // INFO // [EXPORT] // Child element of type TextBlock cloned and added to canvas.
11/17/2025 11:21 AM // INFO // [EXPORT] // Child element of type Line cloned and added to canvas.
11/17/2025 11:21 AM // INFO // [EXPORT] // Canvas cloned with 197 children.
11/17/2025 11:21 AM // INFO // [EXPORT] // Gantt Chart combined panel measured and arranged with size 1400x250.
11/17/2025 11:21 AM // INFO // [EXPORT] // Gantt Chart combined RenderTargetBitmap created with size 1400x250 at 96 DPI.
11/17/2025 11:21 AM // INFO // [EXPORT] // Gantt Chart JpegBitmapEncoder created and frame added.
11/17/2025 11:21 AM // INFO // [EXPORT] // Gantt Chart exported successfully as C:\Users\Phant0m\Desktop\THESIS_LIPX05\gantt chart_20251117_111028.jpg.
11/17/2025 11:21 AM // INFO // [EXPORT] // Gantt chart exported as JPEG file!
