10/21/2025 10:20 PM // INFO // [INITIALIZATION] // Beginning initialization...
10/21/2025 10:20 PM // INFO // [SAVE] // Custom solvers loaded from JSON file!
10/21/2025 10:20 PM // INFO // [INITIALIZATION] // Johnson's Rule solver added!
10/21/2025 10:20 PM // INFO // [INITIALIZATION] // List Scheduling solver added!
10/21/2025 10:20 PM // INFO // [INITIALIZATION] // {cs.Name} ({cs.TypeID} type) solver added!
10/21/2025 10:20 PM // INFO // [INITIALIZATION] // Solver menu successfully built!
10/21/2025 10:20 PM // INFO // [CONSTRAINT] // Saving and closing are disabled for as long as there are no files opened.
10/21/2025 10:20 PM // INFO // [INITIALIZATION] // Initialization complete!
10/21/2025 10:20 PM // WARNING // [S_GRAPH] // No BatchML file loaded, drawing example S-Graph!
10/21/2025 10:20 PM // INFO // [CLEAR] // SGraphCanvas has been cleared!
10/21/2025 10:20 PM // INFO // [CLEAR] // GanttCanvas has been cleared!
10/21/2025 10:20 PM // INFO // [CLEAR] // RulerCanvas has been cleared!
10/21/2025 10:20 PM // INFO // [CLEAR] // S-Graph nodes cleared!
10/21/2025 10:20 PM // INFO // [CLEAR] // S-Graph edges cleared!
10/21/2025 10:20 PM // INFO // [S_GRAPH] // Node J2_M1 at 100;70
10/21/2025 10:20 PM // INFO // [S_GRAPH] // Node J2_M2 at 400;70
10/21/2025 10:20 PM // INFO // [S_GRAPH] // Node J1_M1 at 100;220
10/21/2025 10:20 PM // INFO // [S_GRAPH] // Node J1_M2 at 400;220
10/21/2025 10:20 PM // INFO // [S_GRAPH] // Node J3_M1 at 100;370
10/21/2025 10:20 PM // INFO // [S_GRAPH] // Node J3_M2 at 400;370
10/21/2025 10:20 PM // INFO // [S_GRAPH] // Node Prod_M1 at 100;520
10/21/2025 10:20 PM // INFO // [S_GRAPH] // Node Prod_M2 at 400;520
10/21/2025 10:20 PM // INFO // [S_GRAPH] // Technological edge J2_M1 to J2_M2 set to fixed curve 50.
10/21/2025 10:20 PM // INFO // [S_GRAPH] // Edge drawn from (170,0;105,0) to (400,0;105,0)!
10/21/2025 10:20 PM // INFO // [S_GRAPH] // Weight 2 drawn at (285;130)!
10/21/2025 10:20 PM // INFO // [S_GRAPH] // Edge from J2_M1 to J2_M2 with cost 2 drawn.
10/21/2025 10:20 PM // INFO // [S_GRAPH] // Technological edge J1_M1 to J1_M2 set to fixed curve 50.
10/21/2025 10:20 PM // INFO // [S_GRAPH] // Edge drawn from (170,0;255,0) to (400,0;255,0)!
10/21/2025 10:20 PM // INFO // [S_GRAPH] // Weight 3 drawn at (285;280)!
10/21/2025 10:20 PM // INFO // [S_GRAPH] // Edge from J1_M1 to J1_M2 with cost 3 drawn.
10/21/2025 10:20 PM // INFO // [S_GRAPH] // Technological edge J3_M1 to J3_M2 set to fixed curve 50.
10/21/2025 10:20 PM // INFO // [S_GRAPH] // Edge drawn from (170,0;405,0) to (400,0;405,0)!
10/21/2025 10:20 PM // INFO // [S_GRAPH] // Weight 3 drawn at (285;430)!
10/21/2025 10:20 PM // INFO // [S_GRAPH] // Edge from J3_M1 to J3_M2 with cost 3 drawn.
10/21/2025 10:20 PM // INFO // [S_GRAPH] // Canvas resized to 520x640!
10/21/2025 10:20 PM // INFO // [S_GRAPH] // Example Flow Shop S-Graph drawn!
10/21/2025 10:20 PM // INFO // [INITIALIZATION] // Johnson's Rule solver enabled!
10/21/2025 10:20 PM // INFO // [INITIALIZATION] // List Scheduling solver enabled!
10/21/2025 10:20 PM // INFO // [INITIALIZATION] // Simulated Annealing solver enabled!
10/21/2025 10:20 PM // INFO // [INITIALIZATION] //  solver enabled!
10/21/2025 10:20 PM // INFO // [CONSTRAINT] // Saving and closing are disabled for as long as there are no files opened.
10/21/2025 10:20 PM // INFO // [INTEG_SOLVER] // Johnson's Rule solver selected!
10/21/2025 10:20 PM // INFO // [INTEG_SOLVER] // Starting Johnson's Rule solver...
10/21/2025 10:20 PM // INFO // [Johnson's Rule Optimizer] // Optimized job sequence: J2 -> J1 -> J3
10/21/2025 10:20 PM // INFO // [Johnson's Rule Optimizer] // Rebuilt graph with optimized sequences and final product links.
10/21/2025 10:20 PM // INFO // [Johnson's Rule Optimizer] // Node J2_M1 added to topological order.
10/21/2025 10:20 PM // INFO // [Johnson's Rule Optimizer] // Decreased in-degree of J2_M2 to 0.
10/21/2025 10:20 PM // INFO // [Johnson's Rule Optimizer] // Decreased in-degree of J1_M1 to 0.
10/21/2025 10:20 PM // INFO // [Johnson's Rule Optimizer] // Node J2_M2 added to topological order.
10/21/2025 10:20 PM // INFO // [Johnson's Rule Optimizer] // Decreased in-degree of J1_M2 to 1.
10/21/2025 10:20 PM // INFO // [Johnson's Rule Optimizer] // Node J1_M1 added to topological order.
10/21/2025 10:20 PM // INFO // [Johnson's Rule Optimizer] // Decreased in-degree of J1_M2 to 0.
10/21/2025 10:20 PM // INFO // [Johnson's Rule Optimizer] // Decreased in-degree of J3_M1 to 0.
10/21/2025 10:20 PM // INFO // [Johnson's Rule Optimizer] // Node J1_M2 added to topological order.
10/21/2025 10:20 PM // INFO // [Johnson's Rule Optimizer] // Decreased in-degree of J3_M2 to 1.
10/21/2025 10:20 PM // INFO // [Johnson's Rule Optimizer] // Node J3_M1 added to topological order.
10/21/2025 10:20 PM // INFO // [Johnson's Rule Optimizer] // Decreased in-degree of J3_M2 to 0.
10/21/2025 10:20 PM // INFO // [Johnson's Rule Optimizer] // Decreased in-degree of Prod_M1 to 0.
10/21/2025 10:20 PM // INFO // [Johnson's Rule Optimizer] // Node J3_M2 added to topological order.
10/21/2025 10:20 PM // INFO // [Johnson's Rule Optimizer] // Decreased in-degree of Prod_M2 to 0.
10/21/2025 10:20 PM // INFO // [Johnson's Rule Optimizer] // Node Prod_M1 added to topological order.
10/21/2025 10:20 PM // INFO // [Johnson's Rule Optimizer] // Node Prod_M2 added to topological order.
10/21/2025 10:20 PM // INFO // [Johnson's Rule Optimizer] // Topological sort completed successfully.
10/21/2025 10:20 PM // INFO // [S_GRAPH] // Node J2_M1 at 100;70
10/21/2025 10:20 PM // INFO // [S_GRAPH] // Node J2_M2 at 400;70
10/21/2025 10:20 PM // INFO // [S_GRAPH] // Node J1_M1 at 100;220
10/21/2025 10:20 PM // INFO // [S_GRAPH] // Node J1_M2 at 400;220
10/21/2025 10:20 PM // INFO // [S_GRAPH] // Node J3_M1 at 100;370
10/21/2025 10:20 PM // INFO // [S_GRAPH] // Node J3_M2 at 400;370
10/21/2025 10:20 PM // INFO // [S_GRAPH] // Node Prod_M1 at 100;520
10/21/2025 10:20 PM // INFO // [S_GRAPH] // Node Prod_M2 at 400;520
10/21/2025 10:20 PM // INFO // [S_GRAPH] // Technological edge J2_M1 to J2_M2 set to fixed curve 50.
10/21/2025 10:20 PM // INFO // [S_GRAPH] // Edge drawn from (170,0;105,0) to (400,0;105,0)!
10/21/2025 10:20 PM // INFO // [S_GRAPH] // Weight 2 drawn at (285;130)!
10/21/2025 10:20 PM // INFO // [S_GRAPH] // Edge from J2_M1 to J2_M2 with cost 2 drawn.
10/21/2025 10:20 PM // INFO // [S_GRAPH] // Technological edge J1_M1 to J1_M2 set to fixed curve 50.
10/21/2025 10:20 PM // INFO // [S_GRAPH] // Edge drawn from (170,0;255,0) to (400,0;255,0)!
10/21/2025 10:20 PM // INFO // [S_GRAPH] // Weight 3 drawn at (285;280)!
10/21/2025 10:20 PM // INFO // [S_GRAPH] // Edge from J1_M1 to J1_M2 with cost 3 drawn.
10/21/2025 10:20 PM // INFO // [S_GRAPH] // Technological edge J3_M1 to J3_M2 set to fixed curve 50.
10/21/2025 10:20 PM // INFO // [S_GRAPH] // Edge drawn from (170,0;405,0) to (400,0;405,0)!
10/21/2025 10:20 PM // INFO // [S_GRAPH] // Weight 3 drawn at (285;430)!
10/21/2025 10:20 PM // INFO // [S_GRAPH] // Edge from J3_M1 to J3_M2 with cost 3 drawn.
10/21/2025 10:20 PM // INFO // [S_GRAPH] // Edge drawn from (135,0;140,0) to (135,0;220,0)!
10/21/2025 10:20 PM // INFO // [S_GRAPH] // Weight 2 drawn at (135;180)!
10/21/2025 10:20 PM // INFO // [S_GRAPH] // Edge from J2_M1 to J1_M1 with cost 2 drawn.
10/21/2025 10:20 PM // INFO // [S_GRAPH] // Edge drawn from (135,0;290,0) to (135,0;370,0)!
10/21/2025 10:20 PM // INFO // [S_GRAPH] // Weight 3 drawn at (135;330)!
10/21/2025 10:20 PM // INFO // [S_GRAPH] // Edge from J1_M1 to J3_M1 with cost 3 drawn.
10/21/2025 10:20 PM // INFO // [S_GRAPH] // Edge drawn from (435,0;140,0) to (435,0;220,0)!
10/21/2025 10:20 PM // INFO // [S_GRAPH] // Weight 4 drawn at (435;180)!
10/21/2025 10:20 PM // INFO // [S_GRAPH] // Edge from J2_M2 to J1_M2 with cost 4 drawn.
10/21/2025 10:20 PM // INFO // [S_GRAPH] // Edge drawn from (435,0;290,0) to (435,0;370,0)!
10/21/2025 10:20 PM // INFO // [S_GRAPH] // Weight 2 drawn at (435;330)!
10/21/2025 10:20 PM // INFO // [S_GRAPH] // Edge from J1_M2 to J3_M2 with cost 2 drawn.
10/21/2025 10:20 PM // INFO // [S_GRAPH] // Edge drawn from (135,0;440,0) to (135,0;520,0)!
10/21/2025 10:20 PM // INFO // [S_GRAPH] // Weight 3 drawn at (135;480)!
10/21/2025 10:20 PM // INFO // [S_GRAPH] // Edge from J3_M1 to Prod_M1 with cost 3 drawn.
10/21/2025 10:20 PM // INFO // [S_GRAPH] // Edge drawn from (435,0;440,0) to (435,0;520,0)!
10/21/2025 10:20 PM // INFO // [S_GRAPH] // Weight 2 drawn at (435;480)!
10/21/2025 10:20 PM // INFO // [S_GRAPH] // Edge from J3_M2 to Prod_M2 with cost 2 drawn.
10/21/2025 10:20 PM // INFO // [S_GRAPH] // Canvas resized to 520x640!
10/21/2025 10:20 PM // INFO // [S_GRAPH] // S-graph re-rendered with Johnson's Rule sequence.
10/21/2025 10:20 PM // INFO // [GANTT] // Predecessor J2_M1 EFT: 2 Cost: 2. Required Start: 4
10/21/2025 10:20 PM // INFO // [GANTT] // Predecessor J2_M1 EFT: 2 Cost: 2. Required Start: 4
10/21/2025 10:20 PM // INFO // [GANTT] // Predecessor J1_M1 EFT: 7 Cost: 3. Required Start: 10
10/21/2025 10:20 PM // INFO // [GANTT] // Predecessor J2_M2 EFT: 8 Cost: 4. Required Start: 12
10/21/2025 10:20 PM // INFO // [GANTT] // Predecessor J1_M1 EFT: 7 Cost: 3. Required Start: 10
10/21/2025 10:20 PM // INFO // [GANTT] // Predecessor J3_M1 EFT: 13 Cost: 3. Required Start: 16
10/21/2025 10:20 PM // INFO // [GANTT] // Predecessor J1_M2 EFT: 14 Cost: 2. Required Start: 16
10/21/2025 10:20 PM // WARNING // [GANTT] // Node Prod_M1 has non-positive duration (0), skipping...
10/21/2025 10:20 PM // WARNING // [GANTT] // Node Prod_M2 has non-positive duration (0), skipping...
10/21/2025 10:20 PM // INFO // [GANTT] // Gantt chart built with 6 items from path with 8 nodes.
10/21/2025 10:20 PM // INFO // [GANTT] // Gantt data built with 6 items from optimized path using Johnson's Rule!
10/21/2025 10:20 PM // INFO // [GANTT] // Canvases are ready to be used!
10/21/2025 10:20 PM // INFO // [GANTT] // Ruler drawn: 19 ticks and 10 labels.
10/21/2025 10:20 PM // INFO // [GANTT] // Gantt chart rendered with 6 items on canvas.
10/21/2025 10:20 PM // INFO // [GANTT] // Canvas resized to 280x110 to fit all Gantt items.
10/21/2025 10:20 PM // INFO // [GANTT] // Johnson's Rule schedule rendered successfully!
