10/21/2025 10:49 PM // INFO // [INITIALIZATION] // Beginning initialization...
10/21/2025 10:49 PM // INFO // [SAVE] // Custom solvers loaded from JSON file!
10/21/2025 10:49 PM // INFO // [INITIALIZATION] // Johnson's Rule solver added!
10/21/2025 10:49 PM // INFO // [INITIALIZATION] // List Scheduling solver added!
10/21/2025 10:49 PM // INFO // [INITIALIZATION] // {cs.Name} ({cs.TypeID} type) solver added!
10/21/2025 10:49 PM // INFO // [INITIALIZATION] // Solver menu successfully built!
10/21/2025 10:49 PM // INFO // [CONSTRAINT] // Saving and closing are disabled for as long as there are no files opened.
10/21/2025 10:49 PM // INFO // [INITIALIZATION] // Initialization complete!
10/21/2025 10:49 PM // WARNING // [S_GRAPH] // No BatchML file loaded, drawing example S-Graph!
10/21/2025 10:49 PM // INFO // [CLEAR] // SGraphCanvas has been cleared!
10/21/2025 10:49 PM // INFO // [CLEAR] // GanttCanvas has been cleared!
10/21/2025 10:49 PM // INFO // [CLEAR] // RulerCanvas has been cleared!
10/21/2025 10:49 PM // INFO // [CLEAR] // S-Graph nodes cleared!
10/21/2025 10:49 PM // INFO // [CLEAR] // S-Graph edges cleared!
10/21/2025 10:49 PM // INFO // [S_GRAPH] // Node J2_M1 at 100;70
10/21/2025 10:49 PM // INFO // [S_GRAPH] // Node J2_M2 at 400;70
10/21/2025 10:49 PM // INFO // [S_GRAPH] // Node J1_M1 at 100;220
10/21/2025 10:49 PM // INFO // [S_GRAPH] // Node J1_M2 at 400;220
10/21/2025 10:49 PM // INFO // [S_GRAPH] // Node J3_M1 at 100;370
10/21/2025 10:49 PM // INFO // [S_GRAPH] // Node J3_M2 at 400;370
10/21/2025 10:49 PM // INFO // [S_GRAPH] // Node Prod_M1 at 100;520
10/21/2025 10:49 PM // INFO // [S_GRAPH] // Node Prod_M2 at 400;520
10/21/2025 10:49 PM // INFO // [S_GRAPH] // Technological edge J2_M1 to J2_M2 set to fixed curve 50.
10/21/2025 10:49 PM // INFO // [S_GRAPH] // Edge drawn from (170,0;105,0) to (400,0;105,0)!
10/21/2025 10:49 PM // INFO // [S_GRAPH] // Edge from J2_M1 to J2_M2 with cost 0 drawn.
10/21/2025 10:49 PM // INFO // [S_GRAPH] // Technological edge J1_M1 to J1_M2 set to fixed curve 50.
10/21/2025 10:49 PM // INFO // [S_GRAPH] // Edge drawn from (170,0;255,0) to (400,0;255,0)!
10/21/2025 10:49 PM // INFO // [S_GRAPH] // Edge from J1_M1 to J1_M2 with cost 0 drawn.
10/21/2025 10:49 PM // INFO // [S_GRAPH] // Technological edge J3_M1 to J3_M2 set to fixed curve 50.
10/21/2025 10:49 PM // INFO // [S_GRAPH] // Edge drawn from (170,0;405,0) to (400,0;405,0)!
10/21/2025 10:49 PM // INFO // [S_GRAPH] // Edge from J3_M1 to J3_M2 with cost 0 drawn.
10/21/2025 10:49 PM // INFO // [S_GRAPH] // Canvas resized to 520x640!
10/21/2025 10:49 PM // INFO // [S_GRAPH] // Example Flow Shop S-Graph drawn!
10/21/2025 10:49 PM // INFO // [INITIALIZATION] // Johnson's Rule solver enabled!
10/21/2025 10:49 PM // INFO // [INITIALIZATION] // List Scheduling solver enabled!
10/21/2025 10:49 PM // INFO // [INITIALIZATION] // Simulated Annealing solver enabled!
10/21/2025 10:49 PM // INFO // [INITIALIZATION] //  solver enabled!
10/21/2025 10:49 PM // INFO // [CONSTRAINT] // Saving and closing are disabled for as long as there are no files opened.
10/21/2025 10:49 PM // INFO // [INTEG_SOLVER] // Johnson's Rule solver selected!
10/21/2025 10:49 PM // INFO // [INTEG_SOLVER] // Starting Johnson's Rule solver...
10/21/2025 10:49 PM // INFO // [Johnson's Rule Optimizer] // Optimized job sequence: J2 -> J1 -> J3
10/21/2025 10:49 PM // INFO // [Johnson's Rule Optimizer] // Cleared all existing S-Graph edges for sequence rebuild.
10/21/2025 10:49 PM // INFO // [Johnson's Rule Optimizer] // Graph rebuilt with necessary technological constraints (cost=duration) and zero-cost sequential constraints.
10/21/2025 10:49 PM // INFO // [Johnson's Rule Optimizer] // Node J2_M1 added to topological order.
10/21/2025 10:49 PM // INFO // [Johnson's Rule Optimizer] // Decreased in-degree of J2_M2 to 0.
10/21/2025 10:49 PM // INFO // [Johnson's Rule Optimizer] // Decreased in-degree of J1_M1 to 0.
10/21/2025 10:49 PM // INFO // [Johnson's Rule Optimizer] // Node J2_M2 added to topological order.
10/21/2025 10:49 PM // INFO // [Johnson's Rule Optimizer] // Decreased in-degree of J1_M2 to 1.
10/21/2025 10:49 PM // INFO // [Johnson's Rule Optimizer] // Node J1_M1 added to topological order.
10/21/2025 10:49 PM // INFO // [Johnson's Rule Optimizer] // Decreased in-degree of J1_M2 to 0.
10/21/2025 10:49 PM // INFO // [Johnson's Rule Optimizer] // Decreased in-degree of J3_M1 to 0.
10/21/2025 10:49 PM // INFO // [Johnson's Rule Optimizer] // Node J1_M2 added to topological order.
10/21/2025 10:49 PM // INFO // [Johnson's Rule Optimizer] // Decreased in-degree of J3_M2 to 1.
10/21/2025 10:49 PM // INFO // [Johnson's Rule Optimizer] // Node J3_M1 added to topological order.
10/21/2025 10:49 PM // INFO // [Johnson's Rule Optimizer] // Decreased in-degree of J3_M2 to 0.
10/21/2025 10:49 PM // INFO // [Johnson's Rule Optimizer] // Decreased in-degree of Prod_M1 to 0.
10/21/2025 10:49 PM // INFO // [Johnson's Rule Optimizer] // Node J3_M2 added to topological order.
10/21/2025 10:49 PM // INFO // [Johnson's Rule Optimizer] // Decreased in-degree of Prod_M2 to 1.
10/21/2025 10:49 PM // INFO // [Johnson's Rule Optimizer] // Node Prod_M1 added to topological order.
10/21/2025 10:49 PM // INFO // [Johnson's Rule Optimizer] // Decreased in-degree of Prod_M2 to 0.
10/21/2025 10:49 PM // INFO // [Johnson's Rule Optimizer] // Node Prod_M2 added to topological order.
10/21/2025 10:49 PM // INFO // [Johnson's Rule Optimizer] // Topological sort completed successfully.
10/21/2025 10:49 PM // INFO // [S_GRAPH] // Node J2_M1 at 100;70
10/21/2025 10:49 PM // INFO // [S_GRAPH] // Node J2_M2 at 400;70
10/21/2025 10:49 PM // INFO // [S_GRAPH] // Node J1_M1 at 100;220
10/21/2025 10:49 PM // INFO // [S_GRAPH] // Node J1_M2 at 400;220
10/21/2025 10:49 PM // INFO // [S_GRAPH] // Node J3_M1 at 100;370
10/21/2025 10:49 PM // INFO // [S_GRAPH] // Node J3_M2 at 400;370
10/21/2025 10:49 PM // INFO // [S_GRAPH] // Node Prod_M1 at 100;520
10/21/2025 10:49 PM // INFO // [S_GRAPH] // Node Prod_M2 at 400;520
10/21/2025 10:49 PM // INFO // [S_GRAPH] // Technological edge J2_M1 to J2_M2 set to fixed curve 50.
10/21/2025 10:49 PM // INFO // [S_GRAPH] // Edge drawn from (170,0;105,0) to (400,0;105,0)!
10/21/2025 10:49 PM // INFO // [S_GRAPH] // Weight 2 drawn at (285;130)!
10/21/2025 10:49 PM // INFO // [S_GRAPH] // Edge from J2_M1 to J2_M2 with cost 2 drawn.
10/21/2025 10:49 PM // INFO // [S_GRAPH] // Technological edge J1_M1 to J1_M2 set to fixed curve 50.
10/21/2025 10:49 PM // INFO // [S_GRAPH] // Edge drawn from (170,0;255,0) to (400,0;255,0)!
10/21/2025 10:49 PM // INFO // [S_GRAPH] // Weight 3 drawn at (285;280)!
10/21/2025 10:49 PM // INFO // [S_GRAPH] // Edge from J1_M1 to J1_M2 with cost 3 drawn.
10/21/2025 10:49 PM // INFO // [S_GRAPH] // Technological edge J3_M1 to J3_M2 set to fixed curve 50.
10/21/2025 10:49 PM // INFO // [S_GRAPH] // Edge drawn from (170,0;405,0) to (400,0;405,0)!
10/21/2025 10:49 PM // INFO // [S_GRAPH] // Weight 3 drawn at (285;430)!
10/21/2025 10:49 PM // INFO // [S_GRAPH] // Edge from J3_M1 to J3_M2 with cost 3 drawn.
10/21/2025 10:49 PM // INFO // [S_GRAPH] // Technological edge Prod_M1 to Prod_M2 set to fixed curve 50.
10/21/2025 10:49 PM // INFO // [S_GRAPH] // Edge drawn from (170,0;555,0) to (400,0;555,0)!
10/21/2025 10:49 PM // INFO // [S_GRAPH] // Edge from Prod_M1 to Prod_M2 with cost 0 drawn.
10/21/2025 10:49 PM // INFO // [S_GRAPH] // Edge drawn from (135,0;140,0) to (135,0;220,0)!
10/21/2025 10:49 PM // INFO // [S_GRAPH] // Edge from J2_M1 to J1_M1 with cost 0 drawn.
10/21/2025 10:49 PM // INFO // [S_GRAPH] // Edge drawn from (135,0;290,0) to (135,0;370,0)!
10/21/2025 10:49 PM // INFO // [S_GRAPH] // Edge from J1_M1 to J3_M1 with cost 0 drawn.
10/21/2025 10:49 PM // INFO // [S_GRAPH] // Edge drawn from (435,0;140,0) to (435,0;220,0)!
10/21/2025 10:49 PM // INFO // [S_GRAPH] // Edge from J2_M2 to J1_M2 with cost 0 drawn.
10/21/2025 10:49 PM // INFO // [S_GRAPH] // Edge drawn from (435,0;290,0) to (435,0;370,0)!
10/21/2025 10:49 PM // INFO // [S_GRAPH] // Edge from J1_M2 to J3_M2 with cost 0 drawn.
10/21/2025 10:49 PM // INFO // [S_GRAPH] // Edge drawn from (135,0;440,0) to (135,0;520,0)!
10/21/2025 10:49 PM // INFO // [S_GRAPH] // Edge from J3_M1 to Prod_M1 with cost 0 drawn.
10/21/2025 10:49 PM // INFO // [S_GRAPH] // Edge drawn from (435,0;440,0) to (435,0;520,0)!
10/21/2025 10:49 PM // INFO // [S_GRAPH] // Edge from J3_M2 to Prod_M2 with cost 0 drawn.
10/21/2025 10:49 PM // INFO // [S_GRAPH] // Canvas resized to 520x640!
10/21/2025 10:49 PM // INFO // [S_GRAPH] // S-graph re-rendered with Johnson's Rule sequence.
10/21/2025 10:49 PM // INFO // [GANTT] // Predecessor J2_M1 EFT: 2 Cost: 2. Required Start: 4
10/21/2025 10:49 PM // INFO // [GANTT] // Predecessor J2_M1 EFT: 2 Cost: 0. Required Start: 2
10/21/2025 10:49 PM // INFO // [GANTT] // Predecessor J1_M1 EFT: 5 Cost: 3. Required Start: 8
10/21/2025 10:49 PM // INFO // [GANTT] // Predecessor J2_M2 EFT: 8 Cost: 0. Required Start: 8
10/21/2025 10:49 PM // INFO // [GANTT] // Predecessor J1_M1 EFT: 5 Cost: 0. Required Start: 5
10/21/2025 10:49 PM // INFO // [GANTT] // Predecessor J3_M1 EFT: 8 Cost: 3. Required Start: 11
10/21/2025 10:49 PM // INFO // [GANTT] // Predecessor J1_M2 EFT: 10 Cost: 0. Required Start: 10
10/21/2025 10:49 PM // WARNING // [GANTT] // Node Prod_M1 has non-positive duration (0), skipping...
10/21/2025 10:49 PM // WARNING // [GANTT] // Node Prod_M2 has non-positive duration (0), skipping...
10/21/2025 10:49 PM // INFO // [GANTT] // Gantt chart built with 6 items from path with 8 nodes.
10/21/2025 10:49 PM // INFO // [GANTT] // Gantt data built with 6 items from optimized path using Johnson's Rule!
10/21/2025 10:49 PM // INFO // [GANTT] // Canvases are ready to be used!
10/21/2025 10:49 PM // INFO // [GANTT] // Ruler drawn: 14 ticks and 7 labels.
10/21/2025 10:49 PM // INFO // [GANTT] // Gantt chart rendered with 6 items on canvas.
10/21/2025 10:49 PM // INFO // [GANTT] // Canvas resized to 230x110 to fit all Gantt items.
10/21/2025 10:49 PM // INFO // [GANTT] // Johnson's Rule schedule rendered successfully!
10/21/2025 10:49 PM // INFO // [GANTT] // Gantt chart rendered with 6 items on canvas.
10/21/2025 10:49 PM // INFO // [GANTT] // Canvas resized to 230,36495675934847x110 to fit all Gantt items.
10/21/2025 10:49 PM // INFO // [GANTT] // Canvases are ready to be used!
10/21/2025 10:49 PM // INFO // [GANTT] // Ruler drawn: 14 ticks and 7 labels.
10/21/2025 10:49 PM // INFO // [MODIFY] // Zoom level changed to 0,004044489383215369, scale set to 10,028073596872959!
10/21/2025 10:49 PM // INFO // [GANTT] // Gantt chart rendered with 6 items on canvas.
10/21/2025 10:49 PM // INFO // [GANTT] // Canvas resized to 230,73093808359076x110 to fit all Gantt items.
10/21/2025 10:49 PM // INFO // [GANTT] // Canvases are ready to be used!
10/21/2025 10:49 PM // INFO // [GANTT] // Ruler drawn: 14 ticks and 7 labels.
10/21/2025 10:49 PM // INFO // [MODIFY] // Zoom level changed to 0,008088978766430738, scale set to 10,056226006430059!
10/21/2025 10:49 PM // INFO // [GANTT] // Gantt chart rendered with 6 items on canvas.
10/21/2025 10:49 PM // INFO // [GANTT] // Canvas resized to 231,83505824929924x110 to fit all Gantt items.
10/21/2025 10:49 PM // INFO // [GANTT] // Canvases are ready to be used!
10/21/2025 10:49 PM // INFO // [GANTT] // Ruler drawn: 14 ticks and 7 labels.
10/21/2025 10:49 PM // INFO // [MODIFY] // Zoom level changed to 0,020222446916076844, scale set to 10,141158326869173!
10/21/2025 10:49 PM // INFO // [GANTT] // Gantt chart rendered with 6 items on canvas.
10/21/2025 10:49 PM // INFO // [GANTT] // Canvas resized to 232,5763141325825x110 to fit all Gantt items.
10/21/2025 10:49 PM // INFO // [GANTT] // Canvases are ready to be used!
10/21/2025 10:49 PM // INFO // [GANTT] // Ruler drawn: 14 ticks and 7 labels.
10/21/2025 10:49 PM // INFO // [MODIFY] // Zoom level changed to 0,028311425682507583, scale set to 10,198178010198653!
10/21/2025 10:49 PM // INFO // [GANTT] // Gantt chart rendered with 6 items on canvas.
10/21/2025 10:49 PM // INFO // [GANTT] // Canvas resized to 233,32173780167167x110 to fit all Gantt items.
10/21/2025 10:49 PM // INFO // [GANTT] // Canvases are ready to be used!
10/21/2025 10:49 PM // INFO // [GANTT] // Ruler drawn: 14 ticks and 7 labels.
10/21/2025 10:49 PM // INFO // [MODIFY] // Zoom level changed to 0,03640040444893832, scale set to 10,255518292436284!
10/21/2025 10:49 PM // INFO // [GANTT] // Gantt chart rendered with 6 items on canvas.
10/21/2025 10:49 PM // INFO // [GANTT] // Canvas resized to 234,07135269036203x110 to fit all Gantt items.
10/21/2025 10:49 PM // INFO // [GANTT] // Canvases are ready to be used!
10/21/2025 10:49 PM // INFO // [GANTT] // Ruler drawn: 14 ticks and 7 labels.
10/21/2025 10:49 PM // INFO // [MODIFY] // Zoom level changed to 0,04448938321536906, scale set to 10,313180976181695!
10/21/2025 10:49 PM // INFO // [GANTT] // Gantt chart rendered with 6 items on canvas.
10/21/2025 10:49 PM // INFO // [GANTT] // Canvas resized to 235,20368514600912x110 to fit all Gantt items.
10/21/2025 10:49 PM // INFO // [GANTT] // Canvases are ready to be used!
10/21/2025 10:49 PM // INFO // [GANTT] // Ruler drawn: 14 ticks and 7 labels.
10/21/2025 10:49 PM // INFO // [MODIFY] // Zoom level changed to 0,05662285136501517, scale set to 10,400283472769933!
10/21/2025 10:49 PM // INFO // [GANTT] // Gantt chart rendered with 6 items on canvas.
10/21/2025 10:49 PM // INFO // [GANTT] // Canvas resized to 236,34558099282359x110 to fit all Gantt items.
10/21/2025 10:49 PM // INFO // [GANTT] // Canvases are ready to be used!
10/21/2025 10:49 PM // INFO // [GANTT] // Ruler drawn: 14 ticks and 7 labels.
10/21/2025 10:49 PM // INFO // [MODIFY] // Zoom level changed to 0,06875631951466128, scale set to 10,488121614832584!
10/21/2025 10:49 PM // INFO // [GANTT] // Gantt chart rendered with 6 items on canvas.
10/21/2025 10:49 PM // INFO // [GANTT] // Canvas resized to 237,11219774418487x110 to fit all Gantt items.
10/21/2025 10:49 PM // INFO // [GANTT] // Canvases are ready to be used!
10/21/2025 10:49 PM // INFO // [GANTT] // Ruler drawn: 14 ticks and 7 labels.
10/21/2025 10:49 PM // INFO // [MODIFY] // Zoom level changed to 0,07684529828109202, scale set to 10,547092134168066!
10/21/2025 10:49 PM // INFO // [GANTT] // Gantt chart rendered with 6 items on canvas.
10/21/2025 10:49 PM // INFO // [GANTT] // Canvas resized to 237,49712100076843x110 to fit all Gantt items.
10/21/2025 10:49 PM // INFO // [GANTT] // Canvases are ready to be used!
10/21/2025 10:49 PM // INFO // [GANTT] // Ruler drawn: 14 ticks and 7 labels.
10/21/2025 10:49 PM // INFO // [MODIFY] // Zoom level changed to 0,08088978766430739, scale set to 10,576701615443726!
10/21/2025 10:49 PM // INFO // [GANTT] // Gantt chart rendered with 6 items on canvas.
10/21/2025 10:49 PM // INFO // [GANTT] // Canvas resized to 238,65838662196927x110 to fit all Gantt items.
10/21/2025 10:49 PM // INFO // [GANTT] // Canvases are ready to be used!
10/21/2025 10:49 PM // INFO // [GANTT] // Ruler drawn: 14 ticks and 7 labels.
10/21/2025 10:49 PM // INFO // [MODIFY] // Zoom level changed to 0,0930232558139535, scale set to 10,666029740151481!
10/21/2025 10:49 PM // INFO // [GANTT] // Gantt chart rendered with 6 items on canvas.
10/21/2025 10:49 PM // INFO // [GANTT] // Canvas resized to 239,8294599964755x110 to fit all Gantt items.
10/21/2025 10:49 PM // INFO // [GANTT] // Canvases are ready to be used!
10/21/2025 10:49 PM // INFO // [GANTT] // Ruler drawn: 14 ticks and 7 labels.
10/21/2025 10:49 PM // INFO // [MODIFY] // Zoom level changed to 0,10515672396359961, scale set to 10,756112307421192!
10/21/2025 10:49 PM // INFO // [GANTT] // Gantt chart rendered with 6 items on canvas.
10/21/2025 10:49 PM // INFO // [GANTT] // Canvas resized to 240,22201158556598x110 to fit all Gantt items.
10/21/2025 10:49 PM // INFO // [GANTT] // Canvases are ready to be used!
10/21/2025 10:49 PM // INFO // [GANTT] // Ruler drawn: 14 ticks and 7 labels.
10/21/2025 10:49 PM // INFO // [MODIFY] // Zoom level changed to 0,10920121334681498, scale set to 10,786308583505075!
10/21/2025 10:49 PM // INFO // [GANTT] // Gantt chart rendered with 6 items on canvas.
10/21/2025 10:49 PM // INFO // [GANTT] // Canvas resized to 241,01042395807056x110 to fit all Gantt items.
10/21/2025 10:49 PM // INFO // [GANTT] // Canvases are ready to be used!
10/21/2025 10:49 PM // INFO // [GANTT] // Ruler drawn: 14 ticks and 7 labels.
10/21/2025 10:49 PM // INFO // [MODIFY] // Zoom level changed to 0,11729019211324572, scale set to 10,846955689082352!
10/21/2025 10:49 PM // INFO // [GANTT] // Gantt chart rendered with 6 items on canvas.
10/21/2025 10:49 PM // INFO // [GANTT] // Canvas resized to 242,20136204013082x110 to fit all Gantt items.
10/21/2025 10:49 PM // INFO // [GANTT] // Canvases are ready to be used!
10/21/2025 10:49 PM // INFO // [GANTT] // Ruler drawn: 14 ticks and 7 labels.
10/21/2025 10:49 PM // INFO // [MODIFY] // Zoom level changed to 0,12942366026289182, scale set to 10,938566310779294!
10/21/2025 10:49 PM // INFO // [GANTT] // Gantt chart rendered with 6 items on canvas.
10/21/2025 10:49 PM // INFO // [GANTT] // Canvas resized to 243,00090350977396x110 to fit all Gantt items.
10/21/2025 10:49 PM // INFO // [GANTT] // Canvases are ready to be used!
10/21/2025 10:49 PM // INFO // [GANTT] // Ruler drawn: 14 ticks and 7 labels.
10/21/2025 10:49 PM // INFO // [MODIFY] // Zoom level changed to 0,13751263902932256, scale set to 11,000069500751843!
10/21/2025 10:49 PM // INFO // [GANTT] // Gantt chart rendered with 6 items on canvas.
10/21/2025 10:49 PM // INFO // [GANTT] // Canvas resized to 244,61349823261884x110 to fit all Gantt items.
10/21/2025 10:49 PM // INFO // [GANTT] // Canvases are ready to be used!
10/21/2025 10:49 PM // INFO // [GANTT] // Ruler drawn: 14 ticks and 7 labels.
10/21/2025 10:49 PM // INFO // [MODIFY] // Zoom level changed to 0,15369059656218403, scale set to 11,124115248662987!
10/21/2025 10:49 PM // INFO // [GANTT] // Gantt chart rendered with 6 items on canvas.
10/21/2025 10:49 PM // INFO // [GANTT] // Canvas resized to 245,4266021807689x110 to fit all Gantt items.
10/21/2025 10:49 PM // INFO // [GANTT] // Canvases are ready to be used!
10/21/2025 10:49 PM // INFO // [GANTT] // Ruler drawn: 14 ticks and 7 labels.
10/21/2025 10:49 PM // INFO // [MODIFY] // Zoom level changed to 0,16177957532861478, scale set to 11,186661706212993!
10/21/2025 10:49 PM // INFO // [GANTT] // Gantt chart rendered with 6 items on canvas.
10/21/2025 10:49 PM // INFO // [GANTT] // Canvas resized to 246,6548381779403x110 to fit all Gantt items.
10/21/2025 10:49 PM // INFO // [GANTT] // Canvases are ready to be used!
10/21/2025 10:49 PM // INFO // [GANTT] // Ruler drawn: 14 ticks and 7 labels.
10/21/2025 10:49 PM // INFO // [MODIFY] // Zoom level changed to 0,1739130434782609, scale set to 11,281141398303099!
10/21/2025 10:49 PM // INFO // [GANTT] // Gantt chart rendered with 6 items on canvas.
10/21/2025 10:49 PM // INFO // [GANTT] // Canvas resized to 247,89344754313464x110 to fit all Gantt items.
10/21/2025 10:49 PM // INFO // [GANTT] // Canvases are ready to be used!
10/21/2025 10:49 PM // INFO // [GANTT] // Ruler drawn: 14 ticks and 7 labels.
10/21/2025 10:49 PM // INFO // [MODIFY] // Zoom level changed to 0,186046511627907, scale set to 11,376419041779588!
10/21/2025 10:49 PM // INFO // [GANTT] // Gantt chart rendered with 6 items on canvas.
10/21/2025 10:49 PM // INFO // [GANTT] // Canvas resized to 252,09819463026264x110 to fit all Gantt items.
10/21/2025 10:49 PM // INFO // [GANTT] // Canvases are ready to be used!
10/21/2025 10:49 PM // INFO // [GANTT] // Ruler drawn: 14 ticks and 7 labels.
10/21/2025 10:49 PM // INFO // [MODIFY] // Zoom level changed to 0,2264914054600607, scale set to 11,699861125404817!
10/21/2025 10:49 PM // INFO // [GANTT] // Gantt chart rendered with 6 items on canvas.
10/21/2025 10:49 PM // INFO // [GANTT] // Canvas resized to 253,81337782138303x110 to fit all Gantt items.
10/21/2025 10:49 PM // INFO // [GANTT] // Canvases are ready to be used!
10/21/2025 10:49 PM // INFO // [GANTT] // Ruler drawn: 14 ticks and 7 labels.
10/21/2025 10:49 PM // INFO // [MODIFY] // Zoom level changed to 0,24266936299292216, scale set to 11,83179829395254!
10/21/2025 10:49 PM // INFO // [GANTT] // Gantt chart rendered with 6 items on canvas.
10/21/2025 10:49 PM // INFO // [GANTT] // Canvas resized to 255,54790281591045x110 to fit all Gantt items.
10/21/2025 10:49 PM // INFO // [GANTT] // Canvases are ready to be used!
10/21/2025 10:49 PM // INFO // [GANTT] // Ruler drawn: 14 ticks and 7 labels.
10/21/2025 10:49 PM // INFO // [MODIFY] // Zoom level changed to 0,25884732052578363, scale set to 11,965223293531572!
10/21/2025 10:49 PM // INFO // [GANTT] // Gantt chart rendered with 6 items on canvas.
10/21/2025 10:49 PM // INFO // [GANTT] // Canvas resized to 256,4224865543014x110 to fit all Gantt items.
10/21/2025 10:49 PM // INFO // [GANTT] // Canvases are ready to be used!
10/21/2025 10:49 PM // INFO // [GANTT] // Ruler drawn: 14 ticks and 7 labels.
10/21/2025 10:49 PM // INFO // [MODIFY] // Zoom level changed to 0,26693629929221435, scale set to 12,032498965715492!
10/21/2025 10:49 PM // INFO // [GANTT] // Gantt chart rendered with 6 items on canvas.
10/21/2025 10:49 PM // INFO // [GANTT] // Canvas resized to 259,07585313056614x110 to fit all Gantt items.
10/21/2025 10:49 PM // INFO // [GANTT] // Canvases are ready to be used!
10/21/2025 10:49 PM // INFO // [GANTT] // Ruler drawn: 14 ticks and 7 labels.
10/21/2025 10:49 PM // INFO // [MODIFY] // Zoom level changed to 0,29120323559150657, scale set to 12,236604086966626!
10/21/2025 10:49 PM // INFO // [GANTT] // Gantt chart rendered with 6 items on canvas.
10/21/2025 10:49 PM // INFO // [GANTT] // Canvas resized to 261,3213412578858x110 to fit all Gantt items.
10/21/2025 10:49 PM // INFO // [GANTT] // Canvases are ready to be used!
10/21/2025 10:49 PM // INFO // [GANTT] // Ruler drawn: 14 ticks and 7 labels.
10/21/2025 10:49 PM // INFO // [MODIFY] // Zoom level changed to 0,3114256825075834, scale set to 12,409333942914294!
10/21/2025 10:49 PM // INFO // [GANTT] // Gantt chart rendered with 6 items on canvas.
10/21/2025 10:49 PM // INFO // [GANTT] // Canvas resized to 264,0578062276028x110 to fit all Gantt items.
10/21/2025 10:49 PM // INFO // [GANTT] // Canvases are ready to be used!
10/21/2025 10:49 PM // INFO // [GANTT] // Ruler drawn: 14 ticks and 7 labels.
10/21/2025 10:49 PM // INFO // [MODIFY] // Zoom level changed to 0,3356926188068756, scale set to 12,619831248277135!
10/21/2025 10:49 PM // INFO // [GANTT] // Gantt chart rendered with 6 items on canvas.
10/21/2025 10:49 PM // INFO // [GANTT] // Canvas resized to 265,4433966230604x110 to fit all Gantt items.
10/21/2025 10:49 PM // INFO // [GANTT] // Canvases are ready to be used!
10/21/2025 10:49 PM // INFO // [GANTT] // Ruler drawn: 14 ticks and 7 labels.
10/21/2025 10:49 PM // INFO // [MODIFY] // Zoom level changed to 0,34782608695652173, scale set to 12,726415124850801!
10/21/2025 10:49 PM // INFO // [GANTT] // Gantt chart rendered with 6 items on canvas.
10/21/2025 10:49 PM // INFO // [GANTT] // Canvas resized to 267,7787679289469x110 to fit all Gantt items.
10/21/2025 10:49 PM // INFO // [GANTT] // Canvases are ready to be used!
10/21/2025 10:49 PM // INFO // [GANTT] // Ruler drawn: 14 ticks and 7 labels.
10/21/2025 10:49 PM // INFO // [MODIFY] // Zoom level changed to 0,36804853387259906, scale set to 12,906059071457452!
10/21/2025 10:49 PM // INFO // [GANTT] // Gantt chart rendered with 6 items on canvas.
10/21/2025 10:49 PM // INFO // [GANTT] // Canvas resized to 270,147104945449x110 to fit all Gantt items.
10/21/2025 10:49 PM // INFO // [GANTT] // Canvases are ready to be used!
10/21/2025 10:49 PM // INFO // [GANTT] // Ruler drawn: 14 ticks and 7 labels.
10/21/2025 10:49 PM // INFO // [MODIFY] // Zoom level changed to 0,38827098078867545, scale set to 13,088238841957612!
10/21/2025 10:49 PM // INFO // [GANTT] // Gantt chart rendered with 6 items on canvas.
10/21/2025 10:49 PM // INFO // [GANTT] // Canvas resized to 271,58412400506177x110 to fit all Gantt items.
10/21/2025 10:49 PM // INFO // [GANTT] // Canvases are ready to be used!
10/21/2025 10:49 PM // INFO // [GANTT] // Ruler drawn: 14 ticks and 7 labels.
10/21/2025 10:49 PM // INFO // [MODIFY] // Zoom level changed to 0,40040444893832156, scale set to 13,198778769620139!
10/21/2025 10:49 PM // INFO // [GANTT] // Gantt chart rendered with 6 items on canvas.
10/21/2025 10:49 PM // INFO // [GANTT] // Canvas resized to 273,0332797612018x110 to fit all Gantt items.
10/21/2025 10:49 PM // INFO // [GANTT] // Canvases are ready to be used!
10/21/2025 10:49 PM // INFO // [GANTT] // Ruler drawn: 14 ticks and 7 labels.
10/21/2025 10:49 PM // INFO // [MODIFY] // Zoom level changed to 0,41253791708796766, scale set to 13,310252289323214!
10/21/2025 10:49 PM // INFO // [GANTT] // Gantt chart rendered with 6 items on canvas.
10/21/2025 10:49 PM // INFO // [GANTT] // Canvas resized to 275,4757885875795x110 to fit all Gantt items.
10/21/2025 10:49 PM // INFO // [GANTT] // Canvases are ready to be used!
10/21/2025 10:49 PM // INFO // [GANTT] // Ruler drawn: 14 ticks and 7 labels.
10/21/2025 10:49 PM // INFO // [MODIFY] // Zoom level changed to 0,4327603640040445, scale set to 13,498137583659958!
10/21/2025 10:49 PM // INFO // [GANTT] // Gantt chart rendered with 6 items on canvas.
10/21/2025 10:49 PM // INFO // [GANTT] // Canvas resized to 276,95781235038044x110 to fit all Gantt items.
10/21/2025 10:49 PM // INFO // [GANTT] // Canvases are ready to be used!
10/21/2025 10:49 PM // INFO // [GANTT] // Ruler drawn: 14 ticks and 7 labels.
10/21/2025 10:49 PM // INFO // [MODIFY] // Zoom level changed to 0,4448938321536906, scale set to 13,612139411567725!
10/21/2025 10:49 PM // INFO // [GANTT] // Gantt chart rendered with 6 items on canvas.
10/21/2025 10:49 PM // INFO // [GANTT] // Canvas resized to 278,4523529079551x110 to fit all Gantt items.
10/21/2025 10:49 PM // INFO // [GANTT] // Canvases are ready to be used!
10/21/2025 10:49 PM // INFO // [GANTT] // Ruler drawn: 14 ticks and 7 labels.
10/21/2025 10:49 PM // INFO // [MODIFY] // Zoom level changed to 0,4570273003033367, scale set to 13,727104069842701!
10/21/2025 10:49 PM // INFO // [GANTT] // Gantt chart rendered with 6 items on canvas.
10/21/2025 10:49 PM // INFO // [GANTT] // Canvas resized to 280,4647270644508x110 to fit all Gantt items.
10/21/2025 10:49 PM // INFO // [GANTT] // Canvases are ready to be used!
10/21/2025 10:49 PM // INFO // [GANTT] // Ruler drawn: 14 ticks and 7 labels.
10/21/2025 10:49 PM // INFO // [MODIFY] // Zoom level changed to 0,4732052578361977, scale set to 13,881902081880835!
10/21/2025 10:49 PM // INFO // [GANTT] // Gantt chart rendered with 6 items on canvas.
10/21/2025 10:49 PM // INFO // [GANTT] // Canvas resized to 281,47940815488334x110 to fit all Gantt items.
10/21/2025 10:49 PM // INFO // [GANTT] // Canvases are ready to be used!
10/21/2025 10:49 PM // INFO // [GANTT] // Ruler drawn: 14 ticks and 7 labels.
10/21/2025 10:49 PM // INFO // [MODIFY] // Zoom level changed to 0,48129423660262893, scale set to 13,959954473452568!
10/21/2025 10:49 PM // INFO // [GANTT] // Gantt chart rendered with 6 items on canvas.
10/21/2025 10:49 PM // INFO // [GANTT] // Canvas resized to 283,52591785316343x110 to fit all Gantt items.
10/21/2025 10:49 PM // INFO // [GANTT] // Canvases are ready to be used!
10/21/2025 10:49 PM // INFO // [GANTT] // Ruler drawn: 14 ticks and 7 labels.
10/21/2025 10:49 PM // INFO // [MODIFY] // Zoom level changed to 0,49747219413548993, scale set to 14,117378296397188!
10/21/2025 10:49 PM // INFO // [GANTT] // Gantt chart rendered with 6 items on canvas.
10/21/2025 10:49 PM // INFO // [GANTT] // Canvas resized to 285,0759309548997x110 to fit all Gantt items.
10/21/2025 10:49 PM // INFO // [GANTT] // Canvases are ready to be used!
10/21/2025 10:49 PM // INFO // [GANTT] // Ruler drawn: 14 ticks and 7 labels.
10/21/2025 10:49 PM // INFO // [MODIFY] // Zoom level changed to 0,5096056622851365, scale set to 14,236610073453825!
10/21/2025 10:49 PM // INFO // [GANTT] // Gantt chart rendered with 6 items on canvas.
10/21/2025 10:49 PM // INFO // [GANTT] // Canvas resized to 286,6390350720286x110 to fit all Gantt items.
10/21/2025 10:49 PM // INFO // [GANTT] // Canvases are ready to be used!
10/21/2025 10:49 PM // INFO // [GANTT] // Ruler drawn: 14 ticks and 7 labels.
10/21/2025 10:49 PM // INFO // [MODIFY] // Zoom level changed to 0,5217391304347826, scale set to 14,356848851694506!
10/21/2025 10:49 PM // INFO // [GANTT] // Gantt chart rendered with 6 items on canvas.
10/21/2025 10:49 PM // INFO // [GANTT] // Canvas resized to 291,40800382638463x110 to fit all Gantt items.
10/21/2025 10:49 PM // INFO // [GANTT] // Canvases are ready to be used!
10/21/2025 10:49 PM // INFO // [GANTT] // Ruler drawn: 14 ticks and 7 labels.
10/21/2025 10:49 PM // INFO // [MODIFY] // Zoom level changed to 0,5581395348837209, scale set to 14,723692602029585!
10/21/2025 10:49 PM // INFO // [GANTT] // Gantt chart rendered with 6 items on canvas.
10/21/2025 10:49 PM // INFO // [GANTT] // Canvas resized to 294,10988718333465x110 to fit all Gantt items.
10/21/2025 10:49 PM // INFO // [GANTT] // Canvases are ready to be used!
10/21/2025 10:49 PM // INFO // [GANTT] // Ruler drawn: 14 ticks and 7 labels.
10/21/2025 10:49 PM // INFO // [MODIFY] // Zoom level changed to 0,5783619817997978, scale set to 14,931529783333437!
10/21/2025 10:49 PM // INFO // [GANTT] // Gantt chart rendered with 6 items on canvas.
10/21/2025 10:49 PM // INFO // [GANTT] // Canvas resized to 296,29882845602015x110 to fit all Gantt items.
10/21/2025 10:49 PM // INFO // [GANTT] // Canvases are ready to be used!
10/21/2025 10:49 PM // INFO // [GANTT] // Ruler drawn: 14 ticks and 14 labels.
10/21/2025 10:49 PM // INFO // [MODIFY] // Zoom level changed to 0,5945399393326588, scale set to 15,099909881232316!
10/21/2025 10:49 PM // INFO // [GANTT] // Gantt chart rendered with 6 items on canvas.
10/21/2025 10:49 PM // INFO // [GANTT] // Canvas resized to 298,5124540143172x110 to fit all Gantt items.
10/21/2025 10:49 PM // INFO // [GANTT] // Canvases are ready to be used!
10/21/2025 10:49 PM // INFO // [GANTT] // Ruler drawn: 14 ticks and 14 labels.
10/21/2025 10:49 PM // INFO // [MODIFY] // Zoom level changed to 0,6107178968655207, scale set to 15,270188770332094!
10/21/2025 10:49 PM // INFO // [GANTT] // Gantt chart rendered with 6 items on canvas.
10/21/2025 10:49 PM // INFO // [GANTT] // Canvas resized to 303,5848103420247x110 to fit all Gantt items.
10/21/2025 10:49 PM // INFO // [GANTT] // Canvases are ready to be used!
10/21/2025 10:49 PM // INFO // [GANTT] // Ruler drawn: 14 ticks and 14 labels.
10/21/2025 10:49 PM // INFO // [MODIFY] // Zoom level changed to 0,647118301314459, scale set to 15,660370026309591!
10/21/2025 10:49 PM // INFO // [GANTT] // Gantt chart rendered with 6 items on canvas.
10/21/2025 10:49 PM // INFO // [GANTT] // Canvas resized to 307,0381829554897x110 to fit all Gantt items.
10/21/2025 10:49 PM // INFO // [GANTT] // Canvases are ready to be used!
10/21/2025 10:49 PM // INFO // [GANTT] // Ruler drawn: 14 ticks and 14 labels.
10/21/2025 10:49 PM // INFO // [MODIFY] // Zoom level changed to 0,6713852376137512, scale set to 15,926014073499204!
10/21/2025 10:49 PM // INFO // [GANTT] // Gantt chart rendered with 6 items on canvas.
10/21/2025 10:49 PM // INFO // [GANTT] // Canvas resized to 311,7339738307161x110 to fit all Gantt items.
10/21/2025 10:49 PM // INFO // [GANTT] // Canvases are ready to be used!
10/21/2025 10:49 PM // INFO // [GANTT] // Ruler drawn: 14 ticks and 14 labels.
10/21/2025 10:49 PM // INFO // [MODIFY] // Zoom level changed to 0,7037411526794742, scale set to 16,28722875620893!
10/21/2025 10:49 PM // INFO // [GANTT] // Gantt chart rendered with 6 items on canvas.
10/21/2025 10:49 PM // INFO // [GANTT] // Canvas resized to 314,7227751794466x110 to fit all Gantt items.
10/21/2025 10:49 PM // INFO // [GANTT] // Canvases are ready to be used!
10/21/2025 10:49 PM // INFO // [GANTT] // Ruler drawn: 14 ticks and 14 labels.
10/21/2025 10:49 PM // INFO // [MODIFY] // Zoom level changed to 0,7239635995955511, scale set to 16,517136552265125!
10/21/2025 10:49 PM // INFO // [GANTT] // Gantt chart rendered with 6 items on canvas.
10/21/2025 10:49 PM // INFO // [GANTT] // Canvas resized to 319,59285872634337x110 to fit all Gantt items.
10/21/2025 10:49 PM // INFO // [GANTT] // Canvases are ready to be used!
10/21/2025 10:49 PM // INFO // [GANTT] // Ruler drawn: 14 ticks and 14 labels.
10/21/2025 10:49 PM // INFO // [MODIFY] // Zoom level changed to 0,7563195146612736, scale set to 16,891758363564872!
10/21/2025 10:49 PM // INFO // [GANTT] // Gantt chart rendered with 6 items on canvas.
10/21/2025 10:49 PM // INFO // [GANTT] // Canvas resized to 322,69259477936635x110 to fit all Gantt items.
10/21/2025 10:49 PM // INFO // [GANTT] // Canvases are ready to be used!
10/21/2025 10:49 PM // INFO // [GANTT] // Ruler drawn: 14 ticks and 14 labels.
10/21/2025 10:49 PM // INFO // [MODIFY] // Zoom level changed to 0,7765419615773509, scale set to 17,130199598412794!
10/21/2025 10:49 PM // INFO // [GANTT] // Gantt chart rendered with 6 items on canvas.
10/21/2025 10:49 PM // INFO // [GANTT] // Canvas resized to 327,7434401819762x110 to fit all Gantt items.
10/21/2025 10:49 PM // INFO // [GANTT] // Canvases are ready to be used!
10/21/2025 10:49 PM // INFO // [GANTT] // Ruler drawn: 14 ticks and 14 labels.
10/21/2025 10:49 PM // INFO // [MODIFY] // Zoom level changed to 0,8088978766430739, scale set to 17,518726167844324!
10/21/2025 10:49 PM // INFO // [GANTT] // Gantt chart rendered with 6 items on canvas.
10/21/2025 10:49 PM // INFO // [GANTT] // Canvas resized to 332,9088427808249x110 to fit all Gantt items.
10/21/2025 10:49 PM // INFO // [GANTT] // Canvases are ready to be used!
10/21/2025 10:49 PM // INFO // [GANTT] // Ruler drawn: 14 ticks and 14 labels.
10/21/2025 10:49 PM // INFO // [MODIFY] // Zoom level changed to 0,8412537917087969, scale set to 17,916064829294225!
10/21/2025 10:49 PM // INFO // [GANTT] // Gantt chart rendered with 6 items on canvas.
10/21/2025 10:49 PM // INFO // [GANTT] // Canvas resized to 336,8596336956375x110 to fit all Gantt items.
10/21/2025 10:49 PM // INFO // [GANTT] // Canvases are ready to be used!
10/21/2025 10:49 PM // INFO // [GANTT] // Ruler drawn: 14 ticks and 14 labels.
10/21/2025 10:49 PM // INFO // [MODIFY] // Zoom level changed to 0,8655207280080891, scale set to 18,21997182274135!
10/21/2025 10:49 PM // INFO // [GANTT] // Gantt chart rendered with 6 items on canvas.
10/21/2025 10:49 PM // INFO // [GANTT] // Canvas resized to 339,53065594779025x110 to fit all Gantt items.
10/21/2025 10:49 PM // INFO // [GANTT] // Canvases are ready to be used!
10/21/2025 10:49 PM // INFO // [GANTT] // Ruler drawn: 14 ticks and 14 labels.
10/21/2025 10:49 PM // INFO // [MODIFY] // Zoom level changed to 0,8816986855409505, scale set to 18,425435072906943!
10/21/2025 10:49 PM // INFO // [GANTT] // Gantt chart rendered with 6 items on canvas.
10/21/2025 10:49 PM // INFO // [GANTT] // Canvas resized to 342,2317988235384x110 to fit all Gantt items.
10/21/2025 10:49 PM // INFO // [GANTT] // Canvases are ready to be used!
10/21/2025 10:49 PM // INFO // [GANTT] // Ruler drawn: 14 ticks and 14 labels.
10/21/2025 10:49 PM // INFO // [MODIFY] // Zoom level changed to 0,897876643073812, scale set to 18,63321529411834!
10/21/2025 10:49 PM // INFO // [GANTT] // Gantt chart rendered with 6 items on canvas.
10/21/2025 10:49 PM // INFO // [GANTT] // Canvas resized to 344,9634019875797x110 to fit all Gantt items.
10/21/2025 10:49 PM // INFO // [GANTT] // Canvases are ready to be used!
10/21/2025 10:49 PM // INFO // [GANTT] // Ruler drawn: 14 ticks and 14 labels.
10/21/2025 10:49 PM // INFO // [MODIFY] // Zoom level changed to 0,9140546006066734, scale set to 18,843338614429207!
10/21/2025 10:49 PM // INFO // [GANTT] // Gantt chart rendered with 6 items on canvas.
10/21/2025 10:49 PM // INFO // [GANTT] // Canvas resized to 347,7258089349476x110 to fit all Gantt items.
10/21/2025 10:49 PM // INFO // [GANTT] // Canvases are ready to be used!
10/21/2025 10:49 PM // INFO // [GANTT] // Ruler drawn: 14 ticks and 14 labels.
10/21/2025 10:49 PM // INFO // [MODIFY] // Zoom level changed to 0,9302325581395349, scale set to 19,055831456534435!
10/21/2025 10:49 PM // INFO // [GANTT] // Gantt chart rendered with 6 items on canvas.
10/21/2025 10:49 PM // INFO // [GANTT] // Canvas resized to 361,2786930848207x110 to fit all Gantt items.
10/21/2025 10:49 PM // INFO // [GANTT] // Canvases are ready to be used!
10/21/2025 10:49 PM // INFO // [GANTT] // Ruler drawn: 14 ticks and 14 labels.
10/21/2025 10:49 PM // INFO // [MODIFY] // Zoom level changed to 1,0070778564206269, scale set to 20,09836100652467!
10/21/2025 10:49 PM // INFO // [GANTT] // Gantt chart rendered with 6 items on canvas.
10/21/2025 10:49 PM // INFO // [GANTT] // Canvas resized to 367,2047019270765x110 to fit all Gantt items.
10/21/2025 10:49 PM // INFO // [GANTT] // Canvases are ready to be used!
10/21/2025 10:49 PM // INFO // [GANTT] // Ruler drawn: 14 ticks and 14 labels.
10/21/2025 10:49 PM // INFO // [MODIFY] // Zoom level changed to 1,0394337714863502, scale set to 20,554207840544343!
10/21/2025 10:49 PM // INFO // [GANTT] // Gantt chart rendered with 6 items on canvas.
10/21/2025 10:49 PM // INFO // [GANTT] // Canvas resized to 370,97651879263657x110 to fit all Gantt items.
10/21/2025 10:49 PM // INFO // [GANTT] // Canvases are ready to be used!
10/21/2025 10:49 PM // INFO // [GANTT] // Ruler drawn: 14 ticks and 14 labels.
10/21/2025 10:49 PM // INFO // [MODIFY] // Zoom level changed to 1,0596562184024265, scale set to 20,844347599433583!
10/21/2025 10:49 PM // INFO // [GANTT] // Gantt chart rendered with 6 items on canvas.
10/21/2025 10:49 PM // INFO // [GANTT] // Canvas resized to 375,5730448660625x110 to fit all Gantt items.
10/21/2025 10:49 PM // INFO // [GANTT] // Canvases are ready to be used!
10/21/2025 10:49 PM // INFO // [GANTT] // Ruler drawn: 14 ticks and 14 labels.
10/21/2025 10:49 PM // INFO // [MODIFY] // Zoom level changed to 1,0839231547017192, scale set to 21,197926528158654!
10/21/2025 10:49 PM // INFO // [GANTT] // Gantt chart rendered with 6 items on canvas.
10/21/2025 10:49 PM // INFO // [GANTT] // Canvas resized to 381,03429663565646x110 to fit all Gantt items.
10/21/2025 10:49 PM // INFO // [GANTT] // Canvases are ready to be used!
10/21/2025 10:49 PM // INFO // [GANTT] // Ruler drawn: 14 ticks and 14 labels.
10/21/2025 10:49 PM // INFO // [MODIFY] // Zoom level changed to 1,1122345803842264, scale set to 21,618022818127418!
10/21/2025 10:49 PM // INFO // [GANTT] // Gantt chart rendered with 6 items on canvas.
10/21/2025 10:49 PM // INFO // [GANTT] // Canvas resized to 386,60377840613967x110 to fit all Gantt items.
10/21/2025 10:49 PM // INFO // [GANTT] // Canvases are ready to be used!
10/21/2025 10:49 PM // INFO // [GANTT] // Ruler drawn: 14 ticks and 14 labels.
10/21/2025 10:49 PM // INFO // [MODIFY] // Zoom level changed to 1,140546006066734, scale set to 22,046444492779976!
10/21/2025 10:49 PM // INFO // [GANTT] // Gantt chart rendered with 6 items on canvas.
10/21/2025 10:49 PM // INFO // [GANTT] // Canvas resized to 389,8357561717456x110 to fit all Gantt items.
10/21/2025 10:49 PM // INFO // [GANTT] // Canvases are ready to be used!
10/21/2025 10:49 PM // INFO // [GANTT] // Ruler drawn: 14 ticks and 14 labels.
10/21/2025 10:49 PM // INFO // [MODIFY] // Zoom level changed to 1,1567239635995956, scale set to 22,295058167057352!
10/21/2025 10:49 PM // INFO // [GANTT] // Gantt chart rendered with 6 items on canvas.
10/21/2025 10:49 PM // INFO // [GANTT] // Canvas resized to 396,4094619477387x110 to fit all Gantt items.
10/21/2025 10:49 PM // INFO // [GANTT] // Canvases are ready to be used!
10/21/2025 10:49 PM // INFO // [GANTT] // Ruler drawn: 14 ticks and 14 labels.
10/21/2025 10:49 PM // INFO // [MODIFY] // Zoom level changed to 1,1890798786653185, scale set to 22,800727842133746!
10/21/2025 10:49 PM // INFO // [GANTT] // Gantt chart rendered with 6 items on canvas.
10/21/2025 10:49 PM // INFO // [GANTT] // Canvas resized to 402,2836456850243x110 to fit all Gantt items.
10/21/2025 10:49 PM // INFO // [GANTT] // Canvases are ready to be used!
10/21/2025 10:49 PM // INFO // [GANTT] // Ruler drawn: 14 ticks and 14 labels.
10/21/2025 10:49 PM // INFO // [MODIFY] // Zoom level changed to 1,2173913043478262, scale set to 23,25258812961725!
10/21/2025 10:49 PM // INFO // [GANTT] // Gantt chart rendered with 6 items on canvas.
10/21/2025 10:49 PM // INFO // [GANTT] // Canvas resized to 407,41122893523465x110 to fit all Gantt items.
10/21/2025 10:49 PM // INFO // [GANTT] // Canvases are ready to be used!
10/21/2025 10:49 PM // INFO // [GANTT] // Ruler drawn: 14 ticks and 14 labels.
10/21/2025 10:49 PM // INFO // [MODIFY] // Zoom level changed to 1,2416582406471184, scale set to 23,647017610402663!
10/21/2025 10:49 PM // INFO // [GANTT] // Gantt chart rendered with 6 items on canvas.
10/21/2025 10:49 PM // INFO // [GANTT] // Canvas resized to 409,13967950871313x110 to fit all Gantt items.
10/21/2025 10:49 PM // INFO // [GANTT] // Canvases are ready to be used!
10/21/2025 10:49 PM // INFO // [GANTT] // Ruler drawn: 14 ticks and 14 labels.
10/21/2025 10:49 PM // INFO // [MODIFY] // Zoom level changed to 1,249747219413549, scale set to 23,779975346824088!
10/21/2025 10:49 PM // INFO // [GANTT] // Gantt chart rendered with 6 items on canvas.
10/21/2025 10:49 PM // INFO // [GANTT] // Canvas resized to 415,2661481645617x110 to fit all Gantt items.
10/21/2025 10:49 PM // INFO // [GANTT] // Canvases are ready to be used!
10/21/2025 10:49 PM // INFO // [GANTT] // Ruler drawn: 14 ticks and 14 labels.
10/21/2025 10:49 PM // INFO // [MODIFY] // Zoom level changed to 1,2780586450960567, scale set to 24,251242166504746!
10/21/2025 10:49 PM // INFO // [GANTT] // Gantt chart rendered with 6 items on canvas.
10/21/2025 10:49 PM // INFO // [GANTT] // Canvas resized to 418,82134616921667x110 to fit all Gantt items.
10/21/2025 10:49 PM // INFO // [GANTT] // Canvases are ready to be used!
10/21/2025 10:49 PM // INFO // [GANTT] // Ruler drawn: 14 ticks and 14 labels.
10/21/2025 10:49 PM // INFO // [MODIFY] // Zoom level changed to 1,2942366026289183, scale set to 24,524718936093592!
10/21/2025 10:49 PM // INFO // [GANTT] // Gantt chart rendered with 6 items on canvas.
10/21/2025 10:49 PM // INFO // [GANTT] // Canvas resized to 422,4166354837883x110 to fit all Gantt items.
10/21/2025 10:49 PM // INFO // [GANTT] // Canvases are ready to be used!
10/21/2025 10:49 PM // INFO // [GANTT] // Ruler drawn: 14 ticks and 14 labels.
10/21/2025 10:49 PM // INFO // [MODIFY] // Zoom level changed to 1,3104145601617798, scale set to 24,8012796525991!
10/21/2025 10:49 PM // INFO // [GANTT] // Gantt chart rendered with 6 items on canvas.
10/21/2025 10:49 PM // INFO // [GANTT] // Canvas resized to 426,9678147657561x110 to fit all Gantt items.
10/21/2025 10:49 PM // INFO // [GANTT] // Canvases are ready to be used!
10/21/2025 10:49 PM // INFO // [GANTT] // Ruler drawn: 14 ticks and 14 labels.
10/21/2025 10:49 PM // INFO // [MODIFY] // Zoom level changed to 1,3306370070778561, scale set to 25,151370366596623!
10/21/2025 10:49 PM // INFO // [GANTT] // Gantt chart rendered with 6 items on canvas.
10/21/2025 10:49 PM // INFO // [GANTT] // Canvas resized to 429,7293015500832x110 to fit all Gantt items.
10/21/2025 10:49 PM // INFO // [GANTT] // Canvases are ready to be used!
10/21/2025 10:49 PM // INFO // [GANTT] // Ruler drawn: 14 ticks and 14 labels.
10/21/2025 10:49 PM // INFO // [MODIFY] // Zoom level changed to 1,3427704752275027, scale set to 25,36379242692948!
10/21/2025 10:49 PM // INFO // [GANTT] // Gantt chart rendered with 6 items on canvas.
10/21/2025 10:49 PM // INFO // [GANTT] // Canvas resized to 433,44759785868416x110 to fit all Gantt items.
10/21/2025 10:49 PM // INFO // [GANTT] // Canvases are ready to be used!
10/21/2025 10:49 PM // INFO // [GANTT] // Ruler drawn: 14 ticks and 14 labels.
10/21/2025 10:49 PM // INFO // [MODIFY] // Zoom level changed to 1,3589484327603643, scale set to 25,64981521989878!
10/21/2025 10:49 PM // INFO // [GANTT] // Gantt chart rendered with 6 items on canvas.
10/21/2025 10:49 PM // INFO // [GANTT] // Canvas resized to 444,85596672420274x110 to fit all Gantt items.
10/21/2025 10:49 PM // INFO // [GANTT] // Canvases are ready to be used!
10/21/2025 10:49 PM // INFO // [GANTT] // Ruler drawn: 14 ticks and 14 labels.
10/21/2025 10:49 PM // INFO // [MODIFY] // Zoom level changed to 1,4074823053589482, scale set to 26,527382055707903!
10/21/2025 10:49 PM // INFO // [GANTT] // Gantt chart rendered with 6 items on canvas.
10/21/2025 10:49 PM // INFO // [GANTT] // Canvas resized to 448,7448436363896x110 to fit all Gantt items.
10/21/2025 10:49 PM // INFO // [GANTT] // Canvases are ready to be used!
10/21/2025 10:49 PM // INFO // [GANTT] // Ruler drawn: 14 ticks and 14 labels.
10/21/2025 10:49 PM // INFO // [MODIFY] // Zoom level changed to 1,4236602628918098, scale set to 26,82652643356843!
10/21/2025 10:49 PM // INFO // [GANTT] // Gantt chart rendered with 6 items on canvas.
10/21/2025 10:49 PM // INFO // [GANTT] // Canvas resized to 454,6605398520244x110 to fit all Gantt items.
10/21/2025 10:49 PM // INFO // [GANTT] // Canvases are ready to be used!
10/21/2025 10:49 PM // INFO // [GANTT] // Ruler drawn: 14 ticks and 14 labels.
10/21/2025 10:49 PM // INFO // [MODIFY] // Zoom level changed to 1,4479271991911025, scale set to 27,28157998861726!
10/21/2025 10:49 PM // INFO // [GANTT] // Gantt chart rendered with 6 items on canvas.
10/21/2025 10:49 PM // INFO // [GANTT] // Canvas resized to 458,65998112078256x110 to fit all Gantt items.
10/21/2025 10:49 PM // INFO // [GANTT] // Canvases are ready to be used!
10/21/2025 10:49 PM // INFO // [GANTT] // Ruler drawn: 14 ticks and 14 labels.
10/21/2025 10:49 PM // INFO // [MODIFY] // Zoom level changed to 1,464105156723964, scale set to 27,589229316983275!
10/21/2025 10:49 PM // INFO // [GANTT] // Gantt chart rendered with 6 items on canvas.
10/21/2025 10:49 PM // INFO // [GANTT] // Canvas resized to 466,7946751304277x110 to fit all Gantt items.
10/21/2025 10:49 PM // INFO // [GANTT] // Canvases are ready to be used!
10/21/2025 10:49 PM // INFO // [GANTT] // Ruler drawn: 14 ticks and 14 labels.
10/21/2025 10:49 PM // INFO // [MODIFY] // Zoom level changed to 1,496461071789687, scale set to 28,2149750100329!
10/21/2025 10:49 PM // INFO // [GANTT] // Gantt chart rendered with 6 items on canvas.
10/21/2025 10:49 PM // INFO // [GANTT] // Canvas resized to 475,11387047870505x110 to fit all Gantt items.
10/21/2025 10:49 PM // INFO // [GANTT] // Canvases are ready to be used!
10/21/2025 10:49 PM // INFO // [GANTT] // Ruler drawn: 14 ticks and 14 labels.
10/21/2025 10:49 PM // INFO // [MODIFY] // Zoom level changed to 1,5288169868554098, scale set to 28,85491311374654!
10/21/2025 10:49 PM // INFO // [GANTT] // Gantt chart rendered with 6 items on canvas.
10/21/2025 10:49 PM // INFO // [GANTT] // Canvas resized to 479,34396017151965x110 to fit all Gantt items.
10/21/2025 10:49 PM // INFO // [GANTT] // Canvases are ready to be used!
10/21/2025 10:49 PM // INFO // [GANTT] // Ruler drawn: 14 ticks and 14 labels.
10/21/2025 10:49 PM // INFO // [MODIFY] // Zoom level changed to 1,5449949443882713, scale set to 29,180304628578433!
10/21/2025 10:49 PM // INFO // [GANTT] // Gantt chart rendered with 6 items on canvas.
10/21/2025 10:49 PM // INFO // [GANTT] // Canvas resized to 487,9477832988151x110 to fit all Gantt items.
10/21/2025 10:49 PM // INFO // [GANTT] // Canvases are ready to be used!
10/21/2025 10:49 PM // INFO // [GANTT] // Ruler drawn: 14 ticks and 14 labels.
10/21/2025 10:49 PM // INFO // [MODIFY] // Zoom level changed to 1,5773508594539942, scale set to 29,842137176831933!
10/21/2025 10:49 PM // INFO // [GANTT] // Gantt chart rendered with 6 items on canvas.
10/21/2025 10:49 PM // INFO // [GANTT] // Canvas resized to 495,6360552743289x110 to fit all Gantt items.
10/21/2025 10:49 PM // INFO // [GANTT] // Canvases are ready to be used!
10/21/2025 10:49 PM // INFO // [GANTT] // Ruler drawn: 14 ticks and 14 labels.
10/21/2025 10:49 PM // INFO // [MODIFY] // Zoom level changed to 1,6056622851365019, scale set to 30,433542713409913!
10/21/2025 10:49 PM // INFO // [GANTT] // Gantt chart rendered with 6 items on canvas.
10/21/2025 10:49 PM // INFO // [GANTT] // Canvas resized to 501,2207876354932x110 to fit all Gantt items.
10/21/2025 10:49 PM // INFO // [GANTT] // Canvases are ready to be used!
10/21/2025 10:49 PM // INFO // [GANTT] // Ruler drawn: 14 ticks and 14 labels.
10/21/2025 10:49 PM // INFO // [MODIFY] // Zoom level changed to 1,6258847320525787, scale set to 30,863137510422554!
10/21/2025 10:49 PM // INFO // [GANTT] // Gantt chart rendered with 6 items on canvas.
10/21/2025 10:49 PM // INFO // [GANTT] // Canvas resized to 508,0266238746778x110 to fit all Gantt items.
10/21/2025 10:49 PM // INFO // [GANTT] // Canvases are ready to be used!
10/21/2025 10:49 PM // INFO // [GANTT] // Ruler drawn: 14 ticks and 14 labels.
10/21/2025 10:49 PM // INFO // [MODIFY] // Zoom level changed to 1,6501516683518709, scale set to 31,386663374975214!
10/21/2025 10:49 PM // INFO // [GANTT] // Gantt chart rendered with 6 items on canvas.
10/21/2025 10:49 PM // INFO // [GANTT] // Canvas resized to 516,1128143174335x110 to fit all Gantt items.
10/21/2025 10:49 PM // INFO // [GANTT] // Canvases are ready to be used!
10/21/2025 10:49 PM // INFO // [GANTT] // Ruler drawn: 14 ticks and 14 labels.
10/21/2025 10:49 PM // INFO // [MODIFY] // Zoom level changed to 1,6784630940343785, scale set to 32,00867802441796!
10/21/2025 10:49 PM // INFO // [GANTT] // Gantt chart rendered with 6 items on canvas.
10/21/2025 10:49 PM // INFO // [GANTT] // Canvas resized to 520,8052415119971x110 to fit all Gantt items.
10/21/2025 10:49 PM // INFO // [GANTT] // Canvases are ready to be used!
10/21/2025 10:49 PM // INFO // [GANTT] // Ruler drawn: 14 ticks and 14 labels.
10/21/2025 10:49 PM // INFO // [MODIFY] // Zoom level changed to 1,69464105156724, scale set to 32,369633962461315!
10/21/2025 10:49 PM // INFO // [GANTT] // Gantt chart rendered with 6 items on canvas.
10/21/2025 10:49 PM // INFO // [GANTT] // Canvas resized to 527,9432853287173x110 to fit all Gantt items.
10/21/2025 10:49 PM // INFO // [GANTT] // Canvases are ready to be used!
10/21/2025 10:49 PM // INFO // [GANTT] // Ruler drawn: 14 ticks and 14 labels.
10/21/2025 10:49 PM // INFO // [MODIFY] // Zoom level changed to 1,7189079878665323, scale set to 32,918714256055175!
10/21/2025 10:49 PM // INFO // [GANTT] // Gantt chart rendered with 6 items on canvas.
10/21/2025 10:49 PM // INFO // [GANTT] // Canvas resized to 531,5575851879354x110 to fit all Gantt items.
10/21/2025 10:49 PM // INFO // [GANTT] // Canvases are ready to be used!
10/21/2025 10:49 PM // INFO // [GANTT] // Ruler drawn: 14 ticks and 14 labels.
10/21/2025 10:49 PM // INFO // [MODIFY] // Zoom level changed to 1,7310414560161784, scale set to 33,19673732214888!
10/21/2025 10:49 PM // INFO // [GANTT] // Gantt chart rendered with 6 items on canvas.
10/21/2025 10:49 PM // INFO // [GANTT] // Canvas resized to 540,1101075398035x110 to fit all Gantt items.
10/21/2025 10:49 PM // INFO // [GANTT] // Canvases are ready to be used!
10/21/2025 10:49 PM // INFO // [GANTT] // Ruler drawn: 14 ticks and 14 labels.
10/21/2025 10:49 PM // INFO // [MODIFY] // Zoom level changed to 1,759352881698686, scale set to 33,85462365690796!
10/21/2025 10:49 PM // INFO // [GANTT] // Gantt chart rendered with 6 items on canvas.
10/21/2025 10:49 PM // INFO // [GANTT] // Canvas resized to 553,8935188504778x110 to fit all Gantt items.
10/21/2025 10:49 PM // INFO // [GANTT] // Canvases are ready to be used!
10/21/2025 10:49 PM // INFO // [GANTT] // Ruler drawn: 14 ticks and 14 labels.
10/21/2025 10:49 PM // INFO // [MODIFY] // Zoom level changed to 1,8038422649140542, scale set to 34,91488606542137!
10/21/2025 10:49 PM // INFO // [GANTT] // Gantt chart rendered with 6 items on canvas.
10/21/2025 10:49 PM // INFO // [GANTT] // Canvas resized to 557,7269877645213x110 to fit all Gantt items.
10/21/2025 10:49 PM // INFO // [GANTT] // Canvases are ready to be used!
10/21/2025 10:49 PM // INFO // [GANTT] // Ruler drawn: 14 ticks and 14 labels.
10/21/2025 10:49 PM // INFO // [MODIFY] // Zoom level changed to 1,8159757330637003, scale set to 35,20976828957856!
10/21/2025 10:49 PM // INFO // [GANTT] // Gantt chart rendered with 6 items on canvas.
10/21/2025 10:49 PM // INFO // [GANTT] // Canvas resized to 564,1881853400919x110 to fit all Gantt items.
10/21/2025 10:49 PM // INFO // [GANTT] // Canvases are ready to be used!
10/21/2025 10:49 PM // INFO // [GANTT] // Ruler drawn: 14 ticks and 14 labels.
10/21/2025 10:49 PM // INFO // [MODIFY] // Zoom level changed to 1,836198179979777, scale set to 35,706783487699376!
10/21/2025 10:49 PM // INFO // [GANTT] // Gantt chart rendered with 6 items on canvas.
10/21/2025 10:49 PM // INFO // [GANTT] // Canvas resized to 566,7981301294608x110 to fit all Gantt items.
10/21/2025 10:49 PM // INFO // [GANTT] // Canvases are ready to be used!
10/21/2025 10:49 PM // INFO // [GANTT] // Ruler drawn: 14 ticks and 14 labels.
10/21/2025 10:49 PM // INFO // [MODIFY] // Zoom level changed to 1,8442871587462077, scale set to 35,90754847149699!
10/21/2025 10:49 PM // INFO // [GANTT] // Gantt chart rendered with 6 items on canvas.
10/21/2025 10:49 PM // INFO // [GANTT] // Canvas resized to 577,3854834801513x110 to fit all Gantt items.
10/21/2025 10:49 PM // INFO // [GANTT] // Canvases are ready to be used!
10/21/2025 10:49 PM // INFO // [GANTT] // Ruler drawn: 14 ticks and 14 labels.
10/21/2025 10:49 PM // INFO // [MODIFY] // Zoom level changed to 1,8766430738119306, scale set to 36,72196026770394!
10/21/2025 10:49 PM // INFO // [GANTT] // Gantt chart rendered with 6 items on canvas.
10/21/2025 10:49 PM // INFO // [GANTT] // Canvas resized to 581,4173595368345x110 to fit all Gantt items.
10/21/2025 10:49 PM // INFO // [GANTT] // Canvases are ready to be used!
10/21/2025 10:49 PM // INFO // [GANTT] // Ruler drawn: 14 ticks and 14 labels.
10/21/2025 10:49 PM // INFO // [MODIFY] // Zoom level changed to 1,8887765419615776, scale set to 37,0321045797565!
10/21/2025 10:49 PM // INFO // [GANTT] // Gantt chart rendered with 6 items on canvas.
10/21/2025 10:49 PM // INFO // [GANTT] // Canvas resized to 589,5835558374233x110 to fit all Gantt items.
10/21/2025 10:49 PM // INFO // [GANTT] // Canvases are ready to be used!
10/21/2025 10:49 PM // INFO // [GANTT] // Ruler drawn: 14 ticks and 14 labels.
10/21/2025 10:49 PM // INFO // [MODIFY] // Zoom level changed to 1,9130434782608698, scale set to 37,660273525955645!
10/21/2025 10:49 PM // INFO // [GANTT] // Gantt chart rendered with 6 items on canvas.
10/21/2025 10:49 PM // INFO // [GANTT] // Canvas resized to 593,7184537026382x110 to fit all Gantt items.
10/21/2025 10:49 PM // INFO // [GANTT] // Canvases are ready to be used!
10/21/2025 10:49 PM // INFO // [GANTT] // Ruler drawn: 14 ticks and 14 labels.
10/21/2025 10:49 PM // INFO // [MODIFY] // Zoom level changed to 1,925176946410516, scale set to 37,97834259251063!
10/21/2025 10:49 PM // INFO // [GANTT] // Gantt chart rendered with 6 items on canvas.
10/21/2025 10:49 PM // INFO // [GANTT] // Canvas resized to 604,9163814313903x110 to fit all Gantt items.
10/21/2025 10:49 PM // INFO // [GANTT] // Canvases are ready to be used!
10/21/2025 10:49 PM // INFO // [GANTT] // Ruler drawn: 14 ticks and 14 labels.
10/21/2025 10:49 PM // INFO // [MODIFY] // Zoom level changed to 1,9575328614762388, scale set to 38,839721648568485!
10/21/2025 10:49 PM // INFO // [GANTT] // Gantt chart rendered with 6 items on canvas.
10/21/2025 10:49 PM // INFO // [GANTT] // Canvas resized to 612,0436965925594x110 to fit all Gantt items.
10/21/2025 10:49 PM // INFO // [GANTT] // Canvases are ready to be used!
10/21/2025 10:49 PM // INFO // [GANTT] // Ruler drawn: 14 ticks and 14 labels.
10/21/2025 10:49 PM // INFO // [MODIFY] // Zoom level changed to 1,9777553083923156, scale set to 39,38797666096611!
10/21/2025 10:49 PM // INFO // [GANTT] // Gantt chart rendered with 6 items on canvas.
10/21/2025 10:49 PM // INFO // [GANTT] // Canvas resized to 617,8179185920359x110 to fit all Gantt items.
10/21/2025 10:49 PM // INFO // [GANTT] // Canvases are ready to be used!
10/21/2025 10:49 PM // INFO // [GANTT] // Ruler drawn: 14 ticks and 14 labels.
10/21/2025 10:49 PM // INFO // [MODIFY] // Zoom level changed to 1,9939332659251772, scale set to 39,83214758400276!
10/21/2025 10:49 PM // INFO // [GANTT] // Gantt chart rendered with 6 items on canvas.
10/21/2025 10:49 PM // INFO // [GANTT] // Canvas resized to 620x110 to fit all Gantt items.
10/21/2025 10:49 PM // INFO // [GANTT] // Canvases are ready to be used!
10/21/2025 10:49 PM // INFO // [GANTT] // Ruler drawn: 14 ticks and 14 labels.
10/21/2025 10:49 PM // INFO // [MODIFY] // Zoom level changed to 2, scale set to 40!
10/21/2025 10:50 PM // INFO // [EXITUS] // No changes were made, exiting app...
