11/20/2025 9:32 PM // INFO // [INITIALIZATION] // Beginning initialization...
11/20/2025 9:32 PM // INFO // [SAVE] // Custom solvers loaded from JSON file!
11/20/2025 9:32 PM // INFO // [INITIALIZATION] // Johnson's Rule solver added!
11/20/2025 9:32 PM // INFO // [INITIALIZATION] // List Scheduling solver added!
11/20/2025 9:32 PM // INFO // [INITIALIZATION] // {cs.Name} ({cs.TypeID} type) solver added!
11/20/2025 9:32 PM // INFO // [INITIALIZATION] // {cs.Name} ({cs.TypeID} type) solver added!
11/20/2025 9:32 PM // INFO // [INITIALIZATION] // Solver menu successfully built!
11/20/2025 9:32 PM // INFO // [CONSTRAINT] // Saving and closing are disabled for as long as there are no files opened.
11/20/2025 9:32 PM // INFO // [INITIALIZATION] // Initialization complete!
11/20/2025 9:32 PM // WARNING // [S_GRAPH] // No BatchML file loaded, drawing example S-Graph!
11/20/2025 9:32 PM // INFO // [S_GRAPH] // Node J1_M1 at 100;50
11/20/2025 9:32 PM // INFO // [S_GRAPH] // Node J1_M2 at 400;50
11/20/2025 9:32 PM // INFO // [S_GRAPH] // Node P1 at 700;50
11/20/2025 9:32 PM // INFO // [S_GRAPH] // Node J2_M1 at 100;200
11/20/2025 9:32 PM // INFO // [S_GRAPH] // Node J2_M2 at 400;200
11/20/2025 9:32 PM // INFO // [S_GRAPH] // Node P2 at 700;200
11/20/2025 9:32 PM // INFO // [S_GRAPH] // Node J3_M1 at 100;350
11/20/2025 9:32 PM // INFO // [S_GRAPH] // Node J3_M2 at 400;350
11/20/2025 9:32 PM // INFO // [S_GRAPH] // Node P3 at 700;350
11/20/2025 9:32 PM // INFO // [S_GRAPH] // Curve value of edge (J1_M1 to J1_M2) set to 25,00
11/20/2025 9:32 PM // INFO // [S_GRAPH] // Edge drawn from (170,0;85,0) to (400,0;85,0)!
11/20/2025 9:32 PM // INFO // [S_GRAPH] // Weight 8 drawn at (285;97,5)!
11/20/2025 9:32 PM // INFO // [S_GRAPH] // Edge from J1_M1 to J1_M2 with cost 0 drawn.
11/20/2025 9:32 PM // INFO // [S_GRAPH] // Edge drawn from (470,0;85,0) to (700,0;85,0)!
11/20/2025 9:32 PM // INFO // [S_GRAPH] // Weight 12 drawn at (585;85)!
11/20/2025 9:32 PM // INFO // [S_GRAPH] // Edge from J1_M2 to P1 with cost 0 drawn.
11/20/2025 9:32 PM // INFO // [S_GRAPH] // Curve value of edge (J2_M1 to J2_M2) set to 25,00
11/20/2025 9:32 PM // INFO // [S_GRAPH] // Edge drawn from (170,0;235,0) to (400,0;235,0)!
11/20/2025 9:32 PM // INFO // [S_GRAPH] // Weight 34 drawn at (285;247,5)!
11/20/2025 9:32 PM // INFO // [S_GRAPH] // Edge from J2_M1 to J2_M2 with cost 0 drawn.
11/20/2025 9:32 PM // INFO // [S_GRAPH] // Edge drawn from (470,0;235,0) to (700,0;235,0)!
11/20/2025 9:32 PM // INFO // [S_GRAPH] // Weight 10 drawn at (585;235)!
11/20/2025 9:32 PM // INFO // [S_GRAPH] // Edge from J2_M2 to P2 with cost 0 drawn.
11/20/2025 9:32 PM // INFO // [S_GRAPH] // Curve value of edge (J3_M1 to J3_M2) set to 25,00
11/20/2025 9:32 PM // INFO // [S_GRAPH] // Edge drawn from (170,0;385,0) to (400,0;385,0)!
11/20/2025 9:32 PM // INFO // [S_GRAPH] // Weight 3 drawn at (285;397,5)!
11/20/2025 9:32 PM // INFO // [S_GRAPH] // Edge from J3_M1 to J3_M2 with cost 0 drawn.
11/20/2025 9:32 PM // INFO // [S_GRAPH] // Edge drawn from (470,0;385,0) to (700,0;385,0)!
11/20/2025 9:32 PM // INFO // [S_GRAPH] // Weight 21 drawn at (585;385)!
11/20/2025 9:32 PM // INFO // [S_GRAPH] // Edge from J3_M2 to P3 with cost 0 drawn.
11/20/2025 9:32 PM // INFO // [S_GRAPH] // Canvas resized to 820x470!
11/20/2025 9:32 PM // INFO // [INITIALIZATION] // Johnson's Rule solver enabled!
11/20/2025 9:32 PM // INFO // [INITIALIZATION] // List Scheduling solver enabled!
11/20/2025 9:32 PM // INFO // [INITIALIZATION] // Dijkstra solver enabled!
11/20/2025 9:32 PM // INFO // [INITIALIZATION] // Simulated Annealing solver enabled!
11/20/2025 9:32 PM // INFO // [INITIALIZATION] //  solver enabled!
11/20/2025 9:32 PM // INFO // [CONSTRAINT] // Saving and closing are disabled for as long as there are no files opened.
11/20/2025 9:32 PM // INFO // [INTEG_SOLVER] // Johnson's Rule solver selected!
11/20/2025 9:32 PM // INFO // [INTEG_SOLVER] // Starting Johnson's Rule solver...
11/20/2025 9:32 PM // INFO // [Johnson's Rule Optimizer] // Optimized job sequence: J3 -> J1 -> J2
11/20/2025 9:32 PM // INFO // [Johnson's Rule Optimizer] // Cleared all existing S-Graph edges for sequence rebuild.
11/20/2025 9:32 PM // INFO // [Johnson's Rule Optimizer] // Graph rebuilt with necessary technological constraints (cost=duration) and zero-cost sequential constraints.
11/20/2025 9:32 PM // INFO // [Johnson's Rule Optimizer] // Node J3_M1 added to topological order.
11/20/2025 9:32 PM // INFO // [Johnson's Rule Optimizer] // Decreased in-degree of J3_M2 to 0.
11/20/2025 9:32 PM // INFO // [Johnson's Rule Optimizer] // Decreased in-degree of J1_M1 to 0.
11/20/2025 9:32 PM // INFO // [Johnson's Rule Optimizer] // Node J3_M2 added to topological order.
11/20/2025 9:32 PM // INFO // [Johnson's Rule Optimizer] // Decreased in-degree of J1_M2 to 1.
11/20/2025 9:32 PM // INFO // [Johnson's Rule Optimizer] // Decreased in-degree of P3 to 0.
11/20/2025 9:32 PM // INFO // [Johnson's Rule Optimizer] // Node J1_M1 added to topological order.
11/20/2025 9:32 PM // INFO // [Johnson's Rule Optimizer] // Decreased in-degree of J1_M2 to 0.
11/20/2025 9:32 PM // INFO // [Johnson's Rule Optimizer] // Decreased in-degree of J2_M1 to 0.
11/20/2025 9:32 PM // INFO // [Johnson's Rule Optimizer] // Node P3 added to topological order.
11/20/2025 9:32 PM // INFO // [Johnson's Rule Optimizer] // Node J1_M2 added to topological order.
11/20/2025 9:32 PM // INFO // [Johnson's Rule Optimizer] // Decreased in-degree of J2_M2 to 1.
11/20/2025 9:32 PM // INFO // [Johnson's Rule Optimizer] // Decreased in-degree of P1 to 0.
11/20/2025 9:32 PM // INFO // [Johnson's Rule Optimizer] // Node J2_M1 added to topological order.
11/20/2025 9:32 PM // INFO // [Johnson's Rule Optimizer] // Decreased in-degree of J2_M2 to 0.
11/20/2025 9:32 PM // INFO // [Johnson's Rule Optimizer] // Node P1 added to topological order.
11/20/2025 9:32 PM // INFO // [Johnson's Rule Optimizer] // Node J2_M2 added to topological order.
11/20/2025 9:32 PM // INFO // [Johnson's Rule Optimizer] // Decreased in-degree of P2 to 0.
11/20/2025 9:32 PM // INFO // [Johnson's Rule Optimizer] // Node P2 added to topological order.
11/20/2025 9:32 PM // INFO // [Johnson's Rule Optimizer] // Topological sort completed successfully.
11/20/2025 9:32 PM // INFO // [GANTT] // Node J3_M1 EST is 0 (no predecessors).
11/20/2025 9:32 PM // INFO // [GANTT] // Node J3_M2 EST is determined by J3_M1 (EST: 3,00).
11/20/2025 9:32 PM // INFO // [GANTT] // Node J1_M1 EST is determined by J3_M1 (EST: 3,00).
11/20/2025 9:32 PM // INFO // [GANTT] // Node J1_M2 EST is determined by J3_M2 (EST: 24,00).
11/20/2025 9:32 PM // INFO // [GANTT] // Node J2_M1 EST is determined by J1_M1 (EST: 11,00).
11/20/2025 9:32 PM // INFO // [GANTT] // Node J2_M2 EST is determined by J2_M1 (EST: 45,00).
11/20/2025 9:32 PM // INFO // [GANTT] // Gantt chart built with 6 items from path with 9 nodes.
11/20/2025 9:32 PM // INFO // [GANTT] // Gantt data built with 6 items from optimized path using Johnson's Rule!
11/20/2025 9:32 PM // INFO // [GANTT] // Canvases are ready to be used!
11/20/2025 9:32 PM // INFO // [GANTT] // Ruler drawn: 56 ticks and 28 labels.
11/20/2025 9:32 PM // INFO // [GANTT] // Gantt chart rendered with 6 items on canvas.
11/20/2025 9:32 PM // INFO // [GANTT] // Canvas resized to 650x110 to fit all Gantt items.
11/20/2025 9:32 PM // INFO // [GANTT] // Johnson's Rule schedule rendered successfully!
11/20/2025 9:32 PM // INFO // [S_GRAPH] // Node J1_M1 at 100;50
11/20/2025 9:32 PM // INFO // [S_GRAPH] // Node J1_M2 at 400;50
11/20/2025 9:32 PM // INFO // [S_GRAPH] // Node P1 at 700;50
11/20/2025 9:32 PM // INFO // [S_GRAPH] // Node J2_M1 at 100;200
11/20/2025 9:32 PM // INFO // [S_GRAPH] // Node J2_M2 at 400;200
11/20/2025 9:32 PM // INFO // [S_GRAPH] // Node P2 at 700;200
11/20/2025 9:32 PM // INFO // [S_GRAPH] // Node J3_M1 at 100;350
11/20/2025 9:32 PM // INFO // [S_GRAPH] // Node J3_M2 at 400;350
11/20/2025 9:32 PM // INFO // [S_GRAPH] // Node P3 at 700;350
11/20/2025 9:32 PM // INFO // [S_GRAPH] // Curve value of edge (J1_M1 to J1_M2) set to 25,00
11/20/2025 9:32 PM // INFO // [S_GRAPH] // Edge drawn from (170,0;85,0) to (400,0;85,0)!
11/20/2025 9:32 PM // INFO // [S_GRAPH] // Weight 8 drawn at (285;97,5)!
11/20/2025 9:32 PM // INFO // [S_GRAPH] // Edge from J1_M1 to J1_M2 with cost 0 drawn.
11/20/2025 9:32 PM // INFO // [S_GRAPH] // Curve value of edge (J2_M1 to J2_M2) set to 25,00
11/20/2025 9:32 PM // INFO // [S_GRAPH] // Edge drawn from (170,0;235,0) to (400,0;235,0)!
11/20/2025 9:32 PM // INFO // [S_GRAPH] // Weight 34 drawn at (285;247,5)!
11/20/2025 9:32 PM // INFO // [S_GRAPH] // Edge from J2_M1 to J2_M2 with cost 0 drawn.
11/20/2025 9:32 PM // INFO // [S_GRAPH] // Curve value of edge (J3_M1 to J3_M2) set to 25,00
11/20/2025 9:32 PM // INFO // [S_GRAPH] // Edge drawn from (170,0;385,0) to (400,0;385,0)!
11/20/2025 9:32 PM // INFO // [S_GRAPH] // Weight 3 drawn at (285;397,5)!
11/20/2025 9:32 PM // INFO // [S_GRAPH] // Edge from J3_M1 to J3_M2 with cost 0 drawn.
11/20/2025 9:32 PM // INFO // [S_GRAPH] // Curve value of edge (J3_M1 to J1_M1) set to -25,00
11/20/2025 9:32 PM // INFO // [S_GRAPH] // Edge drawn from (135,0;350,0) to (135,0;120,0)!
11/20/2025 9:32 PM // INFO // [S_GRAPH] // Weight 3 drawn at (122,5;235)!
11/20/2025 9:32 PM // INFO // [S_GRAPH] // Edge from J3_M1 to J1_M1 with cost 0 drawn.
11/20/2025 9:32 PM // INFO // [S_GRAPH] // Curve value of edge (J3_M2 to J1_M2) set to -25,00
11/20/2025 9:32 PM // INFO // [S_GRAPH] // Edge drawn from (435,0;350,0) to (435,0;120,0)!
11/20/2025 9:32 PM // INFO // [S_GRAPH] // Weight 21 drawn at (422,5;235)!
11/20/2025 9:32 PM // INFO // [S_GRAPH] // Edge from J3_M2 to J1_M2 with cost 0 drawn.
11/20/2025 9:32 PM // INFO // [S_GRAPH] // Curve value of edge (J1_M1 to J2_M1) set to -25,00
11/20/2025 9:32 PM // INFO // [S_GRAPH] // Edge drawn from (135,0;120,0) to (135,0;200,0)!
11/20/2025 9:32 PM // INFO // [S_GRAPH] // Weight 8 drawn at (147,5;160)!
11/20/2025 9:32 PM // INFO // [S_GRAPH] // Edge from J1_M1 to J2_M1 with cost 0 drawn.
11/20/2025 9:32 PM // INFO // [S_GRAPH] // Curve value of edge (J1_M2 to J2_M2) set to -25,00
11/20/2025 9:32 PM // INFO // [S_GRAPH] // Edge drawn from (435,0;120,0) to (435,0;200,0)!
11/20/2025 9:32 PM // INFO // [S_GRAPH] // Weight 12 drawn at (447,5;160)!
11/20/2025 9:32 PM // INFO // [S_GRAPH] // Edge from J1_M2 to J2_M2 with cost 0 drawn.
11/20/2025 9:32 PM // INFO // [S_GRAPH] // Edge drawn from (470,0;385,0) to (700,0;385,0)!
11/20/2025 9:32 PM // INFO // [S_GRAPH] // Weight 21 drawn at (585;385)!
11/20/2025 9:32 PM // INFO // [S_GRAPH] // Edge from J3_M2 to P3 with cost 0 drawn.
11/20/2025 9:32 PM // INFO // [S_GRAPH] // Edge drawn from (470,0;85,0) to (700,0;85,0)!
11/20/2025 9:32 PM // INFO // [S_GRAPH] // Weight 12 drawn at (585;85)!
11/20/2025 9:32 PM // INFO // [S_GRAPH] // Edge from J1_M2 to P1 with cost 0 drawn.
11/20/2025 9:32 PM // INFO // [S_GRAPH] // Edge drawn from (470,0;235,0) to (700,0;235,0)!
11/20/2025 9:32 PM // INFO // [S_GRAPH] // Weight 10 drawn at (585;235)!
11/20/2025 9:32 PM // INFO // [S_GRAPH] // Edge from J2_M2 to P2 with cost 0 drawn.
11/20/2025 9:32 PM // INFO // [S_GRAPH] // Canvas resized to 820x470!
11/20/2025 9:32 PM // INFO // [GANTT] // Gantt chart rendered with 6 items on canvas.
11/20/2025 9:32 PM // INFO // [GANTT] // Canvas resized to 651,5440478280127x110 to fit all Gantt items.
11/20/2025 9:32 PM // INFO // [GANTT] // Canvases are ready to be used!
11/20/2025 9:32 PM // INFO // [GANTT] // Ruler drawn: 56 ticks and 28 labels.
11/20/2025 9:32 PM // INFO // [MODIFY] // Zoom level changed to 0,004044489383215369, scale set to 10,028073596872959!
11/20/2025 9:32 PM // INFO // [GANTT] // Gantt chart rendered with 6 items on canvas.
11/20/2025 9:32 PM // INFO // [GANTT] // Canvas resized to 664,0535060839956x110 to fit all Gantt items.
11/20/2025 9:32 PM // INFO // [GANTT] // Canvases are ready to be used!
11/20/2025 9:32 PM // INFO // [GANTT] // Ruler drawn: 56 ticks and 28 labels.
11/20/2025 9:32 PM // INFO // [MODIFY] // Zoom level changed to 0,03640040444893832, scale set to 10,255518292436284!
11/20/2025 9:32 PM // INFO // [GANTT] // Gantt chart rendered with 6 items on canvas.
11/20/2025 9:32 PM // INFO // [GANTT] // Canvas resized to 678,4661049557237x110 to fit all Gantt items.
11/20/2025 9:32 PM // INFO // [GANTT] // Canvases are ready to be used!
11/20/2025 9:32 PM // INFO // [GANTT] // Ruler drawn: 56 ticks and 28 labels.
11/20/2025 9:32 PM // INFO // [MODIFY] // Zoom level changed to 0,07280080889787664, scale set to 10,517565544649523!
11/20/2025 9:32 PM // INFO // [GANTT] // Gantt chart rendered with 6 items on canvas.
11/20/2025 9:32 PM // INFO // [GANTT] // Canvas resized to 698,2573847367572x110 to fit all Gantt items.
11/20/2025 9:32 PM // INFO // [GANTT] // Canvases are ready to be used!
11/20/2025 9:32 PM // INFO // [GANTT] // Ruler drawn: 56 ticks and 28 labels.
11/20/2025 9:32 PM // INFO // [MODIFY] // Zoom level changed to 0,12133468149646107, scale set to 10,877406995213768!
11/20/2025 9:32 PM // INFO // [GANTT] // Gantt chart rendered with 6 items on canvas.
11/20/2025 9:32 PM // INFO // [GANTT] // Canvas resized to 723,9513913150671x110 to fit all Gantt items.
11/20/2025 9:32 PM // INFO // [GANTT] // Canvases are ready to be used!
11/20/2025 9:32 PM // INFO // [GANTT] // Ruler drawn: 56 ticks and 28 labels.
11/20/2025 9:32 PM // INFO // [MODIFY] // Zoom level changed to 0,1820020222446916, scale set to 11,344570751183038!
11/20/2025 9:32 PM // INFO // [GANTT] // Gantt chart rendered with 6 items on canvas.
11/20/2025 9:32 PM // INFO // [GANTT] // Canvas resized to 774,9026149794377x110 to fit all Gantt items.
11/20/2025 9:32 PM // INFO // [GANTT] // Canvases are ready to be used!
11/20/2025 9:32 PM // INFO // [GANTT] // Ruler drawn: 56 ticks and 28 labels.
11/20/2025 9:32 PM // INFO // [MODIFY] // Zoom level changed to 0,29524772497472196, scale set to 12,270956635989776!
11/20/2025 9:32 PM // INFO // [GANTT] // Gantt chart rendered with 6 items on canvas.
11/20/2025 9:32 PM // INFO // [GANTT] // Canvas resized to 811,8260061779085x110 to fit all Gantt items.
11/20/2025 9:32 PM // INFO // [GANTT] // Canvases are ready to be used!
11/20/2025 9:32 PM // INFO // [GANTT] // Ruler drawn: 56 ticks and 28 labels.
11/20/2025 9:32 PM // INFO // [MODIFY] // Zoom level changed to 0,37209302325581395, scale set to 12,94229102141652!
11/20/2025 9:32 PM // INFO // [GANTT] // Gantt chart rendered with 6 items on canvas.
11/20/2025 9:32 PM // INFO // [GANTT] // Canvas resized to 842,3975671012977x110 to fit all Gantt items.
11/20/2025 9:32 PM // INFO // [GANTT] // Canvases are ready to be used!
11/20/2025 9:32 PM // INFO // [GANTT] // Ruler drawn: 56 ticks and 28 labels.
11/20/2025 9:32 PM // INFO // [MODIFY] // Zoom level changed to 0,4327603640040445, scale set to 13,498137583659958!
11/20/2025 9:32 PM // INFO // [GANTT] // Gantt chart rendered with 6 items on canvas.
11/20/2025 9:32 PM // INFO // [GANTT] // Canvas resized to 878,6355970314244x110 to fit all Gantt items.
11/20/2025 9:32 PM // INFO // [GANTT] // Canvases are ready to be used!
11/20/2025 9:32 PM // INFO // [GANTT] // Ruler drawn: 56 ticks and 28 labels.
11/20/2025 9:32 PM // INFO // [MODIFY] // Zoom level changed to 0,5015166835187058, scale set to 14,157010855116807!
11/20/2025 9:32 PM // INFO // [GANTT] // Gantt chart rendered with 6 items on canvas.
11/20/2025 9:32 PM // INFO // [GANTT] // Canvas resized to 921,234138083339x110 to fit all Gantt items.
11/20/2025 9:32 PM // INFO // [GANTT] // Canvases are ready to be used!
11/20/2025 9:32 PM // INFO // [GANTT] // Ruler drawn: 56 ticks and 28 labels.
11/20/2025 9:32 PM // INFO // [MODIFY] // Zoom level changed to 0,5783619817997978, scale set to 14,931529783333437!
11/20/2025 9:32 PM // INFO // [GANTT] // Gantt chart rendered with 6 items on canvas.
11/20/2025 9:32 PM // INFO // [GANTT] // Canvas resized to 951,715711006146x110 to fit all Gantt items.
11/20/2025 9:32 PM // INFO // [GANTT] // Canvases are ready to be used!
11/20/2025 9:32 PM // INFO // [GANTT] // Ruler drawn: 56 ticks and 56 labels.
11/20/2025 9:32 PM // INFO // [MODIFY] // Zoom level changed to 0,6309403437815976, scale set to 15,485740200111746!
11/20/2025 9:32 PM // INFO // [GANTT] // Gantt chart rendered with 6 items on canvas.
11/20/2025 9:32 PM // INFO // [GANTT] // Canvas resized to 990,7890306151717x110 to fit all Gantt items.
11/20/2025 9:32 PM // INFO // [GANTT] // Canvases are ready to be used!
11/20/2025 9:32 PM // INFO // [GANTT] // Ruler drawn: 56 ticks and 56 labels.
11/20/2025 9:32 PM // INFO // [MODIFY] // Zoom level changed to 0,6956521739130435, scale set to 16,19616419300312!
11/20/2025 9:32 PM // INFO // [GANTT] // Gantt chart rendered with 6 items on canvas.
11/20/2025 9:32 PM // INFO // [GANTT] // Canvas resized to 1050,1182292742128x110 to fit all Gantt items.
11/20/2025 9:32 PM // INFO // [GANTT] // Canvases are ready to be used!
11/20/2025 9:32 PM // INFO // [GANTT] // Ruler drawn: 56 ticks and 56 labels.
11/20/2025 9:32 PM // INFO // [MODIFY] // Zoom level changed to 0,7886754297269969, scale set to 17,274876895894778!
11/20/2025 9:32 PM // INFO // [GANTT] // Gantt chart rendered with 6 items on canvas.
11/20/2025 9:32 PM // INFO // [GANTT] // Canvas resized to 1093,7058639263169x110 to fit all Gantt items.
11/20/2025 9:32 PM // INFO // [GANTT] // Canvases are ready to be used!
11/20/2025 9:32 PM // INFO // [GANTT] // Ruler drawn: 56 ticks and 56 labels.
11/20/2025 9:32 PM // INFO // [MODIFY] // Zoom level changed to 0,8533872598584428, scale set to 18,06737934411485!
11/20/2025 9:32 PM // INFO // [GANTT] // Gantt chart rendered with 6 items on canvas.
11/20/2025 9:32 PM // INFO // [GANTT] // Canvas resized to 1142,2107950231489x110 to fit all Gantt items.
11/20/2025 9:32 PM // INFO // [GANTT] // Canvases are ready to be used!
11/20/2025 9:32 PM // INFO // [GANTT] // Ruler drawn: 56 ticks and 56 labels.
11/20/2025 9:32 PM // INFO // [MODIFY] // Zoom level changed to 0,9221435793731041, scale set to 18,949287182239072!
11/20/2025 9:32 PM // INFO // [GANTT] // Gantt chart rendered with 6 items on canvas.
11/20/2025 9:32 PM // INFO // [GANTT] // Canvas resized to 1233,6550992272105x110 to fit all Gantt items.
11/20/2025 9:32 PM // INFO // [GANTT] // Canvases are ready to be used!
11/20/2025 9:32 PM // INFO // [GANTT] // Ruler drawn: 56 ticks and 56 labels.
11/20/2025 9:32 PM // INFO // [MODIFY] // Zoom level changed to 1,0434782608695652, scale set to 20,61191089504019!
11/20/2025 9:32 PM // INFO // [GANTT] // Gantt chart rendered with 6 items on canvas.
11/20/2025 9:32 PM // INFO // [GANTT] // Canvas resized to 1285,6626734049596x110 to fit all Gantt items.
11/20/2025 9:32 PM // INFO // [GANTT] // Canvases are ready to be used!
11/20/2025 9:32 PM // INFO // [GANTT] // Ruler drawn: 56 ticks and 56 labels.
11/20/2025 9:32 PM // INFO // [MODIFY] // Zoom level changed to 1,1081900910010112, scale set to 21,557503152817446!
11/20/2025 9:32 PM // INFO // [GANTT] // Gantt chart rendered with 6 items on canvas.
11/20/2025 9:32 PM // INFO // [GANTT] // Canvas resized to 1350,5293456446127x110 to fit all Gantt items.
11/20/2025 9:32 PM // INFO // [GANTT] // Canvases are ready to be used!
11/20/2025 9:32 PM // INFO // [GANTT] // Ruler drawn: 56 ticks and 56 labels.
11/20/2025 9:32 PM // INFO // [MODIFY] // Zoom level changed to 1,1850353892821033, scale set to 22,736897193538415!
11/20/2025 9:32 PM // INFO // [GANTT] // Gantt chart rendered with 6 items on canvas.
11/20/2025 9:32 PM // INFO // [GANTT] // Canvas resized to 1445,0834085479394x110 to fit all Gantt items.
11/20/2025 9:32 PM // INFO // [GANTT] // Canvases are ready to be used!
11/20/2025 9:32 PM // INFO // [GANTT] // Ruler drawn: 56 ticks and 56 labels.
11/20/2025 9:32 PM // INFO // [MODIFY] // Zoom level changed to 1,2901921132457028, scale set to 24,456061973598896!
11/20/2025 9:32 PM // INFO // [GANTT] // Gantt chart rendered with 6 items on canvas.
11/20/2025 9:32 PM // INFO // [GANTT] // Canvas resized to 1522,654586009554x110 to fit all Gantt items.
11/20/2025 9:32 PM // INFO // [GANTT] // Canvases are ready to be used!
11/20/2025 9:32 PM // INFO // [GANTT] // Ruler drawn: 56 ticks and 56 labels.
11/20/2025 9:32 PM // INFO // [MODIFY] // Zoom level changed to 1,3710819009100101, scale set to 25,866447018355526!
11/20/2025 9:32 PM // INFO // [GANTT] // Gantt chart rendered with 6 items on canvas.
11/20/2025 9:32 PM // INFO // [GANTT] // Canvas resized to 1613,159629090926x110 to fit all Gantt items.
11/20/2025 9:32 PM // INFO // [GANTT] // Canvases are ready to be used!
11/20/2025 9:32 PM // INFO // [GANTT] // Ruler drawn: 56 ticks and 56 labels.
11/20/2025 9:32 PM // INFO // [MODIFY] // Zoom level changed to 1,4600606673407484, scale set to 27,511993256198654!
11/20/2025 9:32 PM // INFO // [GANTT] // Gantt chart rendered with 6 items on canvas.
11/20/2025 9:32 PM // INFO // [GANTT] // Canvas resized to 1678,1469313053444x110 to fit all Gantt items.
11/20/2025 9:32 PM // INFO // [GANTT] // Canvases are ready to be used!
11/20/2025 9:32 PM // INFO // [GANTT] // Ruler drawn: 56 ticks and 56 labels.
11/20/2025 9:32 PM // INFO // [MODIFY] // Zoom level changed to 1,520728008088979, scale set to 28,69358056918808!
11/20/2025 9:32 PM // INFO // [GANTT] // Gantt chart rendered with 6 items on canvas.
11/20/2025 9:32 PM // INFO // [GANTT] // Canvas resized to 1736,7226754673657x110 to fit all Gantt items.
11/20/2025 9:32 PM // INFO // [GANTT] // Canvases are ready to be used!
11/20/2025 9:32 PM // INFO // [GANTT] // Ruler drawn: 56 ticks and 56 labels.
11/20/2025 9:32 PM // INFO // [MODIFY] // Zoom level changed to 1,5733063700707788, scale set to 29,75859409940665!
11/20/2025 9:32 PM // INFO // [GANTT] // Gantt chart rendered with 6 items on canvas.
11/20/2025 9:32 PM // INFO // [GANTT] // Canvas resized to 1802,2379791171031x110 to fit all Gantt items.
11/20/2025 9:32 PM // INFO // [GANTT] // Canvases are ready to be used!
11/20/2025 9:32 PM // INFO // [GANTT] // Ruler drawn: 56 ticks and 56 labels.
11/20/2025 9:32 PM // INFO // [MODIFY] // Zoom level changed to 1,6299292214357939, scale set to 30,949781438492785!
11/20/2025 9:32 PM // INFO // [GANTT] // Gantt chart rendered with 6 items on canvas.
11/20/2025 9:32 PM // INFO // [GANTT] // Canvas resized to 1840,8460921506316x110 to fit all Gantt items.
11/20/2025 9:32 PM // INFO // [GANTT] // Canvases are ready to be used!
11/20/2025 9:32 PM // INFO // [GANTT] // Ruler drawn: 56 ticks and 56 labels.
11/20/2025 9:32 PM // INFO // [MODIFY] // Zoom level changed to 1,6622851365015168, scale set to 31,651747130011486!
11/20/2025 9:32 PM // INFO // [GANTT] // Gantt chart rendered with 6 items on canvas.
11/20/2025 9:32 PM // INFO // [GANTT] // Canvas resized to 1870,37575209329x110 to fit all Gantt items.
11/20/2025 9:32 PM // INFO // [GANTT] // Canvases are ready to be used!
11/20/2025 9:32 PM // INFO // [GANTT] // Ruler drawn: 56 ticks and 56 labels.
11/20/2025 9:32 PM // INFO // [MODIFY] // Zoom level changed to 1,686552072800809, scale set to 32,18865003805982!
11/20/2025 9:32 PM // INFO // [GANTT] // Gantt chart rendered with 6 items on canvas.
11/20/2025 9:32 PM // INFO // [GANTT] // Canvas resized to 1936,0864125319147x110 to fit all Gantt items.
11/20/2025 9:32 PM // INFO // [GANTT] // Canvases are ready to be used!
11/20/2025 9:32 PM // INFO // [GANTT] // Ruler drawn: 56 ticks and 56 labels.
11/20/2025 9:32 PM // INFO // [MODIFY] // Zoom level changed to 1,7391304347826089, scale set to 33,383389318762084!
11/20/2025 9:32 PM // INFO // [GANTT] // Gantt chart rendered with 6 items on canvas.
11/20/2025 9:32 PM // INFO // [GANTT] // Canvas resized to 1983,001779021476x110 to fit all Gantt items.
11/20/2025 9:32 PM // INFO // [GANTT] // Canvases are ready to be used!
11/20/2025 9:32 PM // INFO // [GANTT] // Ruler drawn: 56 ticks and 56 labels.
11/20/2025 9:32 PM // INFO // [MODIFY] // Zoom level changed to 1,7755308392315472, scale set to 34,236395982208656!
11/20/2025 9:32 PM // INFO // [GANTT] // Gantt chart rendered with 6 items on canvas.
11/20/2025 9:32 PM // INFO // [GANTT] // Canvas resized to 2031,1159189444816x110 to fit all Gantt items.
11/20/2025 9:32 PM // INFO // [GANTT] // Canvases are ready to be used!
11/20/2025 9:32 PM // INFO // [GANTT] // Ruler drawn: 56 ticks and 56 labels.
11/20/2025 9:32 PM // INFO // [MODIFY] // Zoom level changed to 1,8119312436804855, scale set to 35,1111985262633!
11/20/2025 9:32 PM // INFO // [GANTT] // Gantt chart rendered with 6 items on canvas.
11/20/2025 9:32 PM // INFO // [GANTT] // Canvas resized to 2102,792737985492x110 to fit all Gantt items.
11/20/2025 9:32 PM // INFO // [GANTT] // Canvases are ready to be used!
11/20/2025 9:32 PM // INFO // [GANTT] // Ruler drawn: 56 ticks and 56 labels.
11/20/2025 9:32 PM // INFO // [MODIFY] // Zoom level changed to 1,8645096056622854, scale set to 36,414413417918034!
11/20/2025 9:32 PM // INFO // [GANTT] // Gantt chart rendered with 6 items on canvas.
11/20/2025 9:32 PM // INFO // [GANTT] // Canvas resized to 2148,2176723128173x110 to fit all Gantt items.
11/20/2025 9:32 PM // INFO // [GANTT] // Canvases are ready to be used!
11/20/2025 9:32 PM // INFO // [GANTT] // Ruler drawn: 56 ticks and 56 labels.
11/20/2025 9:32 PM // INFO // [MODIFY] // Zoom level changed to 1,8968655207280083, scale set to 37,2403213147785!
11/20/2025 9:32 PM // INFO // [GANTT] // Gantt chart rendered with 6 items on canvas.
11/20/2025 9:32 PM // INFO // [GANTT] // Canvas resized to 2200,5533805295368x110 to fit all Gantt items.
11/20/2025 9:32 PM // INFO // [GANTT] // Canvases are ready to be used!
11/20/2025 9:32 PM // INFO // [GANTT] // Ruler drawn: 56 ticks and 56 labels.
11/20/2025 9:32 PM // INFO // [MODIFY] // Zoom level changed to 1,9332659251769466, scale set to 38,19187964599158!
11/20/2025 9:32 PM // INFO // [GANTT] // Gantt chart rendered with 6 items on canvas.
11/20/2025 9:32 PM // INFO // [GANTT] // Canvas resized to 2260,2740500714544x110 to fit all Gantt items.
11/20/2025 9:32 PM // INFO // [GANTT] // Canvases are ready to be used!
11/20/2025 9:32 PM // INFO // [GANTT] // Ruler drawn: 56 ticks and 56 labels.
11/20/2025 9:32 PM // INFO // [MODIFY] // Zoom level changed to 1,9737108190091004, scale set to 39,27771000129917!
11/20/2025 9:32 PM // INFO // [GANTT] // Gantt chart rendered with 6 items on canvas.
11/20/2025 9:32 PM // INFO // [GANTT] // Canvas resized to 2296,9183912163685x110 to fit all Gantt items.
11/20/2025 9:32 PM // INFO // [GANTT] // Canvases are ready to be used!
11/20/2025 9:32 PM // INFO // [GANTT] // Ruler drawn: 56 ticks and 56 labels.
11/20/2025 9:32 PM // INFO // [MODIFY] // Zoom level changed to 1,9979777553083926, scale set to 39,94397074938852!
11/20/2025 9:32 PM // INFO // [GANTT] // Gantt chart rendered with 6 items on canvas.
11/20/2025 9:32 PM // INFO // [GANTT] // Canvas resized to 2300x110 to fit all Gantt items.
11/20/2025 9:32 PM // INFO // [GANTT] // Canvases are ready to be used!
11/20/2025 9:32 PM // INFO // [GANTT] // Ruler drawn: 56 ticks and 56 labels.
11/20/2025 9:32 PM // INFO // [MODIFY] // Zoom level changed to 2, scale set to 40!
11/20/2025 9:33 PM // INFO // [LOAD] // Open file dialog initiated...
11/20/2025 9:33 PM // INFO // [LOAD] // XML document loaded from C:\Users\Phant0m\Desktop\THESIS_LIPX05\test.xml!
11/20/2025 9:33 PM // INFO // [LOAD] // XML element established!
11/20/2025 9:33 PM // INFO // [DATATABLE] // Master Recipe Table datatable displayed in new tab!
11/20/2025 9:33 PM // INFO // [DATATABLE] // Recipe Elements Table datatable displayed in new tab!
11/20/2025 9:33 PM // INFO // [DATATABLE] // Steps Table datatable displayed in new tab!
11/20/2025 9:33 PM // INFO // [LOAD] // BatchML file loaded and data tables populated!
11/20/2025 9:33 PM // INFO // [CONSTRAINT] // Saving and closing are disabled for as long as there are no files opened.
11/20/2025 9:33 PM // INFO // [LOAD] // BatchML file loaded from C:\Users\Phant0m\Desktop\THESIS_LIPX05\test.xml!
11/20/2025 9:33 PM // INFO // [DATATABLE] // InternalKey column successfully hidden in 'Recipe Elements Table.'
11/20/2025 9:33 PM // INFO // [S_GRAPH] // Node J1_M1 at 100;70
11/20/2025 9:33 PM // INFO // [S_GRAPH] // Node J1_M2 at 300;70
11/20/2025 9:33 PM // INFO // [S_GRAPH] // Node P1 at 450;70
11/20/2025 9:33 PM // INFO // [S_GRAPH] // Node J2_M1 at 100;220
11/20/2025 9:33 PM // INFO // [S_GRAPH] // Node J2_M2 at 300;220
11/20/2025 9:33 PM // INFO // [S_GRAPH] // Node P2 at 450;220
11/20/2025 9:33 PM // INFO // [S_GRAPH] // Node J3_M1 at 100;370
11/20/2025 9:33 PM // INFO // [S_GRAPH] // Node J3_M2 at 300;370
11/20/2025 9:33 PM // INFO // [S_GRAPH] // Node P3 at 450;370
11/20/2025 9:33 PM // INFO // [S_GRAPH] // Node J4_M1 at 100;520
11/20/2025 9:33 PM // INFO // [S_GRAPH] // Node J4_M2 at 300;520
11/20/2025 9:33 PM // INFO // [S_GRAPH] // Node P4 at 450;520
11/20/2025 9:33 PM // INFO // [S_GRAPH] // Curve value of edge (J1_M1 to J1_M2) set to 25,00
11/20/2025 9:33 PM // INFO // [S_GRAPH] // Edge drawn from (170,0;105,0) to (300,0;105,0)!
11/20/2025 9:33 PM // INFO // [S_GRAPH] // Weight 15 drawn at (235;117,5)!
11/20/2025 9:33 PM // INFO // [S_GRAPH] // Edge from J1_M1 to J1_M2 with cost 0 drawn.
11/20/2025 9:33 PM // INFO // [S_GRAPH] // Edge drawn from (370,0;105,0) to (450,0;105,0)!
11/20/2025 9:33 PM // INFO // [S_GRAPH] // Weight 25 drawn at (410;105)!
11/20/2025 9:33 PM // INFO // [S_GRAPH] // Edge from J1_M2 to P1 with cost 25 drawn.
11/20/2025 9:33 PM // INFO // [S_GRAPH] // Curve value of edge (J2_M1 to J2_M2) set to 25,00
11/20/2025 9:33 PM // INFO // [S_GRAPH] // Edge drawn from (170,0;255,0) to (300,0;255,0)!
11/20/2025 9:33 PM // INFO // [S_GRAPH] // Weight 16 drawn at (235;267,5)!
11/20/2025 9:33 PM // INFO // [S_GRAPH] // Edge from J2_M1 to J2_M2 with cost 0 drawn.
11/20/2025 9:33 PM // INFO // [S_GRAPH] // Edge drawn from (370,0;255,0) to (450,0;255,0)!
11/20/2025 9:33 PM // INFO // [S_GRAPH] // Weight 26 drawn at (410;255)!
11/20/2025 9:33 PM // INFO // [S_GRAPH] // Edge from J2_M2 to P2 with cost 26 drawn.
11/20/2025 9:33 PM // INFO // [S_GRAPH] // Curve value of edge (J3_M1 to J3_M2) set to 25,00
11/20/2025 9:33 PM // INFO // [S_GRAPH] // Edge drawn from (170,0;405,0) to (300,0;405,0)!
11/20/2025 9:33 PM // INFO // [S_GRAPH] // Weight 17 drawn at (235;417,5)!
11/20/2025 9:33 PM // INFO // [S_GRAPH] // Edge from J3_M1 to J3_M2 with cost 0 drawn.
11/20/2025 9:33 PM // INFO // [S_GRAPH] // Edge drawn from (370,0;405,0) to (450,0;405,0)!
11/20/2025 9:33 PM // INFO // [S_GRAPH] // Weight 27 drawn at (410;405)!
11/20/2025 9:33 PM // INFO // [S_GRAPH] // Edge from J3_M2 to P3 with cost 27 drawn.
11/20/2025 9:33 PM // INFO // [S_GRAPH] // Curve value of edge (J4_M1 to J4_M2) set to 25,00
11/20/2025 9:33 PM // INFO // [S_GRAPH] // Edge drawn from (170,0;555,0) to (300,0;555,0)!
11/20/2025 9:33 PM // INFO // [S_GRAPH] // Weight 28 drawn at (235;567,5)!
11/20/2025 9:33 PM // INFO // [S_GRAPH] // Edge from J4_M1 to J4_M2 with cost 0 drawn.
11/20/2025 9:33 PM // INFO // [S_GRAPH] // Edge drawn from (370,0;555,0) to (450,0;555,0)!
11/20/2025 9:33 PM // INFO // [S_GRAPH] // Weight 18 drawn at (410;555)!
11/20/2025 9:33 PM // INFO // [S_GRAPH] // Edge from J4_M2 to P4 with cost 18 drawn.
11/20/2025 9:33 PM // INFO // [S_GRAPH] // Canvas resized to 570x640!
11/20/2025 9:33 PM // INFO // [S_GRAPH] // Flow Shop S-Graph built from BatchML file!
11/20/2025 9:33 PM // INFO // [INITIALIZATION] // Johnson's Rule solver enabled!
11/20/2025 9:33 PM // INFO // [INITIALIZATION] // List Scheduling solver enabled!
11/20/2025 9:33 PM // INFO // [INITIALIZATION] // Dijkstra solver enabled!
11/20/2025 9:33 PM // INFO // [INITIALIZATION] // Simulated Annealing solver enabled!
11/20/2025 9:33 PM // INFO // [INITIALIZATION] //  solver enabled!
11/20/2025 9:33 PM // INFO // [CONSTRAINT] // Saving and closing are disabled for as long as there are no files opened.
11/20/2025 9:33 PM // INFO // [INTEG_SOLVER] // Johnson's Rule solver selected!
11/20/2025 9:33 PM // INFO // [INTEG_SOLVER] // Starting Johnson's Rule solver...
11/20/2025 9:33 PM // INFO // [Johnson's Rule Optimizer] // Optimized job sequence: J1 -> J2 -> J3 -> J4
11/20/2025 9:33 PM // INFO // [Johnson's Rule Optimizer] // Cleared all existing S-Graph edges for sequence rebuild.
11/20/2025 9:33 PM // INFO // [Johnson's Rule Optimizer] // Graph rebuilt with necessary technological constraints (cost=duration) and zero-cost sequential constraints.
11/20/2025 9:33 PM // INFO // [Johnson's Rule Optimizer] // Node J1_M1 added to topological order.
11/20/2025 9:33 PM // INFO // [Johnson's Rule Optimizer] // Decreased in-degree of J1_M2 to 0.
11/20/2025 9:33 PM // INFO // [Johnson's Rule Optimizer] // Decreased in-degree of J2_M1 to 0.
11/20/2025 9:33 PM // INFO // [Johnson's Rule Optimizer] // Node J1_M2 added to topological order.
11/20/2025 9:33 PM // INFO // [Johnson's Rule Optimizer] // Decreased in-degree of J2_M2 to 1.
11/20/2025 9:33 PM // INFO // [Johnson's Rule Optimizer] // Decreased in-degree of P1 to 0.
11/20/2025 9:33 PM // INFO // [Johnson's Rule Optimizer] // Node J2_M1 added to topological order.
11/20/2025 9:33 PM // INFO // [Johnson's Rule Optimizer] // Decreased in-degree of J2_M2 to 0.
11/20/2025 9:33 PM // INFO // [Johnson's Rule Optimizer] // Decreased in-degree of J3_M1 to 0.
11/20/2025 9:33 PM // INFO // [Johnson's Rule Optimizer] // Node P1 added to topological order.
11/20/2025 9:33 PM // INFO // [Johnson's Rule Optimizer] // Node J2_M2 added to topological order.
11/20/2025 9:33 PM // INFO // [Johnson's Rule Optimizer] // Decreased in-degree of J3_M2 to 1.
11/20/2025 9:33 PM // INFO // [Johnson's Rule Optimizer] // Decreased in-degree of P2 to 0.
11/20/2025 9:33 PM // INFO // [Johnson's Rule Optimizer] // Node J3_M1 added to topological order.
11/20/2025 9:33 PM // INFO // [Johnson's Rule Optimizer] // Decreased in-degree of J3_M2 to 0.
11/20/2025 9:33 PM // INFO // [Johnson's Rule Optimizer] // Decreased in-degree of J4_M1 to 0.
11/20/2025 9:33 PM // INFO // [Johnson's Rule Optimizer] // Node P2 added to topological order.
11/20/2025 9:33 PM // INFO // [Johnson's Rule Optimizer] // Node J3_M2 added to topological order.
11/20/2025 9:33 PM // INFO // [Johnson's Rule Optimizer] // Decreased in-degree of J4_M2 to 1.
11/20/2025 9:33 PM // INFO // [Johnson's Rule Optimizer] // Decreased in-degree of P3 to 0.
11/20/2025 9:33 PM // INFO // [Johnson's Rule Optimizer] // Node J4_M1 added to topological order.
11/20/2025 9:33 PM // INFO // [Johnson's Rule Optimizer] // Decreased in-degree of J4_M2 to 0.
11/20/2025 9:33 PM // INFO // [Johnson's Rule Optimizer] // Node P3 added to topological order.
11/20/2025 9:33 PM // INFO // [Johnson's Rule Optimizer] // Node J4_M2 added to topological order.
11/20/2025 9:33 PM // INFO // [Johnson's Rule Optimizer] // Decreased in-degree of P4 to 0.
11/20/2025 9:33 PM // INFO // [Johnson's Rule Optimizer] // Node P4 added to topological order.
11/20/2025 9:33 PM // INFO // [Johnson's Rule Optimizer] // Topological sort completed successfully.
11/20/2025 9:33 PM // INFO // [GANTT] // Node J1_M1 EST is 0 (no predecessors).
11/20/2025 9:33 PM // INFO // [GANTT] // Node J1_M2 EST is determined by J1_M1 (EST: 15,00).
11/20/2025 9:33 PM // INFO // [GANTT] // Node J2_M1 EST is determined by J1_M1 (EST: 15,00).
11/20/2025 9:33 PM // INFO // [GANTT] // Node J2_M2 EST is determined by J1_M2 (EST: 40,00).
11/20/2025 9:33 PM // INFO // [GANTT] // Node J3_M1 EST is determined by J2_M1 (EST: 31,00).
11/20/2025 9:33 PM // INFO // [GANTT] // Node J3_M2 EST is determined by J2_M2 (EST: 66,00).
11/20/2025 9:33 PM // INFO // [GANTT] // Node J4_M1 EST is determined by J3_M1 (EST: 48,00).
11/20/2025 9:33 PM // INFO // [GANTT] // Node J4_M2 EST is determined by J3_M2 (EST: 93,00).
11/20/2025 9:33 PM // INFO // [GANTT] // Gantt chart built with 8 items from path with 12 nodes.
11/20/2025 9:33 PM // INFO // [GANTT] // Gantt data built with 8 items from optimized path using Johnson's Rule!
11/20/2025 9:33 PM // INFO // [GANTT] // Canvases are ready to be used!
11/20/2025 9:33 PM // INFO // [GANTT] // Ruler drawn: 112 ticks and 112 labels.
11/20/2025 9:33 PM // INFO // [GANTT] // Gantt chart rendered with 8 items on canvas.
11/20/2025 9:33 PM // INFO // [GANTT] // Canvas resized to 4540x110 to fit all Gantt items.
11/20/2025 9:33 PM // INFO // [GANTT] // Johnson's Rule schedule rendered successfully!
11/20/2025 9:33 PM // INFO // [S_GRAPH] // Node J1_M1 at 100;70
11/20/2025 9:33 PM // INFO // [S_GRAPH] // Node J1_M2 at 300;70
11/20/2025 9:33 PM // INFO // [S_GRAPH] // Node P1 at 450;70
11/20/2025 9:33 PM // INFO // [S_GRAPH] // Node J2_M1 at 100;220
11/20/2025 9:33 PM // INFO // [S_GRAPH] // Node J2_M2 at 300;220
11/20/2025 9:33 PM // INFO // [S_GRAPH] // Node P2 at 450;220
11/20/2025 9:33 PM // INFO // [S_GRAPH] // Node J3_M1 at 100;370
11/20/2025 9:33 PM // INFO // [S_GRAPH] // Node J3_M2 at 300;370
11/20/2025 9:33 PM // INFO // [S_GRAPH] // Node P3 at 450;370
11/20/2025 9:33 PM // INFO // [S_GRAPH] // Node J4_M1 at 100;520
11/20/2025 9:33 PM // INFO // [S_GRAPH] // Node J4_M2 at 300;520
11/20/2025 9:33 PM // INFO // [S_GRAPH] // Node P4 at 450;520
11/20/2025 9:33 PM // INFO // [S_GRAPH] // Curve value of edge (J1_M1 to J1_M2) set to 25,00
11/20/2025 9:33 PM // INFO // [S_GRAPH] // Edge drawn from (170,0;105,0) to (300,0;105,0)!
11/20/2025 9:33 PM // INFO // [S_GRAPH] // Weight 15 drawn at (235;117,5)!
11/20/2025 9:33 PM // INFO // [S_GRAPH] // Edge from J1_M1 to J1_M2 with cost 0 drawn.
11/20/2025 9:33 PM // INFO // [S_GRAPH] // Curve value of edge (J2_M1 to J2_M2) set to 25,00
11/20/2025 9:33 PM // INFO // [S_GRAPH] // Edge drawn from (170,0;255,0) to (300,0;255,0)!
11/20/2025 9:33 PM // INFO // [S_GRAPH] // Weight 16 drawn at (235;267,5)!
11/20/2025 9:33 PM // INFO // [S_GRAPH] // Edge from J2_M1 to J2_M2 with cost 0 drawn.
11/20/2025 9:33 PM // INFO // [S_GRAPH] // Curve value of edge (J3_M1 to J3_M2) set to 25,00
11/20/2025 9:33 PM // INFO // [S_GRAPH] // Edge drawn from (170,0;405,0) to (300,0;405,0)!
11/20/2025 9:33 PM // INFO // [S_GRAPH] // Weight 17 drawn at (235;417,5)!
11/20/2025 9:33 PM // INFO // [S_GRAPH] // Edge from J3_M1 to J3_M2 with cost 0 drawn.
11/20/2025 9:33 PM // INFO // [S_GRAPH] // Curve value of edge (J4_M1 to J4_M2) set to 25,00
11/20/2025 9:33 PM // INFO // [S_GRAPH] // Edge drawn from (170,0;555,0) to (300,0;555,0)!
11/20/2025 9:33 PM // INFO // [S_GRAPH] // Weight 28 drawn at (235;567,5)!
11/20/2025 9:33 PM // INFO // [S_GRAPH] // Edge from J4_M1 to J4_M2 with cost 0 drawn.
11/20/2025 9:33 PM // INFO // [S_GRAPH] // Curve value of edge (J1_M1 to J2_M1) set to -25,00
11/20/2025 9:33 PM // INFO // [S_GRAPH] // Edge drawn from (135,0;140,0) to (135,0;220,0)!
11/20/2025 9:33 PM // INFO // [S_GRAPH] // Weight 15 drawn at (147,5;180)!
11/20/2025 9:33 PM // INFO // [S_GRAPH] // Edge from J1_M1 to J2_M1 with cost 0 drawn.
11/20/2025 9:33 PM // INFO // [S_GRAPH] // Curve value of edge (J1_M2 to J2_M2) set to -25,00
11/20/2025 9:33 PM // INFO // [S_GRAPH] // Edge drawn from (335,0;140,0) to (335,0;220,0)!
11/20/2025 9:33 PM // INFO // [S_GRAPH] // Weight 25 drawn at (347,5;180)!
11/20/2025 9:33 PM // INFO // [S_GRAPH] // Edge from J1_M2 to J2_M2 with cost 0 drawn.
11/20/2025 9:33 PM // INFO // [S_GRAPH] // Curve value of edge (J2_M1 to J3_M1) set to -25,00
11/20/2025 9:33 PM // INFO // [S_GRAPH] // Edge drawn from (135,0;290,0) to (135,0;370,0)!
11/20/2025 9:33 PM // INFO // [S_GRAPH] // Weight 16 drawn at (147,5;330)!
11/20/2025 9:33 PM // INFO // [S_GRAPH] // Edge from J2_M1 to J3_M1 with cost 0 drawn.
11/20/2025 9:33 PM // INFO // [S_GRAPH] // Curve value of edge (J2_M2 to J3_M2) set to -25,00
11/20/2025 9:33 PM // INFO // [S_GRAPH] // Edge drawn from (335,0;290,0) to (335,0;370,0)!
11/20/2025 9:33 PM // INFO // [S_GRAPH] // Weight 26 drawn at (347,5;330)!
11/20/2025 9:33 PM // INFO // [S_GRAPH] // Edge from J2_M2 to J3_M2 with cost 0 drawn.
11/20/2025 9:33 PM // INFO // [S_GRAPH] // Curve value of edge (J3_M1 to J4_M1) set to -25,00
11/20/2025 9:33 PM // INFO // [S_GRAPH] // Edge drawn from (135,0;440,0) to (135,0;520,0)!
11/20/2025 9:33 PM // INFO // [S_GRAPH] // Weight 17 drawn at (147,5;480)!
11/20/2025 9:33 PM // INFO // [S_GRAPH] // Edge from J3_M1 to J4_M1 with cost 0 drawn.
11/20/2025 9:33 PM // INFO // [S_GRAPH] // Curve value of edge (J3_M2 to J4_M2) set to -25,00
11/20/2025 9:33 PM // INFO // [S_GRAPH] // Edge drawn from (335,0;440,0) to (335,0;520,0)!
11/20/2025 9:33 PM // INFO // [S_GRAPH] // Weight 27 drawn at (347,5;480)!
11/20/2025 9:33 PM // INFO // [S_GRAPH] // Edge from J3_M2 to J4_M2 with cost 0 drawn.
11/20/2025 9:33 PM // INFO // [S_GRAPH] // Edge drawn from (370,0;105,0) to (450,0;105,0)!
11/20/2025 9:33 PM // INFO // [S_GRAPH] // Weight 25 drawn at (410;105)!
11/20/2025 9:33 PM // INFO // [S_GRAPH] // Edge from J1_M2 to P1 with cost 0 drawn.
11/20/2025 9:33 PM // INFO // [S_GRAPH] // Edge drawn from (370,0;255,0) to (450,0;255,0)!
11/20/2025 9:33 PM // INFO // [S_GRAPH] // Weight 26 drawn at (410;255)!
11/20/2025 9:33 PM // INFO // [S_GRAPH] // Edge from J2_M2 to P2 with cost 0 drawn.
11/20/2025 9:33 PM // INFO // [S_GRAPH] // Edge drawn from (370,0;405,0) to (450,0;405,0)!
11/20/2025 9:33 PM // INFO // [S_GRAPH] // Weight 27 drawn at (410;405)!
11/20/2025 9:33 PM // INFO // [S_GRAPH] // Edge from J3_M2 to P3 with cost 0 drawn.
11/20/2025 9:33 PM // INFO // [S_GRAPH] // Edge drawn from (370,0;555,0) to (450,0;555,0)!
11/20/2025 9:33 PM // INFO // [S_GRAPH] // Weight 18 drawn at (410;555)!
11/20/2025 9:33 PM // INFO // [S_GRAPH] // Edge from J4_M2 to P4 with cost 0 drawn.
11/20/2025 9:33 PM // INFO // [S_GRAPH] // Canvas resized to 570x640!
11/20/2025 9:33 PM // INFO // [GANTT] // Gantt chart rendered with 8 items on canvas.
11/20/2025 9:33 PM // INFO // [GANTT] // Canvas resized to 4527,570217857714x110 to fit all Gantt items.
11/20/2025 9:33 PM // INFO // [GANTT] // Canvases are ready to be used!
11/20/2025 9:33 PM // INFO // [GANTT] // Ruler drawn: 112 ticks and 112 labels.
11/20/2025 9:33 PM // INFO // [MODIFY] // Zoom level changed to 1,9959555106167846, scale set to 39,88801998070012!
11/20/2025 9:33 PM // INFO // [GANTT] // Gantt chart rendered with 8 items on canvas.
11/20/2025 9:33 PM // INFO // [GANTT] // Canvas resized to 4502,81494770173x110 to fit all Gantt items.
11/20/2025 9:33 PM // INFO // [GANTT] // Canvases are ready to be used!
11/20/2025 9:33 PM // INFO // [GANTT] // Ruler drawn: 112 ticks and 112 labels.
11/20/2025 9:33 PM // INFO // [MODIFY] // Zoom level changed to 1,987866531850354, scale set to 39,66499952884441!
11/20/2025 9:33 PM // INFO // [GANTT] // Gantt chart rendered with 8 items on canvas.
11/20/2025 9:33 PM // INFO // [GANTT] // Canvas resized to 4417,256419037509x110 to fit all Gantt items.
11/20/2025 9:33 PM // INFO // [GANTT] // Canvases are ready to be used!
11/20/2025 9:33 PM // INFO // [GANTT] // Ruler drawn: 112 ticks and 112 labels.
11/20/2025 9:33 PM // INFO // [MODIFY] // Zoom level changed to 1,9595551061678462, scale set to 38,89420197331089!
11/20/2025 9:33 PM // INFO // [GANTT] // Gantt chart rendered with 8 items on canvas.
11/20/2025 9:33 PM // INFO // [GANTT] // Canvas resized to 4286,154038223724x110 to fit all Gantt items.
11/20/2025 9:33 PM // INFO // [GANTT] // Canvases are ready to be used!
11/20/2025 9:33 PM // INFO // [GANTT] // Ruler drawn: 112 ticks and 112 labels.
11/20/2025 9:33 PM // INFO // [MODIFY] // Zoom level changed to 1,9150657229524772, scale set to 37,71309944345697!
11/20/2025 9:33 PM // INFO // [GANTT] // Gantt chart rendered with 8 items on canvas.
11/20/2025 9:33 PM // INFO // [GANTT] // Canvas resized to 4181,855171874759x110 to fit all Gantt items.
11/20/2025 9:33 PM // INFO // [GANTT] // Canvases are ready to be used!
11/20/2025 9:33 PM // INFO // [GANTT] // Ruler drawn: 112 ticks and 112 labels.
11/20/2025 9:33 PM // INFO // [MODIFY] // Zoom level changed to 1,878665318503539, scale set to 36,773470016889725!
11/20/2025 9:33 PM // INFO // [GANTT] // Gantt chart rendered with 8 items on canvas.
11/20/2025 9:33 PM // INFO // [GANTT] // Canvas resized to 4057,901234645072x110 to fit all Gantt items.
11/20/2025 9:33 PM // INFO // [GANTT] // Canvases are ready to be used!
11/20/2025 9:33 PM // INFO // [GANTT] // Ruler drawn: 112 ticks and 112 labels.
11/20/2025 9:33 PM // INFO // [MODIFY] // Zoom level changed to 1,83417593528817, scale set to 35,65676787968533!
11/20/2025 9:33 PM // INFO // [GANTT] // Gantt chart rendered with 8 items on canvas.
11/20/2025 9:33 PM // INFO // [GANTT] // Canvas resized to 3937,711413952543x110 to fit all Gantt items.
11/20/2025 9:33 PM // INFO // [GANTT] // Canvases are ready to be used!
11/20/2025 9:33 PM // INFO // [GANTT] // Ruler drawn: 112 ticks and 112 labels.
11/20/2025 9:33 PM // INFO // [MODIFY] // Zoom level changed to 1,789686552072801, scale set to 34,57397670227516!
11/20/2025 9:33 PM // INFO // [GANTT] // Gantt chart rendered with 8 items on canvas.
11/20/2025 9:33 PM // INFO // [GANTT] // Canvas resized to 3852,5994694055676x110 to fit all Gantt items.
11/20/2025 9:33 PM // INFO // [GANTT] // Canvases are ready to be used!
11/20/2025 9:33 PM // INFO // [GANTT] // Ruler drawn: 112 ticks and 112 labels.
11/20/2025 9:33 PM // INFO // [MODIFY] // Zoom level changed to 1,757330637007078, scale set to 33,807202427077186!
11/20/2025 9:33 PM // INFO // [GANTT] // Gantt chart rendered with 8 items on canvas.
11/20/2025 9:33 PM // INFO // [GANTT] // Canvas resized to 3779,676375184659x110 to fit all Gantt items.
11/20/2025 9:33 PM // INFO // [GANTT] // Canvases are ready to be used!
11/20/2025 9:33 PM // INFO // [GANTT] // Ruler drawn: 112 ticks and 112 labels.
11/20/2025 9:33 PM // INFO // [MODIFY] // Zoom level changed to 1,7290192113245704, scale set to 33,15023761427621!
11/20/2025 9:33 PM // INFO // [GANTT] // Gantt chart rendered with 8 items on canvas.
11/20/2025 9:33 PM // INFO // [GANTT] // Canvas resized to 3618,272085140719x110 to fit all Gantt items.
11/20/2025 9:33 PM // INFO // [GANTT] // Canvases are ready to be used!
11/20/2025 9:33 PM // INFO // [GANTT] // Ruler drawn: 112 ticks and 112 labels.
11/20/2025 9:33 PM // INFO // [MODIFY] // Zoom level changed to 1,6643073811931244, scale set to 31,696144911177647!
11/20/2025 9:33 PM // INFO // [GANTT] // Gantt chart rendered with 8 items on canvas.
11/20/2025 9:33 PM // INFO // [GANTT] // Canvas resized to 3492,358630992027x110 to fit all Gantt items.
11/20/2025 9:33 PM // INFO // [GANTT] // Canvases are ready to be used!
11/20/2025 9:33 PM // INFO // [GANTT] // Ruler drawn: 112 ticks and 112 labels.
11/20/2025 9:33 PM // INFO // [MODIFY] // Zoom level changed to 1,6117290192113245, scale set to 30,56178946839664!
11/20/2025 9:33 PM // INFO // [GANTT] // Gantt chart rendered with 8 items on canvas.
11/20/2025 9:33 PM // INFO // [GANTT] // Canvas resized to 3389,3426759664976x110 to fit all Gantt items.
11/20/2025 9:33 PM // INFO // [GANTT] // Canvases are ready to be used!
11/20/2025 9:33 PM // INFO // [GANTT] // Ruler drawn: 112 ticks and 112 labels.
11/20/2025 9:33 PM // INFO // [MODIFY] // Zoom level changed to 1,5672396359959555, scale set to 29,63371780149998!
11/20/2025 9:33 PM // INFO // [GANTT] // Gantt chart rendered with 8 items on canvas.
11/20/2025 9:33 PM // INFO // [GANTT] // Canvas resized to 3271,622247248411x110 to fit all Gantt items.
11/20/2025 9:33 PM // INFO // [GANTT] // Canvases are ready to be used!
11/20/2025 9:33 PM // INFO // [GANTT] // Ruler drawn: 112 ticks and 112 labels.
11/20/2025 9:33 PM // INFO // [MODIFY] // Zoom level changed to 1,5146612740141556, scale set to 28,57317339863433!
11/20/2025 9:33 PM // INFO // [GANTT] // Gantt chart rendered with 8 items on canvas.
11/20/2025 9:33 PM // INFO // [GANTT] // Canvas resized to 3141,0164275980064x110 to fit all Gantt items.
11/20/2025 9:33 PM // INFO // [GANTT] // Canvases are ready to be used!
11/20/2025 9:33 PM // INFO // [GANTT] // Ruler drawn: 112 ticks and 112 labels.
11/20/2025 9:33 PM // INFO // [MODIFY] // Zoom level changed to 1,453993933265925, scale set to 27,396544392774832!
11/20/2025 9:33 PM // INFO // [GANTT] // Gantt chart rendered with 8 items on canvas.
11/20/2025 9:33 PM // INFO // [GANTT] // Canvas resized to 3040,4148997726643x110 to fit all Gantt items.
11/20/2025 9:33 PM // INFO // [GANTT] // Canvases are ready to be used!
11/20/2025 9:33 PM // INFO // [GANTT] // Ruler drawn: 112 ticks and 112 labels.
11/20/2025 9:33 PM // INFO // [MODIFY] // Zoom level changed to 1,4054600606673406, scale set to 26,490224322276255!
11/20/2025 9:33 PM // INFO // [GANTT] // Gantt chart rendered with 8 items on canvas.
11/20/2025 9:33 PM // INFO // [GANTT] // Canvas resized to 2927,244956804563x110 to fit all Gantt items.
11/20/2025 9:33 PM // INFO // [GANTT] // Canvases are ready to be used!
11/20/2025 9:33 PM // INFO // [GANTT] // Ruler drawn: 112 ticks and 112 labels.
11/20/2025 9:33 PM // INFO // [MODIFY] // Zoom level changed to 1,3488372093023255, scale set to 25,470675286527594!
11/20/2025 9:33 PM // INFO // [GANTT] // Gantt chart rendered with 8 items on canvas.
11/20/2025 9:33 PM // INFO // [GANTT] // Canvas resized to 2818,430669901323x110 to fit all Gantt items.
11/20/2025 9:33 PM // INFO // [GANTT] // Canvases are ready to be used!
11/20/2025 9:33 PM // INFO // [GANTT] // Ruler drawn: 112 ticks and 112 labels.
11/20/2025 9:33 PM // INFO // [MODIFY] // Zoom level changed to 1,2922143579373104, scale set to 24,490366395507415!
11/20/2025 9:33 PM // INFO // [GANTT] // Gantt chart rendered with 8 items on canvas.
11/20/2025 9:33 PM // INFO // [GANTT] // Canvas resized to 2743,2797881396223x110 to fit all Gantt items.
11/20/2025 9:33 PM // INFO // [GANTT] // Canvases are ready to be used!
11/20/2025 9:33 PM // INFO // [GANTT] // Ruler drawn: 112 ticks and 112 labels.
11/20/2025 9:33 PM // INFO // [MODIFY] // Zoom level changed to 1,2517694641051567, scale set to 23,81333142468128!
11/20/2025 9:33 PM // INFO // [GANTT] // Gantt chart rendered with 8 items on canvas.
11/20/2025 9:33 PM // INFO // [GANTT] // Canvas resized to 2677,421942769203x110 to fit all Gantt items.
11/20/2025 9:33 PM // INFO // [GANTT] // Canvases are ready to be used!
11/20/2025 9:33 PM // INFO // [GANTT] // Ruler drawn: 112 ticks and 112 labels.
11/20/2025 9:33 PM // INFO // [MODIFY] // Zoom level changed to 1,2153690596562183, scale set to 23,22001750242525!
11/20/2025 9:33 PM // INFO // [GANTT] // Gantt chart rendered with 8 items on canvas.
11/20/2025 9:33 PM // INFO // [GANTT] // Canvas resized to 2620,260429094782x110 to fit all Gantt items.
11/20/2025 9:33 PM // INFO // [GANTT] // Canvases are ready to be used!
11/20/2025 9:33 PM // INFO // [GANTT] // Ruler drawn: 112 ticks and 112 labels.
11/20/2025 9:33 PM // INFO // [MODIFY] // Zoom level changed to 1,1830131445904954, scale set to 22,7050489107638!
11/20/2025 9:33 PM // INFO // [GANTT] // Gantt chart rendered with 8 items on canvas.
11/20/2025 9:33 PM // INFO // [GANTT] // Canvas resized to 2536,8863153005495x110 to fit all Gantt items.
11/20/2025 9:33 PM // INFO // [GANTT] // Canvases are ready to be used!
11/20/2025 9:33 PM // INFO // [GANTT] // Ruler drawn: 112 ticks and 112 labels.
11/20/2025 9:33 PM // INFO // [MODIFY] // Zoom level changed to 1,134479271991911, scale set to 21,95393076847342!
11/20/2025 9:33 PM // INFO // [GANTT] // Gantt chart rendered with 8 items on canvas.
11/20/2025 9:33 PM // INFO // [GANTT] // Canvas resized to 2469,5187133324234x110 to fit all Gantt items.
11/20/2025 9:33 PM // INFO // [GANTT] // Canvases are ready to be used!
11/20/2025 9:33 PM // INFO // [GANTT] // Ruler drawn: 112 ticks and 112 labels.
11/20/2025 9:33 PM // INFO // [MODIFY] // Zoom level changed to 1,0940343781597572, scale set to 21,347015435427238!
11/20/2025 9:33 PM // INFO // [GANTT] // Gantt chart rendered with 8 items on canvas.
11/20/2025 9:33 PM // INFO // [GANTT] // Canvas resized to 2429,995419054507x110 to fit all Gantt items.
11/20/2025 9:33 PM // INFO // [GANTT] // Canvases are ready to be used!
11/20/2025 9:33 PM // INFO // [GANTT] // Ruler drawn: 112 ticks and 112 labels.
11/20/2025 9:33 PM // INFO // [MODIFY] // Zoom level changed to 1,069767441860465, scale set to 20,990949721211773!
11/20/2025 9:33 PM // INFO // [GANTT] // Gantt chart rendered with 8 items on canvas.
11/20/2025 9:33 PM // INFO // [GANTT] // Canvas resized to 2397,563398533227x110 to fit all Gantt items.
11/20/2025 9:33 PM // INFO // [GANTT] // Canvases are ready to be used!
11/20/2025 9:33 PM // INFO // [GANTT] // Ruler drawn: 112 ticks and 112 labels.
11/20/2025 9:33 PM // INFO // [MODIFY] // Zoom level changed to 1,0495449949443882, scale set to 20,698769356155196!
11/20/2025 9:33 PM // INFO // [GANTT] // Gantt chart rendered with 8 items on canvas.
11/20/2025 9:33 PM // INFO // [GANTT] // Canvas resized to 2371,943116490699x110 to fit all Gantt items.
11/20/2025 9:33 PM // INFO // [GANTT] // Canvases are ready to be used!
11/20/2025 9:33 PM // INFO // [GANTT] // Ruler drawn: 112 ticks and 112 labels.
11/20/2025 9:33 PM // INFO // [MODIFY] // Zoom level changed to 1,0333670374115267, scale set to 20,467956004420714!
11/20/2025 9:33 PM // INFO // [GANTT] // Gantt chart rendered with 8 items on canvas.
11/20/2025 9:33 PM // INFO // [GANTT] // Canvas resized to 2340,31914625684x110 to fit all Gantt items.
11/20/2025 9:33 PM // INFO // [GANTT] // Canvases are ready to be used!
11/20/2025 9:33 PM // INFO // [GANTT] // Ruler drawn: 112 ticks and 112 labels.
11/20/2025 9:33 PM // INFO // [MODIFY] // Zoom level changed to 1,01314459049545, scale set to 20,183055371683245!
11/20/2025 9:33 PM // INFO // [GANTT] // Gantt chart rendered with 8 items on canvas.
11/20/2025 9:33 PM // INFO // [GANTT] // Canvas resized to 2302,95088560722x110 to fit all Gantt items.
11/20/2025 9:33 PM // INFO // [GANTT] // Canvases are ready to be used!
11/20/2025 9:33 PM // INFO // [GANTT] // Ruler drawn: 112 ticks and 112 labels.
11/20/2025 9:33 PM // INFO // [MODIFY] // Zoom level changed to 0,9888776541961577, scale set to 19,846404374839818!
11/20/2025 9:33 PM // INFO // [GANTT] // Gantt chart rendered with 8 items on canvas.
11/20/2025 9:33 PM // INFO // [GANTT] // Canvas resized to 2278,385633979725x110 to fit all Gantt items.
11/20/2025 9:33 PM // INFO // [GANTT] // Canvases are ready to be used!
11/20/2025 9:33 PM // INFO // [GANTT] // Ruler drawn: 112 ticks and 112 labels.
11/20/2025 9:33 PM // INFO // [MODIFY] // Zoom level changed to 0,9726996966632963, scale set to 19,625095801619143!
11/20/2025 9:33 PM // INFO // [GANTT] // Gantt chart rendered with 8 items on canvas.
11/20/2025 9:33 PM // INFO // [GANTT] // Canvas resized to 2254,0943111045517x110 to fit all Gantt items.
11/20/2025 9:33 PM // INFO // [GANTT] // Canvases are ready to be used!
11/20/2025 9:33 PM // INFO // [GANTT] // Ruler drawn: 112 ticks and 112 labels.
11/20/2025 9:33 PM // INFO // [MODIFY] // Zoom level changed to 0,9565217391304348, scale set to 19,406255054995963!
11/20/2025 9:33 PM // INFO // [GANTT] // Gantt chart rendered with 8 items on canvas.
11/20/2025 9:33 PM // INFO // [GANTT] // Canvas resized to 2242,0504170522827x110 to fit all Gantt items.
11/20/2025 9:33 PM // INFO // [GANTT] // Canvases are ready to be used!
11/20/2025 9:33 PM // INFO // [GANTT] // Ruler drawn: 112 ticks and 112 labels.
11/20/2025 9:33 PM // INFO // [MODIFY] // Zoom level changed to 0,948432760364004, scale set to 19,29775150497552!
11/20/2025 9:33 PM // INFO // [GANTT] // Gantt chart rendered with 8 items on canvas.
11/20/2025 9:33 PM // INFO // [GANTT] // Canvas resized to 2236,0537458762124x110 to fit all Gantt items.
11/20/2025 9:33 PM // INFO // [GANTT] // Canvases are ready to be used!
11/20/2025 9:33 PM // INFO // [GANTT] // Ruler drawn: 112 ticks and 112 labels.
11/20/2025 9:33 PM // INFO // [MODIFY] // Zoom level changed to 0,9443882709807887, scale set to 19,243727440326236!
11/20/2025 9:33 PM // INFO // [GANTT] // Gantt chart rendered with 8 items on canvas.
11/20/2025 9:33 PM // INFO // [GANTT] // Canvas resized to 2230,0738623839925x110 to fit all Gantt items.
11/20/2025 9:33 PM // INFO // [GANTT] // Canvases are ready to be used!
11/20/2025 9:33 PM // INFO // [GANTT] // Ruler drawn: 112 ticks and 112 labels.
11/20/2025 9:33 PM // INFO // [MODIFY] // Zoom level changed to 0,9403437815975734, scale set to 19,189854616072004!
11/20/2025 9:33 PM // INFO // [GANTT] // Gantt chart rendered with 8 items on canvas.
11/20/2025 9:33 PM // INFO // [GANTT] // Canvas resized to 2224,110719578495x110 to fit all Gantt items.
11/20/2025 9:33 PM // INFO // [GANTT] // Canvases are ready to be used!
11/20/2025 9:33 PM // INFO // [GANTT] // Ruler drawn: 112 ticks and 112 labels.
11/20/2025 9:33 PM // INFO // [MODIFY] // Zoom level changed to 0,936299292214358, scale set to 19,136132608815267!
11/20/2025 9:33 PM // INFO // [GANTT] // Gantt chart rendered with 8 items on canvas.
11/20/2025 9:33 PM // INFO // [GANTT] // Canvas resized to 2218,164270594158x110 to fit all Gantt items.
11/20/2025 9:33 PM // INFO // [GANTT] // Canvases are ready to be used!
11/20/2025 9:33 PM // INFO // [GANTT] // Ruler drawn: 112 ticks and 112 labels.
11/20/2025 9:33 PM // INFO // [MODIFY] // Zoom level changed to 0,9322548028311427, scale set to 19,082560996343766!
11/20/2025 9:33 PM // INFO // [GANTT] // Gantt chart rendered with 8 items on canvas.
11/20/2025 9:33 PM // INFO // [GANTT] // Canvas resized to 2224,110719578495x110 to fit all Gantt items.
11/20/2025 9:33 PM // INFO // [GANTT] // Canvases are ready to be used!
11/20/2025 9:33 PM // INFO // [GANTT] // Ruler drawn: 112 ticks and 112 labels.
11/20/2025 9:33 PM // INFO // [MODIFY] // Zoom level changed to 0,936299292214358, scale set to 19,136132608815267!
11/20/2025 9:33 PM // INFO // [GANTT] // Gantt chart rendered with 8 items on canvas.
11/20/2025 9:33 PM // INFO // [GANTT] // Canvas resized to 2236,0537458762124x110 to fit all Gantt items.
11/20/2025 9:33 PM // INFO // [GANTT] // Canvases are ready to be used!
11/20/2025 9:33 PM // INFO // [GANTT] // Ruler drawn: 112 ticks and 112 labels.
11/20/2025 9:33 PM // INFO // [MODIFY] // Zoom level changed to 0,9443882709807888, scale set to 19,243727440326236!
11/20/2025 9:33 PM // INFO // [GANTT] // Gantt chart rendered with 8 items on canvas.
11/20/2025 9:33 PM // INFO // [GANTT] // Canvas resized to 2254,0943111045517x110 to fit all Gantt items.
11/20/2025 9:33 PM // INFO // [GANTT] // Canvases are ready to be used!
11/20/2025 9:33 PM // INFO // [GANTT] // Ruler drawn: 112 ticks and 112 labels.
11/20/2025 9:33 PM // INFO // [MODIFY] // Zoom level changed to 0,9565217391304349, scale set to 19,406255054995963!
11/20/2025 9:33 PM // INFO // [GANTT] // Gantt chart rendered with 8 items on canvas.
11/20/2025 9:33 PM // INFO // [GANTT] // Canvas resized to 2272,2872423463346x110 to fit all Gantt items.
11/20/2025 9:33 PM // INFO // [GANTT] // Canvases are ready to be used!
11/20/2025 9:33 PM // INFO // [GANTT] // Ruler drawn: 112 ticks and 112 labels.
11/20/2025 9:33 PM // INFO // [MODIFY] // Zoom level changed to 0,968655207280081, scale set to 19,570155336453464!
11/20/2025 9:33 PM // INFO // [GANTT] // Gantt chart rendered with 8 items on canvas.
11/20/2025 9:33 PM // INFO // [GANTT] // Canvas resized to 2296,7837235400457x110 to fit all Gantt items.
11/20/2025 9:33 PM // INFO // [GANTT] // Canvases are ready to be used!
11/20/2025 9:33 PM // INFO // [GANTT] // Ruler drawn: 112 ticks and 112 labels.
11/20/2025 9:33 PM // INFO // [MODIFY] // Zoom level changed to 0,9848331648129425, scale set to 19,790844356216628!
11/20/2025 9:33 PM // INFO // [GANTT] // Gantt chart rendered with 8 items on canvas.
11/20/2025 9:33 PM // INFO // [GANTT] // Canvas resized to 2321,556447018468x110 to fit all Gantt items.
11/20/2025 9:33 PM // INFO // [GANTT] // Canvases are ready to be used!
11/20/2025 9:33 PM // INFO // [GANTT] // Ruler drawn: 112 ticks and 112 labels.
11/20/2025 9:33 PM // INFO // [MODIFY] // Zoom level changed to 1,001011122345804, scale set to 20,014022045211423!
11/20/2025 9:33 PM // INFO // [GANTT] // Gantt chart rendered with 8 items on canvas.
11/20/2025 9:33 PM // INFO // [GANTT] // Canvas resized to 2334,0473717259474x110 to fit all Gantt items.
11/20/2025 9:33 PM // INFO // [GANTT] // Canvases are ready to be used!
11/20/2025 9:33 PM // INFO // [GANTT] // Ruler drawn: 112 ticks and 112 labels.
11/20/2025 9:33 PM // INFO // [MODIFY] // Zoom level changed to 1,0091001011122347, scale set to 20,12655289843196!
11/20/2025 9:33 PM // INFO // [GANTT] // Gantt chart rendered with 8 items on canvas.
11/20/2025 9:33 PM // INFO // [GANTT] // Canvas resized to 2352,9155661291234x110 to fit all Gantt items.
11/20/2025 9:33 PM // INFO // [GANTT] // Canvases are ready to be used!
11/20/2025 9:33 PM // INFO // [GANTT] // Ruler drawn: 112 ticks and 112 labels.
11/20/2025 9:33 PM // INFO // [MODIFY] // Zoom level changed to 1,0212335692618808, scale set to 20,296536631793902!
11/20/2025 9:33 PM // INFO // [GANTT] // Gantt chart rendered with 8 items on canvas.
11/20/2025 9:33 PM // INFO // [GANTT] // Canvas resized to 2365,582810639879x110 to fit all Gantt items.
11/20/2025 9:33 PM // INFO // [GANTT] // Canvases are ready to be used!
11/20/2025 9:33 PM // INFO // [GANTT] // Ruler drawn: 112 ticks and 112 labels.
11/20/2025 9:33 PM // INFO // [MODIFY] // Zoom level changed to 1,0293225480283115, scale set to 20,41065595171062!
11/20/2025 9:33 PM // INFO // [GANTT] // Gantt chart rendered with 8 items on canvas.
11/20/2025 9:33 PM // INFO // [GANTT] // Canvas resized to 2371,9431164907x110 to fit all Gantt items.
11/20/2025 9:33 PM // INFO // [GANTT] // Canvases are ready to be used!
11/20/2025 9:33 PM // INFO // [GANTT] // Ruler drawn: 112 ticks and 112 labels.
11/20/2025 9:33 PM // INFO // [MODIFY] // Zoom level changed to 1,033367037411527, scale set to 20,46795600442072!
11/20/2025 9:33 PM // INFO // [GANTT] // Gantt chart rendered with 8 items on canvas.
11/20/2025 9:33 PM // INFO // [GANTT] // Canvas resized to 2378,3212780077656x110 to fit all Gantt items.
11/20/2025 9:33 PM // INFO // [GANTT] // Canvases are ready to be used!
11/20/2025 9:33 PM // INFO // [GANTT] // Ruler drawn: 112 ticks and 112 labels.
11/20/2025 9:33 PM // INFO // [MODIFY] // Zoom level changed to 1,0374115267947424, scale set to 20,52541691898888!
11/20/2025 9:33 PM // INFO // [GANTT] // Gantt chart rendered with 8 items on canvas.
11/20/2025 9:33 PM // INFO // [GANTT] // Canvas resized to 2384,7173453183536x110 to fit all Gantt items.
11/20/2025 9:33 PM // INFO // [GANTT] // Canvases are ready to be used!
11/20/2025 9:33 PM // INFO // [GANTT] // Ruler drawn: 112 ticks and 112 labels.
11/20/2025 9:33 PM // INFO // [MODIFY] // Zoom level changed to 1,0414560161779578, scale set to 20,583039147012194!
11/20/2025 9:33 PM // INFO // [GANTT] // Gantt chart rendered with 8 items on canvas.
11/20/2025 9:33 PM // INFO // [GANTT] // Canvas resized to 2391,1313686904664x110 to fit all Gantt items.
11/20/2025 9:33 PM // INFO // [GANTT] // Canvases are ready to be used!
11/20/2025 9:33 PM // INFO // [GANTT] // Ruler drawn: 112 ticks and 112 labels.
11/20/2025 9:33 PM // INFO // [MODIFY] // Zoom level changed to 1,0455005055611732, scale set to 20,640823141355554!
11/20/2025 9:33 PM // INFO // [GANTT] // Gantt chart rendered with 8 items on canvas.
11/20/2025 9:33 PM // INFO // [GANTT] // Canvas resized to 2397,563398533227x110 to fit all Gantt items.
11/20/2025 9:33 PM // INFO // [GANTT] // Canvases are ready to be used!
11/20/2025 9:33 PM // INFO // [GANTT] // Ruler drawn: 112 ticks and 112 labels.
11/20/2025 9:33 PM // INFO // [MODIFY] // Zoom level changed to 1,0495449949443887, scale set to 20,6987693561552!
11/20/2025 9:33 PM // INFO // [GANTT] // Gantt chart rendered with 8 items on canvas.
11/20/2025 9:33 PM // INFO // [GANTT] // Canvas resized to 2410,481679975167x110 to fit all Gantt items.
11/20/2025 9:33 PM // INFO // [GANTT] // Canvases are ready to be used!
11/20/2025 9:33 PM // INFO // [GANTT] // Ruler drawn: 112 ticks and 112 labels.
11/20/2025 9:33 PM // INFO // [MODIFY] // Zoom level changed to 1,0576339737108194, scale set to 20,81515027004655!
11/20/2025 9:33 PM // INFO // [GANTT] // Gantt chart rendered with 8 items on canvas.
11/20/2025 9:33 PM // INFO // [GANTT] // Canvas resized to 2416,9680331017653x110 to fit all Gantt items.
11/20/2025 9:33 PM // INFO // [GANTT] // Canvases are ready to be used!
11/20/2025 9:33 PM // INFO // [GANTT] // Ruler drawn: 112 ticks and 112 labels.
11/20/2025 9:33 PM // INFO // [MODIFY] // Zoom level changed to 1,0616784630940348, scale set to 20,873585883799688!
11/20/2025 9:33 PM // INFO // [GANTT] // Gantt chart rendered with 8 items on canvas.
11/20/2025 9:33 PM // INFO // [GANTT] // Canvas resized to 2423,472595754649x110 to fit all Gantt items.
11/20/2025 9:33 PM // INFO // [GANTT] // Canvases are ready to be used!
11/20/2025 9:33 PM // INFO // [GANTT] // Ruler drawn: 112 ticks and 112 labels.
11/20/2025 9:33 PM // INFO // [MODIFY] // Zoom level changed to 1,0657229524772502, scale set to 20,93218554733918!
11/20/2025 9:33 PM // INFO // [GANTT] // Gantt chart rendered with 8 items on canvas.
11/20/2025 9:33 PM // INFO // [GANTT] // Canvas resized to 2429,995419054508x110 to fit all Gantt items.
11/20/2025 9:33 PM // INFO // [GANTT] // Canvases are ready to be used!
11/20/2025 9:33 PM // INFO // [GANTT] // Ruler drawn: 112 ticks and 112 labels.
11/20/2025 9:33 PM // INFO // [MODIFY] // Zoom level changed to 1,0697674418604657, scale set to 20,990949721211784!
11/20/2025 9:33 PM // INFO // [GANTT] // Gantt chart rendered with 8 items on canvas.
11/20/2025 9:33 PM // INFO // [GANTT] // Canvas resized to 2436,536554265546x110 to fit all Gantt items.
11/20/2025 9:33 PM // INFO // [GANTT] // Canvases are ready to be used!
11/20/2025 9:33 PM // INFO // [GANTT] // Ruler drawn: 112 ticks and 112 labels.
11/20/2025 9:33 PM // INFO // [MODIFY] // Zoom level changed to 1,0738119312436811, scale set to 21,04987886725717!
11/20/2025 9:33 PM // INFO // [GANTT] // Gantt chart rendered with 8 items on canvas.
11/20/2025 9:33 PM // INFO // [GANTT] // Canvas resized to 2443,096052795883x110 to fit all Gantt items.
11/20/2025 9:33 PM // INFO // [GANTT] // Canvases are ready to be used!
11/20/2025 9:33 PM // INFO // [GANTT] // Ruler drawn: 112 ticks and 112 labels.
11/20/2025 9:33 PM // INFO // [MODIFY] // Zoom level changed to 1,0778564206268957, scale set to 21,10897344861156!
11/20/2025 9:33 PM // INFO // [EXTERN_SOLVER] // Custom deterministic solver "Campbell-Dudek-Smith" added with path: C:\Users\Phant0m\Desktop\THESIS_LIPX05\Y0KAI_CDS\bin\Debug\net9.0\Y0KAI_CDS.exe
11/20/2025 9:33 PM // INFO // [INITIALIZATION] // Johnson's Rule solver added!
11/20/2025 9:33 PM // INFO // [INITIALIZATION] // List Scheduling solver added!
11/20/2025 9:33 PM // INFO // [INITIALIZATION] // {cs.Name} ({cs.TypeID} type) solver added!
11/20/2025 9:33 PM // INFO // [INITIALIZATION] // {cs.Name} ({cs.TypeID} type) solver added!
11/20/2025 9:33 PM // INFO // [INITIALIZATION] // {cs.Name} ({cs.TypeID} type) solver added!
11/20/2025 9:33 PM // INFO // [INITIALIZATION] // Solver menu successfully built!
11/20/2025 9:33 PM // INFO // [EXTERN_SOLVER] // Campbell-Dudek-Smith custom solver selected!
11/20/2025 9:33 PM // INFO // [S_GRAPH] // C:\Users\Phant0m\Desktop\THESIS_LIPX05\Thesis_LIPX05\bin\Debug\net9.0-windows\SolverTemp successfully discovered!
11/20/2025 9:33 PM // INFO // [S_GRAPH] // SGraph saved to C:\Users\Phant0m\Desktop\THESIS_LIPX05\Thesis_LIPX05\bin\Debug\net9.0-windows\SolverTemp\SGraph_9f82ca81-fe6b-4593-94f7-1580590b8f3b.xml!
11/20/2025 9:33 PM // INFO // [Campbell-Dudek-Smith] // Deterministic solver selected; skipping numeric parameter gathering...
11/20/2025 9:33 PM // INFO // [LOAD] // Loading solution from C:\Users\Phant0m\Desktop\THESIS_LIPX05\Thesis_LIPX05\bin\Debug\net9.0-windows\SolverTemp\CampbellDudekSmith_Solution.txt...
11/20/2025 9:33 PM // INFO // [LOAD] // Node J1_M1 added to solution path from file.
11/20/2025 9:33 PM // INFO // [LOAD] // Node J1_M2 added to solution path from file.
11/20/2025 9:33 PM // INFO // [LOAD] // Node J2_M1 added to solution path from file.
11/20/2025 9:33 PM // INFO // [LOAD] // Node J2_M2 added to solution path from file.
11/20/2025 9:33 PM // INFO // [LOAD] // Node J3_M1 added to solution path from file.
11/20/2025 9:33 PM // INFO // [LOAD] // Node J3_M2 added to solution path from file.
11/20/2025 9:33 PM // INFO // [LOAD] // Node J4_M1 added to solution path from file.
11/20/2025 9:33 PM // INFO // [LOAD] // Node J4_M2 added to solution path from file.
11/20/2025 9:33 PM // INFO // [LOAD] // Total of 8 nodes loaded from solution file.
11/20/2025 9:33 PM // INFO // [S_GRAPH] // Node J1_M1 at 100;70
11/20/2025 9:33 PM // INFO // [S_GRAPH] // Node J1_M2 at 300;70
11/20/2025 9:33 PM // INFO // [S_GRAPH] // Node P1 at 450;70
11/20/2025 9:33 PM // INFO // [S_GRAPH] // Node J2_M1 at 100;220
11/20/2025 9:33 PM // INFO // [S_GRAPH] // Node J2_M2 at 300;220
11/20/2025 9:33 PM // INFO // [S_GRAPH] // Node P2 at 450;220
11/20/2025 9:33 PM // INFO // [S_GRAPH] // Node J3_M1 at 100;370
11/20/2025 9:33 PM // INFO // [S_GRAPH] // Node J3_M2 at 300;370
11/20/2025 9:33 PM // INFO // [S_GRAPH] // Node P3 at 450;370
11/20/2025 9:33 PM // INFO // [S_GRAPH] // Node J4_M1 at 100;520
11/20/2025 9:33 PM // INFO // [S_GRAPH] // Node J4_M2 at 300;520
11/20/2025 9:33 PM // INFO // [S_GRAPH] // Node P4 at 450;520
11/20/2025 9:33 PM // INFO // [S_GRAPH] // Curve value of edge (J1_M1 to J1_M2) set to 25,00
11/20/2025 9:33 PM // INFO // [S_GRAPH] // Edge drawn from (170,0;105,0) to (300,0;105,0)!
11/20/2025 9:33 PM // INFO // [S_GRAPH] // Weight 15 drawn at (235;117,5)!
11/20/2025 9:33 PM // INFO // [S_GRAPH] // Edge from J1_M1 to J1_M2 with cost 0 drawn.
11/20/2025 9:33 PM // INFO // [S_GRAPH] // Curve value of edge (J2_M1 to J2_M2) set to 25,00
11/20/2025 9:33 PM // INFO // [S_GRAPH] // Edge drawn from (170,0;255,0) to (300,0;255,0)!
11/20/2025 9:33 PM // INFO // [S_GRAPH] // Weight 16 drawn at (235;267,5)!
11/20/2025 9:33 PM // INFO // [S_GRAPH] // Edge from J2_M1 to J2_M2 with cost 0 drawn.
11/20/2025 9:33 PM // INFO // [S_GRAPH] // Curve value of edge (J3_M1 to J3_M2) set to 25,00
11/20/2025 9:33 PM // INFO // [S_GRAPH] // Edge drawn from (170,0;405,0) to (300,0;405,0)!
11/20/2025 9:33 PM // INFO // [S_GRAPH] // Weight 17 drawn at (235;417,5)!
11/20/2025 9:33 PM // INFO // [S_GRAPH] // Edge from J3_M1 to J3_M2 with cost 0 drawn.
11/20/2025 9:33 PM // INFO // [S_GRAPH] // Curve value of edge (J4_M1 to J4_M2) set to 25,00
11/20/2025 9:33 PM // INFO // [S_GRAPH] // Edge drawn from (170,0;555,0) to (300,0;555,0)!
11/20/2025 9:33 PM // INFO // [S_GRAPH] // Weight 28 drawn at (235;567,5)!
11/20/2025 9:33 PM // INFO // [S_GRAPH] // Edge from J4_M1 to J4_M2 with cost 0 drawn.
11/20/2025 9:33 PM // INFO // [S_GRAPH] // Curve value of edge (J1_M1 to J2_M1) set to -25,00
11/20/2025 9:33 PM // INFO // [S_GRAPH] // Edge drawn from (135,0;140,0) to (135,0;220,0)!
11/20/2025 9:33 PM // INFO // [S_GRAPH] // Weight 15 drawn at (147,5;180)!
11/20/2025 9:33 PM // INFO // [S_GRAPH] // Edge from J1_M1 to J2_M1 with cost 0 drawn.
11/20/2025 9:33 PM // INFO // [S_GRAPH] // Curve value of edge (J1_M2 to J2_M2) set to -25,00
11/20/2025 9:33 PM // INFO // [S_GRAPH] // Edge drawn from (335,0;140,0) to (335,0;220,0)!
11/20/2025 9:33 PM // INFO // [S_GRAPH] // Weight 25 drawn at (347,5;180)!
11/20/2025 9:33 PM // INFO // [S_GRAPH] // Edge from J1_M2 to J2_M2 with cost 0 drawn.
11/20/2025 9:33 PM // INFO // [S_GRAPH] // Curve value of edge (J2_M1 to J3_M1) set to -25,00
11/20/2025 9:33 PM // INFO // [S_GRAPH] // Edge drawn from (135,0;290,0) to (135,0;370,0)!
11/20/2025 9:33 PM // INFO // [S_GRAPH] // Weight 16 drawn at (147,5;330)!
11/20/2025 9:33 PM // INFO // [S_GRAPH] // Edge from J2_M1 to J3_M1 with cost 0 drawn.
11/20/2025 9:33 PM // INFO // [S_GRAPH] // Curve value of edge (J2_M2 to J3_M2) set to -25,00
11/20/2025 9:33 PM // INFO // [S_GRAPH] // Edge drawn from (335,0;290,0) to (335,0;370,0)!
11/20/2025 9:33 PM // INFO // [S_GRAPH] // Weight 26 drawn at (347,5;330)!
11/20/2025 9:33 PM // INFO // [S_GRAPH] // Edge from J2_M2 to J3_M2 with cost 0 drawn.
11/20/2025 9:33 PM // INFO // [S_GRAPH] // Curve value of edge (J3_M1 to J4_M1) set to -25,00
11/20/2025 9:33 PM // INFO // [S_GRAPH] // Edge drawn from (135,0;440,0) to (135,0;520,0)!
11/20/2025 9:33 PM // INFO // [S_GRAPH] // Weight 17 drawn at (147,5;480)!
11/20/2025 9:33 PM // INFO // [S_GRAPH] // Edge from J3_M1 to J4_M1 with cost 0 drawn.
11/20/2025 9:33 PM // INFO // [S_GRAPH] // Curve value of edge (J3_M2 to J4_M2) set to -25,00
11/20/2025 9:33 PM // INFO // [S_GRAPH] // Edge drawn from (335,0;440,0) to (335,0;520,0)!
11/20/2025 9:33 PM // INFO // [S_GRAPH] // Weight 27 drawn at (347,5;480)!
11/20/2025 9:33 PM // INFO // [S_GRAPH] // Edge from J3_M2 to J4_M2 with cost 0 drawn.
11/20/2025 9:33 PM // INFO // [S_GRAPH] // Edge drawn from (370,0;105,0) to (450,0;105,0)!
11/20/2025 9:33 PM // INFO // [S_GRAPH] // Weight 25 drawn at (410;105)!
11/20/2025 9:33 PM // INFO // [S_GRAPH] // Edge from J1_M2 to P1 with cost 0 drawn.
11/20/2025 9:33 PM // INFO // [S_GRAPH] // Edge drawn from (370,0;255,0) to (450,0;255,0)!
11/20/2025 9:33 PM // INFO // [S_GRAPH] // Weight 26 drawn at (410;255)!
11/20/2025 9:33 PM // INFO // [S_GRAPH] // Edge from J2_M2 to P2 with cost 0 drawn.
11/20/2025 9:33 PM // INFO // [S_GRAPH] // Edge drawn from (370,0;405,0) to (450,0;405,0)!
11/20/2025 9:33 PM // INFO // [S_GRAPH] // Weight 27 drawn at (410;405)!
11/20/2025 9:33 PM // INFO // [S_GRAPH] // Edge from J3_M2 to P3 with cost 0 drawn.
11/20/2025 9:33 PM // INFO // [S_GRAPH] // Edge drawn from (370,0;555,0) to (450,0;555,0)!
11/20/2025 9:33 PM // INFO // [S_GRAPH] // Weight 18 drawn at (410;555)!
11/20/2025 9:33 PM // INFO // [S_GRAPH] // Edge from J4_M2 to P4 with cost 0 drawn.
11/20/2025 9:33 PM // INFO // [S_GRAPH] // Canvas resized to 570x640!
11/20/2025 9:33 PM // INFO // [GANTT] // Node J1_M1 EST is 0 (no predecessors).
11/20/2025 9:33 PM // INFO // [GANTT] // Node J1_M2 EST is determined by J1_M1 (EST: 15,00).
11/20/2025 9:33 PM // INFO // [GANTT] // Node J2_M1 EST is determined by J1_M1 (EST: 15,00).
11/20/2025 9:33 PM // INFO // [GANTT] // Node J2_M2 EST is determined by J1_M2 (EST: 40,00).
11/20/2025 9:33 PM // INFO // [GANTT] // Node J3_M1 EST is determined by J2_M1 (EST: 31,00).
11/20/2025 9:33 PM // INFO // [GANTT] // Node J3_M2 EST is determined by J2_M2 (EST: 66,00).
11/20/2025 9:33 PM // INFO // [GANTT] // Node J4_M1 EST is determined by J3_M1 (EST: 48,00).
11/20/2025 9:33 PM // INFO // [GANTT] // Node J4_M2 EST is determined by J3_M2 (EST: 93,00).
11/20/2025 9:33 PM // INFO // [GANTT] // Gantt chart built with 8 items from path with 8 nodes.
11/20/2025 9:33 PM // INFO // [GANTT] // Gantt data built with 8 items from optimized path using Campbell-Dudek-Smith!
11/20/2025 9:33 PM // INFO // [GANTT] // Canvases are ready to be used!
11/20/2025 9:33 PM // INFO // [GANTT] // Ruler drawn: 112 ticks and 112 labels.
11/20/2025 9:33 PM // INFO // [GANTT] // Gantt chart rendered with 8 items on canvas.
11/20/2025 9:33 PM // INFO // [GANTT] // Canvas resized to 2443,096052795883x110 to fit all Gantt items.
11/20/2025 9:33 PM // INFO // [GANTT] // Campbell-Dudek-Smith schedule rendered successfully!
11/20/2025 9:33 PM // INFO // [S_GRAPH] // Node J1_M1 at 100;70
11/20/2025 9:33 PM // INFO // [S_GRAPH] // Node J1_M2 at 300;70
11/20/2025 9:33 PM // INFO // [S_GRAPH] // Node P1 at 450;70
11/20/2025 9:33 PM // INFO // [S_GRAPH] // Node J2_M1 at 100;220
11/20/2025 9:33 PM // INFO // [S_GRAPH] // Node J2_M2 at 300;220
11/20/2025 9:33 PM // INFO // [S_GRAPH] // Node P2 at 450;220
11/20/2025 9:33 PM // INFO // [S_GRAPH] // Node J3_M1 at 100;370
11/20/2025 9:33 PM // INFO // [S_GRAPH] // Node J3_M2 at 300;370
11/20/2025 9:33 PM // INFO // [S_GRAPH] // Node P3 at 450;370
11/20/2025 9:33 PM // INFO // [S_GRAPH] // Node J4_M1 at 100;520
11/20/2025 9:33 PM // INFO // [S_GRAPH] // Node J4_M2 at 300;520
11/20/2025 9:33 PM // INFO // [S_GRAPH] // Node P4 at 450;520
11/20/2025 9:33 PM // INFO // [S_GRAPH] // Curve value of edge (J1_M1 to J1_M2) set to 25,00
11/20/2025 9:33 PM // INFO // [S_GRAPH] // Edge drawn from (170,0;105,0) to (300,0;105,0)!
11/20/2025 9:33 PM // INFO // [S_GRAPH] // Weight 15 drawn at (235;117,5)!
11/20/2025 9:33 PM // INFO // [S_GRAPH] // Edge from J1_M1 to J1_M2 with cost 0 drawn.
11/20/2025 9:33 PM // INFO // [S_GRAPH] // Curve value of edge (J2_M1 to J2_M2) set to 25,00
11/20/2025 9:33 PM // INFO // [S_GRAPH] // Edge drawn from (170,0;255,0) to (300,0;255,0)!
11/20/2025 9:33 PM // INFO // [S_GRAPH] // Weight 16 drawn at (235;267,5)!
11/20/2025 9:33 PM // INFO // [S_GRAPH] // Edge from J2_M1 to J2_M2 with cost 0 drawn.
11/20/2025 9:33 PM // INFO // [S_GRAPH] // Curve value of edge (J3_M1 to J3_M2) set to 25,00
11/20/2025 9:33 PM // INFO // [S_GRAPH] // Edge drawn from (170,0;405,0) to (300,0;405,0)!
11/20/2025 9:33 PM // INFO // [S_GRAPH] // Weight 17 drawn at (235;417,5)!
11/20/2025 9:33 PM // INFO // [S_GRAPH] // Edge from J3_M1 to J3_M2 with cost 0 drawn.
11/20/2025 9:33 PM // INFO // [S_GRAPH] // Curve value of edge (J4_M1 to J4_M2) set to 25,00
11/20/2025 9:33 PM // INFO // [S_GRAPH] // Edge drawn from (170,0;555,0) to (300,0;555,0)!
11/20/2025 9:33 PM // INFO // [S_GRAPH] // Weight 28 drawn at (235;567,5)!
11/20/2025 9:33 PM // INFO // [S_GRAPH] // Edge from J4_M1 to J4_M2 with cost 0 drawn.
11/20/2025 9:33 PM // INFO // [S_GRAPH] // Curve value of edge (J1_M1 to J2_M1) set to -25,00
11/20/2025 9:33 PM // INFO // [S_GRAPH] // Edge drawn from (135,0;140,0) to (135,0;220,0)!
11/20/2025 9:33 PM // INFO // [S_GRAPH] // Weight 15 drawn at (147,5;180)!
11/20/2025 9:33 PM // INFO // [S_GRAPH] // Edge from J1_M1 to J2_M1 with cost 0 drawn.
11/20/2025 9:33 PM // INFO // [S_GRAPH] // Curve value of edge (J1_M2 to J2_M2) set to -25,00
11/20/2025 9:33 PM // INFO // [S_GRAPH] // Edge drawn from (335,0;140,0) to (335,0;220,0)!
11/20/2025 9:33 PM // INFO // [S_GRAPH] // Weight 25 drawn at (347,5;180)!
11/20/2025 9:33 PM // INFO // [S_GRAPH] // Edge from J1_M2 to J2_M2 with cost 0 drawn.
11/20/2025 9:33 PM // INFO // [S_GRAPH] // Curve value of edge (J2_M1 to J3_M1) set to -25,00
11/20/2025 9:33 PM // INFO // [S_GRAPH] // Edge drawn from (135,0;290,0) to (135,0;370,0)!
11/20/2025 9:33 PM // INFO // [S_GRAPH] // Weight 16 drawn at (147,5;330)!
11/20/2025 9:33 PM // INFO // [S_GRAPH] // Edge from J2_M1 to J3_M1 with cost 0 drawn.
11/20/2025 9:33 PM // INFO // [S_GRAPH] // Curve value of edge (J2_M2 to J3_M2) set to -25,00
11/20/2025 9:33 PM // INFO // [S_GRAPH] // Edge drawn from (335,0;290,0) to (335,0;370,0)!
11/20/2025 9:33 PM // INFO // [S_GRAPH] // Weight 26 drawn at (347,5;330)!
11/20/2025 9:33 PM // INFO // [S_GRAPH] // Edge from J2_M2 to J3_M2 with cost 0 drawn.
11/20/2025 9:33 PM // INFO // [S_GRAPH] // Curve value of edge (J3_M1 to J4_M1) set to -25,00
11/20/2025 9:33 PM // INFO // [S_GRAPH] // Edge drawn from (135,0;440,0) to (135,0;520,0)!
11/20/2025 9:33 PM // INFO // [S_GRAPH] // Weight 17 drawn at (147,5;480)!
11/20/2025 9:33 PM // INFO // [S_GRAPH] // Edge from J3_M1 to J4_M1 with cost 0 drawn.
11/20/2025 9:33 PM // INFO // [S_GRAPH] // Curve value of edge (J3_M2 to J4_M2) set to -25,00
11/20/2025 9:33 PM // INFO // [S_GRAPH] // Edge drawn from (335,0;440,0) to (335,0;520,0)!
11/20/2025 9:33 PM // INFO // [S_GRAPH] // Weight 27 drawn at (347,5;480)!
11/20/2025 9:33 PM // INFO // [S_GRAPH] // Edge from J3_M2 to J4_M2 with cost 0 drawn.
11/20/2025 9:33 PM // INFO // [S_GRAPH] // Edge drawn from (370,0;105,0) to (450,0;105,0)!
11/20/2025 9:33 PM // INFO // [S_GRAPH] // Weight 25 drawn at (410;105)!
11/20/2025 9:33 PM // INFO // [S_GRAPH] // Edge from J1_M2 to P1 with cost 0 drawn.
11/20/2025 9:33 PM // INFO // [S_GRAPH] // Edge drawn from (370,0;255,0) to (450,0;255,0)!
11/20/2025 9:33 PM // INFO // [S_GRAPH] // Weight 26 drawn at (410;255)!
11/20/2025 9:33 PM // INFO // [S_GRAPH] // Edge from J2_M2 to P2 with cost 0 drawn.
11/20/2025 9:33 PM // INFO // [S_GRAPH] // Edge drawn from (370,0;405,0) to (450,0;405,0)!
11/20/2025 9:33 PM // INFO // [S_GRAPH] // Weight 27 drawn at (410;405)!
11/20/2025 9:33 PM // INFO // [S_GRAPH] // Edge from J3_M2 to P3 with cost 0 drawn.
11/20/2025 9:33 PM // INFO // [S_GRAPH] // Edge drawn from (370,0;555,0) to (450,0;555,0)!
11/20/2025 9:33 PM // INFO // [S_GRAPH] // Weight 18 drawn at (410;555)!
11/20/2025 9:33 PM // INFO // [S_GRAPH] // Edge from J4_M2 to P4 with cost 0 drawn.
11/20/2025 9:33 PM // INFO // [S_GRAPH] // Canvas resized to 570x640!
11/20/2025 9:33 PM // INFO // [EXTERN_SOLVER] // Dijkstra custom solver selected!
11/20/2025 9:33 PM // INFO // [S_GRAPH] // C:\Users\Phant0m\Desktop\THESIS_LIPX05\Thesis_LIPX05\bin\Debug\net9.0-windows\SolverTemp successfully discovered!
11/20/2025 9:33 PM // INFO // [S_GRAPH] // SGraph saved to C:\Users\Phant0m\Desktop\THESIS_LIPX05\Thesis_LIPX05\bin\Debug\net9.0-windows\SolverTemp\SGraph_f3042fd6-24aa-4b3f-b906-e1488671b89f.xml!
11/20/2025 9:33 PM // INFO // [Dijkstra] // Deterministic solver selected; skipping numeric parameter gathering...
11/20/2025 9:33 PM // ERROR // [EXTERN_SOLVER] // Error while running custom solver: An error occurred trying to start process 'C:\Users\Phant0m\Desktop\THESIS_LIPX05\Y0KAI_Dijkstra\Y0KAI_Dijkstra\bin\Debug\net9.0\Y0KAI_Dijkstra.exe' with working directory 'C:\Users\Phant0m\Desktop\THESIS_LIPX05\Thesis_LIPX05\bin\Debug\net9.0-windows'. A rendszer nem találja a megadott fájlt.
11/20/2025 9:34 PM // INFO // [S_GRAPH] // Node J1_M1 at 100;70
11/20/2025 9:34 PM // INFO // [S_GRAPH] // Node J1_M2 at 300;70
11/20/2025 9:34 PM // INFO // [S_GRAPH] // Node P1 at 450;70
11/20/2025 9:34 PM // INFO // [S_GRAPH] // Node J2_M1 at 100;220
11/20/2025 9:34 PM // INFO // [S_GRAPH] // Node J2_M2 at 300;220
11/20/2025 9:34 PM // INFO // [S_GRAPH] // Node P2 at 450;220
11/20/2025 9:34 PM // INFO // [S_GRAPH] // Node J3_M1 at 100;370
11/20/2025 9:34 PM // INFO // [S_GRAPH] // Node J3_M2 at 300;370
11/20/2025 9:34 PM // INFO // [S_GRAPH] // Node P3 at 450;370
11/20/2025 9:34 PM // INFO // [S_GRAPH] // Node J4_M1 at 100;520
11/20/2025 9:34 PM // INFO // [S_GRAPH] // Node J4_M2 at 300;520
11/20/2025 9:34 PM // INFO // [S_GRAPH] // Node P4 at 450;520
11/20/2025 9:34 PM // INFO // [S_GRAPH] // Curve value of edge (J1_M1 to J1_M2) set to 25,00
11/20/2025 9:34 PM // INFO // [S_GRAPH] // Edge drawn from (170,0;105,0) to (300,0;105,0)!
11/20/2025 9:34 PM // INFO // [S_GRAPH] // Weight 15 drawn at (235;117,5)!
11/20/2025 9:34 PM // INFO // [S_GRAPH] // Edge from J1_M1 to J1_M2 with cost 0 drawn.
11/20/2025 9:34 PM // INFO // [S_GRAPH] // Curve value of edge (J2_M1 to J2_M2) set to 25,00
11/20/2025 9:34 PM // INFO // [S_GRAPH] // Edge drawn from (170,0;255,0) to (300,0;255,0)!
11/20/2025 9:34 PM // INFO // [S_GRAPH] // Weight 16 drawn at (235;267,5)!
11/20/2025 9:34 PM // INFO // [S_GRAPH] // Edge from J2_M1 to J2_M2 with cost 0 drawn.
11/20/2025 9:34 PM // INFO // [S_GRAPH] // Curve value of edge (J3_M1 to J3_M2) set to 25,00
11/20/2025 9:34 PM // INFO // [S_GRAPH] // Edge drawn from (170,0;405,0) to (300,0;405,0)!
11/20/2025 9:34 PM // INFO // [S_GRAPH] // Weight 17 drawn at (235;417,5)!
11/20/2025 9:34 PM // INFO // [S_GRAPH] // Edge from J3_M1 to J3_M2 with cost 0 drawn.
11/20/2025 9:34 PM // INFO // [S_GRAPH] // Curve value of edge (J4_M1 to J4_M2) set to 25,00
11/20/2025 9:34 PM // INFO // [S_GRAPH] // Edge drawn from (170,0;555,0) to (300,0;555,0)!
11/20/2025 9:34 PM // INFO // [S_GRAPH] // Weight 28 drawn at (235;567,5)!
11/20/2025 9:34 PM // INFO // [S_GRAPH] // Edge from J4_M1 to J4_M2 with cost 0 drawn.
11/20/2025 9:34 PM // INFO // [S_GRAPH] // Curve value of edge (J1_M1 to J2_M1) set to -25,00
11/20/2025 9:34 PM // INFO // [S_GRAPH] // Edge drawn from (135,0;140,0) to (135,0;220,0)!
11/20/2025 9:34 PM // INFO // [S_GRAPH] // Weight 15 drawn at (147,5;180)!
11/20/2025 9:34 PM // INFO // [S_GRAPH] // Edge from J1_M1 to J2_M1 with cost 0 drawn.
11/20/2025 9:34 PM // INFO // [S_GRAPH] // Curve value of edge (J1_M2 to J2_M2) set to -25,00
11/20/2025 9:34 PM // INFO // [S_GRAPH] // Edge drawn from (335,0;140,0) to (335,0;220,0)!
11/20/2025 9:34 PM // INFO // [S_GRAPH] // Weight 25 drawn at (347,5;180)!
11/20/2025 9:34 PM // INFO // [S_GRAPH] // Edge from J1_M2 to J2_M2 with cost 0 drawn.
11/20/2025 9:34 PM // INFO // [S_GRAPH] // Curve value of edge (J2_M1 to J3_M1) set to -25,00
11/20/2025 9:34 PM // INFO // [S_GRAPH] // Edge drawn from (135,0;290,0) to (135,0;370,0)!
11/20/2025 9:34 PM // INFO // [S_GRAPH] // Weight 16 drawn at (147,5;330)!
11/20/2025 9:34 PM // INFO // [S_GRAPH] // Edge from J2_M1 to J3_M1 with cost 0 drawn.
11/20/2025 9:34 PM // INFO // [S_GRAPH] // Curve value of edge (J2_M2 to J3_M2) set to -25,00
11/20/2025 9:34 PM // INFO // [S_GRAPH] // Edge drawn from (335,0;290,0) to (335,0;370,0)!
11/20/2025 9:34 PM // INFO // [S_GRAPH] // Weight 26 drawn at (347,5;330)!
11/20/2025 9:34 PM // INFO // [S_GRAPH] // Edge from J2_M2 to J3_M2 with cost 0 drawn.
11/20/2025 9:34 PM // INFO // [S_GRAPH] // Curve value of edge (J3_M1 to J4_M1) set to -25,00
11/20/2025 9:34 PM // INFO // [S_GRAPH] // Edge drawn from (135,0;440,0) to (135,0;520,0)!
11/20/2025 9:34 PM // INFO // [S_GRAPH] // Weight 17 drawn at (147,5;480)!
11/20/2025 9:34 PM // INFO // [S_GRAPH] // Edge from J3_M1 to J4_M1 with cost 0 drawn.
11/20/2025 9:34 PM // INFO // [S_GRAPH] // Curve value of edge (J3_M2 to J4_M2) set to -25,00
11/20/2025 9:34 PM // INFO // [S_GRAPH] // Edge drawn from (335,0;440,0) to (335,0;520,0)!
11/20/2025 9:34 PM // INFO // [S_GRAPH] // Weight 27 drawn at (347,5;480)!
11/20/2025 9:34 PM // INFO // [S_GRAPH] // Edge from J3_M2 to J4_M2 with cost 0 drawn.
11/20/2025 9:34 PM // INFO // [S_GRAPH] // Edge drawn from (370,0;105,0) to (450,0;105,0)!
11/20/2025 9:34 PM // INFO // [S_GRAPH] // Weight 25 drawn at (410;105)!
11/20/2025 9:34 PM // INFO // [S_GRAPH] // Edge from J1_M2 to P1 with cost 0 drawn.
11/20/2025 9:34 PM // INFO // [S_GRAPH] // Edge drawn from (370,0;255,0) to (450,0;255,0)!
11/20/2025 9:34 PM // INFO // [S_GRAPH] // Weight 26 drawn at (410;255)!
11/20/2025 9:34 PM // INFO // [S_GRAPH] // Edge from J2_M2 to P2 with cost 0 drawn.
11/20/2025 9:34 PM // INFO // [S_GRAPH] // Edge drawn from (370,0;405,0) to (450,0;405,0)!
11/20/2025 9:34 PM // INFO // [S_GRAPH] // Weight 27 drawn at (410;405)!
11/20/2025 9:34 PM // INFO // [S_GRAPH] // Edge from J3_M2 to P3 with cost 0 drawn.
11/20/2025 9:34 PM // INFO // [S_GRAPH] // Edge drawn from (370,0;555,0) to (450,0;555,0)!
11/20/2025 9:34 PM // INFO // [S_GRAPH] // Weight 18 drawn at (410;555)!
11/20/2025 9:34 PM // INFO // [S_GRAPH] // Edge from J4_M2 to P4 with cost 0 drawn.
11/20/2025 9:34 PM // INFO // [S_GRAPH] // Canvas resized to 570x640!
11/20/2025 9:39 PM // INFO // [EXTERN_SOLVER] // Custom deterministic solver "Branch and Bound" added with path: C:\Users\Phant0m\Desktop\THESIS_LIPX05\Y0KAI_BnB\bin\Debug\net9.0\Y0KAI_BnB.exe
11/20/2025 9:39 PM // INFO // [INITIALIZATION] // Johnson's Rule solver added!
11/20/2025 9:39 PM // INFO // [INITIALIZATION] // List Scheduling solver added!
11/20/2025 9:39 PM // INFO // [INITIALIZATION] // {cs.Name} ({cs.TypeID} type) solver added!
11/20/2025 9:39 PM // INFO // [INITIALIZATION] // {cs.Name} ({cs.TypeID} type) solver added!
11/20/2025 9:39 PM // INFO // [INITIALIZATION] // {cs.Name} ({cs.TypeID} type) solver added!
11/20/2025 9:39 PM // INFO // [INITIALIZATION] // {cs.Name} ({cs.TypeID} type) solver added!
11/20/2025 9:39 PM // INFO // [INITIALIZATION] // Solver menu successfully built!
11/20/2025 9:39 PM // INFO // [SAVE] // Custom solvers saved to JSON file!
11/20/2025 9:39 PM // INFO // [EXITUS] // Custom solvers saved during exit!
11/20/2025 9:39 PM // INFO // [EXITUS] // Shutting down...
