10/26/2025 1:48 PM // INFO // [INITIALIZATION] // Beginning initialization...
10/26/2025 1:48 PM // INFO // [SAVE] // Custom solvers loaded from JSON file!
10/26/2025 1:48 PM // INFO // [INITIALIZATION] // Johnson's Rule solver added!
10/26/2025 1:48 PM // INFO // [INITIALIZATION] // List Scheduling solver added!
10/26/2025 1:48 PM // INFO // [INITIALIZATION] // {cs.Name} ({cs.TypeID} type) solver added!
10/26/2025 1:48 PM // INFO // [INITIALIZATION] // {cs.Name} ({cs.TypeID} type) solver added!
10/26/2025 1:48 PM // INFO // [INITIALIZATION] // Solver menu successfully built!
10/26/2025 1:48 PM // INFO // [CONSTRAINT] // Saving and closing are disabled for as long as there are no files opened.
10/26/2025 1:48 PM // INFO // [INITIALIZATION] // Initialization complete!
10/26/2025 1:48 PM // WARNING // [S_GRAPH] // No BatchML file loaded, drawing example S-Graph!
10/26/2025 1:48 PM // INFO // [CLEAR] // SGraphCanvas has been cleared!
10/26/2025 1:48 PM // INFO // [CLEAR] // GanttCanvas has been cleared!
10/26/2025 1:48 PM // INFO // [CLEAR] // RulerCanvas has been cleared!
10/26/2025 1:48 PM // INFO // [CLEAR] // S-Graph nodes cleared!
10/26/2025 1:48 PM // INFO // [CLEAR] // S-Graph edges cleared!
10/26/2025 1:48 PM // INFO // [S_GRAPH] // Node J3_M1 at 100;70
10/26/2025 1:48 PM // INFO // [S_GRAPH] // Node J3_M2 at 400;70
10/26/2025 1:48 PM // INFO // [S_GRAPH] // Node J1_M1 at 100;220
10/26/2025 1:48 PM // INFO // [S_GRAPH] // Node J1_M2 at 400;220
10/26/2025 1:48 PM // INFO // [S_GRAPH] // Node J2_M1 at 100;370
10/26/2025 1:48 PM // INFO // [S_GRAPH] // Node J2_M2 at 400;370
10/26/2025 1:48 PM // INFO // [S_GRAPH] // Node P1 at 0;0
10/26/2025 1:48 PM // INFO // [S_GRAPH] // Node P2 at 0;0
10/26/2025 1:48 PM // INFO // [S_GRAPH] // Technological edge J3_M1 to J3_M2 set to fixed curve 50.
10/26/2025 1:48 PM // INFO // [S_GRAPH] // Edge drawn from (170,0;105,0) to (400,0;105,0)!
10/26/2025 1:48 PM // INFO // [S_GRAPH] // Edge from J3_M1 to J3_M2 with cost 0 drawn.
10/26/2025 1:48 PM // INFO // [S_GRAPH] // Technological edge J1_M1 to J1_M2 set to fixed curve 50.
10/26/2025 1:48 PM // INFO // [S_GRAPH] // Edge drawn from (170,0;255,0) to (400,0;255,0)!
10/26/2025 1:48 PM // INFO // [S_GRAPH] // Edge from J1_M1 to J1_M2 with cost 0 drawn.
10/26/2025 1:48 PM // INFO // [S_GRAPH] // Technological edge J2_M1 to J2_M2 set to fixed curve 50.
10/26/2025 1:48 PM // INFO // [S_GRAPH] // Edge drawn from (170,0;405,0) to (400,0;405,0)!
10/26/2025 1:48 PM // INFO // [S_GRAPH] // Edge from J2_M1 to J2_M2 with cost 0 drawn.
10/26/2025 1:48 PM // INFO // [S_GRAPH] // Edge drawn from (135,0;140,0) to (135,0;220,0)!
10/26/2025 1:48 PM // INFO // [S_GRAPH] // Edge from J3_M1 to J1_M1 with cost 0 drawn.
10/26/2025 1:48 PM // INFO // [S_GRAPH] // Edge drawn from (435,0;140,0) to (435,0;220,0)!
10/26/2025 1:48 PM // INFO // [S_GRAPH] // Edge from J3_M2 to J1_M2 with cost 0 drawn.
10/26/2025 1:48 PM // INFO // [S_GRAPH] // Edge drawn from (135,0;290,0) to (135,0;370,0)!
10/26/2025 1:48 PM // INFO // [S_GRAPH] // Edge from J1_M1 to J2_M1 with cost 0 drawn.
10/26/2025 1:48 PM // INFO // [S_GRAPH] // Edge drawn from (435,0;290,0) to (435,0;370,0)!
10/26/2025 1:48 PM // INFO // [S_GRAPH] // Edge from J1_M2 to J2_M2 with cost 0 drawn.
10/26/2025 1:48 PM // INFO // [S_GRAPH] // Edge drawn from (125,9;371,2) to (44,1;68,8)!
10/26/2025 1:48 PM // INFO // [S_GRAPH] // Edge from J2_M1 to P1 with cost 0 drawn.
10/26/2025 1:48 PM // INFO // [S_GRAPH] // Edge drawn from (409,3;381,2) to (60,7;58,8)!
10/26/2025 1:48 PM // INFO // [S_GRAPH] // Edge from J2_M2 to P2 with cost 0 drawn.
10/26/2025 1:48 PM // INFO // [S_GRAPH] // Canvas resized to 520x490!
10/26/2025 1:48 PM // INFO // [S_GRAPH] // Example Flow Shop S-Graph drawn!
10/26/2025 1:48 PM // INFO // [INITIALIZATION] // Johnson's Rule solver enabled!
10/26/2025 1:48 PM // INFO // [INITIALIZATION] // List Scheduling solver enabled!
10/26/2025 1:48 PM // INFO // [INITIALIZATION] // Dijkstra solver enabled!
10/26/2025 1:48 PM // INFO // [INITIALIZATION] // Simulated Annealing solver enabled!
10/26/2025 1:48 PM // INFO // [INITIALIZATION] //  solver enabled!
10/26/2025 1:48 PM // INFO // [CONSTRAINT] // Saving and closing are disabled for as long as there are no files opened.
10/26/2025 1:48 PM // INFO // [EXITUS] // No changes were made, exiting app...
