10/19/2025 3:33 PM // INFO // [INITIALIZATION] // Beginning initialization...
10/19/2025 3:33 PM // INFO // [SAVE] // Custom solvers loaded from JSON file!
10/19/2025 3:33 PM // INFO // [INITIALIZATION] // Johnson's Rule solver added!
10/19/2025 3:33 PM // INFO // [INITIALIZATION] // List Scheduling solver added!
10/19/2025 3:33 PM // INFO // [INITIALIZATION] // {cs.Name} ({cs.TypeID} type) solver added!
10/19/2025 3:33 PM // INFO // [INITIALIZATION] // Solver menu successfully built!
10/19/2025 3:33 PM // INFO // [CONSTRAINT] // Saving and closing are disabled for as long as there are no files opened.
10/19/2025 3:33 PM // INFO // [INITIALIZATION] // Initialization complete!
10/19/2025 3:33 PM // INFO // [LOAD] // Open file dialog initiated...
10/19/2025 3:33 PM // INFO // [DATATABLE] // Master Recipe Table datatable displayed in new tab!
10/19/2025 3:33 PM // INFO // [DATATABLE] // Recipe Elements Table datatable displayed in new tab!
10/19/2025 3:33 PM // INFO // [DATATABLE] // Steps Table datatable displayed in new tab!
10/19/2025 3:33 PM // INFO // [LOAD] // BatchML file loaded and data tables populated!
10/19/2025 3:33 PM // INFO // [CONSTRAINT] // Saving and closing are disabled for as long as there are no files opened.
10/19/2025 3:33 PM // INFO // [LOAD] // BatchML file loaded from C:\Users\Phant0m\Desktop\THESIS_LIPX05\test.xml!
10/19/2025 3:33 PM // INFO // [DATATABLE] // InternalKey column successfully hidden in 'Recipe Elements Table.'
10/19/2025 3:33 PM // INFO // [CLEAR] // SGraphCanvas has been cleared!
10/19/2025 3:33 PM // INFO // [CLEAR] // GanttCanvas has been cleared!
10/19/2025 3:33 PM // INFO // [CLEAR] // RulerCanvas has been cleared!
10/19/2025 3:33 PM // INFO // [CLEAR] // S-Graph nodes cleared!
10/19/2025 3:33 PM // INFO // [CLEAR] // S-Graph edges cleared!
10/19/2025 3:33 PM // INFO // [S_GRAPH] // Created nodes for Job_A with times M1: 25 and M2: 115
10/19/2025 3:33 PM // INFO // [S_GRAPH] // Created nodes for Job_B with times M1: 75 and M2: 175
10/19/2025 3:33 PM // INFO // [S_GRAPH] // Created nodes for Job_C with times M1: 55 and M2: 20
10/19/2025 3:33 PM // INFO // [S_GRAPH] // Node Job_A_M1 at 50;50
10/19/2025 3:33 PM // INFO // [S_GRAPH] // Node Job_A_M2 at 200;50
10/19/2025 3:33 PM // INFO // [S_GRAPH] // Node Job_B_M1 at 50;200
10/19/2025 3:33 PM // INFO // [S_GRAPH] // Node Job_B_M2 at 200;200
10/19/2025 3:33 PM // INFO // [S_GRAPH] // Node Job_C_M1 at 50;350
10/19/2025 3:33 PM // INFO // [S_GRAPH] // Node Job_C_M2 at 200;350
10/19/2025 3:33 PM // INFO // [S_GRAPH] // Edge drawn from (120,0;85,0) to (200,0;85,0)!
10/19/2025 3:33 PM // INFO // [S_GRAPH] // Weight 0 drawn at (160;85)!
10/19/2025 3:33 PM // INFO // [S_GRAPH] // Edge from Job_A_M1 to Job_A_M2 with cost 0 drawn.
10/19/2025 3:33 PM // INFO // [S_GRAPH] // Edge drawn from (120,0;235,0) to (200,0;235,0)!
10/19/2025 3:33 PM // INFO // [S_GRAPH] // Weight 0 drawn at (160;235)!
10/19/2025 3:33 PM // INFO // [S_GRAPH] // Edge from Job_B_M1 to Job_B_M2 with cost 0 drawn.
10/19/2025 3:33 PM // INFO // [S_GRAPH] // Edge drawn from (120,0;385,0) to (200,0;385,0)!
10/19/2025 3:33 PM // INFO // [S_GRAPH] // Weight 0 drawn at (160;385)!
10/19/2025 3:33 PM // INFO // [S_GRAPH] // Edge from Job_C_M1 to Job_C_M2 with cost 0 drawn.
10/19/2025 3:33 PM // INFO // [S_GRAPH] // Edge drawn from (85,0;120,0) to (85,0;200,0)!
10/19/2025 3:33 PM // INFO // [S_GRAPH] // Weight 25 drawn at (75;160)!
10/19/2025 3:33 PM // INFO // [S_GRAPH] // Edge from Job_A_M1 to Job_B_M1 with cost 25 drawn.
10/19/2025 3:33 PM // INFO // [S_GRAPH] // Edge drawn from (235,0;120,0) to (235,0;200,0)!
10/19/2025 3:33 PM // INFO // [S_GRAPH] // Weight 115 drawn at (235;160)!
10/19/2025 3:33 PM // INFO // [S_GRAPH] // Edge from Job_A_M2 to Job_B_M2 with cost 115 drawn.
10/19/2025 3:33 PM // INFO // [S_GRAPH] // Edge drawn from (85,0;270,0) to (85,0;350,0)!
10/19/2025 3:33 PM // INFO // [S_GRAPH] // Weight 75 drawn at (75;310)!
10/19/2025 3:33 PM // INFO // [S_GRAPH] // Edge from Job_B_M1 to Job_C_M1 with cost 75 drawn.
10/19/2025 3:33 PM // INFO // [S_GRAPH] // Edge drawn from (235,0;270,0) to (235,0;350,0)!
10/19/2025 3:33 PM // INFO // [S_GRAPH] // Weight 175 drawn at (235;310)!
10/19/2025 3:33 PM // INFO // [S_GRAPH] // Edge from Job_B_M2 to Job_C_M2 with cost 175 drawn.
10/19/2025 3:33 PM // INFO // [S_GRAPH] // Canvas resized to 320x470!
10/19/2025 3:33 PM // INFO // [S_GRAPH] // Flow Shop S-Graph built from BatchML file!
10/19/2025 3:33 PM // INFO // [INITIALIZATION] // Johnson's Rule solver enabled!
10/19/2025 3:33 PM // INFO // [INITIALIZATION] // List Scheduling solver enabled!
10/19/2025 3:33 PM // INFO // [INITIALIZATION] // Simulated Annealing solver enabled!
10/19/2025 3:33 PM // INFO // [INITIALIZATION] //  solver enabled!
10/19/2025 3:33 PM // INFO // [CONSTRAINT] // Saving and closing are disabled for as long as there are no files opened.
10/19/2025 3:33 PM // INFO // [EXTERN_SOLVER] // Simulated Annealing custom solver selected!
10/19/2025 3:33 PM // INFO // [S_GRAPH] // SGraph saved to C:\Users\Phant0m\Desktop\THESIS_LIPX05\Thesis_LIPX05\bin\Debug\net9.0-windows\SolverTemp\SGraph_26da5a4c-5b5a-49b3-98b4-2c85e0be1196.xml!
10/19/2025 3:33 PM // INFO // [Simulated Annealing] // Gathering parameters for Simulated Annealing
10/19/2025 3:33 PM // INFO // [Simulated Annealing] // Parameters gathered: 1000, 0.995, 5000
10/19/2025 3:33 PM // INFO // [LOAD] // Loading solution from C:\Users\Phant0m\Desktop\THESIS_LIPX05\Thesis_LIPX05\bin\Debug\net9.0-windows\SolverTemp\SimulatedAnnealing_Solution.txt...
