11/19/2025 4:20 PM // INFO // [INITIALIZATION] // Beginning initialization...
11/19/2025 4:20 PM // INFO // [SAVE] // Custom solvers loaded from JSON file!
11/19/2025 4:20 PM // INFO // [INITIALIZATION] // Johnson's Rule solver added!
11/19/2025 4:20 PM // INFO // [INITIALIZATION] // List Scheduling solver added!
11/19/2025 4:20 PM // INFO // [INITIALIZATION] // {cs.Name} ({cs.TypeID} type) solver added!
11/19/2025 4:20 PM // INFO // [INITIALIZATION] // {cs.Name} ({cs.TypeID} type) solver added!
11/19/2025 4:20 PM // INFO // [INITIALIZATION] // {cs.Name} ({cs.TypeID} type) solver added!
11/19/2025 4:20 PM // INFO // [INITIALIZATION] // Solver menu successfully built!
11/19/2025 4:20 PM // INFO // [CONSTRAINT] // Saving and closing are disabled for as long as there are no files opened.
11/19/2025 4:20 PM // INFO // [INITIALIZATION] // Initialization complete!
11/19/2025 4:20 PM // WARNING // [S_GRAPH] // No BatchML file loaded, drawing example S-Graph!
11/19/2025 4:20 PM // INFO // [S_GRAPH] // Node J1_M1 at 100;50
11/19/2025 4:20 PM // INFO // [S_GRAPH] // Node J1_M2 at 400;50
11/19/2025 4:20 PM // INFO // [S_GRAPH] // Node P1 at 700;50
11/19/2025 4:20 PM // INFO // [S_GRAPH] // Node J2_M1 at 100;200
11/19/2025 4:20 PM // INFO // [S_GRAPH] // Node J2_M2 at 400;200
11/19/2025 4:20 PM // INFO // [S_GRAPH] // Node P2 at 700;200
11/19/2025 4:20 PM // INFO // [S_GRAPH] // Node J3_M1 at 100;350
11/19/2025 4:20 PM // INFO // [S_GRAPH] // Node J3_M2 at 400;350
11/19/2025 4:20 PM // INFO // [S_GRAPH] // Node P3 at 700;350
11/19/2025 4:20 PM // INFO // [S_GRAPH] // Curve value of edge (J1_M1 to J1_M2) set to 25,00
11/19/2025 4:20 PM // INFO // [S_GRAPH] // Edge drawn from (170,0;85,0) to (400,0;85,0)!
11/19/2025 4:20 PM // INFO // [S_GRAPH] // Weight 33 drawn at (285;97,5)!
11/19/2025 4:20 PM // INFO // [S_GRAPH] // Edge from J1_M1 to J1_M2 with cost 0 drawn.
11/19/2025 4:20 PM // INFO // [S_GRAPH] // Edge drawn from (470,0;85,0) to (700,0;85,0)!
11/19/2025 4:20 PM // INFO // [S_GRAPH] // Weight 23 drawn at (585;85)!
11/19/2025 4:20 PM // INFO // [S_GRAPH] // Edge from J1_M2 to P1 with cost 0 drawn.
11/19/2025 4:20 PM // INFO // [S_GRAPH] // Curve value of edge (J2_M1 to J2_M2) set to 25,00
11/19/2025 4:20 PM // INFO // [S_GRAPH] // Edge drawn from (170,0;235,0) to (400,0;235,0)!
11/19/2025 4:20 PM // INFO // [S_GRAPH] // Weight 34 drawn at (285;247,5)!
11/19/2025 4:20 PM // INFO // [S_GRAPH] // Edge from J2_M1 to J2_M2 with cost 0 drawn.
11/19/2025 4:20 PM // INFO // [S_GRAPH] // Edge drawn from (470,0;235,0) to (700,0;235,0)!
11/19/2025 4:20 PM // INFO // [S_GRAPH] // Weight 25 drawn at (585;235)!
11/19/2025 4:20 PM // INFO // [S_GRAPH] // Edge from J2_M2 to P2 with cost 0 drawn.
11/19/2025 4:20 PM // INFO // [S_GRAPH] // Curve value of edge (J3_M1 to J3_M2) set to 25,00
11/19/2025 4:20 PM // INFO // [S_GRAPH] // Edge drawn from (170,0;385,0) to (400,0;385,0)!
11/19/2025 4:20 PM // INFO // [S_GRAPH] // Weight 11 drawn at (285;397,5)!
11/19/2025 4:20 PM // INFO // [S_GRAPH] // Edge from J3_M1 to J3_M2 with cost 0 drawn.
11/19/2025 4:20 PM // INFO // [S_GRAPH] // Edge drawn from (470,0;385,0) to (700,0;385,0)!
11/19/2025 4:20 PM // INFO // [S_GRAPH] // Weight 6 drawn at (585;385)!
11/19/2025 4:20 PM // INFO // [S_GRAPH] // Edge from J3_M2 to P3 with cost 0 drawn.
11/19/2025 4:20 PM // INFO // [S_GRAPH] // Canvas resized to 820x470!
11/19/2025 4:20 PM // INFO // [INITIALIZATION] // Johnson's Rule solver enabled!
11/19/2025 4:20 PM // INFO // [INITIALIZATION] // List Scheduling solver enabled!
11/19/2025 4:20 PM // INFO // [INITIALIZATION] // Branch And Bound solver enabled!
11/19/2025 4:20 PM // INFO // [INITIALIZATION] // Campbell Dudek Smith solver enabled!
11/19/2025 4:20 PM // INFO // [INITIALIZATION] // Simulated Annealing solver enabled!
11/19/2025 4:20 PM // INFO // [INITIALIZATION] //  solver enabled!
11/19/2025 4:20 PM // INFO // [CONSTRAINT] // Saving and closing are disabled for as long as there are no files opened.
11/19/2025 4:20 PM // INFO // [INTEG_SOLVER] // Johnson's Rule solver selected!
11/19/2025 4:20 PM // INFO // [INTEG_SOLVER] // Starting Johnson's Rule solver...
11/19/2025 4:20 PM // INFO // [Johnson's Rule Optimizer] // Optimized job sequence: J2 -> J1 -> J3
11/19/2025 4:20 PM // INFO // [Johnson's Rule Optimizer] // Cleared all existing S-Graph edges for sequence rebuild.
11/19/2025 4:20 PM // INFO // [Johnson's Rule Optimizer] // Graph rebuilt with necessary technological constraints (cost=duration) and zero-cost sequential constraints.
11/19/2025 4:20 PM // INFO // [Johnson's Rule Optimizer] // Node P1 added to topological order.
11/19/2025 4:20 PM // INFO // [Johnson's Rule Optimizer] // Node J2_M1 added to topological order.
11/19/2025 4:20 PM // INFO // [Johnson's Rule Optimizer] // Decreased in-degree of J2_M2 to 0.
11/19/2025 4:20 PM // INFO // [Johnson's Rule Optimizer] // Decreased in-degree of J1_M1 to 0.
11/19/2025 4:20 PM // INFO // [Johnson's Rule Optimizer] // Node P2 added to topological order.
11/19/2025 4:20 PM // INFO // [Johnson's Rule Optimizer] // Node P3 added to topological order.
11/19/2025 4:20 PM // INFO // [Johnson's Rule Optimizer] // Node J2_M2 added to topological order.
11/19/2025 4:20 PM // INFO // [Johnson's Rule Optimizer] // Decreased in-degree of J1_M2 to 1.
11/19/2025 4:20 PM // INFO // [Johnson's Rule Optimizer] // Node J1_M1 added to topological order.
11/19/2025 4:20 PM // INFO // [Johnson's Rule Optimizer] // Decreased in-degree of J1_M2 to 0.
11/19/2025 4:20 PM // INFO // [Johnson's Rule Optimizer] // Decreased in-degree of J3_M1 to 0.
11/19/2025 4:20 PM // INFO // [Johnson's Rule Optimizer] // Node J1_M2 added to topological order.
11/19/2025 4:20 PM // INFO // [Johnson's Rule Optimizer] // Decreased in-degree of J3_M2 to 1.
11/19/2025 4:20 PM // INFO // [Johnson's Rule Optimizer] // Node J3_M1 added to topological order.
11/19/2025 4:20 PM // INFO // [Johnson's Rule Optimizer] // Decreased in-degree of J3_M2 to 0.
11/19/2025 4:20 PM // INFO // [Johnson's Rule Optimizer] // Node J3_M2 added to topological order.
11/19/2025 4:20 PM // INFO // [Johnson's Rule Optimizer] // Topological sort completed successfully.
11/19/2025 4:20 PM // INFO // [GANTT] // Node J2_M1 EST is 0 (no predecessors).
11/19/2025 4:20 PM // INFO // [GANTT] // Node J2_M2 EST is determined by J2_M1 (EST: 34,00).
11/19/2025 4:20 PM // INFO // [GANTT] // Node J1_M1 EST is determined by J2_M1 (EST: 34,00).
11/19/2025 4:20 PM // INFO // [GANTT] // Node J1_M2 EST is determined by J1_M1 (EST: 67,00).
11/19/2025 4:20 PM // INFO // [GANTT] // Node J3_M1 EST is determined by J1_M1 (EST: 67,00).
11/19/2025 4:20 PM // INFO // [GANTT] // Node J3_M2 EST is determined by J1_M2 (EST: 90,00).
11/19/2025 4:20 PM // INFO // [GANTT] // Gantt chart built with 6 items from path with 9 nodes.
11/19/2025 4:20 PM // INFO // [GANTT] // Gantt data built with 6 items from optimized path using Johnson's Rule!
11/19/2025 4:20 PM // INFO // [GANTT] // Canvases are ready to be used!
11/19/2025 4:20 PM // INFO // [GANTT] // Ruler drawn: 97 ticks and 49 labels.
11/19/2025 4:20 PM // INFO // [GANTT] // Gantt chart rendered with 6 items on canvas.
11/19/2025 4:20 PM // INFO // [GANTT] // Canvas resized to 1060x110 to fit all Gantt items.
11/19/2025 4:20 PM // INFO // [GANTT] // Johnson's Rule schedule rendered successfully!
11/19/2025 4:20 PM // INFO // [S_GRAPH] // Node J1_M1 at 100;50
11/19/2025 4:20 PM // INFO // [S_GRAPH] // Node J1_M2 at 400;50
11/19/2025 4:20 PM // INFO // [S_GRAPH] // Node P1 at 700;50
11/19/2025 4:20 PM // INFO // [S_GRAPH] // Node J2_M1 at 100;200
11/19/2025 4:20 PM // INFO // [S_GRAPH] // Node J2_M2 at 400;200
11/19/2025 4:20 PM // INFO // [S_GRAPH] // Node P2 at 700;200
11/19/2025 4:20 PM // INFO // [S_GRAPH] // Node J3_M1 at 100;350
11/19/2025 4:20 PM // INFO // [S_GRAPH] // Node J3_M2 at 400;350
11/19/2025 4:20 PM // INFO // [S_GRAPH] // Node P3 at 700;350
11/19/2025 4:20 PM // INFO // [S_GRAPH] // Curve value of edge (J1_M1 to J1_M2) set to 25,00
11/19/2025 4:20 PM // INFO // [S_GRAPH] // Edge drawn from (170,0;85,0) to (400,0;85,0)!
11/19/2025 4:20 PM // INFO // [S_GRAPH] // Weight 33 drawn at (285;97,5)!
11/19/2025 4:20 PM // INFO // [S_GRAPH] // Edge from J1_M1 to J1_M2 with cost 0 drawn.
11/19/2025 4:20 PM // INFO // [S_GRAPH] // Curve value of edge (J2_M1 to J2_M2) set to 25,00
11/19/2025 4:20 PM // INFO // [S_GRAPH] // Edge drawn from (170,0;235,0) to (400,0;235,0)!
11/19/2025 4:20 PM // INFO // [S_GRAPH] // Weight 34 drawn at (285;247,5)!
11/19/2025 4:20 PM // INFO // [S_GRAPH] // Edge from J2_M1 to J2_M2 with cost 0 drawn.
11/19/2025 4:20 PM // INFO // [S_GRAPH] // Curve value of edge (J3_M1 to J3_M2) set to 25,00
11/19/2025 4:20 PM // INFO // [S_GRAPH] // Edge drawn from (170,0;385,0) to (400,0;385,0)!
11/19/2025 4:20 PM // INFO // [S_GRAPH] // Weight 11 drawn at (285;397,5)!
11/19/2025 4:20 PM // INFO // [S_GRAPH] // Edge from J3_M1 to J3_M2 with cost 0 drawn.
11/19/2025 4:20 PM // INFO // [S_GRAPH] // Curve value of edge (J2_M1 to J1_M1) set to -25,00
11/19/2025 4:20 PM // INFO // [S_GRAPH] // Edge drawn from (135,0;200,0) to (135,0;120,0)!
11/19/2025 4:20 PM // INFO // [S_GRAPH] // Weight 34 drawn at (122,5;160)!
11/19/2025 4:20 PM // INFO // [S_GRAPH] // Edge from J2_M1 to J1_M1 with cost 0 drawn.
11/19/2025 4:20 PM // INFO // [S_GRAPH] // Curve value of edge (J2_M2 to J1_M2) set to -25,00
11/19/2025 4:20 PM // INFO // [S_GRAPH] // Edge drawn from (435,0;200,0) to (435,0;120,0)!
11/19/2025 4:20 PM // INFO // [S_GRAPH] // Weight 25 drawn at (422,5;160)!
11/19/2025 4:20 PM // INFO // [S_GRAPH] // Edge from J2_M2 to J1_M2 with cost 0 drawn.
11/19/2025 4:20 PM // INFO // [S_GRAPH] // Curve value of edge (J1_M1 to J3_M1) set to -25,00
11/19/2025 4:20 PM // INFO // [S_GRAPH] // Edge drawn from (135,0;120,0) to (135,0;350,0)!
11/19/2025 4:20 PM // INFO // [S_GRAPH] // Weight 33 drawn at (147,5;235)!
11/19/2025 4:20 PM // INFO // [S_GRAPH] // Edge from J1_M1 to J3_M1 with cost 0 drawn.
11/19/2025 4:20 PM // INFO // [S_GRAPH] // Curve value of edge (J1_M2 to J3_M2) set to -25,00
11/19/2025 4:20 PM // INFO // [S_GRAPH] // Edge drawn from (435,0;120,0) to (435,0;350,0)!
11/19/2025 4:20 PM // INFO // [S_GRAPH] // Weight 23 drawn at (447,5;235)!
11/19/2025 4:20 PM // INFO // [S_GRAPH] // Edge from J1_M2 to J3_M2 with cost 0 drawn.
11/19/2025 4:20 PM // INFO // [S_GRAPH] // Canvas resized to 820x470!
11/19/2025 4:20 PM // WARNING // [S_GRAPH] // No BatchML file loaded, drawing example S-Graph!
11/19/2025 4:20 PM // INFO // [S_GRAPH] // Node J1_M1 at 100;50
11/19/2025 4:20 PM // INFO // [S_GRAPH] // Node J1_M2 at 400;50
11/19/2025 4:20 PM // INFO // [S_GRAPH] // Node P1 at 700;50
11/19/2025 4:20 PM // INFO // [S_GRAPH] // Node J2_M1 at 100;200
11/19/2025 4:20 PM // INFO // [S_GRAPH] // Node J2_M2 at 400;200
11/19/2025 4:20 PM // INFO // [S_GRAPH] // Node P2 at 700;200
11/19/2025 4:20 PM // INFO // [S_GRAPH] // Node J3_M1 at 100;350
11/19/2025 4:20 PM // INFO // [S_GRAPH] // Node J3_M2 at 400;350
11/19/2025 4:20 PM // INFO // [S_GRAPH] // Node P3 at 700;350
11/19/2025 4:20 PM // INFO // [S_GRAPH] // Curve value of edge (J1_M1 to J1_M2) set to 25,00
11/19/2025 4:20 PM // INFO // [S_GRAPH] // Edge drawn from (170,0;85,0) to (400,0;85,0)!
11/19/2025 4:20 PM // INFO // [S_GRAPH] // Weight 48 drawn at (285;97,5)!
11/19/2025 4:20 PM // INFO // [S_GRAPH] // Edge from J1_M1 to J1_M2 with cost 0 drawn.
11/19/2025 4:20 PM // INFO // [S_GRAPH] // Edge drawn from (470,0;85,0) to (700,0;85,0)!
11/19/2025 4:20 PM // INFO // [S_GRAPH] // Weight 18 drawn at (585;85)!
11/19/2025 4:20 PM // INFO // [S_GRAPH] // Edge from J1_M2 to P1 with cost 0 drawn.
11/19/2025 4:20 PM // INFO // [S_GRAPH] // Curve value of edge (J2_M1 to J2_M2) set to 25,00
11/19/2025 4:20 PM // INFO // [S_GRAPH] // Edge drawn from (170,0;235,0) to (400,0;235,0)!
11/19/2025 4:20 PM // INFO // [S_GRAPH] // Weight 21 drawn at (285;247,5)!
11/19/2025 4:20 PM // INFO // [S_GRAPH] // Edge from J2_M1 to J2_M2 with cost 0 drawn.
11/19/2025 4:20 PM // INFO // [S_GRAPH] // Edge drawn from (470,0;235,0) to (700,0;235,0)!
11/19/2025 4:20 PM // INFO // [S_GRAPH] // Weight 8 drawn at (585;235)!
11/19/2025 4:20 PM // INFO // [S_GRAPH] // Edge from J2_M2 to P2 with cost 0 drawn.
11/19/2025 4:20 PM // INFO // [S_GRAPH] // Curve value of edge (J3_M1 to J3_M2) set to 25,00
11/19/2025 4:20 PM // INFO // [S_GRAPH] // Edge drawn from (170,0;385,0) to (400,0;385,0)!
11/19/2025 4:20 PM // INFO // [S_GRAPH] // Weight 36 drawn at (285;397,5)!
11/19/2025 4:20 PM // INFO // [S_GRAPH] // Edge from J3_M1 to J3_M2 with cost 0 drawn.
11/19/2025 4:20 PM // INFO // [S_GRAPH] // Edge drawn from (470,0;385,0) to (700,0;385,0)!
11/19/2025 4:20 PM // INFO // [S_GRAPH] // Weight 38 drawn at (585;385)!
11/19/2025 4:20 PM // INFO // [S_GRAPH] // Edge from J3_M2 to P3 with cost 0 drawn.
11/19/2025 4:20 PM // INFO // [S_GRAPH] // Canvas resized to 820x470!
11/19/2025 4:20 PM // INFO // [INITIALIZATION] // Johnson's Rule solver enabled!
11/19/2025 4:20 PM // INFO // [INITIALIZATION] // List Scheduling solver enabled!
11/19/2025 4:20 PM // INFO // [INITIALIZATION] // Branch And Bound solver enabled!
11/19/2025 4:20 PM // INFO // [INITIALIZATION] // Campbell Dudek Smith solver enabled!
11/19/2025 4:20 PM // INFO // [INITIALIZATION] // Simulated Annealing solver enabled!
11/19/2025 4:20 PM // INFO // [INITIALIZATION] //  solver enabled!
11/19/2025 4:20 PM // INFO // [CONSTRAINT] // Saving and closing are disabled for as long as there are no files opened.
11/19/2025 4:20 PM // INFO // [INTEG_SOLVER] // Johnson's Rule solver selected!
11/19/2025 4:20 PM // INFO // [INTEG_SOLVER] // Starting Johnson's Rule solver...
11/19/2025 4:20 PM // INFO // [Johnson's Rule Optimizer] // Optimized job sequence: J3 -> J1 -> J2
11/19/2025 4:20 PM // INFO // [Johnson's Rule Optimizer] // Cleared all existing S-Graph edges for sequence rebuild.
11/19/2025 4:20 PM // INFO // [Johnson's Rule Optimizer] // Graph rebuilt with necessary technological constraints (cost=duration) and zero-cost sequential constraints.
11/19/2025 4:20 PM // INFO // [Johnson's Rule Optimizer] // Node P1 added to topological order.
11/19/2025 4:20 PM // INFO // [Johnson's Rule Optimizer] // Node P2 added to topological order.
11/19/2025 4:20 PM // INFO // [Johnson's Rule Optimizer] // Node J3_M1 added to topological order.
11/19/2025 4:20 PM // INFO // [Johnson's Rule Optimizer] // Decreased in-degree of J3_M2 to 0.
11/19/2025 4:20 PM // INFO // [Johnson's Rule Optimizer] // Decreased in-degree of J1_M1 to 0.
11/19/2025 4:20 PM // INFO // [Johnson's Rule Optimizer] // Node P3 added to topological order.
11/19/2025 4:20 PM // INFO // [Johnson's Rule Optimizer] // Node J3_M2 added to topological order.
11/19/2025 4:20 PM // INFO // [Johnson's Rule Optimizer] // Decreased in-degree of J1_M2 to 1.
11/19/2025 4:20 PM // INFO // [Johnson's Rule Optimizer] // Node J1_M1 added to topological order.
11/19/2025 4:20 PM // INFO // [Johnson's Rule Optimizer] // Decreased in-degree of J1_M2 to 0.
11/19/2025 4:20 PM // INFO // [Johnson's Rule Optimizer] // Decreased in-degree of J2_M1 to 0.
11/19/2025 4:20 PM // INFO // [Johnson's Rule Optimizer] // Node J1_M2 added to topological order.
11/19/2025 4:20 PM // INFO // [Johnson's Rule Optimizer] // Decreased in-degree of J2_M2 to 1.
11/19/2025 4:20 PM // INFO // [Johnson's Rule Optimizer] // Node J2_M1 added to topological order.
11/19/2025 4:20 PM // INFO // [Johnson's Rule Optimizer] // Decreased in-degree of J2_M2 to 0.
11/19/2025 4:20 PM // INFO // [Johnson's Rule Optimizer] // Node J2_M2 added to topological order.
11/19/2025 4:20 PM // INFO // [Johnson's Rule Optimizer] // Topological sort completed successfully.
11/19/2025 4:20 PM // INFO // [GANTT] // Node J3_M1 EST is 0 (no predecessors).
11/19/2025 4:20 PM // INFO // [GANTT] // Node J3_M2 EST is determined by J3_M1 (EST: 36,00).
11/19/2025 4:20 PM // INFO // [GANTT] // Node J1_M1 EST is determined by J3_M1 (EST: 36,00).
11/19/2025 4:20 PM // INFO // [GANTT] // Node J1_M2 EST is determined by J1_M1 (EST: 84,00).
11/19/2025 4:20 PM // INFO // [GANTT] // Node J2_M1 EST is determined by J1_M1 (EST: 84,00).
11/19/2025 4:20 PM // INFO // [GANTT] // Node J2_M2 EST is determined by J2_M1 (EST: 105,00).
11/19/2025 4:20 PM // INFO // [GANTT] // Gantt chart built with 6 items from path with 9 nodes.
11/19/2025 4:20 PM // INFO // [GANTT] // Gantt data built with 6 items from optimized path using Johnson's Rule!
11/19/2025 4:20 PM // INFO // [GANTT] // Canvases are ready to be used!
11/19/2025 4:20 PM // INFO // [GANTT] // Ruler drawn: 114 ticks and 57 labels.
11/19/2025 4:20 PM // INFO // [GANTT] // Gantt chart rendered with 6 items on canvas.
11/19/2025 4:20 PM // INFO // [GANTT] // Canvas resized to 1230x110 to fit all Gantt items.
11/19/2025 4:20 PM // INFO // [GANTT] // Johnson's Rule schedule rendered successfully!
11/19/2025 4:20 PM // INFO // [S_GRAPH] // Node J1_M1 at 100;50
11/19/2025 4:20 PM // INFO // [S_GRAPH] // Node J1_M2 at 400;50
11/19/2025 4:20 PM // INFO // [S_GRAPH] // Node P1 at 700;50
11/19/2025 4:20 PM // INFO // [S_GRAPH] // Node J2_M1 at 100;200
11/19/2025 4:20 PM // INFO // [S_GRAPH] // Node J2_M2 at 400;200
11/19/2025 4:20 PM // INFO // [S_GRAPH] // Node P2 at 700;200
11/19/2025 4:20 PM // INFO // [S_GRAPH] // Node J3_M1 at 100;350
11/19/2025 4:20 PM // INFO // [S_GRAPH] // Node J3_M2 at 400;350
11/19/2025 4:20 PM // INFO // [S_GRAPH] // Node P3 at 700;350
11/19/2025 4:20 PM // INFO // [S_GRAPH] // Curve value of edge (J1_M1 to J1_M2) set to 25,00
11/19/2025 4:20 PM // INFO // [S_GRAPH] // Edge drawn from (170,0;85,0) to (400,0;85,0)!
11/19/2025 4:20 PM // INFO // [S_GRAPH] // Weight 48 drawn at (285;97,5)!
11/19/2025 4:20 PM // INFO // [S_GRAPH] // Edge from J1_M1 to J1_M2 with cost 0 drawn.
11/19/2025 4:20 PM // INFO // [S_GRAPH] // Curve value of edge (J2_M1 to J2_M2) set to 25,00
11/19/2025 4:20 PM // INFO // [S_GRAPH] // Edge drawn from (170,0;235,0) to (400,0;235,0)!
11/19/2025 4:20 PM // INFO // [S_GRAPH] // Weight 21 drawn at (285;247,5)!
11/19/2025 4:20 PM // INFO // [S_GRAPH] // Edge from J2_M1 to J2_M2 with cost 0 drawn.
11/19/2025 4:20 PM // INFO // [S_GRAPH] // Curve value of edge (J3_M1 to J3_M2) set to 25,00
11/19/2025 4:20 PM // INFO // [S_GRAPH] // Edge drawn from (170,0;385,0) to (400,0;385,0)!
11/19/2025 4:20 PM // INFO // [S_GRAPH] // Weight 36 drawn at (285;397,5)!
11/19/2025 4:20 PM // INFO // [S_GRAPH] // Edge from J3_M1 to J3_M2 with cost 0 drawn.
11/19/2025 4:20 PM // INFO // [S_GRAPH] // Curve value of edge (J3_M1 to J1_M1) set to -25,00
11/19/2025 4:20 PM // INFO // [S_GRAPH] // Edge drawn from (135,0;350,0) to (135,0;120,0)!
11/19/2025 4:20 PM // INFO // [S_GRAPH] // Weight 36 drawn at (122,5;235)!
11/19/2025 4:20 PM // INFO // [S_GRAPH] // Edge from J3_M1 to J1_M1 with cost 0 drawn.
11/19/2025 4:20 PM // INFO // [S_GRAPH] // Curve value of edge (J3_M2 to J1_M2) set to -25,00
11/19/2025 4:20 PM // INFO // [S_GRAPH] // Edge drawn from (435,0;350,0) to (435,0;120,0)!
11/19/2025 4:20 PM // INFO // [S_GRAPH] // Weight 38 drawn at (422,5;235)!
11/19/2025 4:20 PM // INFO // [S_GRAPH] // Edge from J3_M2 to J1_M2 with cost 0 drawn.
11/19/2025 4:20 PM // INFO // [S_GRAPH] // Curve value of edge (J1_M1 to J2_M1) set to -25,00
11/19/2025 4:20 PM // INFO // [S_GRAPH] // Edge drawn from (135,0;120,0) to (135,0;200,0)!
11/19/2025 4:20 PM // INFO // [S_GRAPH] // Weight 48 drawn at (147,5;160)!
11/19/2025 4:20 PM // INFO // [S_GRAPH] // Edge from J1_M1 to J2_M1 with cost 0 drawn.
11/19/2025 4:20 PM // INFO // [S_GRAPH] // Curve value of edge (J1_M2 to J2_M2) set to -25,00
11/19/2025 4:20 PM // INFO // [S_GRAPH] // Edge drawn from (435,0;120,0) to (435,0;200,0)!
11/19/2025 4:20 PM // INFO // [S_GRAPH] // Weight 18 drawn at (447,5;160)!
11/19/2025 4:20 PM // INFO // [S_GRAPH] // Edge from J1_M2 to J2_M2 with cost 0 drawn.
11/19/2025 4:20 PM // INFO // [S_GRAPH] // Canvas resized to 820x470!
11/19/2025 4:20 PM // WARNING // [S_GRAPH] // No BatchML file loaded, drawing example S-Graph!
11/19/2025 4:20 PM // INFO // [S_GRAPH] // Node J1_M1 at 100;50
11/19/2025 4:20 PM // INFO // [S_GRAPH] // Node J1_M2 at 400;50
11/19/2025 4:20 PM // INFO // [S_GRAPH] // Node P1 at 700;50
11/19/2025 4:20 PM // INFO // [S_GRAPH] // Node J2_M1 at 100;200
11/19/2025 4:20 PM // INFO // [S_GRAPH] // Node J2_M2 at 400;200
11/19/2025 4:20 PM // INFO // [S_GRAPH] // Node P2 at 700;200
11/19/2025 4:20 PM // INFO // [S_GRAPH] // Node J3_M1 at 100;350
11/19/2025 4:20 PM // INFO // [S_GRAPH] // Node J3_M2 at 400;350
11/19/2025 4:20 PM // INFO // [S_GRAPH] // Node P3 at 700;350
11/19/2025 4:20 PM // INFO // [S_GRAPH] // Curve value of edge (J1_M1 to J1_M2) set to 25,00
11/19/2025 4:20 PM // INFO // [S_GRAPH] // Edge drawn from (170,0;85,0) to (400,0;85,0)!
11/19/2025 4:20 PM // INFO // [S_GRAPH] // Weight 32 drawn at (285;97,5)!
11/19/2025 4:20 PM // INFO // [S_GRAPH] // Edge from J1_M1 to J1_M2 with cost 0 drawn.
11/19/2025 4:20 PM // INFO // [S_GRAPH] // Edge drawn from (470,0;85,0) to (700,0;85,0)!
11/19/2025 4:20 PM // INFO // [S_GRAPH] // Weight 9 drawn at (585;85)!
11/19/2025 4:20 PM // INFO // [S_GRAPH] // Edge from J1_M2 to P1 with cost 0 drawn.
11/19/2025 4:20 PM // INFO // [S_GRAPH] // Curve value of edge (J2_M1 to J2_M2) set to 25,00
11/19/2025 4:20 PM // INFO // [S_GRAPH] // Edge drawn from (170,0;235,0) to (400,0;235,0)!
11/19/2025 4:20 PM // INFO // [S_GRAPH] // Weight 15 drawn at (285;247,5)!
11/19/2025 4:20 PM // INFO // [S_GRAPH] // Edge from J2_M1 to J2_M2 with cost 0 drawn.
11/19/2025 4:20 PM // INFO // [S_GRAPH] // Edge drawn from (470,0;235,0) to (700,0;235,0)!
11/19/2025 4:20 PM // INFO // [S_GRAPH] // Weight 34 drawn at (585;235)!
11/19/2025 4:20 PM // INFO // [S_GRAPH] // Edge from J2_M2 to P2 with cost 0 drawn.
11/19/2025 4:20 PM // INFO // [S_GRAPH] // Curve value of edge (J3_M1 to J3_M2) set to 25,00
11/19/2025 4:20 PM // INFO // [S_GRAPH] // Edge drawn from (170,0;385,0) to (400,0;385,0)!
11/19/2025 4:20 PM // INFO // [S_GRAPH] // Weight 41 drawn at (285;397,5)!
11/19/2025 4:20 PM // INFO // [S_GRAPH] // Edge from J3_M1 to J3_M2 with cost 0 drawn.
11/19/2025 4:20 PM // INFO // [S_GRAPH] // Edge drawn from (470,0;385,0) to (700,0;385,0)!
11/19/2025 4:20 PM // INFO // [S_GRAPH] // Weight 34 drawn at (585;385)!
11/19/2025 4:20 PM // INFO // [S_GRAPH] // Edge from J3_M2 to P3 with cost 0 drawn.
11/19/2025 4:20 PM // INFO // [S_GRAPH] // Canvas resized to 820x470!
11/19/2025 4:20 PM // INFO // [INITIALIZATION] // Johnson's Rule solver enabled!
11/19/2025 4:20 PM // INFO // [INITIALIZATION] // List Scheduling solver enabled!
11/19/2025 4:20 PM // INFO // [INITIALIZATION] // Branch And Bound solver enabled!
11/19/2025 4:20 PM // INFO // [INITIALIZATION] // Campbell Dudek Smith solver enabled!
11/19/2025 4:20 PM // INFO // [INITIALIZATION] // Simulated Annealing solver enabled!
11/19/2025 4:20 PM // INFO // [INITIALIZATION] //  solver enabled!
11/19/2025 4:20 PM // INFO // [CONSTRAINT] // Saving and closing are disabled for as long as there are no files opened.
11/19/2025 4:20 PM // INFO // [INTEG_SOLVER] // Johnson's Rule solver selected!
11/19/2025 4:20 PM // INFO // [INTEG_SOLVER] // Starting Johnson's Rule solver...
11/19/2025 4:20 PM // INFO // [Johnson's Rule Optimizer] // Optimized job sequence: J2 -> J3 -> J1
11/19/2025 4:20 PM // INFO // [Johnson's Rule Optimizer] // Cleared all existing S-Graph edges for sequence rebuild.
11/19/2025 4:20 PM // INFO // [Johnson's Rule Optimizer] // Graph rebuilt with necessary technological constraints (cost=duration) and zero-cost sequential constraints.
11/19/2025 4:20 PM // INFO // [Johnson's Rule Optimizer] // Node P1 added to topological order.
11/19/2025 4:20 PM // INFO // [Johnson's Rule Optimizer] // Node J2_M1 added to topological order.
11/19/2025 4:20 PM // INFO // [Johnson's Rule Optimizer] // Decreased in-degree of J2_M2 to 0.
11/19/2025 4:20 PM // INFO // [Johnson's Rule Optimizer] // Decreased in-degree of J3_M1 to 0.
11/19/2025 4:20 PM // INFO // [Johnson's Rule Optimizer] // Node P2 added to topological order.
11/19/2025 4:20 PM // INFO // [Johnson's Rule Optimizer] // Node P3 added to topological order.
11/19/2025 4:20 PM // INFO // [Johnson's Rule Optimizer] // Node J2_M2 added to topological order.
11/19/2025 4:20 PM // INFO // [Johnson's Rule Optimizer] // Decreased in-degree of J3_M2 to 1.
11/19/2025 4:20 PM // INFO // [Johnson's Rule Optimizer] // Node J3_M1 added to topological order.
11/19/2025 4:20 PM // INFO // [Johnson's Rule Optimizer] // Decreased in-degree of J3_M2 to 0.
11/19/2025 4:20 PM // INFO // [Johnson's Rule Optimizer] // Decreased in-degree of J1_M1 to 0.
11/19/2025 4:20 PM // INFO // [Johnson's Rule Optimizer] // Node J3_M2 added to topological order.
11/19/2025 4:20 PM // INFO // [Johnson's Rule Optimizer] // Decreased in-degree of J1_M2 to 1.
11/19/2025 4:20 PM // INFO // [Johnson's Rule Optimizer] // Node J1_M1 added to topological order.
11/19/2025 4:20 PM // INFO // [Johnson's Rule Optimizer] // Decreased in-degree of J1_M2 to 0.
11/19/2025 4:20 PM // INFO // [Johnson's Rule Optimizer] // Node J1_M2 added to topological order.
11/19/2025 4:20 PM // INFO // [Johnson's Rule Optimizer] // Topological sort completed successfully.
11/19/2025 4:21 PM // INFO // [GANTT] // Node J2_M1 EST is 0 (no predecessors).
11/19/2025 4:21 PM // INFO // [GANTT] // Node J2_M2 EST is determined by J2_M1 (EST: 15,00).
11/19/2025 4:21 PM // INFO // [GANTT] // Node J3_M1 EST is determined by J2_M1 (EST: 15,00).
11/19/2025 4:21 PM // INFO // [GANTT] // Node J3_M2 EST is determined by J3_M1 (EST: 56,00).
11/19/2025 4:21 PM // INFO // [GANTT] // Node J1_M1 EST is determined by J3_M1 (EST: 56,00).
11/19/2025 4:21 PM // INFO // [GANTT] // Node J1_M2 EST is determined by J3_M2 (EST: 90,00).
11/19/2025 4:21 PM // INFO // [GANTT] // Gantt chart built with 6 items from path with 9 nodes.
11/19/2025 4:21 PM // INFO // [GANTT] // Gantt data built with 6 items from optimized path using Johnson's Rule!
11/19/2025 4:21 PM // INFO // [GANTT] // Canvases are ready to be used!
11/19/2025 4:21 PM // INFO // [GANTT] // Ruler drawn: 100 ticks and 50 labels.
11/19/2025 4:21 PM // INFO // [GANTT] // Gantt chart rendered with 6 items on canvas.
11/19/2025 4:21 PM // INFO // [GANTT] // Canvas resized to 1090x110 to fit all Gantt items.
11/19/2025 4:21 PM // INFO // [GANTT] // Johnson's Rule schedule rendered successfully!
11/19/2025 4:21 PM // INFO // [S_GRAPH] // Node J1_M1 at 100;50
11/19/2025 4:21 PM // INFO // [S_GRAPH] // Node J1_M2 at 400;50
11/19/2025 4:21 PM // INFO // [S_GRAPH] // Node P1 at 700;50
11/19/2025 4:21 PM // INFO // [S_GRAPH] // Node J2_M1 at 100;200
11/19/2025 4:21 PM // INFO // [S_GRAPH] // Node J2_M2 at 400;200
11/19/2025 4:21 PM // INFO // [S_GRAPH] // Node P2 at 700;200
11/19/2025 4:21 PM // INFO // [S_GRAPH] // Node J3_M1 at 100;350
11/19/2025 4:21 PM // INFO // [S_GRAPH] // Node J3_M2 at 400;350
11/19/2025 4:21 PM // INFO // [S_GRAPH] // Node P3 at 700;350
11/19/2025 4:21 PM // INFO // [S_GRAPH] // Curve value of edge (J1_M1 to J1_M2) set to 25,00
11/19/2025 4:21 PM // INFO // [S_GRAPH] // Edge drawn from (170,0;85,0) to (400,0;85,0)!
11/19/2025 4:21 PM // INFO // [S_GRAPH] // Weight 32 drawn at (285;97,5)!
11/19/2025 4:21 PM // INFO // [S_GRAPH] // Edge from J1_M1 to J1_M2 with cost 0 drawn.
11/19/2025 4:21 PM // INFO // [S_GRAPH] // Curve value of edge (J2_M1 to J2_M2) set to 25,00
11/19/2025 4:21 PM // INFO // [S_GRAPH] // Edge drawn from (170,0;235,0) to (400,0;235,0)!
11/19/2025 4:21 PM // INFO // [S_GRAPH] // Weight 15 drawn at (285;247,5)!
11/19/2025 4:21 PM // INFO // [S_GRAPH] // Edge from J2_M1 to J2_M2 with cost 0 drawn.
11/19/2025 4:21 PM // INFO // [S_GRAPH] // Curve value of edge (J3_M1 to J3_M2) set to 25,00
11/19/2025 4:21 PM // INFO // [S_GRAPH] // Edge drawn from (170,0;385,0) to (400,0;385,0)!
11/19/2025 4:21 PM // INFO // [S_GRAPH] // Weight 41 drawn at (285;397,5)!
11/19/2025 4:21 PM // INFO // [S_GRAPH] // Edge from J3_M1 to J3_M2 with cost 0 drawn.
11/19/2025 4:21 PM // INFO // [S_GRAPH] // Curve value of edge (J2_M1 to J3_M1) set to -25,00
11/19/2025 4:21 PM // INFO // [S_GRAPH] // Edge drawn from (135,0;270,0) to (135,0;350,0)!
11/19/2025 4:21 PM // INFO // [S_GRAPH] // Weight 15 drawn at (147,5;310)!
11/19/2025 4:21 PM // INFO // [S_GRAPH] // Edge from J2_M1 to J3_M1 with cost 0 drawn.
11/19/2025 4:21 PM // INFO // [S_GRAPH] // Curve value of edge (J2_M2 to J3_M2) set to -25,00
11/19/2025 4:21 PM // INFO // [S_GRAPH] // Edge drawn from (435,0;270,0) to (435,0;350,0)!
11/19/2025 4:21 PM // INFO // [S_GRAPH] // Weight 34 drawn at (447,5;310)!
11/19/2025 4:21 PM // INFO // [S_GRAPH] // Edge from J2_M2 to J3_M2 with cost 0 drawn.
11/19/2025 4:21 PM // INFO // [S_GRAPH] // Curve value of edge (J3_M1 to J1_M1) set to -25,00
11/19/2025 4:21 PM // INFO // [S_GRAPH] // Edge drawn from (135,0;350,0) to (135,0;120,0)!
11/19/2025 4:21 PM // INFO // [S_GRAPH] // Weight 41 drawn at (122,5;235)!
11/19/2025 4:21 PM // INFO // [S_GRAPH] // Edge from J3_M1 to J1_M1 with cost 0 drawn.
11/19/2025 4:21 PM // INFO // [S_GRAPH] // Curve value of edge (J3_M2 to J1_M2) set to -25,00
11/19/2025 4:21 PM // INFO // [S_GRAPH] // Edge drawn from (435,0;350,0) to (435,0;120,0)!
11/19/2025 4:21 PM // INFO // [S_GRAPH] // Weight 34 drawn at (422,5;235)!
11/19/2025 4:21 PM // INFO // [S_GRAPH] // Edge from J3_M2 to J1_M2 with cost 0 drawn.
11/19/2025 4:21 PM // INFO // [S_GRAPH] // Canvas resized to 820x470!
11/19/2025 4:21 PM // INFO // [GANTT] // Gantt chart rendered with 6 items on canvas.
11/19/2025 4:21 PM // INFO // [GANTT] // Canvas resized to 1095,5663746365758x110 to fit all Gantt items.
11/19/2025 4:21 PM // INFO // [GANTT] // Canvases are ready to be used!
11/19/2025 4:21 PM // INFO // [GANTT] // Ruler drawn: 100 ticks and 50 labels.
11/19/2025 4:21 PM // INFO // [MODIFY] // Zoom level changed to 0,008088978766430738, scale set to 10,056226006430059!
11/19/2025 4:21 PM // INFO // [GANTT] // Gantt chart rendered with 6 items on canvas.
11/19/2025 4:21 PM // INFO // [GANTT] // Canvas resized to 1101,1640467747625x110 to fit all Gantt items.
11/19/2025 4:21 PM // INFO // [GANTT] // Canvases are ready to be used!
11/19/2025 4:21 PM // INFO // [GANTT] // Ruler drawn: 100 ticks and 50 labels.
11/19/2025 4:21 PM // INFO // [MODIFY] // Zoom level changed to 0,016177957532861477, scale set to 10,112768149240026!
11/19/2025 4:21 PM // INFO // [GANTT] // Gantt chart rendered with 6 items on canvas.
11/19/2025 4:21 PM // INFO // [GANTT] // Canvas resized to 1103,974674360048x110 to fit all Gantt items.
11/19/2025 4:21 PM // INFO // [GANTT] // Canvases are ready to be used!
11/19/2025 4:21 PM // INFO // [GANTT] // Ruler drawn: 100 ticks and 50 labels.
11/19/2025 4:21 PM // INFO // [MODIFY] // Zoom level changed to 0,020222446916076844, scale set to 10,141158326869173!
11/19/2025 4:21 PM // INFO // [GANTT] // Gantt chart rendered with 6 items on canvas.
11/19/2025 4:21 PM // INFO // [GANTT] // Canvas resized to 1112,4539884388068x110 to fit all Gantt items.
11/19/2025 4:21 PM // INFO // [GANTT] // Canvases are ready to be used!
11/19/2025 4:21 PM // INFO // [GANTT] // Ruler drawn: 100 ticks and 50 labels.
11/19/2025 4:21 PM // INFO // [MODIFY] // Zoom level changed to 0,032355915065722954, scale set to 10,226807964028353!
11/19/2025 4:21 PM // INFO // [GANTT] // Gantt chart rendered with 6 items on canvas.
11/19/2025 4:21 PM // INFO // [GANTT] // Canvas resized to 1115,296310951192x110 to fit all Gantt items.
11/19/2025 4:21 PM // INFO // [GANTT] // Canvases are ready to be used!
11/19/2025 4:21 PM // INFO // [GANTT] // Ruler drawn: 100 ticks and 50 labels.
11/19/2025 4:21 PM // INFO // [MODIFY] // Zoom level changed to 0,03640040444893832, scale set to 10,255518292436284!
11/19/2025 4:21 PM // INFO // [GANTT] // Gantt chart rendered with 6 items on canvas.
11/19/2025 4:21 PM // INFO // [GANTT] // Canvas resized to 1147,093459928929x110 to fit all Gantt items.
11/19/2025 4:21 PM // INFO // [GANTT] // Canvases are ready to be used!
11/19/2025 4:21 PM // INFO // [GANTT] // Ruler drawn: 100 ticks and 50 labels.
11/19/2025 4:21 PM // INFO // [MODIFY] // Zoom level changed to 0,08088978766430738, scale set to 10,576701615443726!
11/19/2025 4:21 PM // INFO // [GANTT] // Gantt chart rendered with 6 items on canvas.
11/19/2025 4:21 PM // INFO // [GANTT] // Canvas resized to 1152,9808482900123x110 to fit all Gantt items.
11/19/2025 4:21 PM // INFO // [GANTT] // Canvases are ready to be used!
11/19/2025 4:21 PM // INFO // [GANTT] // Ruler drawn: 100 ticks and 50 labels.
11/19/2025 4:21 PM // INFO // [MODIFY] // Zoom level changed to 0,08897876643073811, scale set to 10,6361701847476!
11/19/2025 4:21 PM // INFO // [GANTT] // Gantt chart rendered with 6 items on canvas.
11/19/2025 4:21 PM // INFO // [GANTT] // Canvas resized to 1176,863292526163x110 to fit all Gantt items.
11/19/2025 4:21 PM // INFO // [GANTT] // Canvases are ready to be used!
11/19/2025 4:21 PM // INFO // [GANTT] // Ruler drawn: 100 ticks and 50 labels.
11/19/2025 4:21 PM // INFO // [MODIFY] // Zoom level changed to 0,12133468149646107, scale set to 10,877406995213768!
11/19/2025 4:21 PM // INFO // [GANTT] // Gantt chart rendered with 6 items on canvas.
11/19/2025 4:21 PM // INFO // [GANTT] // Canvas resized to 1226,265485136179x110 to fit all Gantt items.
11/19/2025 4:21 PM // INFO // [GANTT] // Canvases are ready to be used!
11/19/2025 4:21 PM // INFO // [GANTT] // Ruler drawn: 100 ticks and 50 labels.
11/19/2025 4:21 PM // INFO // [MODIFY] // Zoom level changed to 0,18604651162790697, scale set to 11,376419041779586!
11/19/2025 4:21 PM // INFO // [GANTT] // Gantt chart rendered with 6 items on canvas.
11/19/2025 4:21 PM // INFO // [GANTT] // Canvas resized to 1284,5571060596258x110 to fit all Gantt items.
11/19/2025 4:21 PM // INFO // [GANTT] // Canvases are ready to be used!
11/19/2025 4:21 PM // INFO // [GANTT] // Ruler drawn: 100 ticks and 50 labels.
11/19/2025 4:21 PM // INFO // [MODIFY] // Zoom level changed to 0,25884732052578363, scale set to 11,965223293531572!
11/19/2025 4:21 PM // INFO // [GANTT] // Gantt chart rendered with 6 items on canvas.
11/19/2025 4:21 PM // INFO // [GANTT] // Canvas resized to 1377,6998480742873x110 to fit all Gantt items.
11/19/2025 4:21 PM // INFO // [GANTT] // Canvases are ready to be used!
11/19/2025 4:21 PM // INFO // [GANTT] // Ruler drawn: 100 ticks and 50 labels.
11/19/2025 4:21 PM // INFO // [MODIFY] // Zoom level changed to 0,3680485338725986, scale set to 12,906059071457447!
11/19/2025 4:21 PM // INFO // [GANTT] // Gantt chart rendered with 6 items on canvas.
11/19/2025 4:21 PM // INFO // [GANTT] // Canvas resized to 1443,8291898510054x110 to fit all Gantt items.
11/19/2025 4:21 PM // INFO // [GANTT] // Canvases are ready to be used!
11/19/2025 4:21 PM // INFO // [GANTT] // Ruler drawn: 100 ticks and 50 labels.
11/19/2025 4:21 PM // INFO // [MODIFY] // Zoom level changed to 0,44084934277047527, scale set to 13,574032220717227!
11/19/2025 4:21 PM // INFO // [GANTT] // Gantt chart rendered with 6 items on canvas.
11/19/2025 4:21 PM // INFO // [GANTT] // Canvas resized to 1497,6204513433222x110 to fit all Gantt items.
11/19/2025 4:21 PM // INFO // [GANTT] // Canvases are ready to be used!
11/19/2025 4:21 PM // INFO // [GANTT] // Ruler drawn: 100 ticks and 50 labels.
11/19/2025 4:21 PM // INFO // [MODIFY] // Zoom level changed to 0,49747219413549043, scale set to 14,117378296397193!
11/19/2025 4:21 PM // INFO // [GANTT] // Gantt chart rendered with 6 items on canvas.
11/19/2025 4:21 PM // INFO // [GANTT] // Canvas resized to 1549,4956325254573x110 to fit all Gantt items.
11/19/2025 4:21 PM // INFO // [GANTT] // Canvases are ready to be used!
11/19/2025 4:21 PM // INFO // [GANTT] // Ruler drawn: 100 ticks and 50 labels.
11/19/2025 4:21 PM // INFO // [MODIFY] // Zoom level changed to 0,5500505561172903, scale set to 14,64137002550967!
11/19/2025 4:21 PM // INFO // [GANTT] // Gantt chart rendered with 6 items on canvas.
11/19/2025 4:21 PM // INFO // [GANTT] // Canvas resized to 1641,7082229589132x110 to fit all Gantt items.
11/19/2025 4:21 PM // INFO // [GANTT] // Canvases are ready to be used!
11/19/2025 4:21 PM // INFO // [GANTT] // Ruler drawn: 100 ticks and 100 labels.
11/19/2025 4:21 PM // INFO // [MODIFY] // Zoom level changed to 0,6390293225480284, scale set to 15,572810332918316!
11/19/2025 4:21 PM // INFO // [GANTT] // Gantt chart rendered with 6 items on canvas.
11/19/2025 4:21 PM // INFO // [GANTT] // Canvas resized to 1685,5404093564691x110 to fit all Gantt items.
11/19/2025 4:21 PM // INFO // [GANTT] // Canvases are ready to be used!
11/19/2025 4:21 PM // INFO // [GANTT] // Ruler drawn: 100 ticks and 100 labels.
11/19/2025 4:21 PM // INFO // [MODIFY] // Zoom level changed to 0,679474216380182, scale set to 16,015559690469384!
11/19/2025 4:21 PM // INFO // [GANTT] // Gantt chart rendered with 6 items on canvas.
11/19/2025 4:21 PM // INFO // [GANTT] // Canvas resized to 1744,3905756715858x110 to fit all Gantt items.
11/19/2025 4:21 PM // INFO // [GANTT] // Canvases are ready to be used!
11/19/2025 4:21 PM // INFO // [GANTT] // Ruler drawn: 100 ticks and 100 labels.
11/19/2025 4:21 PM // INFO // [MODIFY] // Zoom level changed to 0,7320525783619818, scale set to 16,610005814864504!
11/19/2025 4:21 PM // INFO // [GANTT] // Gantt chart rendered with 6 items on canvas.
11/19/2025 4:21 PM // INFO // [GANTT] // Canvas resized to 1810,212812693583x110 to fit all Gantt items.
11/19/2025 4:21 PM // INFO // [GANTT] // Canvases are ready to be used!
11/19/2025 4:21 PM // INFO // [GANTT] // Ruler drawn: 100 ticks and 100 labels.
11/19/2025 4:21 PM // INFO // [MODIFY] // Zoom level changed to 0,788675429726997, scale set to 17,274876895894778!
11/19/2025 4:21 PM // INFO // [GANTT] // Gantt chart rendered with 6 items on canvas.
11/19/2025 4:21 PM // INFO // [GANTT] // Canvas resized to 1903,7772104513933x110 to fit all Gantt items.
11/19/2025 4:21 PM // INFO // [GANTT] // Canvases are ready to be used!
11/19/2025 4:21 PM // INFO // [GANTT] // Ruler drawn: 100 ticks and 100 labels.
11/19/2025 4:21 PM // INFO // [MODIFY] // Zoom level changed to 0,865520728008089, scale set to 18,219971822741346!
11/19/2025 4:21 PM // INFO // [GANTT] // Gantt chart rendered with 6 items on canvas.
11/19/2025 4:21 PM // INFO // [GANTT] // Canvas resized to 1965,4905228284915x110 to fit all Gantt items.
11/19/2025 4:21 PM // INFO // [GANTT] // Canvases are ready to be used!
11/19/2025 4:21 PM // INFO // [GANTT] // Ruler drawn: 100 ticks and 100 labels.
11/19/2025 4:21 PM // INFO // [MODIFY] // Zoom level changed to 0,9140546006066734, scale set to 18,843338614429207!
11/19/2025 4:21 PM // INFO // [GANTT] // Gantt chart rendered with 6 items on canvas.
11/19/2025 4:21 PM // INFO // [GANTT] // Canvas resized to 2002,4604428143505x110 to fit all Gantt items.
11/19/2025 4:21 PM // INFO // [GANTT] // Canvases are ready to be used!
11/19/2025 4:21 PM // INFO // [GANTT] // Ruler drawn: 100 ticks and 100 labels.
11/19/2025 4:21 PM // INFO // [MODIFY] // Zoom level changed to 0,942366026289181, scale set to 19,216772149639905!
11/19/2025 4:21 PM // INFO // [GANTT] // Gantt chart rendered with 6 items on canvas.
11/19/2025 4:21 PM // INFO // [GANTT] // Canvas resized to 2062,0418846771163x110 to fit all Gantt items.
11/19/2025 4:21 PM // INFO // [GANTT] // Canvases are ready to be used!
11/19/2025 4:21 PM // INFO // [GANTT] // Ruler drawn: 100 ticks and 100 labels.
11/19/2025 4:21 PM // INFO // [MODIFY] // Zoom level changed to 0,9868554095045501, scale set to 19,81860489572845!
11/19/2025 4:21 PM // INFO // [GANTT] // Gantt chart rendered with 6 items on canvas.
11/19/2025 4:21 PM // INFO // [GANTT] // Canvas resized to 2084,1674678837617x110 to fit all Gantt items.
11/19/2025 4:21 PM // INFO // [GANTT] // Canvases are ready to be used!
11/19/2025 4:21 PM // INFO // [GANTT] // Ruler drawn: 100 ticks and 100 labels.
11/19/2025 4:21 PM // INFO // [MODIFY] // Zoom level changed to 1,0030333670374116, scale set to 20,04209563518951!
11/19/2025 4:21 PM // INFO // [GANTT] // Gantt chart rendered with 6 items on canvas.
11/19/2025 4:21 PM // INFO // [GANTT] // Canvas resized to 2100,9252403402893x110 to fit all Gantt items.
11/19/2025 4:21 PM // INFO // [GANTT] // Canvases are ready to be used!
11/19/2025 4:21 PM // INFO // [GANTT] // Ruler drawn: 100 ticks and 100 labels.
11/19/2025 4:21 PM // INFO // [MODIFY] // Zoom level changed to 1,0151668351870577, scale set to 20,211366064043325!
11/19/2025 4:21 PM // INFO // [GANTT] // Gantt chart rendered with 6 items on canvas.
11/19/2025 4:21 PM // INFO // [GANTT] // Canvas resized to 2129,1699662519623x110 to fit all Gantt items.
11/19/2025 4:21 PM // INFO // [GANTT] // Canvases are ready to be used!
11/19/2025 4:21 PM // INFO // [GANTT] // Ruler drawn: 100 ticks and 100 labels.
11/19/2025 4:21 PM // INFO // [MODIFY] // Zoom level changed to 1,0353892821031345, scale set to 20,496666325777394!
11/19/2025 4:21 PM // INFO // [GANTT] // Gantt chart rendered with 6 items on canvas.
11/19/2025 4:21 PM // INFO // [GANTT] // Canvas resized to 2134,86657621389x110 to fit all Gantt items.
11/19/2025 4:21 PM // INFO // [GANTT] // Canvases are ready to be used!
11/19/2025 4:21 PM // INFO // [GANTT] // Ruler drawn: 100 ticks and 100 labels.
11/19/2025 4:21 PM // INFO // [MODIFY] // Zoom level changed to 1,03943377148635, scale set to 20,55420784054434!
11/19/2025 4:21 PM // INFO // [GANTT] // Gantt chart rendered with 6 items on canvas.
11/19/2025 4:21 PM // INFO // [GANTT] // Canvas resized to 2140,5791786089785x110 to fit all Gantt items.
11/19/2025 4:21 PM // INFO // [GANTT] // Canvases are ready to be used!
11/19/2025 4:21 PM // INFO // [GANTT] // Ruler drawn: 100 ticks and 100 labels.
11/19/2025 4:21 PM // INFO // [MODIFY] // Zoom level changed to 1,0434782608695654, scale set to 20,61191089504019!
11/19/2025 4:21 PM // INFO // [GANTT] // Gantt chart rendered with 6 items on canvas.
11/19/2025 4:21 PM // INFO // [GANTT] // Canvas resized to 2129,1699662519623x110 to fit all Gantt items.
11/19/2025 4:21 PM // INFO // [GANTT] // Canvases are ready to be used!
11/19/2025 4:21 PM // INFO // [GANTT] // Ruler drawn: 100 ticks and 100 labels.
11/19/2025 4:21 PM // INFO // [MODIFY] // Zoom level changed to 1,0353892821031347, scale set to 20,496666325777397!
11/19/2025 4:21 PM // INFO // [GANTT] // Gantt chart rendered with 6 items on canvas.
11/19/2025 4:21 PM // INFO // [GANTT] // Canvas resized to 2123,4893039523713x110 to fit all Gantt items.
11/19/2025 4:21 PM // INFO // [GANTT] // Canvases are ready to be used!
11/19/2025 4:21 PM // INFO // [GANTT] // Ruler drawn: 100 ticks and 100 labels.
11/19/2025 4:21 PM // INFO // [MODIFY] // Zoom level changed to 1,0313447927199193, scale set to 20,439285898508803!
11/19/2025 4:21 PM // INFO // [GANTT] // Gantt chart rendered with 6 items on canvas.
11/19/2025 4:21 PM // INFO // [GANTT] // Canvas resized to 2117,8245446696296x110 to fit all Gantt items.
11/19/2025 4:21 PM // INFO // [GANTT] // Canvases are ready to be used!
11/19/2025 4:21 PM // INFO // [GANTT] // Ruler drawn: 100 ticks and 100 labels.
11/19/2025 4:21 PM // INFO // [MODIFY] // Zoom level changed to 1,0273003033367039, scale set to 20,382066107774037!
11/19/2025 4:21 PM // INFO // [GANTT] // Gantt chart rendered with 6 items on canvas.
11/19/2025 4:21 PM // INFO // [GANTT] // Canvas resized to 2106,5425571973137x110 to fit all Gantt items.
11/19/2025 4:21 PM // INFO // [GANTT] // Canvases are ready to be used!
11/19/2025 4:21 PM // INFO // [GANTT] // Ruler drawn: 100 ticks and 100 labels.
11/19/2025 4:21 PM // INFO // [MODIFY] // Zoom level changed to 1,0192113245702732, scale set to 20,268106638356702!
11/19/2025 4:21 PM // INFO // [GANTT] // Gantt chart rendered with 6 items on canvas.
11/19/2025 4:21 PM // INFO // [GANTT] // Canvas resized to 2100,9252403402893x110 to fit all Gantt items.
11/19/2025 4:21 PM // INFO // [GANTT] // Canvases are ready to be used!
11/19/2025 4:21 PM // INFO // [GANTT] // Ruler drawn: 100 ticks and 100 labels.
11/19/2025 4:21 PM // INFO // [MODIFY] // Zoom level changed to 1,0151668351870577, scale set to 20,211366064043325!
11/19/2025 4:21 PM // INFO // [GANTT] // Gantt chart rendered with 6 items on canvas.
11/19/2025 4:21 PM // INFO // [GANTT] // Canvas resized to 2095,3236491645157x110 to fit all Gantt items.
11/19/2025 4:21 PM // INFO // [GANTT] // Canvases are ready to be used!
11/19/2025 4:21 PM // INFO // [GANTT] // Ruler drawn: 100 ticks and 100 labels.
11/19/2025 4:21 PM // INFO // [MODIFY] // Zoom level changed to 1,0111223458038423, scale set to 20,154784334995107!
11/19/2025 4:21 PM // INFO // [GANTT] // Gantt chart rendered with 6 items on canvas.
11/19/2025 4:21 PM // INFO // [GANTT] // Canvas resized to 2089,7377396459424x110 to fit all Gantt items.
11/19/2025 4:21 PM // INFO // [GANTT] // Canvases are ready to be used!
11/19/2025 4:21 PM // INFO // [GANTT] // Ruler drawn: 100 ticks and 100 labels.
11/19/2025 4:21 PM // INFO // [MODIFY] // Zoom level changed to 1,0070778564206269, scale set to 20,09836100652467!
11/19/2025 4:21 PM // INFO // [GANTT] // Gantt chart rendered with 6 items on canvas.
11/19/2025 4:21 PM // INFO // [GANTT] // Canvas resized to 2078,612790100066x110 to fit all Gantt items.
11/19/2025 4:21 PM // INFO // [GANTT] // Canvases are ready to be used!
11/19/2025 4:21 PM // INFO // [GANTT] // Ruler drawn: 100 ticks and 100 labels.
11/19/2025 4:21 PM // INFO // [MODIFY] // Zoom level changed to 0,9989888776541961, scale set to 19,985987778788544!
11/19/2025 4:21 PM // INFO // [GANTT] // Gantt chart rendered with 6 items on canvas.
11/19/2025 4:21 PM // INFO // [GANTT] // Canvas resized to 2073,0736626395064x110 to fit all Gantt items.
11/19/2025 4:21 PM // INFO // [GANTT] // Canvases are ready to be used!
11/19/2025 4:21 PM // INFO // [GANTT] // Ruler drawn: 100 ticks and 100 labels.
11/19/2025 4:21 PM // INFO // [MODIFY] // Zoom level changed to 0,9949443882709808, scale set to 19,93003699635865!
11/19/2025 4:21 PM // INFO // [GANTT] // Gantt chart rendered with 6 items on canvas.
11/19/2025 4:21 PM // INFO // [GANTT] // Canvas resized to 2067,550041968945x110 to fit all Gantt items.
11/19/2025 4:21 PM // INFO // [GANTT] // Canvases are ready to be used!
11/19/2025 4:21 PM // INFO // [GANTT] // Ruler drawn: 100 ticks and 100 labels.
11/19/2025 4:21 PM // INFO // [MODIFY] // Zoom level changed to 0,9908998988877654, scale set to 19,874242848171164!
11/19/2025 4:21 PM // INFO // [GANTT] // Gantt chart rendered with 6 items on canvas.
11/19/2025 4:21 PM // INFO // [GANTT] // Canvas resized to 2056,549147474284x110 to fit all Gantt items.
11/19/2025 4:21 PM // INFO // [GANTT] // Canvases are ready to be used!
11/19/2025 4:21 PM // INFO // [GANTT] // Ruler drawn: 100 ticks and 100 labels.
11/19/2025 4:21 PM // INFO // [MODIFY] // Zoom level changed to 0,9828109201213346, scale set to 19,76312270176044!
11/19/2025 4:21 PM // INFO // [GANTT] // Gantt chart rendered with 6 items on canvas.
11/19/2025 4:21 PM // INFO // [GANTT] // Canvas resized to 2051,0717871919005x110 to fit all Gantt items.
11/19/2025 4:21 PM // INFO // [GANTT] // Canvases are ready to be used!
11/19/2025 4:21 PM // INFO // [GANTT] // Ruler drawn: 100 ticks and 100 labels.
11/19/2025 4:21 PM // INFO // [MODIFY] // Zoom level changed to 0,9787664307381193, scale set to 19,70779583022122!
11/19/2025 4:21 PM // INFO // [GANTT] // Gantt chart rendered with 6 items on canvas.
11/19/2025 4:21 PM // INFO // [GANTT] // Canvas resized to 2045,6097607822708x110 to fit all Gantt items.
11/19/2025 4:21 PM // INFO // [GANTT] // Canvases are ready to be used!
11/19/2025 4:21 PM // INFO // [GANTT] // Ruler drawn: 100 ticks and 100 labels.
11/19/2025 4:21 PM // INFO // [MODIFY] // Zoom level changed to 0,974721941354904, scale set to 19,652623846285564!
11/19/2025 4:21 PM // INFO // [GANTT] // Gantt chart rendered with 6 items on canvas.
11/19/2025 4:21 PM // INFO // [GANTT] // Canvas resized to 2040,1630253182102x110 to fit all Gantt items.
11/19/2025 4:21 PM // INFO // [GANTT] // Canvases are ready to be used!
11/19/2025 4:21 PM // INFO // [GANTT] // Ruler drawn: 100 ticks and 100 labels.
11/19/2025 4:21 PM // INFO // [MODIFY] // Zoom level changed to 0,9706774519716886, scale set to 19,59760631634556!
11/19/2025 4:21 PM // INFO // [GANTT] // Gantt chart rendered with 6 items on canvas.
11/19/2025 4:21 PM // INFO // [GANTT] // Canvas resized to 2029,3152561185966x110 to fit all Gantt items.
11/19/2025 4:21 PM // INFO // [GANTT] // Canvases are ready to be used!
11/19/2025 4:21 PM // INFO // [GANTT] // Ruler drawn: 100 ticks and 100 labels.
11/19/2025 4:21 PM // INFO // [MODIFY] // Zoom level changed to 0,9625884732052579, scale set to 19,488032890086835!
11/19/2025 4:21 PM // INFO // [GANTT] // Gantt chart rendered with 6 items on canvas.
11/19/2025 4:21 PM // INFO // [GANTT] // Canvas resized to 2023,914137128204x110 to fit all Gantt items.
11/19/2025 4:21 PM // INFO // [GANTT] // Canvases are ready to be used!
11/19/2025 4:21 PM // INFO // [GANTT] // Ruler drawn: 100 ticks and 100 labels.
11/19/2025 4:21 PM // INFO // [MODIFY] // Zoom level changed to 0,9585439838220425, scale set to 19,43347613260812!
11/19/2025 4:21 PM // INFO // [GANTT] // Gantt chart rendered with 6 items on canvas.
11/19/2025 4:21 PM // INFO // [GANTT] // Canvas resized to 2018,5281385730311x110 to fit all Gantt items.
11/19/2025 4:21 PM // INFO // [GANTT] // Canvases are ready to be used!
11/19/2025 4:21 PM // INFO // [GANTT] // Ruler drawn: 100 ticks and 100 labels.
11/19/2025 4:21 PM // INFO // [MODIFY] // Zoom level changed to 0,9544994944388272, scale set to 19,379072106798294!
11/19/2025 4:21 PM // INFO // [GANTT] // Gantt chart rendered with 6 items on canvas.
11/19/2025 4:21 PM // INFO // [GANTT] // Canvas resized to 2002,460442814351x110 to fit all Gantt items.
11/19/2025 4:21 PM // INFO // [GANTT] // Canvases are ready to be used!
11/19/2025 4:21 PM // INFO // [GANTT] // Ruler drawn: 100 ticks and 100 labels.
11/19/2025 4:21 PM // INFO // [MODIFY] // Zoom level changed to 0,9423660262891811, scale set to 19,216772149639908!
11/19/2025 4:21 PM // INFO // [GANTT] // Gantt chart rendered with 6 items on canvas.
11/19/2025 4:21 PM // INFO // [GANTT] // Canvas resized to 1981,245980070571x110 to fit all Gantt items.
11/19/2025 4:21 PM // INFO // [GANTT] // Canvases are ready to be used!
11/19/2025 4:21 PM // INFO // [GANTT] // Ruler drawn: 100 ticks and 100 labels.
11/19/2025 4:21 PM // INFO // [MODIFY] // Zoom level changed to 0,9261880687563196, scale set to 19,002484647177486!
11/19/2025 4:21 PM // INFO // [GANTT] // Gantt chart rendered with 6 items on canvas.
11/19/2025 4:21 PM // INFO // [GANTT] // Canvas resized to 1975,9794310416685x110 to fit all Gantt items.
11/19/2025 4:21 PM // INFO // [GANTT] // Canvases are ready to be used!
11/19/2025 4:21 PM // INFO // [GANTT] // Ruler drawn: 100 ticks and 100 labels.
11/19/2025 4:21 PM // INFO // [MODIFY] // Zoom level changed to 0,9221435793731043, scale set to 18,949287182239075!
11/19/2025 4:21 PM // INFO // [GANTT] // Gantt chart rendered with 6 items on canvas.
11/19/2025 4:21 PM // INFO // [GANTT] // Canvas resized to 1965,4905228284915x110 to fit all Gantt items.
11/19/2025 4:21 PM // INFO // [GANTT] // Canvases are ready to be used!
11/19/2025 4:21 PM // INFO // [GANTT] // Ruler drawn: 100 ticks and 100 labels.
11/19/2025 4:21 PM // INFO // [MODIFY] // Zoom level changed to 0,9140546006066735, scale set to 18,843338614429207!
11/19/2025 4:21 PM // INFO // [GANTT] // Gantt chart rendered with 6 items on canvas.
11/19/2025 4:21 PM // INFO // [GANTT] // Canvas resized to 1934,374359663558x110 to fit all Gantt items.
11/19/2025 4:21 PM // INFO // [GANTT] // Canvases are ready to be used!
11/19/2025 4:21 PM // INFO // [GANTT] // Ruler drawn: 100 ticks and 100 labels.
11/19/2025 4:21 PM // INFO // [MODIFY] // Zoom level changed to 0,8897876643073813, scale set to 18,529033935995535!
11/19/2025 4:21 PM // INFO // [GANTT] // Gantt chart rendered with 6 items on canvas.
11/19/2025 4:21 PM // INFO // [GANTT] // Canvas resized to 1929,2390277585998x110 to fit all Gantt items.
11/19/2025 4:21 PM // INFO // [GANTT] // Canvases are ready to be used!
11/19/2025 4:21 PM // INFO // [GANTT] // Ruler drawn: 100 ticks and 100 labels.
11/19/2025 4:21 PM // INFO // [MODIFY] // Zoom level changed to 0,885743174924166, scale set to 18,477161896551515!
11/19/2025 4:21 PM // INFO // [GANTT] // Gantt chart rendered with 6 items on canvas.
11/19/2025 4:21 PM // INFO // [GANTT] // Canvas resized to 1919,0114527944822x110 to fit all Gantt items.
11/19/2025 4:21 PM // INFO // [GANTT] // Canvases are ready to be used!
11/19/2025 4:21 PM // INFO // [GANTT] // Ruler drawn: 100 ticks and 100 labels.
11/19/2025 4:21 PM // INFO // [MODIFY] // Zoom level changed to 0,8776541961577352, scale set to 18,373853058530123!
11/19/2025 4:21 PM // INFO // [GANTT] // Gantt chart rendered with 6 items on canvas.
11/19/2025 4:21 PM // INFO // [GANTT] // Canvas resized to 1888,6705550673705x110 to fit all Gantt items.
11/19/2025 4:21 PM // INFO // [GANTT] // Canvases are ready to be used!
11/19/2025 4:21 PM // INFO // [GANTT] // Ruler drawn: 100 ticks and 100 labels.
11/19/2025 4:21 PM // INFO // [MODIFY] // Zoom level changed to 0,853387259858443, scale set to 18,067379344114855!
11/19/2025 4:21 PM // INFO // [GANTT] // Gantt chart rendered with 6 items on canvas.
11/19/2025 4:21 PM // INFO // [GANTT] // Canvas resized to 1883,6631709854314x110 to fit all Gantt items.
11/19/2025 4:21 PM // INFO // [GANTT] // Canvases are ready to be used!
11/19/2025 4:21 PM // INFO // [GANTT] // Ruler drawn: 100 ticks and 100 labels.
11/19/2025 4:21 PM // INFO // [MODIFY] // Zoom level changed to 0,8493427704752277, scale set to 18,01679970692355!
11/19/2025 4:21 PM // INFO // [GANTT] // Gantt chart rendered with 6 items on canvas.
11/19/2025 4:21 PM // INFO // [GANTT] // Canvas resized to 1868,7249709188568x110 to fit all Gantt items.
11/19/2025 4:21 PM // INFO // [GANTT] // Canvases are ready to be used!
11/19/2025 4:21 PM // INFO // [GANTT] // Ruler drawn: 100 ticks and 100 labels.
11/19/2025 4:21 PM // INFO // [MODIFY] // Zoom level changed to 0,8372093023255816, scale set to 17,86590879716017!
11/19/2025 4:21 PM // INFO // [GANTT] // Gantt chart rendered with 6 items on canvas.
11/19/2025 4:21 PM // INFO // [GANTT] // Canvas resized to 1849,0018013038066x110 to fit all Gantt items.
11/19/2025 4:21 PM // INFO // [GANTT] // Canvases are ready to be used!
11/19/2025 4:21 PM // INFO // [GANTT] // Ruler drawn: 100 ticks and 100 labels.
11/19/2025 4:21 PM // INFO // [MODIFY] // Zoom level changed to 0,8210313447927201, scale set to 17,666684861654613!
11/19/2025 4:21 PM // INFO // [GANTT] // Gantt chart rendered with 6 items on canvas.
11/19/2025 4:21 PM // INFO // [GANTT] // Canvas resized to 1834,3538906165882x110 to fit all Gantt items.
11/19/2025 4:21 PM // INFO // [GANTT] // Canvases are ready to be used!
11/19/2025 4:21 PM // INFO // [GANTT] // Ruler drawn: 100 ticks and 100 labels.
11/19/2025 4:21 PM // INFO // [MODIFY] // Zoom level changed to 0,808897876643074, scale set to 17,518726167844324!
11/19/2025 4:21 PM // INFO // [GANTT] // Gantt chart rendered with 6 items on canvas.
11/19/2025 4:21 PM // INFO // [GANTT] // Canvas resized to 1829,4985660629868x110 to fit all Gantt items.
11/19/2025 4:21 PM // INFO // [GANTT] // Canvases are ready to be used!
11/19/2025 4:21 PM // INFO // [GANTT] // Ruler drawn: 100 ticks and 100 labels.
11/19/2025 4:21 PM // INFO // [MODIFY] // Zoom level changed to 0,8048533872598587, scale set to 17,469682485484714!
11/19/2025 4:21 PM // INFO // [GANTT] // Gantt chart rendered with 6 items on canvas.
11/19/2025 4:21 PM // INFO // [GANTT] // Canvas resized to 1810,2128126935836x110 to fit all Gantt items.
11/19/2025 4:21 PM // INFO // [GANTT] // Canvases are ready to be used!
11/19/2025 4:21 PM // INFO // [GANTT] // Ruler drawn: 100 ticks and 100 labels.
11/19/2025 4:21 PM // INFO // [MODIFY] // Zoom level changed to 0,7886754297269972, scale set to 17,274876895894785!
11/19/2025 4:21 PM // INFO // [GANTT] // Gantt chart rendered with 6 items on canvas.
11/19/2025 4:21 PM // INFO // [GANTT] // Canvas resized to 1805,4250710992756x110 to fit all Gantt items.
11/19/2025 4:21 PM // INFO // [GANTT] // Canvases are ready to be used!
11/19/2025 4:21 PM // INFO // [GANTT] // Ruler drawn: 100 ticks and 100 labels.
11/19/2025 4:21 PM // INFO // [MODIFY] // Zoom level changed to 0,7846309403437819, scale set to 17,226515869689653!
11/19/2025 4:21 PM // INFO // [GANTT] // Gantt chart rendered with 6 items on canvas.
11/19/2025 4:21 PM // INFO // [GANTT] // Canvas resized to 1786,4077628709786x110 to fit all Gantt items.
11/19/2025 4:21 PM // INFO // [GANTT] // Canvases are ready to be used!
11/19/2025 4:21 PM // INFO // [GANTT] // Ruler drawn: 100 ticks and 100 labels.
11/19/2025 4:21 PM // INFO // [MODIFY] // Zoom level changed to 0,7684529828109204, scale set to 17,0344218471816!
11/19/2025 4:21 PM // INFO // [GANTT] // Gantt chart rendered with 6 items on canvas.
11/19/2025 4:21 PM // INFO // [GANTT] // Canvas resized to 1781,6866635251347x110 to fit all Gantt items.
11/19/2025 4:21 PM // INFO // [GANTT] // Canvases are ready to be used!
11/19/2025 4:21 PM // INFO // [GANTT] // Ruler drawn: 100 ticks and 100 labels.
11/19/2025 4:21 PM // INFO // [MODIFY] // Zoom level changed to 0,7644084934277051, scale set to 16,98673397500136!
11/19/2025 4:21 PM // INFO // [GANTT] // Gantt chart rendered with 6 items on canvas.
11/19/2025 4:21 PM // INFO // [GANTT] // Canvas resized to 1772,284077992923x110 to fit all Gantt items.
11/19/2025 4:21 PM // INFO // [GANTT] // Canvases are ready to be used!
11/19/2025 4:21 PM // INFO // [GANTT] // Ruler drawn: 100 ticks and 100 labels.
11/19/2025 4:21 PM // INFO // [MODIFY] // Zoom level changed to 0,7563195146612743, scale set to 16,89175836356488!
11/19/2025 4:21 PM // INFO // [EXITUS] // Shutting down...
