10/29/2025 9:59 AM // INFO // [INITIALIZATION] // Beginning initialization...
10/29/2025 9:59 AM // INFO // [INITIALIZATION] // Johnson's Rule solver added!
10/29/2025 9:59 AM // INFO // [INITIALIZATION] // List Scheduling solver added!
10/29/2025 9:59 AM // INFO // [INITIALIZATION] // Solver menu successfully built!
10/29/2025 9:59 AM // INFO // [CONSTRAINT] // Saving and closing are disabled for as long as there are no files opened.
10/29/2025 9:59 AM // INFO // [INITIALIZATION] // Initialization complete!
10/29/2025 9:59 AM // INFO // [LOAD] // Open file dialog initiated...
10/29/2025 9:59 AM // INFO // [LOAD] // XML document loaded from C:\Users\Phant0m\Desktop\THESIS_LIPX05\test.xml!
10/29/2025 9:59 AM // INFO // [LOAD] // XML element established!
10/29/2025 9:59 AM // INFO // [DATATABLE] // Master Recipe Table datatable displayed in new tab!
10/29/2025 9:59 AM // INFO // [DATATABLE] // Recipe Elements Table datatable displayed in new tab!
10/29/2025 9:59 AM // INFO // [DATATABLE] // Steps Table datatable displayed in new tab!
10/29/2025 9:59 AM // INFO // [LOAD] // BatchML file loaded and data tables populated!
10/29/2025 9:59 AM // INFO // [CONSTRAINT] // Saving and closing are disabled for as long as there are no files opened.
10/29/2025 9:59 AM // INFO // [LOAD] // BatchML file loaded from C:\Users\Phant0m\Desktop\THESIS_LIPX05\test.xml!
10/29/2025 9:59 AM // WARNING // [DATATABLE] // InternalKey column could not be found in DataGrid for Recipe Elements Table after loading!
10/29/2025 9:59 AM // INFO // [SYNC] // Found existing XML element for table "Steps" matching the DataRow keys.
10/29/2025 10:00 AM // INFO // [SYNC] // Synchronized DataRow to XML for table "Steps".
10/29/2025 10:00 AM // INFO // [SYNC] // Found existing XML element for table "Steps" matching the DataRow keys.
10/29/2025 10:00 AM // INFO // [SYNC] // Synchronized DataRow to XML for table "Steps".
10/29/2025 10:00 AM // INFO // [SYNC] // Found existing XML element for table "Steps" matching the DataRow keys.
10/29/2025 10:00 AM // INFO // [SYNC] // Synchronized DataRow to XML for table "Steps".
10/29/2025 10:00 AM // INFO // [SAVE] // BatchML file successfully saved as C:\Users\Phant0m\Desktop\THESIS_LIPX05\test_isFaulty.xml
10/29/2025 10:00 AM // INFO // [DATATABLE] // InternalKey column successfully hidden in 'Recipe Elements Table.'
10/29/2025 10:00 AM // INFO // [SYNC] // Found ecipeElement by BatchML ID: J1_Module
10/29/2025 10:00 AM // INFO // [SYNC] // Synchronized DataRow to XML for table "RecipeElements".
10/29/2025 10:01 AM // INFO // [SYNC] // Found ecipeElement by BatchML ID: J2_Module
10/29/2025 10:01 AM // INFO // [SYNC] // Synchronized DataRow to XML for table "RecipeElements".
10/29/2025 10:01 AM // INFO // [SYNC] // Found ecipeElement by BatchML ID: J3_Module
10/29/2025 10:01 AM // INFO // [SYNC] // Synchronized DataRow to XML for table "RecipeElements".
10/29/2025 10:01 AM // INFO // [SYNC] // Changes made to Master Recipe table synced to XML!
10/29/2025 10:01 AM // INFO // [SAVE] // BatchML file successfully saved as C:\Users\Phant0m\Desktop\THESIS_LIPX05\test_isFaulty.xml
10/29/2025 10:02 AM // INFO // [CLEAR] // SGraphCanvas has been cleared!
10/29/2025 10:02 AM // INFO // [CLEAR] // GanttCanvas has been cleared!
10/29/2025 10:02 AM // INFO // [CLEAR] // RulerCanvas has been cleared!
10/29/2025 10:02 AM // INFO // [CLEAR] // FixedLabelCanvas has been cleared!
10/29/2025 10:02 AM // INFO // [CLEAR] // S-Graph nodes cleared!
10/29/2025 10:02 AM // INFO // [CLEAR] // S-Graph edges cleared!
10/29/2025 10:02 AM // INFO // [CLEAR] // Master Recipe Table datatable purged!
10/29/2025 10:02 AM // INFO // [CLEAR] // Recipe Elements Table datatable purged!
10/29/2025 10:02 AM // INFO // [CLEAR] // Steps Table datatable purged!
10/29/2025 10:02 AM // INFO // [CLEAR] // _Gantt chart tab removed!
10/29/2025 10:02 AM // INFO // [CLEAR] // _Gantt chart tab removed!
10/29/2025 10:02 AM // INFO // [CLEAR] // _Gantt chart tab removed!
10/29/2025 10:02 AM // INFO // [CONSTRAINT] // Saving and closing are disabled for as long as there are no files opened.
10/29/2025 10:02 AM // INFO // [CLOSE] // BatchML file closed and all data cleared!
10/29/2025 10:02 AM // INFO // [EXITUS] // No changes were made, shutting down...
