10/31/2025 9:35 PM // INFO // [INITIALIZATION] // Beginning initialization...
10/31/2025 9:35 PM // INFO // [SAVE] // Custom solvers loaded from JSON file!
10/31/2025 9:35 PM // INFO // [INITIALIZATION] // Johnson's Rule solver added!
10/31/2025 9:35 PM // INFO // [INITIALIZATION] // List Scheduling solver added!
10/31/2025 9:35 PM // INFO // [INITIALIZATION] // {cs.Name} ({cs.TypeID} type) solver added!
10/31/2025 9:35 PM // INFO // [INITIALIZATION] // {cs.Name} ({cs.TypeID} type) solver added!
10/31/2025 9:35 PM // INFO // [INITIALIZATION] // {cs.Name} ({cs.TypeID} type) solver added!
10/31/2025 9:35 PM // INFO // [INITIALIZATION] // Solver menu successfully built!
10/31/2025 9:35 PM // INFO // [CONSTRAINT] // Saving and closing are disabled for as long as there are no files opened.
10/31/2025 9:35 PM // INFO // [INITIALIZATION] // Initialization complete!
10/31/2025 9:35 PM // INFO // [LOAD] // Open file dialog initiated...
10/31/2025 9:35 PM // INFO // [LOAD] // Open file dialog cancelled by user.
10/31/2025 9:35 PM // WARNING // [S_GRAPH] // No BatchML file loaded, drawing example S-Graph!
10/31/2025 9:35 PM // INFO // [S_GRAPH] // Node J1_M1 at 100;50
10/31/2025 9:35 PM // INFO // [S_GRAPH] // Node J1_M2 at 200;50
10/31/2025 9:35 PM // INFO // [S_GRAPH] // Node P1 at 300;50
10/31/2025 9:35 PM // INFO // [S_GRAPH] // Node J2_M1 at 100;150
10/31/2025 9:35 PM // INFO // [S_GRAPH] // Node J2_M2 at 200;150
10/31/2025 9:35 PM // INFO // [S_GRAPH] // Node P2 at 300;150
10/31/2025 9:35 PM // INFO // [S_GRAPH] // Node J3_M1 at 100;250
10/31/2025 9:35 PM // INFO // [S_GRAPH] // Node J3_M2 at 200;250
10/31/2025 9:35 PM // INFO // [S_GRAPH] // Node P3 at 300;250
10/31/2025 9:35 PM // INFO // [S_GRAPH] // Technological edge J1_M1 to J1_M2 set to fixed curve 50.
10/31/2025 9:35 PM // INFO // [S_GRAPH] // Edge drawn from (170,0;85,0) to (200,0;85,0)!
10/31/2025 9:35 PM // INFO // [S_GRAPH] // Weight 10 drawn at (185;110)!
10/31/2025 9:35 PM // INFO // [S_GRAPH] // Edge from J1_M1 to J1_M2 with cost 10 drawn.
10/31/2025 9:35 PM // INFO // [S_GRAPH] // Edge drawn from (270,0;85,0) to (300,0;85,0)!
10/31/2025 9:35 PM // INFO // [S_GRAPH] // Weight 30 drawn at (285;85)!
10/31/2025 9:35 PM // INFO // [S_GRAPH] // Edge from J1_M2 to P1 with cost 30 drawn.
10/31/2025 9:35 PM // INFO // [S_GRAPH] // Technological edge J2_M1 to J2_M2 set to fixed curve 50.
10/31/2025 9:35 PM // INFO // [S_GRAPH] // Edge drawn from (170,0;185,0) to (200,0;185,0)!
10/31/2025 9:35 PM // INFO // [S_GRAPH] // Weight 20 drawn at (185;210)!
10/31/2025 9:35 PM // INFO // [S_GRAPH] // Edge from J2_M1 to J2_M2 with cost 20 drawn.
10/31/2025 9:35 PM // INFO // [S_GRAPH] // Edge drawn from (270,0;185,0) to (300,0;185,0)!
10/31/2025 9:35 PM // INFO // [S_GRAPH] // Weight 40 drawn at (285;185)!
10/31/2025 9:35 PM // INFO // [S_GRAPH] // Edge from J2_M2 to P2 with cost 40 drawn.
10/31/2025 9:35 PM // INFO // [S_GRAPH] // Technological edge J3_M1 to J3_M2 set to fixed curve 50.
10/31/2025 9:35 PM // INFO // [S_GRAPH] // Edge drawn from (170,0;285,0) to (200,0;285,0)!
10/31/2025 9:35 PM // INFO // [S_GRAPH] // Weight 50 drawn at (185;310)!
10/31/2025 9:35 PM // INFO // [S_GRAPH] // Edge from J3_M1 to J3_M2 with cost 50 drawn.
10/31/2025 9:35 PM // INFO // [S_GRAPH] // Edge drawn from (270,0;285,0) to (300,0;285,0)!
10/31/2025 9:35 PM // INFO // [S_GRAPH] // Weight 10 drawn at (285;285)!
10/31/2025 9:35 PM // INFO // [S_GRAPH] // Edge from J3_M2 to P3 with cost 10 drawn.
10/31/2025 9:35 PM // INFO // [S_GRAPH] // Canvas resized to 420x370!
10/31/2025 9:35 PM // INFO // [INITIALIZATION] // Johnson's Rule solver enabled!
10/31/2025 9:35 PM // INFO // [INITIALIZATION] // List Scheduling solver enabled!
10/31/2025 9:35 PM // INFO // [INITIALIZATION] // Branch And Bound solver enabled!
10/31/2025 9:35 PM // INFO // [INITIALIZATION] // Campbell Dudek Smith solver enabled!
10/31/2025 9:35 PM // INFO // [INITIALIZATION] // Simulated Annealing solver enabled!
10/31/2025 9:35 PM // INFO // [INITIALIZATION] //  solver enabled!
10/31/2025 9:35 PM // INFO // [CONSTRAINT] // Saving and closing are disabled for as long as there are no files opened.
10/31/2025 9:35 PM // INFO // [EXTERN_SOLVER] // Branch And Bound custom solver selected!
10/31/2025 9:35 PM // INFO // [S_GRAPH] // C:\Users\Phant0m\Desktop\THESIS_LIPX05\Thesis_LIPX05\bin\Debug\net9.0-windows\SolverTemp successfully discovered!
10/31/2025 9:35 PM // INFO // [S_GRAPH] // SGraph saved to C:\Users\Phant0m\Desktop\THESIS_LIPX05\Thesis_LIPX05\bin\Debug\net9.0-windows\SolverTemp\SGraph_c7fbbcea-60a3-41cd-b39c-fab1dfab105a.xml!
10/31/2025 9:35 PM // INFO // [Branch And Bound] // Deterministic solver selected; skipping numeric parameter gathering...
10/31/2025 9:35 PM // INFO // [LOAD] // Loading solution from C:\Users\Phant0m\Desktop\THESIS_LIPX05\Thesis_LIPX05\bin\Debug\net9.0-windows\SolverTemp\BranchAndBound_Solution.txt...
10/31/2025 9:35 PM // INFO // [LOAD] // Node J1_M1 added to solution path from file.
10/31/2025 9:35 PM // INFO // [LOAD] // Node J1_M2 added to solution path from file.
10/31/2025 9:35 PM // INFO // [LOAD] // Node J2_M1 added to solution path from file.
10/31/2025 9:35 PM // INFO // [LOAD] // Node J2_M2 added to solution path from file.
10/31/2025 9:35 PM // INFO // [LOAD] // Node J3_M1 added to solution path from file.
10/31/2025 9:35 PM // INFO // [LOAD] // Node J3_M2 added to solution path from file.
10/31/2025 9:35 PM // INFO // [LOAD] // Total of 6 nodes loaded from solution file.
10/31/2025 9:35 PM // WARNING // [S_GRAPH] // Duplicate edge attempted: J3_M2 -> P3. Skipping addition.
10/31/2025 9:35 PM // INFO // [S_GRAPH] // Node J1_M1 at 100;50
10/31/2025 9:35 PM // INFO // [S_GRAPH] // Node J1_M2 at 200;50
10/31/2025 9:35 PM // INFO // [S_GRAPH] // Node P1 at 300;50
10/31/2025 9:35 PM // INFO // [S_GRAPH] // Node J2_M1 at 100;150
10/31/2025 9:35 PM // INFO // [S_GRAPH] // Node J2_M2 at 200;150
10/31/2025 9:35 PM // INFO // [S_GRAPH] // Node P2 at 300;150
10/31/2025 9:35 PM // INFO // [S_GRAPH] // Node J3_M1 at 100;250
10/31/2025 9:35 PM // INFO // [S_GRAPH] // Node J3_M2 at 200;250
10/31/2025 9:35 PM // INFO // [S_GRAPH] // Node P3 at 300;250
10/31/2025 9:35 PM // INFO // [S_GRAPH] // Technological edge J1_M1 to J1_M2 set to fixed curve 50.
10/31/2025 9:35 PM // INFO // [S_GRAPH] // Edge drawn from (170,0;85,0) to (200,0;85,0)!
10/31/2025 9:35 PM // INFO // [S_GRAPH] // Edge from J1_M1 to J1_M2 with cost 0 drawn.
10/31/2025 9:35 PM // INFO // [S_GRAPH] // Technological edge J2_M1 to J2_M2 set to fixed curve 50.
10/31/2025 9:35 PM // INFO // [S_GRAPH] // Edge drawn from (170,0;185,0) to (200,0;185,0)!
10/31/2025 9:35 PM // INFO // [S_GRAPH] // Edge from J2_M1 to J2_M2 with cost 0 drawn.
10/31/2025 9:35 PM // INFO // [S_GRAPH] // Technological edge J3_M1 to J3_M2 set to fixed curve 50.
10/31/2025 9:35 PM // INFO // [S_GRAPH] // Edge drawn from (170,0;285,0) to (200,0;285,0)!
10/31/2025 9:35 PM // INFO // [S_GRAPH] // Edge from J3_M1 to J3_M2 with cost 0 drawn.
10/31/2025 9:35 PM // INFO // [S_GRAPH] // Edge drawn from (135,0;120,0) to (135,0;150,0)!
10/31/2025 9:35 PM // INFO // [S_GRAPH] // Edge from J1_M1 to J2_M1 with cost 0 drawn.
10/31/2025 9:35 PM // INFO // [S_GRAPH] // Edge drawn from (235,0;120,0) to (235,0;150,0)!
10/31/2025 9:35 PM // INFO // [S_GRAPH] // Edge from J1_M2 to J2_M2 with cost 0 drawn.
10/31/2025 9:35 PM // INFO // [S_GRAPH] // Edge drawn from (270,0;285,0) to (300,0;285,0)!
10/31/2025 9:35 PM // INFO // [S_GRAPH] // Edge from J3_M2 to P3 with cost 0 drawn.
10/31/2025 9:35 PM // INFO // [S_GRAPH] // Edge drawn from (135,0;220,0) to (135,0;250,0)!
10/31/2025 9:35 PM // INFO // [S_GRAPH] // Edge from J2_M1 to J3_M1 with cost 0 drawn.
10/31/2025 9:35 PM // INFO // [S_GRAPH] // Edge drawn from (235,0;220,0) to (235,0;250,0)!
10/31/2025 9:35 PM // INFO // [S_GRAPH] // Edge from J2_M2 to J3_M2 with cost 0 drawn.
10/31/2025 9:35 PM // INFO // [S_GRAPH] // Canvas resized to 420x370!
10/31/2025 9:35 PM // INFO // [GANTT] // Node J1_M1 EST is 0 (no predecessors).
10/31/2025 9:35 PM // INFO // [GANTT] // Node J1_M2 EST is determined by J1_M1 (EST: 10,00).
10/31/2025 9:35 PM // INFO // [GANTT] // Node J2_M1 EST is determined by J1_M1 (EST: 10,00).
10/31/2025 9:35 PM // INFO // [GANTT] // Node J2_M2 EST is determined by J1_M2 (EST: 40,00).
10/31/2025 9:35 PM // INFO // [GANTT] // Node J3_M1 EST is determined by J2_M1 (EST: 30,00).
10/31/2025 9:35 PM // INFO // [GANTT] // Node J3_M2 EST is determined by J3_M1 (EST: 80,00).
10/31/2025 9:35 PM // INFO // [GANTT] // Gantt chart built with 6 items from path with 6 nodes.
10/31/2025 9:35 PM // INFO // [GANTT] // Gantt data built with 6 items from optimized path using Branch And Bound!
10/31/2025 9:35 PM // INFO // [GANTT] // Canvases are ready to be used!
10/31/2025 9:35 PM // INFO // [GANTT] // Ruler drawn: 91 ticks and 46 labels.
10/31/2025 9:35 PM // INFO // [GANTT] // Gantt chart rendered with 6 items on canvas.
10/31/2025 9:35 PM // INFO // [GANTT] // Canvas resized to 1000x110 to fit all Gantt items.
10/31/2025 9:35 PM // INFO // [GANTT] // Branch And Bound schedule rendered successfully!
10/31/2025 9:35 PM // INFO // [S_GRAPH] // Node J1_M1 at 100;50
10/31/2025 9:35 PM // INFO // [S_GRAPH] // Node J1_M2 at 200;50
10/31/2025 9:35 PM // INFO // [S_GRAPH] // Node P1 at 300;50
10/31/2025 9:35 PM // INFO // [S_GRAPH] // Node J2_M1 at 100;150
10/31/2025 9:35 PM // INFO // [S_GRAPH] // Node J2_M2 at 200;150
10/31/2025 9:35 PM // INFO // [S_GRAPH] // Node P2 at 300;150
10/31/2025 9:35 PM // INFO // [S_GRAPH] // Node J3_M1 at 100;250
10/31/2025 9:35 PM // INFO // [S_GRAPH] // Node J3_M2 at 200;250
10/31/2025 9:35 PM // INFO // [S_GRAPH] // Node P3 at 300;250
10/31/2025 9:35 PM // INFO // [S_GRAPH] // Technological edge J1_M1 to J1_M2 set to fixed curve 50.
10/31/2025 9:35 PM // INFO // [S_GRAPH] // Edge drawn from (170,0;85,0) to (200,0;85,0)!
10/31/2025 9:35 PM // INFO // [S_GRAPH] // Edge from J1_M1 to J1_M2 with cost 0 drawn.
10/31/2025 9:35 PM // INFO // [S_GRAPH] // Technological edge J2_M1 to J2_M2 set to fixed curve 50.
10/31/2025 9:35 PM // INFO // [S_GRAPH] // Edge drawn from (170,0;185,0) to (200,0;185,0)!
10/31/2025 9:35 PM // INFO // [S_GRAPH] // Edge from J2_M1 to J2_M2 with cost 0 drawn.
10/31/2025 9:35 PM // INFO // [S_GRAPH] // Technological edge J3_M1 to J3_M2 set to fixed curve 50.
10/31/2025 9:35 PM // INFO // [S_GRAPH] // Edge drawn from (170,0;285,0) to (200,0;285,0)!
10/31/2025 9:35 PM // INFO // [S_GRAPH] // Edge from J3_M1 to J3_M2 with cost 0 drawn.
10/31/2025 9:35 PM // INFO // [S_GRAPH] // Edge drawn from (135,0;120,0) to (135,0;150,0)!
10/31/2025 9:35 PM // INFO // [S_GRAPH] // Edge from J1_M1 to J2_M1 with cost 0 drawn.
10/31/2025 9:35 PM // INFO // [S_GRAPH] // Edge drawn from (235,0;120,0) to (235,0;150,0)!
10/31/2025 9:35 PM // INFO // [S_GRAPH] // Edge from J1_M2 to J2_M2 with cost 0 drawn.
10/31/2025 9:35 PM // INFO // [S_GRAPH] // Edge drawn from (270,0;285,0) to (300,0;285,0)!
10/31/2025 9:35 PM // INFO // [S_GRAPH] // Edge from J3_M2 to P3 with cost 0 drawn.
10/31/2025 9:35 PM // INFO // [S_GRAPH] // Edge drawn from (135,0;220,0) to (135,0;250,0)!
10/31/2025 9:35 PM // INFO // [S_GRAPH] // Edge from J2_M1 to J3_M1 with cost 0 drawn.
10/31/2025 9:35 PM // INFO // [S_GRAPH] // Edge drawn from (235,0;220,0) to (235,0;250,0)!
10/31/2025 9:35 PM // INFO // [S_GRAPH] // Edge from J2_M2 to J3_M2 with cost 0 drawn.
10/31/2025 9:35 PM // INFO // [S_GRAPH] // Canvas resized to 420x370!
