11/17/2025 11:45 AM // INFO // [INITIALIZATION] // Beginning initialization...
11/17/2025 11:45 AM // INFO // [SAVE] // Custom solvers loaded from JSON file!
11/17/2025 11:45 AM // INFO // [INITIALIZATION] // Johnson's Rule solver added!
11/17/2025 11:45 AM // INFO // [INITIALIZATION] // List Scheduling solver added!
11/17/2025 11:45 AM // INFO // [INITIALIZATION] // {cs.Name} ({cs.TypeID} type) solver added!
11/17/2025 11:45 AM // INFO // [INITIALIZATION] // {cs.Name} ({cs.TypeID} type) solver added!
11/17/2025 11:45 AM // INFO // [INITIALIZATION] // {cs.Name} ({cs.TypeID} type) solver added!
11/17/2025 11:45 AM // INFO // [INITIALIZATION] // Solver menu successfully built!
11/17/2025 11:45 AM // INFO // [CONSTRAINT] // Saving and closing are disabled for as long as there are no files opened.
11/17/2025 11:45 AM // INFO // [INITIALIZATION] // Initialization complete!
11/17/2025 11:45 AM // WARNING // [S_GRAPH] // No BatchML file loaded, drawing example S-Graph!
11/17/2025 11:45 AM // INFO // [S_GRAPH] // Node J1_M1 at 100;50
11/17/2025 11:45 AM // INFO // [S_GRAPH] // Node J1_M2 at 300;50
11/17/2025 11:45 AM // INFO // [S_GRAPH] // Node P1 at 700;50
11/17/2025 11:45 AM // INFO // [S_GRAPH] // Node J2_M1 at 100;150
11/17/2025 11:45 AM // INFO // [S_GRAPH] // Node J2_M2 at 300;150
11/17/2025 11:45 AM // INFO // [S_GRAPH] // Node P2 at 700;150
11/17/2025 11:45 AM // INFO // [S_GRAPH] // Node J3_M1 at 100;250
11/17/2025 11:45 AM // INFO // [S_GRAPH] // Node J3_M2 at 300;250
11/17/2025 11:45 AM // INFO // [S_GRAPH] // Node P3 at 700;250
11/17/2025 11:45 AM // INFO // [S_GRAPH] // Curve value of edge (J1_M1 to J1_M2) set to 25,00
11/17/2025 11:45 AM // INFO // [S_GRAPH] // Edge drawn from (170,0;85,0) to (300,0;85,0)!
11/17/2025 11:45 AM // INFO // [S_GRAPH] // Weight 10 drawn at (235;97,5)!
11/17/2025 11:45 AM // INFO // [S_GRAPH] // Edge from J1_M1 to J1_M2 with cost 10 drawn.
11/17/2025 11:45 AM // INFO // [S_GRAPH] // Edge drawn from (370,0;85,0) to (700,0;85,0)!
11/17/2025 11:45 AM // INFO // [S_GRAPH] // Weight 10 drawn at (535;85)!
11/17/2025 11:45 AM // INFO // [S_GRAPH] // Edge from J1_M2 to P1 with cost 30 drawn.
11/17/2025 11:45 AM // INFO // [S_GRAPH] // Curve value of edge (J2_M1 to J2_M2) set to 25,00
11/17/2025 11:45 AM // INFO // [S_GRAPH] // Edge drawn from (170,0;185,0) to (300,0;185,0)!
11/17/2025 11:45 AM // INFO // [S_GRAPH] // Weight 20 drawn at (235;197,5)!
11/17/2025 11:45 AM // INFO // [S_GRAPH] // Edge from J2_M1 to J2_M2 with cost 20 drawn.
11/17/2025 11:45 AM // INFO // [S_GRAPH] // Edge drawn from (370,0;185,0) to (700,0;185,0)!
11/17/2025 11:45 AM // INFO // [S_GRAPH] // Weight 20 drawn at (535;185)!
11/17/2025 11:45 AM // INFO // [S_GRAPH] // Edge from J2_M2 to P2 with cost 40 drawn.
11/17/2025 11:45 AM // INFO // [S_GRAPH] // Curve value of edge (J3_M1 to J3_M2) set to 25,00
11/17/2025 11:45 AM // INFO // [S_GRAPH] // Edge drawn from (170,0;285,0) to (300,0;285,0)!
11/17/2025 11:45 AM // INFO // [S_GRAPH] // Weight 50 drawn at (235;297,5)!
11/17/2025 11:45 AM // INFO // [S_GRAPH] // Edge from J3_M1 to J3_M2 with cost 50 drawn.
11/17/2025 11:45 AM // INFO // [S_GRAPH] // Edge drawn from (370,0;285,0) to (700,0;285,0)!
11/17/2025 11:45 AM // INFO // [S_GRAPH] // Weight 50 drawn at (535;285)!
11/17/2025 11:45 AM // INFO // [S_GRAPH] // Edge from J3_M2 to P3 with cost 10 drawn.
11/17/2025 11:45 AM // INFO // [S_GRAPH] // Canvas resized to 820x370!
11/17/2025 11:45 AM // INFO // [INITIALIZATION] // Johnson's Rule solver enabled!
11/17/2025 11:45 AM // INFO // [INITIALIZATION] // List Scheduling solver enabled!
11/17/2025 11:45 AM // INFO // [INITIALIZATION] // Branch And Bound solver enabled!
11/17/2025 11:45 AM // INFO // [INITIALIZATION] // Campbell Dudek Smith solver enabled!
11/17/2025 11:45 AM // INFO // [INITIALIZATION] // Simulated Annealing solver enabled!
11/17/2025 11:45 AM // INFO // [INITIALIZATION] //  solver enabled!
11/17/2025 11:45 AM // INFO // [CONSTRAINT] // Saving and closing are disabled for as long as there are no files opened.
11/17/2025 11:45 AM // INFO // [EXTERN_SOLVER] // Branch And Bound custom solver selected!
11/17/2025 11:45 AM // INFO // [S_GRAPH] // C:\Users\Phant0m\Desktop\THESIS_LIPX05\Thesis_LIPX05\bin\Debug\net9.0-windows\SolverTemp successfully discovered!
11/17/2025 11:45 AM // INFO // [S_GRAPH] // SGraph saved to C:\Users\Phant0m\Desktop\THESIS_LIPX05\Thesis_LIPX05\bin\Debug\net9.0-windows\SolverTemp\SGraph_7abf8b40-2350-452c-a16b-bc551f1ceff0.xml!
11/17/2025 11:45 AM // INFO // [Branch And Bound] // Deterministic solver selected; skipping numeric parameter gathering...
11/17/2025 11:45 AM // ERROR // [Branch And Bound] // Solver failed with code 3! Error: Initial C_UB is infeasable. Cannot start B&B!
No valid path found (optimization yielded only infeasible cycles).
11/17/2025 11:45 AM // INFO // [S_GRAPH] // Node J1_M1 at 100;50
11/17/2025 11:45 AM // INFO // [S_GRAPH] // Node J1_M2 at 300;50
11/17/2025 11:45 AM // INFO // [S_GRAPH] // Node P1 at 700;50
11/17/2025 11:45 AM // INFO // [S_GRAPH] // Node J2_M1 at 100;150
11/17/2025 11:45 AM // INFO // [S_GRAPH] // Node J2_M2 at 300;150
11/17/2025 11:45 AM // INFO // [S_GRAPH] // Node P2 at 700;150
11/17/2025 11:45 AM // INFO // [S_GRAPH] // Node J3_M1 at 100;250
11/17/2025 11:45 AM // INFO // [S_GRAPH] // Node J3_M2 at 300;250
11/17/2025 11:45 AM // INFO // [S_GRAPH] // Node P3 at 700;250
11/17/2025 11:45 AM // INFO // [S_GRAPH] // Curve value of edge (J1_M1 to J1_M2) set to 25,00
11/17/2025 11:45 AM // INFO // [S_GRAPH] // Edge drawn from (170,0;85,0) to (300,0;85,0)!
11/17/2025 11:45 AM // INFO // [S_GRAPH] // Weight 10 drawn at (235;97,5)!
11/17/2025 11:45 AM // INFO // [S_GRAPH] // Edge from J1_M1 to J1_M2 with cost 10 drawn.
11/17/2025 11:45 AM // INFO // [S_GRAPH] // Edge drawn from (370,0;85,0) to (700,0;85,0)!
11/17/2025 11:45 AM // INFO // [S_GRAPH] // Weight 10 drawn at (535;85)!
11/17/2025 11:45 AM // INFO // [S_GRAPH] // Edge from J1_M2 to P1 with cost 30 drawn.
11/17/2025 11:45 AM // INFO // [S_GRAPH] // Curve value of edge (J2_M1 to J2_M2) set to 25,00
11/17/2025 11:45 AM // INFO // [S_GRAPH] // Edge drawn from (170,0;185,0) to (300,0;185,0)!
11/17/2025 11:45 AM // INFO // [S_GRAPH] // Weight 20 drawn at (235;197,5)!
11/17/2025 11:45 AM // INFO // [S_GRAPH] // Edge from J2_M1 to J2_M2 with cost 20 drawn.
11/17/2025 11:45 AM // INFO // [S_GRAPH] // Edge drawn from (370,0;185,0) to (700,0;185,0)!
11/17/2025 11:45 AM // INFO // [S_GRAPH] // Weight 20 drawn at (535;185)!
11/17/2025 11:45 AM // INFO // [S_GRAPH] // Edge from J2_M2 to P2 with cost 40 drawn.
11/17/2025 11:45 AM // INFO // [S_GRAPH] // Curve value of edge (J3_M1 to J3_M2) set to 25,00
11/17/2025 11:45 AM // INFO // [S_GRAPH] // Edge drawn from (170,0;285,0) to (300,0;285,0)!
11/17/2025 11:45 AM // INFO // [S_GRAPH] // Weight 50 drawn at (235;297,5)!
11/17/2025 11:45 AM // INFO // [S_GRAPH] // Edge from J3_M1 to J3_M2 with cost 50 drawn.
11/17/2025 11:45 AM // INFO // [S_GRAPH] // Edge drawn from (370,0;285,0) to (700,0;285,0)!
11/17/2025 11:45 AM // INFO // [S_GRAPH] // Weight 50 drawn at (535;285)!
11/17/2025 11:45 AM // INFO // [S_GRAPH] // Edge from J3_M2 to P3 with cost 10 drawn.
11/17/2025 11:45 AM // INFO // [S_GRAPH] // Canvas resized to 820x370!
11/17/2025 11:45 AM // INFO // [EXTERN_SOLVER] // Simulated Annealing custom solver selected!
11/17/2025 11:45 AM // INFO // [S_GRAPH] // C:\Users\Phant0m\Desktop\THESIS_LIPX05\Thesis_LIPX05\bin\Debug\net9.0-windows\SolverTemp successfully discovered!
11/17/2025 11:45 AM // INFO // [S_GRAPH] // SGraph saved to C:\Users\Phant0m\Desktop\THESIS_LIPX05\Thesis_LIPX05\bin\Debug\net9.0-windows\SolverTemp\SGraph_776ee0c1-ac89-4b14-aec1-039670952aa9.xml!
11/17/2025 11:45 AM // INFO // [Simulated Annealing] // Gathering parameters for Simulated Annealing
11/17/2025 11:45 AM // INFO // [Simulated Annealing] // Parameters gathered: 1000, 0.995, 5000
11/17/2025 11:45 AM // INFO // [LOAD] // Loading solution from C:\Users\Phant0m\Desktop\THESIS_LIPX05\Thesis_LIPX05\bin\Debug\net9.0-windows\SolverTemp\SimulatedAnnealing_Solution.txt...
11/17/2025 11:45 AM // INFO // [LOAD] // Node J1_M1 added to solution path from file.
11/17/2025 11:45 AM // INFO // [LOAD] // Node J1_M2 added to solution path from file.
11/17/2025 11:45 AM // INFO // [LOAD] // Node J2_M1 added to solution path from file.
11/17/2025 11:45 AM // INFO // [LOAD] // Node J2_M2 added to solution path from file.
11/17/2025 11:45 AM // INFO // [LOAD] // Node J3_M1 added to solution path from file.
11/17/2025 11:45 AM // INFO // [LOAD] // Node J3_M2 added to solution path from file.
11/17/2025 11:45 AM // INFO // [LOAD] // Total of 6 nodes loaded from solution file.
11/17/2025 11:45 AM // INFO // [S_GRAPH] // Node J1_M1 at 100;50
11/17/2025 11:45 AM // INFO // [S_GRAPH] // Node J1_M2 at 300;50
11/17/2025 11:45 AM // INFO // [S_GRAPH] // Node P1 at 700;50
11/17/2025 11:45 AM // INFO // [S_GRAPH] // Node J2_M1 at 100;150
11/17/2025 11:45 AM // INFO // [S_GRAPH] // Node J2_M2 at 300;150
11/17/2025 11:45 AM // INFO // [S_GRAPH] // Node P2 at 700;150
11/17/2025 11:45 AM // INFO // [S_GRAPH] // Node J3_M1 at 100;250
11/17/2025 11:45 AM // INFO // [S_GRAPH] // Node J3_M2 at 300;250
11/17/2025 11:45 AM // INFO // [S_GRAPH] // Node P3 at 700;250
11/17/2025 11:45 AM // INFO // [S_GRAPH] // Curve value of edge (J1_M1 to J1_M2) set to 25,00
11/17/2025 11:45 AM // INFO // [S_GRAPH] // Edge drawn from (170,0;85,0) to (300,0;85,0)!
11/17/2025 11:45 AM // INFO // [S_GRAPH] // Weight 10 drawn at (235;97,5)!
11/17/2025 11:45 AM // INFO // [S_GRAPH] // Edge from J1_M1 to J1_M2 with cost 0 drawn.
11/17/2025 11:45 AM // INFO // [S_GRAPH] // Curve value of edge (J2_M1 to J2_M2) set to 25,00
11/17/2025 11:45 AM // INFO // [S_GRAPH] // Edge drawn from (170,0;185,0) to (300,0;185,0)!
11/17/2025 11:45 AM // INFO // [S_GRAPH] // Weight 20 drawn at (235;197,5)!
11/17/2025 11:45 AM // INFO // [S_GRAPH] // Edge from J2_M1 to J2_M2 with cost 0 drawn.
11/17/2025 11:45 AM // INFO // [S_GRAPH] // Curve value of edge (J3_M1 to J3_M2) set to 25,00
11/17/2025 11:45 AM // INFO // [S_GRAPH] // Edge drawn from (170,0;285,0) to (300,0;285,0)!
11/17/2025 11:45 AM // INFO // [S_GRAPH] // Weight 50 drawn at (235;297,5)!
11/17/2025 11:45 AM // INFO // [S_GRAPH] // Edge from J3_M1 to J3_M2 with cost 0 drawn.
11/17/2025 11:45 AM // INFO // [S_GRAPH] // Curve value of edge (J1_M1 to J2_M1) set to -25,00
11/17/2025 11:45 AM // INFO // [S_GRAPH] // Edge drawn from (135,0;120,0) to (135,0;150,0)!
11/17/2025 11:45 AM // INFO // [S_GRAPH] // Weight 10 drawn at (147,5;135)!
11/17/2025 11:45 AM // INFO // [S_GRAPH] // Edge from J1_M1 to J2_M1 with cost 0 drawn.
11/17/2025 11:45 AM // INFO // [S_GRAPH] // Curve value of edge (J1_M2 to J2_M2) set to -25,00
11/17/2025 11:45 AM // INFO // [S_GRAPH] // Edge drawn from (335,0;120,0) to (335,0;150,0)!
11/17/2025 11:45 AM // INFO // [S_GRAPH] // Weight 10 drawn at (347,5;135)!
11/17/2025 11:45 AM // INFO // [S_GRAPH] // Edge from J1_M2 to J2_M2 with cost 0 drawn.
11/17/2025 11:45 AM // INFO // [S_GRAPH] // Curve value of edge (J2_M1 to J3_M1) set to -25,00
11/17/2025 11:45 AM // INFO // [S_GRAPH] // Edge drawn from (135,0;220,0) to (135,0;250,0)!
11/17/2025 11:45 AM // INFO // [S_GRAPH] // Weight 20 drawn at (147,5;235)!
11/17/2025 11:45 AM // INFO // [S_GRAPH] // Edge from J2_M1 to J3_M1 with cost 0 drawn.
11/17/2025 11:45 AM // INFO // [S_GRAPH] // Curve value of edge (J2_M2 to J3_M2) set to -25,00
11/17/2025 11:45 AM // INFO // [S_GRAPH] // Edge drawn from (335,0;220,0) to (335,0;250,0)!
11/17/2025 11:45 AM // INFO // [S_GRAPH] // Weight 20 drawn at (347,5;235)!
11/17/2025 11:45 AM // INFO // [S_GRAPH] // Edge from J2_M2 to J3_M2 with cost 0 drawn.
11/17/2025 11:45 AM // INFO // [S_GRAPH] // Edge drawn from (370,0;85,0) to (700,0;85,0)!
11/17/2025 11:45 AM // INFO // [S_GRAPH] // Weight 10 drawn at (535;85)!
11/17/2025 11:45 AM // INFO // [S_GRAPH] // Edge from J1_M2 to P1 with cost 0 drawn.
11/17/2025 11:45 AM // INFO // [S_GRAPH] // Edge drawn from (370,0;185,0) to (700,0;185,0)!
11/17/2025 11:45 AM // INFO // [S_GRAPH] // Weight 20 drawn at (535;185)!
11/17/2025 11:45 AM // INFO // [S_GRAPH] // Edge from J2_M2 to P2 with cost 0 drawn.
11/17/2025 11:45 AM // INFO // [S_GRAPH] // Edge drawn from (370,0;285,0) to (700,0;285,0)!
11/17/2025 11:45 AM // INFO // [S_GRAPH] // Weight 50 drawn at (535;285)!
11/17/2025 11:45 AM // INFO // [S_GRAPH] // Edge from J3_M2 to P3 with cost 0 drawn.
11/17/2025 11:45 AM // INFO // [S_GRAPH] // Canvas resized to 820x370!
11/17/2025 11:45 AM // INFO // [GANTT] // Node J1_M1 EST is 0 (no predecessors).
11/17/2025 11:45 AM // INFO // [GANTT] // Node J1_M2 EST is determined by J1_M1 (EST: 10,00).
11/17/2025 11:45 AM // INFO // [GANTT] // Node J2_M1 EST is determined by J1_M1 (EST: 10,00).
11/17/2025 11:45 AM // INFO // [GANTT] // Node J2_M2 EST is determined by J2_M1 (EST: 30,00).
11/17/2025 11:45 AM // INFO // [GANTT] // Node J3_M1 EST is determined by J2_M1 (EST: 30,00).
11/17/2025 11:45 AM // INFO // [GANTT] // Node J3_M2 EST is determined by J3_M1 (EST: 80,00).
11/17/2025 11:45 AM // INFO // [GANTT] // Gantt chart built with 6 items from path with 6 nodes.
11/17/2025 11:45 AM // INFO // [GANTT] // Gantt data built with 6 items from optimized path using Simulated Annealing!
11/17/2025 11:45 AM // INFO // [GANTT] // Canvases are ready to be used!
11/17/2025 11:45 AM // INFO // [GANTT] // Ruler drawn: 131 ticks and 66 labels.
11/17/2025 11:45 AM // INFO // [GANTT] // Gantt chart rendered with 6 items on canvas.
11/17/2025 11:45 AM // INFO // [GANTT] // Canvas resized to 1400x110 to fit all Gantt items.
11/17/2025 11:45 AM // INFO // [GANTT] // Simulated Annealing schedule rendered successfully!
11/17/2025 11:45 AM // INFO // [S_GRAPH] // Node J1_M1 at 100;50
11/17/2025 11:45 AM // INFO // [S_GRAPH] // Node J1_M2 at 300;50
11/17/2025 11:45 AM // INFO // [S_GRAPH] // Node P1 at 700;50
11/17/2025 11:45 AM // INFO // [S_GRAPH] // Node J2_M1 at 100;150
11/17/2025 11:45 AM // INFO // [S_GRAPH] // Node J2_M2 at 300;150
11/17/2025 11:45 AM // INFO // [S_GRAPH] // Node P2 at 700;150
11/17/2025 11:45 AM // INFO // [S_GRAPH] // Node J3_M1 at 100;250
11/17/2025 11:45 AM // INFO // [S_GRAPH] // Node J3_M2 at 300;250
11/17/2025 11:45 AM // INFO // [S_GRAPH] // Node P3 at 700;250
11/17/2025 11:45 AM // INFO // [S_GRAPH] // Curve value of edge (J1_M1 to J1_M2) set to 25,00
11/17/2025 11:45 AM // INFO // [S_GRAPH] // Edge drawn from (170,0;85,0) to (300,0;85,0)!
11/17/2025 11:45 AM // INFO // [S_GRAPH] // Weight 10 drawn at (235;97,5)!
11/17/2025 11:45 AM // INFO // [S_GRAPH] // Edge from J1_M1 to J1_M2 with cost 0 drawn.
11/17/2025 11:45 AM // INFO // [S_GRAPH] // Curve value of edge (J2_M1 to J2_M2) set to 25,00
11/17/2025 11:45 AM // INFO // [S_GRAPH] // Edge drawn from (170,0;185,0) to (300,0;185,0)!
11/17/2025 11:45 AM // INFO // [S_GRAPH] // Weight 20 drawn at (235;197,5)!
11/17/2025 11:45 AM // INFO // [S_GRAPH] // Edge from J2_M1 to J2_M2 with cost 0 drawn.
11/17/2025 11:45 AM // INFO // [S_GRAPH] // Curve value of edge (J3_M1 to J3_M2) set to 25,00
11/17/2025 11:45 AM // INFO // [S_GRAPH] // Edge drawn from (170,0;285,0) to (300,0;285,0)!
11/17/2025 11:45 AM // INFO // [S_GRAPH] // Weight 50 drawn at (235;297,5)!
11/17/2025 11:45 AM // INFO // [S_GRAPH] // Edge from J3_M1 to J3_M2 with cost 0 drawn.
11/17/2025 11:45 AM // INFO // [S_GRAPH] // Curve value of edge (J1_M1 to J2_M1) set to -25,00
11/17/2025 11:45 AM // INFO // [S_GRAPH] // Edge drawn from (135,0;120,0) to (135,0;150,0)!
11/17/2025 11:45 AM // INFO // [S_GRAPH] // Weight 10 drawn at (147,5;135)!
11/17/2025 11:45 AM // INFO // [S_GRAPH] // Edge from J1_M1 to J2_M1 with cost 0 drawn.
11/17/2025 11:45 AM // INFO // [S_GRAPH] // Curve value of edge (J1_M2 to J2_M2) set to -25,00
11/17/2025 11:45 AM // INFO // [S_GRAPH] // Edge drawn from (335,0;120,0) to (335,0;150,0)!
11/17/2025 11:45 AM // INFO // [S_GRAPH] // Weight 10 drawn at (347,5;135)!
11/17/2025 11:45 AM // INFO // [S_GRAPH] // Edge from J1_M2 to J2_M2 with cost 0 drawn.
11/17/2025 11:45 AM // INFO // [S_GRAPH] // Curve value of edge (J2_M1 to J3_M1) set to -25,00
11/17/2025 11:45 AM // INFO // [S_GRAPH] // Edge drawn from (135,0;220,0) to (135,0;250,0)!
11/17/2025 11:45 AM // INFO // [S_GRAPH] // Weight 20 drawn at (147,5;235)!
11/17/2025 11:45 AM // INFO // [S_GRAPH] // Edge from J2_M1 to J3_M1 with cost 0 drawn.
11/17/2025 11:45 AM // INFO // [S_GRAPH] // Curve value of edge (J2_M2 to J3_M2) set to -25,00
11/17/2025 11:45 AM // INFO // [S_GRAPH] // Edge drawn from (335,0;220,0) to (335,0;250,0)!
11/17/2025 11:45 AM // INFO // [S_GRAPH] // Weight 20 drawn at (347,5;235)!
11/17/2025 11:45 AM // INFO // [S_GRAPH] // Edge from J2_M2 to J3_M2 with cost 0 drawn.
11/17/2025 11:45 AM // INFO // [S_GRAPH] // Edge drawn from (370,0;85,0) to (700,0;85,0)!
11/17/2025 11:45 AM // INFO // [S_GRAPH] // Weight 10 drawn at (535;85)!
11/17/2025 11:45 AM // INFO // [S_GRAPH] // Edge from J1_M2 to P1 with cost 0 drawn.
11/17/2025 11:45 AM // INFO // [S_GRAPH] // Edge drawn from (370,0;185,0) to (700,0;185,0)!
11/17/2025 11:45 AM // INFO // [S_GRAPH] // Weight 20 drawn at (535;185)!
11/17/2025 11:45 AM // INFO // [S_GRAPH] // Edge from J2_M2 to P2 with cost 0 drawn.
11/17/2025 11:45 AM // INFO // [S_GRAPH] // Edge drawn from (370,0;285,0) to (700,0;285,0)!
11/17/2025 11:45 AM // INFO // [S_GRAPH] // Weight 50 drawn at (535;285)!
11/17/2025 11:45 AM // INFO // [S_GRAPH] // Edge from J3_M2 to P3 with cost 0 drawn.
11/17/2025 11:45 AM // INFO // [S_GRAPH] // Canvas resized to 820x370!
11/17/2025 11:46 AM // INFO // [EXTERN_SOLVER] // Branch And Bound custom solver selected!
11/17/2025 11:46 AM // INFO // [S_GRAPH] // C:\Users\Phant0m\Desktop\THESIS_LIPX05\Thesis_LIPX05\bin\Debug\net9.0-windows\SolverTemp successfully discovered!
11/17/2025 11:46 AM // INFO // [S_GRAPH] // SGraph saved to C:\Users\Phant0m\Desktop\THESIS_LIPX05\Thesis_LIPX05\bin\Debug\net9.0-windows\SolverTemp\SGraph_3d2f586d-42d7-4a83-a159-75933275e526.xml!
11/17/2025 11:46 AM // INFO // [Branch And Bound] // Deterministic solver selected; skipping numeric parameter gathering...
11/17/2025 11:46 AM // ERROR // [Branch And Bound] // Solver failed with code 3! Error: Initial C_UB is infeasable. Cannot start B&B!
No valid path found (optimization yielded only infeasible cycles).
11/17/2025 11:46 AM // INFO // [S_GRAPH] // Node J1_M1 at 100;50
11/17/2025 11:46 AM // INFO // [S_GRAPH] // Node J1_M2 at 300;50
11/17/2025 11:46 AM // INFO // [S_GRAPH] // Node P1 at 700;50
11/17/2025 11:46 AM // INFO // [S_GRAPH] // Node J2_M1 at 100;150
11/17/2025 11:46 AM // INFO // [S_GRAPH] // Node J2_M2 at 300;150
11/17/2025 11:46 AM // INFO // [S_GRAPH] // Node P2 at 700;150
11/17/2025 11:46 AM // INFO // [S_GRAPH] // Node J3_M1 at 100;250
11/17/2025 11:46 AM // INFO // [S_GRAPH] // Node J3_M2 at 300;250
11/17/2025 11:46 AM // INFO // [S_GRAPH] // Node P3 at 700;250
11/17/2025 11:46 AM // INFO // [S_GRAPH] // Curve value of edge (J1_M1 to J1_M2) set to 25,00
11/17/2025 11:46 AM // INFO // [S_GRAPH] // Edge drawn from (170,0;85,0) to (300,0;85,0)!
11/17/2025 11:46 AM // INFO // [S_GRAPH] // Weight 10 drawn at (235;97,5)!
11/17/2025 11:46 AM // INFO // [S_GRAPH] // Edge from J1_M1 to J1_M2 with cost 0 drawn.
11/17/2025 11:46 AM // INFO // [S_GRAPH] // Curve value of edge (J2_M1 to J2_M2) set to 25,00
11/17/2025 11:46 AM // INFO // [S_GRAPH] // Edge drawn from (170,0;185,0) to (300,0;185,0)!
11/17/2025 11:46 AM // INFO // [S_GRAPH] // Weight 20 drawn at (235;197,5)!
11/17/2025 11:46 AM // INFO // [S_GRAPH] // Edge from J2_M1 to J2_M2 with cost 0 drawn.
11/17/2025 11:46 AM // INFO // [S_GRAPH] // Curve value of edge (J3_M1 to J3_M2) set to 25,00
11/17/2025 11:46 AM // INFO // [S_GRAPH] // Edge drawn from (170,0;285,0) to (300,0;285,0)!
11/17/2025 11:46 AM // INFO // [S_GRAPH] // Weight 50 drawn at (235;297,5)!
11/17/2025 11:46 AM // INFO // [S_GRAPH] // Edge from J3_M1 to J3_M2 with cost 0 drawn.
11/17/2025 11:46 AM // INFO // [S_GRAPH] // Curve value of edge (J1_M1 to J2_M1) set to -25,00
11/17/2025 11:46 AM // INFO // [S_GRAPH] // Edge drawn from (135,0;120,0) to (135,0;150,0)!
11/17/2025 11:46 AM // INFO // [S_GRAPH] // Weight 10 drawn at (147,5;135)!
11/17/2025 11:46 AM // INFO // [S_GRAPH] // Edge from J1_M1 to J2_M1 with cost 0 drawn.
11/17/2025 11:46 AM // INFO // [S_GRAPH] // Curve value of edge (J1_M2 to J2_M2) set to -25,00
11/17/2025 11:46 AM // INFO // [S_GRAPH] // Edge drawn from (335,0;120,0) to (335,0;150,0)!
11/17/2025 11:46 AM // INFO // [S_GRAPH] // Weight 10 drawn at (347,5;135)!
11/17/2025 11:46 AM // INFO // [S_GRAPH] // Edge from J1_M2 to J2_M2 with cost 0 drawn.
11/17/2025 11:46 AM // INFO // [S_GRAPH] // Curve value of edge (J2_M1 to J3_M1) set to -25,00
11/17/2025 11:46 AM // INFO // [S_GRAPH] // Edge drawn from (135,0;220,0) to (135,0;250,0)!
11/17/2025 11:46 AM // INFO // [S_GRAPH] // Weight 20 drawn at (147,5;235)!
11/17/2025 11:46 AM // INFO // [S_GRAPH] // Edge from J2_M1 to J3_M1 with cost 0 drawn.
11/17/2025 11:46 AM // INFO // [S_GRAPH] // Curve value of edge (J2_M2 to J3_M2) set to -25,00
11/17/2025 11:46 AM // INFO // [S_GRAPH] // Edge drawn from (335,0;220,0) to (335,0;250,0)!
11/17/2025 11:46 AM // INFO // [S_GRAPH] // Weight 20 drawn at (347,5;235)!
11/17/2025 11:46 AM // INFO // [S_GRAPH] // Edge from J2_M2 to J3_M2 with cost 0 drawn.
11/17/2025 11:46 AM // INFO // [S_GRAPH] // Edge drawn from (370,0;85,0) to (700,0;85,0)!
11/17/2025 11:46 AM // INFO // [S_GRAPH] // Weight 10 drawn at (535;85)!
11/17/2025 11:46 AM // INFO // [S_GRAPH] // Edge from J1_M2 to P1 with cost 0 drawn.
11/17/2025 11:46 AM // INFO // [S_GRAPH] // Edge drawn from (370,0;185,0) to (700,0;185,0)!
11/17/2025 11:46 AM // INFO // [S_GRAPH] // Weight 20 drawn at (535;185)!
11/17/2025 11:46 AM // INFO // [S_GRAPH] // Edge from J2_M2 to P2 with cost 0 drawn.
11/17/2025 11:46 AM // INFO // [S_GRAPH] // Edge drawn from (370,0;285,0) to (700,0;285,0)!
11/17/2025 11:46 AM // INFO // [S_GRAPH] // Weight 50 drawn at (535;285)!
11/17/2025 11:46 AM // INFO // [S_GRAPH] // Edge from J3_M2 to P3 with cost 0 drawn.
11/17/2025 11:46 AM // INFO // [S_GRAPH] // Canvas resized to 820x370!
11/17/2025 11:46 AM // INFO // [EXTERN_SOLVER] // Campbell Dudek Smith custom solver selected!
11/17/2025 11:46 AM // INFO // [S_GRAPH] // C:\Users\Phant0m\Desktop\THESIS_LIPX05\Thesis_LIPX05\bin\Debug\net9.0-windows\SolverTemp successfully discovered!
11/17/2025 11:46 AM // INFO // [S_GRAPH] // SGraph saved to C:\Users\Phant0m\Desktop\THESIS_LIPX05\Thesis_LIPX05\bin\Debug\net9.0-windows\SolverTemp\SGraph_172890be-12b1-4c89-b0b9-498a5d3971ad.xml!
11/17/2025 11:46 AM // INFO // [Campbell Dudek Smith] // Deterministic solver selected; skipping numeric parameter gathering...
11/17/2025 11:46 AM // ERROR // [Campbell Dudek Smith] // Solver failed with code 3! Error: Error: No valid jobs found for scheduling.
No valid path found (optimization yielded only infeasible cycles).
11/17/2025 11:47 AM // INFO // [S_GRAPH] // Node J1_M1 at 100;50
11/17/2025 11:47 AM // INFO // [S_GRAPH] // Node J1_M2 at 300;50
11/17/2025 11:47 AM // INFO // [S_GRAPH] // Node P1 at 700;50
11/17/2025 11:47 AM // INFO // [S_GRAPH] // Node J2_M1 at 100;150
11/17/2025 11:47 AM // INFO // [S_GRAPH] // Node J2_M2 at 300;150
11/17/2025 11:47 AM // INFO // [S_GRAPH] // Node P2 at 700;150
11/17/2025 11:47 AM // INFO // [S_GRAPH] // Node J3_M1 at 100;250
11/17/2025 11:47 AM // INFO // [S_GRAPH] // Node J3_M2 at 300;250
11/17/2025 11:47 AM // INFO // [S_GRAPH] // Node P3 at 700;250
11/17/2025 11:47 AM // INFO // [S_GRAPH] // Curve value of edge (J1_M1 to J1_M2) set to 25,00
11/17/2025 11:47 AM // INFO // [S_GRAPH] // Edge drawn from (170,0;85,0) to (300,0;85,0)!
11/17/2025 11:47 AM // INFO // [S_GRAPH] // Weight 10 drawn at (235;97,5)!
11/17/2025 11:47 AM // INFO // [S_GRAPH] // Edge from J1_M1 to J1_M2 with cost 0 drawn.
11/17/2025 11:47 AM // INFO // [S_GRAPH] // Curve value of edge (J2_M1 to J2_M2) set to 25,00
11/17/2025 11:47 AM // INFO // [S_GRAPH] // Edge drawn from (170,0;185,0) to (300,0;185,0)!
11/17/2025 11:47 AM // INFO // [S_GRAPH] // Weight 20 drawn at (235;197,5)!
11/17/2025 11:47 AM // INFO // [S_GRAPH] // Edge from J2_M1 to J2_M2 with cost 0 drawn.
11/17/2025 11:47 AM // INFO // [S_GRAPH] // Curve value of edge (J3_M1 to J3_M2) set to 25,00
11/17/2025 11:47 AM // INFO // [S_GRAPH] // Edge drawn from (170,0;285,0) to (300,0;285,0)!
11/17/2025 11:47 AM // INFO // [S_GRAPH] // Weight 50 drawn at (235;297,5)!
11/17/2025 11:47 AM // INFO // [S_GRAPH] // Edge from J3_M1 to J3_M2 with cost 0 drawn.
11/17/2025 11:47 AM // INFO // [S_GRAPH] // Curve value of edge (J1_M1 to J2_M1) set to -25,00
11/17/2025 11:47 AM // INFO // [S_GRAPH] // Edge drawn from (135,0;120,0) to (135,0;150,0)!
11/17/2025 11:47 AM // INFO // [S_GRAPH] // Weight 10 drawn at (147,5;135)!
11/17/2025 11:47 AM // INFO // [S_GRAPH] // Edge from J1_M1 to J2_M1 with cost 0 drawn.
11/17/2025 11:47 AM // INFO // [S_GRAPH] // Curve value of edge (J1_M2 to J2_M2) set to -25,00
11/17/2025 11:47 AM // INFO // [S_GRAPH] // Edge drawn from (335,0;120,0) to (335,0;150,0)!
11/17/2025 11:47 AM // INFO // [S_GRAPH] // Weight 10 drawn at (347,5;135)!
11/17/2025 11:47 AM // INFO // [S_GRAPH] // Edge from J1_M2 to J2_M2 with cost 0 drawn.
11/17/2025 11:47 AM // INFO // [S_GRAPH] // Curve value of edge (J2_M1 to J3_M1) set to -25,00
11/17/2025 11:47 AM // INFO // [S_GRAPH] // Edge drawn from (135,0;220,0) to (135,0;250,0)!
11/17/2025 11:47 AM // INFO // [S_GRAPH] // Weight 20 drawn at (147,5;235)!
11/17/2025 11:47 AM // INFO // [S_GRAPH] // Edge from J2_M1 to J3_M1 with cost 0 drawn.
11/17/2025 11:47 AM // INFO // [S_GRAPH] // Curve value of edge (J2_M2 to J3_M2) set to -25,00
11/17/2025 11:47 AM // INFO // [S_GRAPH] // Edge drawn from (335,0;220,0) to (335,0;250,0)!
11/17/2025 11:47 AM // INFO // [S_GRAPH] // Weight 20 drawn at (347,5;235)!
11/17/2025 11:47 AM // INFO // [S_GRAPH] // Edge from J2_M2 to J3_M2 with cost 0 drawn.
11/17/2025 11:47 AM // INFO // [S_GRAPH] // Edge drawn from (370,0;85,0) to (700,0;85,0)!
11/17/2025 11:47 AM // INFO // [S_GRAPH] // Weight 10 drawn at (535;85)!
11/17/2025 11:47 AM // INFO // [S_GRAPH] // Edge from J1_M2 to P1 with cost 0 drawn.
11/17/2025 11:47 AM // INFO // [S_GRAPH] // Edge drawn from (370,0;185,0) to (700,0;185,0)!
11/17/2025 11:47 AM // INFO // [S_GRAPH] // Weight 20 drawn at (535;185)!
11/17/2025 11:47 AM // INFO // [S_GRAPH] // Edge from J2_M2 to P2 with cost 0 drawn.
11/17/2025 11:47 AM // INFO // [S_GRAPH] // Edge drawn from (370,0;285,0) to (700,0;285,0)!
11/17/2025 11:47 AM // INFO // [S_GRAPH] // Weight 50 drawn at (535;285)!
11/17/2025 11:47 AM // INFO // [S_GRAPH] // Edge from J3_M2 to P3 with cost 0 drawn.
11/17/2025 11:47 AM // INFO // [S_GRAPH] // Canvas resized to 820x370!
11/17/2025 11:49 AM // INFO // [EXTERN_SOLVER] // Campbell Dudek Smith custom solver selected!
11/17/2025 11:49 AM // INFO // [S_GRAPH] // C:\Users\Phant0m\Desktop\THESIS_LIPX05\Thesis_LIPX05\bin\Debug\net9.0-windows\SolverTemp successfully discovered!
11/17/2025 11:49 AM // INFO // [S_GRAPH] // SGraph saved to C:\Users\Phant0m\Desktop\THESIS_LIPX05\Thesis_LIPX05\bin\Debug\net9.0-windows\SolverTemp\SGraph_12103753-8003-43a1-ab5f-e2e1bcf6751c.xml!
11/17/2025 11:49 AM // INFO // [Campbell Dudek Smith] // Deterministic solver selected; skipping numeric parameter gathering...
11/17/2025 11:49 AM // ERROR // [Campbell Dudek Smith] // Solver failed with code 3! Error: Error: No valid jobs found for scheduling.
No valid path found (optimization yielded only infeasible cycles).
