10/21/2025 10:51 PM // INFO // [INITIALIZATION] // Beginning initialization...
10/21/2025 10:51 PM // INFO // [SAVE] // Custom solvers loaded from JSON file!
10/21/2025 10:51 PM // INFO // [INITIALIZATION] // Johnson's Rule solver added!
10/21/2025 10:51 PM // INFO // [INITIALIZATION] // List Scheduling solver added!
10/21/2025 10:51 PM // INFO // [INITIALIZATION] // {cs.Name} ({cs.TypeID} type) solver added!
10/21/2025 10:51 PM // INFO // [INITIALIZATION] // Solver menu successfully built!
10/21/2025 10:51 PM // INFO // [CONSTRAINT] // Saving and closing are disabled for as long as there are no files opened.
10/21/2025 10:51 PM // INFO // [INITIALIZATION] // Initialization complete!
10/21/2025 10:51 PM // WARNING // [S_GRAPH] // No BatchML file loaded, drawing example S-Graph!
10/21/2025 10:51 PM // INFO // [CLEAR] // SGraphCanvas has been cleared!
10/21/2025 10:51 PM // INFO // [CLEAR] // GanttCanvas has been cleared!
10/21/2025 10:51 PM // INFO // [CLEAR] // RulerCanvas has been cleared!
10/21/2025 10:51 PM // INFO // [CLEAR] // S-Graph nodes cleared!
10/21/2025 10:51 PM // INFO // [CLEAR] // S-Graph edges cleared!
10/21/2025 10:51 PM // INFO // [S_GRAPH] // Node J2_M1 at 100;70
10/21/2025 10:51 PM // INFO // [S_GRAPH] // Node J2_M2 at 400;70
10/21/2025 10:51 PM // INFO // [S_GRAPH] // Node J1_M1 at 100;220
10/21/2025 10:51 PM // INFO // [S_GRAPH] // Node J1_M2 at 400;220
10/21/2025 10:51 PM // INFO // [S_GRAPH] // Node J3_M1 at 100;370
10/21/2025 10:51 PM // INFO // [S_GRAPH] // Node J3_M2 at 400;370
10/21/2025 10:51 PM // INFO // [S_GRAPH] // Node Prod_M1 at 100;520
10/21/2025 10:51 PM // INFO // [S_GRAPH] // Node Prod_M2 at 400;520
10/21/2025 10:51 PM // INFO // [S_GRAPH] // Technological edge J2_M1 to J2_M2 set to fixed curve 50.
10/21/2025 10:51 PM // INFO // [S_GRAPH] // Edge drawn from (170,0;105,0) to (400,0;105,0)!
10/21/2025 10:51 PM // INFO // [S_GRAPH] // Edge from J2_M1 to J2_M2 with cost 0 drawn.
10/21/2025 10:51 PM // INFO // [S_GRAPH] // Technological edge J1_M1 to J1_M2 set to fixed curve 50.
10/21/2025 10:51 PM // INFO // [S_GRAPH] // Edge drawn from (170,0;255,0) to (400,0;255,0)!
10/21/2025 10:51 PM // INFO // [S_GRAPH] // Edge from J1_M1 to J1_M2 with cost 0 drawn.
10/21/2025 10:51 PM // INFO // [S_GRAPH] // Technological edge J3_M1 to J3_M2 set to fixed curve 50.
10/21/2025 10:51 PM // INFO // [S_GRAPH] // Edge drawn from (170,0;405,0) to (400,0;405,0)!
10/21/2025 10:51 PM // INFO // [S_GRAPH] // Edge from J3_M1 to J3_M2 with cost 0 drawn.
10/21/2025 10:51 PM // INFO // [S_GRAPH] // Canvas resized to 520x640!
10/21/2025 10:51 PM // INFO // [S_GRAPH] // Example Flow Shop S-Graph drawn!
10/21/2025 10:51 PM // INFO // [INITIALIZATION] // Johnson's Rule solver enabled!
10/21/2025 10:51 PM // INFO // [INITIALIZATION] // List Scheduling solver enabled!
10/21/2025 10:51 PM // INFO // [INITIALIZATION] // Simulated Annealing solver enabled!
10/21/2025 10:51 PM // INFO // [INITIALIZATION] //  solver enabled!
10/21/2025 10:51 PM // INFO // [CONSTRAINT] // Saving and closing are disabled for as long as there are no files opened.
10/21/2025 10:51 PM // INFO // [INTEG_SOLVER] // List Scheduling solver selected!
10/21/2025 10:51 PM // INFO // [INTEG_SOLVER] // Starting List Scheduling solver...
10/21/2025 10:51 PM // INFO // [List Scheduling] // Starting List scheduling...
10/21/2025 10:51 PM // INFO // [Johnson's Rule Optimizer] // Node J2_M1 added to topological order.
10/21/2025 10:51 PM // INFO // [Johnson's Rule Optimizer] // Decreased in-degree of J2_M2 to 0.
10/21/2025 10:51 PM // INFO // [Johnson's Rule Optimizer] // Node J1_M1 added to topological order.
10/21/2025 10:51 PM // INFO // [Johnson's Rule Optimizer] // Decreased in-degree of J1_M2 to 0.
10/21/2025 10:51 PM // INFO // [Johnson's Rule Optimizer] // Node J3_M1 added to topological order.
10/21/2025 10:51 PM // INFO // [Johnson's Rule Optimizer] // Decreased in-degree of J3_M2 to 0.
10/21/2025 10:51 PM // INFO // [Johnson's Rule Optimizer] // Node Prod_M1 added to topological order.
10/21/2025 10:51 PM // INFO // [Johnson's Rule Optimizer] // Node Prod_M2 added to topological order.
10/21/2025 10:51 PM // INFO // [Johnson's Rule Optimizer] // Node J2_M2 added to topological order.
10/21/2025 10:51 PM // INFO // [Johnson's Rule Optimizer] // Node J1_M2 added to topological order.
10/21/2025 10:51 PM // INFO // [Johnson's Rule Optimizer] // Node J3_M2 added to topological order.
10/21/2025 10:51 PM // INFO // [Johnson's Rule Optimizer] // Topological sort completed successfully.
10/21/2025 10:51 PM // INFO // [List Scheduling] // Graph modified to enforce list scheduling sequence.
10/21/2025 10:51 PM // INFO // [Johnson's Rule Optimizer] // Node J2_M1 added to topological order.
10/21/2025 10:51 PM // INFO // [Johnson's Rule Optimizer] // Decreased in-degree of J2_M2 to 0.
10/21/2025 10:51 PM // INFO // [Johnson's Rule Optimizer] // Decreased in-degree of J1_M1 to 0.
10/21/2025 10:51 PM // INFO // [Johnson's Rule Optimizer] // Node J2_M2 added to topological order.
10/21/2025 10:51 PM // INFO // [Johnson's Rule Optimizer] // Decreased in-degree of J1_M2 to 1.
10/21/2025 10:51 PM // INFO // [Johnson's Rule Optimizer] // Node J1_M1 added to topological order.
10/21/2025 10:51 PM // INFO // [Johnson's Rule Optimizer] // Decreased in-degree of J1_M2 to 0.
10/21/2025 10:51 PM // INFO // [Johnson's Rule Optimizer] // Decreased in-degree of J3_M1 to 0.
10/21/2025 10:51 PM // INFO // [Johnson's Rule Optimizer] // Node J1_M2 added to topological order.
10/21/2025 10:51 PM // INFO // [Johnson's Rule Optimizer] // Decreased in-degree of J3_M2 to 1.
10/21/2025 10:51 PM // INFO // [Johnson's Rule Optimizer] // Node J3_M1 added to topological order.
10/21/2025 10:51 PM // INFO // [Johnson's Rule Optimizer] // Decreased in-degree of J3_M2 to 0.
10/21/2025 10:51 PM // INFO // [Johnson's Rule Optimizer] // Decreased in-degree of Prod_M1 to 0.
10/21/2025 10:51 PM // INFO // [Johnson's Rule Optimizer] // Node J3_M2 added to topological order.
10/21/2025 10:51 PM // INFO // [Johnson's Rule Optimizer] // Decreased in-degree of Prod_M2 to 0.
10/21/2025 10:51 PM // INFO // [Johnson's Rule Optimizer] // Node Prod_M1 added to topological order.
10/21/2025 10:51 PM // INFO // [Johnson's Rule Optimizer] // Node Prod_M2 added to topological order.
10/21/2025 10:51 PM // INFO // [Johnson's Rule Optimizer] // Topological sort completed successfully.
10/21/2025 10:51 PM // WARNING // [List Scheduling] // Node Prod_M1 has non-positive duration (0), skipping...
10/21/2025 10:51 PM // WARNING // [List Scheduling] // Node Prod_M2 has non-positive duration (0), skipping...
10/21/2025 10:51 PM // INFO // [List Scheduling] // List scheduling completed with 6 scheduled nodes.
10/21/2025 10:51 PM // INFO // [S_GRAPH] // Node J2_M1 at 100;70
10/21/2025 10:51 PM // INFO // [S_GRAPH] // Node J2_M2 at 400;70
10/21/2025 10:51 PM // INFO // [S_GRAPH] // Node J1_M1 at 100;220
10/21/2025 10:51 PM // INFO // [S_GRAPH] // Node J1_M2 at 400;220
10/21/2025 10:51 PM // INFO // [S_GRAPH] // Node J3_M1 at 100;370
10/21/2025 10:51 PM // INFO // [S_GRAPH] // Node J3_M2 at 400;370
10/21/2025 10:51 PM // INFO // [S_GRAPH] // Node Prod_M1 at 100;520
10/21/2025 10:51 PM // INFO // [S_GRAPH] // Node Prod_M2 at 400;520
10/21/2025 10:51 PM // INFO // [S_GRAPH] // Technological edge J2_M1 to J2_M2 set to fixed curve 50.
10/21/2025 10:51 PM // INFO // [S_GRAPH] // Edge drawn from (170,0;105,0) to (400,0;105,0)!
10/21/2025 10:51 PM // INFO // [S_GRAPH] // Edge from J2_M1 to J2_M2 with cost 0 drawn.
10/21/2025 10:51 PM // INFO // [S_GRAPH] // Technological edge J1_M1 to J1_M2 set to fixed curve 50.
10/21/2025 10:51 PM // INFO // [S_GRAPH] // Edge drawn from (170,0;255,0) to (400,0;255,0)!
10/21/2025 10:51 PM // INFO // [S_GRAPH] // Edge from J1_M1 to J1_M2 with cost 0 drawn.
10/21/2025 10:51 PM // INFO // [S_GRAPH] // Technological edge J3_M1 to J3_M2 set to fixed curve 50.
10/21/2025 10:51 PM // INFO // [S_GRAPH] // Edge drawn from (170,0;405,0) to (400,0;405,0)!
10/21/2025 10:51 PM // INFO // [S_GRAPH] // Edge from J3_M1 to J3_M2 with cost 0 drawn.
10/21/2025 10:51 PM // INFO // [S_GRAPH] // Edge drawn from (135,0;140,0) to (135,0;220,0)!
10/21/2025 10:51 PM // INFO // [S_GRAPH] // Weight 2 drawn at (135;180)!
10/21/2025 10:51 PM // INFO // [S_GRAPH] // Edge from J2_M1 to J1_M1 with cost 2 drawn.
10/21/2025 10:51 PM // INFO // [S_GRAPH] // Edge drawn from (135,0;290,0) to (135,0;370,0)!
10/21/2025 10:51 PM // INFO // [S_GRAPH] // Weight 3 drawn at (135;330)!
10/21/2025 10:51 PM // INFO // [S_GRAPH] // Edge from J1_M1 to J3_M1 with cost 3 drawn.
10/21/2025 10:51 PM // INFO // [S_GRAPH] // Edge drawn from (435,0;140,0) to (435,0;220,0)!
10/21/2025 10:51 PM // INFO // [S_GRAPH] // Weight 4 drawn at (435;180)!
10/21/2025 10:51 PM // INFO // [S_GRAPH] // Edge from J2_M2 to J1_M2 with cost 4 drawn.
10/21/2025 10:51 PM // INFO // [S_GRAPH] // Edge drawn from (435,0;290,0) to (435,0;370,0)!
10/21/2025 10:51 PM // INFO // [S_GRAPH] // Weight 2 drawn at (435;330)!
10/21/2025 10:51 PM // INFO // [S_GRAPH] // Edge from J1_M2 to J3_M2 with cost 2 drawn.
10/21/2025 10:51 PM // INFO // [S_GRAPH] // Edge drawn from (135,0;440,0) to (135,0;520,0)!
10/21/2025 10:51 PM // INFO // [S_GRAPH] // Edge from J3_M1 to Prod_M1 with cost 0 drawn.
10/21/2025 10:51 PM // INFO // [S_GRAPH] // Edge drawn from (435,0;440,0) to (435,0;520,0)!
10/21/2025 10:51 PM // INFO // [S_GRAPH] // Edge from J3_M2 to Prod_M2 with cost 0 drawn.
10/21/2025 10:51 PM // INFO // [S_GRAPH] // Canvas resized to 520x640!
10/21/2025 10:51 PM // INFO // [S_GRAPH] // S-graph re-rendered with List Scheduling sequence.
10/21/2025 10:51 PM // INFO // [GANTT] // Predecessor J2_M1 EFT: 2 Cost: 2. Required Start: 4
10/21/2025 10:51 PM // INFO // [GANTT] // Predecessor J1_M1 EFT: 7 Cost: 3. Required Start: 10
10/21/2025 10:51 PM // INFO // [GANTT] // Predecessor J2_M1 EFT: 2 Cost: 0. Required Start: 2
10/21/2025 10:51 PM // INFO // [GANTT] // Predecessor J1_M1 EFT: 7 Cost: 0. Required Start: 7
10/21/2025 10:51 PM // INFO // [GANTT] // Predecessor J2_M2 EFT: 6 Cost: 4. Required Start: 10
10/21/2025 10:51 PM // INFO // [GANTT] // Predecessor J3_M1 EFT: 13 Cost: 0. Required Start: 13
10/21/2025 10:51 PM // INFO // [GANTT] // Predecessor J1_M2 EFT: 12 Cost: 2. Required Start: 14
10/21/2025 10:51 PM // INFO // [GANTT] // Gantt chart built with 6 items from path with 6 nodes.
10/21/2025 10:51 PM // INFO // [GANTT] // Gantt data built with 6 items from optimized path using List Scheduling!
10/21/2025 10:51 PM // INFO // [GANTT] // Canvases are ready to be used!
10/21/2025 10:51 PM // INFO // [GANTT] // Ruler drawn: 17 ticks and 9 labels.
10/21/2025 10:51 PM // INFO // [GANTT] // Gantt chart rendered with 6 items on canvas.
10/21/2025 10:51 PM // INFO // [GANTT] // Canvas resized to 260x110 to fit all Gantt items.
10/21/2025 10:51 PM // INFO // [GANTT] // List Scheduling schedule rendered successfully!
10/21/2025 10:51 PM // INFO // [GANTT] // Gantt chart rendered with 6 items on canvas.
10/21/2025 10:51 PM // INFO // [GANTT] // Canvas resized to 260,4491775499673x110 to fit all Gantt items.
10/21/2025 10:51 PM // INFO // [GANTT] // Canvases are ready to be used!
10/21/2025 10:51 PM // INFO // [GANTT] // Ruler drawn: 17 ticks and 9 labels.
10/21/2025 10:51 PM // INFO // [MODIFY] // Zoom level changed to 0,004044489383215369, scale set to 10,028073596872959!
10/21/2025 10:51 PM // INFO // [GANTT] // Gantt chart rendered with 6 items on canvas.
10/21/2025 10:51 PM // INFO // [GANTT] // Canvas resized to 260,89961610288094x110 to fit all Gantt items.
10/21/2025 10:51 PM // INFO // [GANTT] // Canvases are ready to be used!
10/21/2025 10:51 PM // INFO // [GANTT] // Ruler drawn: 17 ticks and 9 labels.
10/21/2025 10:51 PM // INFO // [MODIFY] // Zoom level changed to 0,008088978766430738, scale set to 10,056226006430059!
10/21/2025 10:51 PM // INFO // [GANTT] // Gantt chart rendered with 6 items on canvas.
10/21/2025 10:51 PM // INFO // [GANTT] // Canvas resized to 262,7140512950162x110 to fit all Gantt items.
10/21/2025 10:51 PM // INFO // [GANTT] // Canvases are ready to be used!
10/21/2025 10:51 PM // INFO // [GANTT] // Ruler drawn: 17 ticks and 9 labels.
10/21/2025 10:51 PM // INFO // [MODIFY] // Zoom level changed to 0,024266936299292215, scale set to 10,169628205938512!
10/21/2025 10:51 PM // INFO // [GANTT] // Gantt chart rendered with 6 items on canvas.
10/21/2025 10:51 PM // INFO // [GANTT] // Canvas resized to 274,0385119234203x110 to fit all Gantt items.
10/21/2025 10:51 PM // INFO // [GANTT] // Canvases are ready to be used!
10/21/2025 10:51 PM // INFO // [GANTT] // Ruler drawn: 17 ticks and 9 labels.
10/21/2025 10:51 PM // INFO // [MODIFY] // Zoom level changed to 0,12133468149646108, scale set to 10,877406995213768!
10/21/2025 10:51 PM // INFO // [GANTT] // Gantt chart rendered with 6 items on canvas.
10/21/2025 10:51 PM // INFO // [GANTT] // Canvas resized to 276,9906959775981x110 to fit all Gantt items.
10/21/2025 10:51 PM // INFO // [GANTT] // Canvases are ready to be used!
10/21/2025 10:51 PM // INFO // [GANTT] // Ruler drawn: 17 ticks and 9 labels.
10/21/2025 10:51 PM // INFO // [MODIFY] // Zoom level changed to 0,14560161779575329, scale set to 11,06191849859988!
10/21/2025 10:51 PM // INFO // [GANTT] // Gantt chart rendered with 6 items on canvas.
10/21/2025 10:51 PM // INFO // [GANTT] // Canvas resized to 280,4982623728496x110 to fit all Gantt items.
10/21/2025 10:51 PM // INFO // [GANTT] // Canvases are ready to be used!
10/21/2025 10:51 PM // INFO // [GANTT] // Ruler drawn: 17 ticks and 9 labels.
10/21/2025 10:51 PM // INFO // [MODIFY] // Zoom level changed to 0,17391304347826086, scale set to 11,281141398303099!
10/21/2025 10:51 PM // INFO // [GANTT] // Gantt chart rendered with 6 items on canvas.
10/21/2025 10:51 PM // INFO // [GANTT] // Canvas resized to 284,59210671279374x110 to fit all Gantt items.
10/21/2025 10:51 PM // INFO // [GANTT] // Canvases are ready to be used!
10/21/2025 10:51 PM // INFO // [GANTT] // Ruler drawn: 17 ticks and 9 labels.
10/21/2025 10:51 PM // INFO // [MODIFY] // Zoom level changed to 0,2062689585439838, scale set to 11,537006669549609!
10/21/2025 10:51 PM // INFO // [GANTT] // Gantt chart rendered with 6 items on canvas.
10/21/2025 10:51 PM // INFO // [GANTT] // Canvas resized to 288,77880270271703x110 to fit all Gantt items.
10/21/2025 10:51 PM // INFO // [GANTT] // Canvases are ready to be used!
10/21/2025 10:51 PM // INFO // [GANTT] // Ruler drawn: 17 ticks and 9 labels.
10/21/2025 10:51 PM // INFO // [MODIFY] // Zoom level changed to 0,23862487360970674, scale set to 11,798675168919814!
10/21/2025 10:51 PM // INFO // [GANTT] // Gantt chart rendered with 6 items on canvas.
10/21/2025 10:51 PM // INFO // [GANTT] // Canvas resized to 292,51998345144784x110 to fit all Gantt items.
10/21/2025 10:51 PM // INFO // [GANTT] // Canvases are ready to be used!
10/21/2025 10:51 PM // INFO // [GANTT] // Ruler drawn: 17 ticks and 9 labels.
10/21/2025 10:51 PM // INFO // [MODIFY] // Zoom level changed to 0,26693629929221435, scale set to 12,032498965715492!
10/21/2025 10:51 PM // INFO // [GANTT] // Gantt chart rendered with 6 items on canvas.
10/21/2025 10:51 PM // INFO // [GANTT] // Canvas resized to 298,5493430866287x110 to fit all Gantt items.
10/21/2025 10:51 PM // INFO // [GANTT] // Canvases are ready to be used!
10/21/2025 10:51 PM // INFO // [GANTT] // Ruler drawn: 17 ticks and 9 labels.
10/21/2025 10:51 PM // INFO // [MODIFY] // Zoom level changed to 0,3114256825075834, scale set to 12,409333942914294!
10/21/2025 10:51 PM // INFO // [GANTT] // Gantt chart rendered with 6 items on canvas.
10/21/2025 10:51 PM // INFO // [GANTT] // Canvas resized to 304,76753079543914x110 to fit all Gantt items.
10/21/2025 10:51 PM // INFO // [GANTT] // Canvases are ready to be used!
10/21/2025 10:51 PM // INFO // [GANTT] // Ruler drawn: 17 ticks and 9 labels.
10/21/2025 10:51 PM // INFO // [MODIFY] // Zoom level changed to 0,35591506572295245, scale set to 12,797970674714946!
10/21/2025 10:51 PM // INFO // [GANTT] // Gantt chart rendered with 6 items on canvas.
10/21/2025 10:51 PM // INFO // [GANTT] // Canvas resized to 315,9702013385593x110 to fit all Gantt items.
10/21/2025 10:51 PM // INFO // [GANTT] // Canvases are ready to be used!
10/21/2025 10:51 PM // INFO // [GANTT] // Ruler drawn: 17 ticks and 9 labels.
10/21/2025 10:51 PM // INFO // [MODIFY] // Zoom level changed to 0,4327603640040445, scale set to 13,498137583659958!
10/21/2025 10:51 PM // INFO // [GANTT] // Gantt chart rendered with 6 items on canvas.
10/21/2025 10:51 PM // INFO // [GANTT] // Canvas resized to 322,1104333100934x110 to fit all Gantt items.
10/21/2025 10:51 PM // INFO // [GANTT] // Canvases are ready to be used!
10/21/2025 10:51 PM // INFO // [GANTT] // Ruler drawn: 17 ticks and 9 labels.
10/21/2025 10:51 PM // INFO // [MODIFY] // Zoom level changed to 0,47320525783619816, scale set to 13,881902081880838!
10/21/2025 10:51 PM // INFO // [GANTT] // Gantt chart rendered with 6 items on canvas.
10/21/2025 10:51 PM // INFO // [GANTT] // Canvas resized to 332,2999740653911x110 to fit all Gantt items.
10/21/2025 10:51 PM // INFO // [GANTT] // Canvases are ready to be used!
10/21/2025 10:51 PM // INFO // [GANTT] // Ruler drawn: 17 ticks and 9 labels.
10/21/2025 10:51 PM // INFO // [MODIFY] // Zoom level changed to 0,537917087967644, scale set to 14,518748379086944!
10/21/2025 10:51 PM // INFO // [GANTT] // Gantt chart rendered with 6 items on canvas.
10/21/2025 10:51 PM // INFO // [GANTT] // Canvas resized to 341,59855809971714x110 to fit all Gantt items.
10/21/2025 10:51 PM // INFO // [GANTT] // Canvases are ready to be used!
10/21/2025 10:51 PM // INFO // [GANTT] // Ruler drawn: 17 ticks and 17 labels.
10/21/2025 10:51 PM // INFO // [MODIFY] // Zoom level changed to 0,5945399393326593, scale set to 15,099909881232321!
10/21/2025 10:51 PM // INFO // [GANTT] // Gantt chart rendered with 6 items on canvas.
10/21/2025 10:51 PM // INFO // [GANTT] // Canvas resized to 351,9747525262277x110 to fit all Gantt items.
10/21/2025 10:51 PM // INFO // [GANTT] // Canvases are ready to be used!
10/21/2025 10:51 PM // INFO // [GANTT] // Ruler drawn: 17 ticks and 17 labels.
10/21/2025 10:51 PM // INFO // [MODIFY] // Zoom level changed to 0,6552072800808898, scale set to 15,748422032889229!
10/21/2025 10:51 PM // INFO // [GANTT] // Gantt chart rendered with 6 items on canvas.
10/21/2025 10:51 PM // INFO // [GANTT] // Canvas resized to 368,0046350128618x110 to fit all Gantt items.
10/21/2025 10:51 PM // INFO // [GANTT] // Canvases are ready to be used!
10/21/2025 10:51 PM // INFO // [GANTT] // Ruler drawn: 17 ticks and 17 labels.
10/21/2025 10:51 PM // INFO // [MODIFY] // Zoom level changed to 0,7441860465116279, scale set to 16,750289688303862!
10/21/2025 10:51 PM // INFO // [GANTT] // Gantt chart rendered with 6 items on canvas.
10/21/2025 10:51 PM // INFO // [GANTT] // Canvas resized to 379,5149197677554x110 to fit all Gantt items.
10/21/2025 10:51 PM // INFO // [GANTT] // Canvases are ready to be used!
10/21/2025 10:51 PM // INFO // [GANTT] // Ruler drawn: 17 ticks and 17 labels.
10/21/2025 10:51 PM // INFO // [MODIFY] // Zoom level changed to 0,8048533872598584, scale set to 17,46968248548471!
10/21/2025 10:51 PM // INFO // [GANTT] // Gantt chart rendered with 6 items on canvas.
10/21/2025 10:51 PM // INFO // [GANTT] // Canvas resized to 395,6345903448242x110 to fit all Gantt items.
10/21/2025 10:51 PM // INFO // [GANTT] // Canvases are ready to be used!
10/21/2025 10:51 PM // INFO // [GANTT] // Ruler drawn: 17 ticks and 17 labels.
10/21/2025 10:51 PM // INFO // [MODIFY] // Zoom level changed to 0,8857431749241658, scale set to 18,47716189655151!
10/21/2025 10:51 PM // INFO // [GANTT] // Gantt chart rendered with 6 items on canvas.
10/21/2025 10:51 PM // INFO // [GANTT] // Canvas resized to 411,8085262413894x110 to fit all Gantt items.
10/21/2025 10:51 PM // INFO // [GANTT] // Canvases are ready to be used!
10/21/2025 10:51 PM // INFO // [GANTT] // Ruler drawn: 17 ticks and 17 labels.
10/21/2025 10:51 PM // INFO // [MODIFY] // Zoom level changed to 0,9625884732052582, scale set to 19,48803289008684!
10/21/2025 10:51 PM // INFO // [GANTT] // Gantt chart rendered with 6 items on canvas.
10/21/2025 10:51 PM // INFO // [GANTT] // Canvas resized to 442,99154595822876x110 to fit all Gantt items.
10/21/2025 10:51 PM // INFO // [GANTT] // Canvases are ready to be used!
10/21/2025 10:51 PM // INFO // [GANTT] // Ruler drawn: 17 ticks and 17 labels.
10/21/2025 10:51 PM // INFO // [MODIFY] // Zoom level changed to 1,1001011122345803, scale set to 21,436971622389297!
10/21/2025 10:51 PM // INFO // [GANTT] // Gantt chart rendered with 6 items on canvas.
10/21/2025 10:51 PM // INFO // [GANTT] // Canvas resized to 457,7223746333034x110 to fit all Gantt items.
10/21/2025 10:51 PM // INFO // [GANTT] // Canvases are ready to be used!
10/21/2025 10:51 PM // INFO // [GANTT] // Ruler drawn: 17 ticks and 17 labels.
10/21/2025 10:51 PM // INFO // [MODIFY] // Zoom level changed to 1,1607684529828108, scale set to 22,357648414581462!
10/21/2025 10:51 PM // INFO // [GANTT] // Gantt chart rendered with 6 items on canvas.
10/21/2025 10:51 PM // INFO // [GANTT] // Canvas resized to 473,08586413052217x110 to fit all Gantt items.
10/21/2025 10:51 PM // INFO // [GANTT] // Canvases are ready to be used!
10/21/2025 10:51 PM // INFO // [GANTT] // Ruler drawn: 17 ticks and 17 labels.
10/21/2025 10:51 PM // INFO // [MODIFY] // Zoom level changed to 1,2214357937310414, scale set to 23,317866508157636!
10/21/2025 10:51 PM // INFO // [GANTT] // Gantt chart rendered with 6 items on canvas.
10/21/2025 10:51 PM // INFO // [GANTT] // Canvas resized to 490,20155546086124x110 to fit all Gantt items.
10/21/2025 10:51 PM // INFO // [GANTT] // Canvases are ready to be used!
10/21/2025 10:51 PM // INFO // [GANTT] // Ruler drawn: 17 ticks and 17 labels.
10/21/2025 10:51 PM // INFO // [MODIFY] // Zoom level changed to 1,2861476238624874, scale set to 24,387597216303828!
10/21/2025 10:51 PM // INFO // [GANTT] // Gantt chart rendered with 6 items on canvas.
10/21/2025 10:51 PM // INFO // [GANTT] // Canvas resized to 500,17191897659524x110 to fit all Gantt items.
10/21/2025 10:51 PM // INFO // [GANTT] // Canvases are ready to be used!
10/21/2025 10:51 PM // INFO // [GANTT] // Ruler drawn: 17 ticks and 17 labels.
10/21/2025 10:51 PM // INFO // [MODIFY] // Zoom level changed to 1,3225480283114253, scale set to 25,010744936037202!
10/21/2025 10:51 PM // INFO // [GANTT] // Gantt chart rendered with 6 items on canvas.
10/21/2025 10:51 PM // INFO // [GANTT] // Canvas resized to 518,5302104659685x110 to fit all Gantt items.
10/21/2025 10:51 PM // INFO // [GANTT] // Canvases are ready to be used!
10/21/2025 10:51 PM // INFO // [GANTT] // Ruler drawn: 17 ticks and 17 labels.
10/21/2025 10:51 PM // INFO // [MODIFY] // Zoom level changed to 1,3872598584428713, scale set to 26,15813815412303!
10/21/2025 10:51 PM // INFO // [GANTT] // Gantt chart rendered with 6 items on canvas.
10/21/2025 10:51 PM // INFO // [GANTT] // Canvas resized to 541,4276690717323x110 to fit all Gantt items.
10/21/2025 10:51 PM // INFO // [GANTT] // Canvases are ready to be used!
10/21/2025 10:51 PM // INFO // [GANTT] // Ruler drawn: 17 ticks and 17 labels.
10/21/2025 10:51 PM // INFO // [MODIFY] // Zoom level changed to 1,4641051567239638, scale set to 27,58922931698327!
10/21/2025 10:51 PM // INFO // [GANTT] // Gantt chart rendered with 6 items on canvas.
10/21/2025 10:51 PM // INFO // [GANTT] // Canvas resized to 556,5304009809024x110 to fit all Gantt items.
10/21/2025 10:51 PM // INFO // [GANTT] // Canvases are ready to be used!
10/21/2025 10:51 PM // INFO // [GANTT] // Ruler drawn: 17 ticks and 17 labels.
10/21/2025 10:51 PM // INFO // [MODIFY] // Zoom level changed to 1,5126390293225482, scale set to 28,533150061306397!
10/21/2025 10:51 PM // INFO // [GANTT] // Gantt chart rendered with 6 items on canvas.
10/21/2025 10:51 PM // INFO // [GANTT] // Canvas resized to 578,8146366355988x110 to fit all Gantt items.
10/21/2025 10:51 PM // INFO // [GANTT] // Canvases are ready to be used!
10/21/2025 10:51 PM // INFO // [GANTT] // Ruler drawn: 17 ticks and 17 labels.
10/21/2025 10:51 PM // INFO // [MODIFY] // Zoom level changed to 1,5813953488372094, scale set to 29,925914789724928!
10/21/2025 10:51 PM // INFO // [GANTT] // Gantt chart rendered with 6 items on canvas.
10/21/2025 10:51 PM // INFO // [GANTT] // Canvas resized to 602,1866139996033x110 to fit all Gantt items.
10/21/2025 10:51 PM // INFO // [GANTT] // Canvases are ready to be used!
10/21/2025 10:51 PM // INFO // [GANTT] // Ruler drawn: 17 ticks and 17 labels.
10/21/2025 10:51 PM // INFO // [MODIFY] // Zoom level changed to 1,6501516683518707, scale set to 31,386663374975207!
10/21/2025 10:51 PM // INFO // [GANTT] // Gantt chart rendered with 6 items on canvas.
10/21/2025 10:51 PM // INFO // [GANTT] // Canvas resized to 623,754565341019x110 to fit all Gantt items.
10/21/2025 10:51 PM // INFO // [GANTT] // Canvases are ready to be used!
10/21/2025 10:51 PM // INFO // [GANTT] // Ruler drawn: 17 ticks and 17 labels.
10/21/2025 10:51 PM // INFO // [MODIFY] // Zoom level changed to 1,7108190091001012, scale set to 32,734660333813686!
10/21/2025 10:51 PM // INFO // [GANTT] // Gantt chart rendered with 6 items on canvas.
10/21/2025 10:51 PM // INFO // [GANTT] // Canvas resized to 650,8622970283589x110 to fit all Gantt items.
10/21/2025 10:51 PM // INFO // [GANTT] // Canvases are ready to be used!
10/21/2025 10:51 PM // INFO // [GANTT] // Ruler drawn: 17 ticks and 17 labels.
10/21/2025 10:51 PM // INFO // [MODIFY] // Zoom level changed to 1,7836198179979779, scale set to 34,42889356427243!
10/21/2025 10:51 PM // INFO // [GANTT] // Gantt chart rendered with 6 items on canvas.
10/21/2025 10:51 PM // INFO // [GANTT] // Canvas resized to 682,6306146866884x110 to fit all Gantt items.
10/21/2025 10:51 PM // INFO // [GANTT] // Canvases are ready to be used!
10/21/2025 10:51 PM // INFO // [GANTT] // Ruler drawn: 17 ticks and 17 labels.
10/21/2025 10:51 PM // INFO // [MODIFY] // Zoom level changed to 1,8645096056622852, scale set to 36,41441341791803!
10/21/2025 10:51 PM // INFO // [GANTT] // Gantt chart rendered with 6 items on canvas.
10/21/2025 10:51 PM // INFO // [GANTT] // Canvas resized to 702,5643764152902x110 to fit all Gantt items.
10/21/2025 10:51 PM // INFO // [GANTT] // Canvases are ready to be used!
10/21/2025 10:51 PM // INFO // [GANTT] // Ruler drawn: 17 ticks and 17 labels.
10/21/2025 10:51 PM // INFO // [MODIFY] // Zoom level changed to 1,9130434782608696, scale set to 37,66027352595564!
10/21/2025 10:51 PM // INFO // [GANTT] // Gantt chart rendered with 6 items on canvas.
10/21/2025 10:51 PM // INFO // [GANTT] // Canvas resized to 740x110 to fit all Gantt items.
10/21/2025 10:51 PM // INFO // [GANTT] // Canvases are ready to be used!
10/21/2025 10:51 PM // INFO // [GANTT] // Ruler drawn: 17 ticks and 17 labels.
10/21/2025 10:51 PM // INFO // [MODIFY] // Zoom level changed to 2, scale set to 40!
