11/1/2025 12:48 AM // INFO // [INITIALIZATION] // Beginning initialization...
11/1/2025 12:48 AM // INFO // [SAVE] // Custom solvers loaded from JSON file!
11/1/2025 12:48 AM // INFO // [INITIALIZATION] // Johnson's Rule solver added!
11/1/2025 12:48 AM // INFO // [INITIALIZATION] // List Scheduling solver added!
11/1/2025 12:48 AM // INFO // [INITIALIZATION] // {cs.Name} ({cs.TypeID} type) solver added!
11/1/2025 12:48 AM // INFO // [INITIALIZATION] // {cs.Name} ({cs.TypeID} type) solver added!
11/1/2025 12:48 AM // INFO // [INITIALIZATION] // {cs.Name} ({cs.TypeID} type) solver added!
11/1/2025 12:48 AM // INFO // [INITIALIZATION] // Solver menu successfully built!
11/1/2025 12:48 AM // INFO // [CONSTRAINT] // Saving and closing are disabled for as long as there are no files opened.
11/1/2025 12:48 AM // INFO // [INITIALIZATION] // Initialization complete!
11/1/2025 12:48 AM // WARNING // [S_GRAPH] // No BatchML file loaded, drawing example S-Graph!
11/1/2025 12:48 AM // INFO // [S_GRAPH] // Node J1_M1 at 100;50
11/1/2025 12:48 AM // INFO // [S_GRAPH] // Node J1_M2 at 200;50
11/1/2025 12:48 AM // INFO // [S_GRAPH] // Node P1 at 300;50
11/1/2025 12:48 AM // INFO // [S_GRAPH] // Node J2_M1 at 100;150
11/1/2025 12:48 AM // INFO // [S_GRAPH] // Node J2_M2 at 200;150
11/1/2025 12:48 AM // INFO // [S_GRAPH] // Node P2 at 300;150
11/1/2025 12:48 AM // INFO // [S_GRAPH] // Node J3_M1 at 100;250
11/1/2025 12:48 AM // INFO // [S_GRAPH] // Node J3_M2 at 200;250
11/1/2025 12:48 AM // INFO // [S_GRAPH] // Node P3 at 300;250
11/1/2025 12:48 AM // INFO // [S_GRAPH] // Technological edge J1_M1 to J1_M2 set to fixed curve 50.
11/1/2025 12:48 AM // INFO // [S_GRAPH] // Edge drawn from (170,0;85,0) to (200,0;85,0)!
11/1/2025 12:48 AM // INFO // [S_GRAPH] // Weight 10 drawn at (185;110)!
11/1/2025 12:48 AM // INFO // [S_GRAPH] // Edge from J1_M1 to J1_M2 with cost 10 drawn.
11/1/2025 12:48 AM // INFO // [S_GRAPH] // Edge drawn from (270,0;85,0) to (300,0;85,0)!
11/1/2025 12:48 AM // INFO // [S_GRAPH] // Weight 30 drawn at (285;60)!
11/1/2025 12:48 AM // INFO // [S_GRAPH] // Edge from J1_M2 to P1 with cost 30 drawn.
11/1/2025 12:48 AM // INFO // [S_GRAPH] // Technological edge J2_M1 to J2_M2 set to fixed curve 50.
11/1/2025 12:48 AM // INFO // [S_GRAPH] // Edge drawn from (170,0;185,0) to (200,0;185,0)!
11/1/2025 12:48 AM // INFO // [S_GRAPH] // Weight 20 drawn at (185;210)!
11/1/2025 12:48 AM // INFO // [S_GRAPH] // Edge from J2_M1 to J2_M2 with cost 20 drawn.
11/1/2025 12:48 AM // INFO // [S_GRAPH] // Edge drawn from (270,0;185,0) to (300,0;185,0)!
11/1/2025 12:48 AM // INFO // [S_GRAPH] // Weight 40 drawn at (285;160)!
11/1/2025 12:48 AM // INFO // [S_GRAPH] // Edge from J2_M2 to P2 with cost 40 drawn.
11/1/2025 12:48 AM // INFO // [S_GRAPH] // Technological edge J3_M1 to J3_M2 set to fixed curve 50.
11/1/2025 12:48 AM // INFO // [S_GRAPH] // Edge drawn from (170,0;285,0) to (200,0;285,0)!
11/1/2025 12:48 AM // INFO // [S_GRAPH] // Weight 50 drawn at (185;310)!
11/1/2025 12:48 AM // INFO // [S_GRAPH] // Edge from J3_M1 to J3_M2 with cost 50 drawn.
11/1/2025 12:48 AM // INFO // [S_GRAPH] // Edge drawn from (270,0;285,0) to (300,0;285,0)!
11/1/2025 12:48 AM // INFO // [S_GRAPH] // Weight 10 drawn at (285;260)!
11/1/2025 12:48 AM // INFO // [S_GRAPH] // Edge from J3_M2 to P3 with cost 10 drawn.
11/1/2025 12:48 AM // INFO // [S_GRAPH] // Canvas resized to 420x370!
11/1/2025 12:48 AM // INFO // [INITIALIZATION] // Johnson's Rule solver enabled!
11/1/2025 12:48 AM // INFO // [INITIALIZATION] // List Scheduling solver enabled!
11/1/2025 12:48 AM // INFO // [INITIALIZATION] // Branch And Bound solver enabled!
11/1/2025 12:48 AM // INFO // [INITIALIZATION] // Campbell Dudek Smith solver enabled!
11/1/2025 12:48 AM // INFO // [INITIALIZATION] // Simulated Annealing solver enabled!
11/1/2025 12:48 AM // INFO // [INITIALIZATION] //  solver enabled!
11/1/2025 12:48 AM // INFO // [CONSTRAINT] // Saving and closing are disabled for as long as there are no files opened.
11/1/2025 12:48 AM // INFO // [INTEG_SOLVER] // Johnson's Rule solver selected!
11/1/2025 12:48 AM // INFO // [INTEG_SOLVER] // Starting Johnson's Rule solver...
11/1/2025 12:48 AM // INFO // [Johnson's Rule Optimizer] // Optimized job sequence: J1 -> J2 -> J3
11/1/2025 12:48 AM // INFO // [Johnson's Rule Optimizer] // Cleared all existing S-Graph edges for sequence rebuild.
11/1/2025 12:48 AM // INFO // [Johnson's Rule Optimizer] // Graph rebuilt with necessary technological constraints (cost=duration) and zero-cost sequential constraints.
11/1/2025 12:48 AM // INFO // [Johnson's Rule Optimizer] // Node J1_M1 added to topological order.
11/1/2025 12:48 AM // INFO // [Johnson's Rule Optimizer] // Decreased in-degree of J1_M2 to 0.
11/1/2025 12:48 AM // INFO // [Johnson's Rule Optimizer] // Decreased in-degree of J2_M1 to 0.
11/1/2025 12:48 AM // INFO // [Johnson's Rule Optimizer] // Node J1_M2 added to topological order.
11/1/2025 12:48 AM // INFO // [Johnson's Rule Optimizer] // Decreased in-degree of J2_M2 to 1.
11/1/2025 12:48 AM // INFO // [Johnson's Rule Optimizer] // Decreased in-degree of P1 to 0.
11/1/2025 12:48 AM // INFO // [Johnson's Rule Optimizer] // Node J2_M1 added to topological order.
11/1/2025 12:48 AM // INFO // [Johnson's Rule Optimizer] // Decreased in-degree of J2_M2 to 0.
11/1/2025 12:48 AM // INFO // [Johnson's Rule Optimizer] // Decreased in-degree of J3_M1 to 0.
11/1/2025 12:48 AM // INFO // [Johnson's Rule Optimizer] // Node P1 added to topological order.
11/1/2025 12:48 AM // INFO // [Johnson's Rule Optimizer] // Node J2_M2 added to topological order.
11/1/2025 12:48 AM // INFO // [Johnson's Rule Optimizer] // Decreased in-degree of J3_M2 to 1.
11/1/2025 12:48 AM // INFO // [Johnson's Rule Optimizer] // Decreased in-degree of P2 to 0.
11/1/2025 12:48 AM // INFO // [Johnson's Rule Optimizer] // Node J3_M1 added to topological order.
11/1/2025 12:48 AM // INFO // [Johnson's Rule Optimizer] // Decreased in-degree of J3_M2 to 0.
11/1/2025 12:48 AM // INFO // [Johnson's Rule Optimizer] // Node P2 added to topological order.
11/1/2025 12:48 AM // INFO // [Johnson's Rule Optimizer] // Node J3_M2 added to topological order.
11/1/2025 12:48 AM // INFO // [Johnson's Rule Optimizer] // Decreased in-degree of P3 to 0.
11/1/2025 12:48 AM // INFO // [Johnson's Rule Optimizer] // Node P3 added to topological order.
11/1/2025 12:48 AM // INFO // [Johnson's Rule Optimizer] // Topological sort completed successfully.
11/1/2025 12:48 AM // INFO // [GANTT] // Node J1_M1 EST is 0 (no predecessors).
11/1/2025 12:48 AM // INFO // [GANTT] // Node J1_M2 EST is determined by J1_M1 (EST: 10,00).
11/1/2025 12:48 AM // INFO // [GANTT] // Node J2_M1 EST is determined by J1_M1 (EST: 10,00).
11/1/2025 12:48 AM // INFO // [GANTT] // Node J2_M2 EST is determined by J1_M2 (EST: 40,00).
11/1/2025 12:48 AM // INFO // [GANTT] // Node J3_M1 EST is determined by J2_M1 (EST: 30,00).
11/1/2025 12:48 AM // INFO // [GANTT] // Node J3_M2 EST is determined by J3_M1 (EST: 80,00).
11/1/2025 12:48 AM // INFO // [GANTT] // Gantt chart built with 6 items from path with 9 nodes.
11/1/2025 12:48 AM // INFO // [GANTT] // Gantt data built with 6 items from optimized path using Johnson's Rule!
11/1/2025 12:48 AM // INFO // [GANTT] // Canvases are ready to be used!
11/1/2025 12:48 AM // INFO // [GANTT] // Ruler drawn: 91 ticks and 46 labels.
11/1/2025 12:48 AM // INFO // [GANTT] // Gantt chart rendered with 6 items on canvas.
11/1/2025 12:48 AM // INFO // [GANTT] // Canvas resized to 1000x110 to fit all Gantt items.
11/1/2025 12:48 AM // INFO // [GANTT] // Johnson's Rule schedule rendered successfully!
11/1/2025 12:48 AM // INFO // [S_GRAPH] // Node J1_M1 at 100;50
11/1/2025 12:48 AM // INFO // [S_GRAPH] // Node J1_M2 at 200;50
11/1/2025 12:48 AM // INFO // [S_GRAPH] // Node P1 at 300;50
11/1/2025 12:48 AM // INFO // [S_GRAPH] // Node J2_M1 at 100;150
11/1/2025 12:48 AM // INFO // [S_GRAPH] // Node J2_M2 at 200;150
11/1/2025 12:48 AM // INFO // [S_GRAPH] // Node P2 at 300;150
11/1/2025 12:48 AM // INFO // [S_GRAPH] // Node J3_M1 at 100;250
11/1/2025 12:48 AM // INFO // [S_GRAPH] // Node J3_M2 at 200;250
11/1/2025 12:48 AM // INFO // [S_GRAPH] // Node P3 at 300;250
11/1/2025 12:48 AM // INFO // [S_GRAPH] // Technological edge J1_M1 to J1_M2 set to fixed curve 50.
11/1/2025 12:48 AM // INFO // [S_GRAPH] // Edge drawn from (170,0;85,0) to (200,0;85,0)!
11/1/2025 12:48 AM // INFO // [S_GRAPH] // Weight 10 drawn at (185;110)!
11/1/2025 12:48 AM // INFO // [S_GRAPH] // Edge from J1_M1 to J1_M2 with cost 0 drawn.
11/1/2025 12:48 AM // INFO // [S_GRAPH] // Technological edge J2_M1 to J2_M2 set to fixed curve 50.
11/1/2025 12:48 AM // INFO // [S_GRAPH] // Edge drawn from (170,0;185,0) to (200,0;185,0)!
11/1/2025 12:48 AM // INFO // [S_GRAPH] // Weight 20 drawn at (185;210)!
11/1/2025 12:48 AM // INFO // [S_GRAPH] // Edge from J2_M1 to J2_M2 with cost 0 drawn.
11/1/2025 12:48 AM // INFO // [S_GRAPH] // Technological edge J3_M1 to J3_M2 set to fixed curve 50.
11/1/2025 12:48 AM // INFO // [S_GRAPH] // Edge drawn from (170,0;285,0) to (200,0;285,0)!
11/1/2025 12:48 AM // INFO // [S_GRAPH] // Weight 50 drawn at (185;310)!
11/1/2025 12:48 AM // INFO // [S_GRAPH] // Edge from J3_M1 to J3_M2 with cost 0 drawn.
11/1/2025 12:48 AM // INFO // [S_GRAPH] // Edge drawn from (135,0;120,0) to (135,0;150,0)!
11/1/2025 12:48 AM // INFO // [S_GRAPH] // Weight 10 drawn at (160;135)!
11/1/2025 12:48 AM // INFO // [S_GRAPH] // Edge from J1_M1 to J2_M1 with cost 0 drawn.
11/1/2025 12:48 AM // INFO // [S_GRAPH] // Edge drawn from (235,0;120,0) to (235,0;150,0)!
11/1/2025 12:48 AM // INFO // [S_GRAPH] // Weight 30 drawn at (260;135)!
11/1/2025 12:48 AM // INFO // [S_GRAPH] // Edge from J1_M2 to J2_M2 with cost 0 drawn.
11/1/2025 12:48 AM // INFO // [S_GRAPH] // Edge drawn from (135,0;220,0) to (135,0;250,0)!
11/1/2025 12:48 AM // INFO // [S_GRAPH] // Weight 20 drawn at (160;235)!
11/1/2025 12:48 AM // INFO // [S_GRAPH] // Edge from J2_M1 to J3_M1 with cost 0 drawn.
11/1/2025 12:48 AM // INFO // [S_GRAPH] // Edge drawn from (235,0;220,0) to (235,0;250,0)!
11/1/2025 12:48 AM // INFO // [S_GRAPH] // Weight 40 drawn at (260;235)!
11/1/2025 12:48 AM // INFO // [S_GRAPH] // Edge from J2_M2 to J3_M2 with cost 0 drawn.
11/1/2025 12:48 AM // INFO // [S_GRAPH] // Edge drawn from (270,0;85,0) to (300,0;85,0)!
11/1/2025 12:48 AM // INFO // [S_GRAPH] // Weight 30 drawn at (285;60)!
11/1/2025 12:48 AM // INFO // [S_GRAPH] // Edge from J1_M2 to P1 with cost 0 drawn.
11/1/2025 12:48 AM // INFO // [S_GRAPH] // Edge drawn from (270,0;185,0) to (300,0;185,0)!
11/1/2025 12:48 AM // INFO // [S_GRAPH] // Weight 40 drawn at (285;160)!
11/1/2025 12:48 AM // INFO // [S_GRAPH] // Edge from J2_M2 to P2 with cost 0 drawn.
11/1/2025 12:48 AM // INFO // [S_GRAPH] // Edge drawn from (270,0;285,0) to (300,0;285,0)!
11/1/2025 12:48 AM // INFO // [S_GRAPH] // Weight 10 drawn at (285;260)!
11/1/2025 12:48 AM // INFO // [S_GRAPH] // Edge from J3_M2 to P3 with cost 0 drawn.
11/1/2025 12:48 AM // INFO // [S_GRAPH] // Canvas resized to 420x370!
