11/17/2025 1:18 PM // INFO // [INITIALIZATION] // Beginning initialization...
11/17/2025 1:18 PM // INFO // [SAVE] // Custom solvers loaded from JSON file!
11/17/2025 1:18 PM // INFO // [INITIALIZATION] // Johnson's Rule solver added!
11/17/2025 1:18 PM // INFO // [INITIALIZATION] // List Scheduling solver added!
11/17/2025 1:18 PM // INFO // [INITIALIZATION] // {cs.Name} ({cs.TypeID} type) solver added!
11/17/2025 1:18 PM // INFO // [INITIALIZATION] // {cs.Name} ({cs.TypeID} type) solver added!
11/17/2025 1:18 PM // INFO // [INITIALIZATION] // {cs.Name} ({cs.TypeID} type) solver added!
11/17/2025 1:18 PM // INFO // [INITIALIZATION] // Solver menu successfully built!
11/17/2025 1:18 PM // INFO // [CONSTRAINT] // Saving and closing are disabled for as long as there are no files opened.
11/17/2025 1:18 PM // INFO // [INITIALIZATION] // Initialization complete!
11/17/2025 1:18 PM // WARNING // [S_GRAPH] // No BatchML file loaded, drawing example S-Graph!
11/17/2025 1:18 PM // INFO // [S_GRAPH] // Node J1_M1 at 100;50
11/17/2025 1:18 PM // INFO // [S_GRAPH] // Node J1_M2 at 400;50
11/17/2025 1:18 PM // INFO // [S_GRAPH] // Node P1 at 700;50
11/17/2025 1:18 PM // INFO // [S_GRAPH] // Node J2_M1 at 100;200
11/17/2025 1:18 PM // INFO // [S_GRAPH] // Node J2_M2 at 400;200
11/17/2025 1:18 PM // INFO // [S_GRAPH] // Node P2 at 700;200
11/17/2025 1:18 PM // INFO // [S_GRAPH] // Node J3_M1 at 100;350
11/17/2025 1:18 PM // INFO // [S_GRAPH] // Node J3_M2 at 400;350
11/17/2025 1:18 PM // INFO // [S_GRAPH] // Node P3 at 700;350
11/17/2025 1:18 PM // INFO // [S_GRAPH] // Curve value of edge (J1_M1 to J1_M2) set to 25,00
11/17/2025 1:18 PM // INFO // [S_GRAPH] // Edge drawn from (170,0;85,0) to (400,0;85,0)!
11/17/2025 1:18 PM // INFO // [S_GRAPH] // Weight 10 drawn at (285;97,5)!
11/17/2025 1:18 PM // INFO // [S_GRAPH] // Edge from J1_M1 to J1_M2 with cost 0 drawn.
11/17/2025 1:18 PM // INFO // [S_GRAPH] // Edge drawn from (470,0;85,0) to (700,0;85,0)!
11/17/2025 1:18 PM // INFO // [S_GRAPH] // Weight 30 drawn at (585;85)!
11/17/2025 1:18 PM // INFO // [S_GRAPH] // Edge from J1_M2 to P1 with cost 0 drawn.
11/17/2025 1:18 PM // INFO // [S_GRAPH] // Curve value of edge (J2_M1 to J2_M2) set to 25,00
11/17/2025 1:18 PM // INFO // [S_GRAPH] // Edge drawn from (170,0;235,0) to (400,0;235,0)!
11/17/2025 1:18 PM // INFO // [S_GRAPH] // Weight 20 drawn at (285;247,5)!
11/17/2025 1:18 PM // INFO // [S_GRAPH] // Edge from J2_M1 to J2_M2 with cost 0 drawn.
11/17/2025 1:18 PM // INFO // [S_GRAPH] // Edge drawn from (470,0;235,0) to (700,0;235,0)!
11/17/2025 1:18 PM // INFO // [S_GRAPH] // Weight 40 drawn at (585;235)!
11/17/2025 1:18 PM // INFO // [S_GRAPH] // Edge from J2_M2 to P2 with cost 0 drawn.
11/17/2025 1:18 PM // INFO // [S_GRAPH] // Curve value of edge (J3_M1 to J3_M2) set to 25,00
11/17/2025 1:18 PM // INFO // [S_GRAPH] // Edge drawn from (170,0;385,0) to (400,0;385,0)!
11/17/2025 1:18 PM // INFO // [S_GRAPH] // Weight 50 drawn at (285;397,5)!
11/17/2025 1:18 PM // INFO // [S_GRAPH] // Edge from J3_M1 to J3_M2 with cost 0 drawn.
11/17/2025 1:18 PM // INFO // [S_GRAPH] // Edge drawn from (470,0;385,0) to (700,0;385,0)!
11/17/2025 1:18 PM // INFO // [S_GRAPH] // Weight 10 drawn at (585;385)!
11/17/2025 1:18 PM // INFO // [S_GRAPH] // Edge from J3_M2 to P3 with cost 0 drawn.
11/17/2025 1:18 PM // INFO // [S_GRAPH] // Canvas resized to 820x470!
11/17/2025 1:18 PM // INFO // [INITIALIZATION] // Johnson's Rule solver enabled!
11/17/2025 1:18 PM // INFO // [INITIALIZATION] // List Scheduling solver enabled!
11/17/2025 1:18 PM // INFO // [INITIALIZATION] // Branch And Bound solver enabled!
11/17/2025 1:18 PM // INFO // [INITIALIZATION] // Campbell Dudek Smith solver enabled!
11/17/2025 1:18 PM // INFO // [INITIALIZATION] // Simulated Annealing solver enabled!
11/17/2025 1:18 PM // INFO // [INITIALIZATION] //  solver enabled!
11/17/2025 1:18 PM // INFO // [CONSTRAINT] // Saving and closing are disabled for as long as there are no files opened.
11/17/2025 1:18 PM // INFO // [EXTERN_SOLVER] // Campbell Dudek Smith custom solver selected!
11/17/2025 1:18 PM // INFO // [S_GRAPH] // C:\Users\Phant0m\Desktop\THESIS_LIPX05\Thesis_LIPX05\bin\Debug\net9.0-windows\SolverTemp successfully discovered!
11/17/2025 1:18 PM // INFO // [S_GRAPH] // SGraph saved to C:\Users\Phant0m\Desktop\THESIS_LIPX05\Thesis_LIPX05\bin\Debug\net9.0-windows\SolverTemp\SGraph_63f6fa91-206c-4909-a7b9-7e591ed0b055.xml!
11/17/2025 1:18 PM // INFO // [Campbell Dudek Smith] // Deterministic solver selected; skipping numeric parameter gathering...
11/17/2025 1:18 PM // INFO // [LOAD] // Loading solution from C:\Users\Phant0m\Desktop\THESIS_LIPX05\Thesis_LIPX05\bin\Debug\net9.0-windows\SolverTemp\CampbellDudekSmith_Solution.txt...
11/17/2025 1:18 PM // INFO // [LOAD] // Node J1_M1 added to solution path from file.
11/17/2025 1:18 PM // INFO // [LOAD] // Node J1_M2 added to solution path from file.
11/17/2025 1:18 PM // INFO // [LOAD] // Node J2_M1 added to solution path from file.
11/17/2025 1:18 PM // INFO // [LOAD] // Node J2_M2 added to solution path from file.
11/17/2025 1:18 PM // INFO // [LOAD] // Node J3_M1 added to solution path from file.
11/17/2025 1:18 PM // INFO // [LOAD] // Node J3_M2 added to solution path from file.
11/17/2025 1:18 PM // INFO // [LOAD] // Total of 6 nodes loaded from solution file.
11/17/2025 1:18 PM // INFO // [S_GRAPH] // Node J1_M1 at 100;50
11/17/2025 1:18 PM // INFO // [S_GRAPH] // Node J1_M2 at 400;50
11/17/2025 1:18 PM // INFO // [S_GRAPH] // Node P1 at 700;50
11/17/2025 1:18 PM // INFO // [S_GRAPH] // Node J2_M1 at 100;200
11/17/2025 1:18 PM // INFO // [S_GRAPH] // Node J2_M2 at 400;200
11/17/2025 1:18 PM // INFO // [S_GRAPH] // Node P2 at 700;200
11/17/2025 1:18 PM // INFO // [S_GRAPH] // Node J3_M1 at 100;350
11/17/2025 1:18 PM // INFO // [S_GRAPH] // Node J3_M2 at 400;350
11/17/2025 1:18 PM // INFO // [S_GRAPH] // Node P3 at 700;350
11/17/2025 1:18 PM // INFO // [S_GRAPH] // Curve value of edge (J1_M1 to J1_M2) set to 25,00
11/17/2025 1:18 PM // INFO // [S_GRAPH] // Edge drawn from (170,0;85,0) to (400,0;85,0)!
11/17/2025 1:18 PM // INFO // [S_GRAPH] // Weight 10 drawn at (285;97,5)!
11/17/2025 1:18 PM // INFO // [S_GRAPH] // Edge from J1_M1 to J1_M2 with cost 0 drawn.
11/17/2025 1:18 PM // INFO // [S_GRAPH] // Curve value of edge (J2_M1 to J2_M2) set to 25,00
11/17/2025 1:18 PM // INFO // [S_GRAPH] // Edge drawn from (170,0;235,0) to (400,0;235,0)!
11/17/2025 1:18 PM // INFO // [S_GRAPH] // Weight 20 drawn at (285;247,5)!
11/17/2025 1:18 PM // INFO // [S_GRAPH] // Edge from J2_M1 to J2_M2 with cost 0 drawn.
11/17/2025 1:18 PM // INFO // [S_GRAPH] // Curve value of edge (J3_M1 to J3_M2) set to 25,00
11/17/2025 1:18 PM // INFO // [S_GRAPH] // Edge drawn from (170,0;385,0) to (400,0;385,0)!
11/17/2025 1:18 PM // INFO // [S_GRAPH] // Weight 50 drawn at (285;397,5)!
11/17/2025 1:18 PM // INFO // [S_GRAPH] // Edge from J3_M1 to J3_M2 with cost 0 drawn.
11/17/2025 1:18 PM // INFO // [S_GRAPH] // Curve value of edge (J1_M1 to J2_M1) set to -25,00
11/17/2025 1:18 PM // INFO // [S_GRAPH] // Edge drawn from (135,0;120,0) to (135,0;200,0)!
11/17/2025 1:18 PM // INFO // [S_GRAPH] // Weight 10 drawn at (147,5;160)!
11/17/2025 1:18 PM // INFO // [S_GRAPH] // Edge from J1_M1 to J2_M1 with cost 0 drawn.
11/17/2025 1:18 PM // INFO // [S_GRAPH] // Curve value of edge (J1_M2 to J2_M2) set to -25,00
11/17/2025 1:18 PM // INFO // [S_GRAPH] // Edge drawn from (435,0;120,0) to (435,0;200,0)!
11/17/2025 1:18 PM // INFO // [S_GRAPH] // Weight 30 drawn at (447,5;160)!
11/17/2025 1:18 PM // INFO // [S_GRAPH] // Edge from J1_M2 to J2_M2 with cost 0 drawn.
11/17/2025 1:18 PM // INFO // [S_GRAPH] // Curve value of edge (J2_M1 to J3_M1) set to -25,00
11/17/2025 1:18 PM // INFO // [S_GRAPH] // Edge drawn from (135,0;270,0) to (135,0;350,0)!
11/17/2025 1:18 PM // INFO // [S_GRAPH] // Weight 20 drawn at (147,5;310)!
11/17/2025 1:18 PM // INFO // [S_GRAPH] // Edge from J2_M1 to J3_M1 with cost 0 drawn.
11/17/2025 1:18 PM // INFO // [S_GRAPH] // Curve value of edge (J2_M2 to J3_M2) set to -25,00
11/17/2025 1:18 PM // INFO // [S_GRAPH] // Edge drawn from (435,0;270,0) to (435,0;350,0)!
11/17/2025 1:18 PM // INFO // [S_GRAPH] // Weight 40 drawn at (447,5;310)!
11/17/2025 1:18 PM // INFO // [S_GRAPH] // Edge from J2_M2 to J3_M2 with cost 0 drawn.
11/17/2025 1:18 PM // INFO // [S_GRAPH] // Edge drawn from (470,0;85,0) to (700,0;85,0)!
11/17/2025 1:18 PM // INFO // [S_GRAPH] // Weight 30 drawn at (585;85)!
11/17/2025 1:18 PM // INFO // [S_GRAPH] // Edge from J1_M2 to P1 with cost 0 drawn.
11/17/2025 1:18 PM // INFO // [S_GRAPH] // Edge drawn from (470,0;235,0) to (700,0;235,0)!
11/17/2025 1:18 PM // INFO // [S_GRAPH] // Weight 40 drawn at (585;235)!
11/17/2025 1:18 PM // INFO // [S_GRAPH] // Edge from J2_M2 to P2 with cost 0 drawn.
11/17/2025 1:18 PM // INFO // [S_GRAPH] // Edge drawn from (470,0;385,0) to (700,0;385,0)!
11/17/2025 1:18 PM // INFO // [S_GRAPH] // Weight 10 drawn at (585;385)!
11/17/2025 1:18 PM // INFO // [S_GRAPH] // Edge from J3_M2 to P3 with cost 0 drawn.
11/17/2025 1:18 PM // INFO // [S_GRAPH] // Canvas resized to 820x470!
11/17/2025 1:18 PM // INFO // [GANTT] // Node J1_M1 EST is 0 (no predecessors).
11/17/2025 1:18 PM // INFO // [GANTT] // Node J1_M2 EST is determined by J1_M1 (EST: 10,00).
11/17/2025 1:18 PM // INFO // [GANTT] // Node J2_M1 EST is determined by J1_M1 (EST: 10,00).
11/17/2025 1:18 PM // INFO // [GANTT] // Node J2_M2 EST is determined by J1_M2 (EST: 40,00).
11/17/2025 1:18 PM // INFO // [GANTT] // Node J3_M1 EST is determined by J2_M1 (EST: 30,00).
11/17/2025 1:18 PM // INFO // [GANTT] // Node J3_M2 EST is determined by J3_M1 (EST: 80,00).
11/17/2025 1:18 PM // INFO // [GANTT] // Gantt chart built with 6 items from path with 6 nodes.
11/17/2025 1:18 PM // INFO // [GANTT] // Gantt data built with 6 items from optimized path using Campbell Dudek Smith!
11/17/2025 1:18 PM // INFO // [GANTT] // Canvases are ready to be used!
11/17/2025 1:18 PM // INFO // [GANTT] // Ruler drawn: 91 ticks and 46 labels.
11/17/2025 1:18 PM // INFO // [GANTT] // Gantt chart rendered with 6 items on canvas.
11/17/2025 1:18 PM // INFO // [GANTT] // Canvas resized to 1000x110 to fit all Gantt items.
11/17/2025 1:18 PM // INFO // [GANTT] // Campbell Dudek Smith schedule rendered successfully!
11/17/2025 1:18 PM // INFO // [S_GRAPH] // Node J1_M1 at 100;50
11/17/2025 1:18 PM // INFO // [S_GRAPH] // Node J1_M2 at 400;50
11/17/2025 1:18 PM // INFO // [S_GRAPH] // Node P1 at 700;50
11/17/2025 1:18 PM // INFO // [S_GRAPH] // Node J2_M1 at 100;200
11/17/2025 1:18 PM // INFO // [S_GRAPH] // Node J2_M2 at 400;200
11/17/2025 1:18 PM // INFO // [S_GRAPH] // Node P2 at 700;200
11/17/2025 1:18 PM // INFO // [S_GRAPH] // Node J3_M1 at 100;350
11/17/2025 1:18 PM // INFO // [S_GRAPH] // Node J3_M2 at 400;350
11/17/2025 1:18 PM // INFO // [S_GRAPH] // Node P3 at 700;350
11/17/2025 1:18 PM // INFO // [S_GRAPH] // Curve value of edge (J1_M1 to J1_M2) set to 25,00
11/17/2025 1:18 PM // INFO // [S_GRAPH] // Edge drawn from (170,0;85,0) to (400,0;85,0)!
11/17/2025 1:18 PM // INFO // [S_GRAPH] // Weight 10 drawn at (285;97,5)!
11/17/2025 1:18 PM // INFO // [S_GRAPH] // Edge from J1_M1 to J1_M2 with cost 0 drawn.
11/17/2025 1:18 PM // INFO // [S_GRAPH] // Curve value of edge (J2_M1 to J2_M2) set to 25,00
11/17/2025 1:18 PM // INFO // [S_GRAPH] // Edge drawn from (170,0;235,0) to (400,0;235,0)!
11/17/2025 1:18 PM // INFO // [S_GRAPH] // Weight 20 drawn at (285;247,5)!
11/17/2025 1:18 PM // INFO // [S_GRAPH] // Edge from J2_M1 to J2_M2 with cost 0 drawn.
11/17/2025 1:18 PM // INFO // [S_GRAPH] // Curve value of edge (J3_M1 to J3_M2) set to 25,00
11/17/2025 1:18 PM // INFO // [S_GRAPH] // Edge drawn from (170,0;385,0) to (400,0;385,0)!
11/17/2025 1:18 PM // INFO // [S_GRAPH] // Weight 50 drawn at (285;397,5)!
11/17/2025 1:18 PM // INFO // [S_GRAPH] // Edge from J3_M1 to J3_M2 with cost 0 drawn.
11/17/2025 1:18 PM // INFO // [S_GRAPH] // Curve value of edge (J1_M1 to J2_M1) set to -25,00
11/17/2025 1:18 PM // INFO // [S_GRAPH] // Edge drawn from (135,0;120,0) to (135,0;200,0)!
11/17/2025 1:18 PM // INFO // [S_GRAPH] // Weight 10 drawn at (147,5;160)!
11/17/2025 1:18 PM // INFO // [S_GRAPH] // Edge from J1_M1 to J2_M1 with cost 0 drawn.
11/17/2025 1:18 PM // INFO // [S_GRAPH] // Curve value of edge (J1_M2 to J2_M2) set to -25,00
11/17/2025 1:18 PM // INFO // [S_GRAPH] // Edge drawn from (435,0;120,0) to (435,0;200,0)!
11/17/2025 1:18 PM // INFO // [S_GRAPH] // Weight 30 drawn at (447,5;160)!
11/17/2025 1:18 PM // INFO // [S_GRAPH] // Edge from J1_M2 to J2_M2 with cost 0 drawn.
11/17/2025 1:18 PM // INFO // [S_GRAPH] // Curve value of edge (J2_M1 to J3_M1) set to -25,00
11/17/2025 1:18 PM // INFO // [S_GRAPH] // Edge drawn from (135,0;270,0) to (135,0;350,0)!
11/17/2025 1:18 PM // INFO // [S_GRAPH] // Weight 20 drawn at (147,5;310)!
11/17/2025 1:18 PM // INFO // [S_GRAPH] // Edge from J2_M1 to J3_M1 with cost 0 drawn.
11/17/2025 1:18 PM // INFO // [S_GRAPH] // Curve value of edge (J2_M2 to J3_M2) set to -25,00
11/17/2025 1:18 PM // INFO // [S_GRAPH] // Edge drawn from (435,0;270,0) to (435,0;350,0)!
11/17/2025 1:18 PM // INFO // [S_GRAPH] // Weight 40 drawn at (447,5;310)!
11/17/2025 1:18 PM // INFO // [S_GRAPH] // Edge from J2_M2 to J3_M2 with cost 0 drawn.
11/17/2025 1:18 PM // INFO // [S_GRAPH] // Edge drawn from (470,0;85,0) to (700,0;85,0)!
11/17/2025 1:18 PM // INFO // [S_GRAPH] // Weight 30 drawn at (585;85)!
11/17/2025 1:18 PM // INFO // [S_GRAPH] // Edge from J1_M2 to P1 with cost 0 drawn.
11/17/2025 1:18 PM // INFO // [S_GRAPH] // Edge drawn from (470,0;235,0) to (700,0;235,0)!
11/17/2025 1:18 PM // INFO // [S_GRAPH] // Weight 40 drawn at (585;235)!
11/17/2025 1:18 PM // INFO // [S_GRAPH] // Edge from J2_M2 to P2 with cost 0 drawn.
11/17/2025 1:18 PM // INFO // [S_GRAPH] // Edge drawn from (470,0;385,0) to (700,0;385,0)!
11/17/2025 1:18 PM // INFO // [S_GRAPH] // Weight 10 drawn at (585;385)!
11/17/2025 1:18 PM // INFO // [S_GRAPH] // Edge from J3_M2 to P3 with cost 0 drawn.
11/17/2025 1:18 PM // INFO // [S_GRAPH] // Canvas resized to 820x470!
11/17/2025 1:18 PM // INFO // [EXTERN_SOLVER] // Branch And Bound custom solver selected!
11/17/2025 1:18 PM // INFO // [S_GRAPH] // C:\Users\Phant0m\Desktop\THESIS_LIPX05\Thesis_LIPX05\bin\Debug\net9.0-windows\SolverTemp successfully discovered!
11/17/2025 1:18 PM // INFO // [S_GRAPH] // SGraph saved to C:\Users\Phant0m\Desktop\THESIS_LIPX05\Thesis_LIPX05\bin\Debug\net9.0-windows\SolverTemp\SGraph_2a116af3-23c7-4420-b65d-b783743a0491.xml!
11/17/2025 1:18 PM // INFO // [Branch And Bound] // Deterministic solver selected; skipping numeric parameter gathering...
11/17/2025 1:18 PM // INFO // [LOAD] // Loading solution from C:\Users\Phant0m\Desktop\THESIS_LIPX05\Thesis_LIPX05\bin\Debug\net9.0-windows\SolverTemp\BranchAndBound_Solution.txt...
11/17/2025 1:18 PM // INFO // [LOAD] // Node J1_M1 added to solution path from file.
11/17/2025 1:18 PM // INFO // [LOAD] // Node J1_M2 added to solution path from file.
11/17/2025 1:18 PM // INFO // [LOAD] // Node J2_M1 added to solution path from file.
11/17/2025 1:18 PM // INFO // [LOAD] // Node J2_M2 added to solution path from file.
11/17/2025 1:18 PM // INFO // [LOAD] // Node J3_M1 added to solution path from file.
11/17/2025 1:18 PM // INFO // [LOAD] // Node J3_M2 added to solution path from file.
11/17/2025 1:18 PM // INFO // [LOAD] // Total of 6 nodes loaded from solution file.
11/17/2025 1:18 PM // INFO // [S_GRAPH] // Node J1_M1 at 100;50
11/17/2025 1:18 PM // INFO // [S_GRAPH] // Node J1_M2 at 400;50
11/17/2025 1:18 PM // INFO // [S_GRAPH] // Node P1 at 700;50
11/17/2025 1:18 PM // INFO // [S_GRAPH] // Node J2_M1 at 100;200
11/17/2025 1:18 PM // INFO // [S_GRAPH] // Node J2_M2 at 400;200
11/17/2025 1:18 PM // INFO // [S_GRAPH] // Node P2 at 700;200
11/17/2025 1:18 PM // INFO // [S_GRAPH] // Node J3_M1 at 100;350
11/17/2025 1:18 PM // INFO // [S_GRAPH] // Node J3_M2 at 400;350
11/17/2025 1:18 PM // INFO // [S_GRAPH] // Node P3 at 700;350
11/17/2025 1:18 PM // INFO // [S_GRAPH] // Curve value of edge (J1_M1 to J1_M2) set to 25,00
11/17/2025 1:18 PM // INFO // [S_GRAPH] // Edge drawn from (170,0;85,0) to (400,0;85,0)!
11/17/2025 1:18 PM // INFO // [S_GRAPH] // Weight 10 drawn at (285;97,5)!
11/17/2025 1:18 PM // INFO // [S_GRAPH] // Edge from J1_M1 to J1_M2 with cost 0 drawn.
11/17/2025 1:18 PM // INFO // [S_GRAPH] // Curve value of edge (J2_M1 to J2_M2) set to 25,00
11/17/2025 1:18 PM // INFO // [S_GRAPH] // Edge drawn from (170,0;235,0) to (400,0;235,0)!
11/17/2025 1:18 PM // INFO // [S_GRAPH] // Weight 20 drawn at (285;247,5)!
11/17/2025 1:18 PM // INFO // [S_GRAPH] // Edge from J2_M1 to J2_M2 with cost 0 drawn.
11/17/2025 1:18 PM // INFO // [S_GRAPH] // Curve value of edge (J3_M1 to J3_M2) set to 25,00
11/17/2025 1:18 PM // INFO // [S_GRAPH] // Edge drawn from (170,0;385,0) to (400,0;385,0)!
11/17/2025 1:18 PM // INFO // [S_GRAPH] // Weight 50 drawn at (285;397,5)!
11/17/2025 1:18 PM // INFO // [S_GRAPH] // Edge from J3_M1 to J3_M2 with cost 0 drawn.
11/17/2025 1:18 PM // INFO // [S_GRAPH] // Curve value of edge (J1_M1 to J2_M1) set to -25,00
11/17/2025 1:18 PM // INFO // [S_GRAPH] // Edge drawn from (135,0;120,0) to (135,0;200,0)!
11/17/2025 1:18 PM // INFO // [S_GRAPH] // Weight 10 drawn at (147,5;160)!
11/17/2025 1:18 PM // INFO // [S_GRAPH] // Edge from J1_M1 to J2_M1 with cost 0 drawn.
11/17/2025 1:18 PM // INFO // [S_GRAPH] // Curve value of edge (J1_M2 to J2_M2) set to -25,00
11/17/2025 1:18 PM // INFO // [S_GRAPH] // Edge drawn from (435,0;120,0) to (435,0;200,0)!
11/17/2025 1:18 PM // INFO // [S_GRAPH] // Weight 30 drawn at (447,5;160)!
11/17/2025 1:18 PM // INFO // [S_GRAPH] // Edge from J1_M2 to J2_M2 with cost 0 drawn.
11/17/2025 1:18 PM // INFO // [S_GRAPH] // Curve value of edge (J2_M1 to J3_M1) set to -25,00
11/17/2025 1:18 PM // INFO // [S_GRAPH] // Edge drawn from (135,0;270,0) to (135,0;350,0)!
11/17/2025 1:18 PM // INFO // [S_GRAPH] // Weight 20 drawn at (147,5;310)!
11/17/2025 1:18 PM // INFO // [S_GRAPH] // Edge from J2_M1 to J3_M1 with cost 0 drawn.
11/17/2025 1:18 PM // INFO // [S_GRAPH] // Curve value of edge (J2_M2 to J3_M2) set to -25,00
11/17/2025 1:18 PM // INFO // [S_GRAPH] // Edge drawn from (435,0;270,0) to (435,0;350,0)!
11/17/2025 1:18 PM // INFO // [S_GRAPH] // Weight 40 drawn at (447,5;310)!
11/17/2025 1:18 PM // INFO // [S_GRAPH] // Edge from J2_M2 to J3_M2 with cost 0 drawn.
11/17/2025 1:18 PM // INFO // [S_GRAPH] // Edge drawn from (470,0;85,0) to (700,0;85,0)!
11/17/2025 1:18 PM // INFO // [S_GRAPH] // Weight 30 drawn at (585;85)!
11/17/2025 1:18 PM // INFO // [S_GRAPH] // Edge from J1_M2 to P1 with cost 0 drawn.
11/17/2025 1:18 PM // INFO // [S_GRAPH] // Edge drawn from (470,0;235,0) to (700,0;235,0)!
11/17/2025 1:18 PM // INFO // [S_GRAPH] // Weight 40 drawn at (585;235)!
11/17/2025 1:18 PM // INFO // [S_GRAPH] // Edge from J2_M2 to P2 with cost 0 drawn.
11/17/2025 1:18 PM // INFO // [S_GRAPH] // Edge drawn from (470,0;385,0) to (700,0;385,0)!
11/17/2025 1:18 PM // INFO // [S_GRAPH] // Weight 10 drawn at (585;385)!
11/17/2025 1:18 PM // INFO // [S_GRAPH] // Edge from J3_M2 to P3 with cost 0 drawn.
11/17/2025 1:18 PM // INFO // [S_GRAPH] // Canvas resized to 820x470!
11/17/2025 1:18 PM // INFO // [GANTT] // Node J1_M1 EST is 0 (no predecessors).
11/17/2025 1:18 PM // INFO // [GANTT] // Node J1_M2 EST is determined by J1_M1 (EST: 10,00).
11/17/2025 1:18 PM // INFO // [GANTT] // Node J2_M1 EST is determined by J1_M1 (EST: 10,00).
11/17/2025 1:18 PM // INFO // [GANTT] // Node J2_M2 EST is determined by J1_M2 (EST: 40,00).
11/17/2025 1:18 PM // INFO // [GANTT] // Node J3_M1 EST is determined by J2_M1 (EST: 30,00).
11/17/2025 1:18 PM // INFO // [GANTT] // Node J3_M2 EST is determined by J3_M1 (EST: 80,00).
11/17/2025 1:18 PM // INFO // [GANTT] // Gantt chart built with 6 items from path with 6 nodes.
11/17/2025 1:18 PM // INFO // [GANTT] // Gantt data built with 6 items from optimized path using Branch And Bound!
11/17/2025 1:18 PM // INFO // [GANTT] // Canvases are ready to be used!
11/17/2025 1:18 PM // INFO // [GANTT] // Ruler drawn: 91 ticks and 46 labels.
11/17/2025 1:18 PM // INFO // [GANTT] // Gantt chart rendered with 6 items on canvas.
11/17/2025 1:18 PM // INFO // [GANTT] // Canvas resized to 1000x110 to fit all Gantt items.
11/17/2025 1:18 PM // INFO // [GANTT] // Branch And Bound schedule rendered successfully!
11/17/2025 1:18 PM // INFO // [S_GRAPH] // Node J1_M1 at 100;50
11/17/2025 1:18 PM // INFO // [S_GRAPH] // Node J1_M2 at 400;50
11/17/2025 1:18 PM // INFO // [S_GRAPH] // Node P1 at 700;50
11/17/2025 1:18 PM // INFO // [S_GRAPH] // Node J2_M1 at 100;200
11/17/2025 1:18 PM // INFO // [S_GRAPH] // Node J2_M2 at 400;200
11/17/2025 1:18 PM // INFO // [S_GRAPH] // Node P2 at 700;200
11/17/2025 1:18 PM // INFO // [S_GRAPH] // Node J3_M1 at 100;350
11/17/2025 1:18 PM // INFO // [S_GRAPH] // Node J3_M2 at 400;350
11/17/2025 1:18 PM // INFO // [S_GRAPH] // Node P3 at 700;350
11/17/2025 1:18 PM // INFO // [S_GRAPH] // Curve value of edge (J1_M1 to J1_M2) set to 25,00
11/17/2025 1:18 PM // INFO // [S_GRAPH] // Edge drawn from (170,0;85,0) to (400,0;85,0)!
11/17/2025 1:18 PM // INFO // [S_GRAPH] // Weight 10 drawn at (285;97,5)!
11/17/2025 1:18 PM // INFO // [S_GRAPH] // Edge from J1_M1 to J1_M2 with cost 0 drawn.
11/17/2025 1:18 PM // INFO // [S_GRAPH] // Curve value of edge (J2_M1 to J2_M2) set to 25,00
11/17/2025 1:18 PM // INFO // [S_GRAPH] // Edge drawn from (170,0;235,0) to (400,0;235,0)!
11/17/2025 1:18 PM // INFO // [S_GRAPH] // Weight 20 drawn at (285;247,5)!
11/17/2025 1:18 PM // INFO // [S_GRAPH] // Edge from J2_M1 to J2_M2 with cost 0 drawn.
11/17/2025 1:18 PM // INFO // [S_GRAPH] // Curve value of edge (J3_M1 to J3_M2) set to 25,00
11/17/2025 1:18 PM // INFO // [S_GRAPH] // Edge drawn from (170,0;385,0) to (400,0;385,0)!
11/17/2025 1:18 PM // INFO // [S_GRAPH] // Weight 50 drawn at (285;397,5)!
11/17/2025 1:18 PM // INFO // [S_GRAPH] // Edge from J3_M1 to J3_M2 with cost 0 drawn.
11/17/2025 1:18 PM // INFO // [S_GRAPH] // Curve value of edge (J1_M1 to J2_M1) set to -25,00
11/17/2025 1:18 PM // INFO // [S_GRAPH] // Edge drawn from (135,0;120,0) to (135,0;200,0)!
11/17/2025 1:18 PM // INFO // [S_GRAPH] // Weight 10 drawn at (147,5;160)!
11/17/2025 1:18 PM // INFO // [S_GRAPH] // Edge from J1_M1 to J2_M1 with cost 0 drawn.
11/17/2025 1:18 PM // INFO // [S_GRAPH] // Curve value of edge (J1_M2 to J2_M2) set to -25,00
11/17/2025 1:18 PM // INFO // [S_GRAPH] // Edge drawn from (435,0;120,0) to (435,0;200,0)!
11/17/2025 1:18 PM // INFO // [S_GRAPH] // Weight 30 drawn at (447,5;160)!
11/17/2025 1:18 PM // INFO // [S_GRAPH] // Edge from J1_M2 to J2_M2 with cost 0 drawn.
11/17/2025 1:18 PM // INFO // [S_GRAPH] // Curve value of edge (J2_M1 to J3_M1) set to -25,00
11/17/2025 1:18 PM // INFO // [S_GRAPH] // Edge drawn from (135,0;270,0) to (135,0;350,0)!
11/17/2025 1:18 PM // INFO // [S_GRAPH] // Weight 20 drawn at (147,5;310)!
11/17/2025 1:18 PM // INFO // [S_GRAPH] // Edge from J2_M1 to J3_M1 with cost 0 drawn.
11/17/2025 1:18 PM // INFO // [S_GRAPH] // Curve value of edge (J2_M2 to J3_M2) set to -25,00
11/17/2025 1:18 PM // INFO // [S_GRAPH] // Edge drawn from (435,0;270,0) to (435,0;350,0)!
11/17/2025 1:18 PM // INFO // [S_GRAPH] // Weight 40 drawn at (447,5;310)!
11/17/2025 1:18 PM // INFO // [S_GRAPH] // Edge from J2_M2 to J3_M2 with cost 0 drawn.
11/17/2025 1:18 PM // INFO // [S_GRAPH] // Edge drawn from (470,0;85,0) to (700,0;85,0)!
11/17/2025 1:18 PM // INFO // [S_GRAPH] // Weight 30 drawn at (585;85)!
11/17/2025 1:18 PM // INFO // [S_GRAPH] // Edge from J1_M2 to P1 with cost 0 drawn.
11/17/2025 1:18 PM // INFO // [S_GRAPH] // Edge drawn from (470,0;235,0) to (700,0;235,0)!
11/17/2025 1:18 PM // INFO // [S_GRAPH] // Weight 40 drawn at (585;235)!
11/17/2025 1:18 PM // INFO // [S_GRAPH] // Edge from J2_M2 to P2 with cost 0 drawn.
11/17/2025 1:18 PM // INFO // [S_GRAPH] // Edge drawn from (470,0;385,0) to (700,0;385,0)!
11/17/2025 1:18 PM // INFO // [S_GRAPH] // Weight 10 drawn at (585;385)!
11/17/2025 1:18 PM // INFO // [S_GRAPH] // Edge from J3_M2 to P3 with cost 0 drawn.
11/17/2025 1:18 PM // INFO // [S_GRAPH] // Canvas resized to 820x470!
11/17/2025 1:18 PM // INFO // [EXTERN_SOLVER] // Simulated Annealing custom solver selected!
11/17/2025 1:18 PM // INFO // [S_GRAPH] // C:\Users\Phant0m\Desktop\THESIS_LIPX05\Thesis_LIPX05\bin\Debug\net9.0-windows\SolverTemp successfully discovered!
11/17/2025 1:18 PM // INFO // [S_GRAPH] // SGraph saved to C:\Users\Phant0m\Desktop\THESIS_LIPX05\Thesis_LIPX05\bin\Debug\net9.0-windows\SolverTemp\SGraph_47827d24-8a39-4999-b9b3-457fd7383eb0.xml!
11/17/2025 1:18 PM // INFO // [Simulated Annealing] // Gathering parameters for Simulated Annealing
11/17/2025 1:18 PM // INFO // [Simulated Annealing] // Parameters gathered: 1000, 0.995, 5000
11/17/2025 1:18 PM // INFO // [LOAD] // Loading solution from C:\Users\Phant0m\Desktop\THESIS_LIPX05\Thesis_LIPX05\bin\Debug\net9.0-windows\SolverTemp\SimulatedAnnealing_Solution.txt...
11/17/2025 1:18 PM // INFO // [LOAD] // Node J1_M1 added to solution path from file.
11/17/2025 1:18 PM // INFO // [LOAD] // Node J1_M2 added to solution path from file.
11/17/2025 1:18 PM // INFO // [LOAD] // Node J2_M1 added to solution path from file.
11/17/2025 1:18 PM // INFO // [LOAD] // Node J2_M2 added to solution path from file.
11/17/2025 1:18 PM // INFO // [LOAD] // Node J3_M1 added to solution path from file.
11/17/2025 1:18 PM // INFO // [LOAD] // Node J3_M2 added to solution path from file.
11/17/2025 1:18 PM // INFO // [LOAD] // Total of 6 nodes loaded from solution file.
11/17/2025 1:18 PM // INFO // [S_GRAPH] // Node J1_M1 at 100;50
11/17/2025 1:18 PM // INFO // [S_GRAPH] // Node J1_M2 at 400;50
11/17/2025 1:18 PM // INFO // [S_GRAPH] // Node P1 at 700;50
11/17/2025 1:18 PM // INFO // [S_GRAPH] // Node J2_M1 at 100;200
11/17/2025 1:18 PM // INFO // [S_GRAPH] // Node J2_M2 at 400;200
11/17/2025 1:18 PM // INFO // [S_GRAPH] // Node P2 at 700;200
11/17/2025 1:18 PM // INFO // [S_GRAPH] // Node J3_M1 at 100;350
11/17/2025 1:18 PM // INFO // [S_GRAPH] // Node J3_M2 at 400;350
11/17/2025 1:18 PM // INFO // [S_GRAPH] // Node P3 at 700;350
11/17/2025 1:18 PM // INFO // [S_GRAPH] // Curve value of edge (J1_M1 to J1_M2) set to 25,00
11/17/2025 1:18 PM // INFO // [S_GRAPH] // Edge drawn from (170,0;85,0) to (400,0;85,0)!
11/17/2025 1:18 PM // INFO // [S_GRAPH] // Weight 10 drawn at (285;97,5)!
11/17/2025 1:18 PM // INFO // [S_GRAPH] // Edge from J1_M1 to J1_M2 with cost 0 drawn.
11/17/2025 1:18 PM // INFO // [S_GRAPH] // Curve value of edge (J2_M1 to J2_M2) set to 25,00
11/17/2025 1:18 PM // INFO // [S_GRAPH] // Edge drawn from (170,0;235,0) to (400,0;235,0)!
11/17/2025 1:18 PM // INFO // [S_GRAPH] // Weight 20 drawn at (285;247,5)!
11/17/2025 1:18 PM // INFO // [S_GRAPH] // Edge from J2_M1 to J2_M2 with cost 0 drawn.
11/17/2025 1:18 PM // INFO // [S_GRAPH] // Curve value of edge (J3_M1 to J3_M2) set to 25,00
11/17/2025 1:18 PM // INFO // [S_GRAPH] // Edge drawn from (170,0;385,0) to (400,0;385,0)!
11/17/2025 1:18 PM // INFO // [S_GRAPH] // Weight 50 drawn at (285;397,5)!
11/17/2025 1:18 PM // INFO // [S_GRAPH] // Edge from J3_M1 to J3_M2 with cost 0 drawn.
11/17/2025 1:18 PM // INFO // [S_GRAPH] // Curve value of edge (J1_M1 to J2_M1) set to -25,00
11/17/2025 1:18 PM // INFO // [S_GRAPH] // Edge drawn from (135,0;120,0) to (135,0;200,0)!
11/17/2025 1:18 PM // INFO // [S_GRAPH] // Weight 10 drawn at (147,5;160)!
11/17/2025 1:18 PM // INFO // [S_GRAPH] // Edge from J1_M1 to J2_M1 with cost 0 drawn.
11/17/2025 1:18 PM // INFO // [S_GRAPH] // Curve value of edge (J1_M2 to J2_M2) set to -25,00
11/17/2025 1:18 PM // INFO // [S_GRAPH] // Edge drawn from (435,0;120,0) to (435,0;200,0)!
11/17/2025 1:18 PM // INFO // [S_GRAPH] // Weight 30 drawn at (447,5;160)!
11/17/2025 1:18 PM // INFO // [S_GRAPH] // Edge from J1_M2 to J2_M2 with cost 0 drawn.
11/17/2025 1:18 PM // INFO // [S_GRAPH] // Curve value of edge (J2_M1 to J3_M1) set to -25,00
11/17/2025 1:18 PM // INFO // [S_GRAPH] // Edge drawn from (135,0;270,0) to (135,0;350,0)!
11/17/2025 1:18 PM // INFO // [S_GRAPH] // Weight 20 drawn at (147,5;310)!
11/17/2025 1:18 PM // INFO // [S_GRAPH] // Edge from J2_M1 to J3_M1 with cost 0 drawn.
11/17/2025 1:18 PM // INFO // [S_GRAPH] // Curve value of edge (J2_M2 to J3_M2) set to -25,00
11/17/2025 1:18 PM // INFO // [S_GRAPH] // Edge drawn from (435,0;270,0) to (435,0;350,0)!
11/17/2025 1:18 PM // INFO // [S_GRAPH] // Weight 40 drawn at (447,5;310)!
11/17/2025 1:18 PM // INFO // [S_GRAPH] // Edge from J2_M2 to J3_M2 with cost 0 drawn.
11/17/2025 1:18 PM // INFO // [S_GRAPH] // Edge drawn from (470,0;85,0) to (700,0;85,0)!
11/17/2025 1:18 PM // INFO // [S_GRAPH] // Weight 30 drawn at (585;85)!
11/17/2025 1:18 PM // INFO // [S_GRAPH] // Edge from J1_M2 to P1 with cost 0 drawn.
11/17/2025 1:18 PM // INFO // [S_GRAPH] // Edge drawn from (470,0;235,0) to (700,0;235,0)!
11/17/2025 1:18 PM // INFO // [S_GRAPH] // Weight 40 drawn at (585;235)!
11/17/2025 1:18 PM // INFO // [S_GRAPH] // Edge from J2_M2 to P2 with cost 0 drawn.
11/17/2025 1:18 PM // INFO // [S_GRAPH] // Edge drawn from (470,0;385,0) to (700,0;385,0)!
11/17/2025 1:18 PM // INFO // [S_GRAPH] // Weight 10 drawn at (585;385)!
11/17/2025 1:18 PM // INFO // [S_GRAPH] // Edge from J3_M2 to P3 with cost 0 drawn.
11/17/2025 1:18 PM // INFO // [S_GRAPH] // Canvas resized to 820x470!
11/17/2025 1:18 PM // INFO // [GANTT] // Node J1_M1 EST is 0 (no predecessors).
11/17/2025 1:18 PM // INFO // [GANTT] // Node J1_M2 EST is determined by J1_M1 (EST: 10,00).
11/17/2025 1:18 PM // INFO // [GANTT] // Node J2_M1 EST is determined by J1_M1 (EST: 10,00).
11/17/2025 1:18 PM // INFO // [GANTT] // Node J2_M2 EST is determined by J1_M2 (EST: 40,00).
11/17/2025 1:18 PM // INFO // [GANTT] // Node J3_M1 EST is determined by J2_M1 (EST: 30,00).
11/17/2025 1:18 PM // INFO // [GANTT] // Node J3_M2 EST is determined by J3_M1 (EST: 80,00).
11/17/2025 1:18 PM // INFO // [GANTT] // Gantt chart built with 6 items from path with 6 nodes.
11/17/2025 1:18 PM // INFO // [GANTT] // Gantt data built with 6 items from optimized path using Simulated Annealing!
11/17/2025 1:18 PM // INFO // [GANTT] // Canvases are ready to be used!
11/17/2025 1:18 PM // INFO // [GANTT] // Ruler drawn: 91 ticks and 46 labels.
11/17/2025 1:18 PM // INFO // [GANTT] // Gantt chart rendered with 6 items on canvas.
11/17/2025 1:18 PM // INFO // [GANTT] // Canvas resized to 1000x110 to fit all Gantt items.
11/17/2025 1:18 PM // INFO // [GANTT] // Simulated Annealing schedule rendered successfully!
11/17/2025 1:18 PM // INFO // [S_GRAPH] // Node J1_M1 at 100;50
11/17/2025 1:18 PM // INFO // [S_GRAPH] // Node J1_M2 at 400;50
11/17/2025 1:18 PM // INFO // [S_GRAPH] // Node P1 at 700;50
11/17/2025 1:18 PM // INFO // [S_GRAPH] // Node J2_M1 at 100;200
11/17/2025 1:18 PM // INFO // [S_GRAPH] // Node J2_M2 at 400;200
11/17/2025 1:18 PM // INFO // [S_GRAPH] // Node P2 at 700;200
11/17/2025 1:18 PM // INFO // [S_GRAPH] // Node J3_M1 at 100;350
11/17/2025 1:18 PM // INFO // [S_GRAPH] // Node J3_M2 at 400;350
11/17/2025 1:18 PM // INFO // [S_GRAPH] // Node P3 at 700;350
11/17/2025 1:18 PM // INFO // [S_GRAPH] // Curve value of edge (J1_M1 to J1_M2) set to 25,00
11/17/2025 1:18 PM // INFO // [S_GRAPH] // Edge drawn from (170,0;85,0) to (400,0;85,0)!
11/17/2025 1:18 PM // INFO // [S_GRAPH] // Weight 10 drawn at (285;97,5)!
11/17/2025 1:18 PM // INFO // [S_GRAPH] // Edge from J1_M1 to J1_M2 with cost 0 drawn.
11/17/2025 1:18 PM // INFO // [S_GRAPH] // Curve value of edge (J2_M1 to J2_M2) set to 25,00
11/17/2025 1:18 PM // INFO // [S_GRAPH] // Edge drawn from (170,0;235,0) to (400,0;235,0)!
11/17/2025 1:18 PM // INFO // [S_GRAPH] // Weight 20 drawn at (285;247,5)!
11/17/2025 1:18 PM // INFO // [S_GRAPH] // Edge from J2_M1 to J2_M2 with cost 0 drawn.
11/17/2025 1:18 PM // INFO // [S_GRAPH] // Curve value of edge (J3_M1 to J3_M2) set to 25,00
11/17/2025 1:18 PM // INFO // [S_GRAPH] // Edge drawn from (170,0;385,0) to (400,0;385,0)!
11/17/2025 1:18 PM // INFO // [S_GRAPH] // Weight 50 drawn at (285;397,5)!
11/17/2025 1:18 PM // INFO // [S_GRAPH] // Edge from J3_M1 to J3_M2 with cost 0 drawn.
11/17/2025 1:18 PM // INFO // [S_GRAPH] // Curve value of edge (J1_M1 to J2_M1) set to -25,00
11/17/2025 1:18 PM // INFO // [S_GRAPH] // Edge drawn from (135,0;120,0) to (135,0;200,0)!
11/17/2025 1:18 PM // INFO // [S_GRAPH] // Weight 10 drawn at (147,5;160)!
11/17/2025 1:18 PM // INFO // [S_GRAPH] // Edge from J1_M1 to J2_M1 with cost 0 drawn.
11/17/2025 1:18 PM // INFO // [S_GRAPH] // Curve value of edge (J1_M2 to J2_M2) set to -25,00
11/17/2025 1:18 PM // INFO // [S_GRAPH] // Edge drawn from (435,0;120,0) to (435,0;200,0)!
11/17/2025 1:18 PM // INFO // [S_GRAPH] // Weight 30 drawn at (447,5;160)!
11/17/2025 1:18 PM // INFO // [S_GRAPH] // Edge from J1_M2 to J2_M2 with cost 0 drawn.
11/17/2025 1:18 PM // INFO // [S_GRAPH] // Curve value of edge (J2_M1 to J3_M1) set to -25,00
11/17/2025 1:18 PM // INFO // [S_GRAPH] // Edge drawn from (135,0;270,0) to (135,0;350,0)!
11/17/2025 1:18 PM // INFO // [S_GRAPH] // Weight 20 drawn at (147,5;310)!
11/17/2025 1:18 PM // INFO // [S_GRAPH] // Edge from J2_M1 to J3_M1 with cost 0 drawn.
11/17/2025 1:18 PM // INFO // [S_GRAPH] // Curve value of edge (J2_M2 to J3_M2) set to -25,00
11/17/2025 1:18 PM // INFO // [S_GRAPH] // Edge drawn from (435,0;270,0) to (435,0;350,0)!
11/17/2025 1:18 PM // INFO // [S_GRAPH] // Weight 40 drawn at (447,5;310)!
11/17/2025 1:18 PM // INFO // [S_GRAPH] // Edge from J2_M2 to J3_M2 with cost 0 drawn.
11/17/2025 1:18 PM // INFO // [S_GRAPH] // Edge drawn from (470,0;85,0) to (700,0;85,0)!
11/17/2025 1:18 PM // INFO // [S_GRAPH] // Weight 30 drawn at (585;85)!
11/17/2025 1:18 PM // INFO // [S_GRAPH] // Edge from J1_M2 to P1 with cost 0 drawn.
11/17/2025 1:18 PM // INFO // [S_GRAPH] // Edge drawn from (470,0;235,0) to (700,0;235,0)!
11/17/2025 1:18 PM // INFO // [S_GRAPH] // Weight 40 drawn at (585;235)!
11/17/2025 1:18 PM // INFO // [S_GRAPH] // Edge from J2_M2 to P2 with cost 0 drawn.
11/17/2025 1:18 PM // INFO // [S_GRAPH] // Edge drawn from (470,0;385,0) to (700,0;385,0)!
11/17/2025 1:18 PM // INFO // [S_GRAPH] // Weight 10 drawn at (585;385)!
11/17/2025 1:18 PM // INFO // [S_GRAPH] // Edge from J3_M2 to P3 with cost 0 drawn.
11/17/2025 1:18 PM // INFO // [S_GRAPH] // Canvas resized to 820x470!
11/17/2025 1:18 PM // INFO // [EXITUS] // Shutting down...
