2025. 50. 08. 12:50:32 // INFO // Custom solver menu item "Dijkstra (deterministic)" addedto the menu!
2025. 50. 08. 12:50:32 // INFO // Custom solver menu item "Simulated Annealing (metaheuristic)" addedto the menu!
2025. 50. 08. 12:50:32 // INFO // Custom solvers loaded from JSON file!
2025. 50. 08. 12:50:32 // INFO // Heuristic solver added!
2025. 50. 08. 12:50:32 // INFO // Branch and Bound solver added!
2025. 50. 08. 12:50:32 // INFO // Genetic solver added!
2025. 50. 08. 12:50:32 // INFO // Custom solver menu item "Dijkstra (deterministic)" addedto the menu!
2025. 50. 08. 12:50:32 // INFO // Dijkstra (deterministic type) solver added!
2025. 50. 08. 12:50:32 // INFO // Custom solver menu item "Simulated Annealing (metaheuristic)" addedto the menu!
2025. 50. 08. 12:50:32 // INFO // Simulated Annealing (metaheuristic type) solver added!
2025. 50. 08. 12:50:32 // INFO // Solver menu successfully built!
2025. 50. 08. 12:50:32 // INFO // Initialization complete!
2025. 50. 08. 12:50:41 // WARNING // No BatchML file loaded, drawing example S-Graph!
2025. 50. 08. 12:50:41 // INFO // SGraphCanvas has been cleared!
2025. 50. 08. 12:50:41 // INFO // GanttCanvas has been cleared!
2025. 50. 08. 12:50:41 // INFO // RulerCanvas has been cleared!
2025. 50. 08. 12:50:41 // INFO // S-Graph nodes cleared!
2025. 50. 08. 12:50:41 // INFO // S-Graph edges cleared!
2025. 50. 08. 12:50:41 // INFO // Node Eq1 at 35;35
2025. 50. 08. 12:50:41 // INFO // Label Eq1 at 35,5;61,256564141035255
2025. 50. 08. 12:50:41 // INFO // Node Eq2 at 185;35
2025. 50. 08. 12:50:41 // INFO // Label Eq2 at 185,5;61,256564141035255
2025. 50. 08. 12:50:41 // INFO // Node Eq3 at 335;35
2025. 50. 08. 12:50:41 // INFO // Label Eq3 at 335,5;61,256564141035255
2025. 50. 08. 12:50:41 // INFO // Node Prod1 at 485;35
2025. 50. 08. 12:50:41 // INFO // Label Prod1 at 485,5;61,256564141035255
2025. 50. 08. 12:50:41 // INFO // Node Eq4 at 35;185
2025. 50. 08. 12:50:41 // INFO // Label Eq4 at 35,5;211,25656414103526
2025. 50. 08. 12:50:41 // INFO // Node Eq5 at 185;185
2025. 50. 08. 12:50:41 // INFO // Label Eq5 at 185,5;211,25656414103526
2025. 50. 08. 12:50:41 // INFO // Node Eq6 at 335;185
2025. 50. 08. 12:50:41 // INFO // Label Eq6 at 335,5;211,25656414103526
2025. 50. 08. 12:50:41 // INFO // Node Prod2 at 485;185
2025. 50. 08. 12:50:41 // INFO // Label Prod2 at 485,5;211,25656414103526
2025. 50. 08. 12:50:41 // INFO // Node Eq7 at 35;335
2025. 50. 08. 12:50:41 // INFO // Label Eq7 at 35,5;361,25656414103526
2025. 50. 08. 12:50:41 // INFO // Node Eq8 at 185;335
2025. 50. 08. 12:50:41 // INFO // Label Eq8 at 185,5;361,25656414103526
2025. 50. 08. 12:50:41 // INFO // Node Eq9 at 335;335
2025. 50. 08. 12:50:41 // INFO // Label Eq9 at 335,5;361,25656414103526
2025. 50. 08. 12:50:41 // INFO // Node Prod3 at 485;335
2025. 50. 08. 12:50:41 // INFO // Label Prod3 at 485,5;361,25656414103526
2025. 50. 08. 12:50:41 // INFO // Edge drawn from (105,0;70,0) to (185,0;70,0)!
2025. 50. 08. 12:50:41 // INFO // Weight 23 drawn at (145;70)!
2025. 50. 08. 12:50:41 // INFO // Edge from Eq1 to Eq2 with cost 23
2025. 50. 08. 12:50:41 // INFO // Edge drawn from (255,0;70,0) to (335,0;70,0)!
2025. 50. 08. 12:50:41 // INFO // Weight 24 drawn at (295;70)!
2025. 50. 08. 12:50:41 // INFO // Edge from Eq2 to Eq3 with cost 24
2025. 50. 08. 12:50:41 // INFO // Edge drawn from (405,0;70,0) to (485,0;70,0)!
2025. 50. 08. 12:50:41 // INFO // Weight 18 drawn at (445;70)!
2025. 50. 08. 12:50:41 // INFO // Edge from Eq3 to Prod1 with cost 18
2025. 50. 08. 12:50:41 // INFO // Edge drawn from (105,0;220,0) to (185,0;220,0)!
2025. 50. 08. 12:50:41 // INFO // Weight 6 drawn at (145;220)!
2025. 50. 08. 12:50:41 // INFO // Edge from Eq4 to Eq5 with cost 6
2025. 50. 08. 12:50:41 // INFO // Edge drawn from (255,0;220,0) to (335,0;220,0)!
2025. 50. 08. 12:50:41 // INFO // Weight 10 drawn at (295;220)!
2025. 50. 08. 12:50:41 // INFO // Edge from Eq5 to Eq6 with cost 10
2025. 50. 08. 12:50:41 // INFO // Edge drawn from (405,0;220,0) to (485,0;220,0)!
2025. 50. 08. 12:50:41 // INFO // Weight 16 drawn at (445;220)!
2025. 50. 08. 12:50:41 // INFO // Edge from Eq6 to Prod2 with cost 16
2025. 50. 08. 12:50:41 // INFO // Edge drawn from (105,0;370,0) to (185,0;370,0)!
2025. 50. 08. 12:50:41 // INFO // Weight 7 drawn at (145;370)!
2025. 50. 08. 12:50:41 // INFO // Edge from Eq7 to Eq8 with cost 7
2025. 50. 08. 12:50:41 // INFO // Edge drawn from (255,0;370,0) to (335,0;370,0)!
2025. 50. 08. 12:50:41 // INFO // Weight 12 drawn at (295;370)!
2025. 50. 08. 12:50:41 // INFO // Edge from Eq8 to Eq9 with cost 12
2025. 50. 08. 12:50:41 // INFO // Edge drawn from (405,0;370,0) to (485,0;370,0)!
2025. 50. 08. 12:50:41 // INFO // Weight 18 drawn at (445;370)!
2025. 50. 08. 12:50:41 // INFO // Edge from Eq9 to Prod3 with cost 18
2025. 50. 08. 12:50:41 // INFO // Canvas size set to 585x435
2025. 50. 08. 12:50:41 // INFO // Document has been saved to C:\Users\Phant0m\Desktop\sgraph.xml
2025. 50. 08. 12:50:41 // INFO // Example S-Graph drawn!
2025. 50. 08. 12:50:41 // INFO // Heuristic solver enabled!
2025. 50. 08. 12:50:41 // INFO // Branch and Bound solver enabled!
2025. 50. 08. 12:50:41 // INFO // Genetic solver enabled!
2025. 50. 08. 12:50:41 // INFO // Dijkstra solver enabled!
2025. 50. 08. 12:50:41 // INFO // Simulated Annealing solver enabled!
2025. 50. 08. 12:50:41 // INFO //  solver enabled!
2025. 50. 08. 12:50:45 // INFO // Dijkstra custom solver selected!
2025. 50. 08. 12:50:45 // INFO // Deterministic solver selected; skipping numeric parameter gathering...
