10/22/2025 10:06 AM // INFO // [INITIALIZATION] // Beginning initialization...
10/22/2025 10:06 AM // INFO // [SAVE] // Custom solvers loaded from JSON file!
10/22/2025 10:06 AM // INFO // [INITIALIZATION] // Johnson's Rule solver added!
10/22/2025 10:06 AM // INFO // [INITIALIZATION] // List Scheduling solver added!
10/22/2025 10:06 AM // INFO // [INITIALIZATION] // {cs.Name} ({cs.TypeID} type) solver added!
10/22/2025 10:06 AM // INFO // [INITIALIZATION] // Solver menu successfully built!
10/22/2025 10:06 AM // INFO // [CONSTRAINT] // Saving and closing are disabled for as long as there are no files opened.
10/22/2025 10:06 AM // INFO // [INITIALIZATION] // Initialization complete!
10/22/2025 10:06 AM // INFO // [LOAD] // Open file dialog initiated...
10/22/2025 10:06 AM // INFO // [LOAD] // XML document loaded from C:\Users\Phant0m\Desktop\THESIS_LIPX05\test.xml!
10/22/2025 10:06 AM // INFO // [LOAD] // XML element established!
10/22/2025 10:06 AM // INFO // [DATATABLE] // Master Recipe Table datatable displayed in new tab!
10/22/2025 10:06 AM // INFO // [DATATABLE] // Recipe Elements Table datatable displayed in new tab!
10/22/2025 10:06 AM // INFO // [DATATABLE] // Steps Table datatable displayed in new tab!
10/22/2025 10:06 AM // INFO // [LOAD] // BatchML file loaded and data tables populated!
10/22/2025 10:06 AM // INFO // [CONSTRAINT] // Saving and closing are disabled for as long as there are no files opened.
10/22/2025 10:06 AM // INFO // [LOAD] // BatchML file loaded from C:\Users\Phant0m\Desktop\THESIS_LIPX05\test.xml!
10/22/2025 10:06 AM // WARNING // [DATATABLE] // InternalKey column could not be found in DataGrid for Recipe Elements Table after loading!
10/22/2025 10:06 AM // INFO // [DATATABLE] // InternalKey column successfully hidden in 'Recipe Elements Table.'
10/22/2025 10:06 AM // INFO // [CLEAR] // SGraphCanvas has been cleared!
10/22/2025 10:06 AM // INFO // [CLEAR] // GanttCanvas has been cleared!
10/22/2025 10:06 AM // INFO // [CLEAR] // RulerCanvas has been cleared!
10/22/2025 10:06 AM // INFO // [CLEAR] // S-Graph nodes cleared!
10/22/2025 10:06 AM // INFO // [CLEAR] // S-Graph edges cleared!
10/22/2025 10:06 AM // INFO // [S_GRAPH] // Created nodes for J1 with times M1: 25 and M2: 115
10/22/2025 10:06 AM // INFO // [S_GRAPH] // Added technological edge J1_M1 to J1_M2 with cost 25.
10/22/2025 10:06 AM // INFO // [S_GRAPH] // Created nodes for J2 with times M1: 75 and M2: 175
10/22/2025 10:06 AM // INFO // [S_GRAPH] // Added technological edge J2_M1 to J2_M2 with cost 75.
10/22/2025 10:06 AM // INFO // [S_GRAPH] // Created nodes for J3 with times M1: 55 and M2: 20
10/22/2025 10:06 AM // INFO // [S_GRAPH] // Added technological edge J3_M1 to J3_M2 with cost 55.
10/22/2025 10:06 AM // INFO // [S_GRAPH] // Node J1_M1 at 100;70
10/22/2025 10:06 AM // INFO // [S_GRAPH] // Node J1_M2 at 400;70
10/22/2025 10:06 AM // INFO // [S_GRAPH] // Node J2_M1 at 100;220
10/22/2025 10:06 AM // INFO // [S_GRAPH] // Node J2_M2 at 400;220
10/22/2025 10:06 AM // INFO // [S_GRAPH] // Node J3_M1 at 100;370
10/22/2025 10:06 AM // INFO // [S_GRAPH] // Node J3_M2 at 400;370
10/22/2025 10:06 AM // INFO // [S_GRAPH] // Node Prod_M1 at 100;520
10/22/2025 10:06 AM // INFO // [S_GRAPH] // Node Prod_M2 at 400;520
10/22/2025 10:06 AM // INFO // [S_GRAPH] // Technological edge J1_M1 to J1_M2 set to fixed curve 50.
10/22/2025 10:06 AM // INFO // [S_GRAPH] // Edge drawn from (170,0;105,0) to (400,0;105,0)!
10/22/2025 10:06 AM // INFO // [S_GRAPH] // Weight 25 drawn at (285;130)!
10/22/2025 10:06 AM // INFO // [S_GRAPH] // Edge from J1_M1 to J1_M2 with cost 25 drawn.
10/22/2025 10:06 AM // INFO // [S_GRAPH] // Technological edge J2_M1 to J2_M2 set to fixed curve 50.
10/22/2025 10:06 AM // INFO // [S_GRAPH] // Edge drawn from (170,0;255,0) to (400,0;255,0)!
10/22/2025 10:06 AM // INFO // [S_GRAPH] // Weight 75 drawn at (285;280)!
10/22/2025 10:06 AM // INFO // [S_GRAPH] // Edge from J2_M1 to J2_M2 with cost 75 drawn.
10/22/2025 10:06 AM // INFO // [S_GRAPH] // Technological edge J3_M1 to J3_M2 set to fixed curve 50.
10/22/2025 10:06 AM // INFO // [S_GRAPH] // Edge drawn from (170,0;405,0) to (400,0;405,0)!
10/22/2025 10:06 AM // INFO // [S_GRAPH] // Weight 55 drawn at (285;430)!
10/22/2025 10:06 AM // INFO // [S_GRAPH] // Edge from J3_M1 to J3_M2 with cost 55 drawn.
10/22/2025 10:06 AM // INFO // [S_GRAPH] // Canvas resized to 520x640!
10/22/2025 10:06 AM // INFO // [S_GRAPH] // Flow Shop S-Graph built from BatchML file!
10/22/2025 10:06 AM // INFO // [INITIALIZATION] // Johnson's Rule solver enabled!
10/22/2025 10:06 AM // INFO // [INITIALIZATION] // List Scheduling solver enabled!
10/22/2025 10:06 AM // INFO // [INITIALIZATION] // Simulated Annealing solver enabled!
10/22/2025 10:06 AM // INFO // [INITIALIZATION] //  solver enabled!
10/22/2025 10:06 AM // INFO // [CONSTRAINT] // Saving and closing are disabled for as long as there are no files opened.
10/22/2025 10:14 AM // INFO // [INTEG_SOLVER] // Johnson's Rule solver selected!
10/22/2025 10:14 AM // INFO // [INTEG_SOLVER] // Starting Johnson's Rule solver...
10/22/2025 10:14 AM // INFO // [Johnson's Rule Optimizer] // Optimized job sequence: J1 -> J2 -> J3
10/22/2025 10:14 AM // INFO // [Johnson's Rule Optimizer] // Cleared all existing S-Graph edges for sequence rebuild.
10/22/2025 10:14 AM // INFO // [Johnson's Rule Optimizer] // Graph rebuilt with necessary technological constraints (cost=duration) and zero-cost sequential constraints.
10/22/2025 10:14 AM // INFO // [Johnson's Rule Optimizer] // Node J1_M1 added to topological order.
10/22/2025 10:14 AM // INFO // [Johnson's Rule Optimizer] // Decreased in-degree of J1_M2 to 0.
10/22/2025 10:14 AM // INFO // [Johnson's Rule Optimizer] // Decreased in-degree of J2_M1 to 0.
10/22/2025 10:14 AM // INFO // [Johnson's Rule Optimizer] // Node J1_M2 added to topological order.
10/22/2025 10:14 AM // INFO // [Johnson's Rule Optimizer] // Decreased in-degree of J2_M2 to 1.
10/22/2025 10:14 AM // INFO // [Johnson's Rule Optimizer] // Node J2_M1 added to topological order.
10/22/2025 10:14 AM // INFO // [Johnson's Rule Optimizer] // Decreased in-degree of J2_M2 to 0.
10/22/2025 10:14 AM // INFO // [Johnson's Rule Optimizer] // Decreased in-degree of J3_M1 to 0.
10/22/2025 10:14 AM // INFO // [Johnson's Rule Optimizer] // Node J2_M2 added to topological order.
10/22/2025 10:14 AM // INFO // [Johnson's Rule Optimizer] // Decreased in-degree of J3_M2 to 1.
10/22/2025 10:14 AM // INFO // [Johnson's Rule Optimizer] // Node J3_M1 added to topological order.
10/22/2025 10:14 AM // INFO // [Johnson's Rule Optimizer] // Decreased in-degree of J3_M2 to 0.
10/22/2025 10:14 AM // INFO // [Johnson's Rule Optimizer] // Decreased in-degree of Prod_M1 to 0.
10/22/2025 10:14 AM // INFO // [Johnson's Rule Optimizer] // Node J3_M2 added to topological order.
10/22/2025 10:14 AM // INFO // [Johnson's Rule Optimizer] // Decreased in-degree of Prod_M2 to 1.
10/22/2025 10:14 AM // INFO // [Johnson's Rule Optimizer] // Node Prod_M1 added to topological order.
10/22/2025 10:14 AM // INFO // [Johnson's Rule Optimizer] // Decreased in-degree of Prod_M2 to 0.
10/22/2025 10:14 AM // INFO // [Johnson's Rule Optimizer] // Node Prod_M2 added to topological order.
10/22/2025 10:14 AM // INFO // [Johnson's Rule Optimizer] // Topological sort completed successfully.
10/22/2025 10:14 AM // INFO // [S_GRAPH] // Node J1_M1 at 100;70
10/22/2025 10:14 AM // INFO // [S_GRAPH] // Node J1_M2 at 400;70
10/22/2025 10:14 AM // INFO // [S_GRAPH] // Node J2_M1 at 100;220
10/22/2025 10:14 AM // INFO // [S_GRAPH] // Node J2_M2 at 400;220
10/22/2025 10:14 AM // INFO // [S_GRAPH] // Node J3_M1 at 100;370
10/22/2025 10:14 AM // INFO // [S_GRAPH] // Node J3_M2 at 400;370
10/22/2025 10:14 AM // INFO // [S_GRAPH] // Node Prod_M1 at 100;520
10/22/2025 10:14 AM // INFO // [S_GRAPH] // Node Prod_M2 at 400;520
10/22/2025 10:14 AM // INFO // [S_GRAPH] // Technological edge J1_M1 to J1_M2 set to fixed curve 50.
10/22/2025 10:14 AM // INFO // [S_GRAPH] // Edge drawn from (170,0;105,0) to (400,0;105,0)!
10/22/2025 10:14 AM // INFO // [S_GRAPH] // Weight 25 drawn at (285;130)!
10/22/2025 10:14 AM // INFO // [S_GRAPH] // Edge from J1_M1 to J1_M2 with cost 25 drawn.
10/22/2025 10:14 AM // INFO // [S_GRAPH] // Technological edge J2_M1 to J2_M2 set to fixed curve 50.
10/22/2025 10:14 AM // INFO // [S_GRAPH] // Edge drawn from (170,0;255,0) to (400,0;255,0)!
10/22/2025 10:14 AM // INFO // [S_GRAPH] // Weight 75 drawn at (285;280)!
10/22/2025 10:14 AM // INFO // [S_GRAPH] // Edge from J2_M1 to J2_M2 with cost 75 drawn.
10/22/2025 10:14 AM // INFO // [S_GRAPH] // Technological edge J3_M1 to J3_M2 set to fixed curve 50.
10/22/2025 10:14 AM // INFO // [S_GRAPH] // Edge drawn from (170,0;405,0) to (400,0;405,0)!
10/22/2025 10:14 AM // INFO // [S_GRAPH] // Weight 55 drawn at (285;430)!
10/22/2025 10:14 AM // INFO // [S_GRAPH] // Edge from J3_M1 to J3_M2 with cost 55 drawn.
10/22/2025 10:14 AM // INFO // [S_GRAPH] // Technological edge Prod_M1 to Prod_M2 set to fixed curve 50.
10/22/2025 10:14 AM // INFO // [S_GRAPH] // Edge drawn from (170,0;555,0) to (400,0;555,0)!
10/22/2025 10:14 AM // INFO // [S_GRAPH] // Edge from Prod_M1 to Prod_M2 with cost 0 drawn.
10/22/2025 10:14 AM // INFO // [S_GRAPH] // Edge drawn from (135,0;140,0) to (135,0;220,0)!
10/22/2025 10:14 AM // INFO // [S_GRAPH] // Edge from J1_M1 to J2_M1 with cost 0 drawn.
10/22/2025 10:14 AM // INFO // [S_GRAPH] // Edge drawn from (135,0;290,0) to (135,0;370,0)!
10/22/2025 10:14 AM // INFO // [S_GRAPH] // Edge from J2_M1 to J3_M1 with cost 0 drawn.
10/22/2025 10:14 AM // INFO // [S_GRAPH] // Edge drawn from (435,0;140,0) to (435,0;220,0)!
10/22/2025 10:14 AM // INFO // [S_GRAPH] // Edge from J1_M2 to J2_M2 with cost 0 drawn.
10/22/2025 10:14 AM // INFO // [S_GRAPH] // Edge drawn from (435,0;290,0) to (435,0;370,0)!
10/22/2025 10:14 AM // INFO // [S_GRAPH] // Edge from J2_M2 to J3_M2 with cost 0 drawn.
10/22/2025 10:14 AM // INFO // [S_GRAPH] // Edge drawn from (135,0;440,0) to (135,0;520,0)!
10/22/2025 10:14 AM // INFO // [S_GRAPH] // Edge from J3_M1 to Prod_M1 with cost 0 drawn.
10/22/2025 10:14 AM // INFO // [S_GRAPH] // Edge drawn from (435,0;440,0) to (435,0;520,0)!
10/22/2025 10:14 AM // INFO // [S_GRAPH] // Edge from J3_M2 to Prod_M2 with cost 0 drawn.
10/22/2025 10:14 AM // INFO // [S_GRAPH] // Canvas resized to 520x640!
10/22/2025 10:14 AM // INFO // [S_GRAPH] // S-graph re-rendered with Johnson's Rule sequence.
10/22/2025 10:14 AM // INFO // [GANTT] // Node J1_M1 EST is 0 (no predecessors.)
10/22/2025 10:14 AM // INFO // [GANTT] // Node J1_M2 EST is determined by J1_M1 (EST: 50,00).
10/22/2025 10:14 AM // INFO // [GANTT] // Node J2_M1 EST is determined by J1_M1 (EST: 25,00).
10/22/2025 10:14 AM // INFO // [GANTT] // Node J2_M2 EST is determined by J2_M1 (EST: 175,00).
10/22/2025 10:14 AM // INFO // [GANTT] // Node J3_M1 EST is determined by J2_M1 (EST: 100,00).
10/22/2025 10:14 AM // INFO // [GANTT] // Node J3_M2 EST is determined by J2_M2 (EST: 350,00).
10/22/2025 10:14 AM // WARNING // [GANTT] // Node Prod_M1 has non-positive duration (0), skipping...
10/22/2025 10:14 AM // WARNING // [GANTT] // Node Prod_M2 has non-positive duration (0), skipping...
10/22/2025 10:14 AM // INFO // [GANTT] // Gantt chart built with 6 items from path with 8 nodes.
10/22/2025 10:14 AM // INFO // [GANTT] // Gantt data built with 6 items from optimized path using Johnson's Rule!
10/22/2025 10:14 AM // INFO // [GANTT] // Canvases are ready to be used!
10/22/2025 10:14 AM // INFO // [GANTT] // Ruler drawn: 371 ticks and 186 labels.
10/22/2025 10:14 AM // INFO // [GANTT] // Gantt chart rendered with 6 items on canvas.
10/22/2025 10:14 AM // INFO // [GANTT] // Canvas resized to 3800x110 to fit all Gantt items.
10/22/2025 10:14 AM // INFO // [GANTT] // Johnson's Rule schedule rendered successfully!
10/22/2025 10:20 AM // INFO // [SYNC] // Found existing XML element for table "Steps" matching the DataRow keys.
10/22/2025 10:25 AM // INFO // [SYNC] // Synchronized DataRow to XML for table "Steps".
10/22/2025 10:25 AM // INFO // [DATATABLE] // InternalKey column successfully hidden in 'Recipe Elements Table.'
10/22/2025 10:26 AM // INFO // [DATATABLE] // InternalKey column successfully hidden in 'Recipe Elements Table.'
