10/29/2025 1:00 AM // INFO // [INITIALIZATION] // Beginning initialization...
10/29/2025 1:00 AM // INFO // [INITIALIZATION] // Johnson's Rule solver added!
10/29/2025 1:00 AM // INFO // [INITIALIZATION] // List Scheduling solver added!
10/29/2025 1:00 AM // INFO // [INITIALIZATION] // Solver menu successfully built!
10/29/2025 1:00 AM // INFO // [CONSTRAINT] // Saving and closing are disabled for as long as there are no files opened.
10/29/2025 1:00 AM // INFO // [INITIALIZATION] // Initialization complete!
10/29/2025 1:00 AM // WARNING // [S_GRAPH] // No BatchML file loaded, drawing example S-Graph!
10/29/2025 1:00 AM // INFO // [S_GRAPH] // Node J1_M1 at 100;70
10/29/2025 1:00 AM // INFO // [S_GRAPH] // Node J1_M2 at 400;70
10/29/2025 1:00 AM // INFO // [S_GRAPH] // Node J2_M1 at 100;220
10/29/2025 1:00 AM // INFO // [S_GRAPH] // Node J2_M2 at 400;220
10/29/2025 1:00 AM // INFO // [S_GRAPH] // Node J3_M1 at 100;370
10/29/2025 1:00 AM // INFO // [S_GRAPH] // Node J3_M2 at 400;370
10/29/2025 1:00 AM // INFO // [S_GRAPH] // Node P1 at 550;70
10/29/2025 1:00 AM // INFO // [S_GRAPH] // Node P2 at 550;220
10/29/2025 1:00 AM // INFO // [S_GRAPH] // Node P3 at 550;370
10/29/2025 1:00 AM // INFO // [S_GRAPH] // Technological edge J1_M1 to J1_M2 set to fixed curve 50.
10/29/2025 1:00 AM // INFO // [S_GRAPH] // Edge drawn from (170,0;105,0) to (400,0;105,0)!
10/29/2025 1:00 AM // INFO // [S_GRAPH] // Weight 10 drawn at (285;130)!
10/29/2025 1:00 AM // INFO // [S_GRAPH] // Edge from J1_M1 to J1_M2 with cost 10 drawn.
10/29/2025 1:00 AM // INFO // [S_GRAPH] // Technological edge J2_M1 to J2_M2 set to fixed curve 50.
10/29/2025 1:00 AM // INFO // [S_GRAPH] // Edge drawn from (170,0;255,0) to (400,0;255,0)!
10/29/2025 1:00 AM // INFO // [S_GRAPH] // Weight 20 drawn at (285;280)!
10/29/2025 1:00 AM // INFO // [S_GRAPH] // Edge from J2_M1 to J2_M2 with cost 20 drawn.
10/29/2025 1:00 AM // INFO // [S_GRAPH] // Technological edge J3_M1 to J3_M2 set to fixed curve 50.
10/29/2025 1:00 AM // INFO // [S_GRAPH] // Edge drawn from (170,0;405,0) to (400,0;405,0)!
10/29/2025 1:00 AM // INFO // [S_GRAPH] // Weight 50 drawn at (285;430)!
10/29/2025 1:00 AM // INFO // [S_GRAPH] // Edge from J3_M1 to J3_M2 with cost 50 drawn.
10/29/2025 1:00 AM // INFO // [S_GRAPH] // Edge drawn from (135,0;140,0) to (135,0;220,0)!
10/29/2025 1:00 AM // INFO // [S_GRAPH] // Weight 10 drawn at (135;180)!
10/29/2025 1:00 AM // INFO // [S_GRAPH] // Edge from J1_M1 to J2_M1 with cost 10 drawn.
10/29/2025 1:00 AM // INFO // [S_GRAPH] // Edge drawn from (435,0;140,0) to (435,0;220,0)!
10/29/2025 1:00 AM // INFO // [S_GRAPH] // Weight 30 drawn at (435;180)!
10/29/2025 1:00 AM // INFO // [S_GRAPH] // Edge from J1_M2 to J2_M2 with cost 30 drawn.
10/29/2025 1:00 AM // INFO // [S_GRAPH] // Edge drawn from (135,0;290,0) to (135,0;370,0)!
10/29/2025 1:00 AM // INFO // [S_GRAPH] // Weight 20 drawn at (135;330)!
10/29/2025 1:00 AM // INFO // [S_GRAPH] // Edge from J2_M1 to J3_M1 with cost 20 drawn.
10/29/2025 1:00 AM // INFO // [S_GRAPH] // Edge drawn from (435,0;290,0) to (435,0;370,0)!
10/29/2025 1:00 AM // INFO // [S_GRAPH] // Weight 40 drawn at (435;330)!
10/29/2025 1:00 AM // INFO // [S_GRAPH] // Edge from J2_M2 to J3_M2 with cost 40 drawn.
10/29/2025 1:00 AM // INFO // [S_GRAPH] // Edge drawn from (470,0;105,0) to (550,0;105,0)!
10/29/2025 1:00 AM // INFO // [S_GRAPH] // Weight 30 drawn at (510;105)!
10/29/2025 1:00 AM // INFO // [S_GRAPH] // Edge from J1_M2 to P1 with cost 30 drawn.
10/29/2025 1:00 AM // INFO // [S_GRAPH] // Edge drawn from (470,0;255,0) to (550,0;255,0)!
10/29/2025 1:00 AM // INFO // [S_GRAPH] // Weight 40 drawn at (510;255)!
10/29/2025 1:00 AM // INFO // [S_GRAPH] // Edge from J2_M2 to P2 with cost 40 drawn.
10/29/2025 1:00 AM // INFO // [S_GRAPH] // Edge drawn from (470,0;405,0) to (550,0;405,0)!
10/29/2025 1:00 AM // INFO // [S_GRAPH] // Weight 10 drawn at (510;405)!
10/29/2025 1:00 AM // INFO // [S_GRAPH] // Edge from J3_M2 to P3 with cost 10 drawn.
10/29/2025 1:00 AM // INFO // [S_GRAPH] // Canvas resized to 670x490!
10/29/2025 1:00 AM // INFO // [INITIALIZATION] // Johnson's Rule solver enabled!
10/29/2025 1:00 AM // INFO // [INITIALIZATION] // List Scheduling solver enabled!
10/29/2025 1:00 AM // INFO // [INITIALIZATION] //  solver enabled!
10/29/2025 1:00 AM // INFO // [CONSTRAINT] // Saving and closing are disabled for as long as there are no files opened.
10/29/2025 1:00 AM // INFO // [EXPORT] // Child element of type Ellipse cloned and added to canvas.
10/29/2025 1:00 AM // INFO // [EXPORT] // Child element of type TextBlock cloned and added to canvas.
10/29/2025 1:00 AM // INFO // [EXPORT] // Child element of type Ellipse cloned and added to canvas.
10/29/2025 1:00 AM // INFO // [EXPORT] // Child element of type TextBlock cloned and added to canvas.
10/29/2025 1:00 AM // INFO // [EXPORT] // Child element of type Ellipse cloned and added to canvas.
10/29/2025 1:00 AM // INFO // [EXPORT] // Child element of type TextBlock cloned and added to canvas.
10/29/2025 1:00 AM // INFO // [EXPORT] // Child element of type Ellipse cloned and added to canvas.
10/29/2025 1:00 AM // INFO // [EXPORT] // Child element of type TextBlock cloned and added to canvas.
10/29/2025 1:00 AM // INFO // [EXPORT] // Child element of type Ellipse cloned and added to canvas.
10/29/2025 1:00 AM // INFO // [EXPORT] // Child element of type TextBlock cloned and added to canvas.
10/29/2025 1:00 AM // INFO // [EXPORT] // Child element of type Ellipse cloned and added to canvas.
10/29/2025 1:00 AM // INFO // [EXPORT] // Child element of type TextBlock cloned and added to canvas.
10/29/2025 1:00 AM // INFO // [EXPORT] // Child element of type Ellipse cloned and added to canvas.
10/29/2025 1:00 AM // INFO // [EXPORT] // Child element of type TextBlock cloned and added to canvas.
10/29/2025 1:00 AM // INFO // [EXPORT] // Child element of type Ellipse cloned and added to canvas.
10/29/2025 1:00 AM // INFO // [EXPORT] // Child element of type TextBlock cloned and added to canvas.
10/29/2025 1:00 AM // INFO // [EXPORT] // Child element of type Ellipse cloned and added to canvas.
10/29/2025 1:00 AM // INFO // [EXPORT] // Child element of type TextBlock cloned and added to canvas.
10/29/2025 1:00 AM // INFO // [EXPORT] // Child element of type Path cloned and added to canvas.
10/29/2025 1:00 AM // INFO // [EXPORT] // Child element of type Polygon cloned and added to canvas.
10/29/2025 1:00 AM // INFO // [EXPORT] // Child element of type TextBlock cloned and added to canvas.
10/29/2025 1:00 AM // INFO // [EXPORT] // Child element of type Path cloned and added to canvas.
10/29/2025 1:00 AM // INFO // [EXPORT] // Child element of type Polygon cloned and added to canvas.
10/29/2025 1:00 AM // INFO // [EXPORT] // Child element of type TextBlock cloned and added to canvas.
10/29/2025 1:00 AM // INFO // [EXPORT] // Child element of type Path cloned and added to canvas.
10/29/2025 1:00 AM // INFO // [EXPORT] // Child element of type Polygon cloned and added to canvas.
10/29/2025 1:00 AM // INFO // [EXPORT] // Child element of type TextBlock cloned and added to canvas.
10/29/2025 1:00 AM // INFO // [EXPORT] // Child element of type Path cloned and added to canvas.
10/29/2025 1:00 AM // INFO // [EXPORT] // Child element of type Polygon cloned and added to canvas.
10/29/2025 1:00 AM // INFO // [EXPORT] // Child element of type TextBlock cloned and added to canvas.
10/29/2025 1:00 AM // INFO // [EXPORT] // Child element of type Path cloned and added to canvas.
10/29/2025 1:00 AM // INFO // [EXPORT] // Child element of type Polygon cloned and added to canvas.
10/29/2025 1:00 AM // INFO // [EXPORT] // Child element of type TextBlock cloned and added to canvas.
10/29/2025 1:00 AM // INFO // [EXPORT] // Child element of type Path cloned and added to canvas.
10/29/2025 1:00 AM // INFO // [EXPORT] // Child element of type Polygon cloned and added to canvas.
10/29/2025 1:00 AM // INFO // [EXPORT] // Child element of type TextBlock cloned and added to canvas.
10/29/2025 1:00 AM // INFO // [EXPORT] // Child element of type Path cloned and added to canvas.
10/29/2025 1:00 AM // INFO // [EXPORT] // Child element of type Polygon cloned and added to canvas.
10/29/2025 1:00 AM // INFO // [EXPORT] // Child element of type TextBlock cloned and added to canvas.
10/29/2025 1:00 AM // INFO // [EXPORT] // Child element of type Path cloned and added to canvas.
10/29/2025 1:00 AM // INFO // [EXPORT] // Child element of type Polygon cloned and added to canvas.
10/29/2025 1:00 AM // INFO // [EXPORT] // Child element of type TextBlock cloned and added to canvas.
10/29/2025 1:00 AM // INFO // [EXPORT] // Child element of type Path cloned and added to canvas.
10/29/2025 1:00 AM // INFO // [EXPORT] // Child element of type Polygon cloned and added to canvas.
10/29/2025 1:00 AM // INFO // [EXPORT] // Child element of type TextBlock cloned and added to canvas.
10/29/2025 1:00 AM // INFO // [EXPORT] // Child element of type Path cloned and added to canvas.
10/29/2025 1:00 AM // INFO // [EXPORT] // Child element of type Polygon cloned and added to canvas.
10/29/2025 1:00 AM // INFO // [EXPORT] // Child element of type TextBlock cloned and added to canvas.
10/29/2025 1:00 AM // INFO // [EXPORT] // Canvas cloned with 48 children.
10/29/2025 1:00 AM // INFO // [EXPORT] // S-Graph RenderTargetBitmap created with size 670x490 at 384 DPI.
10/29/2025 1:00 AM // INFO // [EXPORT] // S-Graph JpegBitmapEncoder created and frame added.
10/29/2025 1:00 AM // INFO // [EXPORT] // S-Graph exported successfully as C:\Users\Phant0m\Desktop\s-graph_20251029_010011.jpg.
10/29/2025 1:00 AM // INFO // [EXPORT] // S-Graph exported as JPEG file!
10/29/2025 1:00 AM // INFO // [EXITUS] // Shutting down...
