10/22/2025 12:27 AM // INFO // [INITIALIZATION] // Beginning initialization...
10/22/2025 12:27 AM // INFO // [SAVE] // Custom solvers loaded from JSON file!
10/22/2025 12:27 AM // INFO // [INITIALIZATION] // Johnson's Rule solver added!
10/22/2025 12:27 AM // INFO // [INITIALIZATION] // List Scheduling solver added!
10/22/2025 12:27 AM // INFO // [INITIALIZATION] // {cs.Name} ({cs.TypeID} type) solver added!
10/22/2025 12:27 AM // INFO // [INITIALIZATION] // Solver menu successfully built!
10/22/2025 12:27 AM // INFO // [CONSTRAINT] // Saving and closing are disabled for as long as there are no files opened.
10/22/2025 12:27 AM // INFO // [INITIALIZATION] // Initialization complete!
10/22/2025 12:27 AM // WARNING // [S_GRAPH] // No BatchML file loaded, drawing example S-Graph!
10/22/2025 12:27 AM // INFO // [CLEAR] // SGraphCanvas has been cleared!
10/22/2025 12:27 AM // INFO // [CLEAR] // GanttCanvas has been cleared!
10/22/2025 12:27 AM // INFO // [CLEAR] // RulerCanvas has been cleared!
10/22/2025 12:27 AM // INFO // [CLEAR] // S-Graph nodes cleared!
10/22/2025 12:27 AM // INFO // [CLEAR] // S-Graph edges cleared!
10/22/2025 12:27 AM // INFO // [S_GRAPH] // Node J2_M1 at 100;70
10/22/2025 12:27 AM // INFO // [S_GRAPH] // Node J2_M2 at 400;70
10/22/2025 12:27 AM // INFO // [S_GRAPH] // Node J1_M1 at 100;220
10/22/2025 12:27 AM // INFO // [S_GRAPH] // Node J1_M2 at 400;220
10/22/2025 12:27 AM // INFO // [S_GRAPH] // Node J3_M1 at 100;370
10/22/2025 12:27 AM // INFO // [S_GRAPH] // Node J3_M2 at 400;370
10/22/2025 12:27 AM // INFO // [S_GRAPH] // Node Prod_M1 at 100;520
10/22/2025 12:27 AM // INFO // [S_GRAPH] // Node Prod_M2 at 400;520
10/22/2025 12:27 AM // INFO // [S_GRAPH] // Technological edge J2_M1 to J2_M2 set to fixed curve 50.
10/22/2025 12:27 AM // INFO // [S_GRAPH] // Edge drawn from (170,0;105,0) to (400,0;105,0)!
10/22/2025 12:27 AM // INFO // [S_GRAPH] // Edge from J2_M1 to J2_M2 with cost 0 drawn.
10/22/2025 12:27 AM // INFO // [S_GRAPH] // Technological edge J1_M1 to J1_M2 set to fixed curve 50.
10/22/2025 12:27 AM // INFO // [S_GRAPH] // Edge drawn from (170,0;255,0) to (400,0;255,0)!
10/22/2025 12:27 AM // INFO // [S_GRAPH] // Edge from J1_M1 to J1_M2 with cost 0 drawn.
10/22/2025 12:27 AM // INFO // [S_GRAPH] // Technological edge J3_M1 to J3_M2 set to fixed curve 50.
10/22/2025 12:27 AM // INFO // [S_GRAPH] // Edge drawn from (170,0;405,0) to (400,0;405,0)!
10/22/2025 12:27 AM // INFO // [S_GRAPH] // Edge from J3_M1 to J3_M2 with cost 0 drawn.
10/22/2025 12:27 AM // INFO // [S_GRAPH] // Canvas resized to 520x640!
10/22/2025 12:27 AM // INFO // [S_GRAPH] // Example Flow Shop S-Graph drawn!
10/22/2025 12:27 AM // INFO // [INITIALIZATION] // Johnson's Rule solver enabled!
10/22/2025 12:27 AM // INFO // [INITIALIZATION] // List Scheduling solver enabled!
10/22/2025 12:27 AM // INFO // [INITIALIZATION] // Simulated Annealing solver enabled!
10/22/2025 12:27 AM // INFO // [INITIALIZATION] //  solver enabled!
10/22/2025 12:27 AM // INFO // [CONSTRAINT] // Saving and closing are disabled for as long as there are no files opened.
10/22/2025 12:27 AM // INFO // [EXTERN_SOLVER] // Simulated Annealing custom solver selected!
10/22/2025 12:27 AM // INFO // [S_GRAPH] // C:\Users\Phant0m\Desktop\THESIS_LIPX05\Thesis_LIPX05\bin\Debug\net9.0-windows\SolverTemp successfully discovered!
10/22/2025 12:27 AM // INFO // [S_GRAPH] // SGraph saved to C:\Users\Phant0m\Desktop\THESIS_LIPX05\Thesis_LIPX05\bin\Debug\net9.0-windows\SolverTemp\SGraph_2cef700b-7ccd-4307-a76d-c800277d7ea1.xml!
10/22/2025 12:27 AM // INFO // [Simulated Annealing] // Gathering parameters for Simulated Annealing
10/22/2025 12:27 AM // INFO // [Simulated Annealing] // Parameters gathered: 1000, 0.995, 5000
10/22/2025 12:29 AM // INFO // [LOAD] // Loading solution from C:\Users\Phant0m\Desktop\THESIS_LIPX05\Thesis_LIPX05\bin\Debug\net9.0-windows\SolverTemp\SimulatedAnnealing_Solution.txt...
10/22/2025 12:29 AM // INFO // [LOAD] // Node J2_M1 added to solution path from file.
10/22/2025 12:29 AM // INFO // [LOAD] // Node J2_M2 added to solution path from file.
10/22/2025 12:29 AM // INFO // [LOAD] // Node J1_M1 added to solution path from file.
10/22/2025 12:29 AM // INFO // [LOAD] // Node J1_M2 added to solution path from file.
10/22/2025 12:29 AM // INFO // [LOAD] // Node J3_M1 added to solution path from file.
10/22/2025 12:29 AM // INFO // [LOAD] // Node J3_M2 added to solution path from file.
10/22/2025 12:29 AM // INFO // [LOAD] // Node Prod_M1 appended to solution path.
10/22/2025 12:29 AM // INFO // [LOAD] // Node Prod_M2 appended to solution path.
10/22/2025 12:29 AM // INFO // [LOAD] // Total of 8 nodes loaded from solution file.
10/22/2025 12:29 AM // INFO // [S_GRAPH] // Node J2_M1 at 100;70
10/22/2025 12:29 AM // INFO // [S_GRAPH] // Node J2_M2 at 400;70
10/22/2025 12:29 AM // INFO // [S_GRAPH] // Node J1_M1 at 100;220
10/22/2025 12:29 AM // INFO // [S_GRAPH] // Node J1_M2 at 400;220
10/22/2025 12:29 AM // INFO // [S_GRAPH] // Node J3_M1 at 100;370
10/22/2025 12:29 AM // INFO // [S_GRAPH] // Node J3_M2 at 400;370
10/22/2025 12:29 AM // INFO // [S_GRAPH] // Node Prod_M1 at 100;520
10/22/2025 12:29 AM // INFO // [S_GRAPH] // Node Prod_M2 at 400;520
10/22/2025 12:29 AM // INFO // [S_GRAPH] // Technological edge J2_M1 to J2_M2 set to fixed curve 50.
10/22/2025 12:29 AM // INFO // [S_GRAPH] // Edge drawn from (170,0;105,0) to (400,0;105,0)!
10/22/2025 12:29 AM // INFO // [S_GRAPH] // Edge from J2_M1 to J2_M2 with cost 0 drawn.
10/22/2025 12:29 AM // INFO // [S_GRAPH] // Technological edge J1_M1 to J1_M2 set to fixed curve 50.
10/22/2025 12:29 AM // INFO // [S_GRAPH] // Edge drawn from (170,0;255,0) to (400,0;255,0)!
10/22/2025 12:29 AM // INFO // [S_GRAPH] // Edge from J1_M1 to J1_M2 with cost 0 drawn.
10/22/2025 12:29 AM // INFO // [S_GRAPH] // Technological edge J3_M1 to J3_M2 set to fixed curve 50.
10/22/2025 12:29 AM // INFO // [S_GRAPH] // Edge drawn from (170,0;405,0) to (400,0;405,0)!
10/22/2025 12:29 AM // INFO // [S_GRAPH] // Edge from J3_M1 to J3_M2 with cost 0 drawn.
10/22/2025 12:29 AM // INFO // [S_GRAPH] // Canvas resized to 520x640!
10/22/2025 12:29 AM // INFO // [S_GRAPH] // Node J2_M1 at 100;70
10/22/2025 12:29 AM // INFO // [S_GRAPH] // Node J2_M2 at 400;70
10/22/2025 12:29 AM // INFO // [S_GRAPH] // Node J1_M1 at 100;220
10/22/2025 12:29 AM // INFO // [S_GRAPH] // Node J1_M2 at 400;220
10/22/2025 12:29 AM // INFO // [S_GRAPH] // Node J3_M1 at 100;370
10/22/2025 12:29 AM // INFO // [S_GRAPH] // Node J3_M2 at 400;370
10/22/2025 12:29 AM // INFO // [S_GRAPH] // Node Prod_M1 at 100;520
10/22/2025 12:29 AM // INFO // [S_GRAPH] // Node Prod_M2 at 400;520
10/22/2025 12:29 AM // INFO // [S_GRAPH] // Technological edge J2_M1 to J2_M2 set to fixed curve 50.
10/22/2025 12:29 AM // INFO // [S_GRAPH] // Edge drawn from (170,0;105,0) to (400,0;105,0)!
10/22/2025 12:29 AM // INFO // [S_GRAPH] // Edge from J2_M1 to J2_M2 with cost 0 drawn.
10/22/2025 12:29 AM // INFO // [S_GRAPH] // Technological edge J1_M1 to J1_M2 set to fixed curve 50.
10/22/2025 12:29 AM // INFO // [S_GRAPH] // Edge drawn from (170,0;255,0) to (400,0;255,0)!
10/22/2025 12:29 AM // INFO // [S_GRAPH] // Edge from J1_M1 to J1_M2 with cost 0 drawn.
10/22/2025 12:29 AM // INFO // [S_GRAPH] // Technological edge J3_M1 to J3_M2 set to fixed curve 50.
10/22/2025 12:29 AM // INFO // [S_GRAPH] // Edge drawn from (170,0;405,0) to (400,0;405,0)!
10/22/2025 12:29 AM // INFO // [S_GRAPH] // Edge from J3_M1 to J3_M2 with cost 0 drawn.
10/22/2025 12:29 AM // INFO // [S_GRAPH] // Canvas resized to 520x640!
10/22/2025 12:29 AM // INFO // [S_GRAPH] // S-graph re-rendered with Simulated Annealing sequence.
10/22/2025 12:29 AM // INFO // [GANTT] // Node J2_M1 EST is 0 (no predecessors.)
10/22/2025 12:29 AM // INFO // [GANTT] // Node J2_M2 EST is determined by J2_M1 (EST: 2,00).
10/22/2025 12:29 AM // INFO // [GANTT] // Node J1_M1 EST is 0 (no predecessors.)
10/22/2025 12:29 AM // INFO // [GANTT] // Node J1_M2 EST is determined by J1_M1 (EST: 3,00).
10/22/2025 12:29 AM // INFO // [GANTT] // Node J3_M1 EST is 0 (no predecessors.)
10/22/2025 12:29 AM // INFO // [GANTT] // Node J3_M2 EST is determined by J3_M1 (EST: 3,00).
10/22/2025 12:29 AM // WARNING // [GANTT] // Node Prod_M1 has non-positive duration (0), skipping...
10/22/2025 12:29 AM // WARNING // [GANTT] // Node Prod_M2 has non-positive duration (0), skipping...
10/22/2025 12:29 AM // INFO // [GANTT] // Gantt chart built with 6 items from path with 8 nodes.
10/22/2025 12:29 AM // INFO // [GANTT] // Gantt data built with 6 items from optimized path using Simulated Annealing!
10/22/2025 12:29 AM // INFO // [GANTT] // Canvases are ready to be used!
10/22/2025 12:29 AM // INFO // [GANTT] // Ruler drawn: 7 ticks and 4 labels.
10/22/2025 12:29 AM // INFO // [GANTT] // Gantt chart rendered with 6 items on canvas.
10/22/2025 12:29 AM // INFO // [GANTT] // Canvas resized to 160x110 to fit all Gantt items.
10/22/2025 12:29 AM // INFO // [GANTT] // Simulated Annealing schedule rendered successfully!
10/22/2025 12:29 AM // INFO // [GANTT] // Gantt chart rendered with 6 items on canvas.
10/22/2025 12:29 AM // INFO // [GANTT] // Canvas resized to 160,16844158123774x110 to fit all Gantt items.
10/22/2025 12:29 AM // INFO // [GANTT] // Canvases are ready to be used!
10/22/2025 12:29 AM // INFO // [GANTT] // Ruler drawn: 7 ticks and 4 labels.
10/22/2025 12:29 AM // INFO // [MODIFY] // Zoom level changed to 0,004044489383215369, scale set to 10,028073596872959!
10/22/2025 12:29 AM // INFO // [GANTT] // Gantt chart rendered with 6 items on canvas.
10/22/2025 12:29 AM // INFO // [GANTT] // Canvas resized to 160,33735603858037x110 to fit all Gantt items.
10/22/2025 12:29 AM // INFO // [GANTT] // Canvases are ready to be used!
10/22/2025 12:29 AM // INFO // [GANTT] // Ruler drawn: 7 ticks and 4 labels.
10/22/2025 12:29 AM // INFO // [MODIFY] // Zoom level changed to 0,008088978766430738, scale set to 10,056226006430059!
10/22/2025 12:29 AM // INFO // [GANTT] // Gantt chart rendered with 6 items on canvas.
10/22/2025 12:29 AM // INFO // [GANTT] // Canvas resized to 160,84694996121505x110 to fit all Gantt items.
10/22/2025 12:29 AM // INFO // [GANTT] // Canvases are ready to be used!
10/22/2025 12:29 AM // INFO // [GANTT] // Ruler drawn: 7 ticks and 4 labels.
10/22/2025 12:29 AM // INFO // [MODIFY] // Zoom level changed to 0,020222446916076844, scale set to 10,141158326869173!
10/22/2025 12:29 AM // INFO // [GANTT] // Gantt chart rendered with 6 items on canvas.
10/22/2025 12:29 AM // INFO // [GANTT] // Canvas resized to 161,36084778417012x110 to fit all Gantt items.
10/22/2025 12:29 AM // INFO // [GANTT] // Canvases are ready to be used!
10/22/2025 12:29 AM // INFO // [GANTT] // Ruler drawn: 7 ticks and 4 labels.
10/22/2025 12:29 AM // INFO // [MODIFY] // Zoom level changed to 0,032355915065722954, scale set to 10,226807964028353!
10/22/2025 12:29 AM // INFO // [GANTT] // Gantt chart rendered with 6 items on canvas.
10/22/2025 12:29 AM // INFO // [GANTT] // Canvas resized to 161,5331097546177x110 to fit all Gantt items.
10/22/2025 12:29 AM // INFO // [GANTT] // Canvases are ready to be used!
10/22/2025 12:29 AM // INFO // [GANTT] // Ruler drawn: 7 ticks and 4 labels.
10/22/2025 12:29 AM // INFO // [MODIFY] // Zoom level changed to 0,03640040444893832, scale set to 10,255518292436284!
10/22/2025 12:29 AM // INFO // [GANTT] // Gantt chart rendered with 6 items on canvas.
10/22/2025 12:29 AM // INFO // [GANTT] // Canvas resized to 162,05280270821208x110 to fit all Gantt items.
10/22/2025 12:29 AM // INFO // [GANTT] // Canvases are ready to be used!
10/22/2025 12:29 AM // INFO // [GANTT] // Ruler drawn: 7 ticks and 4 labels.
10/22/2025 12:29 AM // INFO // [MODIFY] // Zoom level changed to 0,04853387259858443, scale set to 10,342133784702014!
10/22/2025 12:29 AM // INFO // [GANTT] // Gantt chart rendered with 6 items on canvas.
10/22/2025 12:29 AM // INFO // [GANTT] // Canvas resized to 162,22700724501885x110 to fit all Gantt items.
10/22/2025 12:29 AM // INFO // [GANTT] // Canvases are ready to be used!
10/22/2025 12:29 AM // INFO // [GANTT] // Ruler drawn: 7 ticks and 4 labels.
10/22/2025 12:29 AM // INFO // [MODIFY] // Zoom level changed to 0,0525783619817998, scale set to 10,371167874169808!
10/22/2025 12:29 AM // INFO // [GANTT] // Gantt chart rendered with 6 items on canvas.
10/22/2025 12:29 AM // INFO // [GANTT] // Canvas resized to 162,75256067986825x110 to fit all Gantt items.
10/22/2025 12:29 AM // INFO // [GANTT] // Canvases are ready to be used!
10/22/2025 12:29 AM // INFO // [GANTT] // Ruler drawn: 7 ticks and 4 labels.
10/22/2025 12:29 AM // INFO // [MODIFY] // Zoom level changed to 0,06471183013144591, scale set to 10,458760113311374!
10/22/2025 12:29 AM // INFO // [GANTT] // Gantt chart rendered with 6 items on canvas.
10/22/2025 12:29 AM // INFO // [GANTT] // Canvas resized to 163,10539326789714x110 to fit all Gantt items.
10/22/2025 12:29 AM // INFO // [GANTT] // Canvases are ready to be used!
10/22/2025 12:29 AM // INFO // [GANTT] // Ruler drawn: 7 ticks and 4 labels.
10/22/2025 12:29 AM // INFO // [MODIFY] // Zoom level changed to 0,07280080889787664, scale set to 10,517565544649523!
10/22/2025 12:29 AM // INFO // [GANTT] // Gantt chart rendered with 6 items on canvas.
10/22/2025 12:29 AM // INFO // [GANTT] // Canvas resized to 163,81702110848562x110 to fit all Gantt items.
10/22/2025 12:29 AM // INFO // [GANTT] // Canvases are ready to be used!
10/22/2025 12:29 AM // INFO // [GANTT] // Ruler drawn: 7 ticks and 4 labels.
10/22/2025 12:29 AM // INFO // [MODIFY] // Zoom level changed to 0,08897876643073813, scale set to 10,636170184747602!
10/22/2025 12:29 AM // INFO // [GANTT] // Gantt chart rendered with 6 items on canvas.
10/22/2025 12:29 AM // INFO // [GANTT] // Canvas resized to 164,17583873240488x110 to fit all Gantt items.
10/22/2025 12:29 AM // INFO // [GANTT] // Canvases are ready to be used!
10/22/2025 12:29 AM // INFO // [GANTT] // Ruler drawn: 7 ticks and 4 labels.
10/22/2025 12:29 AM // INFO // [MODIFY] // Zoom level changed to 0,09706774519716886, scale set to 10,695973122067484!
10/22/2025 12:29 AM // INFO // [GANTT] // Gantt chart rendered with 6 items on canvas.
10/22/2025 12:29 AM // INFO // [GANTT] // Canvas resized to 164,53667384452717x110 to fit all Gantt items.
10/22/2025 12:29 AM // INFO // [GANTT] // Canvases are ready to be used!
10/22/2025 12:29 AM // INFO // [GANTT] // Ruler drawn: 7 ticks and 4 labels.
10/22/2025 12:29 AM // INFO // [MODIFY] // Zoom level changed to 0,1051567239635996, scale set to 10,756112307421192!
10/22/2025 12:29 AM // INFO // [GANTT] // Gantt chart rendered with 6 items on canvas.
10/22/2025 12:29 AM // INFO // [GANTT] // Canvas resized to 165,26444197128262x110 to fit all Gantt items.
10/22/2025 12:29 AM // INFO // [GANTT] // Canvases are ready to be used!
10/22/2025 12:29 AM // INFO // [GANTT] // Ruler drawn: 7 ticks and 4 labels.
10/22/2025 12:29 AM // INFO // [MODIFY] // Zoom level changed to 0,12133468149646107, scale set to 10,877406995213768!
10/22/2025 12:29 AM // INFO // [GANTT] // Gantt chart rendered with 6 items on canvas.
10/22/2025 12:29 AM // INFO // [GANTT] // Canvas resized to 167,4973590250926x110 to fit all Gantt items.
10/22/2025 12:29 AM // INFO // [GANTT] // Canvases are ready to be used!
10/22/2025 12:29 AM // INFO // [GANTT] // Ruler drawn: 7 ticks and 4 labels.
10/22/2025 12:29 AM // INFO // [MODIFY] // Zoom level changed to 0,1698685540950455, scale set to 11,249559837515434!
10/22/2025 12:29 AM // INFO // [GANTT] // Gantt chart rendered with 6 items on canvas.
10/22/2025 12:29 AM // INFO // [GANTT] // Canvas resized to 168,06742450709822x110 to fit all Gantt items.
10/22/2025 12:29 AM // INFO // [GANTT] // Canvases are ready to be used!
10/22/2025 12:29 AM // INFO // [GANTT] // Ruler drawn: 7 ticks and 4 labels.
10/22/2025 12:29 AM // INFO // [MODIFY] // Zoom level changed to 0,1820020222446916, scale set to 11,344570751183038!
10/22/2025 12:29 AM // INFO // [GANTT] // Gantt chart rendered with 6 items on canvas.
10/22/2025 12:29 AM // INFO // [GANTT] // Canvas resized to 168,45014045189959x110 to fit all Gantt items.
10/22/2025 12:29 AM // INFO // [GANTT] // Canvases are ready to be used!
10/22/2025 12:29 AM // INFO // [GANTT] // Ruler drawn: 7 ticks and 4 labels.
10/22/2025 12:29 AM // INFO // [MODIFY] // Zoom level changed to 0,19009100101112236, scale set to 11,408356741983265!
10/22/2025 12:29 AM // INFO // [GANTT] // Gantt chart rendered with 6 items on canvas.
10/22/2025 12:29 AM // INFO // [GANTT] // Canvas resized to 168,83500825561828x110 to fit all Gantt items.
10/22/2025 12:29 AM // INFO // [GANTT] // Canvases are ready to be used!
10/22/2025 12:29 AM // INFO // [GANTT] // Ruler drawn: 7 ticks and 4 labels.
10/22/2025 12:29 AM // INFO // [MODIFY] // Zoom level changed to 0,1981799797775531, scale set to 11,472501375936382!
10/22/2025 12:29 AM // INFO // [GANTT] // Gantt chart rendered with 6 items on canvas.
10/22/2025 12:29 AM // INFO // [GANTT] // Canvas resized to 169,61124790400908x110 to fit all Gantt items.
10/22/2025 12:29 AM // INFO // [GANTT] // Canvases are ready to be used!
10/22/2025 12:29 AM // INFO // [GANTT] // Ruler drawn: 7 ticks and 4 labels.
10/22/2025 12:29 AM // INFO // [MODIFY] // Zoom level changed to 0,21435793731041458, scale set to 11,60187465066818!
10/22/2025 12:29 AM // INFO // [GANTT] // Gantt chart rendered with 6 items on canvas.
10/22/2025 12:29 AM // INFO // [GANTT] // Canvas resized to 169,80667171515717x110 to fit all Gantt items.
10/22/2025 12:29 AM // INFO // [GANTT] // Canvases are ready to be used!
10/22/2025 12:29 AM // INFO // [GANTT] // Ruler drawn: 7 ticks and 4 labels.
10/22/2025 12:29 AM // INFO // [MODIFY] // Zoom level changed to 0,21840242669362994, scale set to 11,63444528585953!
10/22/2025 12:29 AM // INFO // [GANTT] // Gantt chart rendered with 6 items on canvas.
10/22/2025 12:29 AM // INFO // [GANTT] // Canvas resized to 170,39624106325147x110 to fit all Gantt items.
10/22/2025 12:29 AM // INFO // [GANTT] // Canvases are ready to be used!
10/22/2025 12:29 AM // INFO // [GANTT] // Ruler drawn: 7 ticks and 4 labels.
10/22/2025 12:29 AM // INFO // [MODIFY] // Zoom level changed to 0,23053589484327605, scale set to 11,732706843875242!
10/22/2025 12:29 AM // INFO // [GANTT] // Gantt chart rendered with 6 items on canvas.
10/22/2025 12:29 AM // INFO // [GANTT] // Canvas resized to 170,7920510135189x110 to fit all Gantt items.
10/22/2025 12:29 AM // INFO // [GANTT] // Canvases are ready to be used!
10/22/2025 12:29 AM // INFO // [GANTT] // Ruler drawn: 7 ticks and 4 labels.
10/22/2025 12:29 AM // INFO // [MODIFY] // Zoom level changed to 0,2386248736097068, scale set to 11,798675168919814!
10/22/2025 12:29 AM // INFO // [GANTT] // Gantt chart rendered with 6 items on canvas.
10/22/2025 12:29 AM // INFO // [GANTT] // Canvas resized to 171,1900864450672x110 to fit all Gantt items.
10/22/2025 12:29 AM // INFO // [GANTT] // Canvases are ready to be used!
10/22/2025 12:29 AM // INFO // [GANTT] // Ruler drawn: 7 ticks and 4 labels.
10/22/2025 12:29 AM // INFO // [MODIFY] // Zoom level changed to 0,24671385237613755, scale set to 11,8650144075112!
10/22/2025 12:29 AM // INFO // [GANTT] // Gantt chart rendered with 6 items on canvas.
10/22/2025 12:29 AM // INFO // [GANTT] // Canvas resized to 171,79133976118942x110 to fit all Gantt items.
10/22/2025 12:29 AM // INFO // [GANTT] // Canvases are ready to be used!
10/22/2025 12:29 AM // INFO // [GANTT] // Ruler drawn: 7 ticks and 4 labels.
10/22/2025 12:29 AM // INFO // [MODIFY] // Zoom level changed to 0,25884732052578363, scale set to 11,965223293531572!
10/22/2025 12:29 AM // INFO // [GANTT] // Gantt chart rendered with 6 items on canvas.
10/22/2025 12:29 AM // INFO // [GANTT] // Canvas resized to 172,19499379429294x110 to fit all Gantt items.
10/22/2025 12:29 AM // INFO // [GANTT] // Canvases are ready to be used!
10/22/2025 12:29 AM // INFO // [GANTT] // Ruler drawn: 7 ticks and 4 labels.
10/22/2025 12:29 AM // INFO // [MODIFY] // Zoom level changed to 0,26693629929221435, scale set to 12,032498965715492!
10/22/2025 12:29 AM // INFO // [GANTT] // Gantt chart rendered with 6 items on canvas.
10/22/2025 12:29 AM // INFO // [GANTT] // Canvas resized to 173,0091233777507x110 to fit all Gantt items.
10/22/2025 12:29 AM // INFO // [GANTT] // Canvases are ready to be used!
10/22/2025 12:29 AM // INFO // [GANTT] // Ruler drawn: 7 ticks and 4 labels.
10/22/2025 12:29 AM // INFO // [MODIFY] // Zoom level changed to 0,28311425682507585, scale set to 12,168187229625119!
10/22/2025 12:29 AM // INFO // [GANTT] // Gantt chart rendered with 6 items on canvas.
10/22/2025 12:29 AM // INFO // [GANTT] // Canvas resized to 173,41962452179976x110 to fit all Gantt items.
10/22/2025 12:29 AM // INFO // [GANTT] // Canvases are ready to be used!
10/22/2025 12:29 AM // INFO // [GANTT] // Ruler drawn: 7 ticks and 4 labels.
10/22/2025 12:29 AM // INFO // [MODIFY] // Zoom level changed to 0,29120323559150657, scale set to 12,236604086966626!
10/22/2025 12:29 AM // INFO // [GANTT] // Gantt chart rendered with 6 items on canvas.
10/22/2025 12:29 AM // INFO // [GANTT] // Canvas resized to 174,45600365748578x110 to fit all Gantt items.
10/22/2025 12:29 AM // INFO // [GANTT] // Canvases are ready to be used!
10/22/2025 12:29 AM // INFO // [GANTT] // Ruler drawn: 7 ticks and 4 labels.
10/22/2025 12:29 AM // INFO // [MODIFY] // Zoom level changed to 0,3114256825075834, scale set to 12,409333942914294!
10/22/2025 12:29 AM // INFO // [GANTT] // Gantt chart rendered with 6 items on canvas.
10/22/2025 12:29 AM // INFO // [GANTT] // Canvas resized to 174,87464003152598x110 to fit all Gantt items.
10/22/2025 12:29 AM // INFO // [GANTT] // Canvases are ready to be used!
10/22/2025 12:29 AM // INFO // [GANTT] // Ruler drawn: 7 ticks and 4 labels.
10/22/2025 12:29 AM // INFO // [MODIFY] // Zoom level changed to 0,3195146612740141, scale set to 12,479106671920997!
10/22/2025 12:29 AM // INFO // [GANTT] // Gantt chart rendered with 6 items on canvas.
10/22/2025 12:29 AM // INFO // [GANTT] // Canvas resized to 176,14472511740996x110 to fit all Gantt items.
10/22/2025 12:29 AM // INFO // [GANTT] // Canvases are ready to be used!
10/22/2025 12:29 AM // INFO // [GANTT] // Ruler drawn: 7 ticks and 4 labels.
10/22/2025 12:29 AM // INFO // [MODIFY] // Zoom level changed to 0,34378159757330634, scale set to 12,690787519568325!
10/22/2025 12:29 AM // INFO // [GANTT] // Gantt chart rendered with 6 items on canvas.
10/22/2025 12:29 AM // INFO // [GANTT] // Canvas resized to 177,43635442874466x110 to fit all Gantt items.
10/22/2025 12:29 AM // INFO // [GANTT] // Canvases are ready to be used!
10/22/2025 12:29 AM // INFO // [GANTT] // Ruler drawn: 7 ticks and 4 labels.
10/22/2025 12:29 AM // INFO // [MODIFY] // Zoom level changed to 0,36804853387259856, scale set to 12,906059071457447!
10/22/2025 12:29 AM // INFO // [GANTT] // Gantt chart rendered with 6 items on canvas.
10/22/2025 12:29 AM // INFO // [GANTT] // Canvas resized to 180,3105431344224x110 to fit all Gantt items.
10/22/2025 12:29 AM // INFO // [GANTT] // Canvases are ready to be used!
10/22/2025 12:29 AM // INFO // [GANTT] // Ruler drawn: 7 ticks and 4 labels.
10/22/2025 12:29 AM // INFO // [MODIFY] // Zoom level changed to 0,4206268958543984, scale set to 13,385090522403733!
10/22/2025 12:29 AM // INFO // [GANTT] // Gantt chart rendered with 6 items on canvas.
10/22/2025 12:29 AM // INFO // [GANTT] // Canvas resized to 182,13205021225536x110 to fit all Gantt items.
10/22/2025 12:29 AM // INFO // [GANTT] // Canvases are ready to be used!
10/22/2025 12:29 AM // INFO // [GANTT] // Ruler drawn: 7 ticks and 4 labels.
10/22/2025 12:29 AM // INFO // [MODIFY] // Zoom level changed to 0,4529828109201213, scale set to 13,688675035375892!
10/22/2025 12:29 AM // INFO // [GANTT] // Gantt chart rendered with 6 items on canvas.
10/22/2025 12:29 AM // INFO // [GANTT] // Canvas resized to 185,8999410784423x110 to fit all Gantt items.
10/22/2025 12:29 AM // INFO // [GANTT] // Canvases are ready to be used!
10/22/2025 12:29 AM // INFO // [GANTT] // Ruler drawn: 7 ticks and 4 labels.
10/22/2025 12:29 AM // INFO // [MODIFY] // Zoom level changed to 0,5176946410515673, scale set to 14,316656846407053!
10/22/2025 12:29 AM // INFO // [GANTT] // Gantt chart rendered with 6 items on canvas.
10/22/2025 12:29 AM // INFO // [GANTT] // Canvas resized to 188,34215561217752x110 to fit all Gantt items.
10/22/2025 12:29 AM // INFO // [GANTT] // Canvases are ready to be used!
10/22/2025 12:29 AM // INFO // [GANTT] // Ruler drawn: 7 ticks and 4 labels.
10/22/2025 12:29 AM // INFO // [MODIFY] // Zoom level changed to 0,5581395348837209, scale set to 14,723692602029585!
10/22/2025 12:29 AM // INFO // [GANTT] // Gantt chart rendered with 6 items on canvas.
10/22/2025 12:29 AM // INFO // [GANTT] // Canvas resized to 192,91444120067047x110 to fit all Gantt items.
10/22/2025 12:29 AM // INFO // [GANTT] // Canvases are ready to be used!
10/22/2025 12:29 AM // INFO // [GANTT] // Ruler drawn: 7 ticks and 7 labels.
10/22/2025 12:29 AM // INFO // [MODIFY] // Zoom level changed to 0,6309403437815976, scale set to 15,485740200111746!
10/22/2025 12:29 AM // INFO // [GANTT] // Gantt chart rendered with 6 items on canvas.
10/22/2025 12:29 AM // INFO // [GANTT] // Canvas resized to 195,55608444099522x110 to fit all Gantt items.
10/22/2025 12:29 AM // INFO // [GANTT] // Canvases are ready to be used!
10/22/2025 12:29 AM // INFO // [GANTT] // Ruler drawn: 7 ticks and 7 labels.
10/22/2025 12:29 AM // INFO // [MODIFY] // Zoom level changed to 0,6713852376137512, scale set to 15,926014073499204!
10/22/2025 12:29 AM // INFO // [GANTT] // Gantt chart rendered with 6 items on canvas.
10/22/2025 12:29 AM // INFO // [GANTT] // Canvas resized to 201,63507763025376x110 to fit all Gantt items.
10/22/2025 12:29 AM // INFO // [GANTT] // Canvases are ready to be used!
10/22/2025 12:29 AM // INFO // [GANTT] // Ruler drawn: 7 ticks and 7 labels.
10/22/2025 12:29 AM // INFO // [MODIFY] // Zoom level changed to 0,7603640040444893, scale set to 16,93917960504229!
10/22/2025 12:29 AM // INFO // [GANTT] // Gantt chart rendered with 6 items on canvas.
10/22/2025 12:29 AM // INFO // [GANTT] // Canvas resized to 208,4042760646891x110 to fit all Gantt items.
10/22/2025 12:29 AM // INFO // [GANTT] // Canvases are ready to be used!
10/22/2025 12:29 AM // INFO // [GANTT] // Ruler drawn: 7 ticks and 7 labels.
10/22/2025 12:29 AM // INFO // [MODIFY] // Zoom level changed to 0,8533872598584429, scale set to 18,06737934411485!
10/22/2025 12:29 AM // INFO // [GANTT] // Gantt chart rendered with 6 items on canvas.
10/22/2025 12:29 AM // INFO // [GANTT] // Canvas resized to 216,27443264078974x110 to fit all Gantt items.
10/22/2025 12:29 AM // INFO // [GANTT] // Canvases are ready to be used!
10/22/2025 12:29 AM // INFO // [GANTT] // Ruler drawn: 7 ticks and 7 labels.
10/22/2025 12:29 AM // INFO // [MODIFY] // Zoom level changed to 0,9544994944388271, scale set to 19,37907210679829!
10/22/2025 12:29 AM // INFO // [GANTT] // Gantt chart rendered with 6 items on canvas.
10/22/2025 12:29 AM // INFO // [GANTT] // Canvas resized to 220,59016603914802x110 to fit all Gantt items.
10/22/2025 12:29 AM // INFO // [GANTT] // Canvases are ready to be used!
10/22/2025 12:29 AM // INFO // [GANTT] // Ruler drawn: 7 ticks and 7 labels.
10/22/2025 12:29 AM // INFO // [MODIFY] // Zoom level changed to 1,0070778564206269, scale set to 20,09836100652467!
10/22/2025 12:29 AM // INFO // [GANTT] // Gantt chart rendered with 6 items on canvas.
10/22/2025 12:29 AM // INFO // [GANTT] // Canvas resized to 251,75671886675406x110 to fit all Gantt items.
10/22/2025 12:29 AM // INFO // [GANTT] // Canvases are ready to be used!
10/22/2025 12:29 AM // INFO // [GANTT] // Ruler drawn: 7 ticks and 7 labels.
10/22/2025 12:29 AM // INFO // [MODIFY] // Zoom level changed to 1,3387259858442877, scale set to 25,292786477792344!
10/22/2025 12:29 AM // INFO // [GANTT] // Gantt chart rendered with 6 items on canvas.
10/22/2025 12:29 AM // INFO // [GANTT] // Canvas resized to 263,68947993170354x110 to fit all Gantt items.
10/22/2025 12:29 AM // INFO // [GANTT] // Canvases are ready to be used!
10/22/2025 12:29 AM // INFO // [GANTT] // Ruler drawn: 7 ticks and 7 labels.
10/22/2025 12:29 AM // INFO // [MODIFY] // Zoom level changed to 1,4479271991911022, scale set to 27,281579988617256!
10/22/2025 12:29 AM // INFO // [GANTT] // Gantt chart rendered with 6 items on canvas.
10/22/2025 12:29 AM // INFO // [GANTT] // Canvas resized to 276,0662429688771x110 to fit all Gantt items.
10/22/2025 12:29 AM // INFO // [GANTT] // Canvases are ready to be used!
10/22/2025 12:29 AM // INFO // [GANTT] // Ruler drawn: 7 ticks and 7 labels.
10/22/2025 12:29 AM // INFO // [MODIFY] // Zoom level changed to 1,5530839231547018, scale set to 29,344373828146182!
10/22/2025 12:29 AM // INFO // [GANTT] // Gantt chart rendered with 6 items on canvas.
10/22/2025 12:29 AM // INFO // [GANTT] // Canvas resized to 289,91048278006895x110 to fit all Gantt items.
10/22/2025 12:29 AM // INFO // [GANTT] // Canvases are ready to be used!
10/22/2025 12:29 AM // INFO // [GANTT] // Ruler drawn: 7 ticks and 7 labels.
10/22/2025 12:29 AM // INFO // [MODIFY] // Zoom level changed to 1,6622851365015168, scale set to 31,651747130011486!
10/22/2025 12:29 AM // INFO // [GANTT] // Gantt chart rendered with 6 items on canvas.
10/22/2025 12:29 AM // INFO // [GANTT] // Canvas resized to 304,26984811389997x110 to fit all Gantt items.
10/22/2025 12:29 AM // INFO // [GANTT] // Canvases are ready to be used!
10/22/2025 12:29 AM // INFO // [GANTT] // Ruler drawn: 7 ticks and 7 labels.
10/22/2025 12:29 AM // INFO // [MODIFY] // Zoom level changed to 1,7674418604651163, scale set to 34,04497468565!
10/22/2025 12:29 AM // INFO // [GANTT] // Gantt chart rendered with 6 items on canvas.
10/22/2025 12:29 AM // INFO // [GANTT] // Canvas resized to 311,25860973747143x110 to fit all Gantt items.
10/22/2025 12:29 AM // INFO // [GANTT] // Canvases are ready to be used!
10/22/2025 12:29 AM // INFO // [GANTT] // Ruler drawn: 7 ticks and 7 labels.
10/22/2025 12:29 AM // INFO // [MODIFY] // Zoom level changed to 1,8159757330637007, scale set to 35,20976828957857!
10/22/2025 12:29 AM // INFO // [GANTT] // Gantt chart rendered with 6 items on canvas.
10/22/2025 12:29 AM // INFO // [GANTT] // Canvas resized to 325,96164115573384x110 to fit all Gantt items.
10/22/2025 12:29 AM // INFO // [GANTT] // Canvases are ready to be used!
10/22/2025 12:29 AM // INFO // [GANTT] // Ruler drawn: 7 ticks and 7 labels.
10/22/2025 12:29 AM // INFO // [MODIFY] // Zoom level changed to 1,9130434782608696, scale set to 37,66027352595564!
10/22/2025 12:29 AM // INFO // [GANTT] // Gantt chart rendered with 6 items on canvas.
10/22/2025 12:29 AM // INFO // [GANTT] // Canvas resized to 339,6638244963311x110 to fit all Gantt items.
10/22/2025 12:29 AM // INFO // [GANTT] // Canvases are ready to be used!
10/22/2025 12:29 AM // INFO // [GANTT] // Ruler drawn: 7 ticks and 7 labels.
10/22/2025 12:29 AM // INFO // [MODIFY] // Zoom level changed to 1,9979777553083924, scale set to 39,94397074938851!
10/22/2025 12:29 AM // INFO // [GANTT] // Gantt chart rendered with 6 items on canvas.
10/22/2025 12:29 AM // INFO // [GANTT] // Canvas resized to 340x110 to fit all Gantt items.
10/22/2025 12:29 AM // INFO // [GANTT] // Canvases are ready to be used!
10/22/2025 12:29 AM // INFO // [GANTT] // Ruler drawn: 7 ticks and 7 labels.
10/22/2025 12:29 AM // INFO // [MODIFY] // Zoom level changed to 2, scale set to 40!
