10/18/2025 4:17 AM // INFO // [INITIALIZATION] // Beginning initialization...
10/18/2025 4:17 AM // INFO // [SAVE] // Custom solvers loaded from JSON file!
10/18/2025 4:17 AM // INFO // [INITIALIZATION] // Johnson's Rule solver added!
10/18/2025 4:17 AM // INFO // [INITIALIZATION] // List Scheduling solver added!
10/18/2025 4:17 AM // INFO // [INITIALIZATION] // {cs.Name} ({cs.TypeID} type) solver added!
10/18/2025 4:17 AM // INFO // [INITIALIZATION] // Solver menu successfully built!
10/18/2025 4:17 AM // INFO // [CONSTRAINT] // Saving and closing are disabled for as long as there are no files opened.
10/18/2025 4:17 AM // INFO // [INITIALIZATION] // Initialization complete!
10/18/2025 4:17 AM // INFO // [LOAD] // Open file dialog initiated...
10/18/2025 4:17 AM // INFO // [DATATABLE] // Master Recipe Table datatable displayed in new tab!
10/18/2025 4:17 AM // INFO // [DATATABLE] // Recipe Elements Table datatable displayed in new tab!
10/18/2025 4:17 AM // INFO // [DATATABLE] // Steps Table datatable displayed in new tab!
10/18/2025 4:17 AM // INFO // [LOAD] // BatchML file loaded and data tables populated!
10/18/2025 4:17 AM // INFO // [CONSTRAINT] // Saving and closing are disabled for as long as there are no files opened.
10/18/2025 4:17 AM // INFO // [LOAD] // BatchML file loaded from C:\Users\Phant0m\Desktop\THESIS_LIPX05\test.xml!
10/18/2025 4:17 AM // WARNING // [DATATABLE] // InternalKey column could not be found in DataGrid for Recipe Elements Table after loading!
10/18/2025 4:17 AM // INFO // [DATATABLE] // InternalKey column successfully hidden in 'Recipe Elements Table.'
10/18/2025 4:17 AM // INFO // [SYNC] // Found RecipeElement by BatchML ID: Index Forming-Module
10/18/2025 4:17 AM // INFO // [SYNC] // Synchronized DataRow to XML for table "RecipeElements".
10/18/2025 4:17 AM // INFO // [SAVE] // BatchML file successfully saved as C:\Users\Phant0m\Desktop\THESIS_LIPX05\test_isFaulty.xml
10/18/2025 4:18 AM // INFO // [SYNC] // Found RecipeElement by BatchML ID: Index Final-Module
10/18/2025 4:18 AM // INFO // [SYNC] // Synchronized DataRow to XML for table "RecipeElements".
10/18/2025 4:18 AM // INFO // [SAVE] // BatchML file successfully saved as C:\Users\Phant0m\Desktop\THESIS_LIPX05\test_isFaulty.xml
10/18/2025 4:18 AM // INFO // [SYNC] // Found RecipeElement by BatchML ID: Index Mixing-Module
10/18/2025 4:18 AM // INFO // [SYNC] // Synchronized DataRow to XML for table "RecipeElements".
10/18/2025 4:18 AM // INFO // [SAVE] // BatchML file successfully saved as C:\Users\Phant0m\Desktop\THESIS_LIPX05\test_isFaulty.xml
10/18/2025 4:18 AM // INFO // [SYNC] // Found RecipeElement by BatchML ID: Index Forming-Module
10/18/2025 4:18 AM // INFO // [SYNC] // Synchronized DataRow to XML for table "RecipeElements".
10/18/2025 4:19 AM // INFO // [SAVE] // BatchML file successfully saved as C:\Users\Phant0m\Desktop\THESIS_LIPX05\test_isFaulty.xml
10/18/2025 4:19 AM // INFO // [SYNC] // Found RecipeElement by BatchML ID: Index Final-Module
10/18/2025 4:19 AM // INFO // [SYNC] // Synchronized DataRow to XML for table "RecipeElements".
10/18/2025 4:19 AM // INFO // [SAVE] // BatchML file successfully saved as C:\Users\Phant0m\Desktop\THESIS_LIPX05\test_isFaulty.xml
10/18/2025 4:19 AM // INFO // [SYNC] // Found RecipeElement by BatchML ID: Index Mixing-Module
10/18/2025 4:19 AM // INFO // [SYNC] // Synchronized DataRow to XML for table "RecipeElements".
10/18/2025 4:19 AM // INFO // [SYNC] // Found RecipeElement by BatchML ID: Index Forming-Module
10/18/2025 4:19 AM // INFO // [SYNC] // Synchronized DataRow to XML for table "RecipeElements".
10/18/2025 4:19 AM // WARNING // [CLOSE] // Attempting to close file with unsaved changes; prompting user!
10/18/2025 4:19 AM // INFO // [SYNC] // Changes made to Master Recipe table synced to XML!
10/18/2025 4:19 AM // INFO // [SYNC] // Found RecipeElement by BatchML ID: Index Mixing-Module
10/18/2025 4:19 AM // INFO // [SYNC] // Synchronized DataRow to XML for table "RecipeElements".
10/18/2025 4:19 AM // INFO // [SYNC] // Found RecipeElement by BatchML ID: Index Forming-Module
10/18/2025 4:19 AM // INFO // [SYNC] // Synchronized DataRow to XML for table "RecipeElements".
10/18/2025 4:19 AM // INFO // [SYNC] // Found RecipeElement by BatchML ID: Index Final-Module
10/18/2025 4:19 AM // INFO // [SYNC] // Synchronized DataRow to XML for table "RecipeElements".
10/18/2025 4:19 AM // INFO // [SYNC] // Found existing XML element for table "Steps" matching the DataRow keys.
10/18/2025 4:19 AM // INFO // [SYNC] // Synchronized DataRow to XML for table "Steps".
10/18/2025 4:19 AM // INFO // [SYNC] // Found existing XML element for table "Steps" matching the DataRow keys.
10/18/2025 4:19 AM // INFO // [SYNC] // Synchronized DataRow to XML for table "Steps".
10/18/2025 4:19 AM // INFO // [SYNC] // Found existing XML element for table "Steps" matching the DataRow keys.
10/18/2025 4:19 AM // INFO // [SYNC] // Synchronized DataRow to XML for table "Steps".
10/18/2025 4:19 AM // INFO // [SAVE] // BatchML file successfully saved as C:\Users\Phant0m\Desktop\THESIS_LIPX05\test_isFaulty.xml
10/18/2025 4:20 AM // INFO // [CLEAR] // SGraphCanvas has been cleared!
10/18/2025 4:20 AM // INFO // [CLEAR] // GanttCanvas has been cleared!
10/18/2025 4:20 AM // INFO // [CLEAR] // RulerCanvas has been cleared!
10/18/2025 4:20 AM // INFO // [CLEAR] // S-Graph nodes cleared!
10/18/2025 4:20 AM // INFO // [CLEAR] // S-Graph edges cleared!
10/18/2025 4:20 AM // INFO // [CLEAR] // Master Recipe Table datatable purged!
10/18/2025 4:20 AM // INFO // [CLEAR] // Recipe Elements Table datatable purged!
10/18/2025 4:20 AM // INFO // [CLEAR] // Steps Table datatable purged!
10/18/2025 4:20 AM // INFO // [CLEAR] // _Gantt chart tab removed!
10/18/2025 4:20 AM // INFO // [CLEAR] // _Gantt chart tab removed!
10/18/2025 4:20 AM // INFO // [CLEAR] // _Gantt chart tab removed!
10/18/2025 4:20 AM // INFO // [CONSTRAINT] // Saving and closing are disabled for as long as there are no files opened.
10/18/2025 4:20 AM // INFO // [CLOSE] // BatchML file closed and all data cleared!
10/18/2025 4:20 AM // INFO // [LOAD] // Open file dialog initiated...
10/18/2025 4:20 AM // INFO // [SYNC] // Changes made to Master Recipe table synced to XML!
10/18/2025 4:20 AM // INFO // [DATATABLE] // Master Recipe Table datatable displayed in new tab!
10/18/2025 4:20 AM // INFO // [SYNC] // Found RecipeElement by BatchML ID: Index Mixing-Module
10/18/2025 4:20 AM // INFO // [SYNC] // Synchronized DataRow to XML for table "RecipeElements".
10/18/2025 4:20 AM // INFO // [SYNC] // Found RecipeElement by BatchML ID: Index Forming-Module
10/18/2025 4:20 AM // INFO // [SYNC] // Synchronized DataRow to XML for table "RecipeElements".
10/18/2025 4:20 AM // INFO // [SYNC] // Found RecipeElement by BatchML ID: Index Final-Module
10/18/2025 4:20 AM // INFO // [SYNC] // Synchronized DataRow to XML for table "RecipeElements".
10/18/2025 4:20 AM // INFO // [DATATABLE] // Recipe Elements Table datatable displayed in new tab!
10/18/2025 4:20 AM // INFO // [SYNC] // Found existing XML element for table "Steps" matching the DataRow keys.
10/18/2025 4:20 AM // INFO // [SYNC] // Synchronized DataRow to XML for table "Steps".
10/18/2025 4:20 AM // INFO // [SYNC] // Found existing XML element for table "Steps" matching the DataRow keys.
10/18/2025 4:20 AM // INFO // [SYNC] // Synchronized DataRow to XML for table "Steps".
10/18/2025 4:20 AM // INFO // [SYNC] // Found existing XML element for table "Steps" matching the DataRow keys.
10/18/2025 4:20 AM // INFO // [SYNC] // Synchronized DataRow to XML for table "Steps".
10/18/2025 4:20 AM // INFO // [DATATABLE] // Steps Table datatable displayed in new tab!
10/18/2025 4:20 AM // INFO // [LOAD] // BatchML file loaded and data tables populated!
10/18/2025 4:20 AM // INFO // [CONSTRAINT] // Saving and closing are disabled for as long as there are no files opened.
10/18/2025 4:20 AM // INFO // [LOAD] // BatchML file loaded from C:\Users\Phant0m\Desktop\THESIS_LIPX05\test_isFaulty.xml!
10/18/2025 4:20 AM // WARNING // [DATATABLE] // InternalKey column could not be found in DataGrid for Recipe Elements Table after loading!
10/18/2025 4:20 AM // INFO // [DATATABLE] // InternalKey column successfully hidden in 'Recipe Elements Table.'
10/18/2025 4:20 AM // INFO // [DATATABLE] // InternalKey column successfully hidden in 'Recipe Elements Table.'
10/18/2025 4:20 AM // INFO // [SYNC] // Found RecipeElement by BatchML ID: Index Forming-Module
10/18/2025 4:20 AM // INFO // [SYNC] // Synchronized DataRow to XML for table "RecipeElements".
10/18/2025 4:20 AM // INFO // [SYNC] // Found RecipeElement by BatchML ID: Index Forming-Module
10/18/2025 4:20 AM // INFO // [SYNC] // Synchronized DataRow to XML for table "RecipeElements".
10/18/2025 4:20 AM // INFO // [SYNC] // Found existing XML element for table "RecipeElements" matching the DataRow keys.
10/18/2025 4:20 AM // INFO // [SYNC] // Synchronized DataRow to XML for table "RecipeElements".
10/18/2025 4:20 AM // INFO // [SYNC] // Found RecipeElement by BatchML ID: Index Portioning-Module
10/18/2025 4:20 AM // INFO // [SYNC] // Synchronized DataRow to XML for table "RecipeElements".
10/18/2025 4:21 AM // INFO // [SYNC] // Found existing XML element for table "RecipeElements" matching the DataRow keys.
10/18/2025 4:21 AM // INFO // [SYNC] // Synchronized DataRow to XML for table "RecipeElements".
10/18/2025 4:21 AM // INFO // [SYNC] // Found RecipeElement by BatchML ID: Index Processing-Module
10/18/2025 4:21 AM // INFO // [SYNC] // Synchronized DataRow to XML for table "RecipeElements".
10/18/2025 4:21 AM // INFO // [SYNC] // Found existing XML element for table "RecipeElements" matching the DataRow keys.
10/18/2025 4:21 AM // INFO // [SYNC] // Synchronized DataRow to XML for table "RecipeElements".
10/18/2025 4:21 AM // INFO // [SYNC] // Found RecipeElement by BatchML ID: Index Deporting-Module
10/18/2025 4:21 AM // INFO // [SYNC] // Synchronized DataRow to XML for table "RecipeElements".
10/18/2025 4:21 AM // INFO // [SAVE] // BatchML file successfully saved as C:\Users\Phant0m\Desktop\THESIS_LIPX05\test_isFaulty.xml
