11/20/2025 9:32 PM // INFO // [INITIALIZATION] // Beginning initialization...
11/20/2025 9:32 PM // INFO // [SAVE] // Custom solvers loaded from JSON file!
11/20/2025 9:32 PM // INFO // [INITIALIZATION] // Johnson's Rule solver added!
11/20/2025 9:32 PM // INFO // [INITIALIZATION] // List Scheduling solver added!
11/20/2025 9:32 PM // INFO // [INITIALIZATION] // {cs.Name} ({cs.TypeID} type) solver added!
11/20/2025 9:32 PM // INFO // [INITIALIZATION] // {cs.Name} ({cs.TypeID} type) solver added!
11/20/2025 9:32 PM // INFO // [INITIALIZATION] // Solver menu successfully built!
11/20/2025 9:32 PM // INFO // [CONSTRAINT] // Saving and closing are disabled for as long as there are no files opened.
11/20/2025 9:32 PM // INFO // [INITIALIZATION] // Initialization complete!
11/20/2025 9:32 PM // WARNING // [S_GRAPH] // No BatchML file loaded, drawing example S-Graph!
11/20/2025 9:32 PM // INFO // [S_GRAPH] // Node J1_M1 at 100;50
11/20/2025 9:32 PM // INFO // [S_GRAPH] // Node J1_M2 at 400;50
11/20/2025 9:32 PM // INFO // [S_GRAPH] // Node P1 at 700;50
11/20/2025 9:32 PM // INFO // [S_GRAPH] // Node J2_M1 at 100;200
11/20/2025 9:32 PM // INFO // [S_GRAPH] // Node J2_M2 at 400;200
11/20/2025 9:32 PM // INFO // [S_GRAPH] // Node P2 at 700;200
11/20/2025 9:32 PM // INFO // [S_GRAPH] // Node J3_M1 at 100;350
11/20/2025 9:32 PM // INFO // [S_GRAPH] // Node J3_M2 at 400;350
11/20/2025 9:32 PM // INFO // [S_GRAPH] // Node P3 at 700;350
11/20/2025 9:32 PM // INFO // [S_GRAPH] // Curve value of edge (J1_M1 to J1_M2) set to 25,00
11/20/2025 9:32 PM // INFO // [S_GRAPH] // Edge drawn from (170,0;85,0) to (400,0;85,0)!
11/20/2025 9:32 PM // INFO // [S_GRAPH] // Weight 36 drawn at (285;97,5)!
11/20/2025 9:32 PM // INFO // [S_GRAPH] // Edge from J1_M1 to J1_M2 with cost 0 drawn.
11/20/2025 9:32 PM // INFO // [S_GRAPH] // Edge drawn from (470,0;85,0) to (700,0;85,0)!
11/20/2025 9:32 PM // INFO // [S_GRAPH] // Weight 30 drawn at (585;85)!
11/20/2025 9:32 PM // INFO // [S_GRAPH] // Edge from J1_M2 to P1 with cost 0 drawn.
11/20/2025 9:32 PM // INFO // [S_GRAPH] // Curve value of edge (J2_M1 to J2_M2) set to 25,00
11/20/2025 9:32 PM // INFO // [S_GRAPH] // Edge drawn from (170,0;235,0) to (400,0;235,0)!
11/20/2025 9:32 PM // INFO // [S_GRAPH] // Weight 12 drawn at (285;247,5)!
11/20/2025 9:32 PM // INFO // [S_GRAPH] // Edge from J2_M1 to J2_M2 with cost 0 drawn.
11/20/2025 9:32 PM // INFO // [S_GRAPH] // Edge drawn from (470,0;235,0) to (700,0;235,0)!
11/20/2025 9:32 PM // INFO // [S_GRAPH] // Weight 40 drawn at (585;235)!
11/20/2025 9:32 PM // INFO // [S_GRAPH] // Edge from J2_M2 to P2 with cost 0 drawn.
11/20/2025 9:32 PM // INFO // [S_GRAPH] // Curve value of edge (J3_M1 to J3_M2) set to 25,00
11/20/2025 9:32 PM // INFO // [S_GRAPH] // Edge drawn from (170,0;385,0) to (400,0;385,0)!
11/20/2025 9:32 PM // INFO // [S_GRAPH] // Weight 12 drawn at (285;397,5)!
11/20/2025 9:32 PM // INFO // [S_GRAPH] // Edge from J3_M1 to J3_M2 with cost 0 drawn.
11/20/2025 9:32 PM // INFO // [S_GRAPH] // Edge drawn from (470,0;385,0) to (700,0;385,0)!
11/20/2025 9:32 PM // INFO // [S_GRAPH] // Weight 49 drawn at (585;385)!
11/20/2025 9:32 PM // INFO // [S_GRAPH] // Edge from J3_M2 to P3 with cost 0 drawn.
11/20/2025 9:32 PM // INFO // [S_GRAPH] // Canvas resized to 820x470!
11/20/2025 9:32 PM // INFO // [INITIALIZATION] // Johnson's Rule solver enabled!
11/20/2025 9:32 PM // INFO // [INITIALIZATION] // List Scheduling solver enabled!
11/20/2025 9:32 PM // INFO // [INITIALIZATION] // Dijkstra solver enabled!
11/20/2025 9:32 PM // INFO // [INITIALIZATION] // Simulated Annealing solver enabled!
11/20/2025 9:32 PM // INFO // [INITIALIZATION] //  solver enabled!
11/20/2025 9:32 PM // INFO // [CONSTRAINT] // Saving and closing are disabled for as long as there are no files opened.
11/20/2025 9:32 PM // INFO // [INTEG_SOLVER] // Johnson's Rule solver selected!
11/20/2025 9:32 PM // INFO // [INTEG_SOLVER] // Starting Johnson's Rule solver...
11/20/2025 9:32 PM // INFO // [Johnson's Rule Optimizer] // Optimized job sequence: J2 -> J3 -> J1
11/20/2025 9:32 PM // INFO // [Johnson's Rule Optimizer] // Cleared all existing S-Graph edges for sequence rebuild.
11/20/2025 9:32 PM // INFO // [Johnson's Rule Optimizer] // Graph rebuilt with necessary technological constraints (cost=duration) and zero-cost sequential constraints.
11/20/2025 9:32 PM // INFO // [Johnson's Rule Optimizer] // Node J2_M1 added to topological order.
11/20/2025 9:32 PM // INFO // [Johnson's Rule Optimizer] // Decreased in-degree of J2_M2 to 0.
11/20/2025 9:32 PM // INFO // [Johnson's Rule Optimizer] // Decreased in-degree of J3_M1 to 0.
11/20/2025 9:32 PM // INFO // [Johnson's Rule Optimizer] // Node J2_M2 added to topological order.
11/20/2025 9:32 PM // INFO // [Johnson's Rule Optimizer] // Decreased in-degree of J3_M2 to 1.
11/20/2025 9:32 PM // INFO // [Johnson's Rule Optimizer] // Decreased in-degree of P2 to 0.
11/20/2025 9:32 PM // INFO // [Johnson's Rule Optimizer] // Node J3_M1 added to topological order.
11/20/2025 9:32 PM // INFO // [Johnson's Rule Optimizer] // Decreased in-degree of J3_M2 to 0.
11/20/2025 9:32 PM // INFO // [Johnson's Rule Optimizer] // Decreased in-degree of J1_M1 to 0.
11/20/2025 9:32 PM // INFO // [Johnson's Rule Optimizer] // Node P2 added to topological order.
11/20/2025 9:32 PM // INFO // [Johnson's Rule Optimizer] // Node J3_M2 added to topological order.
11/20/2025 9:32 PM // INFO // [Johnson's Rule Optimizer] // Decreased in-degree of J1_M2 to 1.
11/20/2025 9:32 PM // INFO // [Johnson's Rule Optimizer] // Decreased in-degree of P3 to 0.
11/20/2025 9:32 PM // INFO // [Johnson's Rule Optimizer] // Node J1_M1 added to topological order.
11/20/2025 9:32 PM // INFO // [Johnson's Rule Optimizer] // Decreased in-degree of J1_M2 to 0.
11/20/2025 9:32 PM // INFO // [Johnson's Rule Optimizer] // Node P3 added to topological order.
11/20/2025 9:32 PM // INFO // [Johnson's Rule Optimizer] // Node J1_M2 added to topological order.
11/20/2025 9:32 PM // INFO // [Johnson's Rule Optimizer] // Decreased in-degree of P1 to 0.
11/20/2025 9:32 PM // INFO // [Johnson's Rule Optimizer] // Node P1 added to topological order.
11/20/2025 9:32 PM // INFO // [Johnson's Rule Optimizer] // Topological sort completed successfully.
11/20/2025 9:32 PM // INFO // [GANTT] // Node J2_M1 EST is 0 (no predecessors).
11/20/2025 9:32 PM // INFO // [GANTT] // Node J2_M2 EST is determined by J2_M1 (EST: 12,00).
11/20/2025 9:32 PM // INFO // [GANTT] // Node J3_M1 EST is determined by J2_M1 (EST: 12,00).
11/20/2025 9:32 PM // INFO // [GANTT] // Node J3_M2 EST is determined by J2_M2 (EST: 52,00).
11/20/2025 9:32 PM // INFO // [GANTT] // Node J1_M1 EST is determined by J3_M1 (EST: 24,00).
11/20/2025 9:32 PM // INFO // [GANTT] // Node J1_M2 EST is determined by J3_M2 (EST: 101,00).
11/20/2025 9:32 PM // INFO // [GANTT] // Gantt chart built with 6 items from path with 9 nodes.
11/20/2025 9:32 PM // INFO // [GANTT] // Gantt data built with 6 items from optimized path using Johnson's Rule!
11/20/2025 9:32 PM // INFO // [GANTT] // Canvases are ready to be used!
11/20/2025 9:32 PM // INFO // [GANTT] // Ruler drawn: 132 ticks and 66 labels.
11/20/2025 9:32 PM // INFO // [GANTT] // Gantt chart rendered with 6 items on canvas.
11/20/2025 9:32 PM // INFO // [GANTT] // Canvas resized to 1410x110 to fit all Gantt items.
11/20/2025 9:32 PM // INFO // [GANTT] // Johnson's Rule schedule rendered successfully!
11/20/2025 9:32 PM // INFO // [S_GRAPH] // Node J1_M1 at 100;50
11/20/2025 9:32 PM // INFO // [S_GRAPH] // Node J1_M2 at 400;50
11/20/2025 9:32 PM // INFO // [S_GRAPH] // Node P1 at 700;50
11/20/2025 9:32 PM // INFO // [S_GRAPH] // Node J2_M1 at 100;200
11/20/2025 9:32 PM // INFO // [S_GRAPH] // Node J2_M2 at 400;200
11/20/2025 9:32 PM // INFO // [S_GRAPH] // Node P2 at 700;200
11/20/2025 9:32 PM // INFO // [S_GRAPH] // Node J3_M1 at 100;350
11/20/2025 9:32 PM // INFO // [S_GRAPH] // Node J3_M2 at 400;350
11/20/2025 9:32 PM // INFO // [S_GRAPH] // Node P3 at 700;350
11/20/2025 9:32 PM // INFO // [S_GRAPH] // Curve value of edge (J1_M1 to J1_M2) set to 25,00
11/20/2025 9:32 PM // INFO // [S_GRAPH] // Edge drawn from (170,0;85,0) to (400,0;85,0)!
11/20/2025 9:32 PM // INFO // [S_GRAPH] // Weight 36 drawn at (285;97,5)!
11/20/2025 9:32 PM // INFO // [S_GRAPH] // Edge from J1_M1 to J1_M2 with cost 0 drawn.
11/20/2025 9:32 PM // INFO // [S_GRAPH] // Curve value of edge (J2_M1 to J2_M2) set to 25,00
11/20/2025 9:32 PM // INFO // [S_GRAPH] // Edge drawn from (170,0;235,0) to (400,0;235,0)!
11/20/2025 9:32 PM // INFO // [S_GRAPH] // Weight 12 drawn at (285;247,5)!
11/20/2025 9:32 PM // INFO // [S_GRAPH] // Edge from J2_M1 to J2_M2 with cost 0 drawn.
11/20/2025 9:32 PM // INFO // [S_GRAPH] // Curve value of edge (J3_M1 to J3_M2) set to 25,00
11/20/2025 9:32 PM // INFO // [S_GRAPH] // Edge drawn from (170,0;385,0) to (400,0;385,0)!
11/20/2025 9:32 PM // INFO // [S_GRAPH] // Weight 12 drawn at (285;397,5)!
11/20/2025 9:32 PM // INFO // [S_GRAPH] // Edge from J3_M1 to J3_M2 with cost 0 drawn.
11/20/2025 9:32 PM // INFO // [S_GRAPH] // Curve value of edge (J2_M1 to J3_M1) set to -25,00
11/20/2025 9:32 PM // INFO // [S_GRAPH] // Edge drawn from (135,0;270,0) to (135,0;350,0)!
11/20/2025 9:32 PM // INFO // [S_GRAPH] // Weight 12 drawn at (147,5;310)!
11/20/2025 9:32 PM // INFO // [S_GRAPH] // Edge from J2_M1 to J3_M1 with cost 0 drawn.
11/20/2025 9:32 PM // INFO // [S_GRAPH] // Curve value of edge (J2_M2 to J3_M2) set to -25,00
11/20/2025 9:32 PM // INFO // [S_GRAPH] // Edge drawn from (435,0;270,0) to (435,0;350,0)!
11/20/2025 9:32 PM // INFO // [S_GRAPH] // Weight 40 drawn at (447,5;310)!
11/20/2025 9:32 PM // INFO // [S_GRAPH] // Edge from J2_M2 to J3_M2 with cost 0 drawn.
11/20/2025 9:32 PM // INFO // [S_GRAPH] // Curve value of edge (J3_M1 to J1_M1) set to -25,00
11/20/2025 9:32 PM // INFO // [S_GRAPH] // Edge drawn from (135,0;350,0) to (135,0;120,0)!
11/20/2025 9:32 PM // INFO // [S_GRAPH] // Weight 12 drawn at (122,5;235)!
11/20/2025 9:32 PM // INFO // [S_GRAPH] // Edge from J3_M1 to J1_M1 with cost 0 drawn.
11/20/2025 9:32 PM // INFO // [S_GRAPH] // Curve value of edge (J3_M2 to J1_M2) set to -25,00
11/20/2025 9:32 PM // INFO // [S_GRAPH] // Edge drawn from (435,0;350,0) to (435,0;120,0)!
11/20/2025 9:32 PM // INFO // [S_GRAPH] // Weight 49 drawn at (422,5;235)!
11/20/2025 9:32 PM // INFO // [S_GRAPH] // Edge from J3_M2 to J1_M2 with cost 0 drawn.
11/20/2025 9:32 PM // INFO // [S_GRAPH] // Edge drawn from (470,0;235,0) to (700,0;235,0)!
11/20/2025 9:32 PM // INFO // [S_GRAPH] // Weight 40 drawn at (585;235)!
11/20/2025 9:32 PM // INFO // [S_GRAPH] // Edge from J2_M2 to P2 with cost 0 drawn.
11/20/2025 9:32 PM // INFO // [S_GRAPH] // Edge drawn from (470,0;385,0) to (700,0;385,0)!
11/20/2025 9:32 PM // INFO // [S_GRAPH] // Weight 49 drawn at (585;385)!
11/20/2025 9:32 PM // INFO // [S_GRAPH] // Edge from J3_M2 to P3 with cost 0 drawn.
11/20/2025 9:32 PM // INFO // [S_GRAPH] // Edge drawn from (470,0;85,0) to (700,0;85,0)!
11/20/2025 9:32 PM // INFO // [S_GRAPH] // Weight 30 drawn at (585;85)!
11/20/2025 9:32 PM // INFO // [S_GRAPH] // Edge from J1_M2 to P1 with cost 0 drawn.
11/20/2025 9:32 PM // INFO // [S_GRAPH] // Canvas resized to 820x470!
11/20/2025 9:32 PM // INFO // [GANTT] // Gantt chart rendered with 6 items on canvas.
11/20/2025 9:32 PM // INFO // [GANTT] // Canvas resized to 1413,6776411903577x110 to fit all Gantt items.
11/20/2025 9:32 PM // INFO // [GANTT] // Canvases are ready to be used!
11/20/2025 9:32 PM // INFO // [GANTT] // Ruler drawn: 132 ticks and 66 labels.
11/20/2025 9:32 PM // INFO // [MODIFY] // Zoom level changed to 0,004044489383215369, scale set to 10,028073596872959!
11/20/2025 9:32 PM // INFO // [GANTT] // Gantt chart rendered with 6 items on canvas.
11/20/2025 9:32 PM // INFO // [GANTT] // Canvas resized to 1417,3656068423377x110 to fit all Gantt items.
11/20/2025 9:32 PM // INFO // [GANTT] // Canvases are ready to be used!
11/20/2025 9:32 PM // INFO // [GANTT] // Ruler drawn: 132 ticks and 66 labels.
11/20/2025 9:32 PM // INFO // [MODIFY] // Zoom level changed to 0,008088978766430738, scale set to 10,056226006430059!
11/20/2025 9:32 PM // INFO // [GANTT] // Gantt chart rendered with 6 items on canvas.
11/20/2025 9:32 PM // INFO // [GANTT] // Canvas resized to 1454,8195257959637x110 to fit all Gantt items.
11/20/2025 9:32 PM // INFO // [GANTT] // Canvases are ready to be used!
11/20/2025 9:32 PM // INFO // [GANTT] // Ruler drawn: 132 ticks and 66 labels.
11/20/2025 9:32 PM // INFO // [MODIFY] // Zoom level changed to 0,048533872598584424, scale set to 10,342133784702014!
11/20/2025 9:32 PM // INFO // [GANTT] // Gantt chart rendered with 6 items on canvas.
11/20/2025 9:32 PM // INFO // [GANTT] // Canvas resized to 1541,0091045984914x110 to fit all Gantt items.
11/20/2025 9:32 PM // INFO // [GANTT] // Canvases are ready to be used!
11/20/2025 9:32 PM // INFO // [GANTT] // Ruler drawn: 132 ticks and 66 labels.
11/20/2025 9:32 PM // INFO // [MODIFY] // Zoom level changed to 0,13751263902932254, scale set to 11,000069500751843!
11/20/2025 9:32 PM // INFO // [GANTT] // Gantt chart rendered with 6 items on canvas.
11/20/2025 9:32 PM // INFO // [GANTT] // Canvas resized to 1707,4953193146607x110 to fit all Gantt items.
11/20/2025 9:32 PM // INFO // [GANTT] // Canvases are ready to be used!
11/20/2025 9:32 PM // INFO // [GANTT] // Ruler drawn: 132 ticks and 66 labels.
11/20/2025 9:32 PM // INFO // [MODIFY] // Zoom level changed to 0,29524772497472196, scale set to 12,270956635989776!
11/20/2025 9:32 PM // INFO // [GANTT] // Gantt chart rendered with 6 items on canvas.
11/20/2025 9:32 PM // INFO // [GANTT] // Canvas resized to 1893,2164296342419x110 to fit all Gantt items.
11/20/2025 9:32 PM // INFO // [GANTT] // Canvases are ready to be used!
11/20/2025 9:32 PM // INFO // [GANTT] // Ruler drawn: 132 ticks and 66 labels.
11/20/2025 9:32 PM // INFO // [MODIFY] // Zoom level changed to 0,4529828109201214, scale set to 13,688675035375892!
11/20/2025 9:32 PM // INFO // [GANTT] // Gantt chart rendered with 6 items on canvas.
11/20/2025 9:32 PM // INFO // [GANTT] // Canvas resized to 2186,3078436283963x110 to fit all Gantt items.
11/20/2025 9:32 PM // INFO // [GANTT] // Canvases are ready to be used!
11/20/2025 9:32 PM // INFO // [GANTT] // Ruler drawn: 132 ticks and 132 labels.
11/20/2025 9:32 PM // INFO // [MODIFY] // Zoom level changed to 0,6713852376137514, scale set to 15,926014073499207!
11/20/2025 9:32 PM // INFO // [GANTT] // Gantt chart rendered with 6 items on canvas.
11/20/2025 9:32 PM // INFO // [GANTT] // Canvas resized to 2800,160327250265x110 to fit all Gantt items.
11/20/2025 9:32 PM // INFO // [GANTT] // Canvases are ready to be used!
11/20/2025 9:32 PM // INFO // [GANTT] // Ruler drawn: 132 ticks and 132 labels.
11/20/2025 9:32 PM // INFO // [MODIFY] // Zoom level changed to 1,0434782608695654, scale set to 20,61191089504019!
11/20/2025 9:32 PM // INFO // [GANTT] // Gantt chart rendered with 6 items on canvas.
11/20/2025 9:32 PM // INFO // [GANTT] // Canvas resized to 3330,8021243884705x110 to fit all Gantt items.
11/20/2025 9:32 PM // INFO // [GANTT] // Canvases are ready to be used!
11/20/2025 9:32 PM // INFO // [GANTT] // Ruler drawn: 132 ticks and 132 labels.
11/20/2025 9:32 PM // INFO // [MODIFY] // Zoom level changed to 1,302325581395349, scale set to 24,66261163655321!
11/20/2025 9:32 PM // INFO // [GANTT] // Gantt chart rendered with 6 items on canvas.
11/20/2025 9:32 PM // INFO // [GANTT] // Canvas resized to 3634,034327462989x110 to fit all Gantt items.
11/20/2025 9:32 PM // INFO // [GANTT] // Canvases are ready to be used!
11/20/2025 9:32 PM // INFO // [GANTT] // Ruler drawn: 132 ticks and 132 labels.
11/20/2025 9:32 PM // INFO // [MODIFY] // Zoom level changed to 1,4317492416582407, scale set to 26,977361278343427!
11/20/2025 9:32 PM // INFO // [GANTT] // Gantt chart rendered with 6 items on canvas.
11/20/2025 9:32 PM // INFO // [GANTT] // Canvas resized to 3890,605419601927x110 to fit all Gantt items.
11/20/2025 9:32 PM // INFO // [GANTT] // Canvases are ready to be used!
11/20/2025 9:32 PM // INFO // [GANTT] // Ruler drawn: 132 ticks and 132 labels.
11/20/2025 9:32 PM // INFO // [MODIFY] // Zoom level changed to 1,532861476238625, scale set to 28,935919233602498!
11/20/2025 9:32 PM // INFO // [GANTT] // Gantt chart rendered with 6 items on canvas.
11/20/2025 9:32 PM // INFO // [GANTT] // Canvas resized to 4042,337089727807x110 to fit all Gantt items.
11/20/2025 9:32 PM // INFO // [GANTT] // Canvases are ready to be used!
11/20/2025 9:32 PM // INFO // [GANTT] // Ruler drawn: 132 ticks and 132 labels.
11/20/2025 9:32 PM // INFO // [MODIFY] // Zoom level changed to 1,5894843276036401, scale set to 30,094176257464174!
11/20/2025 9:32 PM // INFO // [GANTT] // Gantt chart rendered with 6 items on canvas.
11/20/2025 9:32 PM // INFO // [GANTT] // Canvas resized to 4154,421368442555x110 to fit all Gantt items.
11/20/2025 9:32 PM // INFO // [GANTT] // Canvases are ready to be used!
11/20/2025 9:32 PM // INFO // [GANTT] // Ruler drawn: 132 ticks and 132 labels.
11/20/2025 9:32 PM // INFO // [MODIFY] // Zoom level changed to 1,6299292214357939, scale set to 30,949781438492785!
11/20/2025 9:32 PM // INFO // [GANTT] // Gantt chart rendered with 6 items on canvas.
11/20/2025 9:32 PM // INFO // [GANTT] // Canvas resized to 4258,019250930717x110 to fit all Gantt items.
11/20/2025 9:32 PM // INFO // [GANTT] // Canvases are ready to be used!
11/20/2025 9:32 PM // INFO // [GANTT] // Ruler drawn: 132 ticks and 132 labels.
11/20/2025 9:32 PM // INFO // [MODIFY] // Zoom level changed to 1,6663296258847322, scale set to 31,740604968936772!
11/20/2025 9:32 PM // INFO // [GANTT] // Gantt chart rendered with 6 items on canvas.
11/20/2025 9:32 PM // INFO // [GANTT] // Canvas resized to 4364,264248822218x110 to fit all Gantt items.
11/20/2025 9:32 PM // INFO // [GANTT] // Canvases are ready to be used!
11/20/2025 9:32 PM // INFO // [GANTT] // Ruler drawn: 132 ticks and 132 labels.
11/20/2025 9:32 PM // INFO // [MODIFY] // Zoom level changed to 1,7027300303336705, scale set to 32,551635487192506!
11/20/2025 9:32 PM // INFO // [GANTT] // Gantt chart rendered with 6 items on canvas.
11/20/2025 9:32 PM // INFO // [GANTT] // Canvas resized to 4485,501213521075x110 to fit all Gantt items.
11/20/2025 9:32 PM // INFO // [GANTT] // Canvases are ready to be used!
11/20/2025 9:32 PM // INFO // [GANTT] // Ruler drawn: 132 ticks and 132 labels.
11/20/2025 9:32 PM // INFO // [MODIFY] // Zoom level changed to 1,7431749241658243, scale set to 33,47710850016088!
11/20/2025 9:32 PM // INFO // [GANTT] // Gantt chart rendered with 6 items on canvas.
11/20/2025 9:32 PM // INFO // [GANTT] // Canvas resized to 4559,89168382015x110 to fit all Gantt items.
11/20/2025 9:32 PM // INFO // [GANTT] // Canvases are ready to be used!
11/20/2025 9:32 PM // INFO // [GANTT] // Ruler drawn: 132 ticks and 132 labels.
11/20/2025 9:32 PM // INFO // [MODIFY] // Zoom level changed to 1,7674418604651165, scale set to 34,044974685650004!
11/20/2025 9:32 PM // INFO // [GANTT] // Gantt chart rendered with 6 items on canvas.
11/20/2025 9:32 PM // INFO // [GANTT] // Canvas resized to 4610,1850569196895x110 to fit all Gantt items.
11/20/2025 9:32 PM // INFO // [GANTT] // Canvases are ready to be used!
11/20/2025 9:32 PM // INFO // [GANTT] // Ruler drawn: 132 ticks and 132 labels.
11/20/2025 9:32 PM // INFO // [MODIFY] // Zoom level changed to 1,783619817997978, scale set to 34,428893564272435!
11/20/2025 9:32 PM // INFO // [GANTT] // Gantt chart rendered with 6 items on canvas.
11/20/2025 9:32 PM // INFO // [GANTT] // Canvas resized to 4622,84676863073x110 to fit all Gantt items.
11/20/2025 9:32 PM // INFO // [GANTT] // Canvases are ready to be used!
11/20/2025 9:32 PM // INFO // [GANTT] // Ruler drawn: 132 ticks and 132 labels.
11/20/2025 9:32 PM // INFO // [MODIFY] // Zoom level changed to 1,7876643073811935, scale set to 34,52554785214298!
11/20/2025 9:32 PM // INFO // [GANTT] // Gantt chart rendered with 6 items on canvas.
11/20/2025 9:32 PM // INFO // [GANTT] // Canvas resized to 4610,1850569196895x110 to fit all Gantt items.
11/20/2025 9:32 PM // INFO // [GANTT] // Canvases are ready to be used!
11/20/2025 9:32 PM // INFO // [GANTT] // Ruler drawn: 132 ticks and 132 labels.
11/20/2025 9:32 PM // INFO // [MODIFY] // Zoom level changed to 1,783619817997978, scale set to 34,428893564272435!
11/20/2025 9:32 PM // INFO // [GANTT] // Gantt chart rendered with 6 items on canvas.
11/20/2025 9:32 PM // INFO // [GANTT] // Canvas resized to 4547,406214899412x110 to fit all Gantt items.
11/20/2025 9:32 PM // INFO // [GANTT] // Canvases are ready to be used!
11/20/2025 9:32 PM // INFO // [GANTT] // Ruler drawn: 132 ticks and 132 labels.
11/20/2025 9:32 PM // INFO // [MODIFY] // Zoom level changed to 1,7633973710819013, scale set to 33,94966576259093!
11/20/2025 9:32 PM // INFO // [GANTT] // Gantt chart rendered with 6 items on canvas.
11/20/2025 9:32 PM // INFO // [GANTT] // Canvas resized to 4352,326439000147x110 to fit all Gantt items.
11/20/2025 9:32 PM // INFO // [GANTT] // Canvases are ready to be used!
11/20/2025 9:32 PM // INFO // [GANTT] // Ruler drawn: 132 ticks and 132 labels.
11/20/2025 9:32 PM // INFO // [MODIFY] // Zoom level changed to 1,6986855409504553, scale set to 32,46050716794005!
11/20/2025 9:32 PM // INFO // [GANTT] // Gantt chart rendered with 6 items on canvas.
11/20/2025 9:32 PM // INFO // [GANTT] // Canvas resized to 4143,071013865354x110 to fit all Gantt items.
11/20/2025 9:32 PM // INFO // [GANTT] // Canvases are ready to be used!
11/20/2025 9:32 PM // INFO // [GANTT] // Ruler drawn: 132 ticks and 132 labels.
11/20/2025 9:32 PM // INFO // [MODIFY] // Zoom level changed to 1,6258847320525787, scale set to 30,863137510422554!
11/20/2025 9:32 PM // INFO // [GANTT] // Gantt chart rendered with 6 items on canvas.
11/20/2025 9:32 PM // INFO // [GANTT] // Canvas resized to 3976,579369367403x110 to fit all Gantt items.
11/20/2025 9:32 PM // INFO // [GANTT] // Canvases are ready to be used!
11/20/2025 9:32 PM // INFO // [GANTT] // Ruler drawn: 132 ticks and 132 labels.
11/20/2025 9:32 PM // INFO // [MODIFY] // Zoom level changed to 1,5652173913043481, scale set to 29,592208926468725!
11/20/2025 9:32 PM // INFO // [GANTT] // Gantt chart rendered with 6 items on canvas.
11/20/2025 9:32 PM // INFO // [GANTT] // Canvas resized to 3785,8143197781064x110 to fit all Gantt items.
11/20/2025 9:32 PM // INFO // [GANTT] // Canvases are ready to be used!
11/20/2025 9:32 PM // INFO // [GANTT] // Ruler drawn: 132 ticks and 132 labels.
11/20/2025 9:32 PM // INFO // [MODIFY] // Zoom level changed to 1,4924165824064715, scale set to 28,135987173878675!
11/20/2025 9:32 PM // INFO // [GANTT] // Gantt chart rendered with 6 items on canvas.
11/20/2025 9:32 PM // INFO // [GANTT] // Canvas resized to 3663,881880188136x110 to fit all Gantt items.
11/20/2025 9:32 PM // INFO // [GANTT] // Canvases are ready to be used!
11/20/2025 9:32 PM // INFO // [GANTT] // Ruler drawn: 132 ticks and 132 labels.
11/20/2025 9:32 PM // INFO // [MODIFY] // Zoom level changed to 1,443882709807887, scale set to 27,205205192275848!
11/20/2025 9:32 PM // INFO // [GANTT] // Gantt chart rendered with 6 items on canvas.
11/20/2025 9:32 PM // INFO // [GANTT] // Canvas resized to 3488,504559404574x110 to fit all Gantt items.
11/20/2025 9:32 PM // INFO // [GANTT] // Canvases are ready to be used!
11/20/2025 9:32 PM // INFO // [GANTT] // Ruler drawn: 132 ticks and 132 labels.
11/20/2025 9:32 PM // INFO // [MODIFY] // Zoom level changed to 1,3710819009100104, scale set to 25,86644701835553!
11/20/2025 9:32 PM // INFO // [GANTT] // Gantt chart rendered with 6 items on canvas.
11/20/2025 9:32 PM // INFO // [GANTT] // Canvas resized to 3330,802124388471x110 to fit all Gantt items.
11/20/2025 9:32 PM // INFO // [GANTT] // Canvases are ready to be used!
11/20/2025 9:32 PM // INFO // [GANTT] // Ruler drawn: 132 ticks and 132 labels.
11/20/2025 9:32 PM // INFO // [MODIFY] // Zoom level changed to 1,3023255813953492, scale set to 24,662611636553212!
11/20/2025 9:32 PM // INFO // [GANTT] // Gantt chart rendered with 6 items on canvas.
11/20/2025 9:32 PM // INFO // [GANTT] // Canvas resized to 3215,176770433956x110 to fit all Gantt items.
11/20/2025 9:32 PM // INFO // [GANTT] // Canvases are ready to be used!
11/20/2025 9:32 PM // INFO // [GANTT] // Ruler drawn: 132 ticks and 132 labels.
11/20/2025 9:32 PM // INFO // [MODIFY] // Zoom level changed to 1,2497472194135493, scale set to 23,77997534682409!
11/20/2025 9:32 PM // INFO // [GANTT] // Gantt chart rendered with 6 items on canvas.
11/20/2025 9:32 PM // INFO // [GANTT] // Canvas resized to 3112,121903742819x110 to fit all Gantt items.
11/20/2025 9:32 PM // INFO // [GANTT] // Canvases are ready to be used!
11/20/2025 9:32 PM // INFO // [GANTT] // Ruler drawn: 132 ticks and 132 labels.
11/20/2025 9:32 PM // INFO // [MODIFY] // Zoom level changed to 1,2012133468149648, scale set to 22,993296975136023!
11/20/2025 9:32 PM // INFO // [GANTT] // Gantt chart rendered with 6 items on canvas.
11/20/2025 9:32 PM // INFO // [GANTT] // Canvas resized to 3037,074283183073x110 to fit all Gantt items.
11/20/2025 9:32 PM // INFO // [GANTT] // Canvases are ready to be used!
11/20/2025 9:32 PM // INFO // [GANTT] // Ruler drawn: 132 ticks and 132 labels.
11/20/2025 9:32 PM // INFO // [MODIFY] // Zoom level changed to 1,1648129423660265, scale set to 22,420414375443304!
11/20/2025 9:32 PM // INFO // [GANTT] // Gantt chart rendered with 6 items on canvas.
11/20/2025 9:32 PM // INFO // [GANTT] // Canvas resized to 2955,8790095184936x110 to fit all Gantt items.
11/20/2025 9:32 PM // INFO // [GANTT] // Canvases are ready to be used!
11/20/2025 9:32 PM // INFO // [GANTT] // Ruler drawn: 132 ticks and 132 labels.
11/20/2025 9:32 PM // INFO // [MODIFY] // Zoom level changed to 1,1243680485338727, scale set to 21,80060312609537!
11/20/2025 9:32 PM // INFO // [GANTT] // Gantt chart rendered with 6 items on canvas.
11/20/2025 9:32 PM // INFO // [GANTT] // Canvas resized to 2908,2432825329984x110 to fit all Gantt items.
11/20/2025 9:32 PM // INFO // [GANTT] // Canvases are ready to be used!
11/20/2025 9:32 PM // INFO // [GANTT] // Ruler drawn: 132 ticks and 132 labels.
11/20/2025 9:32 PM // INFO // [MODIFY] // Zoom level changed to 1,1001011122345805, scale set to 21,4369716223893!
11/20/2025 9:32 PM // INFO // [GANTT] // Gantt chart rendered with 6 items on canvas.
11/20/2025 9:32 PM // INFO // [GANTT] // Canvas resized to 2869,1543628625836x110 to fit all Gantt items.
11/20/2025 9:32 PM // INFO // [GANTT] // Canvases are ready to be used!
11/20/2025 9:32 PM // INFO // [GANTT] // Ruler drawn: 132 ticks and 132 labels.
11/20/2025 9:32 PM // INFO // [MODIFY] // Zoom level changed to 1,0798786653185037, scale set to 21,138582922615143!
11/20/2025 9:32 PM // INFO // [GANTT] // Gantt chart rendered with 6 items on canvas.
11/20/2025 9:32 PM // INFO // [GANTT] // Canvas resized to 2815,342250442481x110 to fit all Gantt items.
11/20/2025 9:32 PM // INFO // [GANTT] // Canvases are ready to be used!
11/20/2025 9:32 PM // INFO // [GANTT] // Ruler drawn: 132 ticks and 132 labels.
11/20/2025 9:32 PM // INFO // [MODIFY] // Zoom level changed to 1,051567239635996, scale set to 20,727803438492224!
11/20/2025 9:32 PM // INFO // [GANTT] // Gantt chart rendered with 6 items on canvas.
11/20/2025 9:32 PM // INFO // [GANTT] // Canvas resized to 2777,5464527046533x110 to fit all Gantt items.
11/20/2025 9:32 PM // INFO // [GANTT] // Canvases are ready to be used!
11/20/2025 9:32 PM // INFO // [GANTT] // Ruler drawn: 132 ticks and 132 labels.
11/20/2025 9:32 PM // INFO // [MODIFY] // Zoom level changed to 1,0313447927199193, scale set to 20,439285898508803!
11/20/2025 9:32 PM // INFO // [GANTT] // Gantt chart rendered with 6 items on canvas.
11/20/2025 9:32 PM // INFO // [GANTT] // Canvas resized to 2725,514528209826x110 to fit all Gantt items.
11/20/2025 9:32 PM // INFO // [GANTT] // Canvases are ready to be used!
11/20/2025 9:32 PM // INFO // [GANTT] // Ruler drawn: 132 ticks and 132 labels.
11/20/2025 9:32 PM // INFO // [MODIFY] // Zoom level changed to 1,0030333670374116, scale set to 20,04209563518951!
11/20/2025 9:32 PM // INFO // [GANTT] // Gantt chart rendered with 6 items on canvas.
11/20/2025 9:32 PM // INFO // [GANTT] // Canvas resized to 2696,237241340427x110 to fit all Gantt items.
11/20/2025 9:32 PM // INFO // [GANTT] // Canvases are ready to be used!
11/20/2025 9:32 PM // INFO // [GANTT] // Ruler drawn: 132 ticks and 132 labels.
11/20/2025 9:32 PM // INFO // [MODIFY] // Zoom level changed to 0,9868554095045502, scale set to 19,81860489572845!
11/20/2025 9:32 PM // INFO // [GANTT] // Gantt chart rendered with 6 items on canvas.
11/20/2025 9:32 PM // INFO // [GANTT] // Canvas resized to 2674,493723863409x110 to fit all Gantt items.
11/20/2025 9:32 PM // INFO // [GANTT] // Canvases are ready to be used!
11/20/2025 9:32 PM // INFO // [GANTT] // Ruler drawn: 132 ticks and 132 labels.
11/20/2025 9:32 PM // INFO // [MODIFY] // Zoom level changed to 0,9747219413549041, scale set to 19,652623846285564!
11/20/2025 9:32 PM // INFO // [GANTT] // Gantt chart rendered with 6 items on canvas.
11/20/2025 9:32 PM // INFO // [GANTT] // Canvas resized to 2660,099307848938x110 to fit all Gantt items.
11/20/2025 9:32 PM // INFO // [GANTT] // Canvases are ready to be used!
11/20/2025 9:32 PM // INFO // [GANTT] // Ruler drawn: 132 ticks and 132 labels.
11/20/2025 9:32 PM // INFO // [MODIFY] // Zoom level changed to 0,9666329625884733, scale set to 19,542742808007162!
11/20/2025 9:32 PM // INFO // [GANTT] // Gantt chart rendered with 6 items on canvas.
11/20/2025 9:32 PM // INFO // [GANTT] // Canvas resized to 2631,551470446131x110 to fit all Gantt items.
11/20/2025 9:32 PM // INFO // [GANTT] // Canvases are ready to be used!
11/20/2025 9:32 PM // INFO // [GANTT] // Ruler drawn: 132 ticks and 132 labels.
11/20/2025 9:32 PM // INFO // [MODIFY] // Zoom level changed to 0,9504550050556119, scale set to 19,32482038508497!
11/20/2025 9:32 PM // INFO // [GANTT] // Gantt chart rendered with 6 items on canvas.
11/20/2025 9:32 PM // INFO // [GANTT] // Canvas resized to 2603,321971874118x110 to fit all Gantt items.
11/20/2025 9:32 PM // INFO // [GANTT] // Canvases are ready to be used!
11/20/2025 9:32 PM // INFO // [GANTT] // Ruler drawn: 132 ticks and 132 labels.
11/20/2025 9:32 PM // INFO // [MODIFY] // Zoom level changed to 0,9342770475227504, scale set to 19,10932802957342!
11/20/2025 9:32 PM // INFO // [GANTT] // Gantt chart rendered with 6 items on canvas.
11/20/2025 9:32 PM // INFO // [GANTT] // Canvas resized to 2575,4072623154543x110 to fit all Gantt items.
11/20/2025 9:32 PM // INFO // [GANTT] // Canvases are ready to be used!
11/20/2025 9:32 PM // INFO // [GANTT] // Ruler drawn: 132 ticks and 132 labels.
11/20/2025 9:32 PM // INFO // [MODIFY] // Zoom level changed to 0,918099089989889, scale set to 18,896238643629424!
11/20/2025 9:32 PM // INFO // [GANTT] // Gantt chart rendered with 6 items on canvas.
11/20/2025 9:32 PM // INFO // [GANTT] // Canvas resized to 2547,803831536948x110 to fit all Gantt items.
11/20/2025 9:32 PM // INFO // [GANTT] // Canvases are ready to be used!
11/20/2025 9:32 PM // INFO // [GANTT] // Ruler drawn: 132 ticks and 132 labels.
11/20/2025 9:32 PM // INFO // [MODIFY] // Zoom level changed to 0,9019211324570275, scale set to 18,685525431579755!
11/20/2025 9:32 PM // INFO // [GANTT] // Gantt chart rendered with 6 items on canvas.
11/20/2025 9:32 PM // INFO // [GANTT] // Canvas resized to 2520,5082084482483x110 to fit all Gantt items.
11/20/2025 9:32 PM // INFO // [GANTT] // Canvases are ready to be used!
11/20/2025 9:32 PM // INFO // [GANTT] // Ruler drawn: 132 ticks and 132 labels.
11/20/2025 9:32 PM // INFO // [MODIFY] // Zoom level changed to 0,8857431749241661, scale set to 18,477161896551515!
11/20/2025 9:32 PM // INFO // [GANTT] // Gantt chart rendered with 6 items on canvas.
11/20/2025 9:32 PM // INFO // [GANTT] // Canvas resized to 2486,8163087791168x110 to fit all Gantt items.
11/20/2025 9:32 PM // INFO // [GANTT] // Canvases are ready to be used!
11/20/2025 9:32 PM // INFO // [GANTT] // Ruler drawn: 132 ticks and 132 labels.
11/20/2025 9:32 PM // INFO // [MODIFY] // Zoom level changed to 0,8655207280080892, scale set to 18,21997182274135!
11/20/2025 9:32 PM // INFO // [GANTT] // Gantt chart rendered with 6 items on canvas.
11/20/2025 9:32 PM // INFO // [GANTT] // Canvas resized to 2447,0044926375435x110 to fit all Gantt items.
11/20/2025 9:32 PM // INFO // [GANTT] // Canvases are ready to be used!
11/20/2025 9:32 PM // INFO // [GANTT] // Ruler drawn: 132 ticks and 132 labels.
11/20/2025 9:32 PM // INFO // [MODIFY] // Zoom level changed to 0,841253791708797, scale set to 17,916064829294225!
11/20/2025 9:32 PM // INFO // [GANTT] // Gantt chart rendered with 6 items on canvas.
11/20/2025 9:32 PM // INFO // [GANTT] // Canvas resized to 2420,8328896711837x110 to fit all Gantt items.
11/20/2025 9:32 PM // INFO // [GANTT] // Canvases are ready to be used!
11/20/2025 9:32 PM // INFO // [GANTT] // Ruler drawn: 132 ticks and 132 labels.
11/20/2025 9:32 PM // INFO // [MODIFY] // Zoom level changed to 0,8250758341759356, scale set to 17,716281600543386!
11/20/2025 9:32 PM // INFO // [GANTT] // Gantt chart rendered with 6 items on canvas.
11/20/2025 9:32 PM // INFO // [GANTT] // Canvas resized to 2382,1216692228168x110 to fit all Gantt items.
11/20/2025 9:32 PM // INFO // [GANTT] // Canvases are ready to be used!
11/20/2025 9:32 PM // INFO // [GANTT] // Ruler drawn: 132 ticks and 132 labels.
11/20/2025 9:32 PM // INFO // [MODIFY] // Zoom level changed to 0,8008088978766433, scale set to 17,420776100937534!
11/20/2025 9:32 PM // INFO // [GANTT] // Gantt chart rendered with 6 items on canvas.
11/20/2025 9:32 PM // INFO // [GANTT] // Canvas resized to 2350,3560201562937x110 to fit all Gantt items.
11/20/2025 9:32 PM // INFO // [GANTT] // Canvases are ready to be used!
11/20/2025 9:32 PM // INFO // [GANTT] // Ruler drawn: 132 ticks and 132 labels.
11/20/2025 9:32 PM // INFO // [MODIFY] // Zoom level changed to 0,7805864509605664, scale set to 17,178290230200716!
11/20/2025 9:32 PM // INFO // [GANTT] // Gantt chart rendered with 6 items on canvas.
11/20/2025 9:32 PM // INFO // [GANTT] // Canvas resized to 2325,262150725178x110 to fit all Gantt items.
11/20/2025 9:32 PM // INFO // [GANTT] // Canvases are ready to be used!
11/20/2025 9:32 PM // INFO // [GANTT] // Ruler drawn: 132 ticks and 132 labels.
11/20/2025 9:32 PM // INFO // [MODIFY] // Zoom level changed to 0,764408493427705, scale set to 16,986733975001357!
11/20/2025 9:32 PM // INFO // [GANTT] // Gantt chart rendered with 6 items on canvas.
11/20/2025 9:32 PM // INFO // [GANTT] // Canvas resized to 2288,1450389953743x110 to fit all Gantt items.
11/20/2025 9:32 PM // INFO // [GANTT] // Canvases are ready to be used!
11/20/2025 9:32 PM // INFO // [GANTT] // Ruler drawn: 132 ticks and 132 labels.
11/20/2025 9:32 PM // INFO // [MODIFY] // Zoom level changed to 0,7401415571284128, scale set to 16,703397244239497!
11/20/2025 9:32 PM // INFO // [GANTT] // Gantt chart rendered with 6 items on canvas.
11/20/2025 9:32 PM // INFO // [GANTT] // Canvas resized to 2275,9107617472505x110 to fit all Gantt items.
11/20/2025 9:32 PM // INFO // [GANTT] // Canvases are ready to be used!
11/20/2025 9:32 PM // INFO // [GANTT] // Ruler drawn: 132 ticks and 132 labels.
11/20/2025 9:32 PM // INFO // [MODIFY] // Zoom level changed to 0,732052578361982, scale set to 16,610005814864508!
11/20/2025 9:32 PM // INFO // [GANTT] // Gantt chart rendered with 6 items on canvas.
11/20/2025 9:32 PM // INFO // [GANTT] // Canvas resized to 2269,819298519869x110 to fit all Gantt items.
11/20/2025 9:32 PM // INFO // [GANTT] // Canvases are ready to be used!
11/20/2025 9:32 PM // INFO // [GANTT] // Ruler drawn: 132 ticks and 132 labels.
11/20/2025 9:32 PM // INFO // [MODIFY] // Zoom level changed to 0,7280080889787667, scale set to 16,56350609557152!
11/20/2025 9:32 PM // INFO // [GANTT] // Gantt chart rendered with 6 items on canvas.
11/20/2025 9:32 PM // INFO // [GANTT] // Canvas resized to 2275,9107617472505x110 to fit all Gantt items.
11/20/2025 9:32 PM // INFO // [GANTT] // Canvases are ready to be used!
11/20/2025 9:32 PM // INFO // [GANTT] // Ruler drawn: 132 ticks and 132 labels.
11/20/2025 9:32 PM // INFO // [MODIFY] // Zoom level changed to 0,732052578361982, scale set to 16,610005814864508!
11/20/2025 9:32 PM // INFO // [GANTT] // Gantt chart rendered with 6 items on canvas.
11/20/2025 9:32 PM // INFO // [GANTT] // Canvas resized to 2319,0325282605404x110 to fit all Gantt items.
11/20/2025 9:32 PM // INFO // [GANTT] // Canvases are ready to be used!
11/20/2025 9:32 PM // INFO // [GANTT] // Ruler drawn: 132 ticks and 132 labels.
11/20/2025 9:32 PM // INFO // [MODIFY] // Zoom level changed to 0,7603640040444896, scale set to 16,939179605042295!
11/20/2025 9:32 PM // INFO // [GANTT] // Gantt chart rendered with 6 items on canvas.
11/20/2025 9:32 PM // INFO // [GANTT] // Canvas resized to 2420,8328896711837x110 to fit all Gantt items.
11/20/2025 9:32 PM // INFO // [GANTT] // Canvases are ready to be used!
11/20/2025 9:32 PM // INFO // [GANTT] // Ruler drawn: 132 ticks and 132 labels.
11/20/2025 9:32 PM // INFO // [MODIFY] // Zoom level changed to 0,8250758341759354, scale set to 17,716281600543386!
11/20/2025 9:32 PM // INFO // [GANTT] // Gantt chart rendered with 6 items on canvas.
11/20/2025 9:32 PM // INFO // [GANTT] // Canvas resized to 2453,593378436077x110 to fit all Gantt items.
11/20/2025 9:32 PM // INFO // [GANTT] // Canvases are ready to be used!
11/20/2025 9:32 PM // INFO // [GANTT] // Ruler drawn: 132 ticks and 132 labels.
11/20/2025 9:32 PM // INFO // [MODIFY] // Zoom level changed to 0,8452982810920123, scale set to 17,96636166745097!
11/20/2025 9:32 PM // INFO // [GANTT] // Gantt chart rendered with 6 items on canvas.
11/20/2025 9:32 PM // INFO // [GANTT] // Canvas resized to 2486,8163087791168x110 to fit all Gantt items.
11/20/2025 9:32 PM // INFO // [GANTT] // Canvases are ready to be used!
11/20/2025 9:32 PM // INFO // [GANTT] // Ruler drawn: 132 ticks and 132 labels.
11/20/2025 9:32 PM // INFO // [MODIFY] // Zoom level changed to 0,8655207280080892, scale set to 18,21997182274135!
11/20/2025 9:32 PM // INFO // [GANTT] // Gantt chart rendered with 6 items on canvas.
11/20/2025 9:32 PM // INFO // [GANTT] // Canvas resized to 2506,9747506674466x110 to fit all Gantt items.
11/20/2025 9:32 PM // INFO // [GANTT] // Canvases are ready to be used!
11/20/2025 9:32 PM // INFO // [GANTT] // Ruler drawn: 132 ticks and 132 labels.
11/20/2025 9:32 PM // INFO // [MODIFY] // Zoom level changed to 0,8776541961577353, scale set to 18,373853058530127!
11/20/2025 9:32 PM // INFO // [GANTT] // Gantt chart rendered with 6 items on canvas.
11/20/2025 9:32 PM // INFO // [GANTT] // Canvas resized to 2513,73199455081x110 to fit all Gantt items.
11/20/2025 9:32 PM // INFO // [GANTT] // Canvases are ready to be used!
11/20/2025 9:32 PM // INFO // [GANTT] // Ruler drawn: 132 ticks and 132 labels.
11/20/2025 9:32 PM // INFO // [MODIFY] // Zoom level changed to 0,8816986855409507, scale set to 18,425435072906946!
11/20/2025 9:32 PM // INFO // [GANTT] // Gantt chart rendered with 6 items on canvas.
11/20/2025 9:32 PM // INFO // [GANTT] // Canvas resized to 2527,303445615415x110 to fit all Gantt items.
11/20/2025 9:32 PM // INFO // [GANTT] // Canvases are ready to be used!
11/20/2025 9:32 PM // INFO // [GANTT] // Ruler drawn: 132 ticks and 132 labels.
11/20/2025 9:32 PM // INFO // [MODIFY] // Zoom level changed to 0,8897876643073814, scale set to 18,529033935995535!
11/20/2025 9:32 PM // INFO // [GANTT] // Gantt chart rendered with 6 items on canvas.
11/20/2025 9:32 PM // INFO // [GANTT] // Canvas resized to 2534,11775945747x110 to fit all Gantt items.
11/20/2025 9:32 PM // INFO // [GANTT] // Canvases are ready to be used!
11/20/2025 9:32 PM // INFO // [GANTT] // Ruler drawn: 132 ticks and 132 labels.
11/20/2025 9:32 PM // INFO // [MODIFY] // Zoom level changed to 0,8938321536905968, scale set to 18,581051598911987!
11/20/2025 9:32 PM // INFO // [GANTT] // Gantt chart rendered with 6 items on canvas.
11/20/2025 9:32 PM // INFO // [GANTT] // Canvas resized to 2540,9512035295024x110 to fit all Gantt items.
11/20/2025 9:32 PM // INFO // [GANTT] // Canvases are ready to be used!
11/20/2025 9:32 PM // INFO // [GANTT] // Ruler drawn: 132 ticks and 132 labels.
11/20/2025 9:32 PM // INFO // [MODIFY] // Zoom level changed to 0,8978766430738121, scale set to 18,63321529411834!
11/20/2025 9:32 PM // INFO // [GANTT] // Gantt chart rendered with 6 items on canvas.
11/20/2025 9:32 PM // INFO // [GANTT] // Canvas resized to 2534,11775945747x110 to fit all Gantt items.
11/20/2025 9:32 PM // INFO // [GANTT] // Canvases are ready to be used!
11/20/2025 9:32 PM // INFO // [GANTT] // Ruler drawn: 132 ticks and 132 labels.
11/20/2025 9:32 PM // INFO // [MODIFY] // Zoom level changed to 0,8938321536905968, scale set to 18,581051598911987!
11/20/2025 9:32 PM // INFO // [GANTT] // Gantt chart rendered with 6 items on canvas.
11/20/2025 9:32 PM // INFO // [GANTT] // Canvas resized to 2513,73199455081x110 to fit all Gantt items.
11/20/2025 9:32 PM // INFO // [GANTT] // Canvases are ready to be used!
11/20/2025 9:32 PM // INFO // [GANTT] // Ruler drawn: 132 ticks and 132 labels.
11/20/2025 9:32 PM // INFO // [MODIFY] // Zoom level changed to 0,8816986855409507, scale set to 18,425435072906946!
11/20/2025 9:32 PM // INFO // [GANTT] // Gantt chart rendered with 6 items on canvas.
11/20/2025 9:32 PM // INFO // [GANTT] // Canvas resized to 2493,516960665364x110 to fit all Gantt items.
11/20/2025 9:32 PM // INFO // [GANTT] // Canvases are ready to be used!
11/20/2025 9:32 PM // INFO // [GANTT] // Ruler drawn: 132 ticks and 132 labels.
11/20/2025 9:32 PM // INFO // [MODIFY] // Zoom level changed to 0,8695652173913045, scale set to 18,271121837140182!
11/20/2025 9:32 PM // INFO // [GANTT] // Gantt chart rendered with 6 items on canvas.
11/20/2025 9:32 PM // INFO // [GANTT] // Canvas resized to 2480,134415371058x110 to fit all Gantt items.
11/20/2025 9:32 PM // INFO // [GANTT] // Canvases are ready to be used!
11/20/2025 9:32 PM // INFO // [GANTT] // Ruler drawn: 132 ticks and 132 labels.
11/20/2025 9:32 PM // INFO // [MODIFY] // Zoom level changed to 0,8614762386248738, scale set to 18,168965002832504!
11/20/2025 9:32 PM // INFO // [GANTT] // Gantt chart rendered with 6 items on canvas.
11/20/2025 9:32 PM // INFO // [GANTT] // Canvas resized to 2466,826694079046x110 to fit all Gantt items.
11/20/2025 9:32 PM // INFO // [GANTT] // Canvases are ready to be used!
11/20/2025 9:32 PM // INFO // [GANTT] // Ruler drawn: 132 ticks and 132 labels.
11/20/2025 9:32 PM // INFO // [MODIFY] // Zoom level changed to 0,853387259858443, scale set to 18,067379344114855!
11/20/2025 9:32 PM // INFO // [GANTT] // Gantt chart rendered with 6 items on canvas.
11/20/2025 9:32 PM // INFO // [GANTT] // Canvas resized to 2460,200761606985x110 to fit all Gantt items.
11/20/2025 9:32 PM // INFO // [GANTT] // Canvases are ready to be used!
11/20/2025 9:32 PM // INFO // [GANTT] // Ruler drawn: 132 ticks and 132 labels.
11/20/2025 9:32 PM // INFO // [MODIFY] // Zoom level changed to 0,8493427704752277, scale set to 18,01679970692355!
11/20/2025 9:32 PM // INFO // [EXITUS] // Shutting down...
