11/20/2025 3:53 PM // INFO // [INITIALIZATION] // Beginning initialization...
11/20/2025 3:53 PM // INFO // [SAVE] // Custom solvers loaded from JSON file!
11/20/2025 3:53 PM // INFO // [INITIALIZATION] // Johnson's Rule solver added!
11/20/2025 3:53 PM // INFO // [INITIALIZATION] // List Scheduling solver added!
11/20/2025 3:53 PM // INFO // [INITIALIZATION] // {cs.Name} ({cs.TypeID} type) solver added!
11/20/2025 3:53 PM // INFO // [INITIALIZATION] // {cs.Name} ({cs.TypeID} type) solver added!
11/20/2025 3:53 PM // INFO // [INITIALIZATION] // {cs.Name} ({cs.TypeID} type) solver added!
11/20/2025 3:53 PM // INFO // [INITIALIZATION] // Solver menu successfully built!
11/20/2025 3:53 PM // INFO // [CONSTRAINT] // Saving and closing are disabled for as long as there are no files opened.
11/20/2025 3:53 PM // INFO // [INITIALIZATION] // Initialization complete!
11/20/2025 3:53 PM // WARNING // [S_GRAPH] // No BatchML file loaded, drawing example S-Graph!
11/20/2025 3:53 PM // INFO // [S_GRAPH] // Node J1_M1 at 100;50
11/20/2025 3:53 PM // INFO // [S_GRAPH] // Node J1_M2 at 400;50
11/20/2025 3:53 PM // INFO // [S_GRAPH] // Node P1 at 700;50
11/20/2025 3:53 PM // INFO // [S_GRAPH] // Node J2_M1 at 100;200
11/20/2025 3:53 PM // INFO // [S_GRAPH] // Node J2_M2 at 400;200
11/20/2025 3:53 PM // INFO // [S_GRAPH] // Node P2 at 700;200
11/20/2025 3:53 PM // INFO // [S_GRAPH] // Node J3_M1 at 100;350
11/20/2025 3:53 PM // INFO // [S_GRAPH] // Node J3_M2 at 400;350
11/20/2025 3:53 PM // INFO // [S_GRAPH] // Node P3 at 700;350
11/20/2025 3:53 PM // INFO // [S_GRAPH] // Curve value of edge (J1_M1 to J1_M2) set to 25,00
11/20/2025 3:53 PM // INFO // [S_GRAPH] // Edge drawn from (170,0;85,0) to (400,0;85,0)!
11/20/2025 3:53 PM // INFO // [S_GRAPH] // Weight 31 drawn at (285;97,5)!
11/20/2025 3:53 PM // INFO // [S_GRAPH] // Edge from J1_M1 to J1_M2 with cost 0 drawn.
11/20/2025 3:53 PM // INFO // [S_GRAPH] // Edge drawn from (470,0;85,0) to (700,0;85,0)!
11/20/2025 3:53 PM // INFO // [S_GRAPH] // Weight 13 drawn at (585;85)!
11/20/2025 3:53 PM // INFO // [S_GRAPH] // Edge from J1_M2 to P1 with cost 0 drawn.
11/20/2025 3:53 PM // INFO // [S_GRAPH] // Curve value of edge (J2_M1 to J2_M2) set to 25,00
11/20/2025 3:53 PM // INFO // [S_GRAPH] // Edge drawn from (170,0;235,0) to (400,0;235,0)!
11/20/2025 3:53 PM // INFO // [S_GRAPH] // Weight 24 drawn at (285;247,5)!
11/20/2025 3:53 PM // INFO // [S_GRAPH] // Edge from J2_M1 to J2_M2 with cost 0 drawn.
11/20/2025 3:53 PM // INFO // [S_GRAPH] // Edge drawn from (470,0;235,0) to (700,0;235,0)!
11/20/2025 3:53 PM // INFO // [S_GRAPH] // Weight 18 drawn at (585;235)!
11/20/2025 3:53 PM // INFO // [S_GRAPH] // Edge from J2_M2 to P2 with cost 0 drawn.
11/20/2025 3:53 PM // INFO // [S_GRAPH] // Curve value of edge (J3_M1 to J3_M2) set to 25,00
11/20/2025 3:53 PM // INFO // [S_GRAPH] // Edge drawn from (170,0;385,0) to (400,0;385,0)!
11/20/2025 3:53 PM // INFO // [S_GRAPH] // Weight 30 drawn at (285;397,5)!
11/20/2025 3:53 PM // INFO // [S_GRAPH] // Edge from J3_M1 to J3_M2 with cost 0 drawn.
11/20/2025 3:53 PM // INFO // [S_GRAPH] // Edge drawn from (470,0;385,0) to (700,0;385,0)!
11/20/2025 3:53 PM // INFO // [S_GRAPH] // Weight 18 drawn at (585;385)!
11/20/2025 3:53 PM // INFO // [S_GRAPH] // Edge from J3_M2 to P3 with cost 0 drawn.
11/20/2025 3:53 PM // INFO // [S_GRAPH] // Canvas resized to 820x470!
11/20/2025 3:53 PM // INFO // [INITIALIZATION] // Johnson's Rule solver enabled!
11/20/2025 3:53 PM // INFO // [INITIALIZATION] // List Scheduling solver enabled!
11/20/2025 3:53 PM // INFO // [INITIALIZATION] // Branch And Bound solver enabled!
11/20/2025 3:53 PM // INFO // [INITIALIZATION] // Campbell Dudek Smith solver enabled!
11/20/2025 3:53 PM // INFO // [INITIALIZATION] // Simulated Annealing solver enabled!
11/20/2025 3:53 PM // INFO // [INITIALIZATION] //  solver enabled!
11/20/2025 3:53 PM // INFO // [CONSTRAINT] // Saving and closing are disabled for as long as there are no files opened.
11/20/2025 3:53 PM // INFO // [INTEG_SOLVER] // Johnson's Rule solver selected!
11/20/2025 3:53 PM // INFO // [INTEG_SOLVER] // Starting Johnson's Rule solver...
11/20/2025 3:53 PM // INFO // [Johnson's Rule Optimizer] // Optimized job sequence: J2 -> J3 -> J1
11/20/2025 3:53 PM // INFO // [Johnson's Rule Optimizer] // Cleared all existing S-Graph edges for sequence rebuild.
11/20/2025 3:53 PM // INFO // [Johnson's Rule Optimizer] // Graph rebuilt with necessary technological constraints (cost=duration) and zero-cost sequential constraints.
11/20/2025 3:53 PM // INFO // [Johnson's Rule Optimizer] // Node J2_M1 added to topological order.
11/20/2025 3:53 PM // INFO // [Johnson's Rule Optimizer] // Decreased in-degree of J2_M2 to 0.
11/20/2025 3:53 PM // INFO // [Johnson's Rule Optimizer] // Decreased in-degree of J3_M1 to 0.
11/20/2025 3:53 PM // INFO // [Johnson's Rule Optimizer] // Node J2_M2 added to topological order.
11/20/2025 3:53 PM // INFO // [Johnson's Rule Optimizer] // Decreased in-degree of J3_M2 to 1.
11/20/2025 3:53 PM // INFO // [Johnson's Rule Optimizer] // Decreased in-degree of P2 to 0.
11/20/2025 3:53 PM // INFO // [Johnson's Rule Optimizer] // Node J3_M1 added to topological order.
11/20/2025 3:53 PM // INFO // [Johnson's Rule Optimizer] // Decreased in-degree of J3_M2 to 0.
11/20/2025 3:53 PM // INFO // [Johnson's Rule Optimizer] // Decreased in-degree of J1_M1 to 0.
11/20/2025 3:53 PM // INFO // [Johnson's Rule Optimizer] // Node P2 added to topological order.
11/20/2025 3:53 PM // INFO // [Johnson's Rule Optimizer] // Node J3_M2 added to topological order.
11/20/2025 3:53 PM // INFO // [Johnson's Rule Optimizer] // Decreased in-degree of J1_M2 to 1.
11/20/2025 3:53 PM // INFO // [Johnson's Rule Optimizer] // Decreased in-degree of P3 to 0.
11/20/2025 3:53 PM // INFO // [Johnson's Rule Optimizer] // Node J1_M1 added to topological order.
11/20/2025 3:53 PM // INFO // [Johnson's Rule Optimizer] // Decreased in-degree of J1_M2 to 0.
11/20/2025 3:53 PM // INFO // [Johnson's Rule Optimizer] // Node P3 added to topological order.
11/20/2025 3:53 PM // INFO // [Johnson's Rule Optimizer] // Node J1_M2 added to topological order.
11/20/2025 3:53 PM // INFO // [Johnson's Rule Optimizer] // Decreased in-degree of P1 to 0.
11/20/2025 3:53 PM // INFO // [Johnson's Rule Optimizer] // Node P1 added to topological order.
11/20/2025 3:53 PM // INFO // [Johnson's Rule Optimizer] // Topological sort completed successfully.
11/20/2025 3:53 PM // INFO // [GANTT] // Node J2_M1 EST is 0 (no predecessors).
11/20/2025 3:53 PM // INFO // [GANTT] // Node J2_M2 EST is determined by J2_M1 (EST: 24,00).
11/20/2025 3:53 PM // INFO // [GANTT] // Node J3_M1 EST is determined by J2_M1 (EST: 24,00).
11/20/2025 3:53 PM // INFO // [GANTT] // Node J3_M2 EST is determined by J3_M1 (EST: 54,00).
11/20/2025 3:53 PM // INFO // [GANTT] // Node J1_M1 EST is determined by J3_M1 (EST: 54,00).
11/20/2025 3:53 PM // INFO // [GANTT] // Node J1_M2 EST is determined by J1_M1 (EST: 85,00).
11/20/2025 3:53 PM // INFO // [GANTT] // Gantt chart built with 6 items from path with 9 nodes.
11/20/2025 3:53 PM // INFO // [GANTT] // Gantt data built with 6 items from optimized path using Johnson's Rule!
11/20/2025 3:53 PM // INFO // [GANTT] // Canvases are ready to be used!
11/20/2025 3:53 PM // INFO // [GANTT] // Ruler drawn: 99 ticks and 50 labels.
11/20/2025 3:53 PM // INFO // [GANTT] // Gantt chart rendered with 6 items on canvas.
11/20/2025 3:53 PM // INFO // [GANTT] // Canvas resized to 1080x110 to fit all Gantt items.
11/20/2025 3:53 PM // INFO // [GANTT] // Johnson's Rule schedule rendered successfully!
11/20/2025 3:53 PM // INFO // [S_GRAPH] // Node J1_M1 at 100;50
11/20/2025 3:53 PM // INFO // [S_GRAPH] // Node J1_M2 at 400;50
11/20/2025 3:53 PM // INFO // [S_GRAPH] // Node P1 at 700;50
11/20/2025 3:53 PM // INFO // [S_GRAPH] // Node J2_M1 at 100;200
11/20/2025 3:53 PM // INFO // [S_GRAPH] // Node J2_M2 at 400;200
11/20/2025 3:53 PM // INFO // [S_GRAPH] // Node P2 at 700;200
11/20/2025 3:53 PM // INFO // [S_GRAPH] // Node J3_M1 at 100;350
11/20/2025 3:53 PM // INFO // [S_GRAPH] // Node J3_M2 at 400;350
11/20/2025 3:53 PM // INFO // [S_GRAPH] // Node P3 at 700;350
11/20/2025 3:53 PM // INFO // [S_GRAPH] // Curve value of edge (J1_M1 to J1_M2) set to 25,00
11/20/2025 3:53 PM // INFO // [S_GRAPH] // Edge drawn from (170,0;85,0) to (400,0;85,0)!
11/20/2025 3:53 PM // INFO // [S_GRAPH] // Weight 31 drawn at (285;97,5)!
11/20/2025 3:53 PM // INFO // [S_GRAPH] // Edge from J1_M1 to J1_M2 with cost 0 drawn.
11/20/2025 3:53 PM // INFO // [S_GRAPH] // Curve value of edge (J2_M1 to J2_M2) set to 25,00
11/20/2025 3:53 PM // INFO // [S_GRAPH] // Edge drawn from (170,0;235,0) to (400,0;235,0)!
11/20/2025 3:53 PM // INFO // [S_GRAPH] // Weight 24 drawn at (285;247,5)!
11/20/2025 3:53 PM // INFO // [S_GRAPH] // Edge from J2_M1 to J2_M2 with cost 0 drawn.
11/20/2025 3:53 PM // INFO // [S_GRAPH] // Curve value of edge (J3_M1 to J3_M2) set to 25,00
11/20/2025 3:53 PM // INFO // [S_GRAPH] // Edge drawn from (170,0;385,0) to (400,0;385,0)!
11/20/2025 3:53 PM // INFO // [S_GRAPH] // Weight 30 drawn at (285;397,5)!
11/20/2025 3:53 PM // INFO // [S_GRAPH] // Edge from J3_M1 to J3_M2 with cost 0 drawn.
11/20/2025 3:53 PM // INFO // [S_GRAPH] // Curve value of edge (J2_M1 to J3_M1) set to -25,00
11/20/2025 3:53 PM // INFO // [S_GRAPH] // Edge drawn from (135,0;270,0) to (135,0;350,0)!
11/20/2025 3:53 PM // INFO // [S_GRAPH] // Weight 24 drawn at (147,5;310)!
11/20/2025 3:53 PM // INFO // [S_GRAPH] // Edge from J2_M1 to J3_M1 with cost 0 drawn.
11/20/2025 3:53 PM // INFO // [S_GRAPH] // Curve value of edge (J2_M2 to J3_M2) set to -25,00
11/20/2025 3:53 PM // INFO // [S_GRAPH] // Edge drawn from (435,0;270,0) to (435,0;350,0)!
11/20/2025 3:53 PM // INFO // [S_GRAPH] // Weight 18 drawn at (447,5;310)!
11/20/2025 3:53 PM // INFO // [S_GRAPH] // Edge from J2_M2 to J3_M2 with cost 0 drawn.
11/20/2025 3:53 PM // INFO // [S_GRAPH] // Curve value of edge (J3_M1 to J1_M1) set to -25,00
11/20/2025 3:53 PM // INFO // [S_GRAPH] // Edge drawn from (135,0;350,0) to (135,0;120,0)!
11/20/2025 3:53 PM // INFO // [S_GRAPH] // Weight 30 drawn at (122,5;235)!
11/20/2025 3:53 PM // INFO // [S_GRAPH] // Edge from J3_M1 to J1_M1 with cost 0 drawn.
11/20/2025 3:53 PM // INFO // [S_GRAPH] // Curve value of edge (J3_M2 to J1_M2) set to -25,00
11/20/2025 3:53 PM // INFO // [S_GRAPH] // Edge drawn from (435,0;350,0) to (435,0;120,0)!
11/20/2025 3:53 PM // INFO // [S_GRAPH] // Weight 18 drawn at (422,5;235)!
11/20/2025 3:53 PM // INFO // [S_GRAPH] // Edge from J3_M2 to J1_M2 with cost 0 drawn.
11/20/2025 3:53 PM // INFO // [S_GRAPH] // Edge drawn from (470,0;235,0) to (700,0;235,0)!
11/20/2025 3:53 PM // INFO // [S_GRAPH] // Weight 18 drawn at (585;235)!
11/20/2025 3:53 PM // INFO // [S_GRAPH] // Edge from J2_M2 to P2 with cost 0 drawn.
11/20/2025 3:53 PM // INFO // [S_GRAPH] // Edge drawn from (470,0;385,0) to (700,0;385,0)!
11/20/2025 3:53 PM // INFO // [S_GRAPH] // Weight 18 drawn at (585;385)!
11/20/2025 3:53 PM // INFO // [S_GRAPH] // Edge from J3_M2 to P3 with cost 0 drawn.
11/20/2025 3:53 PM // INFO // [S_GRAPH] // Edge drawn from (470,0;85,0) to (700,0;85,0)!
11/20/2025 3:53 PM // INFO // [S_GRAPH] // Weight 13 drawn at (585;85)!
11/20/2025 3:53 PM // INFO // [S_GRAPH] // Edge from J1_M2 to P1 with cost 0 drawn.
11/20/2025 3:53 PM // INFO // [S_GRAPH] // Canvas resized to 820x470!
11/20/2025 3:53 PM // INFO // [INTEG_SOLVER] // List Scheduling solver selected!
11/20/2025 3:53 PM // INFO // [INTEG_SOLVER] // Starting List Scheduling solver...
11/20/2025 3:53 PM // INFO // [List Scheduling] // Starting list scheuler...
11/20/2025 3:53 PM // INFO // [Johnson's Rule Optimizer] // Node J2_M1 added to topological order.
11/20/2025 3:53 PM // INFO // [Johnson's Rule Optimizer] // Decreased in-degree of J2_M2 to 0.
11/20/2025 3:53 PM // INFO // [Johnson's Rule Optimizer] // Decreased in-degree of J3_M1 to 0.
11/20/2025 3:53 PM // INFO // [Johnson's Rule Optimizer] // Node J2_M2 added to topological order.
11/20/2025 3:53 PM // INFO // [Johnson's Rule Optimizer] // Decreased in-degree of J3_M2 to 1.
11/20/2025 3:53 PM // INFO // [Johnson's Rule Optimizer] // Decreased in-degree of P2 to 0.
11/20/2025 3:53 PM // INFO // [Johnson's Rule Optimizer] // Node J3_M1 added to topological order.
11/20/2025 3:53 PM // INFO // [Johnson's Rule Optimizer] // Decreased in-degree of J3_M2 to 0.
11/20/2025 3:53 PM // INFO // [Johnson's Rule Optimizer] // Decreased in-degree of J1_M1 to 0.
11/20/2025 3:53 PM // INFO // [Johnson's Rule Optimizer] // Node P2 added to topological order.
11/20/2025 3:53 PM // INFO // [Johnson's Rule Optimizer] // Node J3_M2 added to topological order.
11/20/2025 3:53 PM // INFO // [Johnson's Rule Optimizer] // Decreased in-degree of J1_M2 to 1.
11/20/2025 3:53 PM // INFO // [Johnson's Rule Optimizer] // Decreased in-degree of P3 to 0.
11/20/2025 3:53 PM // INFO // [Johnson's Rule Optimizer] // Node J1_M1 added to topological order.
11/20/2025 3:53 PM // INFO // [Johnson's Rule Optimizer] // Decreased in-degree of J1_M2 to 0.
11/20/2025 3:53 PM // INFO // [Johnson's Rule Optimizer] // Node P3 added to topological order.
11/20/2025 3:53 PM // INFO // [Johnson's Rule Optimizer] // Node J1_M2 added to topological order.
11/20/2025 3:53 PM // INFO // [Johnson's Rule Optimizer] // Decreased in-degree of P1 to 0.
11/20/2025 3:53 PM // INFO // [Johnson's Rule Optimizer] // Node P1 added to topological order.
11/20/2025 3:53 PM // INFO // [Johnson's Rule Optimizer] // Topological sort completed successfully.
11/20/2025 3:53 PM // INFO // [List Scheduling] // Vital edges added to the graph!
11/20/2025 3:53 PM // INFO // [Johnson's Rule Optimizer] // Node J2_M1 added to topological order.
11/20/2025 3:53 PM // INFO // [Johnson's Rule Optimizer] // Decreased in-degree of J2_M2 to 0.
11/20/2025 3:53 PM // INFO // [Johnson's Rule Optimizer] // Decreased in-degree of J3_M1 to 0.
11/20/2025 3:53 PM // INFO // [Johnson's Rule Optimizer] // Node J2_M2 added to topological order.
11/20/2025 3:53 PM // INFO // [Johnson's Rule Optimizer] // Decreased in-degree of J3_M2 to 1.
11/20/2025 3:53 PM // INFO // [Johnson's Rule Optimizer] // Decreased in-degree of P2 to 0.
11/20/2025 3:53 PM // INFO // [Johnson's Rule Optimizer] // Node J3_M1 added to topological order.
11/20/2025 3:53 PM // INFO // [Johnson's Rule Optimizer] // Decreased in-degree of J3_M2 to 0.
11/20/2025 3:53 PM // INFO // [Johnson's Rule Optimizer] // Decreased in-degree of J1_M1 to 0.
11/20/2025 3:53 PM // INFO // [Johnson's Rule Optimizer] // Node P2 added to topological order.
11/20/2025 3:53 PM // INFO // [Johnson's Rule Optimizer] // Node J3_M2 added to topological order.
11/20/2025 3:53 PM // INFO // [Johnson's Rule Optimizer] // Decreased in-degree of J1_M2 to 1.
11/20/2025 3:53 PM // INFO // [Johnson's Rule Optimizer] // Decreased in-degree of P3 to 0.
11/20/2025 3:53 PM // INFO // [Johnson's Rule Optimizer] // Node J1_M1 added to topological order.
11/20/2025 3:53 PM // INFO // [Johnson's Rule Optimizer] // Decreased in-degree of J1_M2 to 0.
11/20/2025 3:53 PM // INFO // [Johnson's Rule Optimizer] // Node P3 added to topological order.
11/20/2025 3:53 PM // INFO // [Johnson's Rule Optimizer] // Node J1_M2 added to topological order.
11/20/2025 3:53 PM // INFO // [Johnson's Rule Optimizer] // Decreased in-degree of P1 to 0.
11/20/2025 3:53 PM // INFO // [Johnson's Rule Optimizer] // Node P1 added to topological order.
11/20/2025 3:53 PM // INFO // [Johnson's Rule Optimizer] // Topological sort completed successfully.
11/20/2025 3:53 PM // INFO // [List Scheduling] // EFT for J2_M1 updated(24)!
11/20/2025 3:53 PM // INFO // [List Scheduling] // Node J2_M1 added to the Gantt path!
11/20/2025 3:53 PM // INFO // [List Scheduling] // Estimated start time updated (24)!
11/20/2025 3:53 PM // INFO // [List Scheduling] // EFT for J2_M2 updated(42)!
11/20/2025 3:53 PM // INFO // [List Scheduling] // Node J2_M2 added to the Gantt path!
11/20/2025 3:53 PM // INFO // [List Scheduling] // Estimated start time updated (24)!
11/20/2025 3:53 PM // INFO // [List Scheduling] // EFT for J3_M1 updated(54)!
11/20/2025 3:53 PM // INFO // [List Scheduling] // Node J3_M1 added to the Gantt path!
11/20/2025 3:53 PM // INFO // [List Scheduling] // Product node detected, skipping...
11/20/2025 3:53 PM // INFO // [List Scheduling] // Estimated start time updated (54)!
11/20/2025 3:53 PM // INFO // [List Scheduling] // Estimated start time updated (54)!
11/20/2025 3:53 PM // INFO // [List Scheduling] // EFT for J3_M2 updated(72)!
11/20/2025 3:53 PM // INFO // [List Scheduling] // Node J3_M2 added to the Gantt path!
11/20/2025 3:53 PM // INFO // [List Scheduling] // Estimated start time updated (54)!
11/20/2025 3:53 PM // INFO // [List Scheduling] // EFT for J1_M1 updated(85)!
11/20/2025 3:53 PM // INFO // [List Scheduling] // Node J1_M1 added to the Gantt path!
11/20/2025 3:53 PM // INFO // [List Scheduling] // Product node detected, skipping...
11/20/2025 3:53 PM // INFO // [List Scheduling] // Estimated start time updated (85)!
11/20/2025 3:53 PM // INFO // [List Scheduling] // Estimated start time updated (85)!
11/20/2025 3:53 PM // INFO // [List Scheduling] // EFT for J1_M2 updated(98)!
11/20/2025 3:53 PM // INFO // [List Scheduling] // Node J1_M2 added to the Gantt path!
11/20/2025 3:53 PM // INFO // [List Scheduling] // Product node detected, skipping...
11/20/2025 3:53 PM // INFO // [List Scheduling] // Optimization complete! Makespan: 0,00.
11/20/2025 3:53 PM // INFO // [GANTT] // Node J2_M1 EST is 0 (no predecessors).
11/20/2025 3:53 PM // INFO // [GANTT] // Node J2_M2 EST is determined by J2_M1 (EST: 24,00).
11/20/2025 3:53 PM // INFO // [GANTT] // Node J3_M1 EST is determined by J2_M1 (EST: 24,00).
11/20/2025 3:53 PM // INFO // [GANTT] // Node J3_M2 EST is determined by J3_M1 (EST: 54,00).
11/20/2025 3:53 PM // INFO // [GANTT] // Node J1_M1 EST is determined by J3_M1 (EST: 54,00).
11/20/2025 3:53 PM // INFO // [GANTT] // Node J1_M2 EST is determined by J1_M1 (EST: 85,00).
11/20/2025 3:53 PM // INFO // [GANTT] // Gantt chart built with 6 items from path with 6 nodes.
11/20/2025 3:53 PM // INFO // [GANTT] // Gantt data built with 6 items from optimized path using List Scheduling!
11/20/2025 3:53 PM // INFO // [GANTT] // Canvases are ready to be used!
11/20/2025 3:53 PM // INFO // [GANTT] // Ruler drawn: 99 ticks and 50 labels.
11/20/2025 3:53 PM // INFO // [GANTT] // Gantt chart rendered with 6 items on canvas.
11/20/2025 3:53 PM // INFO // [GANTT] // Canvas resized to 1080x110 to fit all Gantt items.
11/20/2025 3:53 PM // INFO // [GANTT] // List Scheduling schedule rendered successfully!
11/20/2025 3:53 PM // INFO // [S_GRAPH] // Node J1_M1 at 100;50
11/20/2025 3:53 PM // INFO // [S_GRAPH] // Node J1_M2 at 400;50
11/20/2025 3:53 PM // INFO // [S_GRAPH] // Node P1 at 700;50
11/20/2025 3:53 PM // INFO // [S_GRAPH] // Node J2_M1 at 100;200
11/20/2025 3:53 PM // INFO // [S_GRAPH] // Node J2_M2 at 400;200
11/20/2025 3:53 PM // INFO // [S_GRAPH] // Node P2 at 700;200
11/20/2025 3:53 PM // INFO // [S_GRAPH] // Node J3_M1 at 100;350
11/20/2025 3:53 PM // INFO // [S_GRAPH] // Node J3_M2 at 400;350
11/20/2025 3:53 PM // INFO // [S_GRAPH] // Node P3 at 700;350
11/20/2025 3:53 PM // INFO // [S_GRAPH] // Curve value of edge (J1_M1 to J1_M2) set to 25,00
11/20/2025 3:53 PM // INFO // [S_GRAPH] // Edge drawn from (170,0;85,0) to (400,0;85,0)!
11/20/2025 3:53 PM // INFO // [S_GRAPH] // Weight 31 drawn at (285;97,5)!
11/20/2025 3:53 PM // INFO // [S_GRAPH] // Edge from J1_M1 to J1_M2 with cost 0 drawn.
11/20/2025 3:53 PM // INFO // [S_GRAPH] // Curve value of edge (J2_M1 to J2_M2) set to 25,00
11/20/2025 3:53 PM // INFO // [S_GRAPH] // Edge drawn from (170,0;235,0) to (400,0;235,0)!
11/20/2025 3:53 PM // INFO // [S_GRAPH] // Weight 24 drawn at (285;247,5)!
11/20/2025 3:53 PM // INFO // [S_GRAPH] // Edge from J2_M1 to J2_M2 with cost 0 drawn.
11/20/2025 3:53 PM // INFO // [S_GRAPH] // Curve value of edge (J3_M1 to J3_M2) set to 25,00
11/20/2025 3:53 PM // INFO // [S_GRAPH] // Edge drawn from (170,0;385,0) to (400,0;385,0)!
11/20/2025 3:53 PM // INFO // [S_GRAPH] // Weight 30 drawn at (285;397,5)!
11/20/2025 3:53 PM // INFO // [S_GRAPH] // Edge from J3_M1 to J3_M2 with cost 0 drawn.
11/20/2025 3:53 PM // INFO // [S_GRAPH] // Curve value of edge (J2_M1 to J3_M1) set to -25,00
11/20/2025 3:53 PM // INFO // [S_GRAPH] // Edge drawn from (135,0;270,0) to (135,0;350,0)!
11/20/2025 3:53 PM // INFO // [S_GRAPH] // Weight 24 drawn at (147,5;310)!
11/20/2025 3:53 PM // INFO // [S_GRAPH] // Edge from J2_M1 to J3_M1 with cost 0 drawn.
11/20/2025 3:53 PM // INFO // [S_GRAPH] // Curve value of edge (J2_M2 to J3_M2) set to -25,00
11/20/2025 3:53 PM // INFO // [S_GRAPH] // Edge drawn from (435,0;270,0) to (435,0;350,0)!
11/20/2025 3:53 PM // INFO // [S_GRAPH] // Weight 18 drawn at (447,5;310)!
11/20/2025 3:53 PM // INFO // [S_GRAPH] // Edge from J2_M2 to J3_M2 with cost 0 drawn.
11/20/2025 3:53 PM // INFO // [S_GRAPH] // Curve value of edge (J3_M1 to J1_M1) set to -25,00
11/20/2025 3:53 PM // INFO // [S_GRAPH] // Edge drawn from (135,0;350,0) to (135,0;120,0)!
11/20/2025 3:53 PM // INFO // [S_GRAPH] // Weight 30 drawn at (122,5;235)!
11/20/2025 3:53 PM // INFO // [S_GRAPH] // Edge from J3_M1 to J1_M1 with cost 0 drawn.
11/20/2025 3:53 PM // INFO // [S_GRAPH] // Curve value of edge (J3_M2 to J1_M2) set to -25,00
11/20/2025 3:53 PM // INFO // [S_GRAPH] // Edge drawn from (435,0;350,0) to (435,0;120,0)!
11/20/2025 3:53 PM // INFO // [S_GRAPH] // Weight 18 drawn at (422,5;235)!
11/20/2025 3:53 PM // INFO // [S_GRAPH] // Edge from J3_M2 to J1_M2 with cost 0 drawn.
11/20/2025 3:53 PM // INFO // [S_GRAPH] // Edge drawn from (470,0;235,0) to (700,0;235,0)!
11/20/2025 3:53 PM // INFO // [S_GRAPH] // Weight 18 drawn at (585;235)!
11/20/2025 3:53 PM // INFO // [S_GRAPH] // Edge from J2_M2 to P2 with cost 0 drawn.
11/20/2025 3:53 PM // INFO // [S_GRAPH] // Edge drawn from (470,0;385,0) to (700,0;385,0)!
11/20/2025 3:53 PM // INFO // [S_GRAPH] // Weight 18 drawn at (585;385)!
11/20/2025 3:53 PM // INFO // [S_GRAPH] // Edge from J3_M2 to P3 with cost 0 drawn.
11/20/2025 3:53 PM // INFO // [S_GRAPH] // Edge drawn from (470,0;85,0) to (700,0;85,0)!
11/20/2025 3:53 PM // INFO // [S_GRAPH] // Weight 13 drawn at (585;85)!
11/20/2025 3:53 PM // INFO // [S_GRAPH] // Edge from J1_M2 to P1 with cost 0 drawn.
11/20/2025 3:53 PM // INFO // [S_GRAPH] // Canvas resized to 820x470!
11/20/2025 3:53 PM // INFO // [GANTT] // Gantt chart rendered with 6 items on canvas.
11/20/2025 3:53 PM // INFO // [GANTT] // Canvas resized to 1085,5101486301457x110 to fit all Gantt items.
11/20/2025 3:53 PM // INFO // [GANTT] // Canvases are ready to be used!
11/20/2025 3:53 PM // INFO // [GANTT] // Ruler drawn: 99 ticks and 50 labels.
11/20/2025 3:53 PM // INFO // [MODIFY] // Zoom level changed to 0,008088978766430738, scale set to 10,056226006430059!
11/20/2025 3:53 PM // INFO // [GANTT] // Gantt chart rendered with 6 items on canvas.
11/20/2025 3:53 PM // INFO // [GANTT] // Canvas resized to 1130,7214233756533x110 to fit all Gantt items.
11/20/2025 3:53 PM // INFO // [GANTT] // Canvases are ready to be used!
11/20/2025 3:53 PM // INFO // [GANTT] // Ruler drawn: 99 ticks and 50 labels.
11/20/2025 3:53 PM // INFO // [MODIFY] // Zoom level changed to 0,07280080889787664, scale set to 10,517565544649523!
11/20/2025 3:53 PM // INFO // [GANTT] // Gantt chart rendered with 6 items on canvas.
11/20/2025 3:53 PM // INFO // [GANTT] // Canvas resized to 1196,2928472088731x110 to fit all Gantt items.
11/20/2025 3:53 PM // INFO // [GANTT] // Canvases are ready to be used!
11/20/2025 3:53 PM // INFO // [GANTT] // Ruler drawn: 99 ticks and 50 labels.
11/20/2025 3:53 PM // INFO // [MODIFY] // Zoom level changed to 0,16177957532861476, scale set to 11,186661706212991!
11/20/2025 3:53 PM // INFO // [GANTT] // Gantt chart rendered with 6 items on canvas.
11/20/2025 3:53 PM // INFO // [GANTT] // Canvas resized to 1299,1872005227294x110 to fit all Gantt items.
11/20/2025 3:53 PM // INFO // [GANTT] // Canvases are ready to be used!
11/20/2025 3:53 PM // INFO // [GANTT] // Ruler drawn: 99 ticks and 50 labels.
11/20/2025 3:53 PM // INFO // [MODIFY] // Zoom level changed to 0,29120323559150657, scale set to 12,236604086966626!
11/20/2025 3:53 PM // INFO // [GANTT] // Gantt chart rendered with 6 items on canvas.
11/20/2025 3:53 PM // INFO // [GANTT] // Canvas resized to 1347,1886822353786x110 to fit all Gantt items.
11/20/2025 3:53 PM // INFO // [GANTT] // Canvases are ready to be used!
11/20/2025 3:53 PM // INFO // [GANTT] // Ruler drawn: 99 ticks and 50 labels.
11/20/2025 3:53 PM // INFO // [MODIFY] // Zoom level changed to 0,34782608695652173, scale set to 12,726415124850801!
11/20/2025 3:53 PM // INFO // [GANTT] // Gantt chart rendered with 6 items on canvas.
11/20/2025 3:53 PM // INFO // [GANTT] // Canvas resized to 1445,2561988445848x110 to fit all Gantt items.
11/20/2025 3:53 PM // INFO // [GANTT] // Canvases are ready to be used!
11/20/2025 3:53 PM // INFO // [GANTT] // Ruler drawn: 99 ticks and 50 labels.
11/20/2025 3:53 PM // INFO // [MODIFY] // Zoom level changed to 0,4570273003033367, scale set to 13,727104069842701!
11/20/2025 3:53 PM // INFO // [GANTT] // Gantt chart rendered with 6 items on canvas.
11/20/2025 3:53 PM // INFO // [GANTT] // Canvas resized to 1538,8824145136348x110 to fit all Gantt items.
11/20/2025 3:53 PM // INFO // [GANTT] // Canvases are ready to be used!
11/20/2025 3:53 PM // INFO // [GANTT] // Ruler drawn: 99 ticks and 50 labels.
11/20/2025 3:53 PM // INFO // [MODIFY] // Zoom level changed to 0,5540950455005056, scale set to 14,68247361748607!
11/20/2025 3:53 PM // INFO // [GANTT] // Gantt chart rendered with 6 items on canvas.
11/20/2025 3:53 PM // INFO // [GANTT] // Canvas resized to 1600,679652904926x110 to fit all Gantt items.
11/20/2025 3:53 PM // INFO // [GANTT] // Canvases are ready to be used!
11/20/2025 3:53 PM // INFO // [GANTT] // Ruler drawn: 99 ticks and 99 labels.
11/20/2025 3:53 PM // INFO // [MODIFY] // Zoom level changed to 0,6147623862487361, scale set to 15,313057682703326!
11/20/2025 3:53 PM // INFO // [GANTT] // Gantt chart rendered with 6 items on canvas.
11/20/2025 3:53 PM // INFO // [GANTT] // Canvas resized to 1709,6290806182967x110 to fit all Gantt items.
11/20/2025 3:53 PM // INFO // [GANTT] // Canvases are ready to be used!
11/20/2025 3:53 PM // INFO // [GANTT] // Ruler drawn: 99 ticks and 99 labels.
11/20/2025 3:53 PM // INFO // [MODIFY] // Zoom level changed to 0,7158746208291203, scale set to 16,424786536921395!
11/20/2025 3:53 PM // INFO // [GANTT] // Gantt chart rendered with 6 items on canvas.
11/20/2025 3:53 PM // INFO // [GANTT] // Canvas resized to 1764,699929550133x110 to fit all Gantt items.
11/20/2025 3:53 PM // INFO // [GANTT] // Canvases are ready to be used!
11/20/2025 3:53 PM // INFO // [GANTT] // Ruler drawn: 99 ticks and 99 labels.
11/20/2025 3:53 PM // INFO // [MODIFY] // Zoom level changed to 0,7644084934277048, scale set to 16,986733975001357!
11/20/2025 3:53 PM // INFO // [GANTT] // Gantt chart rendered with 6 items on canvas.
11/20/2025 3:53 PM // INFO // [GANTT] // Canvas resized to 1855,7743532708337x110 to fit all Gantt items.
11/20/2025 3:53 PM // INFO // [GANTT] // Canvases are ready to be used!
11/20/2025 3:53 PM // INFO // [GANTT] // Ruler drawn: 99 ticks and 99 labels.
11/20/2025 3:53 PM // INFO // [MODIFY] // Zoom level changed to 0,8412537917087968, scale set to 17,91606482929422!
11/20/2025 3:53 PM // INFO // [GANTT] // Gantt chart rendered with 6 items on canvas.
11/20/2025 3:53 PM // INFO // [GANTT] // Canvas resized to 1880,5585702775854x110 to fit all Gantt items.
11/20/2025 3:53 PM // INFO // [GANTT] // Canvases are ready to be used!
11/20/2025 3:53 PM // INFO // [GANTT] // Ruler drawn: 99 ticks and 99 labels.
11/20/2025 3:53 PM // INFO // [MODIFY] // Zoom level changed to 0,8614762386248737, scale set to 18,168965002832504!
11/20/2025 3:53 PM // INFO // [GANTT] // Gantt chart rendered with 6 items on canvas.
11/20/2025 3:53 PM // INFO // [GANTT] // Canvas resized to 1885,557238628652x110 to fit all Gantt items.
11/20/2025 3:53 PM // INFO // [GANTT] // Canvases are ready to be used!
11/20/2025 3:53 PM // INFO // [GANTT] // Ruler drawn: 99 ticks and 99 labels.
11/20/2025 3:53 PM // INFO // [MODIFY] // Zoom level changed to 0,865520728008089, scale set to 18,219971822741346!
11/20/2025 3:53 PM // INFO // [GANTT] // Gantt chart rendered with 6 items on canvas.
11/20/2025 3:53 PM // INFO // [GANTT] // Canvas resized to 1890,5699400397377x110 to fit all Gantt items.
11/20/2025 3:53 PM // INFO // [GANTT] // Canvases are ready to be used!
11/20/2025 3:53 PM // INFO // [GANTT] // Ruler drawn: 99 ticks and 99 labels.
11/20/2025 3:53 PM // INFO // [MODIFY] // Zoom level changed to 0,8695652173913043, scale set to 18,271121837140182!
11/20/2025 3:53 PM // INFO // [GANTT] // Gantt chart rendered with 6 items on canvas.
11/20/2025 3:53 PM // INFO // [GANTT] // Canvas resized to 1885,557238628652x110 to fit all Gantt items.
11/20/2025 3:53 PM // INFO // [GANTT] // Canvases are ready to be used!
11/20/2025 3:53 PM // INFO // [GANTT] // Ruler drawn: 99 ticks and 99 labels.
11/20/2025 3:53 PM // INFO // [MODIFY] // Zoom level changed to 0,865520728008089, scale set to 18,219971822741346!
11/20/2025 3:53 PM // INFO // [GANTT] // Gantt chart rendered with 6 items on canvas.
11/20/2025 3:53 PM // INFO // [GANTT] // Canvas resized to 1875,5738957009794x110 to fit all Gantt items.
11/20/2025 3:53 PM // INFO // [GANTT] // Canvases are ready to be used!
11/20/2025 3:53 PM // INFO // [GANTT] // Ruler drawn: 99 ticks and 99 labels.
11/20/2025 3:53 PM // INFO // [MODIFY] // Zoom level changed to 0,8574317492416582, scale set to 18,118100976540607!
11/20/2025 3:53 PM // INFO // [GANTT] // Gantt chart rendered with 6 items on canvas.
11/20/2025 3:53 PM // INFO // [GANTT] // Canvas resized to 1870,6031757232554x110 to fit all Gantt items.
11/20/2025 3:53 PM // INFO // [GANTT] // Canvases are ready to be used!
11/20/2025 3:53 PM // INFO // [GANTT] // Ruler drawn: 99 ticks and 99 labels.
11/20/2025 3:53 PM // INFO // [MODIFY] // Zoom level changed to 0,8533872598584429, scale set to 18,06737934411485!
11/20/2025 3:53 PM // INFO // [GANTT] // Gantt chart rendered with 6 items on canvas.
11/20/2025 3:53 PM // INFO // [GANTT] // Canvas resized to 1865,6463712785076x110 to fit all Gantt items.
11/20/2025 3:53 PM // INFO // [GANTT] // Canvases are ready to be used!
11/20/2025 3:53 PM // INFO // [GANTT] // Ruler drawn: 99 ticks and 99 labels.
11/20/2025 3:53 PM // INFO // [MODIFY] // Zoom level changed to 0,8493427704752275, scale set to 18,016799706923546!
11/20/2025 3:53 PM // INFO // [GANTT] // Gantt chart rendered with 6 items on canvas.
11/20/2025 3:53 PM // INFO // [GANTT] // Canvas resized to 1855,7743532708337x110 to fit all Gantt items.
11/20/2025 3:53 PM // INFO // [GANTT] // Canvases are ready to be used!
11/20/2025 3:53 PM // INFO // [GANTT] // Ruler drawn: 99 ticks and 99 labels.
11/20/2025 3:53 PM // INFO // [MODIFY] // Zoom level changed to 0,8412537917087968, scale set to 17,91606482929422!
11/20/2025 3:53 PM // INFO // [GANTT] // Gantt chart rendered with 6 items on canvas.
11/20/2025 3:53 PM // INFO // [GANTT] // Canvas resized to 1836,1955968532516x110 to fit all Gantt items.
11/20/2025 3:53 PM // INFO // [GANTT] // Canvases are ready to be used!
11/20/2025 3:53 PM // INFO // [GANTT] // Ruler drawn: 99 ticks and 99 labels.
11/20/2025 3:53 PM // INFO // [MODIFY] // Zoom level changed to 0,8250758341759353, scale set to 17,716281600543383!
11/20/2025 3:53 PM // INFO // [GANTT] // Gantt chart rendered with 6 items on canvas.
11/20/2025 3:53 PM // INFO // [GANTT] // Canvas resized to 1826,4882429483084x110 to fit all Gantt items.
11/20/2025 3:53 PM // INFO // [GANTT] // Canvases are ready to be used!
11/20/2025 3:53 PM // INFO // [GANTT] // Ruler drawn: 99 ticks and 99 labels.
11/20/2025 3:53 PM // INFO // [MODIFY] // Zoom level changed to 0,8169868554095046, scale set to 17,61722696886029!
11/20/2025 3:53 PM // INFO // [GANTT] // Gantt chart rendered with 6 items on canvas.
11/20/2025 3:53 PM // INFO // [GANTT] // Canvas resized to 1816,8351644487439x110 to fit all Gantt items.
11/20/2025 3:53 PM // INFO // [GANTT] // Canvases are ready to be used!
11/20/2025 3:53 PM // INFO // [GANTT] // Ruler drawn: 99 ticks and 99 labels.
11/20/2025 3:53 PM // INFO // [MODIFY] // Zoom level changed to 0,8088978766430738, scale set to 17,518726167844324!
11/20/2025 3:53 PM // INFO // [GANTT] // Gantt chart rendered with 6 items on canvas.
11/20/2025 3:53 PM // INFO // [GANTT] // Canvas resized to 1812,0288835775016x110 to fit all Gantt items.
11/20/2025 3:53 PM // INFO // [GANTT] // Canvases are ready to be used!
11/20/2025 3:53 PM // INFO // [GANTT] // Ruler drawn: 99 ticks and 99 labels.
11/20/2025 3:53 PM // INFO // [MODIFY] // Zoom level changed to 0,8048533872598584, scale set to 17,46968248548471!
11/20/2025 3:53 PM // INFO // [GANTT] // Gantt chart rendered with 6 items on canvas.
11/20/2025 3:53 PM // INFO // [GANTT] // Canvas resized to 1802,4566497240737x110 to fit all Gantt items.
11/20/2025 3:53 PM // INFO // [GANTT] // Canvases are ready to be used!
11/20/2025 3:53 PM // INFO // [GANTT] // Ruler drawn: 99 ticks and 99 labels.
11/20/2025 3:53 PM // INFO // [MODIFY] // Zoom level changed to 0,7967644084934277, scale set to 17,372006629837486!
11/20/2025 3:53 PM // INFO // [GANTT] // Gantt chart rendered with 6 items on canvas.
11/20/2025 3:53 PM // INFO // [GANTT] // Canvas resized to 1797,690621511741x110 to fit all Gantt items.
11/20/2025 3:53 PM // INFO // [GANTT] // Canvases are ready to be used!
11/20/2025 3:53 PM // INFO // [GANTT] // Ruler drawn: 99 ticks and 99 labels.
11/20/2025 3:53 PM // INFO // [MODIFY] // Zoom level changed to 0,7927199191102123, scale set to 17,323373688895316!
11/20/2025 3:53 PM // INFO // [GANTT] // Gantt chart rendered with 6 items on canvas.
11/20/2025 3:53 PM // INFO // [GANTT] // Canvas resized to 1788,1985552295853x110 to fit all Gantt items.
11/20/2025 3:53 PM // INFO // [GANTT] // Canvases are ready to be used!
11/20/2025 3:53 PM // INFO // [GANTT] // Ruler drawn: 99 ticks and 99 labels.
11/20/2025 3:53 PM // INFO // [MODIFY] // Zoom level changed to 0,7846309403437816, scale set to 17,226515869689646!
11/20/2025 3:53 PM // INFO // [GANTT] // Gantt chart rendered with 6 items on canvas.
11/20/2025 3:53 PM // INFO // [GANTT] // Canvas resized to 1783,4724425596698x110 to fit all Gantt items.
11/20/2025 3:53 PM // INFO // [GANTT] // Canvases are ready to be used!
11/20/2025 3:53 PM // INFO // [GANTT] // Ruler drawn: 99 ticks and 99 labels.
11/20/2025 3:53 PM // INFO // [MODIFY] // Zoom level changed to 0,7805864509605662, scale set to 17,178290230200712!
11/20/2025 3:55 PM // INFO // [DATATABLE] // Solution (List Scheduling) datatable displayed in new tab!
11/20/2025 3:55 PM // INFO // [DATATABLE] // Solution table for "List Scheduling" displayed in new tab!
