11/23/2025 08:05 // INFO // [INITIALIZATION] // Beginning initialization...
11/23/2025 08:05 // INFO // [SAVE] // Custom solvers loaded from JSON file!
11/23/2025 08:05 // INFO // [INITIALIZATION] // Johnson's Rule solver added!
11/23/2025 08:05 // INFO // [INITIALIZATION] // List Scheduling solver added!
11/23/2025 08:05 // INFO // [INITIALIZATION] // {cs.Name} ({cs.TypeID} type) solver added!
11/23/2025 08:05 // INFO // [INITIALIZATION] // {cs.Name} ({cs.TypeID} type) solver added!
11/23/2025 08:05 // INFO // [INITIALIZATION] // {cs.Name} ({cs.TypeID} type) solver added!
11/23/2025 08:05 // INFO // [INITIALIZATION] // Solver menu successfully built!
11/23/2025 08:05 // INFO // [CONSTRAINT] // Saving and closing are disabled for as long as there are no files opened.
11/23/2025 08:05 // INFO // [INITIALIZATION] // Initialization complete!
11/23/2025 08:05 // WARNING // [S_GRAPH] // No BatchML file loaded, drawing example S-Graph!
11/23/2025 08:05 // INFO // [S_GRAPH] // Node J1_M1 at 100;50
11/23/2025 08:05 // INFO // [S_GRAPH] // Node J1_M2 at 400;50
11/23/2025 08:05 // INFO // [S_GRAPH] // Node P1 at 700;50
11/23/2025 08:05 // INFO // [S_GRAPH] // Node J2_M1 at 100;200
11/23/2025 08:05 // INFO // [S_GRAPH] // Node J2_M2 at 400;200
11/23/2025 08:05 // INFO // [S_GRAPH] // Node P2 at 700;200
11/23/2025 08:05 // INFO // [S_GRAPH] // Node J3_M1 at 100;350
11/23/2025 08:05 // INFO // [S_GRAPH] // Node J3_M2 at 400;350
11/23/2025 08:05 // INFO // [S_GRAPH] // Node P3 at 700;350
11/23/2025 08:05 // INFO // [S_GRAPH] // Curve value of edge (J1_M1 to J1_M2) set to 25,00
11/23/2025 08:05 // INFO // [S_GRAPH] // Edge drawn from (170,0;85,0) to (400,0;85,0)!
11/23/2025 08:05 // INFO // [S_GRAPH] // Weight 41 drawn at (285;97,5)!
11/23/2025 08:05 // INFO // [S_GRAPH] // Edge from J1_M1 to J1_M2 with cost 0 drawn.
11/23/2025 08:05 // INFO // [S_GRAPH] // Edge drawn from (470,0;85,0) to (700,0;85,0)!
11/23/2025 08:05 // INFO // [S_GRAPH] // Weight 45 drawn at (585;85)!
11/23/2025 08:05 // INFO // [S_GRAPH] // Edge from J1_M2 to P1 with cost 0 drawn.
11/23/2025 08:05 // INFO // [S_GRAPH] // Curve value of edge (J2_M1 to J2_M2) set to 25,00
11/23/2025 08:05 // INFO // [S_GRAPH] // Edge drawn from (170,0;235,0) to (400,0;235,0)!
11/23/2025 08:05 // INFO // [S_GRAPH] // Weight 32 drawn at (285;247,5)!
11/23/2025 08:05 // INFO // [S_GRAPH] // Edge from J2_M1 to J2_M2 with cost 0 drawn.
11/23/2025 08:05 // INFO // [S_GRAPH] // Edge drawn from (470,0;235,0) to (700,0;235,0)!
11/23/2025 08:05 // INFO // [S_GRAPH] // Weight 32 drawn at (585;235)!
11/23/2025 08:05 // INFO // [S_GRAPH] // Edge from J2_M2 to P2 with cost 0 drawn.
11/23/2025 08:05 // INFO // [S_GRAPH] // Curve value of edge (J3_M1 to J3_M2) set to 25,00
11/23/2025 08:05 // INFO // [S_GRAPH] // Edge drawn from (170,0;385,0) to (400,0;385,0)!
11/23/2025 08:05 // INFO // [S_GRAPH] // Weight 17 drawn at (285;397,5)!
11/23/2025 08:05 // INFO // [S_GRAPH] // Edge from J3_M1 to J3_M2 with cost 0 drawn.
11/23/2025 08:05 // INFO // [S_GRAPH] // Edge drawn from (470,0;385,0) to (700,0;385,0)!
11/23/2025 08:05 // INFO // [S_GRAPH] // Weight 47 drawn at (585;385)!
11/23/2025 08:05 // INFO // [S_GRAPH] // Edge from J3_M2 to P3 with cost 0 drawn.
11/23/2025 08:05 // INFO // [S_GRAPH] // Canvas resized to 820x470!
11/23/2025 08:05 // INFO // [INITIALIZATION] // Johnson's Rule solver enabled!
11/23/2025 08:05 // INFO // [INITIALIZATION] // List Scheduling solver enabled!
11/23/2025 08:05 // INFO // [INITIALIZATION] // Branch And Bound solver enabled!
11/23/2025 08:05 // INFO // [INITIALIZATION] // Campbell-Dudek-Smith solver enabled!
11/23/2025 08:05 // INFO // [INITIALIZATION] // Simulated Annealing solver enabled!
11/23/2025 08:05 // INFO // [INITIALIZATION] //  solver enabled!
11/23/2025 08:05 // INFO // [CONSTRAINT] // Saving and closing are disabled for as long as there are no files opened.
11/23/2025 08:05 // INFO // [EXTERN_SOLVER] // Campbell-Dudek-Smith custom solver selected!
11/23/2025 08:05 // INFO // [S_GRAPH] // C:\Users\Phant0m\Desktop\THESIS_LIPX05\Thesis_LIPX05\bin\x64\Debug\net9.0-windows\SolverTemp successfully discovered!
11/23/2025 08:05 // INFO // [S_GRAPH] // SGraph saved to C:\Users\Phant0m\Desktop\THESIS_LIPX05\Thesis_LIPX05\bin\x64\Debug\net9.0-windows\SolverTemp\SGraph_5b436b45-05ba-4972-acdc-ab0bf21ae3fe.xml!
11/23/2025 08:05 // INFO // [Campbell-Dudek-Smith] // Deterministic solver selected; skipping numeric parameter gathering...
11/23/2025 08:06 // ERROR // [Campbell-Dudek-Smith] // Solver failed with code 4! Error: Fatal error: The given key 'J2_M3' was not present in the dictionary.
11/23/2025 08:06 // INFO // [S_GRAPH] // Node J1_M1 at 100;50
11/23/2025 08:06 // INFO // [S_GRAPH] // Node J1_M2 at 400;50
11/23/2025 08:06 // INFO // [S_GRAPH] // Node P1 at 700;50
11/23/2025 08:06 // INFO // [S_GRAPH] // Node J2_M1 at 100;200
11/23/2025 08:06 // INFO // [S_GRAPH] // Node J2_M2 at 400;200
11/23/2025 08:06 // INFO // [S_GRAPH] // Node P2 at 700;200
11/23/2025 08:06 // INFO // [S_GRAPH] // Node J3_M1 at 100;350
11/23/2025 08:06 // INFO // [S_GRAPH] // Node J3_M2 at 400;350
11/23/2025 08:06 // INFO // [S_GRAPH] // Node P3 at 700;350
11/23/2025 08:06 // INFO // [S_GRAPH] // Curve value of edge (J1_M1 to J1_M2) set to 25,00
11/23/2025 08:06 // INFO // [S_GRAPH] // Edge drawn from (170,0;85,0) to (400,0;85,0)!
11/23/2025 08:06 // INFO // [S_GRAPH] // Weight 41 drawn at (285;97,5)!
11/23/2025 08:06 // INFO // [S_GRAPH] // Edge from J1_M1 to J1_M2 with cost 0 drawn.
11/23/2025 08:06 // INFO // [S_GRAPH] // Edge drawn from (470,0;85,0) to (700,0;85,0)!
11/23/2025 08:06 // INFO // [S_GRAPH] // Weight 45 drawn at (585;85)!
11/23/2025 08:06 // INFO // [S_GRAPH] // Edge from J1_M2 to P1 with cost 0 drawn.
11/23/2025 08:06 // INFO // [S_GRAPH] // Curve value of edge (J2_M1 to J2_M2) set to 25,00
11/23/2025 08:06 // INFO // [S_GRAPH] // Edge drawn from (170,0;235,0) to (400,0;235,0)!
11/23/2025 08:06 // INFO // [S_GRAPH] // Weight 32 drawn at (285;247,5)!
11/23/2025 08:06 // INFO // [S_GRAPH] // Edge from J2_M1 to J2_M2 with cost 0 drawn.
11/23/2025 08:06 // INFO // [S_GRAPH] // Edge drawn from (470,0;235,0) to (700,0;235,0)!
11/23/2025 08:06 // INFO // [S_GRAPH] // Weight 32 drawn at (585;235)!
11/23/2025 08:06 // INFO // [S_GRAPH] // Edge from J2_M2 to P2 with cost 0 drawn.
11/23/2025 08:06 // INFO // [S_GRAPH] // Curve value of edge (J3_M1 to J3_M2) set to 25,00
11/23/2025 08:06 // INFO // [S_GRAPH] // Edge drawn from (170,0;385,0) to (400,0;385,0)!
11/23/2025 08:06 // INFO // [S_GRAPH] // Weight 17 drawn at (285;397,5)!
11/23/2025 08:06 // INFO // [S_GRAPH] // Edge from J3_M1 to J3_M2 with cost 0 drawn.
11/23/2025 08:06 // INFO // [S_GRAPH] // Edge drawn from (470,0;385,0) to (700,0;385,0)!
11/23/2025 08:06 // INFO // [S_GRAPH] // Weight 47 drawn at (585;385)!
11/23/2025 08:06 // INFO // [S_GRAPH] // Edge from J3_M2 to P3 with cost 0 drawn.
11/23/2025 08:06 // INFO // [S_GRAPH] // Canvas resized to 820x470!
11/23/2025 08:07 // INFO // [EXTERN_SOLVER] // Campbell-Dudek-Smith custom solver selected!
11/23/2025 08:07 // INFO // [S_GRAPH] // C:\Users\Phant0m\Desktop\THESIS_LIPX05\Thesis_LIPX05\bin\x64\Debug\net9.0-windows\SolverTemp successfully discovered!
11/23/2025 08:07 // INFO // [S_GRAPH] // SGraph saved to C:\Users\Phant0m\Desktop\THESIS_LIPX05\Thesis_LIPX05\bin\x64\Debug\net9.0-windows\SolverTemp\SGraph_229afdda-fc53-499c-a81c-cb3d80b73923.xml!
11/23/2025 08:07 // INFO // [Campbell-Dudek-Smith] // Deterministic solver selected; skipping numeric parameter gathering...
11/23/2025 08:12 // ERROR // [Campbell-Dudek-Smith] // Solver failed with code 4! Error: at System.Collections.Generic.Dictionary`2.get_Item(TKey key)
   at Y0KAI_CDS.CDS.TopoSort(Dictionary`2 nodes, List`1 edges, Boolean isSilent) in C:\Users\Phant0m\Desktop\THESIS_LIPX05\Y0KAI_CDS\CDS.cs:line 130
   at Y0KAI_CDS.CDS.GetLongestPathEFTs(Boolean isSilent) in C:\Users\Phant0m\Desktop\THESIS_LIPX05\Y0KAI_CDS\CDS.cs:line 72
   at Y0KAI_CDS.CDS.CalcCMax(List`1 seq, Boolean isSilent) in C:\Users\Phant0m\Desktop\THESIS_LIPX05\Y0KAI_CDS\CDS.cs:line 63
   at Y0KAI_CDS.CDS.Solve(Boolean isSilent) in C:\Users\Phant0m\Desktop\THESIS_LIPX05\Y0KAI_CDS\CDS.cs:line 207
   at Y0KAI_CDS.Program.Main(String[] args) in C:\Users\Phant0m\Desktop\THESIS_LIPX05\Y0KAI_CDS\Program.cs:line 51
11/23/2025 08:12 // INFO // [S_GRAPH] // Node J1_M1 at 100;50
11/23/2025 08:12 // INFO // [S_GRAPH] // Node J1_M2 at 400;50
11/23/2025 08:12 // INFO // [S_GRAPH] // Node P1 at 700;50
11/23/2025 08:12 // INFO // [S_GRAPH] // Node J2_M1 at 100;200
11/23/2025 08:12 // INFO // [S_GRAPH] // Node J2_M2 at 400;200
11/23/2025 08:12 // INFO // [S_GRAPH] // Node P2 at 700;200
11/23/2025 08:12 // INFO // [S_GRAPH] // Node J3_M1 at 100;350
11/23/2025 08:12 // INFO // [S_GRAPH] // Node J3_M2 at 400;350
11/23/2025 08:12 // INFO // [S_GRAPH] // Node P3 at 700;350
11/23/2025 08:12 // INFO // [S_GRAPH] // Curve value of edge (J1_M1 to J1_M2) set to 25,00
11/23/2025 08:12 // INFO // [S_GRAPH] // Edge drawn from (170,0;85,0) to (400,0;85,0)!
11/23/2025 08:12 // INFO // [S_GRAPH] // Weight 41 drawn at (285;97,5)!
11/23/2025 08:12 // INFO // [S_GRAPH] // Edge from J1_M1 to J1_M2 with cost 0 drawn.
11/23/2025 08:12 // INFO // [S_GRAPH] // Edge drawn from (470,0;85,0) to (700,0;85,0)!
11/23/2025 08:12 // INFO // [S_GRAPH] // Weight 45 drawn at (585;85)!
11/23/2025 08:12 // INFO // [S_GRAPH] // Edge from J1_M2 to P1 with cost 0 drawn.
11/23/2025 08:12 // INFO // [S_GRAPH] // Curve value of edge (J2_M1 to J2_M2) set to 25,00
11/23/2025 08:12 // INFO // [S_GRAPH] // Edge drawn from (170,0;235,0) to (400,0;235,0)!
11/23/2025 08:12 // INFO // [S_GRAPH] // Weight 32 drawn at (285;247,5)!
11/23/2025 08:12 // INFO // [S_GRAPH] // Edge from J2_M1 to J2_M2 with cost 0 drawn.
11/23/2025 08:12 // INFO // [S_GRAPH] // Edge drawn from (470,0;235,0) to (700,0;235,0)!
11/23/2025 08:12 // INFO // [S_GRAPH] // Weight 32 drawn at (585;235)!
11/23/2025 08:12 // INFO // [S_GRAPH] // Edge from J2_M2 to P2 with cost 0 drawn.
11/23/2025 08:12 // INFO // [S_GRAPH] // Curve value of edge (J3_M1 to J3_M2) set to 25,00
11/23/2025 08:12 // INFO // [S_GRAPH] // Edge drawn from (170,0;385,0) to (400,0;385,0)!
11/23/2025 08:12 // INFO // [S_GRAPH] // Weight 17 drawn at (285;397,5)!
11/23/2025 08:12 // INFO // [S_GRAPH] // Edge from J3_M1 to J3_M2 with cost 0 drawn.
11/23/2025 08:12 // INFO // [S_GRAPH] // Edge drawn from (470,0;385,0) to (700,0;385,0)!
11/23/2025 08:12 // INFO // [S_GRAPH] // Weight 47 drawn at (585;385)!
11/23/2025 08:12 // INFO // [S_GRAPH] // Edge from J3_M2 to P3 with cost 0 drawn.
11/23/2025 08:12 // INFO // [S_GRAPH] // Canvas resized to 820x470!
11/23/2025 08:12 // INFO // [EXTERN_SOLVER] // Campbell-Dudek-Smith custom solver selected!
11/23/2025 08:12 // INFO // [S_GRAPH] // C:\Users\Phant0m\Desktop\THESIS_LIPX05\Thesis_LIPX05\bin\x64\Debug\net9.0-windows\SolverTemp successfully discovered!
11/23/2025 08:12 // INFO // [S_GRAPH] // SGraph saved to C:\Users\Phant0m\Desktop\THESIS_LIPX05\Thesis_LIPX05\bin\x64\Debug\net9.0-windows\SolverTemp\SGraph_e292b0a3-e28c-4204-91f3-c6e7069eb0b4.xml!
11/23/2025 08:12 // INFO // [Campbell-Dudek-Smith] // Deterministic solver selected; skipping numeric parameter gathering...
11/23/2025 08:16 // ERROR // [Campbell-Dudek-Smith] // Solver failed with code 4! Error: at System.Collections.Generic.Dictionary`2.get_Item(TKey key)
   at Y0KAI_CDS.CDS.TopoSort(Dictionary`2 nodes, List`1 edges, Boolean isSilent) in C:\Users\Phant0m\Desktop\THESIS_LIPX05\Y0KAI_CDS\CDS.cs:line 140
   at Y0KAI_CDS.CDS.GetLongestPathEFTs(Boolean isSilent) in C:\Users\Phant0m\Desktop\THESIS_LIPX05\Y0KAI_CDS\CDS.cs:line 82
   at Y0KAI_CDS.CDS.CalcCMax(List`1 seq, Boolean isSilent) in C:\Users\Phant0m\Desktop\THESIS_LIPX05\Y0KAI_CDS\CDS.cs:line 73
   at Y0KAI_CDS.CDS.Solve(Boolean isSilent) in C:\Users\Phant0m\Desktop\THESIS_LIPX05\Y0KAI_CDS\CDS.cs:line 217
   at Y0KAI_CDS.Program.Main(String[] args) in C:\Users\Phant0m\Desktop\THESIS_LIPX05\Y0KAI_CDS\Program.cs:line 51
11/23/2025 08:16 // INFO // [S_GRAPH] // Node J1_M1 at 100;50
11/23/2025 08:16 // INFO // [S_GRAPH] // Node J1_M2 at 400;50
11/23/2025 08:16 // INFO // [S_GRAPH] // Node P1 at 700;50
11/23/2025 08:16 // INFO // [S_GRAPH] // Node J2_M1 at 100;200
11/23/2025 08:16 // INFO // [S_GRAPH] // Node J2_M2 at 400;200
11/23/2025 08:16 // INFO // [S_GRAPH] // Node P2 at 700;200
11/23/2025 08:16 // INFO // [S_GRAPH] // Node J3_M1 at 100;350
11/23/2025 08:16 // INFO // [S_GRAPH] // Node J3_M2 at 400;350
11/23/2025 08:16 // INFO // [S_GRAPH] // Node P3 at 700;350
11/23/2025 08:16 // INFO // [S_GRAPH] // Curve value of edge (J1_M1 to J1_M2) set to 25,00
11/23/2025 08:16 // INFO // [S_GRAPH] // Edge drawn from (170,0;85,0) to (400,0;85,0)!
11/23/2025 08:16 // INFO // [S_GRAPH] // Weight 41 drawn at (285;97,5)!
11/23/2025 08:16 // INFO // [S_GRAPH] // Edge from J1_M1 to J1_M2 with cost 0 drawn.
11/23/2025 08:16 // INFO // [S_GRAPH] // Edge drawn from (470,0;85,0) to (700,0;85,0)!
11/23/2025 08:16 // INFO // [S_GRAPH] // Weight 45 drawn at (585;85)!
11/23/2025 08:16 // INFO // [S_GRAPH] // Edge from J1_M2 to P1 with cost 0 drawn.
11/23/2025 08:16 // INFO // [S_GRAPH] // Curve value of edge (J2_M1 to J2_M2) set to 25,00
11/23/2025 08:16 // INFO // [S_GRAPH] // Edge drawn from (170,0;235,0) to (400,0;235,0)!
11/23/2025 08:16 // INFO // [S_GRAPH] // Weight 32 drawn at (285;247,5)!
11/23/2025 08:16 // INFO // [S_GRAPH] // Edge from J2_M1 to J2_M2 with cost 0 drawn.
11/23/2025 08:16 // INFO // [S_GRAPH] // Edge drawn from (470,0;235,0) to (700,0;235,0)!
11/23/2025 08:16 // INFO // [S_GRAPH] // Weight 32 drawn at (585;235)!
11/23/2025 08:16 // INFO // [S_GRAPH] // Edge from J2_M2 to P2 with cost 0 drawn.
11/23/2025 08:16 // INFO // [S_GRAPH] // Curve value of edge (J3_M1 to J3_M2) set to 25,00
11/23/2025 08:16 // INFO // [S_GRAPH] // Edge drawn from (170,0;385,0) to (400,0;385,0)!
11/23/2025 08:16 // INFO // [S_GRAPH] // Weight 17 drawn at (285;397,5)!
11/23/2025 08:16 // INFO // [S_GRAPH] // Edge from J3_M1 to J3_M2 with cost 0 drawn.
11/23/2025 08:16 // INFO // [S_GRAPH] // Edge drawn from (470,0;385,0) to (700,0;385,0)!
11/23/2025 08:16 // INFO // [S_GRAPH] // Weight 47 drawn at (585;385)!
11/23/2025 08:16 // INFO // [S_GRAPH] // Edge from J3_M2 to P3 with cost 0 drawn.
11/23/2025 08:16 // INFO // [S_GRAPH] // Canvas resized to 820x470!
11/23/2025 08:16 // INFO // [EXTERN_SOLVER] // Campbell-Dudek-Smith custom solver selected!
11/23/2025 08:16 // INFO // [S_GRAPH] // C:\Users\Phant0m\Desktop\THESIS_LIPX05\Thesis_LIPX05\bin\x64\Debug\net9.0-windows\SolverTemp successfully discovered!
11/23/2025 08:16 // INFO // [S_GRAPH] // SGraph saved to C:\Users\Phant0m\Desktop\THESIS_LIPX05\Thesis_LIPX05\bin\x64\Debug\net9.0-windows\SolverTemp\SGraph_925ed817-d67b-4770-9d10-e3cb85517d71.xml!
11/23/2025 08:16 // INFO // [Campbell-Dudek-Smith] // Deterministic solver selected; skipping numeric parameter gathering...
11/23/2025 08:18 // ERROR // [Campbell-Dudek-Smith] // Solver failed with code 4! Error: Warning: Edge to non-existent node J2_M3 ignored.
Warning: Edge to non-existent node J3_M3 ignored.
   at System.Collections.Generic.Dictionary`2.get_Item(TKey key)
   at Y0KAI_CDS.CDS.GetLongestPathEFTs(Boolean isSilent) in C:\Users\Phant0m\Desktop\THESIS_LIPX05\Y0KAI_CDS\CDS.cs:line 83
   at Y0KAI_CDS.CDS.CalcCMax(List`1 seq, Boolean isSilent) in C:\Users\Phant0m\Desktop\THESIS_LIPX05\Y0KAI_CDS\CDS.cs:line 63
   at Y0KAI_CDS.CDS.Solve(Boolean isSilent) in C:\Users\Phant0m\Desktop\THESIS_LIPX05\Y0KAI_CDS\CDS.cs:line 212
   at Y0KAI_CDS.Program.Main(String[] args) in C:\Users\Phant0m\Desktop\THESIS_LIPX05\Y0KAI_CDS\Program.cs:line 51
11/23/2025 08:18 // INFO // [S_GRAPH] // Node J1_M1 at 100;50
11/23/2025 08:18 // INFO // [S_GRAPH] // Node J1_M2 at 400;50
11/23/2025 08:18 // INFO // [S_GRAPH] // Node P1 at 700;50
11/23/2025 08:18 // INFO // [S_GRAPH] // Node J2_M1 at 100;200
11/23/2025 08:18 // INFO // [S_GRAPH] // Node J2_M2 at 400;200
11/23/2025 08:18 // INFO // [S_GRAPH] // Node P2 at 700;200
11/23/2025 08:18 // INFO // [S_GRAPH] // Node J3_M1 at 100;350
11/23/2025 08:18 // INFO // [S_GRAPH] // Node J3_M2 at 400;350
11/23/2025 08:18 // INFO // [S_GRAPH] // Node P3 at 700;350
11/23/2025 08:18 // INFO // [S_GRAPH] // Curve value of edge (J1_M1 to J1_M2) set to 25,00
11/23/2025 08:18 // INFO // [S_GRAPH] // Edge drawn from (170,0;85,0) to (400,0;85,0)!
11/23/2025 08:18 // INFO // [S_GRAPH] // Weight 41 drawn at (285;97,5)!
11/23/2025 08:18 // INFO // [S_GRAPH] // Edge from J1_M1 to J1_M2 with cost 0 drawn.
11/23/2025 08:18 // INFO // [S_GRAPH] // Edge drawn from (470,0;85,0) to (700,0;85,0)!
11/23/2025 08:18 // INFO // [S_GRAPH] // Weight 45 drawn at (585;85)!
11/23/2025 08:18 // INFO // [S_GRAPH] // Edge from J1_M2 to P1 with cost 0 drawn.
11/23/2025 08:18 // INFO // [S_GRAPH] // Curve value of edge (J2_M1 to J2_M2) set to 25,00
11/23/2025 08:18 // INFO // [S_GRAPH] // Edge drawn from (170,0;235,0) to (400,0;235,0)!
11/23/2025 08:18 // INFO // [S_GRAPH] // Weight 32 drawn at (285;247,5)!
11/23/2025 08:18 // INFO // [S_GRAPH] // Edge from J2_M1 to J2_M2 with cost 0 drawn.
11/23/2025 08:18 // INFO // [S_GRAPH] // Edge drawn from (470,0;235,0) to (700,0;235,0)!
11/23/2025 08:18 // INFO // [S_GRAPH] // Weight 32 drawn at (585;235)!
11/23/2025 08:18 // INFO // [S_GRAPH] // Edge from J2_M2 to P2 with cost 0 drawn.
11/23/2025 08:18 // INFO // [S_GRAPH] // Curve value of edge (J3_M1 to J3_M2) set to 25,00
11/23/2025 08:18 // INFO // [S_GRAPH] // Edge drawn from (170,0;385,0) to (400,0;385,0)!
11/23/2025 08:18 // INFO // [S_GRAPH] // Weight 17 drawn at (285;397,5)!
11/23/2025 08:18 // INFO // [S_GRAPH] // Edge from J3_M1 to J3_M2 with cost 0 drawn.
11/23/2025 08:18 // INFO // [S_GRAPH] // Edge drawn from (470,0;385,0) to (700,0;385,0)!
11/23/2025 08:18 // INFO // [S_GRAPH] // Weight 47 drawn at (585;385)!
11/23/2025 08:18 // INFO // [S_GRAPH] // Edge from J3_M2 to P3 with cost 0 drawn.
11/23/2025 08:18 // INFO // [S_GRAPH] // Canvas resized to 820x470!
11/23/2025 08:18 // INFO // [EXTERN_SOLVER] // Campbell-Dudek-Smith custom solver selected!
11/23/2025 08:18 // INFO // [S_GRAPH] // C:\Users\Phant0m\Desktop\THESIS_LIPX05\Thesis_LIPX05\bin\x64\Debug\net9.0-windows\SolverTemp successfully discovered!
11/23/2025 08:18 // INFO // [S_GRAPH] // SGraph saved to C:\Users\Phant0m\Desktop\THESIS_LIPX05\Thesis_LIPX05\bin\x64\Debug\net9.0-windows\SolverTemp\SGraph_43007bbe-7c0a-47c4-b523-ec3874a30072.xml!
11/23/2025 08:18 // INFO // [Campbell-Dudek-Smith] // Deterministic solver selected; skipping numeric parameter gathering...
11/23/2025 08:18 // INFO // [LOAD] // Loading solution from C:\Users\Phant0m\Desktop\THESIS_LIPX05\Thesis_LIPX05\bin\x64\Debug\net9.0-windows\SolverTemp\CampbellDudekSmith_Solution.txt...
11/23/2025 08:18 // INFO // [LOAD] // Node J3_M1 added to solution path from file.
11/23/2025 08:18 // INFO // [LOAD] // Node J3_M2 added to solution path from file.
11/23/2025 08:18 // INFO // [LOAD] // Node J1_M1 added to solution path from file.
11/23/2025 08:18 // INFO // [LOAD] // Node J1_M2 added to solution path from file.
11/23/2025 08:18 // INFO // [LOAD] // Node J2_M1 added to solution path from file.
11/23/2025 08:18 // INFO // [LOAD] // Node J2_M2 added to solution path from file.
11/23/2025 08:18 // INFO // [LOAD] // Total of 6 nodes loaded from solution file.
11/23/2025 08:18 // INFO // [S_GRAPH] // Node J1_M1 at 100;50
11/23/2025 08:18 // INFO // [S_GRAPH] // Node J1_M2 at 400;50
11/23/2025 08:18 // INFO // [S_GRAPH] // Node P1 at 700;50
11/23/2025 08:18 // INFO // [S_GRAPH] // Node J2_M1 at 100;200
11/23/2025 08:18 // INFO // [S_GRAPH] // Node J2_M2 at 400;200
11/23/2025 08:18 // INFO // [S_GRAPH] // Node P2 at 700;200
11/23/2025 08:18 // INFO // [S_GRAPH] // Node J3_M1 at 100;350
11/23/2025 08:18 // INFO // [S_GRAPH] // Node J3_M2 at 400;350
11/23/2025 08:18 // INFO // [S_GRAPH] // Node P3 at 700;350
11/23/2025 08:18 // INFO // [S_GRAPH] // Curve value of edge (J1_M1 to J1_M2) set to 25,00
11/23/2025 08:18 // INFO // [S_GRAPH] // Edge drawn from (170,0;85,0) to (400,0;85,0)!
11/23/2025 08:18 // INFO // [S_GRAPH] // Weight 41 drawn at (285;97,5)!
11/23/2025 08:18 // INFO // [S_GRAPH] // Edge from J1_M1 to J1_M2 with cost 0 drawn.
11/23/2025 08:18 // INFO // [S_GRAPH] // Curve value of edge (J2_M1 to J2_M2) set to 25,00
11/23/2025 08:18 // INFO // [S_GRAPH] // Edge drawn from (170,0;235,0) to (400,0;235,0)!
11/23/2025 08:18 // INFO // [S_GRAPH] // Weight 32 drawn at (285;247,5)!
11/23/2025 08:18 // INFO // [S_GRAPH] // Edge from J2_M1 to J2_M2 with cost 0 drawn.
11/23/2025 08:18 // INFO // [S_GRAPH] // Curve value of edge (J3_M1 to J3_M2) set to 25,00
11/23/2025 08:18 // INFO // [S_GRAPH] // Edge drawn from (170,0;385,0) to (400,0;385,0)!
11/23/2025 08:18 // INFO // [S_GRAPH] // Weight 17 drawn at (285;397,5)!
11/23/2025 08:18 // INFO // [S_GRAPH] // Edge from J3_M1 to J3_M2 with cost 0 drawn.
11/23/2025 08:18 // INFO // [S_GRAPH] // Curve value of edge (J3_M1 to J1_M1) set to -25,00
11/23/2025 08:18 // INFO // [S_GRAPH] // Edge drawn from (135,0;350,0) to (135,0;120,0)!
11/23/2025 08:18 // INFO // [S_GRAPH] // Weight 17 drawn at (122,5;235)!
11/23/2025 08:18 // INFO // [S_GRAPH] // Edge from J3_M1 to J1_M1 with cost 0 drawn.
11/23/2025 08:18 // INFO // [S_GRAPH] // Curve value of edge (J3_M2 to J1_M2) set to -25,00
11/23/2025 08:18 // INFO // [S_GRAPH] // Edge drawn from (435,0;350,0) to (435,0;120,0)!
11/23/2025 08:18 // INFO // [S_GRAPH] // Weight 47 drawn at (422,5;235)!
11/23/2025 08:18 // INFO // [S_GRAPH] // Edge from J3_M2 to J1_M2 with cost 0 drawn.
11/23/2025 08:18 // INFO // [S_GRAPH] // Curve value of edge (J1_M1 to J2_M1) set to -25,00
11/23/2025 08:18 // INFO // [S_GRAPH] // Edge drawn from (135,0;120,0) to (135,0;200,0)!
11/23/2025 08:18 // INFO // [S_GRAPH] // Weight 41 drawn at (147,5;160)!
11/23/2025 08:18 // INFO // [S_GRAPH] // Edge from J1_M1 to J2_M1 with cost 0 drawn.
11/23/2025 08:18 // INFO // [S_GRAPH] // Curve value of edge (J1_M2 to J2_M2) set to -25,00
11/23/2025 08:18 // INFO // [S_GRAPH] // Edge drawn from (435,0;120,0) to (435,0;200,0)!
11/23/2025 08:18 // INFO // [S_GRAPH] // Weight 45 drawn at (447,5;160)!
11/23/2025 08:18 // INFO // [S_GRAPH] // Edge from J1_M2 to J2_M2 with cost 0 drawn.
11/23/2025 08:18 // INFO // [S_GRAPH] // Edge drawn from (470,0;385,0) to (700,0;385,0)!
11/23/2025 08:18 // INFO // [S_GRAPH] // Weight 47 drawn at (585;385)!
11/23/2025 08:18 // INFO // [S_GRAPH] // Edge from J3_M2 to P3 with cost 0 drawn.
11/23/2025 08:18 // INFO // [S_GRAPH] // Edge drawn from (470,0;85,0) to (700,0;85,0)!
11/23/2025 08:18 // INFO // [S_GRAPH] // Weight 45 drawn at (585;85)!
11/23/2025 08:18 // INFO // [S_GRAPH] // Edge from J1_M2 to P1 with cost 0 drawn.
11/23/2025 08:18 // INFO // [S_GRAPH] // Edge drawn from (470,0;235,0) to (700,0;235,0)!
11/23/2025 08:18 // INFO // [S_GRAPH] // Weight 32 drawn at (585;235)!
11/23/2025 08:18 // INFO // [S_GRAPH] // Edge from J2_M2 to P2 with cost 0 drawn.
11/23/2025 08:18 // INFO // [S_GRAPH] // Canvas resized to 820x470!
11/23/2025 08:18 // INFO // [GANTT] // Node J3_M1 EST is 0 (no predecessors).
11/23/2025 08:18 // INFO // [GANTT] // Node J3_M2 EST is determined by J3_M1 (EST: 17,00).
11/23/2025 08:18 // INFO // [GANTT] // Node J1_M1 EST is determined by J3_M1 (EST: 17,00).
11/23/2025 08:18 // INFO // [GANTT] // Node J1_M2 EST is determined by J3_M2 (EST: 64,00).
11/23/2025 08:18 // INFO // [GANTT] // Node J2_M1 EST is determined by J1_M1 (EST: 58,00).
11/23/2025 08:18 // INFO // [GANTT] // Node J2_M2 EST is determined by J1_M2 (EST: 109,00).
11/23/2025 08:18 // INFO // [GANTT] // Gantt chart built with 6 items from path with 6 nodes.
11/23/2025 08:18 // INFO // [GANTT] // Gantt data built with 6 items from optimized path using Campbell-Dudek-Smith!
11/23/2025 08:18 // INFO // [GANTT] // Canvases are ready to be used!
11/23/2025 08:18 // INFO // [GANTT] // Ruler drawn: 142 ticks and 71 labels.
11/23/2025 08:18 // INFO // [GANTT] // Gantt chart rendered with 6 items on canvas.
11/23/2025 08:18 // INFO // [GANTT] // Canvas resized to 1510x110 to fit all Gantt items.
11/23/2025 08:18 // INFO // [GANTT] // Campbell-Dudek-Smith schedule rendered successfully!
11/23/2025 08:18 // INFO // [S_GRAPH] // Node J1_M1 at 100;50
11/23/2025 08:18 // INFO // [S_GRAPH] // Node J1_M2 at 400;50
11/23/2025 08:18 // INFO // [S_GRAPH] // Node P1 at 700;50
11/23/2025 08:18 // INFO // [S_GRAPH] // Node J2_M1 at 100;200
11/23/2025 08:18 // INFO // [S_GRAPH] // Node J2_M2 at 400;200
11/23/2025 08:18 // INFO // [S_GRAPH] // Node P2 at 700;200
11/23/2025 08:18 // INFO // [S_GRAPH] // Node J3_M1 at 100;350
11/23/2025 08:18 // INFO // [S_GRAPH] // Node J3_M2 at 400;350
11/23/2025 08:18 // INFO // [S_GRAPH] // Node P3 at 700;350
11/23/2025 08:18 // INFO // [S_GRAPH] // Curve value of edge (J1_M1 to J1_M2) set to 25,00
11/23/2025 08:18 // INFO // [S_GRAPH] // Edge drawn from (170,0;85,0) to (400,0;85,0)!
11/23/2025 08:18 // INFO // [S_GRAPH] // Weight 41 drawn at (285;97,5)!
11/23/2025 08:18 // INFO // [S_GRAPH] // Edge from J1_M1 to J1_M2 with cost 0 drawn.
11/23/2025 08:18 // INFO // [S_GRAPH] // Curve value of edge (J2_M1 to J2_M2) set to 25,00
11/23/2025 08:18 // INFO // [S_GRAPH] // Edge drawn from (170,0;235,0) to (400,0;235,0)!
11/23/2025 08:18 // INFO // [S_GRAPH] // Weight 32 drawn at (285;247,5)!
11/23/2025 08:18 // INFO // [S_GRAPH] // Edge from J2_M1 to J2_M2 with cost 0 drawn.
11/23/2025 08:18 // INFO // [S_GRAPH] // Curve value of edge (J3_M1 to J3_M2) set to 25,00
11/23/2025 08:18 // INFO // [S_GRAPH] // Edge drawn from (170,0;385,0) to (400,0;385,0)!
11/23/2025 08:18 // INFO // [S_GRAPH] // Weight 17 drawn at (285;397,5)!
11/23/2025 08:18 // INFO // [S_GRAPH] // Edge from J3_M1 to J3_M2 with cost 0 drawn.
11/23/2025 08:18 // INFO // [S_GRAPH] // Curve value of edge (J3_M1 to J1_M1) set to -25,00
11/23/2025 08:18 // INFO // [S_GRAPH] // Edge drawn from (135,0;350,0) to (135,0;120,0)!
11/23/2025 08:18 // INFO // [S_GRAPH] // Weight 17 drawn at (122,5;235)!
11/23/2025 08:18 // INFO // [S_GRAPH] // Edge from J3_M1 to J1_M1 with cost 0 drawn.
11/23/2025 08:18 // INFO // [S_GRAPH] // Curve value of edge (J3_M2 to J1_M2) set to -25,00
11/23/2025 08:18 // INFO // [S_GRAPH] // Edge drawn from (435,0;350,0) to (435,0;120,0)!
11/23/2025 08:18 // INFO // [S_GRAPH] // Weight 47 drawn at (422,5;235)!
11/23/2025 08:18 // INFO // [S_GRAPH] // Edge from J3_M2 to J1_M2 with cost 0 drawn.
11/23/2025 08:18 // INFO // [S_GRAPH] // Curve value of edge (J1_M1 to J2_M1) set to -25,00
11/23/2025 08:18 // INFO // [S_GRAPH] // Edge drawn from (135,0;120,0) to (135,0;200,0)!
11/23/2025 08:18 // INFO // [S_GRAPH] // Weight 41 drawn at (147,5;160)!
11/23/2025 08:18 // INFO // [S_GRAPH] // Edge from J1_M1 to J2_M1 with cost 0 drawn.
11/23/2025 08:18 // INFO // [S_GRAPH] // Curve value of edge (J1_M2 to J2_M2) set to -25,00
11/23/2025 08:18 // INFO // [S_GRAPH] // Edge drawn from (435,0;120,0) to (435,0;200,0)!
11/23/2025 08:18 // INFO // [S_GRAPH] // Weight 45 drawn at (447,5;160)!
11/23/2025 08:18 // INFO // [S_GRAPH] // Edge from J1_M2 to J2_M2 with cost 0 drawn.
11/23/2025 08:18 // INFO // [S_GRAPH] // Edge drawn from (470,0;385,0) to (700,0;385,0)!
11/23/2025 08:18 // INFO // [S_GRAPH] // Weight 47 drawn at (585;385)!
11/23/2025 08:18 // INFO // [S_GRAPH] // Edge from J3_M2 to P3 with cost 0 drawn.
11/23/2025 08:18 // INFO // [S_GRAPH] // Edge drawn from (470,0;85,0) to (700,0;85,0)!
11/23/2025 08:18 // INFO // [S_GRAPH] // Weight 45 drawn at (585;85)!
11/23/2025 08:18 // INFO // [S_GRAPH] // Edge from J1_M2 to P1 with cost 0 drawn.
11/23/2025 08:18 // INFO // [S_GRAPH] // Edge drawn from (470,0;235,0) to (700,0;235,0)!
11/23/2025 08:18 // INFO // [S_GRAPH] // Weight 32 drawn at (585;235)!
11/23/2025 08:18 // INFO // [S_GRAPH] // Edge from J2_M2 to P2 with cost 0 drawn.
11/23/2025 08:18 // INFO // [S_GRAPH] // Canvas resized to 820x470!
11/23/2025 08:19 // INFO // [GANTT] // Gantt chart rendered with 6 items on canvas.
11/23/2025 08:19 // INFO // [GANTT] // Canvas resized to 1513,9583771590871x110 to fit all Gantt items.
11/23/2025 08:19 // INFO // [GANTT] // Canvases are ready to be used!
11/23/2025 08:19 // INFO // [GANTT] // Ruler drawn: 142 ticks and 71 labels.
11/23/2025 08:19 // INFO // [MODIFY] // Zoom level changed to 0,004044489383215369, scale set to 10,028073596872959!
11/23/2025 08:19 // INFO // [GANTT] // Gantt chart rendered with 6 items on canvas.
11/23/2025 08:19 // INFO // [GANTT] // Canvas resized to 1541,979922927998x110 to fit all Gantt items.
11/23/2025 08:19 // INFO // [GANTT] // Canvases are ready to be used!
11/23/2025 08:19 // INFO // [GANTT] // Ruler drawn: 142 ticks and 71 labels.
11/23/2025 08:19 // INFO // [MODIFY] // Zoom level changed to 0,032355915065722954, scale set to 10,226807964028353!
11/23/2025 08:19 // INFO // [GANTT] // Gantt chart rendered with 6 items on canvas.
11/23/2025 08:19 // INFO // [GANTT] // Canvas resized to 1595,501585186871x110 to fit all Gantt items.
11/23/2025 08:19 // INFO // [GANTT] // Canvases are ready to be used!
11/23/2025 08:19 // INFO // [GANTT] // Ruler drawn: 142 ticks and 71 labels.
11/23/2025 08:19 // INFO // [MODIFY] // Zoom level changed to 0,08493427704752275, scale set to 10,606394221183482!
11/23/2025 08:19 // INFO // [GANTT] // Gantt chart rendered with 6 items on canvas.
11/23/2025 08:19 // INFO // [GANTT] // Canvas resized to 1625,1391380269974x110 to fit all Gantt items.
11/23/2025 08:19 // INFO // [GANTT] // Canvases are ready to be used!
11/23/2025 08:19 // INFO // [GANTT] // Ruler drawn: 142 ticks and 71 labels.
11/23/2025 08:19 // INFO // [MODIFY] // Zoom level changed to 0,11324570273003035, scale set to 10,816589631397145!
11/23/2025 08:19 // INFO // [GANTT] // Gantt chart rendered with 6 items on canvas.
11/23/2025 08:19 // INFO // [GANTT] // Canvas resized to 1659,730508302583x110 to fit all Gantt items.
11/23/2025 08:19 // INFO // [GANTT] // Canvases are ready to be used!
11/23/2025 08:19 // INFO // [GANTT] // Ruler drawn: 142 ticks and 71 labels.
11/23/2025 08:19 // INFO // [MODIFY] // Zoom level changed to 0,1456016177957533, scale set to 11,06191849859988!
11/23/2025 08:19 // INFO // [GANTT] // Gantt chart rendered with 6 items on canvas.
11/23/2025 08:19 // INFO // [GANTT] // Canvas resized to 1681,747403194463x110 to fit all Gantt items.
11/23/2025 08:19 // INFO // [GANTT] // Canvases are ready to be used!
11/23/2025 08:19 // INFO // [GANTT] // Ruler drawn: 142 ticks and 71 labels.
11/23/2025 08:19 // INFO // [MODIFY] // Zoom level changed to 0,16582406471183014, scale set to 11,218066689322432!
11/23/2025 08:19 // INFO // [GANTT] // Gantt chart rendered with 6 items on canvas.
11/23/2025 08:19 // INFO // [GANTT] // Canvas resized to 1690,640937160737x110 to fit all Gantt items.
11/23/2025 08:19 // INFO // [GANTT] // Canvases are ready to be used!
11/23/2025 08:19 // INFO // [GANTT] // Ruler drawn: 142 ticks and 71 labels.
11/23/2025 08:19 // INFO // [MODIFY] // Zoom level changed to 0,1739130434782609, scale set to 11,281141398303099!
11/23/2025 08:19 // INFO // [GANTT] // Gantt chart rendered with 6 items on canvas.
11/23/2025 08:19 // INFO // [GANTT] // Canvas resized to 1704,075084890922x110 to fit all Gantt items.
11/23/2025 08:19 // INFO // [GANTT] // Canvases are ready to be used!
11/23/2025 08:19 // INFO // [GANTT] // Ruler drawn: 142 ticks and 71 labels.
11/23/2025 08:19 // INFO // [MODIFY] // Zoom level changed to 0,186046511627907, scale set to 11,376419041779588!
11/23/2025 08:19 // INFO // [GANTT] // Gantt chart rendered with 6 items on canvas.
11/23/2025 08:19 // INFO // [GANTT] // Canvas resized to 1722,1639427474406x110 to fit all Gantt items.
11/23/2025 08:19 // INFO // [GANTT] // Canvases are ready to be used!
11/23/2025 08:19 // INFO // [GANTT] // Ruler drawn: 142 ticks and 71 labels.
11/23/2025 08:19 // INFO // [MODIFY] // Zoom level changed to 0,20222446916076847, scale set to 11,504708813811636!
11/23/2025 08:19 // INFO // [GANTT] // Gantt chart rendered with 6 items on canvas.
11/23/2025 08:19 // INFO // [GANTT] // Canvas resized to 1726,7179404064948x110 to fit all Gantt items.
11/23/2025 08:19 // INFO // [GANTT] // Canvases are ready to be used!
11/23/2025 08:19 // INFO // [GANTT] // Ruler drawn: 142 ticks and 71 labels.
11/23/2025 08:19 // INFO // [MODIFY] // Zoom level changed to 0,20626895854398383, scale set to 11,537006669549609!
11/23/2025 08:19 // INFO // [GANTT] // Gantt chart rendered with 6 items on canvas.
11/23/2025 08:19 // INFO // [GANTT] // Canvas resized to 1735,8643257442134x110 to fit all Gantt items.
11/23/2025 08:19 // INFO // [GANTT] // Canvases are ready to be used!
11/23/2025 08:19 // INFO // [GANTT] // Ruler drawn: 142 ticks and 71 labels.
11/23/2025 08:19 // INFO // [MODIFY] // Zoom level changed to 0,21435793731041458, scale set to 11,60187465066818!
11/23/2025 08:19 // INFO // [GANTT] // Gantt chart rendered with 6 items on canvas.
11/23/2025 08:19 // INFO // [GANTT] // Canvas resized to 1740,4567853061935x110 to fit all Gantt items.
11/23/2025 08:19 // INFO // [GANTT] // Canvases are ready to be used!
11/23/2025 08:19 // INFO // [GANTT] // Ruler drawn: 142 ticks and 71 labels.
11/23/2025 08:19 // INFO // [MODIFY] // Zoom level changed to 0,21840242669362994, scale set to 11,63444528585953!
11/23/2025 08:19 // INFO // [GANTT] // Gantt chart rendered with 6 items on canvas.
11/23/2025 08:19 // INFO // [GANTT] // Canvas resized to 1745,0621375540134x110 to fit all Gantt items.
11/23/2025 08:19 // INFO // [GANTT] // Canvases are ready to be used!
11/23/2025 08:19 // INFO // [GANTT] // Ruler drawn: 142 ticks and 71 labels.
11/23/2025 08:19 // INFO // [MODIFY] // Zoom level changed to 0,2224469160768453, scale set to 11,667107358539102!
11/23/2025 08:19 // INFO // [GANTT] // Gantt chart rendered with 6 items on canvas.
11/23/2025 08:19 // INFO // [GANTT] // Canvas resized to 1749,6804186820793x110 to fit all Gantt items.
11/23/2025 08:19 // INFO // [GANTT] // Canvases are ready to be used!
11/23/2025 08:19 // INFO // [GANTT] // Ruler drawn: 142 ticks and 71 labels.
11/23/2025 08:19 // INFO // [MODIFY] // Zoom level changed to 0,22649140546006066, scale set to 11,699861125404817!
11/23/2025 08:19 // INFO // [GANTT] // Gantt chart rendered with 6 items on canvas.
11/23/2025 08:19 // INFO // [GANTT] // Canvas resized to 1758,9559128649155x110 to fit all Gantt items.
11/23/2025 08:19 // INFO // [GANTT] // Canvases are ready to be used!
11/23/2025 08:19 // INFO // [GANTT] // Ruler drawn: 142 ticks and 71 labels.
11/23/2025 08:19 // INFO // [MODIFY] // Zoom level changed to 0,2345803842264914, scale set to 11,7656447720916!
11/23/2025 08:19 // INFO // [GANTT] // Gantt chart rendered with 6 items on canvas.
11/23/2025 08:19 // INFO // [GANTT] // Canvas resized to 1772,9670314590792x110 to fit all Gantt items.
11/23/2025 08:19 // INFO // [GANTT] // Canvases are ready to be used!
11/23/2025 08:19 // INFO // [GANTT] // Ruler drawn: 142 ticks and 71 labels.
11/23/2025 08:19 // INFO // [MODIFY] // Zoom level changed to 0,24671385237613752, scale set to 11,8650144075112!
11/23/2025 08:19 // INFO // [GANTT] // Gantt chart rendered with 6 items on canvas.
11/23/2025 08:19 // INFO // [GANTT] // Canvas resized to 1777,6636516613728x110 to fit all Gantt items.
11/23/2025 08:19 // INFO // [GANTT] // Canvases are ready to be used!
11/23/2025 08:19 // INFO // [GANTT] // Ruler drawn: 142 ticks and 71 labels.
11/23/2025 08:19 // INFO // [MODIFY] // Zoom level changed to 0,2507583417593529, scale set to 11,898323770648034!
11/23/2025 08:19 // INFO // [GANTT] // Gantt chart rendered with 6 items on canvas.
11/23/2025 08:19 // INFO // [GANTT] // Canvas resized to 1787,0964843879517x110 to fit all Gantt items.
11/23/2025 08:19 // INFO // [GANTT] // Canvases are ready to be used!
11/23/2025 08:19 // INFO // [GANTT] // Ruler drawn: 142 ticks and 71 labels.
11/23/2025 08:19 // INFO // [MODIFY] // Zoom level changed to 0,25884732052578363, scale set to 11,965223293531572!
11/23/2025 08:19 // INFO // [GANTT] // Gantt chart rendered with 6 items on canvas.
11/23/2025 08:19 // INFO // [GANTT] // Canvas resized to 1796,5823541658845x110 to fit all Gantt items.
11/23/2025 08:19 // INFO // [GANTT] // Canvases are ready to be used!
11/23/2025 08:19 // INFO // [GANTT] // Ruler drawn: 142 ticks and 71 labels.
11/23/2025 08:19 // INFO // [MODIFY] // Zoom level changed to 0,26693629929221435, scale set to 12,032498965715492!
11/23/2025 08:19 // INFO // [GANTT] // Gantt chart rendered with 6 items on canvas.
11/23/2025 08:19 // INFO // [GANTT] // Canvas resized to 1806,12155920133x110 to fit all Gantt items.
11/23/2025 08:19 // INFO // [GANTT] // Canvases are ready to be used!
11/23/2025 08:19 // INFO // [GANTT] // Ruler drawn: 142 ticks and 71 labels.
11/23/2025 08:19 // INFO // [MODIFY] // Zoom level changed to 0,2750252780586451, scale set to 12,100152902137092!
11/23/2025 08:19 // INFO // [GANTT] // Gantt chart rendered with 6 items on canvas.
11/23/2025 08:19 // INFO // [GANTT] // Canvas resized to 1810,9112560882588x110 to fit all Gantt items.
11/23/2025 08:19 // INFO // [GANTT] // Canvases are ready to be used!
11/23/2025 08:19 // INFO // [GANTT] // Ruler drawn: 142 ticks and 71 labels.
11/23/2025 08:19 // INFO // [MODIFY] // Zoom level changed to 0,2790697674418609, scale set to 12,134122383604673!
11/23/2025 08:19 // INFO // [GANTT] // Gantt chart rendered with 6 items on canvas.
11/23/2025 08:19 // INFO // [GANTT] // Canvas resized to 1830,2048856745585x110 to fit all Gantt items.
11/23/2025 08:19 // INFO // [GANTT] // Canvases are ready to be used!
11/23/2025 08:19 // INFO // [GANTT] // Ruler drawn: 142 ticks and 71 labels.
11/23/2025 08:19 // INFO // [MODIFY] // Zoom level changed to 0,2952477249747219, scale set to 12,270956635989776!
11/23/2025 08:19 // INFO // [GANTT] // Gantt chart rendered with 6 items on canvas.
11/23/2025 08:19 // INFO // [GANTT] // Canvas resized to 1835,0621931213636x110 to fit all Gantt items.
11/23/2025 08:19 // INFO // [GANTT] // Canvases are ready to be used!
11/23/2025 08:19 // INFO // [GANTT] // Ruler drawn: 142 ticks and 71 labels.
11/23/2025 08:19 // INFO // [MODIFY] // Zoom level changed to 0,2992922143579373, scale set to 12,30540562497421!
11/23/2025 08:19 // INFO // [GANTT] // Gantt chart rendered with 6 items on canvas.
11/23/2025 08:19 // INFO // [GANTT] // Canvas resized to 1844,8177549240636x110 to fit all Gantt items.
11/23/2025 08:19 // INFO // [GANTT] // Canvases are ready to be used!
11/23/2025 08:19 // INFO // [GANTT] // Ruler drawn: 142 ticks and 71 labels.
11/23/2025 08:19 // INFO // [MODIFY] // Zoom level changed to 0,3073811931243685, scale set to 12,374594006553643!
11/23/2025 08:19 // INFO // [GANTT] // Gantt chart rendered with 6 items on canvas.
11/23/2025 08:19 // INFO // [GANTT] // Canvas resized to 1854,6281683548273x110 to fit all Gantt items.
11/23/2025 08:19 // INFO // [GANTT] // Canvases are ready to be used!
11/23/2025 08:19 // INFO // [GANTT] // Ruler drawn: 142 ticks and 71 labels.
11/23/2025 08:19 // INFO // [MODIFY] // Zoom level changed to 0,3154701718907988, scale set to 12,444171406771824!
11/23/2025 08:19 // INFO // [GANTT] // Gantt chart rendered with 6 items on canvas.
11/23/2025 08:19 // INFO // [GANTT] // Canvas resized to 1859,5540407408607x110 to fit all Gantt items.
11/23/2025 08:19 // INFO // [GANTT] // Canvases are ready to be used!
11/23/2025 08:19 // INFO // [GANTT] // Ruler drawn: 142 ticks and 71 labels.
11/23/2025 08:19 // INFO // [MODIFY] // Zoom level changed to 0,3195146612740142, scale set to 12,479106671920999!
11/23/2025 08:19 // INFO // [GANTT] // Gantt chart rendered with 6 items on canvas.
11/23/2025 08:19 // INFO // [GANTT] // Canvas resized to 1864,4937418224556x110 to fit all Gantt items.
11/23/2025 08:19 // INFO // [GANTT] // Canvases are ready to be used!
11/23/2025 08:19 // INFO // [GANTT] // Ruler drawn: 142 ticks and 71 labels.
11/23/2025 08:19 // INFO // [MODIFY] // Zoom level changed to 0,32355915065722957, scale set to 12,514140012925218!
11/23/2025 08:19 // INFO // [GANTT] // Gantt chart rendered with 6 items on canvas.
11/23/2025 08:19 // INFO // [GANTT] // Canvas resized to 1874,414785469806x110 to fit all Gantt items.
11/23/2025 08:19 // INFO // [GANTT] // Canvases are ready to be used!
11/23/2025 08:19 // INFO // [GANTT] // Ruler drawn: 142 ticks and 71 labels.
11/23/2025 08:19 // INFO // [MODIFY] // Zoom level changed to 0,3316481294236603, scale set to 12,584502024608554!
11/23/2025 08:19 // INFO // [GANTT] // Gantt chart rendered with 6 items on canvas.
11/23/2025 08:19 // INFO // [GANTT] // Canvas resized to 1879,396206007076x110 to fit all Gantt items.
11/23/2025 08:19 // INFO // [GANTT] // Canvases are ready to be used!
11/23/2025 08:19 // INFO // [GANTT] // Ruler drawn: 142 ticks and 71 labels.
11/23/2025 08:19 // INFO // [MODIFY] // Zoom level changed to 0,3356926188068757, scale set to 12,619831248277135!
11/23/2025 08:19 // INFO // [GANTT] // Gantt chart rendered with 6 items on canvas.
11/23/2025 08:19 // INFO // [GANTT] // Canvas resized to 1884,391611183548x110 to fit all Gantt items.
11/23/2025 08:19 // INFO // [GANTT] // Canvases are ready to be used!
11/23/2025 08:19 // INFO // [GANTT] // Ruler drawn: 142 ticks and 71 labels.
11/23/2025 08:19 // INFO // [MODIFY] // Zoom level changed to 0,33973710819009106, scale set to 12,655259653784029!
11/23/2025 08:19 // INFO // [GANTT] // Gantt chart rendered with 6 items on canvas.
11/23/2025 08:19 // INFO // [GANTT] // Canvas resized to 1894,424532603963x110 to fit all Gantt items.
11/23/2025 08:19 // INFO // [GANTT] // Canvases are ready to be used!
11/23/2025 08:19 // INFO // [GANTT] // Ruler drawn: 142 ticks and 71 labels.
11/23/2025 08:19 // INFO // [MODIFY] // Zoom level changed to 0,3478260869565218, scale set to 12,726415124850801!
11/23/2025 08:19 // INFO // [GANTT] // Gantt chart rendered with 6 items on canvas.
11/23/2025 08:19 // INFO // [GANTT] // Canvas resized to 1904,5138651348075x110 to fit all Gantt items.
11/23/2025 08:19 // INFO // [GANTT] // Canvases are ready to be used!
11/23/2025 08:19 // INFO // [GANTT] // Ruler drawn: 142 ticks and 71 labels.
11/23/2025 08:19 // INFO // [MODIFY] // Zoom level changed to 0,3559150657229525, scale set to 12,797970674714946!
11/23/2025 08:19 // INFO // [GANTT] // Gantt chart rendered with 6 items on canvas.
11/23/2025 08:19 // INFO // [GANTT] // Canvas resized to 1909,5797846149537x110 to fit all Gantt items.
11/23/2025 08:19 // INFO // [GANTT] // Canvases are ready to be used!
11/23/2025 08:19 // INFO // [GANTT] // Ruler drawn: 142 ticks and 71 labels.
11/23/2025 08:19 // INFO // [MODIFY] // Zoom level changed to 0,3599595551061679, scale set to 12,833899181666338!
11/23/2025 08:19 // INFO // [GANTT] // Gantt chart rendered with 6 items on canvas.
11/23/2025 08:19 // INFO // [GANTT] // Canvas resized to 1914,6599259532277x110 to fit all Gantt items.
11/23/2025 08:19 // INFO // [GANTT] // Canvases are ready to be used!
11/23/2025 08:19 // INFO // [GANTT] // Ruler drawn: 142 ticks and 71 labels.
11/23/2025 08:19 // INFO // [MODIFY] // Zoom level changed to 0,3640040444893833, scale set to 12,86992855285977!
11/23/2025 08:19 // INFO // [GANTT] // Gantt chart rendered with 6 items on canvas.
11/23/2025 08:19 // INFO // [GANTT] // Canvas resized to 1919,7543290755x110 to fit all Gantt items.
11/23/2025 08:19 // INFO // [GANTT] // Canvases are ready to be used!
11/23/2025 08:19 // INFO // [GANTT] // Ruler drawn: 142 ticks and 71 labels.
11/23/2025 08:19 // INFO // [MODIFY] // Zoom level changed to 0,36804853387259867, scale set to 12,906059071457447!
11/23/2025 08:19 // INFO // [GANTT] // Gantt chart rendered with 6 items on canvas.
11/23/2025 08:19 // INFO // [GANTT] // Canvas resized to 1935,1235100882063x110 to fit all Gantt items.
11/23/2025 08:19 // INFO // [GANTT] // Canvases are ready to be used!
11/23/2025 08:19 // INFO // [GANTT] // Ruler drawn: 142 ticks and 71 labels.
11/23/2025 08:19 // INFO // [MODIFY] // Zoom level changed to 0,3801820020222448, scale set to 13,015060355235505!
11/23/2025 08:19 // INFO // [GANTT] // Gantt chart rendered with 6 items on canvas.
11/23/2025 08:19 // INFO // [GANTT] // Canvas resized to 1940,2753618516372x110 to fit all Gantt items.
11/23/2025 08:19 // INFO // [GANTT] // Canvases are ready to be used!
11/23/2025 08:19 // INFO // [GANTT] // Ruler drawn: 142 ticks and 71 labels.
11/23/2025 08:19 // INFO // [MODIFY] // Zoom level changed to 0,38422649140546017, scale set to 13,051598311004518!
11/23/2025 08:19 // INFO // [GANTT] // Gantt chart rendered with 6 items on canvas.
11/23/2025 08:19 // INFO // [GANTT] // Canvas resized to 1950,622495284492x110 to fit all Gantt items.
11/23/2025 08:19 // INFO // [GANTT] // Canvases are ready to be used!
11/23/2025 08:19 // INFO // [GANTT] // Ruler drawn: 142 ticks and 71 labels.
11/23/2025 08:19 // INFO // [MODIFY] // Zoom level changed to 0,3923154701718909, scale set to 13,124982236060227!
11/23/2025 08:19 // INFO // [GANTT] // Gantt chart rendered with 6 items on canvas.
11/23/2025 08:19 // INFO // [GANTT] // Canvas resized to 1961,0278065164396x110 to fit all Gantt items.
11/23/2025 08:19 // INFO // [GANTT] // Canvases are ready to be used!
11/23/2025 08:19 // INFO // [GANTT] // Ruler drawn: 142 ticks and 71 labels.
11/23/2025 08:19 // INFO // [MODIFY] // Zoom level changed to 0,4004044489383216, scale set to 13,198778769620139!
11/23/2025 08:19 // INFO // [GANTT] // Gantt chart rendered with 6 items on canvas.
11/23/2025 08:19 // INFO // [GANTT] // Canvas resized to 1966,2523809573909x110 to fit all Gantt items.
11/23/2025 08:19 // INFO // [GANTT] // Canvases are ready to be used!
11/23/2025 08:19 // INFO // [GANTT] // Ruler drawn: 142 ticks and 71 labels.
11/23/2025 08:19 // INFO // [MODIFY] // Zoom level changed to 0,404448938321537, scale set to 13,23583248905951!
11/23/2025 08:19 // INFO // [GANTT] // Gantt chart rendered with 6 items on canvas.
11/23/2025 08:19 // INFO // [GANTT] // Canvas resized to 1971,491622658011x110 to fit all Gantt items.
11/23/2025 08:19 // INFO // [GANTT] // Canvases are ready to be used!
11/23/2025 08:19 // INFO // [GANTT] // Ruler drawn: 142 ticks and 71 labels.
11/23/2025 08:19 // INFO // [MODIFY] // Zoom level changed to 0,4084934277047524, scale set to 13,272990231617099!
11/23/2025 08:19 // INFO // [GANTT] // Gantt chart rendered with 6 items on canvas.
11/23/2025 08:19 // INFO // [GANTT] // Canvas resized to 1976,7455727945733x110 to fit all Gantt items.
11/23/2025 08:19 // INFO // [GANTT] // Canvases are ready to be used!
11/23/2025 08:19 // INFO // [GANTT] // Ruler drawn: 142 ticks and 71 labels.
11/23/2025 08:19 // INFO // [MODIFY] // Zoom level changed to 0,4125379170879678, scale set to 13,310252289323214!
11/23/2025 08:19 // INFO // [GANTT] // Gantt chart rendered with 6 items on canvas.
11/23/2025 08:19 // INFO // [GANTT] // Canvas resized to 1997,9092852784186x110 to fit all Gantt items.
11/23/2025 08:19 // INFO // [GANTT] // Canvases are ready to be used!
11/23/2025 08:19 // INFO // [GANTT] // Ruler drawn: 142 ticks and 71 labels.
11/23/2025 08:19 // INFO // [MODIFY] // Zoom level changed to 0,4287158746208293, scale set to 13,460349540981692!
11/23/2025 08:19 // INFO // [GANTT] // Gantt chart rendered with 6 items on canvas.
11/23/2025 08:19 // INFO // [GANTT] // Canvas resized to 2003,2373992960536x110 to fit all Gantt items.
11/23/2025 08:19 // INFO // [GANTT] // Canvases are ready to be used!
11/23/2025 08:19 // INFO // [GANTT] // Ruler drawn: 142 ticks and 71 labels.
11/23/2025 08:19 // INFO // [MODIFY] // Zoom level changed to 0,43276036400404416, scale set to 13,498137583659954!
11/23/2025 08:19 // INFO // [GANTT] // Gantt chart rendered with 6 items on canvas.
11/23/2025 08:19 // INFO // [GANTT] // Canvas resized to 2008,5804712461916x110 to fit all Gantt items.
11/23/2025 08:19 // INFO // [GANTT] // Canvases are ready to be used!
11/23/2025 08:19 // INFO // [GANTT] // Ruler drawn: 142 ticks and 71 labels.
11/23/2025 08:19 // INFO // [MODIFY] // Zoom level changed to 0,43680485338725955, scale set to 13,536031710965897!
11/23/2025 08:19 // INFO // [GANTT] // Gantt chart rendered with 6 items on canvas.
11/23/2025 08:19 // INFO // [GANTT] // Canvas resized to 2019,3116570310497x110 to fit all Gantt items.
11/23/2025 08:19 // INFO // [GANTT] // Canvases are ready to be used!
11/23/2025 08:19 // INFO // [GANTT] // Ruler drawn: 142 ticks and 71 labels.
11/23/2025 08:19 // INFO // [MODIFY] // Zoom level changed to 0,44489383215369077, scale set to 13,612139411567728!
11/23/2025 08:19 // INFO // [GANTT] // Gantt chart rendered with 6 items on canvas.
11/23/2025 08:19 // INFO // [GANTT] // Canvas resized to 2024,6998552043551x110 to fit all Gantt items.
11/23/2025 08:19 // INFO // [GANTT] // Canvases are ready to be used!
11/23/2025 08:19 // INFO // [GANTT] // Ruler drawn: 142 ticks and 71 labels.
11/23/2025 08:19 // INFO // [MODIFY] // Zoom level changed to 0,44893832153690566, scale set to 13,650353583009611!
11/23/2025 08:19 // INFO // [GANTT] // Gantt chart rendered with 6 items on canvas.
11/23/2025 08:19 // INFO // [GANTT] // Canvas resized to 2035,5216738478211x110 to fit all Gantt items.
11/23/2025 08:19 // INFO // [GANTT] // Canvases are ready to be used!
11/23/2025 08:19 // INFO // [GANTT] // Ruler drawn: 142 ticks and 71 labels.
11/23/2025 08:19 // INFO // [MODIFY] // Zoom level changed to 0,4570273003033369, scale set to 13,727104069842703!
11/23/2025 08:19 // INFO // [GANTT] // Gantt chart rendered with 6 items on canvas.
11/23/2025 08:19 // INFO // [GANTT] // Canvas resized to 2040,9553793688685x110 to fit all Gantt items.
11/23/2025 08:19 // INFO // [GANTT] // Canvases are ready to be used!
11/23/2025 08:19 // INFO // [GANTT] // Ruler drawn: 142 ticks and 71 labels.
11/23/2025 08:19 // INFO // [MODIFY] // Zoom level changed to 0,46107178968655177, scale set to 13,765640988431691!
11/23/2025 08:19 // INFO // [GANTT] // Gantt chart rendered with 6 items on canvas.
11/23/2025 08:19 // INFO // [GANTT] // Canvas resized to 2046,4043392557496x110 to fit all Gantt items.
11/23/2025 08:19 // INFO // [GANTT] // Canvases are ready to be used!
11/23/2025 08:19 // INFO // [GANTT] // Ruler drawn: 142 ticks and 71 labels.
11/23/2025 08:19 // INFO // [MODIFY] // Zoom level changed to 0,4651162790697676, scale set to 13,804286094012408!
11/23/2025 08:19 // INFO // [GANTT] // Gantt chart rendered with 6 items on canvas.
11/23/2025 08:19 // INFO // [GANTT] // Canvas resized to 2057,3481935451987x110 to fit all Gantt items.
11/23/2025 08:19 // INFO // [GANTT] // Canvases are ready to be used!
11/23/2025 08:19 // INFO // [GANTT] // Ruler drawn: 142 ticks and 71 labels.
11/23/2025 08:19 // INFO // [MODIFY] // Zoom level changed to 0,4732052578361983, scale set to 13,881902081880842!
11/23/2025 08:19 // INFO // [GANTT] // Gantt chart rendered with 6 items on canvas.
11/23/2025 08:19 // INFO // [GANTT] // Canvas resized to 2068,3535807568123x110 to fit all Gantt items.
11/23/2025 08:19 // INFO // [GANTT] // Canvases are ready to be used!
11/23/2025 08:19 // INFO // [GANTT] // Ruler drawn: 142 ticks and 71 labels.
11/23/2025 08:19 // INFO // [MODIFY] // Zoom level changed to 0,48129423660262904, scale set to 13,95995447345257!
11/23/2025 08:19 // INFO // [GANTT] // Gantt chart rendered with 6 items on canvas.
11/23/2025 08:19 // INFO // [GANTT] // Canvas resized to 2073,8794572497727x110 to fit all Gantt items.
11/23/2025 08:19 // INFO // [GANTT] // Canvases are ready to be used!
11/23/2025 08:19 // INFO // [GANTT] // Ruler drawn: 142 ticks and 71 labels.
11/23/2025 08:19 // INFO // [MODIFY] // Zoom level changed to 0,48533872598584393, scale set to 13,999145086877823!
11/23/2025 08:19 // INFO // [GANTT] // Gantt chart rendered with 6 items on canvas.
11/23/2025 08:19 // INFO // [GANTT] // Canvas resized to 2101,7424094124544x110 to fit all Gantt items.
11/23/2025 08:19 // INFO // [GANTT] // Canvases are ready to be used!
11/23/2025 08:19 // INFO // [GANTT] // Ruler drawn: 142 ticks and 71 labels.
11/23/2025 08:19 // INFO // [MODIFY] // Zoom level changed to 0,5055611729019213, scale set to 14,196754676684073!
11/23/2025 08:19 // INFO // [GANTT] // Gantt chart rendered with 6 items on canvas.
11/23/2025 08:19 // INFO // [GANTT] // Canvas resized to 2129,9986703460268x110 to fit all Gantt items.
11/23/2025 08:19 // INFO // [GANTT] // Canvases are ready to be used!
11/23/2025 08:19 // INFO // [GANTT] // Ruler drawn: 142 ticks and 71 labels.
11/23/2025 08:19 // INFO // [MODIFY] // Zoom level changed to 0,5257836198179977, scale set to 14,397153690397353!
11/23/2025 08:19 // INFO // [GANTT] // Gantt chart rendered with 6 items on canvas.
11/23/2025 08:19 // INFO // [GANTT] // Canvas resized to 2147,1435214512594x110 to fit all Gantt items.
11/23/2025 08:19 // INFO // [GANTT] // Canvases are ready to be used!
11/23/2025 08:19 // INFO // [GANTT] // Ruler drawn: 142 ticks and 71 labels.
11/23/2025 08:19 // INFO // [MODIFY] // Zoom level changed to 0,5379170879676443, scale set to 14,518748379086945!
11/23/2025 08:19 // INFO // [GANTT] // Gantt chart rendered with 6 items on canvas.
11/23/2025 08:19 // INFO // [GANTT] // Canvas resized to 2158,653791931297x110 to fit all Gantt items.
11/23/2025 08:19 // INFO // [GANTT] // Canvases are ready to be used!
11/23/2025 08:19 // INFO // [GANTT] // Ruler drawn: 142 ticks and 71 labels.
11/23/2025 08:19 // INFO // [MODIFY] // Zoom level changed to 0,546006066734075, scale set to 14,600381503058841!
11/23/2025 08:19 // INFO // [GANTT] // Gantt chart rendered with 6 items on canvas.
11/23/2025 08:19 // INFO // [GANTT] // Canvas resized to 2164,4331735968635x110 to fit all Gantt items.
11/23/2025 08:19 // INFO // [GANTT] // Canvases are ready to be used!
11/23/2025 08:19 // INFO // [GANTT] // Ruler drawn: 142 ticks and 71 labels.
11/23/2025 08:19 // INFO // [MODIFY] // Zoom level changed to 0,5500505561172904, scale set to 14,64137002550967!
11/23/2025 08:19 // INFO // [GANTT] // Gantt chart rendered with 6 items on canvas.
11/23/2025 08:19 // INFO // [GANTT] // Canvas resized to 2170,228780065535x110 to fit all Gantt items.
11/23/2025 08:19 // INFO // [GANTT] // Canvases are ready to be used!
11/23/2025 08:19 // INFO // [GANTT] // Ruler drawn: 142 ticks and 71 labels.
11/23/2025 08:19 // INFO // [MODIFY] // Zoom level changed to 0,5540950455005053, scale set to 14,682473617486064!
11/23/2025 08:19 // INFO // [GANTT] // Gantt chart rendered with 6 items on canvas.
11/23/2025 08:19 // INFO // [GANTT] // Canvas resized to 2187,713404418486x110 to fit all Gantt items.
11/23/2025 08:19 // INFO // [GANTT] // Canvases are ready to be used!
11/23/2025 08:19 // INFO // [GANTT] // Ruler drawn: 142 ticks and 71 labels.
11/23/2025 08:19 // INFO // [MODIFY] // Zoom level changed to 0,5662285136501514, scale set to 14,806478045521176!
11/23/2025 08:19 // INFO // [GANTT] // Gantt chart rendered with 6 items on canvas.
11/23/2025 08:19 // INFO // [GANTT] // Canvas resized to 2205,3456994500143x110 to fit all Gantt items.
11/23/2025 08:19 // INFO // [GANTT] // Canvases are ready to be used!
11/23/2025 08:19 // INFO // [GANTT] // Ruler drawn: 142 ticks and 71 labels.
11/23/2025 08:19 // INFO // [MODIFY] // Zoom level changed to 0,5783619817997975, scale set to 14,931529783333435!
11/23/2025 08:19 // INFO // [GANTT] // Gantt chart rendered with 6 items on canvas.
11/23/2025 08:19 // INFO // [GANTT] // Canvas resized to 2211,256162094472x110 to fit all Gantt items.
11/23/2025 08:19 // INFO // [GANTT] // Canvases are ready to be used!
11/23/2025 08:19 // INFO // [GANTT] // Ruler drawn: 142 ticks and 71 labels.
11/23/2025 08:19 // INFO // [MODIFY] // Zoom level changed to 0,5824064711830128, scale set to 14,973447958116823!
11/23/2025 08:19 // INFO // [GANTT] // Gantt chart rendered with 6 items on canvas.
11/23/2025 08:19 // INFO // [GANTT] // Canvas resized to 2223,1269123490156x110 to fit all Gantt items.
11/23/2025 08:19 // INFO // [GANTT] // Canvases are ready to be used!
11/23/2025 08:19 // INFO // [GANTT] // Ruler drawn: 142 ticks and 142 labels.
11/23/2025 08:19 // INFO // [MODIFY] // Zoom level changed to 0,590495449949444, scale set to 15,057637676234153!
11/23/2025 08:19 // INFO // [GANTT] // Gantt chart rendered with 6 items on canvas.
11/23/2025 08:19 // INFO // [GANTT] // Canvas resized to 2247,0690215997433x110 to fit all Gantt items.
11/23/2025 08:19 // INFO // [GANTT] // Canvases are ready to be used!
11/23/2025 08:19 // INFO // [GANTT] // Ruler drawn: 142 ticks and 142 labels.
11/23/2025 08:19 // INFO // [MODIFY] // Zoom level changed to 0,606673407482305, scale set to 15,227439869501726!
11/23/2025 08:19 // INFO // [GANTT] // Gantt chart rendered with 6 items on canvas.
11/23/2025 08:19 // INFO // [GANTT] // Canvas resized to 2271,2811215853835x110 to fit all Gantt items.
11/23/2025 08:19 // INFO // [GANTT] // Canvases are ready to be used!
11/23/2025 08:19 // INFO // [GANTT] // Ruler drawn: 142 ticks and 142 labels.
11/23/2025 08:19 // INFO // [MODIFY] // Zoom level changed to 0,6228513650151669, scale set to 15,39915689067648!
11/23/2025 08:19 // INFO // [GANTT] // Gantt chart rendered with 6 items on canvas.
11/23/2025 08:19 // INFO // [GANTT] // Canvas resized to 2289,619208245724x110 to fit all Gantt items.
11/23/2025 08:19 // INFO // [GANTT] // Canvases are ready to be used!
11/23/2025 08:19 // INFO // [GANTT] // Ruler drawn: 142 ticks and 142 labels.
11/23/2025 08:19 // INFO // [MODIFY] // Zoom level changed to 0,634984833164813, scale set to 15,529214242877478!
11/23/2025 08:19 // INFO // [GANTT] // Gantt chart rendered with 6 items on canvas.
11/23/2025 08:19 // INFO // [GANTT] // Canvas resized to 2308,1121737096523x110 to fit all Gantt items.
11/23/2025 08:19 // INFO // [GANTT] // Canvases are ready to be used!
11/23/2025 08:19 // INFO // [GANTT] // Ruler drawn: 142 ticks and 142 labels.
11/23/2025 08:19 // INFO // [MODIFY] // Zoom level changed to 0,6471183013144591, scale set to 15,660370026309591!
11/23/2025 08:19 // INFO // [GANTT] // Gantt chart rendered with 6 items on canvas.
11/23/2025 08:19 // INFO // [GANTT] // Canvas resized to 2333,012646024013x110 to fit all Gantt items.
11/23/2025 08:19 // INFO // [GANTT] // Canvases are ready to be used!
11/23/2025 08:19 // INFO // [GANTT] // Ruler drawn: 142 ticks and 142 labels.
11/23/2025 08:19 // INFO // [MODIFY] // Zoom level changed to 0,6632962588473206, scale set to 15,836969120737681!
11/23/2025 08:19 // INFO // [GANTT] // Gantt chart rendered with 6 items on canvas.
11/23/2025 08:19 // INFO // [GANTT] // Canvas resized to 2339,281515707683x110 to fit all Gantt items.
11/23/2025 08:19 // INFO // [GANTT] // Canvases are ready to be used!
11/23/2025 08:19 // INFO // [GANTT] // Ruler drawn: 142 ticks and 142 labels.
11/23/2025 08:19 // INFO // [MODIFY] // Zoom level changed to 0,6673407482305359, scale set to 15,881429189416192!
11/23/2025 08:20 // INFO // [EXITUS] // Shutting down...
