11/23/2025 07:47 // INFO // [INITIALIZATION] // Beginning initialization...
11/23/2025 07:47 // INFO // [SAVE] // Custom solvers loaded from JSON file!
11/23/2025 07:47 // INFO // [INITIALIZATION] // Johnson's Rule solver added!
11/23/2025 07:47 // INFO // [INITIALIZATION] // List Scheduling solver added!
11/23/2025 07:47 // INFO // [INITIALIZATION] // {cs.Name} ({cs.TypeID} type) solver added!
11/23/2025 07:47 // INFO // [INITIALIZATION] // Solver menu successfully built!
11/23/2025 07:47 // INFO // [CONSTRAINT] // Saving and closing are disabled for as long as there are no files opened.
11/23/2025 07:47 // INFO // [INITIALIZATION] // Initialization complete!
11/23/2025 07:47 // INFO // [EXTERN_SOLVER] // Custom deterministic solver "Campbell-Dudek-Smith" added with path: C:\Users\Phant0m\Desktop\THESIS_LIPX05\Y0KAI_CDS\bin\Release\net9.0\Y0KAI_CDS.exe
11/23/2025 07:47 // INFO // [INITIALIZATION] // Johnson's Rule solver added!
11/23/2025 07:47 // INFO // [INITIALIZATION] // List Scheduling solver added!
11/23/2025 07:47 // INFO // [INITIALIZATION] // {cs.Name} ({cs.TypeID} type) solver added!
11/23/2025 07:47 // INFO // [INITIALIZATION] // {cs.Name} ({cs.TypeID} type) solver added!
11/23/2025 07:47 // INFO // [INITIALIZATION] // Solver menu successfully built!
11/23/2025 07:48 // INFO // [EXTERN_SOLVER] // Custom deterministic solver "Branch And Bound" added with path: C:\Users\Phant0m\Desktop\THESIS_LIPX05\Y0KAI_BnB\bin\Release\net9.0\Y0KAI_BnB.exe
11/23/2025 07:48 // INFO // [INITIALIZATION] // Johnson's Rule solver added!
11/23/2025 07:48 // INFO // [INITIALIZATION] // List Scheduling solver added!
11/23/2025 07:48 // INFO // [INITIALIZATION] // {cs.Name} ({cs.TypeID} type) solver added!
11/23/2025 07:48 // INFO // [INITIALIZATION] // {cs.Name} ({cs.TypeID} type) solver added!
11/23/2025 07:48 // INFO // [INITIALIZATION] // {cs.Name} ({cs.TypeID} type) solver added!
11/23/2025 07:48 // INFO // [INITIALIZATION] // Solver menu successfully built!
11/23/2025 07:48 // WARNING // [S_GRAPH] // No BatchML file loaded, drawing example S-Graph!
11/23/2025 07:48 // INFO // [S_GRAPH] // Node J1_M1 at 100;50
11/23/2025 07:48 // INFO // [S_GRAPH] // Node J1_M2 at 400;50
11/23/2025 07:48 // INFO // [S_GRAPH] // Node P1 at 700;50
11/23/2025 07:48 // INFO // [S_GRAPH] // Node J2_M1 at 100;200
11/23/2025 07:48 // INFO // [S_GRAPH] // Node J2_M2 at 400;200
11/23/2025 07:48 // INFO // [S_GRAPH] // Node P2 at 700;200
11/23/2025 07:48 // INFO // [S_GRAPH] // Node J3_M1 at 100;350
11/23/2025 07:48 // INFO // [S_GRAPH] // Node J3_M2 at 400;350
11/23/2025 07:48 // INFO // [S_GRAPH] // Node P3 at 700;350
11/23/2025 07:48 // INFO // [S_GRAPH] // Curve value of edge (J1_M1 to J1_M2) set to 25,00
11/23/2025 07:48 // INFO // [S_GRAPH] // Edge drawn from (170,0;85,0) to (400,0;85,0)!
11/23/2025 07:48 // INFO // [S_GRAPH] // Weight 14 drawn at (285;97,5)!
11/23/2025 07:48 // INFO // [S_GRAPH] // Edge from J1_M1 to J1_M2 with cost 0 drawn.
11/23/2025 07:48 // INFO // [S_GRAPH] // Edge drawn from (470,0;85,0) to (700,0;85,0)!
11/23/2025 07:48 // INFO // [S_GRAPH] // Weight 40 drawn at (585;85)!
11/23/2025 07:48 // INFO // [S_GRAPH] // Edge from J1_M2 to P1 with cost 0 drawn.
11/23/2025 07:48 // INFO // [S_GRAPH] // Curve value of edge (J2_M1 to J2_M2) set to 25,00
11/23/2025 07:48 // INFO // [S_GRAPH] // Edge drawn from (170,0;235,0) to (400,0;235,0)!
11/23/2025 07:48 // INFO // [S_GRAPH] // Weight 22 drawn at (285;247,5)!
11/23/2025 07:48 // INFO // [S_GRAPH] // Edge from J2_M1 to J2_M2 with cost 0 drawn.
11/23/2025 07:48 // INFO // [S_GRAPH] // Edge drawn from (470,0;235,0) to (700,0;235,0)!
11/23/2025 07:48 // INFO // [S_GRAPH] // Weight 46 drawn at (585;235)!
11/23/2025 07:48 // INFO // [S_GRAPH] // Edge from J2_M2 to P2 with cost 0 drawn.
11/23/2025 07:48 // INFO // [S_GRAPH] // Curve value of edge (J3_M1 to J3_M2) set to 25,00
11/23/2025 07:48 // INFO // [S_GRAPH] // Edge drawn from (170,0;385,0) to (400,0;385,0)!
11/23/2025 07:48 // INFO // [S_GRAPH] // Weight 29 drawn at (285;397,5)!
11/23/2025 07:48 // INFO // [S_GRAPH] // Edge from J3_M1 to J3_M2 with cost 0 drawn.
11/23/2025 07:48 // INFO // [S_GRAPH] // Edge drawn from (470,0;385,0) to (700,0;385,0)!
11/23/2025 07:48 // INFO // [S_GRAPH] // Weight 20 drawn at (585;385)!
11/23/2025 07:48 // INFO // [S_GRAPH] // Edge from J3_M2 to P3 with cost 0 drawn.
11/23/2025 07:48 // INFO // [S_GRAPH] // Canvas resized to 820x470!
11/23/2025 07:48 // INFO // [INITIALIZATION] // Johnson's Rule solver enabled!
11/23/2025 07:48 // INFO // [INITIALIZATION] // List Scheduling solver enabled!
11/23/2025 07:48 // INFO // [INITIALIZATION] // Simulated Annealing solver enabled!
11/23/2025 07:48 // INFO // [INITIALIZATION] // Campbell-Dudek-Smith solver enabled!
11/23/2025 07:48 // INFO // [INITIALIZATION] // Branch And Bound solver enabled!
11/23/2025 07:48 // INFO // [INITIALIZATION] //  solver enabled!
11/23/2025 07:48 // INFO // [CONSTRAINT] // Saving and closing are disabled for as long as there are no files opened.
11/23/2025 07:48 // INFO // [EXTERN_SOLVER] // Branch And Bound custom solver selected!
11/23/2025 07:48 // INFO // [S_GRAPH] // C:\Users\Phant0m\Desktop\THESIS_LIPX05\Thesis_LIPX05\bin\x64\Debug\net9.0-windows\SolverTemp successfully discovered!
11/23/2025 07:48 // INFO // [S_GRAPH] // SGraph saved to C:\Users\Phant0m\Desktop\THESIS_LIPX05\Thesis_LIPX05\bin\x64\Debug\net9.0-windows\SolverTemp\SGraph_c98420a6-b39a-44ec-87a2-01c14f3215ba.xml!
11/23/2025 07:48 // INFO // [Branch And Bound] // Deterministic solver selected; skipping numeric parameter gathering...
11/23/2025 07:48 // INFO // [LOAD] // Loading solution from C:\Users\Phant0m\Desktop\THESIS_LIPX05\Thesis_LIPX05\bin\x64\Debug\net9.0-windows\SolverTemp\BranchAndBound_Solution.txt...
11/23/2025 07:48 // INFO // [LOAD] // Node J1_M1 added to solution path from file.
11/23/2025 07:48 // INFO // [LOAD] // Node J1_M2 added to solution path from file.
11/23/2025 07:48 // INFO // [LOAD] // Node J2_M1 added to solution path from file.
11/23/2025 07:48 // INFO // [LOAD] // Node J2_M2 added to solution path from file.
11/23/2025 07:48 // INFO // [LOAD] // Node J3_M1 added to solution path from file.
11/23/2025 07:48 // INFO // [LOAD] // Node J3_M2 added to solution path from file.
11/23/2025 07:48 // INFO // [LOAD] // Total of 6 nodes loaded from solution file.
11/23/2025 07:48 // INFO // [S_GRAPH] // Node J1_M1 at 100;50
11/23/2025 07:48 // INFO // [S_GRAPH] // Node J1_M2 at 400;50
11/23/2025 07:48 // INFO // [S_GRAPH] // Node P1 at 700;50
11/23/2025 07:48 // INFO // [S_GRAPH] // Node J2_M1 at 100;200
11/23/2025 07:48 // INFO // [S_GRAPH] // Node J2_M2 at 400;200
11/23/2025 07:48 // INFO // [S_GRAPH] // Node P2 at 700;200
11/23/2025 07:48 // INFO // [S_GRAPH] // Node J3_M1 at 100;350
11/23/2025 07:48 // INFO // [S_GRAPH] // Node J3_M2 at 400;350
11/23/2025 07:48 // INFO // [S_GRAPH] // Node P3 at 700;350
11/23/2025 07:48 // INFO // [S_GRAPH] // Curve value of edge (J1_M1 to J1_M2) set to 25,00
11/23/2025 07:48 // INFO // [S_GRAPH] // Edge drawn from (170,0;85,0) to (400,0;85,0)!
11/23/2025 07:48 // INFO // [S_GRAPH] // Weight 14 drawn at (285;97,5)!
11/23/2025 07:48 // INFO // [S_GRAPH] // Edge from J1_M1 to J1_M2 with cost 0 drawn.
11/23/2025 07:48 // INFO // [S_GRAPH] // Curve value of edge (J2_M1 to J2_M2) set to 25,00
11/23/2025 07:48 // INFO // [S_GRAPH] // Edge drawn from (170,0;235,0) to (400,0;235,0)!
11/23/2025 07:48 // INFO // [S_GRAPH] // Weight 22 drawn at (285;247,5)!
11/23/2025 07:48 // INFO // [S_GRAPH] // Edge from J2_M1 to J2_M2 with cost 0 drawn.
11/23/2025 07:48 // INFO // [S_GRAPH] // Curve value of edge (J3_M1 to J3_M2) set to 25,00
11/23/2025 07:48 // INFO // [S_GRAPH] // Edge drawn from (170,0;385,0) to (400,0;385,0)!
11/23/2025 07:48 // INFO // [S_GRAPH] // Weight 29 drawn at (285;397,5)!
11/23/2025 07:48 // INFO // [S_GRAPH] // Edge from J3_M1 to J3_M2 with cost 0 drawn.
11/23/2025 07:48 // INFO // [S_GRAPH] // Curve value of edge (J1_M1 to J2_M1) set to -25,00
11/23/2025 07:48 // INFO // [S_GRAPH] // Edge drawn from (135,0;120,0) to (135,0;200,0)!
11/23/2025 07:48 // INFO // [S_GRAPH] // Weight 14 drawn at (147,5;160)!
11/23/2025 07:48 // INFO // [S_GRAPH] // Edge from J1_M1 to J2_M1 with cost 0 drawn.
11/23/2025 07:48 // INFO // [S_GRAPH] // Curve value of edge (J1_M2 to J2_M2) set to -25,00
11/23/2025 07:48 // INFO // [S_GRAPH] // Edge drawn from (435,0;120,0) to (435,0;200,0)!
11/23/2025 07:48 // INFO // [S_GRAPH] // Weight 40 drawn at (447,5;160)!
11/23/2025 07:48 // INFO // [S_GRAPH] // Edge from J1_M2 to J2_M2 with cost 0 drawn.
11/23/2025 07:48 // INFO // [S_GRAPH] // Curve value of edge (J2_M1 to J3_M1) set to -25,00
11/23/2025 07:48 // INFO // [S_GRAPH] // Edge drawn from (135,0;270,0) to (135,0;350,0)!
11/23/2025 07:48 // INFO // [S_GRAPH] // Weight 22 drawn at (147,5;310)!
11/23/2025 07:48 // INFO // [S_GRAPH] // Edge from J2_M1 to J3_M1 with cost 0 drawn.
11/23/2025 07:48 // INFO // [S_GRAPH] // Curve value of edge (J2_M2 to J3_M2) set to -25,00
11/23/2025 07:48 // INFO // [S_GRAPH] // Edge drawn from (435,0;270,0) to (435,0;350,0)!
11/23/2025 07:48 // INFO // [S_GRAPH] // Weight 46 drawn at (447,5;310)!
11/23/2025 07:48 // INFO // [S_GRAPH] // Edge from J2_M2 to J3_M2 with cost 0 drawn.
11/23/2025 07:48 // INFO // [S_GRAPH] // Edge drawn from (470,0;85,0) to (700,0;85,0)!
11/23/2025 07:48 // INFO // [S_GRAPH] // Weight 40 drawn at (585;85)!
11/23/2025 07:48 // INFO // [S_GRAPH] // Edge from J1_M2 to P1 with cost 0 drawn.
11/23/2025 07:48 // INFO // [S_GRAPH] // Edge drawn from (470,0;235,0) to (700,0;235,0)!
11/23/2025 07:48 // INFO // [S_GRAPH] // Weight 46 drawn at (585;235)!
11/23/2025 07:48 // INFO // [S_GRAPH] // Edge from J2_M2 to P2 with cost 0 drawn.
11/23/2025 07:48 // INFO // [S_GRAPH] // Edge drawn from (470,0;385,0) to (700,0;385,0)!
11/23/2025 07:48 // INFO // [S_GRAPH] // Weight 20 drawn at (585;385)!
11/23/2025 07:48 // INFO // [S_GRAPH] // Edge from J3_M2 to P3 with cost 0 drawn.
11/23/2025 07:48 // INFO // [S_GRAPH] // Canvas resized to 820x470!
11/23/2025 07:48 // INFO // [GANTT] // Node J1_M1 EST is 0 (no predecessors).
11/23/2025 07:48 // INFO // [GANTT] // Node J1_M2 EST is determined by J1_M1 (EST: 14,00).
11/23/2025 07:48 // INFO // [GANTT] // Node J2_M1 EST is determined by J1_M1 (EST: 14,00).
11/23/2025 07:48 // INFO // [GANTT] // Node J2_M2 EST is determined by J1_M2 (EST: 54,00).
11/23/2025 07:48 // INFO // [GANTT] // Node J3_M1 EST is determined by J2_M1 (EST: 36,00).
11/23/2025 07:48 // INFO // [GANTT] // Node J3_M2 EST is determined by J2_M2 (EST: 100,00).
11/23/2025 07:48 // INFO // [GANTT] // Gantt chart built with 6 items from path with 6 nodes.
11/23/2025 07:48 // INFO // [GANTT] // Gantt data built with 6 items from optimized path using Branch And Bound!
11/23/2025 07:48 // INFO // [GANTT] // Canvases are ready to be used!
11/23/2025 07:48 // INFO // [GANTT] // Ruler drawn: 121 ticks and 61 labels.
11/23/2025 07:48 // INFO // [GANTT] // Gantt chart rendered with 6 items on canvas.
11/23/2025 07:48 // INFO // [GANTT] // Canvas resized to 1300x110 to fit all Gantt items.
11/23/2025 07:48 // INFO // [GANTT] // Branch And Bound schedule rendered successfully!
11/23/2025 07:48 // INFO // [S_GRAPH] // Node J1_M1 at 100;50
11/23/2025 07:48 // INFO // [S_GRAPH] // Node J1_M2 at 400;50
11/23/2025 07:48 // INFO // [S_GRAPH] // Node P1 at 700;50
11/23/2025 07:48 // INFO // [S_GRAPH] // Node J2_M1 at 100;200
11/23/2025 07:48 // INFO // [S_GRAPH] // Node J2_M2 at 400;200
11/23/2025 07:48 // INFO // [S_GRAPH] // Node P2 at 700;200
11/23/2025 07:48 // INFO // [S_GRAPH] // Node J3_M1 at 100;350
11/23/2025 07:48 // INFO // [S_GRAPH] // Node J3_M2 at 400;350
11/23/2025 07:48 // INFO // [S_GRAPH] // Node P3 at 700;350
11/23/2025 07:48 // INFO // [S_GRAPH] // Curve value of edge (J1_M1 to J1_M2) set to 25,00
11/23/2025 07:48 // INFO // [S_GRAPH] // Edge drawn from (170,0;85,0) to (400,0;85,0)!
11/23/2025 07:48 // INFO // [S_GRAPH] // Weight 14 drawn at (285;97,5)!
11/23/2025 07:48 // INFO // [S_GRAPH] // Edge from J1_M1 to J1_M2 with cost 0 drawn.
11/23/2025 07:48 // INFO // [S_GRAPH] // Curve value of edge (J2_M1 to J2_M2) set to 25,00
11/23/2025 07:48 // INFO // [S_GRAPH] // Edge drawn from (170,0;235,0) to (400,0;235,0)!
11/23/2025 07:48 // INFO // [S_GRAPH] // Weight 22 drawn at (285;247,5)!
11/23/2025 07:48 // INFO // [S_GRAPH] // Edge from J2_M1 to J2_M2 with cost 0 drawn.
11/23/2025 07:48 // INFO // [S_GRAPH] // Curve value of edge (J3_M1 to J3_M2) set to 25,00
11/23/2025 07:48 // INFO // [S_GRAPH] // Edge drawn from (170,0;385,0) to (400,0;385,0)!
11/23/2025 07:48 // INFO // [S_GRAPH] // Weight 29 drawn at (285;397,5)!
11/23/2025 07:48 // INFO // [S_GRAPH] // Edge from J3_M1 to J3_M2 with cost 0 drawn.
11/23/2025 07:48 // INFO // [S_GRAPH] // Curve value of edge (J1_M1 to J2_M1) set to -25,00
11/23/2025 07:48 // INFO // [S_GRAPH] // Edge drawn from (135,0;120,0) to (135,0;200,0)!
11/23/2025 07:48 // INFO // [S_GRAPH] // Weight 14 drawn at (147,5;160)!
11/23/2025 07:48 // INFO // [S_GRAPH] // Edge from J1_M1 to J2_M1 with cost 0 drawn.
11/23/2025 07:48 // INFO // [S_GRAPH] // Curve value of edge (J1_M2 to J2_M2) set to -25,00
11/23/2025 07:48 // INFO // [S_GRAPH] // Edge drawn from (435,0;120,0) to (435,0;200,0)!
11/23/2025 07:48 // INFO // [S_GRAPH] // Weight 40 drawn at (447,5;160)!
11/23/2025 07:48 // INFO // [S_GRAPH] // Edge from J1_M2 to J2_M2 with cost 0 drawn.
11/23/2025 07:48 // INFO // [S_GRAPH] // Curve value of edge (J2_M1 to J3_M1) set to -25,00
11/23/2025 07:48 // INFO // [S_GRAPH] // Edge drawn from (135,0;270,0) to (135,0;350,0)!
11/23/2025 07:48 // INFO // [S_GRAPH] // Weight 22 drawn at (147,5;310)!
11/23/2025 07:48 // INFO // [S_GRAPH] // Edge from J2_M1 to J3_M1 with cost 0 drawn.
11/23/2025 07:48 // INFO // [S_GRAPH] // Curve value of edge (J2_M2 to J3_M2) set to -25,00
11/23/2025 07:48 // INFO // [S_GRAPH] // Edge drawn from (435,0;270,0) to (435,0;350,0)!
11/23/2025 07:48 // INFO // [S_GRAPH] // Weight 46 drawn at (447,5;310)!
11/23/2025 07:48 // INFO // [S_GRAPH] // Edge from J2_M2 to J3_M2 with cost 0 drawn.
11/23/2025 07:48 // INFO // [S_GRAPH] // Edge drawn from (470,0;85,0) to (700,0;85,0)!
11/23/2025 07:48 // INFO // [S_GRAPH] // Weight 40 drawn at (585;85)!
11/23/2025 07:48 // INFO // [S_GRAPH] // Edge from J1_M2 to P1 with cost 0 drawn.
11/23/2025 07:48 // INFO // [S_GRAPH] // Edge drawn from (470,0;235,0) to (700,0;235,0)!
11/23/2025 07:48 // INFO // [S_GRAPH] // Weight 46 drawn at (585;235)!
11/23/2025 07:48 // INFO // [S_GRAPH] // Edge from J2_M2 to P2 with cost 0 drawn.
11/23/2025 07:48 // INFO // [S_GRAPH] // Edge drawn from (470,0;385,0) to (700,0;385,0)!
11/23/2025 07:48 // INFO // [S_GRAPH] // Weight 20 drawn at (585;385)!
11/23/2025 07:48 // INFO // [S_GRAPH] // Edge from J3_M2 to P3 with cost 0 drawn.
11/23/2025 07:48 // INFO // [S_GRAPH] // Canvas resized to 820x470!
