11/25/2025 05:28 // INFO // [INITIALIZATION] // Beginning initialization...
11/25/2025 05:28 // INFO // [INITIALIZATION] // Johnson's Rule solver added!
11/25/2025 05:28 // INFO // [INITIALIZATION] // List Scheduling solver added!
11/25/2025 05:28 // INFO // [INITIALIZATION] // Solver menu successfully built!
11/25/2025 05:28 // INFO // [CONSTRAINT] // Saving and closing are disabled for as long as there are no files opened.
11/25/2025 05:28 // INFO // [INITIALIZATION] // Initialization complete!
11/25/2025 05:28 // INFO // [LOAD] // Open file dialog initiated...
11/25/2025 05:28 // INFO // [LOAD] // XML document loaded from C:\Users\Phant0m\Desktop\THESIS_LIPX05\test.xml!
11/25/2025 05:28 // INFO // [LOAD] // XML element established!
11/25/2025 05:28 // INFO // [DATATABLE] // Master Recipe Table datatable displayed in new tab!
11/25/2025 05:28 // INFO // [DATATABLE] // Recipe Elements Table datatable displayed in new tab!
11/25/2025 05:28 // INFO // [DATATABLE] // Steps Table datatable displayed in new tab!
11/25/2025 05:28 // INFO // [LOAD] // BatchML file loaded and data tables populated!
11/25/2025 05:28 // INFO // [CONSTRAINT] // Saving and closing are disabled for as long as there are no files opened.
11/25/2025 05:28 // INFO // [LOAD] // BatchML file loaded from C:\Users\Phant0m\Desktop\THESIS_LIPX05\test.xml!
11/25/2025 05:28 // WARNING // [DATATABLE] // InternalKey column could not be found in DataGrid for Recipe Elements Table after loading!
11/25/2025 05:28 // INFO // [DATATABLE] // InternalKey column successfully hidden in 'Recipe Elements Table.'
11/25/2025 05:28 // INFO // [MODIFY] // Master REcipe Header synced to XML.
11/25/2025 05:28 // INFO // [SAVE] // Saving 1 changes from Master Recipe Table...
11/25/2025 05:28 // INFO // [MODIFY] // Master REcipe Header synced to XML.
11/25/2025 05:28 // INFO // [SAVE] // Master Recipe Table changes synchronized to XML!
11/25/2025 05:28 // INFO // [SAVE] // Saving 4 changes from Recipe Elements Table...
11/25/2025 05:28 // INFO // [SAVE] // Processing changes for row with ID J1_Module in table Recipe Elements Table...
11/25/2025 05:28 // ERROR // [SYNC] // No mapping found for table "Recipe Elements Table" or master recipe is null!
11/25/2025 05:28 // INFO // [SAVE] // Processing changes for row with ID J2_Module in table Recipe Elements Table...
11/25/2025 05:28 // ERROR // [SYNC] // No mapping found for table "Recipe Elements Table" or master recipe is null!
11/25/2025 05:28 // INFO // [SAVE] // Processing changes for row with ID J3_Module in table Recipe Elements Table...
11/25/2025 05:28 // ERROR // [SYNC] // No mapping found for table "Recipe Elements Table" or master recipe is null!
11/25/2025 05:28 // INFO // [SAVE] // Processing changes for row with ID J4_Module in table Recipe Elements Table...
11/25/2025 05:28 // ERROR // [SYNC] // No mapping found for table "Recipe Elements Table" or master recipe is null!
11/25/2025 05:28 // INFO // [SAVE] // Saving 4 changes from Steps Table...
11/25/2025 05:28 // INFO // [SAVE] // Processing changes for row with ID J1 in table Steps Table...
11/25/2025 05:28 // ERROR // [SYNC] // No mapping found for table "Steps Table" or master recipe is null!
11/25/2025 05:28 // INFO // [SAVE] // Processing changes for row with ID J2 in table Steps Table...
11/25/2025 05:28 // ERROR // [SYNC] // No mapping found for table "Steps Table" or master recipe is null!
11/25/2025 05:28 // INFO // [SAVE] // Processing changes for row with ID J3 in table Steps Table...
11/25/2025 05:28 // ERROR // [SYNC] // No mapping found for table "Steps Table" or master recipe is null!
11/25/2025 05:28 // INFO // [SAVE] // Processing changes for row with ID J4 in table Steps Table...
11/25/2025 05:28 // ERROR // [SYNC] // No mapping found for table "Steps Table" or master recipe is null!
11/25/2025 05:28 // INFO // [SAVE] // BatchML file successfully saved as C:\Users\Phant0m\Desktop\THESIS_LIPX05\test_saving_with_new_code.xml
11/25/2025 05:29 // INFO // [DATATABLE] // InternalKey column successfully hidden in 'Recipe Elements Table.'
11/25/2025 05:29 // INFO // [DATATABLE] // InternalKey column successfully hidden in 'Recipe Elements Table.'
11/25/2025 05:29 // INFO // [DATATABLE] // InternalKey column successfully hidden in 'Recipe Elements Table.'
11/25/2025 05:30 // INFO // [MODIFY] // Master REcipe Header synced to XML.
11/25/2025 05:30 // INFO // [SAVE] // Saving 1 changes from Master Recipe Table...
11/25/2025 05:30 // INFO // [MODIFY] // Master REcipe Header synced to XML.
11/25/2025 05:30 // INFO // [SAVE] // Master Recipe Table changes synchronized to XML!
11/25/2025 05:30 // INFO // [SAVE] // Saving 1 changes from Recipe Elements Table...
11/25/2025 05:30 // INFO // [SAVE] // Processing changes for row with ID J1_Module in table Recipe Elements Table...
11/25/2025 05:30 // ERROR // [SYNC] // No mapping found for table "Recipe Elements Table" or master recipe is null!
11/25/2025 05:30 // INFO // [SAVE] // Processing changes for row with ID J2_Module in table Recipe Elements Table...
11/25/2025 05:30 // ERROR // [SYNC] // No mapping found for table "Recipe Elements Table" or master recipe is null!
11/25/2025 05:30 // INFO // [SAVE] // Processing changes for row with ID J3_Module in table Recipe Elements Table...
11/25/2025 05:30 // ERROR // [SYNC] // No mapping found for table "Recipe Elements Table" or master recipe is null!
11/25/2025 05:30 // INFO // [SAVE] // Processing changes for row with ID J4_Module in table Recipe Elements Table...
11/25/2025 05:30 // ERROR // [SYNC] // No mapping found for table "Recipe Elements Table" or master recipe is null!
11/25/2025 05:30 // INFO // [SAVE] // Saving 1 changes from Steps Table...
11/25/2025 05:30 // INFO // [SAVE] // Processing changes for row with ID J1 in table Steps Table...
11/25/2025 05:30 // ERROR // [SYNC] // No mapping found for table "Steps Table" or master recipe is null!
11/25/2025 05:30 // INFO // [SAVE] // Processing changes for row with ID J2 in table Steps Table...
11/25/2025 05:30 // ERROR // [SYNC] // No mapping found for table "Steps Table" or master recipe is null!
11/25/2025 05:30 // INFO // [SAVE] // Processing changes for row with ID J3 in table Steps Table...
11/25/2025 05:30 // ERROR // [SYNC] // No mapping found for table "Steps Table" or master recipe is null!
11/25/2025 05:30 // INFO // [SAVE] // Processing changes for row with ID J4 in table Steps Table...
11/25/2025 05:30 // ERROR // [SYNC] // No mapping found for table "Steps Table" or master recipe is null!
11/25/2025 05:30 // INFO // [SAVE] // BatchML file successfully saved as C:\Users\Phant0m\Desktop\THESIS_LIPX05\test_saving_with_new_code.xml
