11/23/2025 08:04 // INFO // [INITIALIZATION] // Beginning initialization...
11/23/2025 08:04 // INFO // [SAVE] // Custom solvers loaded from JSON file!
11/23/2025 08:04 // INFO // [INITIALIZATION] // Johnson's Rule solver added!
11/23/2025 08:04 // INFO // [INITIALIZATION] // List Scheduling solver added!
11/23/2025 08:04 // INFO // [INITIALIZATION] // {cs.Name} ({cs.TypeID} type) solver added!
11/23/2025 08:04 // INFO // [INITIALIZATION] // Solver menu successfully built!
11/23/2025 08:04 // INFO // [CONSTRAINT] // Saving and closing are disabled for as long as there are no files opened.
11/23/2025 08:04 // INFO // [INITIALIZATION] // Initialization complete!
11/23/2025 08:04 // WARNING // [S_GRAPH] // No BatchML file loaded, drawing example S-Graph!
11/23/2025 08:04 // INFO // [S_GRAPH] // Node J1_M1 at 100;50
11/23/2025 08:04 // INFO // [S_GRAPH] // Node J1_M2 at 400;50
11/23/2025 08:04 // INFO // [S_GRAPH] // Node P1 at 700;50
11/23/2025 08:04 // INFO // [S_GRAPH] // Node J2_M1 at 100;200
11/23/2025 08:04 // INFO // [S_GRAPH] // Node J2_M2 at 400;200
11/23/2025 08:04 // INFO // [S_GRAPH] // Node P2 at 700;200
11/23/2025 08:04 // INFO // [S_GRAPH] // Node J3_M1 at 100;350
11/23/2025 08:04 // INFO // [S_GRAPH] // Node J3_M2 at 400;350
11/23/2025 08:04 // INFO // [S_GRAPH] // Node P3 at 700;350
11/23/2025 08:04 // INFO // [S_GRAPH] // Curve value of edge (J1_M1 to J1_M2) set to 25,00
11/23/2025 08:04 // INFO // [S_GRAPH] // Edge drawn from (170,0;85,0) to (400,0;85,0)!
11/23/2025 08:04 // INFO // [S_GRAPH] // Weight 18 drawn at (285;97,5)!
11/23/2025 08:04 // INFO // [S_GRAPH] // Edge from J1_M1 to J1_M2 with cost 0 drawn.
11/23/2025 08:04 // INFO // [S_GRAPH] // Edge drawn from (470,0;85,0) to (700,0;85,0)!
11/23/2025 08:04 // INFO // [S_GRAPH] // Weight 15 drawn at (585;85)!
11/23/2025 08:04 // INFO // [S_GRAPH] // Edge from J1_M2 to P1 with cost 0 drawn.
11/23/2025 08:04 // INFO // [S_GRAPH] // Curve value of edge (J2_M1 to J2_M2) set to 25,00
11/23/2025 08:04 // INFO // [S_GRAPH] // Edge drawn from (170,0;235,0) to (400,0;235,0)!
11/23/2025 08:04 // INFO // [S_GRAPH] // Weight 32 drawn at (285;247,5)!
11/23/2025 08:04 // INFO // [S_GRAPH] // Edge from J2_M1 to J2_M2 with cost 0 drawn.
11/23/2025 08:04 // INFO // [S_GRAPH] // Edge drawn from (470,0;235,0) to (700,0;235,0)!
11/23/2025 08:04 // INFO // [S_GRAPH] // Weight 37 drawn at (585;235)!
11/23/2025 08:04 // INFO // [S_GRAPH] // Edge from J2_M2 to P2 with cost 0 drawn.
11/23/2025 08:04 // INFO // [S_GRAPH] // Curve value of edge (J3_M1 to J3_M2) set to 25,00
11/23/2025 08:04 // INFO // [S_GRAPH] // Edge drawn from (170,0;385,0) to (400,0;385,0)!
11/23/2025 08:04 // INFO // [S_GRAPH] // Weight 45 drawn at (285;397,5)!
11/23/2025 08:04 // INFO // [S_GRAPH] // Edge from J3_M1 to J3_M2 with cost 0 drawn.
11/23/2025 08:04 // INFO // [S_GRAPH] // Edge drawn from (470,0;385,0) to (700,0;385,0)!
11/23/2025 08:04 // INFO // [S_GRAPH] // Weight 5 drawn at (585;385)!
11/23/2025 08:04 // INFO // [S_GRAPH] // Edge from J3_M2 to P3 with cost 0 drawn.
11/23/2025 08:04 // INFO // [S_GRAPH] // Canvas resized to 820x470!
11/23/2025 08:04 // INFO // [INITIALIZATION] // Johnson's Rule solver enabled!
11/23/2025 08:04 // INFO // [INITIALIZATION] // List Scheduling solver enabled!
11/23/2025 08:04 // INFO // [INITIALIZATION] // Simulated Annealing solver enabled!
11/23/2025 08:04 // INFO // [INITIALIZATION] //  solver enabled!
11/23/2025 08:04 // INFO // [CONSTRAINT] // Saving and closing are disabled for as long as there are no files opened.
11/23/2025 08:04 // INFO // [EXTERN_SOLVER] // Custom deterministic solver "Branch And Bound" added with path: C:\Users\Phant0m\Desktop\THESIS_LIPX05\Y0KAI_BnB\bin\Release\net9.0\Y0KAI_BnB.exe
11/23/2025 08:04 // INFO // [INITIALIZATION] // Johnson's Rule solver added!
11/23/2025 08:04 // INFO // [INITIALIZATION] // List Scheduling solver added!
11/23/2025 08:04 // INFO // [INITIALIZATION] // {cs.Name} ({cs.TypeID} type) solver added!
11/23/2025 08:04 // INFO // [INITIALIZATION] // {cs.Name} ({cs.TypeID} type) solver added!
11/23/2025 08:04 // INFO // [INITIALIZATION] // Solver menu successfully built!
11/23/2025 08:05 // INFO // [EXTERN_SOLVER] // Custom deterministic solver "Campbell-Dudek-Smith" added with path: C:\Users\Phant0m\Desktop\THESIS_LIPX05\Y0KAI_CDS\bin\Release\net9.0\Y0KAI_CDS.exe
11/23/2025 08:05 // INFO // [INITIALIZATION] // Johnson's Rule solver added!
11/23/2025 08:05 // INFO // [INITIALIZATION] // List Scheduling solver added!
11/23/2025 08:05 // INFO // [INITIALIZATION] // {cs.Name} ({cs.TypeID} type) solver added!
11/23/2025 08:05 // INFO // [INITIALIZATION] // {cs.Name} ({cs.TypeID} type) solver added!
11/23/2025 08:05 // INFO // [INITIALIZATION] // {cs.Name} ({cs.TypeID} type) solver added!
11/23/2025 08:05 // INFO // [INITIALIZATION] // Solver menu successfully built!
11/23/2025 08:05 // INFO // [SAVE] // Custom solvers saved to JSON file!
11/23/2025 08:05 // INFO // [EXITUS] // Custom solvers saved during exit!
11/23/2025 08:05 // INFO // [EXITUS] // Shutting down...
